

================================================================
== Vitis HLS Report for 'accumulate_projection_group_Pipeline_LOAD_OUT_WEIGHT'
================================================================
* Date:           Wed Jul 15 09:28:48 2026

* Version:        2022.1 (Build 3526262 on Mon Apr 18 15:47:01 MDT 2022)
* Project:        proj_bert_attn_out_norm_residual_kernel
* Solution:       solution1 (Vivado IP Flow Target)
* Product family: virtexuplus
* Target device:  xcu250-figd2104-2L-e


================================================================
== Performance Estimates
================================================================
+ Timing: 
    * Summary: 
    +--------+---------+----------+------------+
    |  Clock |  Target | Estimated| Uncertainty|
    +--------+---------+----------+------------+
    |ap_clk  |  3.33 ns|  2.433 ns|     0.90 ns|
    +--------+---------+----------+------------+

+ Latency: 
    * Summary: 
    +---------+---------+----------+----------+-----+-----+---------+
    |  Latency (cycles) |  Latency (absolute) |  Interval | Pipeline|
    |   min   |   max   |    min   |    max   | min | max |   Type  |
    +---------+---------+----------+----------+-----+-----+---------+
    |       35|       35|  0.117 us|  0.117 us|   35|   35|       no|
    +---------+---------+----------+----------+-----+-----+---------+

    + Detail: 
        * Instance: 
        N/A

        * Loop: 
        +-------------------+---------+---------+----------+-----------+-----------+------+----------+
        |                   |  Latency (cycles) | Iteration|  Initiation Interval  | Trip |          |
        |     Loop Name     |   min   |   max   |  Latency |  achieved |   target  | Count| Pipelined|
        +-------------------+---------+---------+----------+-----------+-----------+------+----------+
        |- LOAD_OUT_WEIGHT  |       33|       33|         3|          1|          1|    32|       yes|
        +-------------------+---------+---------+----------+-----------+-----------+------+----------+



================================================================
== Utilization Estimates
================================================================
* Summary: 
+---------------------+---------+-------+---------+---------+------+
|         Name        | BRAM_18K|  DSP  |    FF   |   LUT   | URAM |
+---------------------+---------+-------+---------+---------+------+
|DSP                  |        -|      -|        -|        -|     -|
|Expression           |        -|      -|        0|       29|     -|
|FIFO                 |        -|      -|        -|        -|     -|
|Instance             |        -|      -|        -|        -|     -|
|Memory               |        -|      -|        -|        -|     -|
|Multiplexer          |        -|      -|        -|       45|     -|
|Register             |        -|      -|      534|        -|     -|
+---------------------+---------+-------+---------+---------+------+
|Total                |        0|      0|      534|       74|     0|
+---------------------+---------+-------+---------+---------+------+
|Available SLR        |     1344|   3072|   864000|   432000|   320|
+---------------------+---------+-------+---------+---------+------+
|Utilization SLR (%)  |        0|      0|       ~0|       ~0|     0|
+---------------------+---------+-------+---------+---------+------+
|Available            |     5376|  12288|  3456000|  1728000|  1280|
+---------------------+---------+-------+---------+---------+------+
|Utilization (%)      |        0|      0|       ~0|       ~0|     0|
+---------------------+---------+-------+---------+---------+------+

+ Detail: 
    * Instance: 
    N/A

    * DSP: 
    N/A

    * Memory: 
    N/A

    * FIFO: 
    N/A

    * Expression: 
    +----------------------------------+----------+----+---+----+------------+------------+
    |           Variable Name          | Operation| DSP| FF| LUT| Bitwidth P0| Bitwidth P1|
    +----------------------------------+----------+----+---+----+------------+------------+
    |add_ln115_fu_2081_p2              |         +|   0|  0|  13|           6|           1|
    |ap_block_pp0_stage0_11001         |       and|   0|  0|   2|           1|           1|
    |ap_block_state2_pp0_stage0_iter1  |       and|   0|  0|   2|           1|           1|
    |icmp_ln115_fu_2075_p2             |      icmp|   0|  0|  10|           6|           7|
    |ap_enable_pp0                     |       xor|   0|  0|   2|           1|           2|
    +----------------------------------+----------+----+---+----+------------+------------+
    |Total                             |          |   0|  0|  29|          15|          12|
    +----------------------------------+----------+----+---+----+------------+------------+

    * Multiplexer: 
    +-------------------------+----+-----------+-----+-----------+
    |           Name          | LUT| Input Size| Bits| Total Bits|
    +-------------------------+----+-----------+-----+-----------+
    |ap_done_int              |   9|          2|    1|          2|
    |ap_enable_reg_pp0_iter2  |   9|          2|    1|          2|
    |ap_sig_allocacmp_o_1     |   9|          2|    6|         12|
    |gmem_o_blk_n_R           |   9|          2|    1|          2|
    |o_fu_384                 |   9|          2|    6|         12|
    +-------------------------+----+-----------+-----+-----------+
    |Total                    |  45|         10|   15|         30|
    +-------------------------+----+-----------+-----+-----------+

    * Register: 
    +------------------------------------+----+----+-----+-----------+
    |                Name                | FF | LUT| Bits| Const Bits|
    +------------------------------------+----+----+-----+-----------+
    |ap_CS_fsm                           |   1|   0|    1|          0|
    |ap_done_reg                         |   1|   0|    1|          0|
    |ap_enable_reg_pp0_iter1             |   1|   0|    1|          0|
    |ap_enable_reg_pp0_iter2             |   1|   0|    1|          0|
    |ap_loop_exit_ready_pp0_iter1_reg    |   1|   0|    1|          0|
    |conv_10_reg_2653                    |  32|   0|   32|          0|
    |conv_11_reg_2658                    |  32|   0|   32|          0|
    |conv_12_reg_2663                    |  32|   0|   32|          0|
    |conv_13_reg_2668                    |  32|   0|   32|          0|
    |conv_14_reg_2673                    |  32|   0|   32|          0|
    |conv_1_reg_2608                     |  32|   0|   32|          0|
    |conv_2_reg_2613                     |  32|   0|   32|          0|
    |conv_31_reg_2603                    |  32|   0|   32|          0|
    |conv_3_reg_2618                     |  32|   0|   32|          0|
    |conv_4_reg_2623                     |  32|   0|   32|          0|
    |conv_5_reg_2628                     |  32|   0|   32|          0|
    |conv_6_reg_2633                     |  32|   0|   32|          0|
    |conv_7_reg_2638                     |  32|   0|   32|          0|
    |conv_8_reg_2643                     |  32|   0|   32|          0|
    |conv_9_reg_2648                     |  32|   0|   32|          0|
    |conv_reg_2598                       |  32|   0|   32|          0|
    |icmp_ln115_reg_2585                 |   1|   0|    1|          0|
    |lshr_ln_reg_2589                    |   2|   0|    2|          0|
    |lshr_ln_reg_2589_pp0_iter1_reg      |   2|   0|    2|          0|
    |o_fu_384                            |   6|   0|    6|          0|
    |trunc_ln124_reg_2594                |   3|   0|    3|          0|
    |trunc_ln124_reg_2594_pp0_iter1_reg  |   3|   0|    3|          0|
    +------------------------------------+----+----+-----+-----------+
    |Total                               | 534|   0|  534|          0|
    +------------------------------------+----+----+-----+-----------+



================================================================
== Interface
================================================================
* Summary: 
+-----------------------+-----+-----+------------+------------------------------------------------------+--------------+
|       RTL Ports       | Dir | Bits|  Protocol  |                     Source Object                    |    C Type    |
+-----------------------+-----+-----+------------+------------------------------------------------------+--------------+
|ap_clk                 |   in|    1|  ap_ctrl_hs|  accumulate_projection_group_Pipeline_LOAD_OUT_WEIGHT|  return value|
|ap_rst                 |   in|    1|  ap_ctrl_hs|  accumulate_projection_group_Pipeline_LOAD_OUT_WEIGHT|  return value|
|ap_start               |   in|    1|  ap_ctrl_hs|  accumulate_projection_group_Pipeline_LOAD_OUT_WEIGHT|  return value|
|ap_done                |  out|    1|  ap_ctrl_hs|  accumulate_projection_group_Pipeline_LOAD_OUT_WEIGHT|  return value|
|ap_idle                |  out|    1|  ap_ctrl_hs|  accumulate_projection_group_Pipeline_LOAD_OUT_WEIGHT|  return value|
|ap_ready               |  out|    1|  ap_ctrl_hs|  accumulate_projection_group_Pipeline_LOAD_OUT_WEIGHT|  return value|
|m_axi_gmem_o_AWVALID   |  out|    1|       m_axi|                                                gmem_o|       pointer|
|m_axi_gmem_o_AWREADY   |   in|    1|       m_axi|                                                gmem_o|       pointer|
|m_axi_gmem_o_AWADDR    |  out|   64|       m_axi|                                                gmem_o|       pointer|
|m_axi_gmem_o_AWID      |  out|    1|       m_axi|                                                gmem_o|       pointer|
|m_axi_gmem_o_AWLEN     |  out|   32|       m_axi|                                                gmem_o|       pointer|
|m_axi_gmem_o_AWSIZE    |  out|    3|       m_axi|                                                gmem_o|       pointer|
|m_axi_gmem_o_AWBURST   |  out|    2|       m_axi|                                                gmem_o|       pointer|
|m_axi_gmem_o_AWLOCK    |  out|    2|       m_axi|                                                gmem_o|       pointer|
|m_axi_gmem_o_AWCACHE   |  out|    4|       m_axi|                                                gmem_o|       pointer|
|m_axi_gmem_o_AWPROT    |  out|    3|       m_axi|                                                gmem_o|       pointer|
|m_axi_gmem_o_AWQOS     |  out|    4|       m_axi|                                                gmem_o|       pointer|
|m_axi_gmem_o_AWREGION  |  out|    4|       m_axi|                                                gmem_o|       pointer|
|m_axi_gmem_o_AWUSER    |  out|    1|       m_axi|                                                gmem_o|       pointer|
|m_axi_gmem_o_WVALID    |  out|    1|       m_axi|                                                gmem_o|       pointer|
|m_axi_gmem_o_WREADY    |   in|    1|       m_axi|                                                gmem_o|       pointer|
|m_axi_gmem_o_WDATA     |  out|  512|       m_axi|                                                gmem_o|       pointer|
|m_axi_gmem_o_WSTRB     |  out|   64|       m_axi|                                                gmem_o|       pointer|
|m_axi_gmem_o_WLAST     |  out|    1|       m_axi|                                                gmem_o|       pointer|
|m_axi_gmem_o_WID       |  out|    1|       m_axi|                                                gmem_o|       pointer|
|m_axi_gmem_o_WUSER     |  out|    1|       m_axi|                                                gmem_o|       pointer|
|m_axi_gmem_o_ARVALID   |  out|    1|       m_axi|                                                gmem_o|       pointer|
|m_axi_gmem_o_ARREADY   |   in|    1|       m_axi|                                                gmem_o|       pointer|
|m_axi_gmem_o_ARADDR    |  out|   64|       m_axi|                                                gmem_o|       pointer|
|m_axi_gmem_o_ARID      |  out|    1|       m_axi|                                                gmem_o|       pointer|
|m_axi_gmem_o_ARLEN     |  out|   32|       m_axi|                                                gmem_o|       pointer|
|m_axi_gmem_o_ARSIZE    |  out|    3|       m_axi|                                                gmem_o|       pointer|
|m_axi_gmem_o_ARBURST   |  out|    2|       m_axi|                                                gmem_o|       pointer|
|m_axi_gmem_o_ARLOCK    |  out|    2|       m_axi|                                                gmem_o|       pointer|
|m_axi_gmem_o_ARCACHE   |  out|    4|       m_axi|                                                gmem_o|       pointer|
|m_axi_gmem_o_ARPROT    |  out|    3|       m_axi|                                                gmem_o|       pointer|
|m_axi_gmem_o_ARQOS     |  out|    4|       m_axi|                                                gmem_o|       pointer|
|m_axi_gmem_o_ARREGION  |  out|    4|       m_axi|                                                gmem_o|       pointer|
|m_axi_gmem_o_ARUSER    |  out|    1|       m_axi|                                                gmem_o|       pointer|
|m_axi_gmem_o_RVALID    |   in|    1|       m_axi|                                                gmem_o|       pointer|
|m_axi_gmem_o_RREADY    |  out|    1|       m_axi|                                                gmem_o|       pointer|
|m_axi_gmem_o_RDATA     |   in|  512|       m_axi|                                                gmem_o|       pointer|
|m_axi_gmem_o_RLAST     |   in|    1|       m_axi|                                                gmem_o|       pointer|
|m_axi_gmem_o_RID       |   in|    1|       m_axi|                                                gmem_o|       pointer|
|m_axi_gmem_o_RFIFONUM  |   in|    9|       m_axi|                                                gmem_o|       pointer|
|m_axi_gmem_o_RUSER     |   in|    1|       m_axi|                                                gmem_o|       pointer|
|m_axi_gmem_o_RRESP     |   in|    2|       m_axi|                                                gmem_o|       pointer|
|m_axi_gmem_o_BVALID    |   in|    1|       m_axi|                                                gmem_o|       pointer|
|m_axi_gmem_o_BREADY    |  out|    1|       m_axi|                                                gmem_o|       pointer|
|m_axi_gmem_o_BRESP     |   in|    2|       m_axi|                                                gmem_o|       pointer|
|m_axi_gmem_o_BID       |   in|    1|       m_axi|                                                gmem_o|       pointer|
|m_axi_gmem_o_BUSER     |   in|    1|       m_axi|                                                gmem_o|       pointer|
|sext_ln110_1           |   in|   58|     ap_none|                                          sext_ln110_1|        scalar|
|wtile_0_1_address0     |  out|    2|   ap_memory|                                             wtile_0_1|         array|
|wtile_0_1_ce0          |  out|    1|   ap_memory|                                             wtile_0_1|         array|
|wtile_0_1_we0          |  out|    1|   ap_memory|                                             wtile_0_1|         array|
|wtile_0_1_d0           |  out|   32|   ap_memory|                                             wtile_0_1|         array|
|wtile_0_2_address0     |  out|    2|   ap_memory|                                             wtile_0_2|         array|
|wtile_0_2_ce0          |  out|    1|   ap_memory|                                             wtile_0_2|         array|
|wtile_0_2_we0          |  out|    1|   ap_memory|                                             wtile_0_2|         array|
|wtile_0_2_d0           |  out|   32|   ap_memory|                                             wtile_0_2|         array|
|wtile_0_3_address0     |  out|    2|   ap_memory|                                             wtile_0_3|         array|
|wtile_0_3_ce0          |  out|    1|   ap_memory|                                             wtile_0_3|         array|
|wtile_0_3_we0          |  out|    1|   ap_memory|                                             wtile_0_3|         array|
|wtile_0_3_d0           |  out|   32|   ap_memory|                                             wtile_0_3|         array|
|wtile_0_4_address0     |  out|    2|   ap_memory|                                             wtile_0_4|         array|
|wtile_0_4_ce0          |  out|    1|   ap_memory|                                             wtile_0_4|         array|
|wtile_0_4_we0          |  out|    1|   ap_memory|                                             wtile_0_4|         array|
|wtile_0_4_d0           |  out|   32|   ap_memory|                                             wtile_0_4|         array|
|wtile_0_5_address0     |  out|    2|   ap_memory|                                             wtile_0_5|         array|
|wtile_0_5_ce0          |  out|    1|   ap_memory|                                             wtile_0_5|         array|
|wtile_0_5_we0          |  out|    1|   ap_memory|                                             wtile_0_5|         array|
|wtile_0_5_d0           |  out|   32|   ap_memory|                                             wtile_0_5|         array|
|wtile_0_6_address0     |  out|    2|   ap_memory|                                             wtile_0_6|         array|
|wtile_0_6_ce0          |  out|    1|   ap_memory|                                             wtile_0_6|         array|
|wtile_0_6_we0          |  out|    1|   ap_memory|                                             wtile_0_6|         array|
|wtile_0_6_d0           |  out|   32|   ap_memory|                                             wtile_0_6|         array|
|wtile_0_7_address0     |  out|    2|   ap_memory|                                             wtile_0_7|         array|
|wtile_0_7_ce0          |  out|    1|   ap_memory|                                             wtile_0_7|         array|
|wtile_0_7_we0          |  out|    1|   ap_memory|                                             wtile_0_7|         array|
|wtile_0_7_d0           |  out|   32|   ap_memory|                                             wtile_0_7|         array|
|wtile_1_address0       |  out|    2|   ap_memory|                                               wtile_1|         array|
|wtile_1_ce0            |  out|    1|   ap_memory|                                               wtile_1|         array|
|wtile_1_we0            |  out|    1|   ap_memory|                                               wtile_1|         array|
|wtile_1_d0             |  out|   32|   ap_memory|                                               wtile_1|         array|
|wtile_1_1_address0     |  out|    2|   ap_memory|                                             wtile_1_1|         array|
|wtile_1_1_ce0          |  out|    1|   ap_memory|                                             wtile_1_1|         array|
|wtile_1_1_we0          |  out|    1|   ap_memory|                                             wtile_1_1|         array|
|wtile_1_1_d0           |  out|   32|   ap_memory|                                             wtile_1_1|         array|
|wtile_1_2_address0     |  out|    2|   ap_memory|                                             wtile_1_2|         array|
|wtile_1_2_ce0          |  out|    1|   ap_memory|                                             wtile_1_2|         array|
|wtile_1_2_we0          |  out|    1|   ap_memory|                                             wtile_1_2|         array|
|wtile_1_2_d0           |  out|   32|   ap_memory|                                             wtile_1_2|         array|
|wtile_1_3_address0     |  out|    2|   ap_memory|                                             wtile_1_3|         array|
|wtile_1_3_ce0          |  out|    1|   ap_memory|                                             wtile_1_3|         array|
|wtile_1_3_we0          |  out|    1|   ap_memory|                                             wtile_1_3|         array|
|wtile_1_3_d0           |  out|   32|   ap_memory|                                             wtile_1_3|         array|
|wtile_1_4_address0     |  out|    2|   ap_memory|                                             wtile_1_4|         array|
|wtile_1_4_ce0          |  out|    1|   ap_memory|                                             wtile_1_4|         array|
|wtile_1_4_we0          |  out|    1|   ap_memory|                                             wtile_1_4|         array|
|wtile_1_4_d0           |  out|   32|   ap_memory|                                             wtile_1_4|         array|
|wtile_1_5_address0     |  out|    2|   ap_memory|                                             wtile_1_5|         array|
|wtile_1_5_ce0          |  out|    1|   ap_memory|                                             wtile_1_5|         array|
|wtile_1_5_we0          |  out|    1|   ap_memory|                                             wtile_1_5|         array|
|wtile_1_5_d0           |  out|   32|   ap_memory|                                             wtile_1_5|         array|
|wtile_1_6_address0     |  out|    2|   ap_memory|                                             wtile_1_6|         array|
|wtile_1_6_ce0          |  out|    1|   ap_memory|                                             wtile_1_6|         array|
|wtile_1_6_we0          |  out|    1|   ap_memory|                                             wtile_1_6|         array|
|wtile_1_6_d0           |  out|   32|   ap_memory|                                             wtile_1_6|         array|
|wtile_1_7_address0     |  out|    2|   ap_memory|                                             wtile_1_7|         array|
|wtile_1_7_ce0          |  out|    1|   ap_memory|                                             wtile_1_7|         array|
|wtile_1_7_we0          |  out|    1|   ap_memory|                                             wtile_1_7|         array|
|wtile_1_7_d0           |  out|   32|   ap_memory|                                             wtile_1_7|         array|
|wtile_0_63_address0    |  out|    2|   ap_memory|                                            wtile_0_63|         array|
|wtile_0_63_ce0         |  out|    1|   ap_memory|                                            wtile_0_63|         array|
|wtile_0_63_we0         |  out|    1|   ap_memory|                                            wtile_0_63|         array|
|wtile_0_63_d0          |  out|   32|   ap_memory|                                            wtile_0_63|         array|
|wtile_1_63_address0    |  out|    2|   ap_memory|                                            wtile_1_63|         array|
|wtile_1_63_ce0         |  out|    1|   ap_memory|                                            wtile_1_63|         array|
|wtile_1_63_we0         |  out|    1|   ap_memory|                                            wtile_1_63|         array|
|wtile_1_63_d0          |  out|   32|   ap_memory|                                            wtile_1_63|         array|
|wtile_0_62_address0    |  out|    2|   ap_memory|                                            wtile_0_62|         array|
|wtile_0_62_ce0         |  out|    1|   ap_memory|                                            wtile_0_62|         array|
|wtile_0_62_we0         |  out|    1|   ap_memory|                                            wtile_0_62|         array|
|wtile_0_62_d0          |  out|   32|   ap_memory|                                            wtile_0_62|         array|
|wtile_1_62_address0    |  out|    2|   ap_memory|                                            wtile_1_62|         array|
|wtile_1_62_ce0         |  out|    1|   ap_memory|                                            wtile_1_62|         array|
|wtile_1_62_we0         |  out|    1|   ap_memory|                                            wtile_1_62|         array|
|wtile_1_62_d0          |  out|   32|   ap_memory|                                            wtile_1_62|         array|
|wtile_0_61_address0    |  out|    2|   ap_memory|                                            wtile_0_61|         array|
|wtile_0_61_ce0         |  out|    1|   ap_memory|                                            wtile_0_61|         array|
|wtile_0_61_we0         |  out|    1|   ap_memory|                                            wtile_0_61|         array|
|wtile_0_61_d0          |  out|   32|   ap_memory|                                            wtile_0_61|         array|
|wtile_1_61_address0    |  out|    2|   ap_memory|                                            wtile_1_61|         array|
|wtile_1_61_ce0         |  out|    1|   ap_memory|                                            wtile_1_61|         array|
|wtile_1_61_we0         |  out|    1|   ap_memory|                                            wtile_1_61|         array|
|wtile_1_61_d0          |  out|   32|   ap_memory|                                            wtile_1_61|         array|
|wtile_0_60_address0    |  out|    2|   ap_memory|                                            wtile_0_60|         array|
|wtile_0_60_ce0         |  out|    1|   ap_memory|                                            wtile_0_60|         array|
|wtile_0_60_we0         |  out|    1|   ap_memory|                                            wtile_0_60|         array|
|wtile_0_60_d0          |  out|   32|   ap_memory|                                            wtile_0_60|         array|
|wtile_1_60_address0    |  out|    2|   ap_memory|                                            wtile_1_60|         array|
|wtile_1_60_ce0         |  out|    1|   ap_memory|                                            wtile_1_60|         array|
|wtile_1_60_we0         |  out|    1|   ap_memory|                                            wtile_1_60|         array|
|wtile_1_60_d0          |  out|   32|   ap_memory|                                            wtile_1_60|         array|
|wtile_0_59_address0    |  out|    2|   ap_memory|                                            wtile_0_59|         array|
|wtile_0_59_ce0         |  out|    1|   ap_memory|                                            wtile_0_59|         array|
|wtile_0_59_we0         |  out|    1|   ap_memory|                                            wtile_0_59|         array|
|wtile_0_59_d0          |  out|   32|   ap_memory|                                            wtile_0_59|         array|
|wtile_1_59_address0    |  out|    2|   ap_memory|                                            wtile_1_59|         array|
|wtile_1_59_ce0         |  out|    1|   ap_memory|                                            wtile_1_59|         array|
|wtile_1_59_we0         |  out|    1|   ap_memory|                                            wtile_1_59|         array|
|wtile_1_59_d0          |  out|   32|   ap_memory|                                            wtile_1_59|         array|
|wtile_0_58_address0    |  out|    2|   ap_memory|                                            wtile_0_58|         array|
|wtile_0_58_ce0         |  out|    1|   ap_memory|                                            wtile_0_58|         array|
|wtile_0_58_we0         |  out|    1|   ap_memory|                                            wtile_0_58|         array|
|wtile_0_58_d0          |  out|   32|   ap_memory|                                            wtile_0_58|         array|
|wtile_1_58_address0    |  out|    2|   ap_memory|                                            wtile_1_58|         array|
|wtile_1_58_ce0         |  out|    1|   ap_memory|                                            wtile_1_58|         array|
|wtile_1_58_we0         |  out|    1|   ap_memory|                                            wtile_1_58|         array|
|wtile_1_58_d0          |  out|   32|   ap_memory|                                            wtile_1_58|         array|
|wtile_0_57_address0    |  out|    2|   ap_memory|                                            wtile_0_57|         array|
|wtile_0_57_ce0         |  out|    1|   ap_memory|                                            wtile_0_57|         array|
|wtile_0_57_we0         |  out|    1|   ap_memory|                                            wtile_0_57|         array|
|wtile_0_57_d0          |  out|   32|   ap_memory|                                            wtile_0_57|         array|
|wtile_1_57_address0    |  out|    2|   ap_memory|                                            wtile_1_57|         array|
|wtile_1_57_ce0         |  out|    1|   ap_memory|                                            wtile_1_57|         array|
|wtile_1_57_we0         |  out|    1|   ap_memory|                                            wtile_1_57|         array|
|wtile_1_57_d0          |  out|   32|   ap_memory|                                            wtile_1_57|         array|
|wtile_0_56_address0    |  out|    2|   ap_memory|                                            wtile_0_56|         array|
|wtile_0_56_ce0         |  out|    1|   ap_memory|                                            wtile_0_56|         array|
|wtile_0_56_we0         |  out|    1|   ap_memory|                                            wtile_0_56|         array|
|wtile_0_56_d0          |  out|   32|   ap_memory|                                            wtile_0_56|         array|
|wtile_1_56_address0    |  out|    2|   ap_memory|                                            wtile_1_56|         array|
|wtile_1_56_ce0         |  out|    1|   ap_memory|                                            wtile_1_56|         array|
|wtile_1_56_we0         |  out|    1|   ap_memory|                                            wtile_1_56|         array|
|wtile_1_56_d0          |  out|   32|   ap_memory|                                            wtile_1_56|         array|
|wtile_0_55_address0    |  out|    2|   ap_memory|                                            wtile_0_55|         array|
|wtile_0_55_ce0         |  out|    1|   ap_memory|                                            wtile_0_55|         array|
|wtile_0_55_we0         |  out|    1|   ap_memory|                                            wtile_0_55|         array|
|wtile_0_55_d0          |  out|   32|   ap_memory|                                            wtile_0_55|         array|
|wtile_1_55_address0    |  out|    2|   ap_memory|                                            wtile_1_55|         array|
|wtile_1_55_ce0         |  out|    1|   ap_memory|                                            wtile_1_55|         array|
|wtile_1_55_we0         |  out|    1|   ap_memory|                                            wtile_1_55|         array|
|wtile_1_55_d0          |  out|   32|   ap_memory|                                            wtile_1_55|         array|
|wtile_0_54_address0    |  out|    2|   ap_memory|                                            wtile_0_54|         array|
|wtile_0_54_ce0         |  out|    1|   ap_memory|                                            wtile_0_54|         array|
|wtile_0_54_we0         |  out|    1|   ap_memory|                                            wtile_0_54|         array|
|wtile_0_54_d0          |  out|   32|   ap_memory|                                            wtile_0_54|         array|
|wtile_1_54_address0    |  out|    2|   ap_memory|                                            wtile_1_54|         array|
|wtile_1_54_ce0         |  out|    1|   ap_memory|                                            wtile_1_54|         array|
|wtile_1_54_we0         |  out|    1|   ap_memory|                                            wtile_1_54|         array|
|wtile_1_54_d0          |  out|   32|   ap_memory|                                            wtile_1_54|         array|
|wtile_0_53_address0    |  out|    2|   ap_memory|                                            wtile_0_53|         array|
|wtile_0_53_ce0         |  out|    1|   ap_memory|                                            wtile_0_53|         array|
|wtile_0_53_we0         |  out|    1|   ap_memory|                                            wtile_0_53|         array|
|wtile_0_53_d0          |  out|   32|   ap_memory|                                            wtile_0_53|         array|
|wtile_1_53_address0    |  out|    2|   ap_memory|                                            wtile_1_53|         array|
|wtile_1_53_ce0         |  out|    1|   ap_memory|                                            wtile_1_53|         array|
|wtile_1_53_we0         |  out|    1|   ap_memory|                                            wtile_1_53|         array|
|wtile_1_53_d0          |  out|   32|   ap_memory|                                            wtile_1_53|         array|
|wtile_0_52_address0    |  out|    2|   ap_memory|                                            wtile_0_52|         array|
|wtile_0_52_ce0         |  out|    1|   ap_memory|                                            wtile_0_52|         array|
|wtile_0_52_we0         |  out|    1|   ap_memory|                                            wtile_0_52|         array|
|wtile_0_52_d0          |  out|   32|   ap_memory|                                            wtile_0_52|         array|
|wtile_1_52_address0    |  out|    2|   ap_memory|                                            wtile_1_52|         array|
|wtile_1_52_ce0         |  out|    1|   ap_memory|                                            wtile_1_52|         array|
|wtile_1_52_we0         |  out|    1|   ap_memory|                                            wtile_1_52|         array|
|wtile_1_52_d0          |  out|   32|   ap_memory|                                            wtile_1_52|         array|
|wtile_0_51_address0    |  out|    2|   ap_memory|                                            wtile_0_51|         array|
|wtile_0_51_ce0         |  out|    1|   ap_memory|                                            wtile_0_51|         array|
|wtile_0_51_we0         |  out|    1|   ap_memory|                                            wtile_0_51|         array|
|wtile_0_51_d0          |  out|   32|   ap_memory|                                            wtile_0_51|         array|
|wtile_1_51_address0    |  out|    2|   ap_memory|                                            wtile_1_51|         array|
|wtile_1_51_ce0         |  out|    1|   ap_memory|                                            wtile_1_51|         array|
|wtile_1_51_we0         |  out|    1|   ap_memory|                                            wtile_1_51|         array|
|wtile_1_51_d0          |  out|   32|   ap_memory|                                            wtile_1_51|         array|
|wtile_0_50_address0    |  out|    2|   ap_memory|                                            wtile_0_50|         array|
|wtile_0_50_ce0         |  out|    1|   ap_memory|                                            wtile_0_50|         array|
|wtile_0_50_we0         |  out|    1|   ap_memory|                                            wtile_0_50|         array|
|wtile_0_50_d0          |  out|   32|   ap_memory|                                            wtile_0_50|         array|
|wtile_1_50_address0    |  out|    2|   ap_memory|                                            wtile_1_50|         array|
|wtile_1_50_ce0         |  out|    1|   ap_memory|                                            wtile_1_50|         array|
|wtile_1_50_we0         |  out|    1|   ap_memory|                                            wtile_1_50|         array|
|wtile_1_50_d0          |  out|   32|   ap_memory|                                            wtile_1_50|         array|
|wtile_0_49_address0    |  out|    2|   ap_memory|                                            wtile_0_49|         array|
|wtile_0_49_ce0         |  out|    1|   ap_memory|                                            wtile_0_49|         array|
|wtile_0_49_we0         |  out|    1|   ap_memory|                                            wtile_0_49|         array|
|wtile_0_49_d0          |  out|   32|   ap_memory|                                            wtile_0_49|         array|
|wtile_1_49_address0    |  out|    2|   ap_memory|                                            wtile_1_49|         array|
|wtile_1_49_ce0         |  out|    1|   ap_memory|                                            wtile_1_49|         array|
|wtile_1_49_we0         |  out|    1|   ap_memory|                                            wtile_1_49|         array|
|wtile_1_49_d0          |  out|   32|   ap_memory|                                            wtile_1_49|         array|
|wtile_0_48_address0    |  out|    2|   ap_memory|                                            wtile_0_48|         array|
|wtile_0_48_ce0         |  out|    1|   ap_memory|                                            wtile_0_48|         array|
|wtile_0_48_we0         |  out|    1|   ap_memory|                                            wtile_0_48|         array|
|wtile_0_48_d0          |  out|   32|   ap_memory|                                            wtile_0_48|         array|
|wtile_1_48_address0    |  out|    2|   ap_memory|                                            wtile_1_48|         array|
|wtile_1_48_ce0         |  out|    1|   ap_memory|                                            wtile_1_48|         array|
|wtile_1_48_we0         |  out|    1|   ap_memory|                                            wtile_1_48|         array|
|wtile_1_48_d0          |  out|   32|   ap_memory|                                            wtile_1_48|         array|
|wtile_0_47_address0    |  out|    2|   ap_memory|                                            wtile_0_47|         array|
|wtile_0_47_ce0         |  out|    1|   ap_memory|                                            wtile_0_47|         array|
|wtile_0_47_we0         |  out|    1|   ap_memory|                                            wtile_0_47|         array|
|wtile_0_47_d0          |  out|   32|   ap_memory|                                            wtile_0_47|         array|
|wtile_1_47_address0    |  out|    2|   ap_memory|                                            wtile_1_47|         array|
|wtile_1_47_ce0         |  out|    1|   ap_memory|                                            wtile_1_47|         array|
|wtile_1_47_we0         |  out|    1|   ap_memory|                                            wtile_1_47|         array|
|wtile_1_47_d0          |  out|   32|   ap_memory|                                            wtile_1_47|         array|
|wtile_0_46_address0    |  out|    2|   ap_memory|                                            wtile_0_46|         array|
|wtile_0_46_ce0         |  out|    1|   ap_memory|                                            wtile_0_46|         array|
|wtile_0_46_we0         |  out|    1|   ap_memory|                                            wtile_0_46|         array|
|wtile_0_46_d0          |  out|   32|   ap_memory|                                            wtile_0_46|         array|
|wtile_1_46_address0    |  out|    2|   ap_memory|                                            wtile_1_46|         array|
|wtile_1_46_ce0         |  out|    1|   ap_memory|                                            wtile_1_46|         array|
|wtile_1_46_we0         |  out|    1|   ap_memory|                                            wtile_1_46|         array|
|wtile_1_46_d0          |  out|   32|   ap_memory|                                            wtile_1_46|         array|
|wtile_0_45_address0    |  out|    2|   ap_memory|                                            wtile_0_45|         array|
|wtile_0_45_ce0         |  out|    1|   ap_memory|                                            wtile_0_45|         array|
|wtile_0_45_we0         |  out|    1|   ap_memory|                                            wtile_0_45|         array|
|wtile_0_45_d0          |  out|   32|   ap_memory|                                            wtile_0_45|         array|
|wtile_1_45_address0    |  out|    2|   ap_memory|                                            wtile_1_45|         array|
|wtile_1_45_ce0         |  out|    1|   ap_memory|                                            wtile_1_45|         array|
|wtile_1_45_we0         |  out|    1|   ap_memory|                                            wtile_1_45|         array|
|wtile_1_45_d0          |  out|   32|   ap_memory|                                            wtile_1_45|         array|
|wtile_0_44_address0    |  out|    2|   ap_memory|                                            wtile_0_44|         array|
|wtile_0_44_ce0         |  out|    1|   ap_memory|                                            wtile_0_44|         array|
|wtile_0_44_we0         |  out|    1|   ap_memory|                                            wtile_0_44|         array|
|wtile_0_44_d0          |  out|   32|   ap_memory|                                            wtile_0_44|         array|
|wtile_1_44_address0    |  out|    2|   ap_memory|                                            wtile_1_44|         array|
|wtile_1_44_ce0         |  out|    1|   ap_memory|                                            wtile_1_44|         array|
|wtile_1_44_we0         |  out|    1|   ap_memory|                                            wtile_1_44|         array|
|wtile_1_44_d0          |  out|   32|   ap_memory|                                            wtile_1_44|         array|
|wtile_0_43_address0    |  out|    2|   ap_memory|                                            wtile_0_43|         array|
|wtile_0_43_ce0         |  out|    1|   ap_memory|                                            wtile_0_43|         array|
|wtile_0_43_we0         |  out|    1|   ap_memory|                                            wtile_0_43|         array|
|wtile_0_43_d0          |  out|   32|   ap_memory|                                            wtile_0_43|         array|
|wtile_1_43_address0    |  out|    2|   ap_memory|                                            wtile_1_43|         array|
|wtile_1_43_ce0         |  out|    1|   ap_memory|                                            wtile_1_43|         array|
|wtile_1_43_we0         |  out|    1|   ap_memory|                                            wtile_1_43|         array|
|wtile_1_43_d0          |  out|   32|   ap_memory|                                            wtile_1_43|         array|
|wtile_0_42_address0    |  out|    2|   ap_memory|                                            wtile_0_42|         array|
|wtile_0_42_ce0         |  out|    1|   ap_memory|                                            wtile_0_42|         array|
|wtile_0_42_we0         |  out|    1|   ap_memory|                                            wtile_0_42|         array|
|wtile_0_42_d0          |  out|   32|   ap_memory|                                            wtile_0_42|         array|
|wtile_1_42_address0    |  out|    2|   ap_memory|                                            wtile_1_42|         array|
|wtile_1_42_ce0         |  out|    1|   ap_memory|                                            wtile_1_42|         array|
|wtile_1_42_we0         |  out|    1|   ap_memory|                                            wtile_1_42|         array|
|wtile_1_42_d0          |  out|   32|   ap_memory|                                            wtile_1_42|         array|
|wtile_0_41_address0    |  out|    2|   ap_memory|                                            wtile_0_41|         array|
|wtile_0_41_ce0         |  out|    1|   ap_memory|                                            wtile_0_41|         array|
|wtile_0_41_we0         |  out|    1|   ap_memory|                                            wtile_0_41|         array|
|wtile_0_41_d0          |  out|   32|   ap_memory|                                            wtile_0_41|         array|
|wtile_1_41_address0    |  out|    2|   ap_memory|                                            wtile_1_41|         array|
|wtile_1_41_ce0         |  out|    1|   ap_memory|                                            wtile_1_41|         array|
|wtile_1_41_we0         |  out|    1|   ap_memory|                                            wtile_1_41|         array|
|wtile_1_41_d0          |  out|   32|   ap_memory|                                            wtile_1_41|         array|
|wtile_0_40_address0    |  out|    2|   ap_memory|                                            wtile_0_40|         array|
|wtile_0_40_ce0         |  out|    1|   ap_memory|                                            wtile_0_40|         array|
|wtile_0_40_we0         |  out|    1|   ap_memory|                                            wtile_0_40|         array|
|wtile_0_40_d0          |  out|   32|   ap_memory|                                            wtile_0_40|         array|
|wtile_1_40_address0    |  out|    2|   ap_memory|                                            wtile_1_40|         array|
|wtile_1_40_ce0         |  out|    1|   ap_memory|                                            wtile_1_40|         array|
|wtile_1_40_we0         |  out|    1|   ap_memory|                                            wtile_1_40|         array|
|wtile_1_40_d0          |  out|   32|   ap_memory|                                            wtile_1_40|         array|
|wtile_0_39_address0    |  out|    2|   ap_memory|                                            wtile_0_39|         array|
|wtile_0_39_ce0         |  out|    1|   ap_memory|                                            wtile_0_39|         array|
|wtile_0_39_we0         |  out|    1|   ap_memory|                                            wtile_0_39|         array|
|wtile_0_39_d0          |  out|   32|   ap_memory|                                            wtile_0_39|         array|
|wtile_1_39_address0    |  out|    2|   ap_memory|                                            wtile_1_39|         array|
|wtile_1_39_ce0         |  out|    1|   ap_memory|                                            wtile_1_39|         array|
|wtile_1_39_we0         |  out|    1|   ap_memory|                                            wtile_1_39|         array|
|wtile_1_39_d0          |  out|   32|   ap_memory|                                            wtile_1_39|         array|
|wtile_0_38_address0    |  out|    2|   ap_memory|                                            wtile_0_38|         array|
|wtile_0_38_ce0         |  out|    1|   ap_memory|                                            wtile_0_38|         array|
|wtile_0_38_we0         |  out|    1|   ap_memory|                                            wtile_0_38|         array|
|wtile_0_38_d0          |  out|   32|   ap_memory|                                            wtile_0_38|         array|
|wtile_1_38_address0    |  out|    2|   ap_memory|                                            wtile_1_38|         array|
|wtile_1_38_ce0         |  out|    1|   ap_memory|                                            wtile_1_38|         array|
|wtile_1_38_we0         |  out|    1|   ap_memory|                                            wtile_1_38|         array|
|wtile_1_38_d0          |  out|   32|   ap_memory|                                            wtile_1_38|         array|
|wtile_0_37_address0    |  out|    2|   ap_memory|                                            wtile_0_37|         array|
|wtile_0_37_ce0         |  out|    1|   ap_memory|                                            wtile_0_37|         array|
|wtile_0_37_we0         |  out|    1|   ap_memory|                                            wtile_0_37|         array|
|wtile_0_37_d0          |  out|   32|   ap_memory|                                            wtile_0_37|         array|
|wtile_1_37_address0    |  out|    2|   ap_memory|                                            wtile_1_37|         array|
|wtile_1_37_ce0         |  out|    1|   ap_memory|                                            wtile_1_37|         array|
|wtile_1_37_we0         |  out|    1|   ap_memory|                                            wtile_1_37|         array|
|wtile_1_37_d0          |  out|   32|   ap_memory|                                            wtile_1_37|         array|
|wtile_0_36_address0    |  out|    2|   ap_memory|                                            wtile_0_36|         array|
|wtile_0_36_ce0         |  out|    1|   ap_memory|                                            wtile_0_36|         array|
|wtile_0_36_we0         |  out|    1|   ap_memory|                                            wtile_0_36|         array|
|wtile_0_36_d0          |  out|   32|   ap_memory|                                            wtile_0_36|         array|
|wtile_1_36_address0    |  out|    2|   ap_memory|                                            wtile_1_36|         array|
|wtile_1_36_ce0         |  out|    1|   ap_memory|                                            wtile_1_36|         array|
|wtile_1_36_we0         |  out|    1|   ap_memory|                                            wtile_1_36|         array|
|wtile_1_36_d0          |  out|   32|   ap_memory|                                            wtile_1_36|         array|
|wtile_0_35_address0    |  out|    2|   ap_memory|                                            wtile_0_35|         array|
|wtile_0_35_ce0         |  out|    1|   ap_memory|                                            wtile_0_35|         array|
|wtile_0_35_we0         |  out|    1|   ap_memory|                                            wtile_0_35|         array|
|wtile_0_35_d0          |  out|   32|   ap_memory|                                            wtile_0_35|         array|
|wtile_1_35_address0    |  out|    2|   ap_memory|                                            wtile_1_35|         array|
|wtile_1_35_ce0         |  out|    1|   ap_memory|                                            wtile_1_35|         array|
|wtile_1_35_we0         |  out|    1|   ap_memory|                                            wtile_1_35|         array|
|wtile_1_35_d0          |  out|   32|   ap_memory|                                            wtile_1_35|         array|
|wtile_0_34_address0    |  out|    2|   ap_memory|                                            wtile_0_34|         array|
|wtile_0_34_ce0         |  out|    1|   ap_memory|                                            wtile_0_34|         array|
|wtile_0_34_we0         |  out|    1|   ap_memory|                                            wtile_0_34|         array|
|wtile_0_34_d0          |  out|   32|   ap_memory|                                            wtile_0_34|         array|
|wtile_1_34_address0    |  out|    2|   ap_memory|                                            wtile_1_34|         array|
|wtile_1_34_ce0         |  out|    1|   ap_memory|                                            wtile_1_34|         array|
|wtile_1_34_we0         |  out|    1|   ap_memory|                                            wtile_1_34|         array|
|wtile_1_34_d0          |  out|   32|   ap_memory|                                            wtile_1_34|         array|
|wtile_0_33_address0    |  out|    2|   ap_memory|                                            wtile_0_33|         array|
|wtile_0_33_ce0         |  out|    1|   ap_memory|                                            wtile_0_33|         array|
|wtile_0_33_we0         |  out|    1|   ap_memory|                                            wtile_0_33|         array|
|wtile_0_33_d0          |  out|   32|   ap_memory|                                            wtile_0_33|         array|
|wtile_1_33_address0    |  out|    2|   ap_memory|                                            wtile_1_33|         array|
|wtile_1_33_ce0         |  out|    1|   ap_memory|                                            wtile_1_33|         array|
|wtile_1_33_we0         |  out|    1|   ap_memory|                                            wtile_1_33|         array|
|wtile_1_33_d0          |  out|   32|   ap_memory|                                            wtile_1_33|         array|
|wtile_0_32_address0    |  out|    2|   ap_memory|                                            wtile_0_32|         array|
|wtile_0_32_ce0         |  out|    1|   ap_memory|                                            wtile_0_32|         array|
|wtile_0_32_we0         |  out|    1|   ap_memory|                                            wtile_0_32|         array|
|wtile_0_32_d0          |  out|   32|   ap_memory|                                            wtile_0_32|         array|
|wtile_1_32_address0    |  out|    2|   ap_memory|                                            wtile_1_32|         array|
|wtile_1_32_ce0         |  out|    1|   ap_memory|                                            wtile_1_32|         array|
|wtile_1_32_we0         |  out|    1|   ap_memory|                                            wtile_1_32|         array|
|wtile_1_32_d0          |  out|   32|   ap_memory|                                            wtile_1_32|         array|
|wtile_0_31_address0    |  out|    2|   ap_memory|                                            wtile_0_31|         array|
|wtile_0_31_ce0         |  out|    1|   ap_memory|                                            wtile_0_31|         array|
|wtile_0_31_we0         |  out|    1|   ap_memory|                                            wtile_0_31|         array|
|wtile_0_31_d0          |  out|   32|   ap_memory|                                            wtile_0_31|         array|
|wtile_1_31_address0    |  out|    2|   ap_memory|                                            wtile_1_31|         array|
|wtile_1_31_ce0         |  out|    1|   ap_memory|                                            wtile_1_31|         array|
|wtile_1_31_we0         |  out|    1|   ap_memory|                                            wtile_1_31|         array|
|wtile_1_31_d0          |  out|   32|   ap_memory|                                            wtile_1_31|         array|
|wtile_0_30_address0    |  out|    2|   ap_memory|                                            wtile_0_30|         array|
|wtile_0_30_ce0         |  out|    1|   ap_memory|                                            wtile_0_30|         array|
|wtile_0_30_we0         |  out|    1|   ap_memory|                                            wtile_0_30|         array|
|wtile_0_30_d0          |  out|   32|   ap_memory|                                            wtile_0_30|         array|
|wtile_1_30_address0    |  out|    2|   ap_memory|                                            wtile_1_30|         array|
|wtile_1_30_ce0         |  out|    1|   ap_memory|                                            wtile_1_30|         array|
|wtile_1_30_we0         |  out|    1|   ap_memory|                                            wtile_1_30|         array|
|wtile_1_30_d0          |  out|   32|   ap_memory|                                            wtile_1_30|         array|
|wtile_0_29_address0    |  out|    2|   ap_memory|                                            wtile_0_29|         array|
|wtile_0_29_ce0         |  out|    1|   ap_memory|                                            wtile_0_29|         array|
|wtile_0_29_we0         |  out|    1|   ap_memory|                                            wtile_0_29|         array|
|wtile_0_29_d0          |  out|   32|   ap_memory|                                            wtile_0_29|         array|
|wtile_1_29_address0    |  out|    2|   ap_memory|                                            wtile_1_29|         array|
|wtile_1_29_ce0         |  out|    1|   ap_memory|                                            wtile_1_29|         array|
|wtile_1_29_we0         |  out|    1|   ap_memory|                                            wtile_1_29|         array|
|wtile_1_29_d0          |  out|   32|   ap_memory|                                            wtile_1_29|         array|
|wtile_0_28_address0    |  out|    2|   ap_memory|                                            wtile_0_28|         array|
|wtile_0_28_ce0         |  out|    1|   ap_memory|                                            wtile_0_28|         array|
|wtile_0_28_we0         |  out|    1|   ap_memory|                                            wtile_0_28|         array|
|wtile_0_28_d0          |  out|   32|   ap_memory|                                            wtile_0_28|         array|
|wtile_1_28_address0    |  out|    2|   ap_memory|                                            wtile_1_28|         array|
|wtile_1_28_ce0         |  out|    1|   ap_memory|                                            wtile_1_28|         array|
|wtile_1_28_we0         |  out|    1|   ap_memory|                                            wtile_1_28|         array|
|wtile_1_28_d0          |  out|   32|   ap_memory|                                            wtile_1_28|         array|
|wtile_0_27_address0    |  out|    2|   ap_memory|                                            wtile_0_27|         array|
|wtile_0_27_ce0         |  out|    1|   ap_memory|                                            wtile_0_27|         array|
|wtile_0_27_we0         |  out|    1|   ap_memory|                                            wtile_0_27|         array|
|wtile_0_27_d0          |  out|   32|   ap_memory|                                            wtile_0_27|         array|
|wtile_1_27_address0    |  out|    2|   ap_memory|                                            wtile_1_27|         array|
|wtile_1_27_ce0         |  out|    1|   ap_memory|                                            wtile_1_27|         array|
|wtile_1_27_we0         |  out|    1|   ap_memory|                                            wtile_1_27|         array|
|wtile_1_27_d0          |  out|   32|   ap_memory|                                            wtile_1_27|         array|
|wtile_0_26_address0    |  out|    2|   ap_memory|                                            wtile_0_26|         array|
|wtile_0_26_ce0         |  out|    1|   ap_memory|                                            wtile_0_26|         array|
|wtile_0_26_we0         |  out|    1|   ap_memory|                                            wtile_0_26|         array|
|wtile_0_26_d0          |  out|   32|   ap_memory|                                            wtile_0_26|         array|
|wtile_1_26_address0    |  out|    2|   ap_memory|                                            wtile_1_26|         array|
|wtile_1_26_ce0         |  out|    1|   ap_memory|                                            wtile_1_26|         array|
|wtile_1_26_we0         |  out|    1|   ap_memory|                                            wtile_1_26|         array|
|wtile_1_26_d0          |  out|   32|   ap_memory|                                            wtile_1_26|         array|
|wtile_0_25_address0    |  out|    2|   ap_memory|                                            wtile_0_25|         array|
|wtile_0_25_ce0         |  out|    1|   ap_memory|                                            wtile_0_25|         array|
|wtile_0_25_we0         |  out|    1|   ap_memory|                                            wtile_0_25|         array|
|wtile_0_25_d0          |  out|   32|   ap_memory|                                            wtile_0_25|         array|
|wtile_1_25_address0    |  out|    2|   ap_memory|                                            wtile_1_25|         array|
|wtile_1_25_ce0         |  out|    1|   ap_memory|                                            wtile_1_25|         array|
|wtile_1_25_we0         |  out|    1|   ap_memory|                                            wtile_1_25|         array|
|wtile_1_25_d0          |  out|   32|   ap_memory|                                            wtile_1_25|         array|
|wtile_0_24_address0    |  out|    2|   ap_memory|                                            wtile_0_24|         array|
|wtile_0_24_ce0         |  out|    1|   ap_memory|                                            wtile_0_24|         array|
|wtile_0_24_we0         |  out|    1|   ap_memory|                                            wtile_0_24|         array|
|wtile_0_24_d0          |  out|   32|   ap_memory|                                            wtile_0_24|         array|
|wtile_1_24_address0    |  out|    2|   ap_memory|                                            wtile_1_24|         array|
|wtile_1_24_ce0         |  out|    1|   ap_memory|                                            wtile_1_24|         array|
|wtile_1_24_we0         |  out|    1|   ap_memory|                                            wtile_1_24|         array|
|wtile_1_24_d0          |  out|   32|   ap_memory|                                            wtile_1_24|         array|
|wtile_0_23_address0    |  out|    2|   ap_memory|                                            wtile_0_23|         array|
|wtile_0_23_ce0         |  out|    1|   ap_memory|                                            wtile_0_23|         array|
|wtile_0_23_we0         |  out|    1|   ap_memory|                                            wtile_0_23|         array|
|wtile_0_23_d0          |  out|   32|   ap_memory|                                            wtile_0_23|         array|
|wtile_1_23_address0    |  out|    2|   ap_memory|                                            wtile_1_23|         array|
|wtile_1_23_ce0         |  out|    1|   ap_memory|                                            wtile_1_23|         array|
|wtile_1_23_we0         |  out|    1|   ap_memory|                                            wtile_1_23|         array|
|wtile_1_23_d0          |  out|   32|   ap_memory|                                            wtile_1_23|         array|
|wtile_0_22_address0    |  out|    2|   ap_memory|                                            wtile_0_22|         array|
|wtile_0_22_ce0         |  out|    1|   ap_memory|                                            wtile_0_22|         array|
|wtile_0_22_we0         |  out|    1|   ap_memory|                                            wtile_0_22|         array|
|wtile_0_22_d0          |  out|   32|   ap_memory|                                            wtile_0_22|         array|
|wtile_1_22_address0    |  out|    2|   ap_memory|                                            wtile_1_22|         array|
|wtile_1_22_ce0         |  out|    1|   ap_memory|                                            wtile_1_22|         array|
|wtile_1_22_we0         |  out|    1|   ap_memory|                                            wtile_1_22|         array|
|wtile_1_22_d0          |  out|   32|   ap_memory|                                            wtile_1_22|         array|
|wtile_0_21_address0    |  out|    2|   ap_memory|                                            wtile_0_21|         array|
|wtile_0_21_ce0         |  out|    1|   ap_memory|                                            wtile_0_21|         array|
|wtile_0_21_we0         |  out|    1|   ap_memory|                                            wtile_0_21|         array|
|wtile_0_21_d0          |  out|   32|   ap_memory|                                            wtile_0_21|         array|
|wtile_1_21_address0    |  out|    2|   ap_memory|                                            wtile_1_21|         array|
|wtile_1_21_ce0         |  out|    1|   ap_memory|                                            wtile_1_21|         array|
|wtile_1_21_we0         |  out|    1|   ap_memory|                                            wtile_1_21|         array|
|wtile_1_21_d0          |  out|   32|   ap_memory|                                            wtile_1_21|         array|
|wtile_0_20_address0    |  out|    2|   ap_memory|                                            wtile_0_20|         array|
|wtile_0_20_ce0         |  out|    1|   ap_memory|                                            wtile_0_20|         array|
|wtile_0_20_we0         |  out|    1|   ap_memory|                                            wtile_0_20|         array|
|wtile_0_20_d0          |  out|   32|   ap_memory|                                            wtile_0_20|         array|
|wtile_1_20_address0    |  out|    2|   ap_memory|                                            wtile_1_20|         array|
|wtile_1_20_ce0         |  out|    1|   ap_memory|                                            wtile_1_20|         array|
|wtile_1_20_we0         |  out|    1|   ap_memory|                                            wtile_1_20|         array|
|wtile_1_20_d0          |  out|   32|   ap_memory|                                            wtile_1_20|         array|
|wtile_0_19_address0    |  out|    2|   ap_memory|                                            wtile_0_19|         array|
|wtile_0_19_ce0         |  out|    1|   ap_memory|                                            wtile_0_19|         array|
|wtile_0_19_we0         |  out|    1|   ap_memory|                                            wtile_0_19|         array|
|wtile_0_19_d0          |  out|   32|   ap_memory|                                            wtile_0_19|         array|
|wtile_1_19_address0    |  out|    2|   ap_memory|                                            wtile_1_19|         array|
|wtile_1_19_ce0         |  out|    1|   ap_memory|                                            wtile_1_19|         array|
|wtile_1_19_we0         |  out|    1|   ap_memory|                                            wtile_1_19|         array|
|wtile_1_19_d0          |  out|   32|   ap_memory|                                            wtile_1_19|         array|
|wtile_0_18_address0    |  out|    2|   ap_memory|                                            wtile_0_18|         array|
|wtile_0_18_ce0         |  out|    1|   ap_memory|                                            wtile_0_18|         array|
|wtile_0_18_we0         |  out|    1|   ap_memory|                                            wtile_0_18|         array|
|wtile_0_18_d0          |  out|   32|   ap_memory|                                            wtile_0_18|         array|
|wtile_1_18_address0    |  out|    2|   ap_memory|                                            wtile_1_18|         array|
|wtile_1_18_ce0         |  out|    1|   ap_memory|                                            wtile_1_18|         array|
|wtile_1_18_we0         |  out|    1|   ap_memory|                                            wtile_1_18|         array|
|wtile_1_18_d0          |  out|   32|   ap_memory|                                            wtile_1_18|         array|
|wtile_0_17_address0    |  out|    2|   ap_memory|                                            wtile_0_17|         array|
|wtile_0_17_ce0         |  out|    1|   ap_memory|                                            wtile_0_17|         array|
|wtile_0_17_we0         |  out|    1|   ap_memory|                                            wtile_0_17|         array|
|wtile_0_17_d0          |  out|   32|   ap_memory|                                            wtile_0_17|         array|
|wtile_1_17_address0    |  out|    2|   ap_memory|                                            wtile_1_17|         array|
|wtile_1_17_ce0         |  out|    1|   ap_memory|                                            wtile_1_17|         array|
|wtile_1_17_we0         |  out|    1|   ap_memory|                                            wtile_1_17|         array|
|wtile_1_17_d0          |  out|   32|   ap_memory|                                            wtile_1_17|         array|
|wtile_0_16_address0    |  out|    2|   ap_memory|                                            wtile_0_16|         array|
|wtile_0_16_ce0         |  out|    1|   ap_memory|                                            wtile_0_16|         array|
|wtile_0_16_we0         |  out|    1|   ap_memory|                                            wtile_0_16|         array|
|wtile_0_16_d0          |  out|   32|   ap_memory|                                            wtile_0_16|         array|
|wtile_1_16_address0    |  out|    2|   ap_memory|                                            wtile_1_16|         array|
|wtile_1_16_ce0         |  out|    1|   ap_memory|                                            wtile_1_16|         array|
|wtile_1_16_we0         |  out|    1|   ap_memory|                                            wtile_1_16|         array|
|wtile_1_16_d0          |  out|   32|   ap_memory|                                            wtile_1_16|         array|
|wtile_0_15_address0    |  out|    2|   ap_memory|                                            wtile_0_15|         array|
|wtile_0_15_ce0         |  out|    1|   ap_memory|                                            wtile_0_15|         array|
|wtile_0_15_we0         |  out|    1|   ap_memory|                                            wtile_0_15|         array|
|wtile_0_15_d0          |  out|   32|   ap_memory|                                            wtile_0_15|         array|
|wtile_1_15_address0    |  out|    2|   ap_memory|                                            wtile_1_15|         array|
|wtile_1_15_ce0         |  out|    1|   ap_memory|                                            wtile_1_15|         array|
|wtile_1_15_we0         |  out|    1|   ap_memory|                                            wtile_1_15|         array|
|wtile_1_15_d0          |  out|   32|   ap_memory|                                            wtile_1_15|         array|
|wtile_0_14_address0    |  out|    2|   ap_memory|                                            wtile_0_14|         array|
|wtile_0_14_ce0         |  out|    1|   ap_memory|                                            wtile_0_14|         array|
|wtile_0_14_we0         |  out|    1|   ap_memory|                                            wtile_0_14|         array|
|wtile_0_14_d0          |  out|   32|   ap_memory|                                            wtile_0_14|         array|
|wtile_1_14_address0    |  out|    2|   ap_memory|                                            wtile_1_14|         array|
|wtile_1_14_ce0         |  out|    1|   ap_memory|                                            wtile_1_14|         array|
|wtile_1_14_we0         |  out|    1|   ap_memory|                                            wtile_1_14|         array|
|wtile_1_14_d0          |  out|   32|   ap_memory|                                            wtile_1_14|         array|
|wtile_0_13_address0    |  out|    2|   ap_memory|                                            wtile_0_13|         array|
|wtile_0_13_ce0         |  out|    1|   ap_memory|                                            wtile_0_13|         array|
|wtile_0_13_we0         |  out|    1|   ap_memory|                                            wtile_0_13|         array|
|wtile_0_13_d0          |  out|   32|   ap_memory|                                            wtile_0_13|         array|
|wtile_1_13_address0    |  out|    2|   ap_memory|                                            wtile_1_13|         array|
|wtile_1_13_ce0         |  out|    1|   ap_memory|                                            wtile_1_13|         array|
|wtile_1_13_we0         |  out|    1|   ap_memory|                                            wtile_1_13|         array|
|wtile_1_13_d0          |  out|   32|   ap_memory|                                            wtile_1_13|         array|
|wtile_0_12_address0    |  out|    2|   ap_memory|                                            wtile_0_12|         array|
|wtile_0_12_ce0         |  out|    1|   ap_memory|                                            wtile_0_12|         array|
|wtile_0_12_we0         |  out|    1|   ap_memory|                                            wtile_0_12|         array|
|wtile_0_12_d0          |  out|   32|   ap_memory|                                            wtile_0_12|         array|
|wtile_1_12_address0    |  out|    2|   ap_memory|                                            wtile_1_12|         array|
|wtile_1_12_ce0         |  out|    1|   ap_memory|                                            wtile_1_12|         array|
|wtile_1_12_we0         |  out|    1|   ap_memory|                                            wtile_1_12|         array|
|wtile_1_12_d0          |  out|   32|   ap_memory|                                            wtile_1_12|         array|
|wtile_0_11_address0    |  out|    2|   ap_memory|                                            wtile_0_11|         array|
|wtile_0_11_ce0         |  out|    1|   ap_memory|                                            wtile_0_11|         array|
|wtile_0_11_we0         |  out|    1|   ap_memory|                                            wtile_0_11|         array|
|wtile_0_11_d0          |  out|   32|   ap_memory|                                            wtile_0_11|         array|
|wtile_1_11_address0    |  out|    2|   ap_memory|                                            wtile_1_11|         array|
|wtile_1_11_ce0         |  out|    1|   ap_memory|                                            wtile_1_11|         array|
|wtile_1_11_we0         |  out|    1|   ap_memory|                                            wtile_1_11|         array|
|wtile_1_11_d0          |  out|   32|   ap_memory|                                            wtile_1_11|         array|
|wtile_0_10_address0    |  out|    2|   ap_memory|                                            wtile_0_10|         array|
|wtile_0_10_ce0         |  out|    1|   ap_memory|                                            wtile_0_10|         array|
|wtile_0_10_we0         |  out|    1|   ap_memory|                                            wtile_0_10|         array|
|wtile_0_10_d0          |  out|   32|   ap_memory|                                            wtile_0_10|         array|
|wtile_1_10_address0    |  out|    2|   ap_memory|                                            wtile_1_10|         array|
|wtile_1_10_ce0         |  out|    1|   ap_memory|                                            wtile_1_10|         array|
|wtile_1_10_we0         |  out|    1|   ap_memory|                                            wtile_1_10|         array|
|wtile_1_10_d0          |  out|   32|   ap_memory|                                            wtile_1_10|         array|
|wtile_0_9_address0     |  out|    2|   ap_memory|                                             wtile_0_9|         array|
|wtile_0_9_ce0          |  out|    1|   ap_memory|                                             wtile_0_9|         array|
|wtile_0_9_we0          |  out|    1|   ap_memory|                                             wtile_0_9|         array|
|wtile_0_9_d0           |  out|   32|   ap_memory|                                             wtile_0_9|         array|
|wtile_1_9_address0     |  out|    2|   ap_memory|                                             wtile_1_9|         array|
|wtile_1_9_ce0          |  out|    1|   ap_memory|                                             wtile_1_9|         array|
|wtile_1_9_we0          |  out|    1|   ap_memory|                                             wtile_1_9|         array|
|wtile_1_9_d0           |  out|   32|   ap_memory|                                             wtile_1_9|         array|
|wtile_0_8_address0     |  out|    2|   ap_memory|                                             wtile_0_8|         array|
|wtile_0_8_ce0          |  out|    1|   ap_memory|                                             wtile_0_8|         array|
|wtile_0_8_we0          |  out|    1|   ap_memory|                                             wtile_0_8|         array|
|wtile_0_8_d0           |  out|   32|   ap_memory|                                             wtile_0_8|         array|
|wtile_1_8_address0     |  out|    2|   ap_memory|                                             wtile_1_8|         array|
|wtile_1_8_ce0          |  out|    1|   ap_memory|                                             wtile_1_8|         array|
|wtile_1_8_we0          |  out|    1|   ap_memory|                                             wtile_1_8|         array|
|wtile_1_8_d0           |  out|   32|   ap_memory|                                             wtile_1_8|         array|
|wtile_0_address0       |  out|    2|   ap_memory|                                               wtile_0|         array|
|wtile_0_ce0            |  out|    1|   ap_memory|                                               wtile_0|         array|
|wtile_0_we0            |  out|    1|   ap_memory|                                               wtile_0|         array|
|wtile_0_d0             |  out|   32|   ap_memory|                                               wtile_0|         array|
+-----------------------+-----+-----+------------+------------------------------------------------------+--------------+

