

================================================================
== Vitis HLS Report for 'load_residual_Pipeline_LOAD_RESIDUAL_ROW_LOAD_RESIDUAL_PACK'
================================================================
* Date:           Wed Jul 15 09:28:47 2026

* Version:        2022.1 (Build 3526262 on Mon Apr 18 15:47:01 MDT 2022)
* Project:        proj_bert_attn_out_norm_residual_kernel
* Solution:       solution1 (Vivado IP Flow Target)
* Product family: virtexuplus
* Target device:  xcu250-figd2104-2L-e


================================================================
== Performance Estimates
================================================================
+ Timing: 
    * Summary: 
    +--------+---------+----------+------------+
    |  Clock |  Target | Estimated| Uncertainty|
    +--------+---------+----------+------------+
    |ap_clk  |  3.33 ns|  2.433 ns|     0.90 ns|
    +--------+---------+----------+------------+

+ Latency: 
    * Summary: 
    +---------+---------+-----------+-----------+------+------+---------+
    |  Latency (cycles) |   Latency (absolute)  |   Interval  | Pipeline|
    |   min   |   max   |    min    |    max    |  min |  max |   Type  |
    +---------+---------+-----------+-----------+------+------+---------+
    |     6147|     6147|  20.488 us|  20.488 us|  6147|  6147|       no|
    +---------+---------+-----------+-----------+------+------+---------+

    + Detail: 
        * Instance: 
        N/A

        * Loop: 
        +----------------------------------------+---------+---------+----------+-----------+-----------+------+----------+
        |                                        |  Latency (cycles) | Iteration|  Initiation Interval  | Trip |          |
        |                Loop Name               |   min   |   max   |  Latency |  achieved |   target  | Count| Pipelined|
        +----------------------------------------+---------+---------+----------+-----------+-----------+------+----------+
        |- LOAD_RESIDUAL_ROW_LOAD_RESIDUAL_PACK  |     6145|     6145|         3|          1|          1|  6144|       yes|
        +----------------------------------------+---------+---------+----------+-----------+-----------+------+----------+



================================================================
== Utilization Estimates
================================================================
* Summary: 
+---------------------+---------+-------+---------+---------+------+
|         Name        | BRAM_18K|  DSP  |    FF   |   LUT   | URAM |
+---------------------+---------+-------+---------+---------+------+
|DSP                  |        -|      -|        -|        -|     -|
|Expression           |        -|      -|        0|      124|     -|
|FIFO                 |        -|      -|        -|        -|     -|
|Instance             |        -|      -|        -|        -|     -|
|Memory               |        -|      -|        -|        -|     -|
|Multiplexer          |        -|      -|        -|       63|     -|
|Register             |        -|      -|      558|        -|     -|
+---------------------+---------+-------+---------+---------+------+
|Total                |        0|      0|      558|      187|     0|
+---------------------+---------+-------+---------+---------+------+
|Available SLR        |     1344|   3072|   864000|   432000|   320|
+---------------------+---------+-------+---------+---------+------+
|Utilization SLR (%)  |        0|      0|       ~0|       ~0|     0|
+---------------------+---------+-------+---------+---------+------+
|Available            |     5376|  12288|  3456000|  1728000|  1280|
+---------------------+---------+-------+---------+---------+------+
|Utilization (%)      |        0|      0|       ~0|       ~0|     0|
+---------------------+---------+-------+---------+---------+------+

+ Detail: 
    * Instance: 
    N/A

    * DSP: 
    N/A

    * Memory: 
    N/A

    * FIFO: 
    N/A

    * Expression: 
    +----------------------------------+----------+----+---+----+------------+------------+
    |           Variable Name          | Operation| DSP| FF| LUT| Bitwidth P0| Bitwidth P1|
    +----------------------------------+----------+----+---+----+------------+------------+
    |add_ln11_1_fu_142_p2              |         +|   0|  0|  20|          13|           1|
    |add_ln11_fu_165_p2                |         +|   0|  0|  15|           8|           1|
    |add_ln13_fu_233_p2                |         +|   0|  0|  13|           6|           1|
    |add_ln21_fu_227_p2                |         +|   0|  0|  17|          13|          13|
    |sub_ln21_fu_217_p2                |         -|   0|  0|  17|          13|          13|
    |ap_block_pp0_stage0_11001         |       and|   0|  0|   2|           1|           1|
    |ap_block_state2_pp0_stage0_iter1  |       and|   0|  0|   2|           1|           1|
    |icmp_ln11_fu_136_p2               |      icmp|   0|  0|  12|          13|          13|
    |icmp_ln13_fu_171_p2               |      icmp|   0|  0|  10|           6|           6|
    |select_ln11_1_fu_185_p3           |    select|   0|  0|   8|           1|           8|
    |select_ln11_fu_177_p3             |    select|   0|  0|   6|           1|           1|
    |ap_enable_pp0                     |       xor|   0|  0|   2|           1|           2|
    +----------------------------------+----------+----+---+----+------------+------------+
    |Total                             |          |   0|  0| 124|          77|          61|
    +----------------------------------+----------+----+---+----+------------+------------+

    * Multiplexer: 
    +--------------------------------------+----+-----------+-----+-----------+
    |                 Name                 | LUT| Input Size| Bits| Total Bits|
    +--------------------------------------+----+-----------+-----+-----------+
    |ap_done_int                           |   9|          2|    1|          2|
    |ap_enable_reg_pp0_iter2               |   9|          2|    1|          2|
    |ap_sig_allocacmp_indvar_flatten_load  |   9|          2|   13|         26|
    |gmem_hidden_blk_n_R                   |   9|          2|    1|          2|
    |indvar_flatten_fu_82                  |   9|          2|   13|         26|
    |p_fu_74                               |   9|          2|    6|         12|
    |s_fu_78                               |   9|          2|    8|         16|
    +--------------------------------------+----+-----------+-----+-----------+
    |Total                                 |  63|         14|   43|         86|
    +--------------------------------------+----+-----------+-----+-----------+

    * Register: 
    +----------------------------------+-----+----+-----+-----------+
    |               Name               |  FF | LUT| Bits| Const Bits|
    +----------------------------------+-----+----+-----+-----------+
    |add_ln21_reg_283                  |   13|   0|   13|          0|
    |ap_CS_fsm                         |    1|   0|    1|          0|
    |ap_done_reg                       |    1|   0|    1|          0|
    |ap_enable_reg_pp0_iter1           |    1|   0|    1|          0|
    |ap_enable_reg_pp0_iter2           |    1|   0|    1|          0|
    |ap_loop_exit_ready_pp0_iter1_reg  |    1|   0|    1|          0|
    |icmp_ln11_reg_279                 |    1|   0|    1|          0|
    |indvar_flatten_fu_82              |   13|   0|   13|          0|
    |p_fu_74                           |    6|   0|    6|          0|
    |s_fu_78                           |    8|   0|    8|          0|
    |t_reg_288                         |  512|   0|  512|          0|
    +----------------------------------+-----+----+-----+-----------+
    |Total                             |  558|   0|  558|          0|
    +----------------------------------+-----+----+-----+-----------+



================================================================
== Interface
================================================================
* Summary: 
+----------------------------+-----+-----+------------+-------------------------------------------------------------+--------------+
|          RTL Ports         | Dir | Bits|  Protocol  |                        Source Object                        |    C Type    |
+----------------------------+-----+-----+------------+-------------------------------------------------------------+--------------+
|ap_clk                      |   in|    1|  ap_ctrl_hs|  load_residual_Pipeline_LOAD_RESIDUAL_ROW_LOAD_RESIDUAL_PACK|  return value|
|ap_rst                      |   in|    1|  ap_ctrl_hs|  load_residual_Pipeline_LOAD_RESIDUAL_ROW_LOAD_RESIDUAL_PACK|  return value|
|ap_start                    |   in|    1|  ap_ctrl_hs|  load_residual_Pipeline_LOAD_RESIDUAL_ROW_LOAD_RESIDUAL_PACK|  return value|
|ap_done                     |  out|    1|  ap_ctrl_hs|  load_residual_Pipeline_LOAD_RESIDUAL_ROW_LOAD_RESIDUAL_PACK|  return value|
|ap_idle                     |  out|    1|  ap_ctrl_hs|  load_residual_Pipeline_LOAD_RESIDUAL_ROW_LOAD_RESIDUAL_PACK|  return value|
|ap_ready                    |  out|    1|  ap_ctrl_hs|  load_residual_Pipeline_LOAD_RESIDUAL_ROW_LOAD_RESIDUAL_PACK|  return value|
|m_axi_gmem_hidden_AWVALID   |  out|    1|       m_axi|                                                  gmem_hidden|       pointer|
|m_axi_gmem_hidden_AWREADY   |   in|    1|       m_axi|                                                  gmem_hidden|       pointer|
|m_axi_gmem_hidden_AWADDR    |  out|   64|       m_axi|                                                  gmem_hidden|       pointer|
|m_axi_gmem_hidden_AWID      |  out|    1|       m_axi|                                                  gmem_hidden|       pointer|
|m_axi_gmem_hidden_AWLEN     |  out|   32|       m_axi|                                                  gmem_hidden|       pointer|
|m_axi_gmem_hidden_AWSIZE    |  out|    3|       m_axi|                                                  gmem_hidden|       pointer|
|m_axi_gmem_hidden_AWBURST   |  out|    2|       m_axi|                                                  gmem_hidden|       pointer|
|m_axi_gmem_hidden_AWLOCK    |  out|    2|       m_axi|                                                  gmem_hidden|       pointer|
|m_axi_gmem_hidden_AWCACHE   |  out|    4|       m_axi|                                                  gmem_hidden|       pointer|
|m_axi_gmem_hidden_AWPROT    |  out|    3|       m_axi|                                                  gmem_hidden|       pointer|
|m_axi_gmem_hidden_AWQOS     |  out|    4|       m_axi|                                                  gmem_hidden|       pointer|
|m_axi_gmem_hidden_AWREGION  |  out|    4|       m_axi|                                                  gmem_hidden|       pointer|
|m_axi_gmem_hidden_AWUSER    |  out|    1|       m_axi|                                                  gmem_hidden|       pointer|
|m_axi_gmem_hidden_WVALID    |  out|    1|       m_axi|                                                  gmem_hidden|       pointer|
|m_axi_gmem_hidden_WREADY    |   in|    1|       m_axi|                                                  gmem_hidden|       pointer|
|m_axi_gmem_hidden_WDATA     |  out|  512|       m_axi|                                                  gmem_hidden|       pointer|
|m_axi_gmem_hidden_WSTRB     |  out|   64|       m_axi|                                                  gmem_hidden|       pointer|
|m_axi_gmem_hidden_WLAST     |  out|    1|       m_axi|                                                  gmem_hidden|       pointer|
|m_axi_gmem_hidden_WID       |  out|    1|       m_axi|                                                  gmem_hidden|       pointer|
|m_axi_gmem_hidden_WUSER     |  out|    1|       m_axi|                                                  gmem_hidden|       pointer|
|m_axi_gmem_hidden_ARVALID   |  out|    1|       m_axi|                                                  gmem_hidden|       pointer|
|m_axi_gmem_hidden_ARREADY   |   in|    1|       m_axi|                                                  gmem_hidden|       pointer|
|m_axi_gmem_hidden_ARADDR    |  out|   64|       m_axi|                                                  gmem_hidden|       pointer|
|m_axi_gmem_hidden_ARID      |  out|    1|       m_axi|                                                  gmem_hidden|       pointer|
|m_axi_gmem_hidden_ARLEN     |  out|   32|       m_axi|                                                  gmem_hidden|       pointer|
|m_axi_gmem_hidden_ARSIZE    |  out|    3|       m_axi|                                                  gmem_hidden|       pointer|
|m_axi_gmem_hidden_ARBURST   |  out|    2|       m_axi|                                                  gmem_hidden|       pointer|
|m_axi_gmem_hidden_ARLOCK    |  out|    2|       m_axi|                                                  gmem_hidden|       pointer|
|m_axi_gmem_hidden_ARCACHE   |  out|    4|       m_axi|                                                  gmem_hidden|       pointer|
|m_axi_gmem_hidden_ARPROT    |  out|    3|       m_axi|                                                  gmem_hidden|       pointer|
|m_axi_gmem_hidden_ARQOS     |  out|    4|       m_axi|                                                  gmem_hidden|       pointer|
|m_axi_gmem_hidden_ARREGION  |  out|    4|       m_axi|                                                  gmem_hidden|       pointer|
|m_axi_gmem_hidden_ARUSER    |  out|    1|       m_axi|                                                  gmem_hidden|       pointer|
|m_axi_gmem_hidden_RVALID    |   in|    1|       m_axi|                                                  gmem_hidden|       pointer|
|m_axi_gmem_hidden_RREADY    |  out|    1|       m_axi|                                                  gmem_hidden|       pointer|
|m_axi_gmem_hidden_RDATA     |   in|  512|       m_axi|                                                  gmem_hidden|       pointer|
|m_axi_gmem_hidden_RLAST     |   in|    1|       m_axi|                                                  gmem_hidden|       pointer|
|m_axi_gmem_hidden_RID       |   in|    1|       m_axi|                                                  gmem_hidden|       pointer|
|m_axi_gmem_hidden_RFIFONUM  |   in|    9|       m_axi|                                                  gmem_hidden|       pointer|
|m_axi_gmem_hidden_RUSER     |   in|    1|       m_axi|                                                  gmem_hidden|       pointer|
|m_axi_gmem_hidden_RRESP     |   in|    2|       m_axi|                                                  gmem_hidden|       pointer|
|m_axi_gmem_hidden_BVALID    |   in|    1|       m_axi|                                                  gmem_hidden|       pointer|
|m_axi_gmem_hidden_BREADY    |  out|    1|       m_axi|                                                  gmem_hidden|       pointer|
|m_axi_gmem_hidden_BRESP     |   in|    2|       m_axi|                                                  gmem_hidden|       pointer|
|m_axi_gmem_hidden_BID       |   in|    1|       m_axi|                                                  gmem_hidden|       pointer|
|m_axi_gmem_hidden_BUSER     |   in|    1|       m_axi|                                                  gmem_hidden|       pointer|
|sext_ln11                   |   in|   58|     ap_none|                                                    sext_ln11|        scalar|
|residual_address1           |  out|   13|   ap_memory|                                                     residual|         array|
|residual_ce1                |  out|    1|   ap_memory|                                                     residual|         array|
|residual_we1                |  out|    1|   ap_memory|                                                     residual|         array|
|residual_d1                 |  out|  512|   ap_memory|                                                     residual|         array|
+----------------------------+-----+-----+------------+-------------------------------------------------------------+--------------+

