

================================================================
== Vitis HLS Report for 'bert_ffn_up_gelu_12layer_kernel'
================================================================
* Date:           Wed Jul 15 12:23:38 2026

* Version:        2022.1 (Build 3526262 on Mon Apr 18 15:47:01 MDT 2022)
* Project:        proj_bert_ffn_up_gelu_12layer_kernel
* Solution:       solution1 (Vivado IP Flow Target)
* Product family: virtexuplus
* Target device:  xcu250-figd2104-2L-e


================================================================
== Performance Estimates
================================================================
+ Timing: 
    * Summary: 
    +--------+---------+----------+------------+
    |  Clock |  Target | Estimated| Uncertainty|
    +--------+---------+----------+------------+
    |ap_clk  |  3.33 ns|  2.433 ns|     0.90 ns|
    +--------+---------+----------+------------+

+ Latency: 
    * Summary: 
    +----------+----------+-----------+-----------+----------+----------+---------+
    |   Latency (cycles)  |   Latency (absolute)  |       Interval      | Pipeline|
    |    min   |    max   |    min    |    max    |    min   |    max   |   Type  |
    +----------+----------+-----------+-----------+----------+----------+---------+
    |  18443606|  18443606|  61.473 ms|  61.473 ms|  18443607|  18443607|       no|
    +----------+----------+-----------+-----------+----------+----------+---------+

    + Detail: 
        * Instance: 
        +------------------------------------------+-------------------------------+---------+---------+-----------+-----------+---------+---------+---------+
        |                                          |                               |  Latency (cycles) |   Latency (absolute)  |      Interval     | Pipeline|
        |                 Instance                 |             Module            |   min   |   max   |    min    |    max    |   min   |   max   |   Type  |
        +------------------------------------------+-------------------------------+---------+---------+-----------+-----------+---------+---------+---------+
        |grp_v11_load_input_stream_matrix_fu_144   |v11_load_input_stream_matrix   |     6146|     6146|  20.485 us|  20.485 us|     6146|     6146|       no|
        |grp_v15_ffn_up_tilemajor_producer_fu_182  |v15_ffn_up_tilemajor_producer  |  1530817|  1530817|   5.102 ms|   5.102 ms|  1530817|  1530817|       no|
        +------------------------------------------+-------------------------------+---------+---------+-----------+-----------+---------+---------+---------+

        * Loop: 
        +---------------------+----------+----------+----------+-----------+-----------+------+----------+
        |                     |   Latency (cycles)  | Iteration|  Initiation Interval  | Trip |          |
        |      Loop Name      |    min   |    max   |  Latency |  achieved |   target  | Count| Pipelined|
        +---------------------+----------+----------+----------+-----------+-----------+------+----------+
        |- full_ffn_up_layer  |  18443604|  18443604|   1536967|          -|          -|    12|        no|
        +---------------------+----------+----------+----------+-----------+-----------+------+----------+



================================================================
== Utilization Estimates
================================================================
* Summary: 
+---------------------+---------+-------+---------+---------+------+
|         Name        | BRAM_18K|  DSP  |    FF   |   LUT   | URAM |
+---------------------+---------+-------+---------+---------+------+
|DSP                  |        -|      -|        -|        -|     -|
|Expression           |        -|      -|        0|      248|     -|
|FIFO                 |        -|      -|        -|        -|     -|
|Instance             |      272|   1120|   198420|   105666|     0|
|Memory               |        -|      -|       16|     1232|    32|
|Multiplexer          |        -|      -|        -|      665|     -|
|Register             |        -|      -|      268|        -|     -|
+---------------------+---------+-------+---------+---------+------+
|Total                |      272|   1120|   198704|   107811|    32|
+---------------------+---------+-------+---------+---------+------+
|Available SLR        |     1344|   3072|   864000|   432000|   320|
+---------------------+---------+-------+---------+---------+------+
|Utilization SLR (%)  |       20|     36|       22|       24|    10|
+---------------------+---------+-------+---------+---------+------+
|Available            |     5376|  12288|  3456000|  1728000|  1280|
+---------------------+---------+-------+---------+---------+------+
|Utilization (%)      |        5|      9|        5|        6|     2|
+---------------------+---------+-------+---------+---------+------+

+ Detail: 
    * Instance: 
    +------------------------------------------+-------------------------------+---------+------+--------+-------+-----+
    |                 Instance                 |             Module            | BRAM_18K|  DSP |   FF   |  LUT  | URAM|
    +------------------------------------------+-------------------------------+---------+------+--------+-------+-----+
    |control_s_axi_U                           |control_s_axi                  |        0|     0|     176|    296|    0|
    |gmem_w1_m_axi_U                           |gmem_w1_m_axi                  |        0|     0|    4567|   8001|    0|
    |grp_v11_load_input_stream_matrix_fu_144   |v11_load_input_stream_matrix   |        0|     0|     555|    205|    0|
    |grp_v15_ffn_up_tilemajor_producer_fu_182  |v15_ffn_up_tilemajor_producer  |      272|  1120|  193122|  97164|    0|
    +------------------------------------------+-------------------------------+---------+------+--------+-------+-----+
    |Total                                     |                               |      272|  1120|  198420| 105666|    0|
    +------------------------------------------+-------------------------------+---------+------+--------+-------+-----+

    * DSP: 
    N/A

    * Memory: 
    +-------------------------------------------------------+----------------------------+---------+---+----+-----+------+-----+------+-------------+
    |                         Memory                        |           Module           | BRAM_18K| FF| LUT| URAM| Words| Bits| Banks| W*Bits*Banks|
    +-------------------------------------------------------+----------------------------+---------+---+----+-----+------+-----+------+-------------+
    |input_buf_U                                            |input_buf_RAM_1P_URAM_2R1W  |        0|  1|  77|    2|  6144|   32|     1|       196608|
    |input_buf_1_U                                          |input_buf_RAM_1P_URAM_2R1W  |        0|  1|  77|    2|  6144|   32|     1|       196608|
    |input_buf_2_U                                          |input_buf_RAM_1P_URAM_2R1W  |        0|  1|  77|    2|  6144|   32|     1|       196608|
    |input_buf_3_U                                          |input_buf_RAM_1P_URAM_2R1W  |        0|  1|  77|    2|  6144|   32|     1|       196608|
    |input_buf_4_U                                          |input_buf_RAM_1P_URAM_2R1W  |        0|  1|  77|    2|  6144|   32|     1|       196608|
    |input_buf_5_U                                          |input_buf_RAM_1P_URAM_2R1W  |        0|  1|  77|    2|  6144|   32|     1|       196608|
    |input_buf_6_U                                          |input_buf_RAM_1P_URAM_2R1W  |        0|  1|  77|    2|  6144|   32|     1|       196608|
    |input_buf_7_U                                          |input_buf_RAM_1P_URAM_2R1W  |        0|  1|  77|    2|  6144|   32|     1|       196608|
    |input_buf_8_U                                          |input_buf_RAM_1P_URAM_2R1W  |        0|  1|  77|    2|  6144|   32|     1|       196608|
    |input_buf_9_U                                          |input_buf_RAM_1P_URAM_2R1W  |        0|  1|  77|    2|  6144|   32|     1|       196608|
    |p_ZZ31bert_ffn_up_gelu_12layer_kernelE9input_buf_10_U  |input_buf_RAM_1P_URAM_2R1W  |        0|  1|  77|    2|  6144|   32|     1|       196608|
    |p_ZZ31bert_ffn_up_gelu_12layer_kernelE9input_buf_11_U  |input_buf_RAM_1P_URAM_2R1W  |        0|  1|  77|    2|  6144|   32|     1|       196608|
    |p_ZZ31bert_ffn_up_gelu_12layer_kernelE9input_buf_12_U  |input_buf_RAM_1P_URAM_2R1W  |        0|  1|  77|    2|  6144|   32|     1|       196608|
    |p_ZZ31bert_ffn_up_gelu_12layer_kernelE9input_buf_13_U  |input_buf_RAM_1P_URAM_2R1W  |        0|  1|  77|    2|  6144|   32|     1|       196608|
    |p_ZZ31bert_ffn_up_gelu_12layer_kernelE9input_buf_14_U  |input_buf_RAM_1P_URAM_2R1W  |        0|  1|  77|    2|  6144|   32|     1|       196608|
    |p_ZZ31bert_ffn_up_gelu_12layer_kernelE9input_buf_15_U  |input_buf_RAM_1P_URAM_2R1W  |        0|  1|  77|    2|  6144|   32|     1|       196608|
    +-------------------------------------------------------+----------------------------+---------+---+----+-----+------+-----+------+-------------+
    |Total                                                  |                            |        0| 16|1232|   32| 98304|  512|    16|      3145728|
    +-------------------------------------------------------+----------------------------+---------+---+----+-----+------+-----+------+-------------+

    * FIFO: 
    N/A

    * Expression: 
    +-------------------------------------------------------------+----------+----+---+----+------------+------------+
    |                        Variable Name                        | Operation| DSP| FF| LUT| Bitwidth P0| Bitwidth P1|
    +-------------------------------------------------------------+----------+----+---+----+------------+------------+
    |add_ln910_fu_238_p2                                          |         +|   0|  0|  12|           4|           1|
    |add_ln914_1_fu_268_p2                                        |         +|   0|  0|  64|          64|          64|
    |add_ln914_fu_273_p2                                          |         +|   0|  0|  64|          64|          64|
    |add_ln915_fu_313_p2                                          |         +|   0|  0|  71|          64|          64|
    |sub_ln915_fu_303_p2                                          |         -|   0|  0|  26|          19|          19|
    |grp_v15_ffn_up_tilemajor_producer_fu_182_gelu_stream_TREADY  |       and|   0|  0|   2|           1|           1|
    |icmp_ln910_fu_232_p2                                         |      icmp|   0|  0|   9|           4|           4|
    +-------------------------------------------------------------+----------+----+---+----+------------+------------+
    |Total                                                        |          |   0|  0| 248|         220|         217|
    +-------------------------------------------------------------+----------+----+---+----+------------+------------+

    * Multiplexer: 
    +--------------------------------------------------------------+----+-----------+-----+-----------+
    |                             Name                             | LUT| Input Size| Bits| Total Bits|
    +--------------------------------------------------------------+----+-----------+-----+-----------+
    |ap_NS_fsm                                                     |  37|          7|    1|          7|
    |attn_mid_stream_TREADY_int_regslice                           |   9|          2|    1|          2|
    |gmem_w1_ARVALID                                               |   9|          2|    1|          2|
    |gmem_w1_RREADY                                                |   9|          2|    1|          2|
    |input_buf_1_address0                                          |  14|          3|   13|         39|
    |input_buf_1_ce0                                               |  14|          3|    1|          3|
    |input_buf_1_we0                                               |   9|          2|    1|          2|
    |input_buf_2_address0                                          |  14|          3|   13|         39|
    |input_buf_2_ce0                                               |  14|          3|    1|          3|
    |input_buf_2_we0                                               |   9|          2|    1|          2|
    |input_buf_3_address0                                          |  14|          3|   13|         39|
    |input_buf_3_ce0                                               |  14|          3|    1|          3|
    |input_buf_3_we0                                               |   9|          2|    1|          2|
    |input_buf_4_address0                                          |  14|          3|   13|         39|
    |input_buf_4_ce0                                               |  14|          3|    1|          3|
    |input_buf_4_we0                                               |   9|          2|    1|          2|
    |input_buf_5_address0                                          |  14|          3|   13|         39|
    |input_buf_5_ce0                                               |  14|          3|    1|          3|
    |input_buf_5_we0                                               |   9|          2|    1|          2|
    |input_buf_6_address0                                          |  14|          3|   13|         39|
    |input_buf_6_ce0                                               |  14|          3|    1|          3|
    |input_buf_6_we0                                               |   9|          2|    1|          2|
    |input_buf_7_address0                                          |  14|          3|   13|         39|
    |input_buf_7_ce0                                               |  14|          3|    1|          3|
    |input_buf_7_we0                                               |   9|          2|    1|          2|
    |input_buf_8_address0                                          |  14|          3|   13|         39|
    |input_buf_8_ce0                                               |  14|          3|    1|          3|
    |input_buf_8_we0                                               |   9|          2|    1|          2|
    |input_buf_9_address0                                          |  14|          3|   13|         39|
    |input_buf_9_ce0                                               |  14|          3|    1|          3|
    |input_buf_9_we0                                               |   9|          2|    1|          2|
    |input_buf_address0                                            |  14|          3|   13|         39|
    |input_buf_ce0                                                 |  14|          3|    1|          3|
    |input_buf_we0                                                 |   9|          2|    1|          2|
    |layer_fu_128                                                  |   9|          2|    4|          8|
    |p_ZZ31bert_ffn_up_gelu_12layer_kernelE9input_buf_10_address0  |  14|          3|   13|         39|
    |p_ZZ31bert_ffn_up_gelu_12layer_kernelE9input_buf_10_ce0       |  14|          3|    1|          3|
    |p_ZZ31bert_ffn_up_gelu_12layer_kernelE9input_buf_10_we0       |   9|          2|    1|          2|
    |p_ZZ31bert_ffn_up_gelu_12layer_kernelE9input_buf_11_address0  |  14|          3|   13|         39|
    |p_ZZ31bert_ffn_up_gelu_12layer_kernelE9input_buf_11_ce0       |  14|          3|    1|          3|
    |p_ZZ31bert_ffn_up_gelu_12layer_kernelE9input_buf_11_we0       |   9|          2|    1|          2|
    |p_ZZ31bert_ffn_up_gelu_12layer_kernelE9input_buf_12_address0  |  14|          3|   13|         39|
    |p_ZZ31bert_ffn_up_gelu_12layer_kernelE9input_buf_12_ce0       |  14|          3|    1|          3|
    |p_ZZ31bert_ffn_up_gelu_12layer_kernelE9input_buf_12_we0       |   9|          2|    1|          2|
    |p_ZZ31bert_ffn_up_gelu_12layer_kernelE9input_buf_13_address0  |  14|          3|   13|         39|
    |p_ZZ31bert_ffn_up_gelu_12layer_kernelE9input_buf_13_ce0       |  14|          3|    1|          3|
    |p_ZZ31bert_ffn_up_gelu_12layer_kernelE9input_buf_13_we0       |   9|          2|    1|          2|
    |p_ZZ31bert_ffn_up_gelu_12layer_kernelE9input_buf_14_address0  |  14|          3|   13|         39|
    |p_ZZ31bert_ffn_up_gelu_12layer_kernelE9input_buf_14_ce0       |  14|          3|    1|          3|
    |p_ZZ31bert_ffn_up_gelu_12layer_kernelE9input_buf_14_we0       |   9|          2|    1|          2|
    |p_ZZ31bert_ffn_up_gelu_12layer_kernelE9input_buf_15_address0  |  14|          3|   13|         39|
    |p_ZZ31bert_ffn_up_gelu_12layer_kernelE9input_buf_15_ce0       |  14|          3|    1|          3|
    |p_ZZ31bert_ffn_up_gelu_12layer_kernelE9input_buf_15_we0       |   9|          2|    1|          2|
    +--------------------------------------------------------------+----+-----------+-----+-----------+
    |Total                                                         | 665|        143|  248|        725|
    +--------------------------------------------------------------+----+-----------+-----+-----------+

    * Register: 
    +-------------------------------------------------------+----+----+-----+-----------+
    |                          Name                         | FF | LUT| Bits| Const Bits|
    +-------------------------------------------------------+----+----+-----+-----------+
    |add_ln914_reg_343                                      |  64|   0|   64|          0|
    |add_ln915_reg_348                                      |  64|   0|   64|          0|
    |ap_CS_fsm                                              |   6|   0|    6|          0|
    |b1_all_read_reg_330                                    |  64|   0|   64|          0|
    |grp_v11_load_input_stream_matrix_fu_144_ap_start_reg   |   1|   0|    1|          0|
    |grp_v15_ffn_up_tilemajor_producer_fu_182_ap_start_reg  |   1|   0|    1|          0|
    |layer_fu_128                                           |   4|   0|    4|          0|
    |w1_all_read_reg_335                                    |  64|   0|   64|          0|
    +-------------------------------------------------------+----+----+-----+-----------+
    |Total                                                  | 268|   0|  268|          0|
    +-------------------------------------------------------+----+----+-----+-----------+



================================================================
== Interface
================================================================
* Summary: 
+------------------------+-----+-----+------------+---------------------------------+--------------+
|        RTL Ports       | Dir | Bits|  Protocol  |          Source Object          |    C Type    |
+------------------------+-----+-----+------------+---------------------------------+--------------+
|s_axi_control_AWVALID   |   in|    1|       s_axi|                          control|        scalar|
|s_axi_control_AWREADY   |  out|    1|       s_axi|                          control|        scalar|
|s_axi_control_AWADDR    |   in|    6|       s_axi|                          control|        scalar|
|s_axi_control_WVALID    |   in|    1|       s_axi|                          control|        scalar|
|s_axi_control_WREADY    |  out|    1|       s_axi|                          control|        scalar|
|s_axi_control_WDATA     |   in|   32|       s_axi|                          control|        scalar|
|s_axi_control_WSTRB     |   in|    4|       s_axi|                          control|        scalar|
|s_axi_control_ARVALID   |   in|    1|       s_axi|                          control|        scalar|
|s_axi_control_ARREADY   |  out|    1|       s_axi|                          control|        scalar|
|s_axi_control_ARADDR    |   in|    6|       s_axi|                          control|        scalar|
|s_axi_control_RVALID    |  out|    1|       s_axi|                          control|        scalar|
|s_axi_control_RREADY    |   in|    1|       s_axi|                          control|        scalar|
|s_axi_control_RDATA     |  out|   32|       s_axi|                          control|        scalar|
|s_axi_control_RRESP     |  out|    2|       s_axi|                          control|        scalar|
|s_axi_control_BVALID    |  out|    1|       s_axi|                          control|        scalar|
|s_axi_control_BREADY    |   in|    1|       s_axi|                          control|        scalar|
|s_axi_control_BRESP     |  out|    2|       s_axi|                          control|        scalar|
|ap_clk                  |   in|    1|  ap_ctrl_hs|  bert_ffn_up_gelu_12layer_kernel|  return value|
|ap_rst_n                |   in|    1|  ap_ctrl_hs|  bert_ffn_up_gelu_12layer_kernel|  return value|
|interrupt               |  out|    1|  ap_ctrl_hs|  bert_ffn_up_gelu_12layer_kernel|  return value|
|m_axi_gmem_w1_AWVALID   |  out|    1|       m_axi|                          gmem_w1|       pointer|
|m_axi_gmem_w1_AWREADY   |   in|    1|       m_axi|                          gmem_w1|       pointer|
|m_axi_gmem_w1_AWADDR    |  out|   64|       m_axi|                          gmem_w1|       pointer|
|m_axi_gmem_w1_AWID      |  out|    1|       m_axi|                          gmem_w1|       pointer|
|m_axi_gmem_w1_AWLEN     |  out|    8|       m_axi|                          gmem_w1|       pointer|
|m_axi_gmem_w1_AWSIZE    |  out|    3|       m_axi|                          gmem_w1|       pointer|
|m_axi_gmem_w1_AWBURST   |  out|    2|       m_axi|                          gmem_w1|       pointer|
|m_axi_gmem_w1_AWLOCK    |  out|    2|       m_axi|                          gmem_w1|       pointer|
|m_axi_gmem_w1_AWCACHE   |  out|    4|       m_axi|                          gmem_w1|       pointer|
|m_axi_gmem_w1_AWPROT    |  out|    3|       m_axi|                          gmem_w1|       pointer|
|m_axi_gmem_w1_AWQOS     |  out|    4|       m_axi|                          gmem_w1|       pointer|
|m_axi_gmem_w1_AWREGION  |  out|    4|       m_axi|                          gmem_w1|       pointer|
|m_axi_gmem_w1_AWUSER    |  out|    1|       m_axi|                          gmem_w1|       pointer|
|m_axi_gmem_w1_WVALID    |  out|    1|       m_axi|                          gmem_w1|       pointer|
|m_axi_gmem_w1_WREADY    |   in|    1|       m_axi|                          gmem_w1|       pointer|
|m_axi_gmem_w1_WDATA     |  out|  512|       m_axi|                          gmem_w1|       pointer|
|m_axi_gmem_w1_WSTRB     |  out|   64|       m_axi|                          gmem_w1|       pointer|
|m_axi_gmem_w1_WLAST     |  out|    1|       m_axi|                          gmem_w1|       pointer|
|m_axi_gmem_w1_WID       |  out|    1|       m_axi|                          gmem_w1|       pointer|
|m_axi_gmem_w1_WUSER     |  out|    1|       m_axi|                          gmem_w1|       pointer|
|m_axi_gmem_w1_ARVALID   |  out|    1|       m_axi|                          gmem_w1|       pointer|
|m_axi_gmem_w1_ARREADY   |   in|    1|       m_axi|                          gmem_w1|       pointer|
|m_axi_gmem_w1_ARADDR    |  out|   64|       m_axi|                          gmem_w1|       pointer|
|m_axi_gmem_w1_ARID      |  out|    1|       m_axi|                          gmem_w1|       pointer|
|m_axi_gmem_w1_ARLEN     |  out|    8|       m_axi|                          gmem_w1|       pointer|
|m_axi_gmem_w1_ARSIZE    |  out|    3|       m_axi|                          gmem_w1|       pointer|
|m_axi_gmem_w1_ARBURST   |  out|    2|       m_axi|                          gmem_w1|       pointer|
|m_axi_gmem_w1_ARLOCK    |  out|    2|       m_axi|                          gmem_w1|       pointer|
|m_axi_gmem_w1_ARCACHE   |  out|    4|       m_axi|                          gmem_w1|       pointer|
|m_axi_gmem_w1_ARPROT    |  out|    3|       m_axi|                          gmem_w1|       pointer|
|m_axi_gmem_w1_ARQOS     |  out|    4|       m_axi|                          gmem_w1|       pointer|
|m_axi_gmem_w1_ARREGION  |  out|    4|       m_axi|                          gmem_w1|       pointer|
|m_axi_gmem_w1_ARUSER    |  out|    1|       m_axi|                          gmem_w1|       pointer|
|m_axi_gmem_w1_RVALID    |   in|    1|       m_axi|                          gmem_w1|       pointer|
|m_axi_gmem_w1_RREADY    |  out|    1|       m_axi|                          gmem_w1|       pointer|
|m_axi_gmem_w1_RDATA     |   in|  512|       m_axi|                          gmem_w1|       pointer|
|m_axi_gmem_w1_RLAST     |   in|    1|       m_axi|                          gmem_w1|       pointer|
|m_axi_gmem_w1_RID       |   in|    1|       m_axi|                          gmem_w1|       pointer|
|m_axi_gmem_w1_RUSER     |   in|    1|       m_axi|                          gmem_w1|       pointer|
|m_axi_gmem_w1_RRESP     |   in|    2|       m_axi|                          gmem_w1|       pointer|
|m_axi_gmem_w1_BVALID    |   in|    1|       m_axi|                          gmem_w1|       pointer|
|m_axi_gmem_w1_BREADY    |  out|    1|       m_axi|                          gmem_w1|       pointer|
|m_axi_gmem_w1_BRESP     |   in|    2|       m_axi|                          gmem_w1|       pointer|
|m_axi_gmem_w1_BID       |   in|    1|       m_axi|                          gmem_w1|       pointer|
|m_axi_gmem_w1_BUSER     |   in|    1|       m_axi|                          gmem_w1|       pointer|
|attn_mid_stream_TDATA   |   in|  512|        axis|                  attn_mid_stream|       pointer|
|attn_mid_stream_TVALID  |   in|    1|        axis|                  attn_mid_stream|       pointer|
|attn_mid_stream_TREADY  |  out|    1|        axis|                  attn_mid_stream|       pointer|
|gelu_stream_TDATA       |  out|  512|        axis|                      gelu_stream|       pointer|
|gelu_stream_TVALID      |  out|    1|        axis|                      gelu_stream|       pointer|
|gelu_stream_TREADY      |   in|    1|        axis|                      gelu_stream|       pointer|
+------------------------+-----+-----+------------+---------------------------------+--------------+

