

================================================================
== Vitis HLS Report for 'v15_ffn_up_tilemajor_producer_Pipeline_v15_up_init_s'
================================================================
* Date:           Wed Jul 15 12:23:26 2026

* Version:        2022.1 (Build 3526262 on Mon Apr 18 15:47:01 MDT 2022)
* Project:        proj_bert_ffn_up_gelu_12layer_kernel
* Solution:       solution1 (Vivado IP Flow Target)
* Product family: virtexuplus
* Target device:  xcu250-figd2104-2L-e


================================================================
== Performance Estimates
================================================================
+ Timing: 
    * Summary: 
    +--------+---------+----------+------------+
    |  Clock |  Target | Estimated| Uncertainty|
    +--------+---------+----------+------------+
    |ap_clk  |  3.33 ns|  1.777 ns|     0.90 ns|
    +--------+---------+----------+------------+

+ Latency: 
    * Summary: 
    +---------+---------+----------+----------+-----+-----+---------+
    |  Latency (cycles) |  Latency (absolute) |  Interval | Pipeline|
    |   min   |   max   |    min   |    max   | min | max |   Type  |
    +---------+---------+----------+----------+-----+-----+---------+
    |      130|      130|  0.433 us|  0.433 us|  130|  130|       no|
    +---------+---------+----------+----------+-----+-----+---------+

    + Detail: 
        * Instance: 
        N/A

        * Loop: 
        +-----------------+---------+---------+----------+-----------+-----------+------+----------+
        |                 |  Latency (cycles) | Iteration|  Initiation Interval  | Trip |          |
        |    Loop Name    |   min   |   max   |  Latency |  achieved |   target  | Count| Pipelined|
        +-----------------+---------+---------+----------+-----------+-----------+------+----------+
        |- v15_up_init_s  |      128|      128|         1|          1|          1|   128|       yes|
        +-----------------+---------+---------+----------+-----------+-----------+------+----------+



================================================================
== Utilization Estimates
================================================================
* Summary: 
+---------------------+---------+-------+---------+---------+------+
|         Name        | BRAM_18K|  DSP  |    FF   |   LUT   | URAM |
+---------------------+---------+-------+---------+---------+------+
|DSP                  |        -|      -|        -|        -|     -|
|Expression           |        -|      -|        0|       26|     -|
|FIFO                 |        -|      -|        -|        -|     -|
|Instance             |        -|      -|        -|        -|     -|
|Memory               |        -|      -|        -|        -|     -|
|Multiplexer          |        -|      -|        -|       27|     -|
|Register             |        -|      -|       10|        -|     -|
+---------------------+---------+-------+---------+---------+------+
|Total                |        0|      0|       10|       53|     0|
+---------------------+---------+-------+---------+---------+------+
|Available SLR        |     1344|   3072|   864000|   432000|   320|
+---------------------+---------+-------+---------+---------+------+
|Utilization SLR (%)  |        0|      0|       ~0|       ~0|     0|
+---------------------+---------+-------+---------+---------+------+
|Available            |     5376|  12288|  3456000|  1728000|  1280|
+---------------------+---------+-------+---------+---------+------+
|Utilization (%)      |        0|      0|       ~0|       ~0|     0|
+---------------------+---------+-------+---------+---------+------+

+ Detail: 
    * Instance: 
    N/A

    * DSP: 
    N/A

    * Memory: 
    N/A

    * FIFO: 
    N/A

    * Expression: 
    +----------------------+----------+----+---+----+------------+------------+
    |     Variable Name    | Operation| DSP| FF| LUT| Bitwidth P0| Bitwidth P1|
    +----------------------+----------+----+---+----+------------+------------+
    |add_ln344_fu_502_p2   |         +|   0|  0|  15|           8|           1|
    |icmp_ln344_fu_496_p2  |      icmp|   0|  0|  11|           8|           9|
    +----------------------+----------+----+---+----+------------+------------+
    |Total                 |          |   0|  0|  26|          16|          10|
    +----------------------+----------+----+---+----+------------+------------+

    * Multiplexer: 
    +----------------------+----+-----------+-----+-----------+
    |         Name         | LUT| Input Size| Bits| Total Bits|
    +----------------------+----+-----------+-----+-----------+
    |ap_done_int           |   9|          2|    1|          2|
    |ap_sig_allocacmp_s_2  |   9|          2|    8|         16|
    |s_fu_100              |   9|          2|    8|         16|
    +----------------------+----+-----------+-----+-----------+
    |Total                 |  27|          6|   17|         34|
    +----------------------+----+-----------+-----+-----------+

    * Register: 
    +-------------+---+----+-----+-----------+
    |     Name    | FF| LUT| Bits| Const Bits|
    +-------------+---+----+-----+-----------+
    |ap_CS_fsm    |  1|   0|    1|          0|
    |ap_done_reg  |  1|   0|    1|          0|
    |s_fu_100     |  8|   0|    8|          0|
    +-------------+---+----+-----+-----------+
    |Total        | 10|   0|   10|          0|
    +-------------+---+----+-----+-----------+



================================================================
== Interface
================================================================
* Summary: 
+-----------------+-----+-----+------------+------------------------------------------------------+--------------+
|    RTL Ports    | Dir | Bits|  Protocol  |                     Source Object                    |    C Type    |
+-----------------+-----+-----+------------+------------------------------------------------------+--------------+
|ap_clk           |   in|    1|  ap_ctrl_hs|  v15_ffn_up_tilemajor_producer_Pipeline_v15_up_init_s|  return value|
|ap_rst           |   in|    1|  ap_ctrl_hs|  v15_ffn_up_tilemajor_producer_Pipeline_v15_up_init_s|  return value|
|ap_start         |   in|    1|  ap_ctrl_hs|  v15_ffn_up_tilemajor_producer_Pipeline_v15_up_init_s|  return value|
|ap_done          |  out|    1|  ap_ctrl_hs|  v15_ffn_up_tilemajor_producer_Pipeline_v15_up_init_s|  return value|
|ap_idle          |  out|    1|  ap_ctrl_hs|  v15_ffn_up_tilemajor_producer_Pipeline_v15_up_init_s|  return value|
|ap_ready         |  out|    1|  ap_ctrl_hs|  v15_ffn_up_tilemajor_producer_Pipeline_v15_up_init_s|  return value|
|acc_address1     |  out|    7|   ap_memory|                                                   acc|         array|
|acc_ce1          |  out|    1|   ap_memory|                                                   acc|         array|
|acc_we1          |  out|    1|   ap_memory|                                                   acc|         array|
|acc_d1           |  out|   32|   ap_memory|                                                   acc|         array|
|empty_37         |   in|   32|     ap_none|                                              empty_37|        scalar|
|acc_1_address1   |  out|    7|   ap_memory|                                                 acc_1|         array|
|acc_1_ce1        |  out|    1|   ap_memory|                                                 acc_1|         array|
|acc_1_we1        |  out|    1|   ap_memory|                                                 acc_1|         array|
|acc_1_d1         |  out|   32|   ap_memory|                                                 acc_1|         array|
|empty_38         |   in|   32|     ap_none|                                              empty_38|        scalar|
|acc_2_address1   |  out|    7|   ap_memory|                                                 acc_2|         array|
|acc_2_ce1        |  out|    1|   ap_memory|                                                 acc_2|         array|
|acc_2_we1        |  out|    1|   ap_memory|                                                 acc_2|         array|
|acc_2_d1         |  out|   32|   ap_memory|                                                 acc_2|         array|
|empty_39         |   in|   32|     ap_none|                                              empty_39|        scalar|
|acc_3_address1   |  out|    7|   ap_memory|                                                 acc_3|         array|
|acc_3_ce1        |  out|    1|   ap_memory|                                                 acc_3|         array|
|acc_3_we1        |  out|    1|   ap_memory|                                                 acc_3|         array|
|acc_3_d1         |  out|   32|   ap_memory|                                                 acc_3|         array|
|empty_40         |   in|   32|     ap_none|                                              empty_40|        scalar|
|acc_4_address1   |  out|    7|   ap_memory|                                                 acc_4|         array|
|acc_4_ce1        |  out|    1|   ap_memory|                                                 acc_4|         array|
|acc_4_we1        |  out|    1|   ap_memory|                                                 acc_4|         array|
|acc_4_d1         |  out|   32|   ap_memory|                                                 acc_4|         array|
|empty_41         |   in|   32|     ap_none|                                              empty_41|        scalar|
|acc_5_address1   |  out|    7|   ap_memory|                                                 acc_5|         array|
|acc_5_ce1        |  out|    1|   ap_memory|                                                 acc_5|         array|
|acc_5_we1        |  out|    1|   ap_memory|                                                 acc_5|         array|
|acc_5_d1         |  out|   32|   ap_memory|                                                 acc_5|         array|
|empty_42         |   in|   32|     ap_none|                                              empty_42|        scalar|
|acc_6_address1   |  out|    7|   ap_memory|                                                 acc_6|         array|
|acc_6_ce1        |  out|    1|   ap_memory|                                                 acc_6|         array|
|acc_6_we1        |  out|    1|   ap_memory|                                                 acc_6|         array|
|acc_6_d1         |  out|   32|   ap_memory|                                                 acc_6|         array|
|empty_43         |   in|   32|     ap_none|                                              empty_43|        scalar|
|acc_7_address1   |  out|    7|   ap_memory|                                                 acc_7|         array|
|acc_7_ce1        |  out|    1|   ap_memory|                                                 acc_7|         array|
|acc_7_we1        |  out|    1|   ap_memory|                                                 acc_7|         array|
|acc_7_d1         |  out|   32|   ap_memory|                                                 acc_7|         array|
|empty_44         |   in|   32|     ap_none|                                              empty_44|        scalar|
|acc_8_address1   |  out|    7|   ap_memory|                                                 acc_8|         array|
|acc_8_ce1        |  out|    1|   ap_memory|                                                 acc_8|         array|
|acc_8_we1        |  out|    1|   ap_memory|                                                 acc_8|         array|
|acc_8_d1         |  out|   32|   ap_memory|                                                 acc_8|         array|
|empty_45         |   in|   32|     ap_none|                                              empty_45|        scalar|
|acc_9_address1   |  out|    7|   ap_memory|                                                 acc_9|         array|
|acc_9_ce1        |  out|    1|   ap_memory|                                                 acc_9|         array|
|acc_9_we1        |  out|    1|   ap_memory|                                                 acc_9|         array|
|acc_9_d1         |  out|   32|   ap_memory|                                                 acc_9|         array|
|empty_46         |   in|   32|     ap_none|                                              empty_46|        scalar|
|acc_10_address1  |  out|    7|   ap_memory|                                                acc_10|         array|
|acc_10_ce1       |  out|    1|   ap_memory|                                                acc_10|         array|
|acc_10_we1       |  out|    1|   ap_memory|                                                acc_10|         array|
|acc_10_d1        |  out|   32|   ap_memory|                                                acc_10|         array|
|empty_47         |   in|   32|     ap_none|                                              empty_47|        scalar|
|acc_11_address1  |  out|    7|   ap_memory|                                                acc_11|         array|
|acc_11_ce1       |  out|    1|   ap_memory|                                                acc_11|         array|
|acc_11_we1       |  out|    1|   ap_memory|                                                acc_11|         array|
|acc_11_d1        |  out|   32|   ap_memory|                                                acc_11|         array|
|empty_48         |   in|   32|     ap_none|                                              empty_48|        scalar|
|acc_12_address1  |  out|    7|   ap_memory|                                                acc_12|         array|
|acc_12_ce1       |  out|    1|   ap_memory|                                                acc_12|         array|
|acc_12_we1       |  out|    1|   ap_memory|                                                acc_12|         array|
|acc_12_d1        |  out|   32|   ap_memory|                                                acc_12|         array|
|empty_49         |   in|   32|     ap_none|                                              empty_49|        scalar|
|acc_13_address1  |  out|    7|   ap_memory|                                                acc_13|         array|
|acc_13_ce1       |  out|    1|   ap_memory|                                                acc_13|         array|
|acc_13_we1       |  out|    1|   ap_memory|                                                acc_13|         array|
|acc_13_d1        |  out|   32|   ap_memory|                                                acc_13|         array|
|empty_50         |   in|   32|     ap_none|                                              empty_50|        scalar|
|acc_14_address1  |  out|    7|   ap_memory|                                                acc_14|         array|
|acc_14_ce1       |  out|    1|   ap_memory|                                                acc_14|         array|
|acc_14_we1       |  out|    1|   ap_memory|                                                acc_14|         array|
|acc_14_d1        |  out|   32|   ap_memory|                                                acc_14|         array|
|empty_51         |   in|   32|     ap_none|                                              empty_51|        scalar|
|acc_15_address1  |  out|    7|   ap_memory|                                                acc_15|         array|
|acc_15_ce1       |  out|    1|   ap_memory|                                                acc_15|         array|
|acc_15_we1       |  out|    1|   ap_memory|                                                acc_15|         array|
|acc_15_d1        |  out|   32|   ap_memory|                                                acc_15|         array|
|empty            |   in|   32|     ap_none|                                                 empty|        scalar|
+-----------------+-----+-----+------------+------------------------------------------------------+--------------+

