==============================================================
Vitis HLS - High-Level Synthesis from C, C++ and OpenCL v2022.1 (64-bit)
Tool Version Limit: 2022.04
Copyright 1986-2022 Xilinx, Inc. All Rights Reserved.
==============================================================
INFO: [HLS 200-1505] Using flow_target 'vivado'
INFO: [HLS 200-435] Setting 'open_solution -flow_target vivado' configuration: config_interface -m_axi_latency=0
INFO: [HLS 200-1510] Running: set_part xcu250-figd2104-2L-e 
INFO: [HLS 200-1611] Setting target device to 'xcu250-figd2104-2L-e'
INFO: [HLS 200-1510] Running: create_clock -period 3.333 -name default 
INFO: [SYN 201-201] Setting up clock 'default' with a period of 3.333ns.
INFO: [HLS 200-1510] Running: csynth_design 
INFO: [HLS 200-111] Finished File checks and directory preparation: CPU user time: 0 seconds. CPU system time: 0 seconds. Elapsed time: 0 seconds; current allocated memory: 1.214 GB.
INFO: [HLS 200-10] Analyzing design file '/home/minhphat/split_kernel/kernels/bert_attn_out_norm_residual_kernel.cpp' ... 
INFO: [HLS 200-111] Finished Source Code Analysis and Preprocessing: CPU user time: 11.76 seconds. CPU system time: 0.6 seconds. Elapsed time: 11.29 seconds; current allocated memory: 217.363 MB.
INFO: [HLS 200-777] Using interface defaults for 'Vivado' flow target.
INFO: [HLS 214-131] Inlining function 'uint32_to_float(unsigned int)' into 'unpack_bus16(ap_uint<512> const&, float*)' (/home/minhphat/split_kernel/include/bert_math.h:27:12)
INFO: [HLS 214-131] Inlining function 'unpack_bus16(ap_uint<512> const&, float*)' into 'load_residual(ap_uint<512> const*, float (*) [768])' (/home/minhphat/split_kernel/kernels/bert_attn_out_norm_residual_kernel.cpp:17:2)
INFO: [HLS 214-131] Inlining function 'unpack_bus16(ap_uint<512> const&, float*)' into 'load_output_bias32(ap_uint<512> const*, int, float*)' (/home/minhphat/split_kernel/kernels/bert_attn_out_norm_residual_kernel.cpp:60:2)
INFO: [HLS 214-131] Inlining function 'unpack_bus16(ap_uint<512> const&, float*)' into 'read_context_group(hls::stream<ap_uint<512>, 0>&, float (*) [128])' (/home/minhphat/split_kernel/kernels/bert_attn_out_norm_residual_kernel.cpp:39:2)
INFO: [HLS 214-131] Inlining function 'uint32_to_float(unsigned int)' into 'accumulate_projection_group(float (*) [128], ap_uint<512> const*, int, float (*) [768])' (/home/minhphat/split_kernel/kernels/bert_attn_out_norm_residual_kernel.cpp:124:16)
INFO: [HLS 214-131] Inlining function 'unpack_bus16(ap_uint<512> const&, float*)' into 'load_norm_parameters(ap_uint<512> const*, ap_uint<512> const*, float*, float*)' (/home/minhphat/split_kernel/kernels/bert_attn_out_norm_residual_kernel.cpp:200:2)
INFO: [HLS 214-131] Inlining function 'unpack_bus16(ap_uint<512> const&, float*)' into 'load_norm_parameters(ap_uint<512> const*, ap_uint<512> const*, float*, float*)' (/home/minhphat/split_kernel/kernels/bert_attn_out_norm_residual_kernel.cpp:201:9)
INFO: [HLS 214-131] Inlining function 'float_to_uint32(float)' into 'pack_bus16(float const*)' (/home/minhphat/split_kernel/include/bert_math.h:37:36)
INFO: [HLS 214-131] Inlining function 'hls::rsqrtf(float)' into 'residual_norm_and_write(float (*) [768], float (*) [768], ap_uint<512> const*, ap_uint<512> const*, ap_uint<512>*, hls::stream<ap_uint<512>, 0>&, hls::stream<ap_uint<512>, 0>&)' (/home/minhphat/split_kernel/kernels/bert_attn_out_norm_residual_kernel.cpp:262:31)
INFO: [HLS 214-131] Inlining function 'pack_bus16(float const*)' into 'residual_norm_and_write(float (*) [768], float (*) [768], ap_uint<512> const*, ap_uint<512> const*, ap_uint<512>*, hls::stream<ap_uint<512>, 0>&, hls::stream<ap_uint<512>, 0>&)' (/home/minhphat/split_kernel/kernels/bert_attn_out_norm_residual_kernel.cpp:276:32)
INFO: [HLS 214-291] Loop 'NORM_REDUCE_LANE' is marked as complete unroll implied by the pipeline pragma (/home/minhphat/split_kernel/kernels/bert_attn_out_norm_residual_kernel.cpp:245:13)
INFO: [HLS 214-291] Loop 'NORM_WRITE_LANE' is marked as complete unroll implied by the pipeline pragma (/home/minhphat/split_kernel/kernels/bert_attn_out_norm_residual_kernel.cpp:270:13)
INFO: [HLS 214-291] Loop 'VITIS_LOOP_35_1' is marked as complete unroll implied by the pipeline pragma (/home/minhphat/split_kernel/include/bert_math.h:35:22)
INFO: [HLS 214-291] Loop 'VITIS_LOOP_25_1' is marked as complete unroll implied by the pipeline pragma (/home/minhphat/split_kernel/include/bert_math.h:25:19)
INFO: [HLS 214-291] Loop 'LOAD_NORM_LANE' is marked as complete unroll implied by the pipeline pragma (/home/minhphat/split_kernel/kernels/bert_attn_out_norm_residual_kernel.cpp:203:9)
INFO: [HLS 214-291] Loop 'LOAD_OUT_WEIGHT_LANE' is marked as complete unroll implied by the pipeline pragma (/home/minhphat/split_kernel/kernels/bert_attn_out_norm_residual_kernel.cpp:122:17)
INFO: [HLS 214-291] Loop 'LOAD_OUT_X' is marked as complete unroll implied by the pipeline pragma (/home/minhphat/split_kernel/kernels/bert_attn_out_norm_residual_kernel.cpp:144:17)
INFO: [HLS 214-291] Loop 'INIT_OUT_PARTIAL' is marked as complete unroll implied by the pipeline pragma (/home/minhphat/split_kernel/kernels/bert_attn_out_norm_residual_kernel.cpp:149:17)
INFO: [HLS 214-291] Loop 'INIT_OUT_PARTIAL_LANE' is marked as complete unroll implied by the pipeline pragma (/home/minhphat/split_kernel/kernels/bert_attn_out_norm_residual_kernel.cpp:152:21)
INFO: [HLS 214-291] Loop 'OUT_DOT_HALF' is marked as complete unroll implied by the pipeline pragma (/home/minhphat/split_kernel/kernels/bert_attn_out_norm_residual_kernel.cpp:158:17)
INFO: [HLS 214-291] Loop 'OUT_DOT_OUTPUT' is marked as complete unroll implied by the pipeline pragma (/home/minhphat/split_kernel/kernels/bert_attn_out_norm_residual_kernel.cpp:160:21)
INFO: [HLS 214-291] Loop 'OUT_DOT_LANE' is marked as complete unroll implied by the pipeline pragma (/home/minhphat/split_kernel/kernels/bert_attn_out_norm_residual_kernel.cpp:163:25)
INFO: [HLS 214-291] Loop 'ACCUMULATE_ALL_OUTPUTS' is marked as complete unroll implied by the pipeline pragma (/home/minhphat/split_kernel/kernels/bert_attn_out_norm_residual_kernel.cpp:172:17)
INFO: [HLS 214-291] Loop 'READ_CONTEXT_GROUP_LANE' is marked as complete unroll implied by the pipeline pragma (/home/minhphat/split_kernel/kernels/bert_attn_out_norm_residual_kernel.cpp:41:13)
INFO: [HLS 214-291] Loop 'INIT_PROJECTION_LANE' is marked as complete unroll implied by the pipeline pragma (/home/minhphat/split_kernel/kernels/bert_attn_out_norm_residual_kernel.cpp:88:17)
INFO: [HLS 214-291] Loop 'LOAD_OUT_BIAS_LANE' is marked as complete unroll implied by the pipeline pragma (/home/minhphat/split_kernel/kernels/bert_attn_out_norm_residual_kernel.cpp:62:9)
INFO: [HLS 214-291] Loop 'LOAD_RESIDUAL_LANE' is marked as complete unroll implied by the pipeline pragma (/home/minhphat/split_kernel/kernels/bert_attn_out_norm_residual_kernel.cpp:19:13)
INFO: [HLS 214-186] Unrolling loop 'NORM_BANK_INIT' (/home/minhphat/split_kernel/kernels/bert_attn_out_norm_residual_kernel.cpp:236:9) in function 'residual_norm_and_write' completely with a factor of 16 (/home/minhphat/split_kernel/kernels/bert_attn_out_norm_residual_kernel.cpp:219:0)
INFO: [HLS 214-186] Unrolling loop 'NORM_REDUCE_LANE' (/home/minhphat/split_kernel/kernels/bert_attn_out_norm_residual_kernel.cpp:245:13) in function 'residual_norm_and_write' completely with a factor of 16 (/home/minhphat/split_kernel/kernels/bert_attn_out_norm_residual_kernel.cpp:219:0)
INFO: [HLS 214-186] Unrolling loop 'NORM_WRITE_LANE' (/home/minhphat/split_kernel/kernels/bert_attn_out_norm_residual_kernel.cpp:270:13) in function 'residual_norm_and_write' completely with a factor of 16 (/home/minhphat/split_kernel/kernels/bert_attn_out_norm_residual_kernel.cpp:219:0)
INFO: [HLS 214-186] Unrolling loop 'VITIS_LOOP_35_1' (/home/minhphat/split_kernel/include/bert_math.h:35:22) in function 'residual_norm_and_write' completely with a factor of 16 (/home/minhphat/split_kernel/kernels/bert_attn_out_norm_residual_kernel.cpp:219:0)
INFO: [HLS 214-186] Unrolling loop 'VITIS_LOOP_25_1' (/home/minhphat/split_kernel/include/bert_math.h:25:19) in function 'load_norm_parameters' completely with a factor of 16 (/home/minhphat/split_kernel/kernels/bert_attn_out_norm_residual_kernel.cpp:191:0)
INFO: [HLS 214-186] Unrolling loop 'LOAD_NORM_LANE' (/home/minhphat/split_kernel/kernels/bert_attn_out_norm_residual_kernel.cpp:203:9) in function 'load_norm_parameters' completely with a factor of 16 (/home/minhphat/split_kernel/kernels/bert_attn_out_norm_residual_kernel.cpp:191:0)
INFO: [HLS 214-186] Unrolling loop 'LOAD_OUT_WEIGHT_LANE' (/home/minhphat/split_kernel/kernels/bert_attn_out_norm_residual_kernel.cpp:122:17) in function 'accumulate_projection_group' completely with a factor of 16 (/home/minhphat/split_kernel/kernels/bert_attn_out_norm_residual_kernel.cpp:102:0)
INFO: [HLS 214-186] Unrolling loop 'LOAD_OUT_X' (/home/minhphat/split_kernel/kernels/bert_attn_out_norm_residual_kernel.cpp:144:17) in function 'accumulate_projection_group' completely with a factor of 16 (/home/minhphat/split_kernel/kernels/bert_attn_out_norm_residual_kernel.cpp:102:0)
INFO: [HLS 214-186] Unrolling loop 'INIT_OUT_PARTIAL' (/home/minhphat/split_kernel/kernels/bert_attn_out_norm_residual_kernel.cpp:149:17) in function 'accumulate_projection_group' completely with a factor of 8 (/home/minhphat/split_kernel/kernels/bert_attn_out_norm_residual_kernel.cpp:102:0)
INFO: [HLS 214-186] Unrolling loop 'INIT_OUT_PARTIAL_LANE' (/home/minhphat/split_kernel/kernels/bert_attn_out_norm_residual_kernel.cpp:152:21) in function 'accumulate_projection_group' completely with a factor of 8 (/home/minhphat/split_kernel/kernels/bert_attn_out_norm_residual_kernel.cpp:102:0)
INFO: [HLS 214-186] Unrolling loop 'OUT_DOT_HALF' (/home/minhphat/split_kernel/kernels/bert_attn_out_norm_residual_kernel.cpp:158:17) in function 'accumulate_projection_group' completely with a factor of 2 (/home/minhphat/split_kernel/kernels/bert_attn_out_norm_residual_kernel.cpp:102:0)
INFO: [HLS 214-186] Unrolling loop 'OUT_DOT_OUTPUT' (/home/minhphat/split_kernel/kernels/bert_attn_out_norm_residual_kernel.cpp:160:21) in function 'accumulate_projection_group' completely with a factor of 8 (/home/minhphat/split_kernel/kernels/bert_attn_out_norm_residual_kernel.cpp:102:0)
INFO: [HLS 214-186] Unrolling loop 'OUT_DOT_LANE' (/home/minhphat/split_kernel/kernels/bert_attn_out_norm_residual_kernel.cpp:163:25) in function 'accumulate_projection_group' completely with a factor of 8 (/home/minhphat/split_kernel/kernels/bert_attn_out_norm_residual_kernel.cpp:102:0)
INFO: [HLS 214-186] Unrolling loop 'ACCUMULATE_ALL_OUTPUTS' (/home/minhphat/split_kernel/kernels/bert_attn_out_norm_residual_kernel.cpp:172:17) in function 'accumulate_projection_group' completely with a factor of 8 (/home/minhphat/split_kernel/kernels/bert_attn_out_norm_residual_kernel.cpp:102:0)
INFO: [HLS 214-186] Unrolling loop 'VITIS_LOOP_25_1' (/home/minhphat/split_kernel/include/bert_math.h:25:19) in function 'read_context_group' completely with a factor of 16 (/home/minhphat/split_kernel/kernels/bert_attn_out_norm_residual_kernel.cpp:30:0)
INFO: [HLS 214-186] Unrolling loop 'READ_CONTEXT_GROUP_LANE' (/home/minhphat/split_kernel/kernels/bert_attn_out_norm_residual_kernel.cpp:41:13) in function 'read_context_group' completely with a factor of 16 (/home/minhphat/split_kernel/kernels/bert_attn_out_norm_residual_kernel.cpp:30:0)
INFO: [HLS 214-186] Unrolling loop 'INIT_PROJECTION_LANE' (/home/minhphat/split_kernel/kernels/bert_attn_out_norm_residual_kernel.cpp:88:17) in function 'initialize_projection' completely with a factor of 8 (/home/minhphat/split_kernel/kernels/bert_attn_out_norm_residual_kernel.cpp:72:0)
INFO: [HLS 214-186] Unrolling loop 'VITIS_LOOP_25_1' (/home/minhphat/split_kernel/include/bert_math.h:25:19) in function 'load_output_bias32' completely with a factor of 16 (/home/minhphat/split_kernel/kernels/bert_attn_out_norm_residual_kernel.cpp:53:0)
INFO: [HLS 214-186] Unrolling loop 'LOAD_OUT_BIAS_LANE' (/home/minhphat/split_kernel/kernels/bert_attn_out_norm_residual_kernel.cpp:62:9) in function 'load_output_bias32' completely with a factor of 16 (/home/minhphat/split_kernel/kernels/bert_attn_out_norm_residual_kernel.cpp:53:0)
INFO: [HLS 214-186] Unrolling loop 'VITIS_LOOP_25_1' (/home/minhphat/split_kernel/include/bert_math.h:25:19) in function 'load_residual' completely with a factor of 16 (/home/minhphat/split_kernel/kernels/bert_attn_out_norm_residual_kernel.cpp:8:0)
INFO: [HLS 214-186] Unrolling loop 'LOAD_RESIDUAL_LANE' (/home/minhphat/split_kernel/kernels/bert_attn_out_norm_residual_kernel.cpp:19:13) in function 'load_residual' completely with a factor of 16 (/home/minhphat/split_kernel/kernels/bert_attn_out_norm_residual_kernel.cpp:8:0)
INFO: [HLS 214-248] Applying array_partition to 'bias_tile': Cyclic partitioning with factor 8 on dimension 1. (/home/minhphat/split_kernel/kernels/bert_attn_out_norm_residual_kernel.cpp:75:11)
INFO: [HLS 214-248] Applying array_partition to 'wtile': Cyclic partitioning with factor 8 on dimension 1. Cyclic partitioning with factor 8 on dimension 2. (/home/minhphat/split_kernel/kernels/bert_attn_out_norm_residual_kernel.cpp:105:11)
INFO: [HLS 214-248] Applying array_partition to 'x': Complete partitioning on dimension 1. (/home/minhphat/split_kernel/kernels/bert_attn_out_norm_residual_kernel.cpp:134:23)
INFO: [HLS 214-248] Applying array_partition to 'partial': Complete partitioning on dimension 1. Complete partitioning on dimension 2. (/home/minhphat/split_kernel/kernels/bert_attn_out_norm_residual_kernel.cpp:136:23)
INFO: [HLS 214-248] Applying array_partition to 'glane': Complete partitioning on dimension 1. (/home/minhphat/split_kernel/kernels/bert_attn_out_norm_residual_kernel.cpp:196:8)
INFO: [HLS 214-248] Applying array_partition to 'blane': Complete partitioning on dimension 1. (/home/minhphat/split_kernel/kernels/bert_attn_out_norm_residual_kernel.cpp:197:15)
INFO: [HLS 214-248] Applying array_partition to 'sum_bank': Complete partitioning on dimension 1. (/home/minhphat/split_kernel/kernels/bert_attn_out_norm_residual_kernel.cpp:231:15)
INFO: [HLS 214-248] Applying array_partition to 'square_bank': Complete partitioning on dimension 1. (/home/minhphat/split_kernel/kernels/bert_attn_out_norm_residual_kernel.cpp:232:15)
INFO: [HLS 214-248] Applying array_partition to 'lane': Complete partitioning on dimension 1. (/home/minhphat/split_kernel/kernels/bert_attn_out_norm_residual_kernel.cpp:267:8)
INFO: [HLS 214-241] Aggregating maxi variable 'attn_mid_ddr' with compact=none mode in 512-bits
INFO: [HLS 214-241] Aggregating maxi variable 'attn_norm_beta_all' with compact=none mode in 512-bits
INFO: [HLS 214-241] Aggregating maxi variable 'attn_norm_gamma_all' with compact=none mode in 512-bits
INFO: [HLS 214-241] Aggregating maxi variable 'attn_o_b_all' with compact=none mode in 512-bits
INFO: [HLS 214-241] Aggregating maxi variable 'attn_o_w_all' with compact=none mode in 512-bits
INFO: [HLS 214-241] Aggregating maxi variable 'residual_in' with compact=none mode in 512-bits
INFO: [HLS 214-248] Applying array_reshape to 'gamma_cache': Cyclic reshaping with factor 16 on dimension 1. (/home/minhphat/split_kernel/kernels/bert_attn_out_norm_residual_kernel.cpp:221:8)
INFO: [HLS 214-248] Applying array_reshape to 'beta_cache': Cyclic reshaping with factor 16 on dimension 1. (/home/minhphat/split_kernel/kernels/bert_attn_out_norm_residual_kernel.cpp:222:11)
INFO: [HLS 214-248] Applying array_reshape to 'context_group': Cyclic reshaping with factor 8 on dimension 2. (/home/minhphat/split_kernel/kernels/bert_attn_out_norm_residual_kernel.cpp:326:11)
INFO: [HLS 214-248] Applying array_reshape to 'residual': Cyclic reshaping with factor 16 on dimension 2. (/home/minhphat/split_kernel/kernels/bert_attn_out_norm_residual_kernel.cpp:327:11)
INFO: [HLS 214-248] Applying array_reshape to 'projected': Cyclic reshaping with factor 8 on dimension 2. (/home/minhphat/split_kernel/kernels/bert_attn_out_norm_residual_kernel.cpp:328:11)
INFO: [HLS 214-115] Multiple burst reads of length 6144 and bit width 512 in loop 'LOAD_RESIDUAL_ROW'(/home/minhphat/split_kernel/kernels/bert_attn_out_norm_residual_kernel.cpp:11:5) has been inferred on bundle 'gmem_hidden'. These burst requests might be further partitioned into multiple requests during RTL generation, based on max_read_burst_length or max_write_burst_length settings. (/home/minhphat/split_kernel/kernels/bert_attn_out_norm_residual_kernel.cpp:11:5)
INFO: [HLS 214-115] Multiple burst reads of length 2 and bit width 512 in loop 'LOAD_OUT_BIAS_PACK'(/home/minhphat/split_kernel/kernels/bert_attn_out_norm_residual_kernel.cpp:56:5) has been inferred on bundle 'gmem_o'. These burst requests might be further partitioned into multiple requests during RTL generation, based on max_read_burst_length or max_write_burst_length settings. (/home/minhphat/split_kernel/kernels/bert_attn_out_norm_residual_kernel.cpp:56:5)
INFO: [HLS 214-115] Multiple burst reads of length 6144 and bit width 512 has been inferred on bundle 'gmem_o'. These burst requests might be further partitioned into multiple requests during RTL generation, based on max_read_burst_length or max_write_burst_length settings. (/home/minhphat/split_kernel/kernels/bert_attn_out_norm_residual_kernel.cpp:110:5)
INFO: [HLS 214-115] Multiple burst writes of length 6144 and bit width 512 in loop 'NORM_ROW'(/home/minhphat/split_kernel/kernels/bert_attn_out_norm_residual_kernel.cpp:230:5) has been inferred on bundle 'gmem_attn_mid'. These burst requests might be further partitioned into multiple requests during RTL generation, based on max_read_burst_length or max_write_burst_length settings. (/home/minhphat/split_kernel/kernels/bert_attn_out_norm_residual_kernel.cpp:230:5)
INFO: [HLS 214-131] Inlining function '_llvm.fpga.pack.none.i512.s_struct.ap_uint<512>s' into 'residual_norm_and_write(float (*) [768], float (*) [768], ap_uint<512> const*, ap_uint<512> const*, ap_uint<512>*, hls::stream<ap_uint<512>, 0>&, hls::stream<ap_uint<512>, 0>&) (.1)' (/tools/Xilinx/Vitis_HLS/2022.1/common/technology/autopilot/hls_stream_39.h:174:9)
INFO: [HLS 200-111] Finished Compiling Optimization and Transform: CPU user time: 2.44 seconds. CPU system time: 0.24 seconds. Elapsed time: 2.79 seconds; current allocated memory: 217.855 MB.
INFO: [HLS 200-111] Finished Checking Pragmas: CPU user time: 0 seconds. CPU system time: 0 seconds. Elapsed time: 0 seconds; current allocated memory: 217.855 MB.
INFO: [HLS 200-10] Starting code transformations ...
INFO: [HLS 200-111] Finished Standard Transforms: CPU user time: 0.08 seconds. CPU system time: 0 seconds. Elapsed time: 0.08 seconds; current allocated memory: 220.266 MB.
INFO: [HLS 200-10] Checking synthesizability ...
INFO: [HLS 200-111] Finished Checking Synthesizability: CPU user time: 0.07 seconds. CPU system time: 0 seconds. Elapsed time: 0.07 seconds; current allocated memory: 223.203 MB.
INFO: [XFORM 203-510] Pipelining loop 'NORM_BANK_REDUCE' (/home/minhphat/split_kernel/kernels/bert_attn_out_norm_residual_kernel.cpp:253) in function 'residual_norm_and_write' automatically.
INFO: [XFORM 203-102] Partitioning array 'wtile' (/home/minhphat/split_kernel/kernels/bert_attn_out_norm_residual_kernel.cpp:105) in dimension 2 automatically.
INFO: [XFORM 203-102] Partitioning array 'wtile.1' (/home/minhphat/split_kernel/kernels/bert_attn_out_norm_residual_kernel.cpp:105) in dimension 2 automatically.
INFO: [XFORM 203-102] Partitioning array 'wtile.2' (/home/minhphat/split_kernel/kernels/bert_attn_out_norm_residual_kernel.cpp:105) in dimension 2 automatically.
INFO: [XFORM 203-102] Partitioning array 'wtile.3' (/home/minhphat/split_kernel/kernels/bert_attn_out_norm_residual_kernel.cpp:105) in dimension 2 automatically.
INFO: [XFORM 203-102] Partitioning array 'wtile.4' (/home/minhphat/split_kernel/kernels/bert_attn_out_norm_residual_kernel.cpp:105) in dimension 2 automatically.
INFO: [XFORM 203-102] Partitioning array 'wtile.5' (/home/minhphat/split_kernel/kernels/bert_attn_out_norm_residual_kernel.cpp:105) in dimension 2 automatically.
INFO: [XFORM 203-102] Partitioning array 'wtile.6' (/home/minhphat/split_kernel/kernels/bert_attn_out_norm_residual_kernel.cpp:105) in dimension 2 automatically.
INFO: [XFORM 203-102] Partitioning array 'wtile.7' (/home/minhphat/split_kernel/kernels/bert_attn_out_norm_residual_kernel.cpp:105) in dimension 2 automatically.
INFO: [XFORM 203-102] Partitioning array 'wtile.8' (/home/minhphat/split_kernel/kernels/bert_attn_out_norm_residual_kernel.cpp:105) in dimension 2 automatically.
INFO: [XFORM 203-102] Partitioning array 'wtile.9' (/home/minhphat/split_kernel/kernels/bert_attn_out_norm_residual_kernel.cpp:105) in dimension 2 automatically.
INFO: [XFORM 203-102] Partitioning array 'wtile.10' (/home/minhphat/split_kernel/kernels/bert_attn_out_norm_residual_kernel.cpp:105) in dimension 2 automatically.
INFO: [XFORM 203-102] Partitioning array 'wtile.11' (/home/minhphat/split_kernel/kernels/bert_attn_out_norm_residual_kernel.cpp:105) in dimension 2 automatically.
INFO: [XFORM 203-102] Partitioning array 'wtile.12' (/home/minhphat/split_kernel/kernels/bert_attn_out_norm_residual_kernel.cpp:105) in dimension 2 automatically.
INFO: [XFORM 203-102] Partitioning array 'wtile.13' (/home/minhphat/split_kernel/kernels/bert_attn_out_norm_residual_kernel.cpp:105) in dimension 2 automatically.
INFO: [XFORM 203-102] Partitioning array 'wtile.14' (/home/minhphat/split_kernel/kernels/bert_attn_out_norm_residual_kernel.cpp:105) in dimension 2 automatically.
INFO: [XFORM 203-102] Partitioning array 'wtile.15' (/home/minhphat/split_kernel/kernels/bert_attn_out_norm_residual_kernel.cpp:105) in dimension 2 automatically.
INFO: [XFORM 203-102] Partitioning array 'wtile.16' (/home/minhphat/split_kernel/kernels/bert_attn_out_norm_residual_kernel.cpp:105) in dimension 2 automatically.
INFO: [XFORM 203-102] Partitioning array 'wtile.17' (/home/minhphat/split_kernel/kernels/bert_attn_out_norm_residual_kernel.cpp:105) in dimension 2 automatically.
INFO: [XFORM 203-102] Partitioning array 'wtile.18' (/home/minhphat/split_kernel/kernels/bert_attn_out_norm_residual_kernel.cpp:105) in dimension 2 automatically.
INFO: [XFORM 203-102] Partitioning array 'wtile.19' (/home/minhphat/split_kernel/kernels/bert_attn_out_norm_residual_kernel.cpp:105) in dimension 2 automatically.
INFO: [XFORM 203-102] Partitioning array 'wtile.20' (/home/minhphat/split_kernel/kernels/bert_attn_out_norm_residual_kernel.cpp:105) in dimension 2 automatically.
INFO: [XFORM 203-102] Partitioning array 'wtile.21' (/home/minhphat/split_kernel/kernels/bert_attn_out_norm_residual_kernel.cpp:105) in dimension 2 automatically.
INFO: [XFORM 203-102] Partitioning array 'wtile.22' (/home/minhphat/split_kernel/kernels/bert_attn_out_norm_residual_kernel.cpp:105) in dimension 2 automatically.
INFO: [XFORM 203-102] Partitioning array 'wtile.23' (/home/minhphat/split_kernel/kernels/bert_attn_out_norm_residual_kernel.cpp:105) in dimension 2 automatically.
INFO: [XFORM 203-102] Partitioning array 'wtile.24' (/home/minhphat/split_kernel/kernels/bert_attn_out_norm_residual_kernel.cpp:105) in dimension 2 automatically.
INFO: [XFORM 203-102] Partitioning array 'wtile.25' (/home/minhphat/split_kernel/kernels/bert_attn_out_norm_residual_kernel.cpp:105) in dimension 2 automatically.
INFO: [XFORM 203-102] Partitioning array 'wtile.26' (/home/minhphat/split_kernel/kernels/bert_attn_out_norm_residual_kernel.cpp:105) in dimension 2 automatically.
INFO: [XFORM 203-102] Partitioning array 'wtile.27' (/home/minhphat/split_kernel/kernels/bert_attn_out_norm_residual_kernel.cpp:105) in dimension 2 automatically.
INFO: [XFORM 203-102] Partitioning array 'wtile.28' (/home/minhphat/split_kernel/kernels/bert_attn_out_norm_residual_kernel.cpp:105) in dimension 2 automatically.
INFO: [XFORM 203-102] Partitioning array 'wtile.29' (/home/minhphat/split_kernel/kernels/bert_attn_out_norm_residual_kernel.cpp:105) in dimension 2 automatically.
INFO: [XFORM 203-102] Partitioning array 'wtile.30' (/home/minhphat/split_kernel/kernels/bert_attn_out_norm_residual_kernel.cpp:105) in dimension 2 automatically.
INFO: [XFORM 203-102] Partitioning array 'wtile.31' (/home/minhphat/split_kernel/kernels/bert_attn_out_norm_residual_kernel.cpp:105) in dimension 2 automatically.
INFO: [XFORM 203-102] Partitioning array 'wtile.32' (/home/minhphat/split_kernel/kernels/bert_attn_out_norm_residual_kernel.cpp:105) in dimension 2 automatically.
INFO: [XFORM 203-102] Partitioning array 'wtile.33' (/home/minhphat/split_kernel/kernels/bert_attn_out_norm_residual_kernel.cpp:105) in dimension 2 automatically.
INFO: [XFORM 203-102] Partitioning array 'wtile.34' (/home/minhphat/split_kernel/kernels/bert_attn_out_norm_residual_kernel.cpp:105) in dimension 2 automatically.
INFO: [XFORM 203-102] Partitioning array 'wtile.35' (/home/minhphat/split_kernel/kernels/bert_attn_out_norm_residual_kernel.cpp:105) in dimension 2 automatically.
INFO: [XFORM 203-102] Partitioning array 'wtile.36' (/home/minhphat/split_kernel/kernels/bert_attn_out_norm_residual_kernel.cpp:105) in dimension 2 automatically.
INFO: [XFORM 203-102] Partitioning array 'wtile.37' (/home/minhphat/split_kernel/kernels/bert_attn_out_norm_residual_kernel.cpp:105) in dimension 2 automatically.
INFO: [XFORM 203-102] Partitioning array 'wtile.38' (/home/minhphat/split_kernel/kernels/bert_attn_out_norm_residual_kernel.cpp:105) in dimension 2 automatically.
INFO: [XFORM 203-102] Partitioning array 'wtile.39' (/home/minhphat/split_kernel/kernels/bert_attn_out_norm_residual_kernel.cpp:105) in dimension 2 automatically.
INFO: [XFORM 203-102] Partitioning array 'wtile.40' (/home/minhphat/split_kernel/kernels/bert_attn_out_norm_residual_kernel.cpp:105) in dimension 2 automatically.
INFO: [XFORM 203-102] Partitioning array 'wtile.41' (/home/minhphat/split_kernel/kernels/bert_attn_out_norm_residual_kernel.cpp:105) in dimension 2 automatically.
INFO: [XFORM 203-102] Partitioning array 'wtile.42' (/home/minhphat/split_kernel/kernels/bert_attn_out_norm_residual_kernel.cpp:105) in dimension 2 automatically.
INFO: [XFORM 203-102] Partitioning array 'wtile.43' (/home/minhphat/split_kernel/kernels/bert_attn_out_norm_residual_kernel.cpp:105) in dimension 2 automatically.
INFO: [XFORM 203-102] Partitioning array 'wtile.44' (/home/minhphat/split_kernel/kernels/bert_attn_out_norm_residual_kernel.cpp:105) in dimension 2 automatically.
INFO: [XFORM 203-102] Partitioning array 'wtile.45' (/home/minhphat/split_kernel/kernels/bert_attn_out_norm_residual_kernel.cpp:105) in dimension 2 automatically.
INFO: [XFORM 203-102] Partitioning array 'wtile.46' (/home/minhphat/split_kernel/kernels/bert_attn_out_norm_residual_kernel.cpp:105) in dimension 2 automatically.
INFO: [XFORM 203-102] Partitioning array 'wtile.47' (/home/minhphat/split_kernel/kernels/bert_attn_out_norm_residual_kernel.cpp:105) in dimension 2 automatically.
INFO: [XFORM 203-102] Partitioning array 'wtile.48' (/home/minhphat/split_kernel/kernels/bert_attn_out_norm_residual_kernel.cpp:105) in dimension 2 automatically.
INFO: [XFORM 203-102] Partitioning array 'wtile.49' (/home/minhphat/split_kernel/kernels/bert_attn_out_norm_residual_kernel.cpp:105) in dimension 2 automatically.
INFO: [XFORM 203-102] Partitioning array 'wtile.50' (/home/minhphat/split_kernel/kernels/bert_attn_out_norm_residual_kernel.cpp:105) in dimension 2 automatically.
INFO: [XFORM 203-102] Partitioning array 'wtile.51' (/home/minhphat/split_kernel/kernels/bert_attn_out_norm_residual_kernel.cpp:105) in dimension 2 automatically.
INFO: [XFORM 203-102] Partitioning array 'wtile.52' (/home/minhphat/split_kernel/kernels/bert_attn_out_norm_residual_kernel.cpp:105) in dimension 2 automatically.
INFO: [XFORM 203-102] Partitioning array 'wtile.53' (/home/minhphat/split_kernel/kernels/bert_attn_out_norm_residual_kernel.cpp:105) in dimension 2 automatically.
INFO: [XFORM 203-102] Partitioning array 'wtile.54' (/home/minhphat/split_kernel/kernels/bert_attn_out_norm_residual_kernel.cpp:105) in dimension 2 automatically.
INFO: [XFORM 203-102] Partitioning array 'wtile.55' (/home/minhphat/split_kernel/kernels/bert_attn_out_norm_residual_kernel.cpp:105) in dimension 2 automatically.
INFO: [XFORM 203-102] Partitioning array 'wtile.56' (/home/minhphat/split_kernel/kernels/bert_attn_out_norm_residual_kernel.cpp:105) in dimension 2 automatically.
INFO: [XFORM 203-102] Partitioning array 'wtile.57' (/home/minhphat/split_kernel/kernels/bert_attn_out_norm_residual_kernel.cpp:105) in dimension 2 automatically.
INFO: [XFORM 203-102] Partitioning array 'wtile.58' (/home/minhphat/split_kernel/kernels/bert_attn_out_norm_residual_kernel.cpp:105) in dimension 2 automatically.
INFO: [XFORM 203-102] Partitioning array 'wtile.59' (/home/minhphat/split_kernel/kernels/bert_attn_out_norm_residual_kernel.cpp:105) in dimension 2 automatically.
INFO: [XFORM 203-102] Partitioning array 'wtile.60' (/home/minhphat/split_kernel/kernels/bert_attn_out_norm_residual_kernel.cpp:105) in dimension 2 automatically.
INFO: [XFORM 203-102] Partitioning array 'wtile.61' (/home/minhphat/split_kernel/kernels/bert_attn_out_norm_residual_kernel.cpp:105) in dimension 2 automatically.
INFO: [XFORM 203-102] Partitioning array 'wtile.62' (/home/minhphat/split_kernel/kernels/bert_attn_out_norm_residual_kernel.cpp:105) in dimension 2 automatically.
INFO: [XFORM 203-102] Partitioning array 'wtile.63' (/home/minhphat/split_kernel/kernels/bert_attn_out_norm_residual_kernel.cpp:105) in dimension 2 automatically.
INFO: [HLS 200-111] Finished Loop, function and other optimizations: CPU user time: 0.3 seconds. CPU system time: 0.02 seconds. Elapsed time: 0.31 seconds; current allocated memory: 251.793 MB.
WARNING: [HLS 200-960] Cannot flatten loop 'NORM_ROW' (/home/minhphat/split_kernel/kernels/bert_attn_out_norm_residual_kernel.cpp:230:14) in function 'residual_norm_and_write' more than one sub loop.
INFO: [XFORM 203-541] Flattening a loop nest 'READ_CONTEXT_GROUP_ROW' (/home/minhphat/split_kernel/kernels/bert_attn_out_norm_residual_kernel.cpp:33:14) in function 'read_context_group'.
INFO: [XFORM 203-541] Flattening a loop nest 'LOAD_RESIDUAL_ROW' (/home/minhphat/split_kernel/kernels/bert_attn_out_norm_residual_kernel.cpp:11:14) in function 'load_residual'.
INFO: [XFORM 203-541] Flattening a loop nest 'INIT_PROJECTION_ROW' (/home/minhphat/split_kernel/kernels/bert_attn_out_norm_residual_kernel.cpp:83:18) in function 'initialize_projection'.
WARNING: [HLS 200-960] Cannot flatten loop 'INIT_PROJECTION_TILE' (/home/minhphat/split_kernel/kernels/bert_attn_out_norm_residual_kernel.cpp:79:14) in function 'initialize_projection' the outer loop is not a perfect loop.
WARNING: [HLS 200-960] Cannot flatten loop 'ACCUMULATE_INPUT_PACK' (/home/minhphat/split_kernel/kernels/bert_attn_out_norm_residual_kernel.cpp:113:18) in function 'accumulate_projection_group' more than one sub loop.
INFO: [XFORM 203-541] Flattening a loop nest 'ACCUMULATE_OUTPUT_TILE' (/home/minhphat/split_kernel/kernels/bert_attn_out_norm_residual_kernel.cpp:110:14) in function 'accumulate_projection_group'.
INFO: [HLS 200-472] Inferring partial write operation for 'context_group' (/home/minhphat/split_kernel/kernels/bert_attn_out_norm_residual_kernel.cpp:43:38)
INFO: [HLS 200-472] Inferring partial write operation for 'residual' (/home/minhphat/split_kernel/kernels/bert_attn_out_norm_residual_kernel.cpp:21:33)
INFO: [HLS 200-472] Inferring partial write operation for 'bias_tile_0' (/home/minhphat/split_kernel/kernels/bert_attn_out_norm_residual_kernel.cpp:64:31)
INFO: [HLS 200-472] Inferring partial write operation for 'gamma_cache' (/home/minhphat/split_kernel/kernels/bert_attn_out_norm_residual_kernel.cpp:205:33)
INFO: [HLS 200-472] Inferring partial write operation for 'beta_cache' (/home/minhphat/split_kernel/kernels/bert_attn_out_norm_residual_kernel.cpp:206:43)
INFO: [HLS 200-472] Inferring partial write operation for 'projected' (/home/minhphat/split_kernel/kernels/bert_attn_out_norm_residual_kernel.cpp:90:33)
INFO: [HLS 200-472] Inferring partial write operation for 'wtile[0]' (/home/minhphat/split_kernel/kernels/bert_attn_out_norm_residual_kernel.cpp:124:14)
INFO: [HLS 200-472] Inferring partial write operation for 'projected' (/home/minhphat/split_kernel/kernels/bert_attn_out_norm_residual_kernel.cpp:179:60)
WARNING: [ANALYSIS 214-52] Found false inter dependency for variable 'projected'.
INFO: [HLS 200-111] Finished Architecture Synthesis: CPU user time: 0.22 seconds. CPU system time: 0.02 seconds. Elapsed time: 0.24 seconds; current allocated memory: 393.051 MB.
INFO: [HLS 200-10] Starting hardware synthesis ...
INFO: [HLS 200-10] Synthesizing 'bert_attn_out_norm_residual_kernel' ...
INFO: [HLS 200-10] ----------------------------------------------------------------
INFO: [HLS 200-42] -- Implementing module 'load_residual_Pipeline_LOAD_RESIDUAL_ROW_LOAD_RESIDUAL_PACK' 
INFO: [HLS 200-10] ----------------------------------------------------------------
INFO: [SCHED 204-11] Starting scheduling ...
INFO: [SCHED 204-61] Pipelining loop 'LOAD_RESIDUAL_ROW_LOAD_RESIDUAL_PACK'.
INFO: [HLS 200-1470] Pipelining result : Target II = 1, Final II = 1, Depth = 3, loop 'LOAD_RESIDUAL_ROW_LOAD_RESIDUAL_PACK'
INFO: [SCHED 204-11] Finished scheduling.
INFO: [HLS 200-111] Finished Scheduling: CPU user time: 0.07 seconds. CPU system time: 0.01 seconds. Elapsed time: 0.08 seconds; current allocated memory: 395.402 MB.
INFO: [BIND 205-100] Starting micro-architecture generation ...
INFO: [BIND 205-101] Performing variable lifetime analysis.
INFO: [BIND 205-101] Exploring resource sharing.
INFO: [BIND 205-101] Binding ...
INFO: [BIND 205-100] Finished micro-architecture generation.
INFO: [HLS 200-111] Finished Binding: CPU user time: 0.02 seconds. CPU system time: 0 seconds. Elapsed time: 0.02 seconds; current allocated memory: 395.402 MB.
INFO: [HLS 200-10] ----------------------------------------------------------------
INFO: [HLS 200-42] -- Implementing module 'load_residual' 
INFO: [HLS 200-10] ----------------------------------------------------------------
INFO: [SCHED 204-11] Starting scheduling ...
INFO: [SCHED 204-11] Finished scheduling.
INFO: [HLS 200-111] Finished Scheduling: CPU user time: 0.03 seconds. CPU system time: 0 seconds. Elapsed time: 0.03 seconds; current allocated memory: 395.656 MB.
INFO: [BIND 205-100] Starting micro-architecture generation ...
INFO: [BIND 205-101] Performing variable lifetime analysis.
INFO: [BIND 205-101] Exploring resource sharing.
INFO: [BIND 205-101] Binding ...
INFO: [BIND 205-100] Finished micro-architecture generation.
INFO: [HLS 200-111] Finished Binding: CPU user time: 0.03 seconds. CPU system time: 0 seconds. Elapsed time: 0.02 seconds; current allocated memory: 395.656 MB.
INFO: [HLS 200-10] ----------------------------------------------------------------
INFO: [HLS 200-42] -- Implementing module 'load_output_bias32_Pipeline_LOAD_OUT_BIAS_PACK' 
INFO: [HLS 200-10] ----------------------------------------------------------------
INFO: [SCHED 204-11] Starting scheduling ...
INFO: [SCHED 204-61] Pipelining loop 'LOAD_OUT_BIAS_PACK'.
INFO: [HLS 200-1470] Pipelining result : Target II = 1, Final II = 1, Depth = 3, loop 'LOAD_OUT_BIAS_PACK'
INFO: [SCHED 204-11] Finished scheduling.
INFO: [HLS 200-111] Finished Scheduling: CPU user time: 0.06 seconds. CPU system time: 0 seconds. Elapsed time: 0.06 seconds; current allocated memory: 395.980 MB.
INFO: [BIND 205-100] Starting micro-architecture generation ...
INFO: [BIND 205-101] Performing variable lifetime analysis.
INFO: [BIND 205-101] Exploring resource sharing.
INFO: [BIND 205-101] Binding ...
INFO: [BIND 205-100] Finished micro-architecture generation.
INFO: [HLS 200-111] Finished Binding: CPU user time: 0.03 seconds. CPU system time: 0 seconds. Elapsed time: 0.03 seconds; current allocated memory: 395.980 MB.
INFO: [HLS 200-10] ----------------------------------------------------------------
INFO: [HLS 200-42] -- Implementing module 'load_output_bias32' 
INFO: [HLS 200-10] ----------------------------------------------------------------
INFO: [SCHED 204-11] Starting scheduling ...
INFO: [SCHED 204-11] Finished scheduling.
INFO: [HLS 200-111] Finished Scheduling: CPU user time: 0.04 seconds. CPU system time: 0 seconds. Elapsed time: 0.04 seconds; current allocated memory: 396.516 MB.
INFO: [BIND 205-100] Starting micro-architecture generation ...
INFO: [BIND 205-101] Performing variable lifetime analysis.
INFO: [BIND 205-101] Exploring resource sharing.
INFO: [BIND 205-101] Binding ...
INFO: [BIND 205-100] Finished micro-architecture generation.
INFO: [HLS 200-111] Finished Binding: CPU user time: 0.03 seconds. CPU system time: 0 seconds. Elapsed time: 0.03 seconds; current allocated memory: 396.516 MB.
INFO: [HLS 200-10] ----------------------------------------------------------------
INFO: [HLS 200-42] -- Implementing module 'initialize_projection_Pipeline_INIT_PROJECTION_ROW_INIT_PROJECTION_OUT' 
INFO: [HLS 200-10] ----------------------------------------------------------------
INFO: [SCHED 204-11] Starting scheduling ...
INFO: [SCHED 204-61] Pipelining loop 'INIT_PROJECTION_ROW_INIT_PROJECTION_OUT'.
INFO: [HLS 200-1470] Pipelining result : Target II = 1, Final II = 1, Depth = 3, loop 'INIT_PROJECTION_ROW_INIT_PROJECTION_OUT'
INFO: [SCHED 204-11] Finished scheduling.
INFO: [HLS 200-111] Finished Scheduling: CPU user time: 0.04 seconds. CPU system time: 0 seconds. Elapsed time: 0.04 seconds; current allocated memory: 397.043 MB.
INFO: [BIND 205-100] Starting micro-architecture generation ...
INFO: [BIND 205-101] Performing variable lifetime analysis.
INFO: [BIND 205-101] Exploring resource sharing.
INFO: [BIND 205-101] Binding ...
INFO: [BIND 205-100] Finished micro-architecture generation.
INFO: [HLS 200-111] Finished Binding: CPU user time: 0.04 seconds. CPU system time: 0 seconds. Elapsed time: 0.04 seconds; current allocated memory: 397.043 MB.
INFO: [HLS 200-10] ----------------------------------------------------------------
INFO: [HLS 200-42] -- Implementing module 'initialize_projection' 
INFO: [HLS 200-10] ----------------------------------------------------------------
INFO: [SCHED 204-11] Starting scheduling ...
INFO: [SCHED 204-11] Finished scheduling.
INFO: [HLS 200-111] Finished Scheduling: CPU user time: 0.04 seconds. CPU system time: 0 seconds. Elapsed time: 0.04 seconds; current allocated memory: 397.410 MB.
INFO: [BIND 205-100] Starting micro-architecture generation ...
INFO: [BIND 205-101] Performing variable lifetime analysis.
INFO: [BIND 205-101] Exploring resource sharing.
INFO: [BIND 205-101] Binding ...
INFO: [BIND 205-100] Finished micro-architecture generation.
INFO: [HLS 200-111] Finished Binding: CPU user time: 0.05 seconds. CPU system time: 0 seconds. Elapsed time: 0.05 seconds; current allocated memory: 397.410 MB.
INFO: [HLS 200-10] ----------------------------------------------------------------
INFO: [HLS 200-42] -- Implementing module 'read_context_group' 
INFO: [HLS 200-10] ----------------------------------------------------------------
INFO: [SCHED 204-11] Starting scheduling ...
INFO: [SCHED 204-61] Pipelining loop 'READ_CONTEXT_GROUP_ROW_READ_CONTEXT_GROUP_PACK'.
WARNING: [HLS 200-885] The II Violation in module 'read_context_group' (loop 'READ_CONTEXT_GROUP_ROW_READ_CONTEXT_GROUP_PACK'): Unable to schedule 'store' operation ('context_group_addr_write_ln43', /home/minhphat/split_kernel/kernels/bert_attn_out_norm_residual_kernel.cpp:43) of variable 'trunc_ln43_1', /home/minhphat/split_kernel/kernels/bert_attn_out_norm_residual_kernel.cpp:43 on array 'context_group' due to limited memory ports (II = 1). Please consider using a memory core with more ports or partitioning the array 'context_group'.
INFO: [HLS 200-1470] Pipelining result : Target II = 1, Final II = 2, Depth = 3, loop 'READ_CONTEXT_GROUP_ROW_READ_CONTEXT_GROUP_PACK'
INFO: [SCHED 204-11] Finished scheduling.
INFO: [HLS 200-111] Finished Scheduling: CPU user time: 0.06 seconds. CPU system time: 0 seconds. Elapsed time: 0.06 seconds; current allocated memory: 397.941 MB.
INFO: [BIND 205-100] Starting micro-architecture generation ...
INFO: [BIND 205-101] Performing variable lifetime analysis.
INFO: [BIND 205-101] Exploring resource sharing.
INFO: [BIND 205-101] Binding ...
INFO: [BIND 205-100] Finished micro-architecture generation.
INFO: [HLS 200-111] Finished Binding: CPU user time: 0.02 seconds. CPU system time: 0 seconds. Elapsed time: 0.02 seconds; current allocated memory: 397.941 MB.
INFO: [HLS 200-10] ----------------------------------------------------------------
INFO: [HLS 200-42] -- Implementing module 'accumulate_projection_group_Pipeline_LOAD_OUT_WEIGHT' 
INFO: [HLS 200-10] ----------------------------------------------------------------
INFO: [SCHED 204-11] Starting scheduling ...
INFO: [SCHED 204-61] Pipelining loop 'LOAD_OUT_WEIGHT'.
INFO: [HLS 200-1470] Pipelining result : Target II = 1, Final II = 1, Depth = 3, loop 'LOAD_OUT_WEIGHT'
INFO: [SCHED 204-11] Finished scheduling.
INFO: [HLS 200-111] Finished Scheduling: CPU user time: 0.25 seconds. CPU system time: 0 seconds. Elapsed time: 0.25 seconds; current allocated memory: 400.594 MB.
INFO: [BIND 205-100] Starting micro-architecture generation ...
INFO: [BIND 205-101] Performing variable lifetime analysis.
INFO: [BIND 205-101] Exploring resource sharing.
INFO: [BIND 205-101] Binding ...
INFO: [BIND 205-100] Finished micro-architecture generation.
INFO: [HLS 200-111] Finished Binding: CPU user time: 0.16 seconds. CPU system time: 0 seconds. Elapsed time: 0.17 seconds; current allocated memory: 400.594 MB.
INFO: [HLS 200-10] ----------------------------------------------------------------
INFO: [HLS 200-42] -- Implementing module 'accumulate_projection_group_Pipeline_ACCUMULATE_ROW_BLOCK' 
INFO: [HLS 200-10] ----------------------------------------------------------------
INFO: [SCHED 204-11] Starting scheduling ...
INFO: [SCHED 204-61] Pipelining loop 'ACCUMULATE_ROW_BLOCK'.
INFO: [HLS 200-1470] Pipelining result : Target II = 2, Final II = 2, Depth = 51, loop 'ACCUMULATE_ROW_BLOCK'
INFO: [SCHED 204-11] Finished scheduling.
INFO: [HLS 200-111] Finished Scheduling: CPU user time: 1.17 seconds. CPU system time: 0.01 seconds. Elapsed time: 1.18 seconds; current allocated memory: 409.664 MB.
INFO: [BIND 205-100] Starting micro-architecture generation ...
INFO: [BIND 205-101] Performing variable lifetime analysis.
INFO: [BIND 205-101] Exploring resource sharing.
INFO: [BIND 205-101] Binding ...
INFO: [BIND 205-100] Finished micro-architecture generation.
INFO: [HLS 200-111] Finished Binding: CPU user time: 1.25 seconds. CPU system time: 0 seconds. Elapsed time: 1.26 seconds; current allocated memory: 410.039 MB.
INFO: [HLS 200-10] ----------------------------------------------------------------
INFO: [HLS 200-42] -- Implementing module 'accumulate_projection_group' 
INFO: [HLS 200-10] ----------------------------------------------------------------
INFO: [SCHED 204-11] Starting scheduling ...
INFO: [SCHED 204-11] Finished scheduling.
INFO: [HLS 200-111] Finished Scheduling: CPU user time: 1.41 seconds. CPU system time: 0 seconds. Elapsed time: 1.4 seconds; current allocated memory: 411.953 MB.
INFO: [BIND 205-100] Starting micro-architecture generation ...
INFO: [BIND 205-101] Performing variable lifetime analysis.
INFO: [BIND 205-101] Exploring resource sharing.
INFO: [BIND 205-101] Binding ...
INFO: [BIND 205-100] Finished micro-architecture generation.
INFO: [HLS 200-111] Finished Binding: CPU user time: 0.55 seconds. CPU system time: 0 seconds. Elapsed time: 0.56 seconds; current allocated memory: 411.953 MB.
INFO: [HLS 200-10] ----------------------------------------------------------------
INFO: [HLS 200-42] -- Implementing module 'load_norm_parameters' 
INFO: [HLS 200-10] ----------------------------------------------------------------
INFO: [SCHED 204-11] Starting scheduling ...
INFO: [SCHED 204-61] Pipelining loop 'LOAD_NORM_PACK'.
WARNING: [HLS 200-885] The II Violation in module 'load_norm_parameters' (loop 'LOAD_NORM_PACK'): Unable to schedule bus request operation ('t_1_req') on port 'gmem_norm' due to limited memory ports (II = 1). Please consider using a memory core with more ports or partitioning the array.
INFO: [HLS 200-1470] Pipelining result : Target II = 1, Final II = 2, Depth = 11, loop 'LOAD_NORM_PACK'
INFO: [SCHED 204-11] Finished scheduling.
INFO: [HLS 200-111] Finished Scheduling: CPU user time: 0.68 seconds. CPU system time: 0 seconds. Elapsed time: 0.68 seconds; current allocated memory: 413.008 MB.
INFO: [BIND 205-100] Starting micro-architecture generation ...
INFO: [BIND 205-101] Performing variable lifetime analysis.
INFO: [BIND 205-101] Exploring resource sharing.
INFO: [BIND 205-101] Binding ...
INFO: [BIND 205-100] Finished micro-architecture generation.
INFO: [HLS 200-111] Finished Binding: CPU user time: 0.03 seconds. CPU system time: 0 seconds. Elapsed time: 0.04 seconds; current allocated memory: 413.008 MB.
INFO: [HLS 200-10] ----------------------------------------------------------------
INFO: [HLS 200-42] -- Implementing module 'residual_norm_and_write_Pipeline_NORM_REDUCE_PACK' 
INFO: [HLS 200-10] ----------------------------------------------------------------
INFO: [SCHED 204-11] Starting scheduling ...
INFO: [SCHED 204-61] Pipelining loop 'NORM_REDUCE_PACK'.
WARNING: [HLS 200-880] The II Violation in module 'residual_norm_and_write_Pipeline_NORM_REDUCE_PACK' (loop 'NORM_REDUCE_PACK'): Unable to enforce a carried dependence constraint (II = 1, distance = 1, offset = 0) between 'store' operation ('sum_bank_16_write_ln242', /home/minhphat/split_kernel/kernels/bert_attn_out_norm_residual_kernel.cpp:242) of variable 'sum_bank', /home/minhphat/split_kernel/kernels/bert_attn_out_norm_residual_kernel.cpp:249 on local variable 'sum_bank' and 'load' operation ('sum_bank_16_load_1', /home/minhphat/split_kernel/kernels/bert_attn_out_norm_residual_kernel.cpp:249) on local variable 'sum_bank'.
WARNING: [HLS 200-880] The II Violation in module 'residual_norm_and_write_Pipeline_NORM_REDUCE_PACK' (loop 'NORM_REDUCE_PACK'): Unable to enforce a carried dependence constraint (II = 2, distance = 1, offset = 0) between 'store' operation ('sum_bank_16_write_ln242', /home/minhphat/split_kernel/kernels/bert_attn_out_norm_residual_kernel.cpp:242) of variable 'sum_bank', /home/minhphat/split_kernel/kernels/bert_attn_out_norm_residual_kernel.cpp:249 on local variable 'sum_bank' and 'load' operation ('sum_bank_16_load_1', /home/minhphat/split_kernel/kernels/bert_attn_out_norm_residual_kernel.cpp:249) on local variable 'sum_bank'.
WARNING: [HLS 200-880] The II Violation in module 'residual_norm_and_write_Pipeline_NORM_REDUCE_PACK' (loop 'NORM_REDUCE_PACK'): Unable to enforce a carried dependence constraint (II = 3, distance = 1, offset = 0) between 'store' operation ('sum_bank_16_write_ln242', /home/minhphat/split_kernel/kernels/bert_attn_out_norm_residual_kernel.cpp:242) of variable 'sum_bank', /home/minhphat/split_kernel/kernels/bert_attn_out_norm_residual_kernel.cpp:249 on local variable 'sum_bank' and 'load' operation ('sum_bank_16_load_1', /home/minhphat/split_kernel/kernels/bert_attn_out_norm_residual_kernel.cpp:249) on local variable 'sum_bank'.
INFO: [HLS 200-1470] Pipelining result : Target II = 1, Final II = 4, Depth = 22, loop 'NORM_REDUCE_PACK'
WARNING: [HLS 200-871] Estimated clock period (2.47ns) exceeds the target (target clock period: 3.333ns, clock uncertainty: 0.89991ns, effective delay budget: 2.43309ns).
WARNING: [HLS 200-1016] The critical path in module 'residual_norm_and_write_Pipeline_NORM_REDUCE_PACK' consists of the following:	'fadd' operation ('sum_bank', /home/minhphat/split_kernel/kernels/bert_attn_out_norm_residual_kernel.cpp:249) [189]  (2.08 ns)
	'store' operation ('sum_bank_19_write_ln242', /home/minhphat/split_kernel/kernels/bert_attn_out_norm_residual_kernel.cpp:242) of variable 'sum_bank', /home/minhphat/split_kernel/kernels/bert_attn_out_norm_residual_kernel.cpp:249 on local variable 'sum_bank' [320]  (0.387 ns)

INFO: [SCHED 204-11] Finished scheduling.
INFO: [HLS 200-111] Finished Scheduling: CPU user time: 0.31 seconds. CPU system time: 0 seconds. Elapsed time: 0.31 seconds; current allocated memory: 415.188 MB.
INFO: [BIND 205-100] Starting micro-architecture generation ...
INFO: [BIND 205-101] Performing variable lifetime analysis.
INFO: [BIND 205-101] Exploring resource sharing.
INFO: [BIND 205-101] Binding ...
INFO: [BIND 205-100] Finished micro-architecture generation.
INFO: [HLS 200-111] Finished Binding: CPU user time: 0.21 seconds. CPU system time: 0.01 seconds. Elapsed time: 0.22 seconds; current allocated memory: 415.488 MB.
INFO: [HLS 200-10] ----------------------------------------------------------------
INFO: [HLS 200-42] -- Implementing module 'residual_norm_and_write_Pipeline_NORM_BANK_REDUCE' 
INFO: [HLS 200-10] ----------------------------------------------------------------
INFO: [SCHED 204-11] Starting scheduling ...
INFO: [SCHED 204-61] Pipelining loop 'NORM_BANK_REDUCE'.
WARNING: [HLS 200-880] The II Violation in module 'residual_norm_and_write_Pipeline_NORM_BANK_REDUCE' (loop 'NORM_BANK_REDUCE'): Unable to enforce a carried dependence constraint (II = 1, distance = 1, offset = 0) between 'store' operation ('sum_write_ln256', /home/minhphat/split_kernel/kernels/bert_attn_out_norm_residual_kernel.cpp:256) of variable 'sum', /home/minhphat/split_kernel/kernels/bert_attn_out_norm_residual_kernel.cpp:257 on local variable 'sum' and 'load' operation ('sum_load', /home/minhphat/split_kernel/kernels/bert_attn_out_norm_residual_kernel.cpp:257) on local variable 'sum'.
WARNING: [HLS 200-880] The II Violation in module 'residual_norm_and_write_Pipeline_NORM_BANK_REDUCE' (loop 'NORM_BANK_REDUCE'): Unable to enforce a carried dependence constraint (II = 2, distance = 1, offset = 0) between 'store' operation ('sum_write_ln256', /home/minhphat/split_kernel/kernels/bert_attn_out_norm_residual_kernel.cpp:256) of variable 'sum', /home/minhphat/split_kernel/kernels/bert_attn_out_norm_residual_kernel.cpp:257 on local variable 'sum' and 'load' operation ('sum_load', /home/minhphat/split_kernel/kernels/bert_attn_out_norm_residual_kernel.cpp:257) on local variable 'sum'.
WARNING: [HLS 200-880] The II Violation in module 'residual_norm_and_write_Pipeline_NORM_BANK_REDUCE' (loop 'NORM_BANK_REDUCE'): Unable to enforce a carried dependence constraint (II = 3, distance = 1, offset = 0) between 'store' operation ('sum_write_ln256', /home/minhphat/split_kernel/kernels/bert_attn_out_norm_residual_kernel.cpp:256) of variable 'sum', /home/minhphat/split_kernel/kernels/bert_attn_out_norm_residual_kernel.cpp:257 on local variable 'sum' and 'load' operation ('sum_load', /home/minhphat/split_kernel/kernels/bert_attn_out_norm_residual_kernel.cpp:257) on local variable 'sum'.
WARNING: [HLS 200-880] The II Violation in module 'residual_norm_and_write_Pipeline_NORM_BANK_REDUCE' (loop 'NORM_BANK_REDUCE'): Unable to enforce a carried dependence constraint (II = 4, distance = 1, offset = 0) between 'store' operation ('sum_write_ln256', /home/minhphat/split_kernel/kernels/bert_attn_out_norm_residual_kernel.cpp:256) of variable 'sum', /home/minhphat/split_kernel/kernels/bert_attn_out_norm_residual_kernel.cpp:257 on local variable 'sum' and 'load' operation ('sum_load', /home/minhphat/split_kernel/kernels/bert_attn_out_norm_residual_kernel.cpp:257) on local variable 'sum'.
WARNING: [HLS 200-880] The II Violation in module 'residual_norm_and_write_Pipeline_NORM_BANK_REDUCE' (loop 'NORM_BANK_REDUCE'): Unable to enforce a carried dependence constraint (II = 5, distance = 1, offset = 0) between 'store' operation ('sum_write_ln256', /home/minhphat/split_kernel/kernels/bert_attn_out_norm_residual_kernel.cpp:256) of variable 'sum', /home/minhphat/split_kernel/kernels/bert_attn_out_norm_residual_kernel.cpp:257 on local variable 'sum' and 'load' operation ('sum_load', /home/minhphat/split_kernel/kernels/bert_attn_out_norm_residual_kernel.cpp:257) on local variable 'sum'.
WARNING: [HLS 200-880] The II Violation in module 'residual_norm_and_write_Pipeline_NORM_BANK_REDUCE' (loop 'NORM_BANK_REDUCE'): Unable to enforce a carried dependence constraint (II = 6, distance = 1, offset = 0) between 'store' operation ('sum_write_ln256', /home/minhphat/split_kernel/kernels/bert_attn_out_norm_residual_kernel.cpp:256) of variable 'sum', /home/minhphat/split_kernel/kernels/bert_attn_out_norm_residual_kernel.cpp:257 on local variable 'sum' and 'load' operation ('sum_load', /home/minhphat/split_kernel/kernels/bert_attn_out_norm_residual_kernel.cpp:257) on local variable 'sum'.
INFO: [HLS 200-1470] Pipelining result : Target II = NA, Final II = 7, Depth = 10, loop 'NORM_BANK_REDUCE'
INFO: [SCHED 204-11] Finished scheduling.
INFO: [HLS 200-111] Finished Scheduling: CPU user time: 0.25 seconds. CPU system time: 0 seconds. Elapsed time: 0.25 seconds; current allocated memory: 417.012 MB.
INFO: [BIND 205-100] Starting micro-architecture generation ...
INFO: [BIND 205-101] Performing variable lifetime analysis.
INFO: [BIND 205-101] Exploring resource sharing.
INFO: [BIND 205-101] Binding ...
INFO: [BIND 205-100] Finished micro-architecture generation.
INFO: [HLS 200-111] Finished Binding: CPU user time: 0.04 seconds. CPU system time: 0 seconds. Elapsed time: 0.03 seconds; current allocated memory: 417.012 MB.
INFO: [HLS 200-10] ----------------------------------------------------------------
INFO: [HLS 200-42] -- Implementing module 'residual_norm_and_write_Pipeline_NORM_WRITE_PACK' 
INFO: [HLS 200-10] ----------------------------------------------------------------
INFO: [SCHED 204-11] Starting scheduling ...
INFO: [SCHED 204-61] Pipelining loop 'NORM_WRITE_PACK'.
INFO: [HLS 200-1470] Pipelining result : Target II = 1, Final II = 1, Depth = 33, loop 'NORM_WRITE_PACK'
INFO: [SCHED 204-11] Finished scheduling.
INFO: [HLS 200-111] Finished Scheduling: CPU user time: 0.29 seconds. CPU system time: 0 seconds. Elapsed time: 0.3 seconds; current allocated memory: 418.754 MB.
INFO: [BIND 205-100] Starting micro-architecture generation ...
INFO: [BIND 205-101] Performing variable lifetime analysis.
INFO: [BIND 205-101] Exploring resource sharing.
INFO: [BIND 205-101] Binding ...
INFO: [BIND 205-100] Finished micro-architecture generation.
INFO: [HLS 200-111] Finished Binding: CPU user time: 0.35 seconds. CPU system time: 0 seconds. Elapsed time: 0.34 seconds; current allocated memory: 419.688 MB.
INFO: [HLS 200-10] ----------------------------------------------------------------
INFO: [HLS 200-42] -- Implementing module 'residual_norm_and_write' 
INFO: [HLS 200-10] ----------------------------------------------------------------
INFO: [SCHED 204-11] Starting scheduling ...
INFO: [SCHED 204-11] Finished scheduling.
INFO: [HLS 200-111] Finished Scheduling: CPU user time: 0.46 seconds. CPU system time: 0.01 seconds. Elapsed time: 0.47 seconds; current allocated memory: 420.848 MB.
INFO: [BIND 205-100] Starting micro-architecture generation ...
INFO: [BIND 205-101] Performing variable lifetime analysis.
INFO: [BIND 205-101] Exploring resource sharing.
INFO: [BIND 205-101] Binding ...
INFO: [BIND 205-100] Finished micro-architecture generation.
INFO: [HLS 200-111] Finished Binding: CPU user time: 0.21 seconds. CPU system time: 0 seconds. Elapsed time: 0.21 seconds; current allocated memory: 420.855 MB.
INFO: [HLS 200-10] ----------------------------------------------------------------
INFO: [HLS 200-42] -- Implementing module 'bert_attn_out_norm_residual_kernel' 
INFO: [HLS 200-10] ----------------------------------------------------------------
INFO: [SCHED 204-11] Starting scheduling ...
INFO: [SCHED 204-11] Finished scheduling.
INFO: [HLS 200-111] Finished Scheduling: CPU user time: 0.32 seconds. CPU system time: 0 seconds. Elapsed time: 0.34 seconds; current allocated memory: 421.926 MB.
INFO: [BIND 205-100] Starting micro-architecture generation ...
INFO: [BIND 205-101] Performing variable lifetime analysis.
INFO: [BIND 205-101] Exploring resource sharing.
INFO: [BIND 205-101] Binding ...
INFO: [BIND 205-100] Finished micro-architecture generation.
INFO: [HLS 200-111] Finished Binding: CPU user time: 0.62 seconds. CPU system time: 0 seconds. Elapsed time: 0.62 seconds; current allocated memory: 422.184 MB.
INFO: [HLS 200-10] ----------------------------------------------------------------
INFO: [HLS 200-10] -- Generating RTL for module 'load_residual_Pipeline_LOAD_RESIDUAL_ROW_LOAD_RESIDUAL_PACK' 
INFO: [HLS 200-10] ----------------------------------------------------------------
INFO: [HLS 200-1030] Apply Unified Pipeline Control on module 'load_residual_Pipeline_LOAD_RESIDUAL_ROW_LOAD_RESIDUAL_PACK' pipeline 'LOAD_RESIDUAL_ROW_LOAD_RESIDUAL_PACK' pipeline type 'loop pipeline'
WARNING: [RTGEN 206-101] Setting dangling out port 'load_residual_Pipeline_LOAD_RESIDUAL_ROW_LOAD_RESIDUAL_PACK/m_axi_gmem_hidden_ARVALID' to 0.
WARNING: [RTGEN 206-101] Setting dangling out port 'load_residual_Pipeline_LOAD_RESIDUAL_ROW_LOAD_RESIDUAL_PACK/m_axi_gmem_hidden_ARADDR' to 0.
WARNING: [RTGEN 206-101] Setting dangling out port 'load_residual_Pipeline_LOAD_RESIDUAL_ROW_LOAD_RESIDUAL_PACK/m_axi_gmem_hidden_ARID' to 0.
WARNING: [RTGEN 206-101] Setting dangling out port 'load_residual_Pipeline_LOAD_RESIDUAL_ROW_LOAD_RESIDUAL_PACK/m_axi_gmem_hidden_ARLEN' to 0.
WARNING: [RTGEN 206-101] Setting dangling out port 'load_residual_Pipeline_LOAD_RESIDUAL_ROW_LOAD_RESIDUAL_PACK/m_axi_gmem_hidden_ARSIZE' to 0.
WARNING: [RTGEN 206-101] Setting dangling out port 'load_residual_Pipeline_LOAD_RESIDUAL_ROW_LOAD_RESIDUAL_PACK/m_axi_gmem_hidden_ARBURST' to 0.
WARNING: [RTGEN 206-101] Setting dangling out port 'load_residual_Pipeline_LOAD_RESIDUAL_ROW_LOAD_RESIDUAL_PACK/m_axi_gmem_hidden_ARLOCK' to 0.
WARNING: [RTGEN 206-101] Setting dangling out port 'load_residual_Pipeline_LOAD_RESIDUAL_ROW_LOAD_RESIDUAL_PACK/m_axi_gmem_hidden_ARCACHE' to 0.
WARNING: [RTGEN 206-101] Setting dangling out port 'load_residual_Pipeline_LOAD_RESIDUAL_ROW_LOAD_RESIDUAL_PACK/m_axi_gmem_hidden_ARPROT' to 0.
WARNING: [RTGEN 206-101] Setting dangling out port 'load_residual_Pipeline_LOAD_RESIDUAL_ROW_LOAD_RESIDUAL_PACK/m_axi_gmem_hidden_ARQOS' to 0.
WARNING: [RTGEN 206-101] Setting dangling out port 'load_residual_Pipeline_LOAD_RESIDUAL_ROW_LOAD_RESIDUAL_PACK/m_axi_gmem_hidden_ARREGION' to 0.
WARNING: [RTGEN 206-101] Setting dangling out port 'load_residual_Pipeline_LOAD_RESIDUAL_ROW_LOAD_RESIDUAL_PACK/m_axi_gmem_hidden_ARUSER' to 0.
INFO: [RTGEN 206-100] Finished creating RTL model for 'load_residual_Pipeline_LOAD_RESIDUAL_ROW_LOAD_RESIDUAL_PACK'.
INFO: [HLS 200-111] Finished Creating RTL model: CPU user time: 1.54 seconds. CPU system time: 0 seconds. Elapsed time: 1.55 seconds; current allocated memory: 422.746 MB.
INFO: [HLS 200-10] ----------------------------------------------------------------
INFO: [HLS 200-10] -- Generating RTL for module 'load_residual' 
INFO: [HLS 200-10] ----------------------------------------------------------------
INFO: [RTGEN 206-100] Finished creating RTL model for 'load_residual'.
INFO: [HLS 200-111] Finished Creating RTL model: CPU user time: 0.06 seconds. CPU system time: 0 seconds. Elapsed time: 0.06 seconds; current allocated memory: 423.988 MB.
INFO: [HLS 200-10] ----------------------------------------------------------------
INFO: [HLS 200-10] -- Generating RTL for module 'load_output_bias32_Pipeline_LOAD_OUT_BIAS_PACK' 
INFO: [HLS 200-10] ----------------------------------------------------------------
INFO: [HLS 200-1030] Apply Unified Pipeline Control on module 'load_output_bias32_Pipeline_LOAD_OUT_BIAS_PACK' pipeline 'LOAD_OUT_BIAS_PACK' pipeline type 'loop pipeline'
WARNING: [RTGEN 206-101] Setting dangling out port 'load_output_bias32_Pipeline_LOAD_OUT_BIAS_PACK/m_axi_gmem_o_ARVALID' to 0.
WARNING: [RTGEN 206-101] Setting dangling out port 'load_output_bias32_Pipeline_LOAD_OUT_BIAS_PACK/m_axi_gmem_o_ARADDR' to 0.
WARNING: [RTGEN 206-101] Setting dangling out port 'load_output_bias32_Pipeline_LOAD_OUT_BIAS_PACK/m_axi_gmem_o_ARID' to 0.
WARNING: [RTGEN 206-101] Setting dangling out port 'load_output_bias32_Pipeline_LOAD_OUT_BIAS_PACK/m_axi_gmem_o_ARLEN' to 0.
WARNING: [RTGEN 206-101] Setting dangling out port 'load_output_bias32_Pipeline_LOAD_OUT_BIAS_PACK/m_axi_gmem_o_ARSIZE' to 0.
WARNING: [RTGEN 206-101] Setting dangling out port 'load_output_bias32_Pipeline_LOAD_OUT_BIAS_PACK/m_axi_gmem_o_ARBURST' to 0.
WARNING: [RTGEN 206-101] Setting dangling out port 'load_output_bias32_Pipeline_LOAD_OUT_BIAS_PACK/m_axi_gmem_o_ARLOCK' to 0.
WARNING: [RTGEN 206-101] Setting dangling out port 'load_output_bias32_Pipeline_LOAD_OUT_BIAS_PACK/m_axi_gmem_o_ARCACHE' to 0.
WARNING: [RTGEN 206-101] Setting dangling out port 'load_output_bias32_Pipeline_LOAD_OUT_BIAS_PACK/m_axi_gmem_o_ARPROT' to 0.
WARNING: [RTGEN 206-101] Setting dangling out port 'load_output_bias32_Pipeline_LOAD_OUT_BIAS_PACK/m_axi_gmem_o_ARQOS' to 0.
WARNING: [RTGEN 206-101] Setting dangling out port 'load_output_bias32_Pipeline_LOAD_OUT_BIAS_PACK/m_axi_gmem_o_ARREGION' to 0.
WARNING: [RTGEN 206-101] Setting dangling out port 'load_output_bias32_Pipeline_LOAD_OUT_BIAS_PACK/m_axi_gmem_o_ARUSER' to 0.
INFO: [RTGEN 206-100] Finished creating RTL model for 'load_output_bias32_Pipeline_LOAD_OUT_BIAS_PACK'.
INFO: [HLS 200-111] Finished Creating RTL model: CPU user time: 0.05 seconds. CPU system time: 0 seconds. Elapsed time: 0.06 seconds; current allocated memory: 425.141 MB.
INFO: [HLS 200-10] ----------------------------------------------------------------
INFO: [HLS 200-10] -- Generating RTL for module 'load_output_bias32' 
INFO: [HLS 200-10] ----------------------------------------------------------------
INFO: [RTGEN 206-100] Finished creating RTL model for 'load_output_bias32'.
INFO: [HLS 200-111] Finished Creating RTL model: CPU user time: 0.06 seconds. CPU system time: 0 seconds. Elapsed time: 0.06 seconds; current allocated memory: 427.461 MB.
INFO: [HLS 200-10] ----------------------------------------------------------------
INFO: [HLS 200-10] -- Generating RTL for module 'initialize_projection_Pipeline_INIT_PROJECTION_ROW_INIT_PROJECTION_OUT' 
INFO: [HLS 200-10] ----------------------------------------------------------------
INFO: [HLS 200-1030] Apply Unified Pipeline Control on module 'initialize_projection_Pipeline_INIT_PROJECTION_ROW_INIT_PROJECTION_OUT' pipeline 'INIT_PROJECTION_ROW_INIT_PROJECTION_OUT' pipeline type 'loop pipeline'
INFO: [RTGEN 206-100] Finished creating RTL model for 'initialize_projection_Pipeline_INIT_PROJECTION_ROW_INIT_PROJECTION_OUT'.
INFO: [HLS 200-111] Finished Creating RTL model: CPU user time: 0.03 seconds. CPU system time: 0.01 seconds. Elapsed time: 0.03 seconds; current allocated memory: 428.406 MB.
INFO: [HLS 200-10] ----------------------------------------------------------------
INFO: [HLS 200-10] -- Generating RTL for module 'initialize_projection' 
INFO: [HLS 200-10] ----------------------------------------------------------------
INFO: [RTGEN 206-100] Finished creating RTL model for 'initialize_projection'.
INFO: [HLS 200-111] Finished Creating RTL model: CPU user time: 0.07 seconds. CPU system time: 0 seconds. Elapsed time: 0.08 seconds; current allocated memory: 430.562 MB.
INFO: [HLS 200-10] ----------------------------------------------------------------
INFO: [HLS 200-10] -- Generating RTL for module 'read_context_group' 
INFO: [HLS 200-10] ----------------------------------------------------------------
INFO: [HLS 200-1030] Apply Unified Pipeline Control on module 'read_context_group' pipeline 'READ_CONTEXT_GROUP_ROW_READ_CONTEXT_GROUP_PACK' pipeline type 'loop pipeline'
INFO: [RTGEN 206-100] Finished creating RTL model for 'read_context_group'.
INFO: [HLS 200-111] Finished Creating RTL model: CPU user time: 0.16 seconds. CPU system time: 0.01 seconds. Elapsed time: 0.16 seconds; current allocated memory: 431.680 MB.
INFO: [HLS 200-10] ----------------------------------------------------------------
INFO: [HLS 200-10] -- Generating RTL for module 'accumulate_projection_group_Pipeline_LOAD_OUT_WEIGHT' 
INFO: [HLS 200-10] ----------------------------------------------------------------
INFO: [HLS 200-1030] Apply Unified Pipeline Control on module 'accumulate_projection_group_Pipeline_LOAD_OUT_WEIGHT' pipeline 'LOAD_OUT_WEIGHT' pipeline type 'loop pipeline'
WARNING: [RTGEN 206-101] Setting dangling out port 'accumulate_projection_group_Pipeline_LOAD_OUT_WEIGHT/m_axi_gmem_o_ARVALID' to 0.
WARNING: [RTGEN 206-101] Setting dangling out port 'accumulate_projection_group_Pipeline_LOAD_OUT_WEIGHT/m_axi_gmem_o_ARADDR' to 0.
WARNING: [RTGEN 206-101] Setting dangling out port 'accumulate_projection_group_Pipeline_LOAD_OUT_WEIGHT/m_axi_gmem_o_ARID' to 0.
WARNING: [RTGEN 206-101] Setting dangling out port 'accumulate_projection_group_Pipeline_LOAD_OUT_WEIGHT/m_axi_gmem_o_ARLEN' to 0.
WARNING: [RTGEN 206-101] Setting dangling out port 'accumulate_projection_group_Pipeline_LOAD_OUT_WEIGHT/m_axi_gmem_o_ARSIZE' to 0.
WARNING: [RTGEN 206-101] Setting dangling out port 'accumulate_projection_group_Pipeline_LOAD_OUT_WEIGHT/m_axi_gmem_o_ARBURST' to 0.
WARNING: [RTGEN 206-101] Setting dangling out port 'accumulate_projection_group_Pipeline_LOAD_OUT_WEIGHT/m_axi_gmem_o_ARLOCK' to 0.
WARNING: [RTGEN 206-101] Setting dangling out port 'accumulate_projection_group_Pipeline_LOAD_OUT_WEIGHT/m_axi_gmem_o_ARCACHE' to 0.
WARNING: [RTGEN 206-101] Setting dangling out port 'accumulate_projection_group_Pipeline_LOAD_OUT_WEIGHT/m_axi_gmem_o_ARPROT' to 0.
WARNING: [RTGEN 206-101] Setting dangling out port 'accumulate_projection_group_Pipeline_LOAD_OUT_WEIGHT/m_axi_gmem_o_ARQOS' to 0.
WARNING: [RTGEN 206-101] Setting dangling out port 'accumulate_projection_group_Pipeline_LOAD_OUT_WEIGHT/m_axi_gmem_o_ARREGION' to 0.
WARNING: [RTGEN 206-101] Setting dangling out port 'accumulate_projection_group_Pipeline_LOAD_OUT_WEIGHT/m_axi_gmem_o_ARUSER' to 0.
INFO: [RTGEN 206-100] Finished creating RTL model for 'accumulate_projection_group_Pipeline_LOAD_OUT_WEIGHT'.
INFO: [HLS 200-111] Finished Creating RTL model: CPU user time: 0.09 seconds. CPU system time: 0 seconds. Elapsed time: 0.09 seconds; current allocated memory: 434.773 MB.
INFO: [HLS 200-10] ----------------------------------------------------------------
INFO: [HLS 200-10] -- Generating RTL for module 'accumulate_projection_group_Pipeline_ACCUMULATE_ROW_BLOCK' 
INFO: [HLS 200-10] ----------------------------------------------------------------
INFO: [HLS 200-1030] Apply Unified Pipeline Control on module 'accumulate_projection_group_Pipeline_ACCUMULATE_ROW_BLOCK' pipeline 'ACCUMULATE_ROW_BLOCK' pipeline type 'loop pipeline'
INFO: [RTGEN 206-104] Estimated max fanout for 'accumulate_projection_group_Pipeline_ACCUMULATE_ROW_BLOCK' is 6619 from HDL expression: ((1'b1 == ap_CS_fsm_pp0_stage0) & (1'b0 == ap_block_pp0_stage0_11001))
INFO: [RTGEN 206-100] Generating core module 'fadd_32ns_32ns_32_7_full_dsp_1': 79 instance(s).
INFO: [RTGEN 206-100] Generating core module 'faddfsub_32ns_32ns_32_7_full_dsp_1': 17 instance(s).
INFO: [RTGEN 206-100] Generating core module 'fmul_32ns_32ns_32_4_max_dsp_1': 64 instance(s).
INFO: [RTGEN 206-100] Finished creating RTL model for 'accumulate_projection_group_Pipeline_ACCUMULATE_ROW_BLOCK'.
INFO: [HLS 200-111] Finished Creating RTL model: CPU user time: 0.31 seconds. CPU system time: 0.01 seconds. Elapsed time: 0.31 seconds; current allocated memory: 451.637 MB.
INFO: [HLS 200-10] ----------------------------------------------------------------
INFO: [HLS 200-10] -- Generating RTL for module 'accumulate_projection_group' 
INFO: [HLS 200-10] ----------------------------------------------------------------
WARNING: [RTGEN 206-101] Setting dangling out port 'accumulate_projection_group/grp_fu_662_p_opcode' to 0.
WARNING: [RTGEN 206-101] Setting dangling out port 'accumulate_projection_group/grp_fu_666_p_opcode' to 0.
WARNING: [RTGEN 206-101] Setting dangling out port 'accumulate_projection_group/grp_fu_670_p_opcode' to 0.
WARNING: [RTGEN 206-101] Setting dangling out port 'accumulate_projection_group/grp_fu_674_p_opcode' to 0.
WARNING: [RTGEN 206-101] Setting dangling out port 'accumulate_projection_group/grp_fu_678_p_opcode' to 0.
WARNING: [RTGEN 206-101] Setting dangling out port 'accumulate_projection_group/grp_fu_682_p_opcode' to 0.
WARNING: [RTGEN 206-101] Setting dangling out port 'accumulate_projection_group/grp_fu_686_p_opcode' to 0.
WARNING: [RTGEN 206-101] Setting dangling out port 'accumulate_projection_group/grp_fu_690_p_opcode' to 0.
WARNING: [RTGEN 206-101] Setting dangling out port 'accumulate_projection_group/grp_fu_694_p_opcode' to 0.
WARNING: [RTGEN 206-101] Setting dangling out port 'accumulate_projection_group/grp_fu_698_p_opcode' to 0.
WARNING: [RTGEN 206-101] Setting dangling out port 'accumulate_projection_group/grp_fu_702_p_opcode' to 0.
WARNING: [RTGEN 206-101] Setting dangling out port 'accumulate_projection_group/grp_fu_706_p_opcode' to 0.
WARNING: [RTGEN 206-101] Setting dangling out port 'accumulate_projection_group/grp_fu_710_p_opcode' to 0.
WARNING: [RTGEN 206-101] Setting dangling out port 'accumulate_projection_group/grp_fu_714_p_opcode' to 0.
WARNING: [RTGEN 206-101] Setting dangling out port 'accumulate_projection_group/grp_fu_718_p_opcode' to 0.
WARNING: [RTGEN 206-101] Setting dangling out port 'accumulate_projection_group/grp_fu_786_p_opcode' to 0.
WARNING: [RTGEN 206-101] Setting dangling out port 'accumulate_projection_group/grp_fu_790_p_opcode' to 0.
WARNING: [RTGEN 206-101] Setting dangling out port 'accumulate_projection_group/grp_fu_794_p_opcode' to 0.
WARNING: [RTGEN 206-101] Setting dangling out port 'accumulate_projection_group/grp_fu_798_p_opcode' to 0.
WARNING: [RTGEN 206-101] Setting dangling out port 'accumulate_projection_group/grp_fu_802_p_opcode' to 0.
WARNING: [RTGEN 206-101] Setting dangling out port 'accumulate_projection_group/grp_fu_806_p_opcode' to 0.
WARNING: [RTGEN 206-101] Setting dangling out port 'accumulate_projection_group/grp_fu_810_p_opcode' to 0.
WARNING: [RTGEN 206-101] Setting dangling out port 'accumulate_projection_group/grp_fu_814_p_opcode' to 0.
WARNING: [RTGEN 206-101] Setting dangling out port 'accumulate_projection_group/grp_fu_818_p_opcode' to 0.
WARNING: [RTGEN 206-101] Setting dangling out port 'accumulate_projection_group/grp_fu_822_p_opcode' to 0.
WARNING: [RTGEN 206-101] Setting dangling out port 'accumulate_projection_group/grp_fu_826_p_opcode' to 0.
WARNING: [RTGEN 206-101] Setting dangling out port 'accumulate_projection_group/grp_fu_830_p_opcode' to 0.
WARNING: [RTGEN 206-101] Setting dangling out port 'accumulate_projection_group/grp_fu_834_p_opcode' to 0.
WARNING: [RTGEN 206-101] Setting dangling out port 'accumulate_projection_group/grp_fu_838_p_opcode' to 0.
WARNING: [RTGEN 206-101] Setting dangling out port 'accumulate_projection_group/grp_fu_842_p_opcode' to 0.
WARNING: [RTGEN 206-101] Setting dangling out port 'accumulate_projection_group/grp_fu_846_p_opcode' to 0.
INFO: [RTGEN 206-100] Generating core module 'fadd_32ns_32ns_32_7_full_dsp_1': 31 instance(s).
INFO: [RTGEN 206-100] Generating core module 'faddfsub_32ns_32ns_32_7_full_dsp_1': 17 instance(s).
INFO: [RTGEN 206-100] Generating core module 'fmul_32ns_32ns_32_4_max_dsp_1': 32 instance(s).
INFO: [RTGEN 206-100] Finished creating RTL model for 'accumulate_projection_group'.
INFO: [HLS 200-111] Finished Creating RTL model: CPU user time: 2.31 seconds. CPU system time: 0.01 seconds. Elapsed time: 2.34 seconds; current allocated memory: 477.121 MB.
INFO: [HLS 200-10] ----------------------------------------------------------------
INFO: [HLS 200-10] -- Generating RTL for module 'load_norm_parameters' 
INFO: [HLS 200-10] ----------------------------------------------------------------
INFO: [HLS 200-1030] Apply Unified Pipeline Control on module 'load_norm_parameters' pipeline 'LOAD_NORM_PACK' pipeline type 'loop pipeline'
INFO: [RTGEN 206-100] Finished creating RTL model for 'load_norm_parameters'.
INFO: [HLS 200-111] Finished Creating RTL model: CPU user time: 2.4 seconds. CPU system time: 0.01 seconds. Elapsed time: 2.41 seconds; current allocated memory: 482.551 MB.
INFO: [HLS 200-10] ----------------------------------------------------------------
INFO: [HLS 200-10] -- Generating RTL for module 'residual_norm_and_write_Pipeline_NORM_REDUCE_PACK' 
INFO: [HLS 200-10] ----------------------------------------------------------------
INFO: [HLS 200-1030] Apply Unified Pipeline Control on module 'residual_norm_and_write_Pipeline_NORM_REDUCE_PACK' pipeline 'NORM_REDUCE_PACK' pipeline type 'loop pipeline'
INFO: [RTGEN 206-100] Generating core module 'fadd_32ns_32ns_32_5_no_dsp_1': 8 instance(s).
INFO: [RTGEN 206-100] Generating core module 'fadd_32ns_32ns_32_7_full_dsp_1': 3 instance(s).
INFO: [RTGEN 206-100] Generating core module 'faddfsub_32ns_32ns_32_7_full_dsp_1': 1 instance(s).
INFO: [RTGEN 206-100] Generating core module 'fmul_32ns_32ns_32_4_max_dsp_1': 4 instance(s).
INFO: [RTGEN 206-100] Finished creating RTL model for 'residual_norm_and_write_Pipeline_NORM_REDUCE_PACK'.
INFO: [HLS 200-111] Finished Creating RTL model: CPU user time: 0.1 seconds. CPU system time: 0 seconds. Elapsed time: 0.1 seconds; current allocated memory: 485.988 MB.
INFO: [HLS 200-10] ----------------------------------------------------------------
INFO: [HLS 200-10] -- Generating RTL for module 'residual_norm_and_write_Pipeline_NORM_BANK_REDUCE' 
INFO: [HLS 200-10] ----------------------------------------------------------------
INFO: [HLS 200-1030] Apply Unified Pipeline Control on module 'residual_norm_and_write_Pipeline_NORM_BANK_REDUCE' pipeline 'NORM_BANK_REDUCE' pipeline type 'loop pipeline'
INFO: [RTGEN 206-100] Generating core module 'faddfsub_32ns_32ns_32_7_full_dsp_1': 1 instance(s).
INFO: [RTGEN 206-100] Generating core module 'mux_165_32_1_1': 2 instance(s).
INFO: [RTGEN 206-100] Finished creating RTL model for 'residual_norm_and_write_Pipeline_NORM_BANK_REDUCE'.
INFO: [HLS 200-111] Finished Creating RTL model: CPU user time: 0.34 seconds. CPU system time: 0.01 seconds. Elapsed time: 0.36 seconds; current allocated memory: 492.348 MB.
INFO: [HLS 200-10] ----------------------------------------------------------------
INFO: [HLS 200-10] -- Generating RTL for module 'residual_norm_and_write_Pipeline_NORM_WRITE_PACK' 
INFO: [HLS 200-10] ----------------------------------------------------------------
INFO: [HLS 200-1030] Apply Unified Pipeline Control on module 'residual_norm_and_write_Pipeline_NORM_WRITE_PACK' pipeline 'NORM_WRITE_PACK' pipeline type 'loop pipeline'
WARNING: [RTGEN 206-101] Setting dangling out port 'residual_norm_and_write_Pipeline_NORM_WRITE_PACK/m_axi_gmem_attn_mid_AWVALID' to 0.
WARNING: [RTGEN 206-101] Setting dangling out port 'residual_norm_and_write_Pipeline_NORM_WRITE_PACK/m_axi_gmem_attn_mid_AWADDR' to 0.
WARNING: [RTGEN 206-101] Setting dangling out port 'residual_norm_and_write_Pipeline_NORM_WRITE_PACK/m_axi_gmem_attn_mid_AWID' to 0.
WARNING: [RTGEN 206-101] Setting dangling out port 'residual_norm_and_write_Pipeline_NORM_WRITE_PACK/m_axi_gmem_attn_mid_AWLEN' to 0.
WARNING: [RTGEN 206-101] Setting dangling out port 'residual_norm_and_write_Pipeline_NORM_WRITE_PACK/m_axi_gmem_attn_mid_AWSIZE' to 0.
WARNING: [RTGEN 206-101] Setting dangling out port 'residual_norm_and_write_Pipeline_NORM_WRITE_PACK/m_axi_gmem_attn_mid_AWBURST' to 0.
WARNING: [RTGEN 206-101] Setting dangling out port 'residual_norm_and_write_Pipeline_NORM_WRITE_PACK/m_axi_gmem_attn_mid_AWLOCK' to 0.
WARNING: [RTGEN 206-101] Setting dangling out port 'residual_norm_and_write_Pipeline_NORM_WRITE_PACK/m_axi_gmem_attn_mid_AWCACHE' to 0.
WARNING: [RTGEN 206-101] Setting dangling out port 'residual_norm_and_write_Pipeline_NORM_WRITE_PACK/m_axi_gmem_attn_mid_AWPROT' to 0.
WARNING: [RTGEN 206-101] Setting dangling out port 'residual_norm_and_write_Pipeline_NORM_WRITE_PACK/m_axi_gmem_attn_mid_AWQOS' to 0.
WARNING: [RTGEN 206-101] Setting dangling out port 'residual_norm_and_write_Pipeline_NORM_WRITE_PACK/m_axi_gmem_attn_mid_AWREGION' to 0.
WARNING: [RTGEN 206-101] Setting dangling out port 'residual_norm_and_write_Pipeline_NORM_WRITE_PACK/m_axi_gmem_attn_mid_AWUSER' to 0.
WARNING: [RTGEN 206-101] Setting dangling out port 'residual_norm_and_write_Pipeline_NORM_WRITE_PACK/m_axi_gmem_attn_mid_BREADY' to 0.
INFO: [RTGEN 206-100] Generating core module 'fadd_32ns_32ns_32_7_full_dsp_1': 31 instance(s).
INFO: [RTGEN 206-100] Generating core module 'faddfsub_32ns_32ns_32_7_full_dsp_1': 17 instance(s).
INFO: [RTGEN 206-100] Generating core module 'fmul_32ns_32ns_32_4_max_dsp_1': 32 instance(s).
INFO: [RTGEN 206-100] Finished creating RTL model for 'residual_norm_and_write_Pipeline_NORM_WRITE_PACK'.
INFO: [HLS 200-111] Finished Creating RTL model: CPU user time: 0.14 seconds. CPU system time: 0 seconds. Elapsed time: 0.15 seconds; current allocated memory: 499.523 MB.
INFO: [HLS 200-10] ----------------------------------------------------------------
INFO: [HLS 200-10] -- Generating RTL for module 'residual_norm_and_write' 
INFO: [HLS 200-10] ----------------------------------------------------------------
WARNING: [RTGEN 206-101] Setting dangling out port 'residual_norm_and_write/grp_fu_662_p_opcode' to 0.
WARNING: [RTGEN 206-101] Setting dangling out port 'residual_norm_and_write/grp_fu_666_p_opcode' to 0.
WARNING: [RTGEN 206-101] Setting dangling out port 'residual_norm_and_write/grp_fu_670_p_opcode' to 0.
WARNING: [RTGEN 206-101] Setting dangling out port 'residual_norm_and_write/grp_fu_674_p_opcode' to 0.
WARNING: [RTGEN 206-101] Setting dangling out port 'residual_norm_and_write/grp_fu_678_p_opcode' to 0.
WARNING: [RTGEN 206-101] Setting dangling out port 'residual_norm_and_write/grp_fu_682_p_opcode' to 0.
WARNING: [RTGEN 206-101] Setting dangling out port 'residual_norm_and_write/grp_fu_686_p_opcode' to 0.
WARNING: [RTGEN 206-101] Setting dangling out port 'residual_norm_and_write/grp_fu_690_p_opcode' to 0.
WARNING: [RTGEN 206-101] Setting dangling out port 'residual_norm_and_write/grp_fu_694_p_opcode' to 0.
WARNING: [RTGEN 206-101] Setting dangling out port 'residual_norm_and_write/grp_fu_698_p_opcode' to 0.
WARNING: [RTGEN 206-101] Setting dangling out port 'residual_norm_and_write/grp_fu_702_p_opcode' to 0.
WARNING: [RTGEN 206-101] Setting dangling out port 'residual_norm_and_write/grp_fu_706_p_opcode' to 0.
WARNING: [RTGEN 206-101] Setting dangling out port 'residual_norm_and_write/grp_fu_710_p_opcode' to 0.
WARNING: [RTGEN 206-101] Setting dangling out port 'residual_norm_and_write/grp_fu_714_p_opcode' to 0.
WARNING: [RTGEN 206-101] Setting dangling out port 'residual_norm_and_write/grp_fu_718_p_opcode' to 0.
WARNING: [RTGEN 206-101] Setting dangling out port 'residual_norm_and_write/grp_fu_786_p_opcode' to 0.
WARNING: [RTGEN 206-101] Setting dangling out port 'residual_norm_and_write/grp_fu_790_p_opcode' to 0.
WARNING: [RTGEN 206-101] Setting dangling out port 'residual_norm_and_write/grp_fu_794_p_opcode' to 0.
WARNING: [RTGEN 206-101] Setting dangling out port 'residual_norm_and_write/grp_fu_798_p_opcode' to 0.
WARNING: [RTGEN 206-101] Setting dangling out port 'residual_norm_and_write/grp_fu_802_p_opcode' to 0.
WARNING: [RTGEN 206-101] Setting dangling out port 'residual_norm_and_write/grp_fu_806_p_opcode' to 0.
WARNING: [RTGEN 206-101] Setting dangling out port 'residual_norm_and_write/grp_fu_810_p_opcode' to 0.
WARNING: [RTGEN 206-101] Setting dangling out port 'residual_norm_and_write/grp_fu_814_p_opcode' to 0.
WARNING: [RTGEN 206-101] Setting dangling out port 'residual_norm_and_write/grp_fu_818_p_opcode' to 0.
WARNING: [RTGEN 206-101] Setting dangling out port 'residual_norm_and_write/grp_fu_822_p_opcode' to 0.
WARNING: [RTGEN 206-101] Setting dangling out port 'residual_norm_and_write/grp_fu_826_p_opcode' to 0.
WARNING: [RTGEN 206-101] Setting dangling out port 'residual_norm_and_write/grp_fu_830_p_opcode' to 0.
WARNING: [RTGEN 206-101] Setting dangling out port 'residual_norm_and_write/grp_fu_834_p_opcode' to 0.
WARNING: [RTGEN 206-101] Setting dangling out port 'residual_norm_and_write/grp_fu_838_p_opcode' to 0.
WARNING: [RTGEN 206-101] Setting dangling out port 'residual_norm_and_write/grp_fu_842_p_opcode' to 0.
WARNING: [RTGEN 206-101] Setting dangling out port 'residual_norm_and_write/grp_fu_846_p_opcode' to 0.
INFO: [RTGEN 206-100] Generating core module 'fadd_32ns_32ns_32_7_full_dsp_1': 31 instance(s).
INFO: [RTGEN 206-100] Generating core module 'faddfsub_32ns_32ns_32_7_full_dsp_1': 17 instance(s).
INFO: [RTGEN 206-100] Generating core module 'fmul_32ns_32ns_32_4_max_dsp_1': 32 instance(s).
INFO: [RTGEN 206-100] Generating core module 'frsqrt_32ns_32ns_32_17_full_dsp_1': 1 instance(s).
INFO: [RTGEN 206-100] Finished creating RTL model for 'residual_norm_and_write'.
INFO: [HLS 200-111] Finished Creating RTL model: CPU user time: 0.6 seconds. CPU system time: 0.01 seconds. Elapsed time: 0.6 seconds; current allocated memory: 510.379 MB.
INFO: [HLS 200-10] ----------------------------------------------------------------
INFO: [HLS 200-10] -- Generating RTL for module 'bert_attn_out_norm_residual_kernel' 
INFO: [HLS 200-10] ----------------------------------------------------------------
WARNING: [RTGEN 206-101] Design contains AXI ports. Reset is fixed to synchronous and active low.
INFO: [RTGEN 206-500] Setting interface mode on port 'bert_attn_out_norm_residual_kernel/gmem_hidden' to 'm_axi'.
INFO: [RTGEN 206-500] Setting interface mode on port 'bert_attn_out_norm_residual_kernel/gmem_o' to 'm_axi'.
INFO: [RTGEN 206-500] Setting interface mode on port 'bert_attn_out_norm_residual_kernel/gmem_norm' to 'm_axi'.
INFO: [RTGEN 206-500] Setting interface mode on port 'bert_attn_out_norm_residual_kernel/gmem_attn_mid' to 'm_axi'.
INFO: [RTGEN 206-500] Setting interface mode on port 'bert_attn_out_norm_residual_kernel/context_stream' to 'axis' (register, both mode).
INFO: [RTGEN 206-500] Setting interface mode on port 'bert_attn_out_norm_residual_kernel/residual_in' to 's_axilite & ap_none'.
INFO: [RTGEN 206-500] Setting interface mode on port 'bert_attn_out_norm_residual_kernel/residual_ready' to 's_axilite & ap_none'.
INFO: [RTGEN 206-500] Setting interface mode on port 'bert_attn_out_norm_residual_kernel/attn_o_w_all' to 's_axilite & ap_none'.
INFO: [RTGEN 206-500] Setting interface mode on port 'bert_attn_out_norm_residual_kernel/attn_o_b_all' to 's_axilite & ap_none'.
INFO: [RTGEN 206-500] Setting interface mode on port 'bert_attn_out_norm_residual_kernel/attn_norm_gamma_all' to 's_axilite & ap_none'.
INFO: [RTGEN 206-500] Setting interface mode on port 'bert_attn_out_norm_residual_kernel/attn_norm_beta_all' to 's_axilite & ap_none'.
INFO: [RTGEN 206-500] Setting interface mode on port 'bert_attn_out_norm_residual_kernel/attn_mid_ddr' to 's_axilite & ap_none'.
INFO: [RTGEN 206-500] Setting interface mode on port 'bert_attn_out_norm_residual_kernel/attn_mid_done' to 's_axilite & ap_none'.
INFO: [RTGEN 206-500] Setting interface mode on port 'bert_attn_out_norm_residual_kernel/layer_id' to 's_axilite & ap_none'.
INFO: [RTGEN 206-500] Setting interface mode on port 'bert_attn_out_norm_residual_kernel/attn_mid_stream' to 'axis' (register, both mode).
INFO: [RTGEN 206-500] Setting interface mode on port 'bert_attn_out_norm_residual_kernel/ffn_residual_stream' to 'axis' (register, both mode).
INFO: [RTGEN 206-500] Setting interface mode on function 'bert_attn_out_norm_residual_kernel' to 's_axilite & ap_ctrl_hs'.
INFO: [RTGEN 206-100] Bundling port 'residual_in', 'residual_ready', 'attn_o_w_all', 'attn_o_b_all', 'attn_norm_gamma_all', 'attn_norm_beta_all', 'attn_mid_ddr', 'attn_mid_done', 'layer_id' and 'return' to AXI-Lite port control.
INFO: [RTGEN 206-104] Estimated max fanout for 'bert_attn_out_norm_residual_kernel' is 5534 from HDL expression: (1'b1 == ap_CS_fsm_state15)
INFO: [RTGEN 206-100] Generating core module 'fadd_32ns_32ns_32_7_full_dsp_1': 31 instance(s).
INFO: [RTGEN 206-100] Generating core module 'faddfsub_32ns_32ns_32_7_full_dsp_1': 17 instance(s).
INFO: [RTGEN 206-100] Generating core module 'fmul_32ns_32ns_32_4_max_dsp_1': 32 instance(s).
INFO: [RTGEN 206-100] Finished creating RTL model for 'bert_attn_out_norm_residual_kernel'.
INFO: [HLS 200-111] Finished Creating RTL model: CPU user time: 0.64 seconds. CPU system time: 0 seconds. Elapsed time: 0.67 seconds; current allocated memory: 519.637 MB.
INFO: [RTMG 210-278] Implementing memory 'bert_attn_out_norm_residual_kernel_initialize_projection_bias_tile_RAM_AUTO_1R1W_ram (RAM)' using auto RAMs.
INFO: [RTMG 210-278] Implementing memory 'bert_attn_out_norm_residual_kernel_accumulate_projection_group_wtile_0_RAM_AUTO_1R1W_ram (RAM)' using auto RAMs.
INFO: [RTMG 210-278] Implementing memory 'bert_attn_out_norm_residual_kernel_residual_norm_and_write_gamma_cache1_RAM_2P_BRAM_1R1W_ram (RAM_2P_BRAM)' using block RAMs.
INFO: [RTMG 210-278] Implementing memory 'bert_attn_out_norm_residual_kernel_context_group_RAM_2P_URAM_1R1W_ram (RAM_2P_URAM)' using ultra RAMs.
INFO: [RTMG 210-278] Implementing memory 'bert_attn_out_norm_residual_kernel_residual_RAM_2P_URAM_1R1W_ram (RAM_2P_URAM)' using ultra RAMs.
INFO: [RTMG 210-278] Implementing memory 'bert_attn_out_norm_residual_kernel_projected_RAM_2P_URAM_1R1W_ram (RAM_2P_URAM)' using ultra RAMs.
INFO: [HLS 200-111] Finished Generating all RTL models: CPU user time: 3.79 seconds. CPU system time: 0.04 seconds. Elapsed time: 3.83 seconds; current allocated memory: 526.223 MB.
INFO: [HLS 200-1603] Design has inferred MAXI bursts and missed bursts, see Vitis HLS GUI synthesis summary report for detailed information.
INFO: [HLS 200-111] Finished Updating report files: CPU user time: 1.74 seconds. CPU system time: 0 seconds. Elapsed time: 1.75 seconds; current allocated memory: 545.047 MB.
INFO: [VHDL 208-304] Generating VHDL RTL for bert_attn_out_norm_residual_kernel.
INFO: [VLOG 209-307] Generating Verilog RTL for bert_attn_out_norm_residual_kernel.
INFO: [HLS 200-790] **** Loop Constraint Status: All loop constraints were NOT satisfied.
INFO: [HLS 200-789] **** Estimated Fmax: 404.86 MHz
INFO: [HLS 200-111] Finished Command csynth_design CPU user time: 38.5 seconds. CPU system time: 1.03 seconds. Elapsed time: 38.71 seconds; current allocated memory: -697.961 MB.
INFO: [HLS 200-1510] Running: close_project 
INFO: [HLS 200-1510] Running: open_project -reset proj_bert_ffn_down_residual_norm_fp32_kernel 
INFO: [HLS 200-10] Creating and opening project '/home/minhphat/split_kernel/build/hls/proj_bert_ffn_down_residual_norm_fp32_kernel'.
INFO: [HLS 200-1510] Running: add_files -cflags -std=c++14 -I/home/minhphat/split_kernel/include /home/minhphat/split_kernel/kernels/bert_ffn_fp32_kernels.cpp 
INFO: [HLS 200-10] Adding design file '/home/minhphat/split_kernel/kernels/bert_ffn_fp32_kernels.cpp' to the project
INFO: [HLS 200-1510] Running: set_top bert_ffn_down_residual_norm_fp32_kernel 
INFO: [HLS 200-1510] Running: open_solution -reset solution1 -flow_target vivado 
INFO: [HLS 200-10] Creating and opening solution '/home/minhphat/split_kernel/build/hls/proj_bert_ffn_down_residual_norm_fp32_kernel/solution1'.
INFO: [HLS 200-10] Cleaning up the solution database.
WARNING: [HLS 200-40] No /home/minhphat/split_kernel/build/hls/proj_bert_ffn_down_residual_norm_fp32_kernel/solution1/solution1.aps file found.
