==============================================================
Vitis HLS - High-Level Synthesis from C, C++ and OpenCL v2022.1 (64-bit)
Tool Version Limit: 2022.04
Copyright 1986-2022 Xilinx, Inc. All Rights Reserved.
==============================================================
INFO: [HLS 200-1505] Using flow_target 'vivado'
INFO: [HLS 200-435] Setting 'open_solution -flow_target vivado' configuration: config_interface -m_axi_latency=0
INFO: [HLS 200-1510] Running: set_part xcu250-figd2104-2L-e 
INFO: [HLS 200-1611] Setting target device to 'xcu250-figd2104-2L-e'
INFO: [HLS 200-1510] Running: create_clock -period 3.333 -name default 
INFO: [SYN 201-201] Setting up clock 'default' with a period of 3.333ns.
INFO: [HLS 200-1510] Running: csynth_design 
INFO: [HLS 200-111] Finished File checks and directory preparation: CPU user time: 0 seconds. CPU system time: 0.01 seconds. Elapsed time: 0.01 seconds; current allocated memory: 1.214 GB.
INFO: [HLS 200-10] Analyzing design file '/home/minhphat/split_kernel/kernels/bert_ffn_fp32_kernels.cpp' ... 
INFO: [HLS 200-111] Finished Source Code Analysis and Preprocessing: CPU user time: 11.59 seconds. CPU system time: 0.56 seconds. Elapsed time: 11.05 seconds; current allocated memory: 218.379 MB.
INFO: [HLS 200-777] Using interface defaults for 'Vivado' flow target.
INFO: [HLS 214-131] Inlining function 'bits_to_float(ap_uint<32>)' into 'unpack_packed_float16(ap_uint<512>, float*)' (/home/minhphat/split_kernel/kernels/bert_ffn_fp32_kernels.cpp:138:18)
INFO: [HLS 214-131] Inlining function 'bits_to_float(ap_uint<32>)' into 'unpack_packed_float16(ap_uint<512>, float*)' (/home/minhphat/split_kernel/kernels/bert_ffn_fp32_kernels.cpp:137:18)
INFO: [HLS 214-131] Inlining function 'bits_to_float(ap_uint<32>)' into 'unpack_packed_float16(ap_uint<512>, float*)' (/home/minhphat/split_kernel/kernels/bert_ffn_fp32_kernels.cpp:136:18)
INFO: [HLS 214-131] Inlining function 'bits_to_float(ap_uint<32>)' into 'unpack_packed_float16(ap_uint<512>, float*)' (/home/minhphat/split_kernel/kernels/bert_ffn_fp32_kernels.cpp:135:18)
INFO: [HLS 214-131] Inlining function 'bits_to_float(ap_uint<32>)' into 'unpack_packed_float16(ap_uint<512>, float*)' (/home/minhphat/split_kernel/kernels/bert_ffn_fp32_kernels.cpp:134:18)
INFO: [HLS 214-131] Inlining function 'bits_to_float(ap_uint<32>)' into 'unpack_packed_float16(ap_uint<512>, float*)' (/home/minhphat/split_kernel/kernels/bert_ffn_fp32_kernels.cpp:133:18)
INFO: [HLS 214-131] Inlining function 'bits_to_float(ap_uint<32>)' into 'unpack_packed_float16(ap_uint<512>, float*)' (/home/minhphat/split_kernel/kernels/bert_ffn_fp32_kernels.cpp:132:17)
INFO: [HLS 214-131] Inlining function 'bits_to_float(ap_uint<32>)' into 'unpack_packed_float16(ap_uint<512>, float*)' (/home/minhphat/split_kernel/kernels/bert_ffn_fp32_kernels.cpp:131:17)
INFO: [HLS 214-131] Inlining function 'bits_to_float(ap_uint<32>)' into 'unpack_packed_float16(ap_uint<512>, float*)' (/home/minhphat/split_kernel/kernels/bert_ffn_fp32_kernels.cpp:130:17)
INFO: [HLS 214-131] Inlining function 'bits_to_float(ap_uint<32>)' into 'unpack_packed_float16(ap_uint<512>, float*)' (/home/minhphat/split_kernel/kernels/bert_ffn_fp32_kernels.cpp:129:17)
INFO: [HLS 214-131] Inlining function 'bits_to_float(ap_uint<32>)' into 'unpack_packed_float16(ap_uint<512>, float*)' (/home/minhphat/split_kernel/kernels/bert_ffn_fp32_kernels.cpp:128:17)
INFO: [HLS 214-131] Inlining function 'bits_to_float(ap_uint<32>)' into 'unpack_packed_float16(ap_uint<512>, float*)' (/home/minhphat/split_kernel/kernels/bert_ffn_fp32_kernels.cpp:127:17)
INFO: [HLS 214-131] Inlining function 'bits_to_float(ap_uint<32>)' into 'unpack_packed_float16(ap_uint<512>, float*)' (/home/minhphat/split_kernel/kernels/bert_ffn_fp32_kernels.cpp:126:17)
INFO: [HLS 214-131] Inlining function 'bits_to_float(ap_uint<32>)' into 'unpack_packed_float16(ap_uint<512>, float*)' (/home/minhphat/split_kernel/kernels/bert_ffn_fp32_kernels.cpp:125:17)
INFO: [HLS 214-131] Inlining function 'bits_to_float(ap_uint<32>)' into 'unpack_packed_float16(ap_uint<512>, float*)' (/home/minhphat/split_kernel/kernels/bert_ffn_fp32_kernels.cpp:124:17)
INFO: [HLS 214-131] Inlining function 'bits_to_float(ap_uint<32>)' into 'unpack_packed_float16(ap_uint<512>, float*)' (/home/minhphat/split_kernel/kernels/bert_ffn_fp32_kernels.cpp:123:14)
INFO: [HLS 214-131] Inlining function 'unpack_packed_float16(ap_uint<512>, float*)' into 'fp32_initialize_down_bias_residual(hls::stream<ap_uint<512>, 0>&, ap_uint<512>*, float (*) [768])' (/home/minhphat/split_kernel/kernels/bert_ffn_fp32_kernels.cpp:481:2)
INFO: [HLS 214-131] Inlining function 'unpack_packed_float16(ap_uint<512>, float*)' into 'fp32_initialize_down_bias_residual(hls::stream<ap_uint<512>, 0>&, ap_uint<512>*, float (*) [768])' (/home/minhphat/split_kernel/kernels/bert_ffn_fp32_kernels.cpp:482:13)
INFO: [HLS 214-131] Inlining function 'unpack_packed_float16(ap_uint<512>, float*)' into 'v15_ffn_down_tilemajor_projection(hls::stream<ap_uint<512>, 0>&, ap_uint<512>*, float (*) [768])' (/home/minhphat/split_kernel/kernels/bert_ffn_fp32_kernels.cpp:518:17)
INFO: [HLS 214-131] Inlining function 'unpack_packed_float16(ap_uint<512>, float*)' into 'v15_ffn_down_tilemajor_projection(hls::stream<ap_uint<512>, 0>&, ap_uint<512>*, float (*) [768])' (/home/minhphat/split_kernel/kernels/bert_ffn_fp32_kernels.cpp:539:17)
INFO: [HLS 214-131] Inlining function 'float_to_bits(float)' into 'pack_packed_float16(float const*)' (/home/minhphat/split_kernel/kernels/bert_ffn_fp32_kernels.cpp:161:28)
INFO: [HLS 214-131] Inlining function 'float_to_bits(float)' into 'pack_packed_float16(float const*)' (/home/minhphat/split_kernel/kernels/bert_ffn_fp32_kernels.cpp:160:28)
INFO: [HLS 214-131] Inlining function 'float_to_bits(float)' into 'pack_packed_float16(float const*)' (/home/minhphat/split_kernel/kernels/bert_ffn_fp32_kernels.cpp:159:28)
INFO: [HLS 214-131] Inlining function 'float_to_bits(float)' into 'pack_packed_float16(float const*)' (/home/minhphat/split_kernel/kernels/bert_ffn_fp32_kernels.cpp:158:28)
INFO: [HLS 214-131] Inlining function 'float_to_bits(float)' into 'pack_packed_float16(float const*)' (/home/minhphat/split_kernel/kernels/bert_ffn_fp32_kernels.cpp:157:28)
INFO: [HLS 214-131] Inlining function 'float_to_bits(float)' into 'pack_packed_float16(float const*)' (/home/minhphat/split_kernel/kernels/bert_ffn_fp32_kernels.cpp:156:28)
INFO: [HLS 214-131] Inlining function 'float_to_bits(float)' into 'pack_packed_float16(float const*)' (/home/minhphat/split_kernel/kernels/bert_ffn_fp32_kernels.cpp:155:28)
INFO: [HLS 214-131] Inlining function 'float_to_bits(float)' into 'pack_packed_float16(float const*)' (/home/minhphat/split_kernel/kernels/bert_ffn_fp32_kernels.cpp:154:28)
INFO: [HLS 214-131] Inlining function 'float_to_bits(float)' into 'pack_packed_float16(float const*)' (/home/minhphat/split_kernel/kernels/bert_ffn_fp32_kernels.cpp:153:28)
INFO: [HLS 214-131] Inlining function 'float_to_bits(float)' into 'pack_packed_float16(float const*)' (/home/minhphat/split_kernel/kernels/bert_ffn_fp32_kernels.cpp:152:28)
INFO: [HLS 214-131] Inlining function 'float_to_bits(float)' into 'pack_packed_float16(float const*)' (/home/minhphat/split_kernel/kernels/bert_ffn_fp32_kernels.cpp:151:28)
INFO: [HLS 214-131] Inlining function 'float_to_bits(float)' into 'pack_packed_float16(float const*)' (/home/minhphat/split_kernel/kernels/bert_ffn_fp32_kernels.cpp:150:28)
INFO: [HLS 214-131] Inlining function 'float_to_bits(float)' into 'pack_packed_float16(float const*)' (/home/minhphat/split_kernel/kernels/bert_ffn_fp32_kernels.cpp:149:27)
INFO: [HLS 214-131] Inlining function 'float_to_bits(float)' into 'pack_packed_float16(float const*)' (/home/minhphat/split_kernel/kernels/bert_ffn_fp32_kernels.cpp:148:26)
INFO: [HLS 214-131] Inlining function 'float_to_bits(float)' into 'pack_packed_float16(float const*)' (/home/minhphat/split_kernel/kernels/bert_ffn_fp32_kernels.cpp:147:26)
INFO: [HLS 214-131] Inlining function 'float_to_bits(float)' into 'pack_packed_float16(float const*)' (/home/minhphat/split_kernel/kernels/bert_ffn_fp32_kernels.cpp:146:25)
INFO: [HLS 214-131] Inlining function 'unpack_packed_float16(ap_uint<512>, float*)' into 'fp32_layernorm_and_store(float (*) [768], ap_uint<512>*, ap_uint<512>*, ap_uint<512>*)' (/home/minhphat/split_kernel/kernels/bert_ffn_fp32_kernels.cpp:618:2)
INFO: [HLS 214-131] Inlining function 'pack_packed_float16(float const*)' into 'fp32_layernorm_and_store(float (*) [768], ap_uint<512>*, ap_uint<512>*, ap_uint<512>*)' (/home/minhphat/split_kernel/kernels/bert_ffn_fp32_kernels.cpp:681:17)
INFO: [HLS 214-131] Inlining function 'hls::rsqrtf(float)' into 'fp32_layernorm_and_store(float (*) [768], ap_uint<512>*, ap_uint<512>*, ap_uint<512>*)' (/home/minhphat/split_kernel/kernels/bert_ffn_fp32_kernels.cpp:665:31)
INFO: [HLS 214-131] Inlining function 'unpack_packed_float16(ap_uint<512>, float*)' into 'fp32_layernorm_and_store(float (*) [768], ap_uint<512>*, ap_uint<512>*, ap_uint<512>*)' (/home/minhphat/split_kernel/kernels/bert_ffn_fp32_kernels.cpp:619:9)
INFO: [HLS 214-291] Loop 'fp32_norm_reduce_lane' is marked as complete unroll implied by the pipeline pragma (/home/minhphat/split_kernel/kernels/bert_ffn_fp32_kernels.cpp:646:13)
INFO: [HLS 214-291] Loop 'fp32_norm_write_lane' is marked as complete unroll implied by the pipeline pragma (/home/minhphat/split_kernel/kernels/bert_ffn_fp32_kernels.cpp:673:13)
INFO: [HLS 214-291] Loop 'fp32_norm_load_lane' is marked as complete unroll implied by the pipeline pragma (/home/minhphat/split_kernel/kernels/bert_ffn_fp32_kernels.cpp:621:9)
INFO: [HLS 214-291] Loop 'v15_down_read_gelu_lane' is marked as complete unroll implied by the pipeline pragma (/home/minhphat/split_kernel/kernels/bert_ffn_fp32_kernels.cpp:520:17)
INFO: [HLS 214-291] Loop 'v15_down_load_w_lane' is marked as complete unroll implied by the pipeline pragma (/home/minhphat/split_kernel/kernels/bert_ffn_fp32_kernels.cpp:541:17)
INFO: [HLS 214-291] Loop 'v15_down_load_x_vec' is marked as complete unroll implied by the pipeline pragma (/home/minhphat/split_kernel/kernels/bert_ffn_fp32_kernels.cpp:561:25)
INFO: [HLS 214-291] Loop 'v15_down_load_acc_vec' is marked as complete unroll implied by the pipeline pragma (/home/minhphat/split_kernel/kernels/bert_ffn_fp32_kernels.cpp:567:25)
INFO: [HLS 214-291] Loop 'v15_down_mac_vec' is marked as complete unroll implied by the pipeline pragma (/home/minhphat/split_kernel/kernels/bert_ffn_fp32_kernels.cpp:573:25)
INFO: [HLS 214-291] Loop 'v15_down_load_w_vec' is marked as complete unroll implied by the pipeline pragma (/home/minhphat/split_kernel/kernels/bert_ffn_fp32_kernels.cpp:578:29)
INFO: [HLS 214-291] Loop 'v15_down_store_acc_vec' is marked as complete unroll implied by the pipeline pragma (/home/minhphat/split_kernel/kernels/bert_ffn_fp32_kernels.cpp:586:25)
INFO: [HLS 214-291] Loop 'v13_dot_l3' is marked as complete unroll implied by the pipeline pragma (/home/minhphat/split_kernel/kernels/bert_ffn_fp32_kernels.cpp:310:5)
INFO: [HLS 214-291] Loop 'v13_dot_l2' is marked as complete unroll implied by the pipeline pragma (/home/minhphat/split_kernel/kernels/bert_ffn_fp32_kernels.cpp:304:5)
INFO: [HLS 214-291] Loop 'fp32_down_residual_lane' is marked as complete unroll implied by the pipeline pragma (/home/minhphat/split_kernel/kernels/bert_ffn_fp32_kernels.cpp:484:13)
INFO: [HLS 214-186] Unrolling loop 'fp32_norm_bank_init' (/home/minhphat/split_kernel/kernels/bert_ffn_fp32_kernels.cpp:636:9) in function 'fp32_layernorm_and_store' completely with a factor of 16 (/home/minhphat/split_kernel/kernels/bert_ffn_fp32_kernels.cpp:602:0)
INFO: [HLS 214-186] Unrolling loop 'fp32_norm_reduce_lane' (/home/minhphat/split_kernel/kernels/bert_ffn_fp32_kernels.cpp:646:13) in function 'fp32_layernorm_and_store' completely with a factor of 16 (/home/minhphat/split_kernel/kernels/bert_ffn_fp32_kernels.cpp:602:0)
INFO: [HLS 214-186] Unrolling loop 'fp32_norm_write_lane' (/home/minhphat/split_kernel/kernels/bert_ffn_fp32_kernels.cpp:673:13) in function 'fp32_layernorm_and_store' completely with a factor of 16 (/home/minhphat/split_kernel/kernels/bert_ffn_fp32_kernels.cpp:602:0)
INFO: [HLS 214-186] Unrolling loop 'fp32_norm_load_lane' (/home/minhphat/split_kernel/kernels/bert_ffn_fp32_kernels.cpp:621:9) in function 'fp32_layernorm_and_store' completely with a factor of 16 (/home/minhphat/split_kernel/kernels/bert_ffn_fp32_kernels.cpp:602:0)
INFO: [HLS 214-186] Unrolling loop 'v15_down_read_gelu_lane' (/home/minhphat/split_kernel/kernels/bert_ffn_fp32_kernels.cpp:520:17) in function 'v15_ffn_down_tilemajor_projection' completely with a factor of 16 (/home/minhphat/split_kernel/kernels/bert_ffn_fp32_kernels.cpp:497:0)
INFO: [HLS 214-186] Unrolling loop 'v15_down_load_w_lane' (/home/minhphat/split_kernel/kernels/bert_ffn_fp32_kernels.cpp:541:17) in function 'v15_ffn_down_tilemajor_projection' completely with a factor of 16 (/home/minhphat/split_kernel/kernels/bert_ffn_fp32_kernels.cpp:497:0)
INFO: [HLS 214-186] Unrolling loop 'v15_down_load_x_vec' (/home/minhphat/split_kernel/kernels/bert_ffn_fp32_kernels.cpp:561:25) in function 'v15_ffn_down_tilemajor_projection' completely with a factor of 16 (/home/minhphat/split_kernel/kernels/bert_ffn_fp32_kernels.cpp:497:0)
INFO: [HLS 214-186] Unrolling loop 'v15_down_load_acc_vec' (/home/minhphat/split_kernel/kernels/bert_ffn_fp32_kernels.cpp:567:25) in function 'v15_ffn_down_tilemajor_projection' completely with a factor of 16 (/home/minhphat/split_kernel/kernels/bert_ffn_fp32_kernels.cpp:497:0)
INFO: [HLS 214-186] Unrolling loop 'v15_down_mac_vec' (/home/minhphat/split_kernel/kernels/bert_ffn_fp32_kernels.cpp:573:25) in function 'v15_ffn_down_tilemajor_projection' completely with a factor of 16 (/home/minhphat/split_kernel/kernels/bert_ffn_fp32_kernels.cpp:497:0)
INFO: [HLS 214-186] Unrolling loop 'v15_down_load_w_vec' (/home/minhphat/split_kernel/kernels/bert_ffn_fp32_kernels.cpp:578:29) in function 'v15_ffn_down_tilemajor_projection' completely with a factor of 16 (/home/minhphat/split_kernel/kernels/bert_ffn_fp32_kernels.cpp:497:0)
INFO: [HLS 214-186] Unrolling loop 'v15_down_store_acc_vec' (/home/minhphat/split_kernel/kernels/bert_ffn_fp32_kernels.cpp:586:25) in function 'v15_ffn_down_tilemajor_projection' completely with a factor of 16 (/home/minhphat/split_kernel/kernels/bert_ffn_fp32_kernels.cpp:497:0)
INFO: [HLS 214-186] Unrolling loop 'v13_dot_l3' (/home/minhphat/split_kernel/kernels/bert_ffn_fp32_kernels.cpp:310:5) in function 'v13_dot16_tree_margin' completely with a factor of 2 (/home/minhphat/split_kernel/kernels/bert_ffn_fp32_kernels.cpp:242:0)
INFO: [HLS 214-186] Unrolling loop 'v13_dot_l2' (/home/minhphat/split_kernel/kernels/bert_ffn_fp32_kernels.cpp:304:5) in function 'v13_dot16_tree_margin' completely with a factor of 4 (/home/minhphat/split_kernel/kernels/bert_ffn_fp32_kernels.cpp:242:0)
INFO: [HLS 214-186] Unrolling loop 'fp32_down_residual_lane' (/home/minhphat/split_kernel/kernels/bert_ffn_fp32_kernels.cpp:484:13) in function 'fp32_initialize_down_bias_residual' completely with a factor of 16 (/home/minhphat/split_kernel/kernels/bert_ffn_fp32_kernels.cpp:470:0)
INFO: [HLS 214-248] Applying array_partition to '_ZZ39bert_ffn_down_residual_norm_fp32_kernelE10output_buf': Cyclic partitioning with factor 16 on dimension 2. (/home/minhphat/split_kernel/kernels/bert_ffn_fp32_kernels.cpp:776:0)
INFO: [HLS 214-248] Applying array_partition to 'bias_lane': Complete partitioning on dimension 1. (/home/minhphat/split_kernel/kernels/bert_ffn_fp32_kernels.cpp:477:8)
INFO: [HLS 214-248] Applying array_partition to 'activation': Complete partitioning on dimension 2. (/home/minhphat/split_kernel/kernels/bert_ffn_fp32_kernels.cpp:499:8)
INFO: [HLS 214-248] Applying array_partition to 'w_tile': Complete partitioning on dimension 1. Complete partitioning on dimension 2. (/home/minhphat/split_kernel/kernels/bert_ffn_fp32_kernels.cpp:500:11)
INFO: [HLS 214-248] Applying array_partition to 'x_vec': Complete partitioning on dimension 1. (/home/minhphat/split_kernel/kernels/bert_ffn_fp32_kernels.cpp:554:8)
INFO: [HLS 214-248] Applying array_partition to 'acc_vec': Complete partitioning on dimension 1. (/home/minhphat/split_kernel/kernels/bert_ffn_fp32_kernels.cpp:555:31)
INFO: [HLS 214-248] Applying array_partition to 'w_vec': Complete partitioning on dimension 1.
INFO: [HLS 214-248] Applying array_partition to 'gamma_lane': Complete partitioning on dimension 1. (/home/minhphat/split_kernel/kernels/bert_ffn_fp32_kernels.cpp:614:8)
INFO: [HLS 214-248] Applying array_partition to 'beta_lane': Complete partitioning on dimension 1. (/home/minhphat/split_kernel/kernels/bert_ffn_fp32_kernels.cpp:615:15)
INFO: [HLS 214-248] Applying array_partition to 'sum_bank': Complete partitioning on dimension 1. (/home/minhphat/split_kernel/kernels/bert_ffn_fp32_kernels.cpp:631:15)
INFO: [HLS 214-248] Applying array_partition to 'square_bank': Complete partitioning on dimension 1. (/home/minhphat/split_kernel/kernels/bert_ffn_fp32_kernels.cpp:632:15)
INFO: [HLS 214-248] Applying array_partition to 'output_lane': Complete partitioning on dimension 1. (/home/minhphat/split_kernel/kernels/bert_ffn_fp32_kernels.cpp:670:8)
WARNING: [HLS 214-322] Unsuported scalar variable on pragma 'Resource/Bind_Storage', ignore it. (/home/minhphat/split_kernel/kernels/bert_ffn_fp32_kernels.cpp:502:9)
INFO: [HLS 214-241] Aggregating maxi variable 'output_hidden' with compact=none mode in 512-bits
INFO: [HLS 214-241] Aggregating maxi variable 'final_norm_beta' with compact=none mode in 512-bits (/home/minhphat/split_kernel/kernels/bert_ffn_fp32_kernels.cpp:761:0)
INFO: [HLS 214-241] Aggregating maxi variable 'final_norm_gamma' with compact=none mode in 512-bits (/home/minhphat/split_kernel/kernels/bert_ffn_fp32_kernels.cpp:761:0)
INFO: [HLS 214-241] Aggregating maxi variable 'b2' with compact=none mode in 512-bits (/home/minhphat/split_kernel/kernels/bert_ffn_fp32_kernels.cpp:761:0)
INFO: [HLS 214-241] Aggregating maxi variable 'w2' with compact=none mode in 512-bits
INFO: [HLS 214-248] Applying array_reshape to 'gamma_cache': Cyclic reshaping with factor 16 on dimension 1. (/home/minhphat/split_kernel/kernels/bert_ffn_fp32_kernels.cpp:604:8)
INFO: [HLS 214-248] Applying array_reshape to 'beta_cache': Cyclic reshaping with factor 16 on dimension 1. (/home/minhphat/split_kernel/kernels/bert_ffn_fp32_kernels.cpp:605:11)
INFO: [HLS 214-115] Multiple burst reads of length 48 and bit width 512 in loop 'fp32_down_residual_pack'(/home/minhphat/split_kernel/kernels/bert_ffn_fp32_kernels.cpp:475:9) has been inferred on bundle 'gmem_w2'. These burst requests might be further partitioned into multiple requests during RTL generation, based on max_read_burst_length or max_write_burst_length settings. (/home/minhphat/split_kernel/kernels/bert_ffn_fp32_kernels.cpp:475:9)
INFO: [HLS 214-115] Multiple burst reads of length 32 and bit width 512 in loop 'v15_down_load_w_k'(/home/minhphat/split_kernel/kernels/bert_ffn_fp32_kernels.cpp:532:13) has been inferred on bundle 'gmem_w2'. These burst requests might be further partitioned into multiple requests during RTL generation, based on max_read_burst_length or max_write_burst_length settings. (/home/minhphat/split_kernel/kernels/bert_ffn_fp32_kernels.cpp:532:13)
INFO: [HLS 214-115] Multiple burst writes of length 6144 and bit width 512 in loop 'fp32_norm_row'(/home/minhphat/split_kernel/kernels/bert_ffn_fp32_kernels.cpp:630:5) has been inferred on bundle 'gmem_out'. These burst requests might be further partitioned into multiple requests during RTL generation, based on max_read_burst_length or max_write_burst_length settings. (/home/minhphat/split_kernel/kernels/bert_ffn_fp32_kernels.cpp:630:5)
INFO: [HLS 200-111] Finished Compiling Optimization and Transform: CPU user time: 3.87 seconds. CPU system time: 0.22 seconds. Elapsed time: 4.09 seconds; current allocated memory: 221.766 MB.
INFO: [HLS 200-111] Finished Checking Pragmas: CPU user time: 0 seconds. CPU system time: 0 seconds. Elapsed time: 0 seconds; current allocated memory: 221.766 MB.
INFO: [HLS 200-10] Starting code transformations ...
INFO: [HLS 200-111] Finished Standard Transforms: CPU user time: 2.15 seconds. CPU system time: 0.01 seconds. Elapsed time: 2.16 seconds; current allocated memory: 247.676 MB.
INFO: [HLS 200-10] Checking synthesizability ...
INFO: [HLS 200-111] Finished Checking Synthesizability: CPU user time: 0.75 seconds. CPU system time: 0 seconds. Elapsed time: 0.76 seconds; current allocated memory: 260.301 MB.
INFO: [XFORM 203-510] Pipelining loop 'v15_down_read_gelu_s' (/home/minhphat/split_kernel/kernels/bert_ffn_fp32_kernels.cpp:511) in function 'v15_ffn_down_tilemajor_projection' automatically.
INFO: [XFORM 203-510] Pipelining loop 'fp32_norm_bank_reduce' (/home/minhphat/split_kernel/kernels/bert_ffn_fp32_kernels.cpp:655) in function 'fp32_layernorm_and_store' automatically.
INFO: [HLS 200-111] Finished Loop, function and other optimizations: CPU user time: 1.92 seconds. CPU system time: 0.01 seconds. Elapsed time: 1.93 seconds; current allocated memory: 287.188 MB.
INFO: [XFORM 203-541] Flattening a loop nest 'v15_down_seq' (/home/minhphat/split_kernel/kernels/bert_ffn_fp32_kernels.cpp:550:26) in function 'v15_ffn_down_tilemajor_projection'.
WARNING: [HLS 200-960] Cannot flatten loop 'v15_down_output_tile' (/home/minhphat/split_kernel/kernels/bert_ffn_fp32_kernels.cpp:500:11) in function 'v15_ffn_down_tilemajor_projection' more than one sub loop.
WARNING: [HLS 200-960] Cannot flatten loop 'v15_down_ffn_tile' (/home/minhphat/split_kernel/kernels/bert_ffn_fp32_kernels.cpp:500:11) in function 'v15_ffn_down_tilemajor_projection' more than one sub loop.
WARNING: [HLS 200-960] Cannot flatten loop 'fp32_norm_row' (/home/minhphat/split_kernel/kernels/bert_ffn_fp32_kernels.cpp:630:14) in function 'fp32_layernorm_and_store' more than one sub loop.
INFO: [XFORM 203-541] Flattening a loop nest 'fp32_down_residual_s' (/home/minhphat/split_kernel/kernels/bert_ffn_fp32_kernels.cpp:473:14) in function 'fp32_initialize_down_bias_residual'.
INFO: [HLS 200-472] Inferring partial write operation for 'activation' (/home/minhphat/split_kernel/kernels/bert_ffn_fp32_kernels.cpp:522:36)
INFO: [HLS 200-472] Inferring partial write operation for 'output_buf' (/home/minhphat/split_kernel/kernels/bert_ffn_fp32_kernels.cpp:588:30)
INFO: [HLS 200-472] Inferring partial write operation for 'gamma_cache' (/home/minhphat/split_kernel/kernels/bert_ffn_fp32_kernels.cpp:624:28)
INFO: [HLS 200-472] Inferring partial write operation for 'beta_cache' (/home/minhphat/split_kernel/kernels/bert_ffn_fp32_kernels.cpp:625:27)
INFO: [HLS 200-472] Inferring partial write operation for 'output_buf' (/home/minhphat/split_kernel/kernels/bert_ffn_fp32_kernels.cpp:486:36)
INFO: [HLS 200-111] Finished Architecture Synthesis: CPU user time: 1.09 seconds. CPU system time: 0.02 seconds. Elapsed time: 1.13 seconds; current allocated memory: 408.199 MB.
INFO: [HLS 200-10] Starting hardware synthesis ...
INFO: [HLS 200-10] Synthesizing 'bert_ffn_down_residual_norm_fp32_kernel' ...
INFO: [HLS 200-10] ----------------------------------------------------------------
INFO: [HLS 200-42] -- Implementing module 'fp32_initialize_down_bias_residual' 
INFO: [HLS 200-10] ----------------------------------------------------------------
INFO: [SCHED 204-11] Starting scheduling ...
INFO: [SCHED 204-61] Pipelining loop 'fp32_down_residual_s_fp32_down_residual_pack'.
INFO: [HLS 200-1470] Pipelining result : Target II = 1, Final II = 1, Depth = 17, loop 'fp32_down_residual_s_fp32_down_residual_pack'
INFO: [SCHED 204-11] Finished scheduling.
INFO: [HLS 200-111] Finished Scheduling: CPU user time: 1.84 seconds. CPU system time: 0 seconds. Elapsed time: 1.86 seconds; current allocated memory: 413.512 MB.
INFO: [BIND 205-100] Starting micro-architecture generation ...
INFO: [BIND 205-101] Performing variable lifetime analysis.
INFO: [BIND 205-101] Exploring resource sharing.
INFO: [BIND 205-101] Binding ...
INFO: [BIND 205-100] Finished micro-architecture generation.
INFO: [HLS 200-111] Finished Binding: CPU user time: 0.12 seconds. CPU system time: 0 seconds. Elapsed time: 0.12 seconds; current allocated memory: 413.512 MB.
INFO: [HLS 200-10] ----------------------------------------------------------------
INFO: [HLS 200-42] -- Implementing module 'v15_ffn_down_tilemajor_projection_Pipeline_v15_down_read_gelu_s' 
INFO: [HLS 200-10] ----------------------------------------------------------------
INFO: [SCHED 204-11] Starting scheduling ...
INFO: [SCHED 204-61] Pipelining loop 'v15_down_read_gelu_s'.
INFO: [HLS 200-1470] Pipelining result : Target II = NA, Final II = 1, Depth = 1, loop 'v15_down_read_gelu_s'
INFO: [SCHED 204-11] Finished scheduling.
INFO: [HLS 200-111] Finished Scheduling: CPU user time: 0.15 seconds. CPU system time: 0.01 seconds. Elapsed time: 0.16 seconds; current allocated memory: 414.391 MB.
INFO: [BIND 205-100] Starting micro-architecture generation ...
INFO: [BIND 205-101] Performing variable lifetime analysis.
INFO: [BIND 205-101] Exploring resource sharing.
INFO: [BIND 205-101] Binding ...
INFO: [BIND 205-100] Finished micro-architecture generation.
INFO: [HLS 200-111] Finished Binding: CPU user time: 0.02 seconds. CPU system time: 0 seconds. Elapsed time: 0.02 seconds; current allocated memory: 414.391 MB.
INFO: [HLS 200-10] ----------------------------------------------------------------
INFO: [HLS 200-42] -- Implementing module 'v15_ffn_down_tilemajor_projection_Pipeline_v15_down_load_w_k' 
INFO: [HLS 200-10] ----------------------------------------------------------------
INFO: [SCHED 204-11] Starting scheduling ...
INFO: [SCHED 204-61] Pipelining loop 'v15_down_load_w_k'.
INFO: [HLS 200-1470] Pipelining result : Target II = 1, Final II = 1, Depth = 3, loop 'v15_down_load_w_k'
INFO: [SCHED 204-11] Finished scheduling.
INFO: [HLS 200-111] Finished Scheduling: CPU user time: 2.02 seconds. CPU system time: 0 seconds. Elapsed time: 2.03 seconds; current allocated memory: 449.785 MB.
INFO: [BIND 205-100] Starting micro-architecture generation ...
INFO: [BIND 205-101] Performing variable lifetime analysis.
INFO: [BIND 205-101] Exploring resource sharing.
INFO: [BIND 205-101] Binding ...
INFO: [BIND 205-100] Finished micro-architecture generation.
INFO: [HLS 200-111] Finished Binding: CPU user time: 0.16 seconds. CPU system time: 0.01 seconds. Elapsed time: 0.17 seconds; current allocated memory: 449.785 MB.
INFO: [HLS 200-10] ----------------------------------------------------------------
INFO: [HLS 200-42] -- Implementing module 'v13_dot16_tree_margin' 
INFO: [HLS 200-10] ----------------------------------------------------------------
INFO: [SCHED 204-11] Starting scheduling ...
INFO: [SCHED 204-61] Pipelining function 'v13_dot16_tree_margin'.
INFO: [HLS 200-1470] Pipelining result : Target II = 0, Final II = 1, Depth = 36, function 'v13_dot16_tree_margin'
INFO: [SCHED 204-11] Finished scheduling.
INFO: [HLS 200-111] Finished Scheduling: CPU user time: 0.19 seconds. CPU system time: 0 seconds. Elapsed time: 0.21 seconds; current allocated memory: 449.785 MB.
INFO: [BIND 205-100] Starting micro-architecture generation ...
INFO: [BIND 205-101] Performing variable lifetime analysis.
INFO: [BIND 205-101] Exploring resource sharing.
INFO: [BIND 205-101] Binding ...
INFO: [BIND 205-100] Finished micro-architecture generation.
INFO: [HLS 200-111] Finished Binding: CPU user time: 0.19 seconds. CPU system time: 0 seconds. Elapsed time: 0.2 seconds; current allocated memory: 449.785 MB.
INFO: [HLS 200-10] ----------------------------------------------------------------
INFO: [HLS 200-42] -- Implementing module 'v15_ffn_down_tilemajor_projection_Pipeline_v15_down_seq_v15_down_mac_group' 
INFO: [HLS 200-10] ----------------------------------------------------------------
INFO: [SCHED 204-11] Starting scheduling ...
INFO: [SCHED 204-61] Pipelining loop 'v15_down_seq_v15_down_mac_group'.
INFO: [HLS 200-1470] Pipelining result : Target II = 1, Final II = 1, Depth = 48, loop 'v15_down_seq_v15_down_mac_group'
INFO: [SCHED 204-11] Finished scheduling.
INFO: [HLS 200-111] Finished Scheduling: CPU user time: 1.14 seconds. CPU system time: 0.01 seconds. Elapsed time: 1.14 seconds; current allocated memory: 449.785 MB.
INFO: [BIND 205-100] Starting micro-architecture generation ...
INFO: [BIND 205-101] Performing variable lifetime analysis.
INFO: [BIND 205-101] Exploring resource sharing.
INFO: [BIND 205-101] Binding ...
INFO: [BIND 205-100] Finished micro-architecture generation.
INFO: [HLS 200-111] Finished Binding: CPU user time: 0.83 seconds. CPU system time: 0 seconds. Elapsed time: 0.83 seconds; current allocated memory: 454.875 MB.
INFO: [HLS 200-10] ----------------------------------------------------------------
INFO: [HLS 200-42] -- Implementing module 'v15_ffn_down_tilemajor_projection' 
INFO: [HLS 200-10] ----------------------------------------------------------------
INFO: [SCHED 204-11] Starting scheduling ...
INFO: [SCHED 204-11] Finished scheduling.
INFO: [HLS 200-111] Finished Scheduling: CPU user time: 2.22 seconds. CPU system time: 0.01 seconds. Elapsed time: 2.24 seconds; current allocated memory: 477.859 MB.
INFO: [BIND 205-100] Starting micro-architecture generation ...
INFO: [BIND 205-101] Performing variable lifetime analysis.
INFO: [BIND 205-101] Exploring resource sharing.
INFO: [BIND 205-101] Binding ...
INFO: [BIND 205-100] Finished micro-architecture generation.
INFO: [HLS 200-111] Finished Binding: CPU user time: 0.91 seconds. CPU system time: 0.01 seconds. Elapsed time: 0.92 seconds; current allocated memory: 477.859 MB.
INFO: [HLS 200-10] ----------------------------------------------------------------
INFO: [HLS 200-42] -- Implementing module 'fp32_layernorm_and_store_Pipeline_fp32_norm_load_pack' 
INFO: [HLS 200-10] ----------------------------------------------------------------
INFO: [SCHED 204-11] Starting scheduling ...
INFO: [SCHED 204-61] Pipelining loop 'fp32_norm_load_pack'.
WARNING: [HLS 200-885] The II Violation in module 'fp32_layernorm_and_store_Pipeline_fp32_norm_load_pack' (loop 'fp32_norm_load_pack'): Unable to schedule bus request operation ('word_V_3_req', /home/minhphat/split_kernel/kernels/bert_ffn_fp32_kernels.cpp:612) on port 'gmem_norm' (/home/minhphat/split_kernel/kernels/bert_ffn_fp32_kernels.cpp:612) due to limited memory ports (II = 1). Please consider using a memory core with more ports or partitioning the array.
INFO: [HLS 200-1470] Pipelining result : Target II = 1, Final II = 2, Depth = 11, loop 'fp32_norm_load_pack'
INFO: [SCHED 204-11] Finished scheduling.
INFO: [HLS 200-111] Finished Scheduling: CPU user time: 1.53 seconds. CPU system time: 0.02 seconds. Elapsed time: 1.56 seconds; current allocated memory: 477.859 MB.
INFO: [BIND 205-100] Starting micro-architecture generation ...
INFO: [BIND 205-101] Performing variable lifetime analysis.
INFO: [BIND 205-101] Exploring resource sharing.
INFO: [BIND 205-101] Binding ...
INFO: [BIND 205-100] Finished micro-architecture generation.
INFO: [HLS 200-111] Finished Binding: CPU user time: 0.03 seconds. CPU system time: 0 seconds. Elapsed time: 0.04 seconds; current allocated memory: 477.859 MB.
INFO: [HLS 200-10] ----------------------------------------------------------------
INFO: [HLS 200-42] -- Implementing module 'fp32_layernorm_and_store_Pipeline_fp32_norm_reduce_pack' 
INFO: [HLS 200-10] ----------------------------------------------------------------
INFO: [SCHED 204-11] Starting scheduling ...
INFO: [SCHED 204-61] Pipelining loop 'fp32_norm_reduce_pack'.
WARNING: [HLS 200-880] The II Violation in module 'fp32_layernorm_and_store_Pipeline_fp32_norm_reduce_pack' (loop 'fp32_norm_reduce_pack'): Unable to enforce a carried dependence constraint (II = 1, distance = 1, offset = 0) between 'store' operation ('sum_bank_16_write_ln643', /home/minhphat/split_kernel/kernels/bert_ffn_fp32_kernels.cpp:643) of variable 'sum_bank', /home/minhphat/split_kernel/kernels/bert_ffn_fp32_kernels.cpp:650 on local variable 'sum_bank' and 'load' operation ('sum_bank_16_load_1', /home/minhphat/split_kernel/kernels/bert_ffn_fp32_kernels.cpp:650) on local variable 'sum_bank'.
WARNING: [HLS 200-880] The II Violation in module 'fp32_layernorm_and_store_Pipeline_fp32_norm_reduce_pack' (loop 'fp32_norm_reduce_pack'): Unable to enforce a carried dependence constraint (II = 2, distance = 1, offset = 0) between 'store' operation ('sum_bank_16_write_ln643', /home/minhphat/split_kernel/kernels/bert_ffn_fp32_kernels.cpp:643) of variable 'sum_bank', /home/minhphat/split_kernel/kernels/bert_ffn_fp32_kernels.cpp:650 on local variable 'sum_bank' and 'load' operation ('sum_bank_16_load_1', /home/minhphat/split_kernel/kernels/bert_ffn_fp32_kernels.cpp:650) on local variable 'sum_bank'.
WARNING: [HLS 200-880] The II Violation in module 'fp32_layernorm_and_store_Pipeline_fp32_norm_reduce_pack' (loop 'fp32_norm_reduce_pack'): Unable to enforce a carried dependence constraint (II = 3, distance = 1, offset = 0) between 'store' operation ('sum_bank_16_write_ln643', /home/minhphat/split_kernel/kernels/bert_ffn_fp32_kernels.cpp:643) of variable 'sum_bank', /home/minhphat/split_kernel/kernels/bert_ffn_fp32_kernels.cpp:650 on local variable 'sum_bank' and 'load' operation ('sum_bank_16_load_1', /home/minhphat/split_kernel/kernels/bert_ffn_fp32_kernels.cpp:650) on local variable 'sum_bank'.
INFO: [HLS 200-1470] Pipelining result : Target II = 1, Final II = 4, Depth = 16, loop 'fp32_norm_reduce_pack'
WARNING: [HLS 200-871] Estimated clock period (2.47ns) exceeds the target (target clock period: 3.333ns, clock uncertainty: 0.89991ns, effective delay budget: 2.43309ns).
WARNING: [HLS 200-1016] The critical path in module 'fp32_layernorm_and_store_Pipeline_fp32_norm_reduce_pack' consists of the following:	'fadd' operation ('sum_bank', /home/minhphat/split_kernel/kernels/bert_ffn_fp32_kernels.cpp:650) [223]  (2.08 ns)
	'store' operation ('sum_bank_23_write_ln643', /home/minhphat/split_kernel/kernels/bert_ffn_fp32_kernels.cpp:643) of variable 'sum_bank', /home/minhphat/split_kernel/kernels/bert_ffn_fp32_kernels.cpp:650 on local variable 'sum_bank' [276]  (0.387 ns)

INFO: [SCHED 204-11] Finished scheduling.
INFO: [HLS 200-111] Finished Scheduling: CPU user time: 0.29 seconds. CPU system time: 0 seconds. Elapsed time: 0.29 seconds; current allocated memory: 477.859 MB.
INFO: [BIND 205-100] Starting micro-architecture generation ...
INFO: [BIND 205-101] Performing variable lifetime analysis.
INFO: [BIND 205-101] Exploring resource sharing.
INFO: [BIND 205-101] Binding ...
INFO: [BIND 205-100] Finished micro-architecture generation.
INFO: [HLS 200-111] Finished Binding: CPU user time: 0.19 seconds. CPU system time: 0 seconds. Elapsed time: 0.19 seconds; current allocated memory: 477.859 MB.
INFO: [HLS 200-10] ----------------------------------------------------------------
INFO: [HLS 200-42] -- Implementing module 'fp32_layernorm_and_store_Pipeline_fp32_norm_bank_reduce' 
INFO: [HLS 200-10] ----------------------------------------------------------------
INFO: [SCHED 204-11] Starting scheduling ...
INFO: [SCHED 204-61] Pipelining loop 'fp32_norm_bank_reduce'.
WARNING: [HLS 200-880] The II Violation in module 'fp32_layernorm_and_store_Pipeline_fp32_norm_bank_reduce' (loop 'fp32_norm_bank_reduce'): Unable to enforce a carried dependence constraint (II = 1, distance = 1, offset = 0) between 'store' operation ('sum_write_ln658', /home/minhphat/split_kernel/kernels/bert_ffn_fp32_kernels.cpp:658) of variable 'sum', /home/minhphat/split_kernel/kernels/bert_ffn_fp32_kernels.cpp:659 on local variable 'sum' and 'load' operation ('sum_load', /home/minhphat/split_kernel/kernels/bert_ffn_fp32_kernels.cpp:659) on local variable 'sum'.
WARNING: [HLS 200-880] The II Violation in module 'fp32_layernorm_and_store_Pipeline_fp32_norm_bank_reduce' (loop 'fp32_norm_bank_reduce'): Unable to enforce a carried dependence constraint (II = 2, distance = 1, offset = 0) between 'store' operation ('sum_write_ln658', /home/minhphat/split_kernel/kernels/bert_ffn_fp32_kernels.cpp:658) of variable 'sum', /home/minhphat/split_kernel/kernels/bert_ffn_fp32_kernels.cpp:659 on local variable 'sum' and 'load' operation ('sum_load', /home/minhphat/split_kernel/kernels/bert_ffn_fp32_kernels.cpp:659) on local variable 'sum'.
WARNING: [HLS 200-880] The II Violation in module 'fp32_layernorm_and_store_Pipeline_fp32_norm_bank_reduce' (loop 'fp32_norm_bank_reduce'): Unable to enforce a carried dependence constraint (II = 3, distance = 1, offset = 0) between 'store' operation ('sum_write_ln658', /home/minhphat/split_kernel/kernels/bert_ffn_fp32_kernels.cpp:658) of variable 'sum', /home/minhphat/split_kernel/kernels/bert_ffn_fp32_kernels.cpp:659 on local variable 'sum' and 'load' operation ('sum_load', /home/minhphat/split_kernel/kernels/bert_ffn_fp32_kernels.cpp:659) on local variable 'sum'.
WARNING: [HLS 200-880] The II Violation in module 'fp32_layernorm_and_store_Pipeline_fp32_norm_bank_reduce' (loop 'fp32_norm_bank_reduce'): Unable to enforce a carried dependence constraint (II = 4, distance = 1, offset = 0) between 'store' operation ('sum_write_ln658', /home/minhphat/split_kernel/kernels/bert_ffn_fp32_kernels.cpp:658) of variable 'sum', /home/minhphat/split_kernel/kernels/bert_ffn_fp32_kernels.cpp:659 on local variable 'sum' and 'load' operation ('sum_load', /home/minhphat/split_kernel/kernels/bert_ffn_fp32_kernels.cpp:659) on local variable 'sum'.
WARNING: [HLS 200-880] The II Violation in module 'fp32_layernorm_and_store_Pipeline_fp32_norm_bank_reduce' (loop 'fp32_norm_bank_reduce'): Unable to enforce a carried dependence constraint (II = 5, distance = 1, offset = 0) between 'store' operation ('sum_write_ln658', /home/minhphat/split_kernel/kernels/bert_ffn_fp32_kernels.cpp:658) of variable 'sum', /home/minhphat/split_kernel/kernels/bert_ffn_fp32_kernels.cpp:659 on local variable 'sum' and 'load' operation ('sum_load', /home/minhphat/split_kernel/kernels/bert_ffn_fp32_kernels.cpp:659) on local variable 'sum'.
WARNING: [HLS 200-880] The II Violation in module 'fp32_layernorm_and_store_Pipeline_fp32_norm_bank_reduce' (loop 'fp32_norm_bank_reduce'): Unable to enforce a carried dependence constraint (II = 6, distance = 1, offset = 0) between 'store' operation ('sum_write_ln658', /home/minhphat/split_kernel/kernels/bert_ffn_fp32_kernels.cpp:658) of variable 'sum', /home/minhphat/split_kernel/kernels/bert_ffn_fp32_kernels.cpp:659 on local variable 'sum' and 'load' operation ('sum_load', /home/minhphat/split_kernel/kernels/bert_ffn_fp32_kernels.cpp:659) on local variable 'sum'.
INFO: [HLS 200-1470] Pipelining result : Target II = NA, Final II = 7, Depth = 10, loop 'fp32_norm_bank_reduce'
INFO: [SCHED 204-11] Finished scheduling.
INFO: [HLS 200-111] Finished Scheduling: CPU user time: 0.22 seconds. CPU system time: 0 seconds. Elapsed time: 0.23 seconds; current allocated memory: 477.859 MB.
INFO: [BIND 205-100] Starting micro-architecture generation ...
INFO: [BIND 205-101] Performing variable lifetime analysis.
INFO: [BIND 205-101] Exploring resource sharing.
INFO: [BIND 205-101] Binding ...
INFO: [BIND 205-100] Finished micro-architecture generation.
INFO: [HLS 200-111] Finished Binding: CPU user time: 0.04 seconds. CPU system time: 0 seconds. Elapsed time: 0.03 seconds; current allocated memory: 477.859 MB.
INFO: [HLS 200-10] ----------------------------------------------------------------
INFO: [HLS 200-42] -- Implementing module 'fp32_layernorm_and_store_Pipeline_fp32_norm_write_pack' 
INFO: [HLS 200-10] ----------------------------------------------------------------
INFO: [SCHED 204-11] Starting scheduling ...
INFO: [SCHED 204-61] Pipelining loop 'fp32_norm_write_pack'.
INFO: [HLS 200-1470] Pipelining result : Target II = 1, Final II = 1, Depth = 27, loop 'fp32_norm_write_pack'
INFO: [SCHED 204-11] Finished scheduling.
INFO: [HLS 200-111] Finished Scheduling: CPU user time: 0.25 seconds. CPU system time: 0 seconds. Elapsed time: 0.26 seconds; current allocated memory: 477.859 MB.
INFO: [BIND 205-100] Starting micro-architecture generation ...
INFO: [BIND 205-101] Performing variable lifetime analysis.
INFO: [BIND 205-101] Exploring resource sharing.
INFO: [BIND 205-101] Binding ...
INFO: [BIND 205-100] Finished micro-architecture generation.
INFO: [HLS 200-111] Finished Binding: CPU user time: 0.3 seconds. CPU system time: 0.01 seconds. Elapsed time: 0.31 seconds; current allocated memory: 477.859 MB.
INFO: [HLS 200-10] ----------------------------------------------------------------
INFO: [HLS 200-42] -- Implementing module 'fp32_layernorm_and_store' 
INFO: [HLS 200-10] ----------------------------------------------------------------
INFO: [SCHED 204-11] Starting scheduling ...
INFO: [SCHED 204-11] Finished scheduling.
INFO: [HLS 200-111] Finished Scheduling: CPU user time: 0.42 seconds. CPU system time: 0 seconds. Elapsed time: 0.43 seconds; current allocated memory: 478.082 MB.
INFO: [BIND 205-100] Starting micro-architecture generation ...
INFO: [BIND 205-101] Performing variable lifetime analysis.
INFO: [BIND 205-101] Exploring resource sharing.
INFO: [BIND 205-101] Binding ...
INFO: [BIND 205-100] Finished micro-architecture generation.
INFO: [HLS 200-111] Finished Binding: CPU user time: 0.21 seconds. CPU system time: 0 seconds. Elapsed time: 0.21 seconds; current allocated memory: 478.082 MB.
INFO: [HLS 200-10] ----------------------------------------------------------------
INFO: [HLS 200-42] -- Implementing module 'bert_ffn_down_residual_norm_fp32_kernel' 
INFO: [HLS 200-10] ----------------------------------------------------------------
INFO: [SCHED 204-11] Starting scheduling ...
INFO: [SCHED 204-11] Finished scheduling.
INFO: [HLS 200-111] Finished Scheduling: CPU user time: 0.25 seconds. CPU system time: 0 seconds. Elapsed time: 0.26 seconds; current allocated memory: 479.027 MB.
INFO: [BIND 205-100] Starting micro-architecture generation ...
INFO: [BIND 205-101] Performing variable lifetime analysis.
INFO: [BIND 205-101] Exploring resource sharing.
INFO: [BIND 205-101] Binding ...
INFO: [BIND 205-100] Finished micro-architecture generation.
INFO: [HLS 200-111] Finished Binding: CPU user time: 0.69 seconds. CPU system time: 0 seconds. Elapsed time: 0.7 seconds; current allocated memory: 479.027 MB.
INFO: [HLS 200-10] ----------------------------------------------------------------
INFO: [HLS 200-10] -- Generating RTL for module 'fp32_initialize_down_bias_residual' 
INFO: [HLS 200-10] ----------------------------------------------------------------
INFO: [HLS 200-1030] Apply Unified Pipeline Control on module 'fp32_initialize_down_bias_residual' pipeline 'fp32_down_residual_s_fp32_down_residual_pack' pipeline type 'loop pipeline'
INFO: [RTGEN 206-100] Generating core module 'faddfsub_32ns_32ns_32_7_full_dsp_1': 16 instance(s).
INFO: [RTGEN 206-100] Finished creating RTL model for 'fp32_initialize_down_bias_residual'.
INFO: [HLS 200-111] Finished Creating RTL model: CPU user time: 1.85 seconds. CPU system time: 0 seconds. Elapsed time: 1.86 seconds; current allocated memory: 481.441 MB.
INFO: [HLS 200-10] ----------------------------------------------------------------
INFO: [HLS 200-10] -- Generating RTL for module 'v15_ffn_down_tilemajor_projection_Pipeline_v15_down_read_gelu_s' 
INFO: [HLS 200-10] ----------------------------------------------------------------
INFO: [RTGEN 206-100] Finished creating RTL model for 'v15_ffn_down_tilemajor_projection_Pipeline_v15_down_read_gelu_s'.
INFO: [HLS 200-111] Finished Creating RTL model: CPU user time: 0.23 seconds. CPU system time: 0.01 seconds. Elapsed time: 0.24 seconds; current allocated memory: 484.918 MB.
INFO: [HLS 200-10] ----------------------------------------------------------------
INFO: [HLS 200-10] -- Generating RTL for module 'v15_ffn_down_tilemajor_projection_Pipeline_v15_down_load_w_k' 
INFO: [HLS 200-10] ----------------------------------------------------------------
INFO: [HLS 200-1030] Apply Unified Pipeline Control on module 'v15_ffn_down_tilemajor_projection_Pipeline_v15_down_load_w_k' pipeline 'v15_down_load_w_k' pipeline type 'loop pipeline'
WARNING: [RTGEN 206-101] Setting dangling out port 'v15_ffn_down_tilemajor_projection_Pipeline_v15_down_load_w_k/m_axi_gmem_w2_ARVALID' to 0.
WARNING: [RTGEN 206-101] Setting dangling out port 'v15_ffn_down_tilemajor_projection_Pipeline_v15_down_load_w_k/m_axi_gmem_w2_ARADDR' to 0.
WARNING: [RTGEN 206-101] Setting dangling out port 'v15_ffn_down_tilemajor_projection_Pipeline_v15_down_load_w_k/m_axi_gmem_w2_ARID' to 0.
WARNING: [RTGEN 206-101] Setting dangling out port 'v15_ffn_down_tilemajor_projection_Pipeline_v15_down_load_w_k/m_axi_gmem_w2_ARLEN' to 0.
WARNING: [RTGEN 206-101] Setting dangling out port 'v15_ffn_down_tilemajor_projection_Pipeline_v15_down_load_w_k/m_axi_gmem_w2_ARSIZE' to 0.
WARNING: [RTGEN 206-101] Setting dangling out port 'v15_ffn_down_tilemajor_projection_Pipeline_v15_down_load_w_k/m_axi_gmem_w2_ARBURST' to 0.
WARNING: [RTGEN 206-101] Setting dangling out port 'v15_ffn_down_tilemajor_projection_Pipeline_v15_down_load_w_k/m_axi_gmem_w2_ARLOCK' to 0.
WARNING: [RTGEN 206-101] Setting dangling out port 'v15_ffn_down_tilemajor_projection_Pipeline_v15_down_load_w_k/m_axi_gmem_w2_ARCACHE' to 0.
WARNING: [RTGEN 206-101] Setting dangling out port 'v15_ffn_down_tilemajor_projection_Pipeline_v15_down_load_w_k/m_axi_gmem_w2_ARPROT' to 0.
WARNING: [RTGEN 206-101] Setting dangling out port 'v15_ffn_down_tilemajor_projection_Pipeline_v15_down_load_w_k/m_axi_gmem_w2_ARQOS' to 0.
WARNING: [RTGEN 206-101] Setting dangling out port 'v15_ffn_down_tilemajor_projection_Pipeline_v15_down_load_w_k/m_axi_gmem_w2_ARREGION' to 0.
WARNING: [RTGEN 206-101] Setting dangling out port 'v15_ffn_down_tilemajor_projection_Pipeline_v15_down_load_w_k/m_axi_gmem_w2_ARUSER' to 0.
INFO: [RTGEN 206-104] Estimated max fanout for 'v15_ffn_down_tilemajor_projection_Pipeline_v15_down_load_w_k' is 16384, found 3 HDL expressions with this fanout: (1'b0 == ap_block_pp0_stage0_11001), ((ap_loop_init == 1'b1) & (1'b1 == ap_CS_fsm_pp0_stage0)), ((1'b0 == ap_block_pp0_stage0_01001) & (icmp_ln532_reg_21430 == 1'd1) & (1'b1 == ap_CS_fsm_pp0_stage0))
INFO: [RTGEN 206-100] Finished creating RTL model for 'v15_ffn_down_tilemajor_projection_Pipeline_v15_down_load_w_k'.
INFO: [HLS 200-111] Finished Creating RTL model: CPU user time: 0.25 seconds. CPU system time: 0.01 seconds. Elapsed time: 0.26 seconds; current allocated memory: 501.352 MB.
INFO: [HLS 200-10] ----------------------------------------------------------------
INFO: [HLS 200-10] -- Generating RTL for module 'v13_dot16_tree_margin' 
INFO: [HLS 200-10] ----------------------------------------------------------------
INFO: [RTGEN 206-100] Generating core module 'fadd_32ns_32ns_32_7_full_dsp_1': 15 instance(s).
INFO: [RTGEN 206-100] Generating core module 'fmul_32ns_32ns_32_8_full_dsp_1': 16 instance(s).
INFO: [RTGEN 206-100] Finished creating RTL model for 'v13_dot16_tree_margin'.
INFO: [HLS 200-111] Finished Creating RTL model: CPU user time: 0.6 seconds. CPU system time: 0.04 seconds. Elapsed time: 0.68 seconds; current allocated memory: 566.117 MB.
INFO: [HLS 200-10] ----------------------------------------------------------------
INFO: [HLS 200-10] -- Generating RTL for module 'v15_ffn_down_tilemajor_projection_Pipeline_v15_down_seq_v15_down_mac_group' 
INFO: [HLS 200-10] ----------------------------------------------------------------
INFO: [HLS 200-1030] Apply Unified Pipeline Control on module 'v15_ffn_down_tilemajor_projection_Pipeline_v15_down_seq_v15_down_mac_group' pipeline 'v15_down_seq_v15_down_mac_group' pipeline type 'loop pipeline'
INFO: [RTGEN 206-104] Estimated max fanout for 'v15_ffn_down_tilemajor_projection_Pipeline_v15_down_seq_v15_down_mac_group' is 8192 from HDL expression: ((ap_enable_reg_pp0_iter3 == 1'b1) & (1'b0 == ap_block_pp0_stage0))
INFO: [RTGEN 206-100] Generating core module 'faddfsub_32ns_32ns_32_7_full_dsp_1': 16 instance(s).
INFO: [RTGEN 206-100] Finished creating RTL model for 'v15_ffn_down_tilemajor_projection_Pipeline_v15_down_seq_v15_down_mac_group'.
INFO: [HLS 200-111] Finished Creating RTL model: CPU user time: 0.66 seconds. CPU system time: 0.01 seconds. Elapsed time: 0.68 seconds; current allocated memory: 586.465 MB.
INFO: [HLS 200-10] ----------------------------------------------------------------
INFO: [HLS 200-10] -- Generating RTL for module 'v15_ffn_down_tilemajor_projection' 
INFO: [HLS 200-10] ----------------------------------------------------------------
INFO: [RTGEN 206-104] Estimated max fanout for 'v15_ffn_down_tilemajor_projection' is 16385 from HDL expression: (1'b1 == ap_CS_fsm_state14)
INFO: [RTGEN 206-100] Generating core module 'faddfsub_32ns_32ns_32_7_full_dsp_1': 16 instance(s).
INFO: [RTGEN 206-100] Finished creating RTL model for 'v15_ffn_down_tilemajor_projection'.
INFO: [HLS 200-111] Finished Creating RTL model: CPU user time: 2.37 seconds. CPU system time: 0.02 seconds. Elapsed time: 2.41 seconds; current allocated memory: 618.754 MB.
INFO: [HLS 200-10] ----------------------------------------------------------------
INFO: [HLS 200-10] -- Generating RTL for module 'fp32_layernorm_and_store_Pipeline_fp32_norm_load_pack' 
INFO: [HLS 200-10] ----------------------------------------------------------------
INFO: [HLS 200-1030] Apply Unified Pipeline Control on module 'fp32_layernorm_and_store_Pipeline_fp32_norm_load_pack' pipeline 'fp32_norm_load_pack' pipeline type 'loop pipeline'
INFO: [RTGEN 206-100] Finished creating RTL model for 'fp32_layernorm_and_store_Pipeline_fp32_norm_load_pack'.
INFO: [HLS 200-111] Finished Creating RTL model: CPU user time: 1.94 seconds. CPU system time: 0.02 seconds. Elapsed time: 1.98 seconds; current allocated memory: 655.422 MB.
INFO: [HLS 200-10] ----------------------------------------------------------------
INFO: [HLS 200-10] -- Generating RTL for module 'fp32_layernorm_and_store_Pipeline_fp32_norm_reduce_pack' 
INFO: [HLS 200-10] ----------------------------------------------------------------
INFO: [HLS 200-1030] Apply Unified Pipeline Control on module 'fp32_layernorm_and_store_Pipeline_fp32_norm_reduce_pack' pipeline 'fp32_norm_reduce_pack' pipeline type 'loop pipeline'
INFO: [RTGEN 206-100] Generating core module 'fadd_32ns_32ns_32_5_no_dsp_1': 8 instance(s).
INFO: [RTGEN 206-100] Generating core module 'fmul_32ns_32ns_32_4_max_dsp_1': 4 instance(s).
INFO: [RTGEN 206-100] Finished creating RTL model for 'fp32_layernorm_and_store_Pipeline_fp32_norm_reduce_pack'.
INFO: [HLS 200-111] Finished Creating RTL model: CPU user time: 0.08 seconds. CPU system time: 0 seconds. Elapsed time: 0.08 seconds; current allocated memory: 655.422 MB.
INFO: [HLS 200-10] ----------------------------------------------------------------
INFO: [HLS 200-10] -- Generating RTL for module 'fp32_layernorm_and_store_Pipeline_fp32_norm_bank_reduce' 
INFO: [HLS 200-10] ----------------------------------------------------------------
INFO: [HLS 200-1030] Apply Unified Pipeline Control on module 'fp32_layernorm_and_store_Pipeline_fp32_norm_bank_reduce' pipeline 'fp32_norm_bank_reduce' pipeline type 'loop pipeline'
INFO: [RTGEN 206-100] Generating core module 'faddfsub_32ns_32ns_32_7_full_dsp_1': 1 instance(s).
INFO: [RTGEN 206-100] Generating core module 'mux_165_32_1_1': 2 instance(s).
INFO: [RTGEN 206-100] Finished creating RTL model for 'fp32_layernorm_and_store_Pipeline_fp32_norm_bank_reduce'.
INFO: [HLS 200-111] Finished Creating RTL model: CPU user time: 0.3 seconds. CPU system time: 0 seconds. Elapsed time: 0.31 seconds; current allocated memory: 656.566 MB.
INFO: [HLS 200-10] ----------------------------------------------------------------
INFO: [HLS 200-10] -- Generating RTL for module 'fp32_layernorm_and_store_Pipeline_fp32_norm_write_pack' 
INFO: [HLS 200-10] ----------------------------------------------------------------
INFO: [HLS 200-1030] Apply Unified Pipeline Control on module 'fp32_layernorm_and_store_Pipeline_fp32_norm_write_pack' pipeline 'fp32_norm_write_pack' pipeline type 'loop pipeline'
WARNING: [RTGEN 206-101] Setting dangling out port 'fp32_layernorm_and_store_Pipeline_fp32_norm_write_pack/m_axi_gmem_out_AWVALID' to 0.
WARNING: [RTGEN 206-101] Setting dangling out port 'fp32_layernorm_and_store_Pipeline_fp32_norm_write_pack/m_axi_gmem_out_AWADDR' to 0.
WARNING: [RTGEN 206-101] Setting dangling out port 'fp32_layernorm_and_store_Pipeline_fp32_norm_write_pack/m_axi_gmem_out_AWID' to 0.
WARNING: [RTGEN 206-101] Setting dangling out port 'fp32_layernorm_and_store_Pipeline_fp32_norm_write_pack/m_axi_gmem_out_AWLEN' to 0.
WARNING: [RTGEN 206-101] Setting dangling out port 'fp32_layernorm_and_store_Pipeline_fp32_norm_write_pack/m_axi_gmem_out_AWSIZE' to 0.
WARNING: [RTGEN 206-101] Setting dangling out port 'fp32_layernorm_and_store_Pipeline_fp32_norm_write_pack/m_axi_gmem_out_AWBURST' to 0.
WARNING: [RTGEN 206-101] Setting dangling out port 'fp32_layernorm_and_store_Pipeline_fp32_norm_write_pack/m_axi_gmem_out_AWLOCK' to 0.
WARNING: [RTGEN 206-101] Setting dangling out port 'fp32_layernorm_and_store_Pipeline_fp32_norm_write_pack/m_axi_gmem_out_AWCACHE' to 0.
WARNING: [RTGEN 206-101] Setting dangling out port 'fp32_layernorm_and_store_Pipeline_fp32_norm_write_pack/m_axi_gmem_out_AWPROT' to 0.
WARNING: [RTGEN 206-101] Setting dangling out port 'fp32_layernorm_and_store_Pipeline_fp32_norm_write_pack/m_axi_gmem_out_AWQOS' to 0.
WARNING: [RTGEN 206-101] Setting dangling out port 'fp32_layernorm_and_store_Pipeline_fp32_norm_write_pack/m_axi_gmem_out_AWREGION' to 0.
WARNING: [RTGEN 206-101] Setting dangling out port 'fp32_layernorm_and_store_Pipeline_fp32_norm_write_pack/m_axi_gmem_out_AWUSER' to 0.
WARNING: [RTGEN 206-101] Setting dangling out port 'fp32_layernorm_and_store_Pipeline_fp32_norm_write_pack/m_axi_gmem_out_BREADY' to 0.
INFO: [RTGEN 206-100] Generating core module 'fadd_32ns_32ns_32_7_full_dsp_1': 16 instance(s).
INFO: [RTGEN 206-100] Generating core module 'faddfsub_32ns_32ns_32_7_full_dsp_1': 16 instance(s).
INFO: [RTGEN 206-100] Generating core module 'fmul_32ns_32ns_32_4_max_dsp_1': 32 instance(s).
INFO: [RTGEN 206-100] Finished creating RTL model for 'fp32_layernorm_and_store_Pipeline_fp32_norm_write_pack'.
INFO: [HLS 200-111] Finished Creating RTL model: CPU user time: 0.1 seconds. CPU system time: 0 seconds. Elapsed time: 0.11 seconds; current allocated memory: 662.129 MB.
INFO: [HLS 200-10] ----------------------------------------------------------------
INFO: [HLS 200-10] -- Generating RTL for module 'fp32_layernorm_and_store' 
INFO: [HLS 200-10] ----------------------------------------------------------------
INFO: [RTGEN 206-100] Generating core module 'faddfsub_32ns_32ns_32_7_full_dsp_1': 16 instance(s).
INFO: [RTGEN 206-100] Generating core module 'fmul_32ns_32ns_32_4_max_dsp_1': 4 instance(s).
INFO: [RTGEN 206-100] Generating core module 'frsqrt_32ns_32ns_32_17_full_dsp_1': 1 instance(s).
INFO: [RTGEN 206-100] Finished creating RTL model for 'fp32_layernorm_and_store'.
INFO: [HLS 200-111] Finished Creating RTL model: CPU user time: 0.62 seconds. CPU system time: 0.01 seconds. Elapsed time: 0.77 seconds; current allocated memory: 670.117 MB.
INFO: [HLS 200-10] ----------------------------------------------------------------
INFO: [HLS 200-10] -- Generating RTL for module 'bert_ffn_down_residual_norm_fp32_kernel' 
INFO: [HLS 200-10] ----------------------------------------------------------------
WARNING: [RTGEN 206-101] Design contains AXI ports. Reset is fixed to synchronous and active low.
INFO: [RTGEN 206-500] Setting interface mode on port 'bert_ffn_down_residual_norm_fp32_kernel/gmem_w2' to 'm_axi'.
INFO: [RTGEN 206-500] Setting interface mode on port 'bert_ffn_down_residual_norm_fp32_kernel/gmem_norm' to 'm_axi'.
INFO: [RTGEN 206-500] Setting interface mode on port 'bert_ffn_down_residual_norm_fp32_kernel/gmem_out' to 'm_axi'.
INFO: [RTGEN 206-500] Setting interface mode on port 'bert_ffn_down_residual_norm_fp32_kernel/gelu_stream' to 'axis' (register, both mode).
INFO: [RTGEN 206-500] Setting interface mode on port 'bert_ffn_down_residual_norm_fp32_kernel/ffn_residual_stream' to 'axis' (register, both mode).
INFO: [RTGEN 206-500] Setting interface mode on port 'bert_ffn_down_residual_norm_fp32_kernel/w2' to 's_axilite & ap_none'.
INFO: [RTGEN 206-500] Setting interface mode on port 'bert_ffn_down_residual_norm_fp32_kernel/b2' to 's_axilite & ap_none'.
INFO: [RTGEN 206-500] Setting interface mode on port 'bert_ffn_down_residual_norm_fp32_kernel/final_norm_gamma' to 's_axilite & ap_none'.
INFO: [RTGEN 206-500] Setting interface mode on port 'bert_ffn_down_residual_norm_fp32_kernel/final_norm_beta' to 's_axilite & ap_none'.
INFO: [RTGEN 206-500] Setting interface mode on port 'bert_ffn_down_residual_norm_fp32_kernel/output_hidden' to 's_axilite & ap_none'.
INFO: [RTGEN 206-500] Setting interface mode on function 'bert_ffn_down_residual_norm_fp32_kernel' to 's_axilite & ap_ctrl_hs'.
INFO: [RTGEN 206-100] Bundling port 'w2', 'b2', 'final_norm_gamma', 'final_norm_beta', 'output_hidden' and 'return' to AXI-Lite port control.
INFO: [RTGEN 206-100] Generating core module 'faddfsub_32ns_32ns_32_7_full_dsp_1': 16 instance(s).
INFO: [RTGEN 206-100] Finished creating RTL model for 'bert_ffn_down_residual_norm_fp32_kernel'.
INFO: [HLS 200-111] Finished Creating RTL model: CPU user time: 0.43 seconds. CPU system time: 0.01 seconds. Elapsed time: 0.43 seconds; current allocated memory: 676.520 MB.
INFO: [RTMG 210-278] Implementing memory 'bert_ffn_down_residual_norm_fp32_kernel_v15_ffn_down_tilemajor_projection_activation_RAM_2P_BRAM_2R1W_ram (RAM_2P_BRAM)' using block RAMs.
INFO: [RTMG 210-278] Implementing memory 'bert_ffn_down_residual_norm_fp32_kernel_fp32_layernorm_and_store_gamma_cache_RAM_2P_BRAM_2R1W_ram (RAM_2P_BRAM)' using block RAMs.
INFO: [HLS 200-111] Finished Generating all RTL models: CPU user time: 2.98 seconds. CPU system time: 0.02 seconds. Elapsed time: 3 seconds; current allocated memory: 682.926 MB.
