

================================================================
== Vitis HLS Report for 'bert_attn_out_norm_residual_kernel'
================================================================
* Date:           Wed Jul 15 10:13:08 2026

* Version:        2022.1 (Build 3526262 on Mon Apr 18 15:47:01 MDT 2022)
* Project:        proj_bert_attn_out_norm_residual_kernel
* Solution:       solution1 (Vivado IP Flow Target)
* Product family: virtexuplus
* Target device:  xcu250-figd2104-2L-e


================================================================
== Performance Estimates
================================================================
+ Timing: 
    * Summary: 
    +--------+---------+----------+------------+
    |  Clock |  Target | Estimated| Uncertainty|
    +--------+---------+----------+------------+
    |ap_clk  |  3.33 ns|  2.470 ns|     0.90 ns|
    +--------+---------+----------+------------+

+ Latency: 
    * Summary: 
    +---------+---------+----------+----------+---------+---------+---------+
    |  Latency (cycles) |  Latency (absolute) |      Interval     | Pipeline|
    |   min   |   max   |    min   |    max   |   min   |   max   |   Type  |
    +---------+---------+----------+----------+---------+---------+---------+
    |  1365586|  1365586|  4.551 ms|  4.551 ms|  1365587|  1365587|       no|
    +---------+---------+----------+----------+---------+---------+---------+

    + Detail: 
        * Instance: 
        +----------------------------------------+-----------------------------+---------+---------+-----------+-----------+--------+--------+---------+
        |                                        |                             |  Latency (cycles) |   Latency (absolute)  |     Interval    | Pipeline|
        |                Instance                |            Module           |   min   |   max   |    min    |    max    |   min  |   max  |   Type  |
        +----------------------------------------+-----------------------------+---------+---------+-----------+-----------+--------+--------+---------+
        |grp_load_residual_fu_267                |load_residual                |     6155|     6155|  20.515 us|  20.515 us|    6155|    6155|       no|
        |grp_initialize_projection_fu_275        |initialize_projection        |    12793|    12793|  42.639 us|  42.639 us|   12793|   12793|       no|
        |grp_read_context_group_fu_283           |read_context_group           |     2050|     2050|   6.833 us|   6.833 us|    2050|    2050|       no|
        |grp_accumulate_projection_group_fu_290  |accumulate_projection_group  |   213704|   213704|   0.712 ms|   0.712 ms|  213704|  213704|       no|
        |grp_residual_norm_and_write_fu_300      |residual_norm_and_write      |    58225|    58225|   0.194 ms|   0.194 ms|   58225|   58225|       no|
        +----------------------------------------+-----------------------------+---------+---------+-----------+-----------+--------+--------+---------+

        * Loop: 
        +-------------------------+---------+---------+----------+-----------+-----------+------+----------+
        |                         |  Latency (cycles) | Iteration|  Initiation Interval  | Trip |          |
        |        Loop Name        |   min   |   max   |  Latency |  achieved |   target  | Count| Pipelined|
        +-------------------------+---------+---------+----------+-----------+-----------+------+----------+
        |- PROJECT_CONTEXT_GROUP  |  1294548|  1294548|    215758|          -|          -|     6|        no|
        +-------------------------+---------+---------+----------+-----------+-----------+------+----------+



================================================================
== Utilization Estimates
================================================================
* Summary: 
+---------------------+---------+-------+---------+---------+------+
|         Name        | BRAM_18K|  DSP  |    FF   |   LUT   | URAM |
+---------------------+---------+-------+---------+---------+------+
|DSP                  |        -|      -|        -|        -|     -|
|Expression           |        -|      -|        0|     2780|     -|
|FIFO                 |        -|      -|        -|        -|     -|
|Instance             |       16|    393|    97187|    83541|     0|
|Memory               |        -|      -|        3|      874|    32|
|Multiplexer          |        -|      -|        -|     4181|     -|
|Register             |        -|      -|     1459|        -|     -|
+---------------------+---------+-------+---------+---------+------+
|Total                |       16|    393|    98649|    91376|    32|
+---------------------+---------+-------+---------+---------+------+
|Available SLR        |     1344|   3072|   864000|   432000|   320|
+---------------------+---------+-------+---------+---------+------+
|Utilization SLR (%)  |        1|     12|       11|       21|    10|
+---------------------+---------+-------+---------+---------+------+
|Available            |     5376|  12288|  3456000|  1728000|  1280|
+---------------------+---------+-------+---------+---------+------+
|Utilization (%)      |       ~0|      3|        2|        5|     2|
+---------------------+---------+-------+---------+---------+------+

+ Detail: 
    * Instance: 
    +-----------------------------------------+------------------------------------+---------+-----+-------+-------+-----+
    |                 Instance                |               Module               | BRAM_18K| DSP |   FF  |  LUT  | URAM|
    +-----------------------------------------+------------------------------------+---------+-----+-------+-------+-----+
    |grp_accumulate_projection_group_fu_290   |accumulate_projection_group         |        0|  192|  44128|  29164|    0|
    |control_s_axi_U                          |control_s_axi                       |        0|    0|    634|   1128|    0|
    |fadd_32ns_32ns_32_7_full_dsp_1_U836      |fadd_32ns_32ns_32_7_full_dsp_1      |        0|    2|    318|    198|    0|
    |fadd_32ns_32ns_32_7_full_dsp_1_U837      |fadd_32ns_32ns_32_7_full_dsp_1      |        0|    2|    318|    198|    0|
    |fadd_32ns_32ns_32_7_full_dsp_1_U838      |fadd_32ns_32ns_32_7_full_dsp_1      |        0|    2|    318|    198|    0|
    |fadd_32ns_32ns_32_7_full_dsp_1_U839      |fadd_32ns_32ns_32_7_full_dsp_1      |        0|    2|    318|    198|    0|
    |fadd_32ns_32ns_32_7_full_dsp_1_U840      |fadd_32ns_32ns_32_7_full_dsp_1      |        0|    2|    318|    198|    0|
    |fadd_32ns_32ns_32_7_full_dsp_1_U841      |fadd_32ns_32ns_32_7_full_dsp_1      |        0|    2|    318|    198|    0|
    |fadd_32ns_32ns_32_7_full_dsp_1_U842      |fadd_32ns_32ns_32_7_full_dsp_1      |        0|    2|    318|    198|    0|
    |fadd_32ns_32ns_32_7_full_dsp_1_U843      |fadd_32ns_32ns_32_7_full_dsp_1      |        0|    2|    318|    198|    0|
    |fadd_32ns_32ns_32_7_full_dsp_1_U844      |fadd_32ns_32ns_32_7_full_dsp_1      |        0|    2|    318|    198|    0|
    |fadd_32ns_32ns_32_7_full_dsp_1_U845      |fadd_32ns_32ns_32_7_full_dsp_1      |        0|    2|    318|    198|    0|
    |fadd_32ns_32ns_32_7_full_dsp_1_U846      |fadd_32ns_32ns_32_7_full_dsp_1      |        0|    2|    318|    198|    0|
    |fadd_32ns_32ns_32_7_full_dsp_1_U847      |fadd_32ns_32ns_32_7_full_dsp_1      |        0|    2|    318|    198|    0|
    |fadd_32ns_32ns_32_7_full_dsp_1_U848      |fadd_32ns_32ns_32_7_full_dsp_1      |        0|    2|    318|    198|    0|
    |fadd_32ns_32ns_32_7_full_dsp_1_U849      |fadd_32ns_32ns_32_7_full_dsp_1      |        0|    2|    318|    198|    0|
    |fadd_32ns_32ns_32_7_full_dsp_1_U850      |fadd_32ns_32ns_32_7_full_dsp_1      |        0|    2|    318|    198|    0|
    |fadd_32ns_32ns_32_7_full_dsp_1_U867      |fadd_32ns_32ns_32_7_full_dsp_1      |        0|    2|    318|    198|    0|
    |fadd_32ns_32ns_32_7_full_dsp_1_U868      |fadd_32ns_32ns_32_7_full_dsp_1      |        0|    2|    318|    198|    0|
    |fadd_32ns_32ns_32_7_full_dsp_1_U869      |fadd_32ns_32ns_32_7_full_dsp_1      |        0|    2|    318|    198|    0|
    |fadd_32ns_32ns_32_7_full_dsp_1_U870      |fadd_32ns_32ns_32_7_full_dsp_1      |        0|    2|    318|    198|    0|
    |fadd_32ns_32ns_32_7_full_dsp_1_U871      |fadd_32ns_32ns_32_7_full_dsp_1      |        0|    2|    318|    198|    0|
    |fadd_32ns_32ns_32_7_full_dsp_1_U872      |fadd_32ns_32ns_32_7_full_dsp_1      |        0|    2|    318|    198|    0|
    |fadd_32ns_32ns_32_7_full_dsp_1_U873      |fadd_32ns_32ns_32_7_full_dsp_1      |        0|    2|    318|    198|    0|
    |fadd_32ns_32ns_32_7_full_dsp_1_U874      |fadd_32ns_32ns_32_7_full_dsp_1      |        0|    2|    318|    198|    0|
    |fadd_32ns_32ns_32_7_full_dsp_1_U875      |fadd_32ns_32ns_32_7_full_dsp_1      |        0|    2|    318|    198|    0|
    |fadd_32ns_32ns_32_7_full_dsp_1_U876      |fadd_32ns_32ns_32_7_full_dsp_1      |        0|    2|    318|    198|    0|
    |fadd_32ns_32ns_32_7_full_dsp_1_U877      |fadd_32ns_32ns_32_7_full_dsp_1      |        0|    2|    318|    198|    0|
    |fadd_32ns_32ns_32_7_full_dsp_1_U878      |fadd_32ns_32ns_32_7_full_dsp_1      |        0|    2|    318|    198|    0|
    |fadd_32ns_32ns_32_7_full_dsp_1_U879      |fadd_32ns_32ns_32_7_full_dsp_1      |        0|    2|    318|    198|    0|
    |fadd_32ns_32ns_32_7_full_dsp_1_U880      |fadd_32ns_32ns_32_7_full_dsp_1      |        0|    2|    318|    198|    0|
    |fadd_32ns_32ns_32_7_full_dsp_1_U881      |fadd_32ns_32ns_32_7_full_dsp_1      |        0|    2|    318|    198|    0|
    |fadd_32ns_32ns_32_7_full_dsp_1_U882      |fadd_32ns_32ns_32_7_full_dsp_1      |        0|    2|    318|    198|    0|
    |faddfsub_32ns_32ns_32_7_full_dsp_1_U835  |faddfsub_32ns_32ns_32_7_full_dsp_1  |        0|    2|    318|    198|    0|
    |faddfsub_32ns_32ns_32_7_full_dsp_1_U851  |faddfsub_32ns_32ns_32_7_full_dsp_1  |        0|    2|    318|    198|    0|
    |faddfsub_32ns_32ns_32_7_full_dsp_1_U852  |faddfsub_32ns_32ns_32_7_full_dsp_1  |        0|    2|    318|    198|    0|
    |faddfsub_32ns_32ns_32_7_full_dsp_1_U853  |faddfsub_32ns_32ns_32_7_full_dsp_1  |        0|    2|    318|    198|    0|
    |faddfsub_32ns_32ns_32_7_full_dsp_1_U854  |faddfsub_32ns_32ns_32_7_full_dsp_1  |        0|    2|    318|    198|    0|
    |faddfsub_32ns_32ns_32_7_full_dsp_1_U855  |faddfsub_32ns_32ns_32_7_full_dsp_1  |        0|    2|    318|    198|    0|
    |faddfsub_32ns_32ns_32_7_full_dsp_1_U856  |faddfsub_32ns_32ns_32_7_full_dsp_1  |        0|    2|    318|    198|    0|
    |faddfsub_32ns_32ns_32_7_full_dsp_1_U857  |faddfsub_32ns_32ns_32_7_full_dsp_1  |        0|    2|    318|    198|    0|
    |faddfsub_32ns_32ns_32_7_full_dsp_1_U858  |faddfsub_32ns_32ns_32_7_full_dsp_1  |        0|    2|    318|    198|    0|
    |faddfsub_32ns_32ns_32_7_full_dsp_1_U859  |faddfsub_32ns_32ns_32_7_full_dsp_1  |        0|    2|    318|    198|    0|
    |faddfsub_32ns_32ns_32_7_full_dsp_1_U860  |faddfsub_32ns_32ns_32_7_full_dsp_1  |        0|    2|    318|    198|    0|
    |faddfsub_32ns_32ns_32_7_full_dsp_1_U861  |faddfsub_32ns_32ns_32_7_full_dsp_1  |        0|    2|    318|    198|    0|
    |faddfsub_32ns_32ns_32_7_full_dsp_1_U862  |faddfsub_32ns_32ns_32_7_full_dsp_1  |        0|    2|    318|    198|    0|
    |faddfsub_32ns_32ns_32_7_full_dsp_1_U863  |faddfsub_32ns_32ns_32_7_full_dsp_1  |        0|    2|    318|    198|    0|
    |faddfsub_32ns_32ns_32_7_full_dsp_1_U864  |faddfsub_32ns_32ns_32_7_full_dsp_1  |        0|    2|    318|    198|    0|
    |faddfsub_32ns_32ns_32_7_full_dsp_1_U865  |faddfsub_32ns_32ns_32_7_full_dsp_1  |        0|    2|    318|    198|    0|
    |faddfsub_32ns_32ns_32_7_full_dsp_1_U866  |faddfsub_32ns_32ns_32_7_full_dsp_1  |        0|    2|    318|    198|    0|
    |fmul_32ns_32ns_32_4_max_dsp_1_U883       |fmul_32ns_32ns_32_4_max_dsp_1       |        0|    3|    143|     78|    0|
    |fmul_32ns_32ns_32_4_max_dsp_1_U884       |fmul_32ns_32ns_32_4_max_dsp_1       |        0|    3|    143|     78|    0|
    |fmul_32ns_32ns_32_4_max_dsp_1_U885       |fmul_32ns_32ns_32_4_max_dsp_1       |        0|    3|    143|     78|    0|
    |fmul_32ns_32ns_32_4_max_dsp_1_U886       |fmul_32ns_32ns_32_4_max_dsp_1       |        0|    3|    143|     78|    0|
    |fmul_32ns_32ns_32_4_max_dsp_1_U887       |fmul_32ns_32ns_32_4_max_dsp_1       |        0|    3|    143|     78|    0|
    |fmul_32ns_32ns_32_4_max_dsp_1_U888       |fmul_32ns_32ns_32_4_max_dsp_1       |        0|    3|    143|     78|    0|
    |fmul_32ns_32ns_32_4_max_dsp_1_U889       |fmul_32ns_32ns_32_4_max_dsp_1       |        0|    3|    143|     78|    0|
    |fmul_32ns_32ns_32_4_max_dsp_1_U890       |fmul_32ns_32ns_32_4_max_dsp_1       |        0|    3|    143|     78|    0|
    |fmul_32ns_32ns_32_4_max_dsp_1_U891       |fmul_32ns_32ns_32_4_max_dsp_1       |        0|    3|    143|     78|    0|
    |fmul_32ns_32ns_32_4_max_dsp_1_U892       |fmul_32ns_32ns_32_4_max_dsp_1       |        0|    3|    143|     78|    0|
    |fmul_32ns_32ns_32_4_max_dsp_1_U893       |fmul_32ns_32ns_32_4_max_dsp_1       |        0|    3|    143|     78|    0|
    |fmul_32ns_32ns_32_4_max_dsp_1_U894       |fmul_32ns_32ns_32_4_max_dsp_1       |        0|    3|    143|     78|    0|
    |fmul_32ns_32ns_32_4_max_dsp_1_U895       |fmul_32ns_32ns_32_4_max_dsp_1       |        0|    3|    143|     78|    0|
    |fmul_32ns_32ns_32_4_max_dsp_1_U896       |fmul_32ns_32ns_32_4_max_dsp_1       |        0|    3|    143|     78|    0|
    |fmul_32ns_32ns_32_4_max_dsp_1_U897       |fmul_32ns_32ns_32_4_max_dsp_1       |        0|    3|    143|     78|    0|
    |fmul_32ns_32ns_32_4_max_dsp_1_U898       |fmul_32ns_32ns_32_4_max_dsp_1       |        0|    3|    143|     78|    0|
    |fmul_32ns_32ns_32_4_max_dsp_1_U899       |fmul_32ns_32ns_32_4_max_dsp_1       |        0|    3|    143|     78|    0|
    |fmul_32ns_32ns_32_4_max_dsp_1_U900       |fmul_32ns_32ns_32_4_max_dsp_1       |        0|    3|    143|     78|    0|
    |fmul_32ns_32ns_32_4_max_dsp_1_U901       |fmul_32ns_32ns_32_4_max_dsp_1       |        0|    3|    143|     78|    0|
    |fmul_32ns_32ns_32_4_max_dsp_1_U902       |fmul_32ns_32ns_32_4_max_dsp_1       |        0|    3|    143|     78|    0|
    |fmul_32ns_32ns_32_4_max_dsp_1_U903       |fmul_32ns_32ns_32_4_max_dsp_1       |        0|    3|    143|     78|    0|
    |fmul_32ns_32ns_32_4_max_dsp_1_U904       |fmul_32ns_32ns_32_4_max_dsp_1       |        0|    3|    143|     78|    0|
    |fmul_32ns_32ns_32_4_max_dsp_1_U905       |fmul_32ns_32ns_32_4_max_dsp_1       |        0|    3|    143|     78|    0|
    |fmul_32ns_32ns_32_4_max_dsp_1_U906       |fmul_32ns_32ns_32_4_max_dsp_1       |        0|    3|    143|     78|    0|
    |fmul_32ns_32ns_32_4_max_dsp_1_U907       |fmul_32ns_32ns_32_4_max_dsp_1       |        0|    3|    143|     78|    0|
    |fmul_32ns_32ns_32_4_max_dsp_1_U908       |fmul_32ns_32ns_32_4_max_dsp_1       |        0|    3|    143|     78|    0|
    |fmul_32ns_32ns_32_4_max_dsp_1_U909       |fmul_32ns_32ns_32_4_max_dsp_1       |        0|    3|    143|     78|    0|
    |fmul_32ns_32ns_32_4_max_dsp_1_U910       |fmul_32ns_32ns_32_4_max_dsp_1       |        0|    3|    143|     78|    0|
    |fmul_32ns_32ns_32_4_max_dsp_1_U911       |fmul_32ns_32ns_32_4_max_dsp_1       |        0|    3|    143|     78|    0|
    |fmul_32ns_32ns_32_4_max_dsp_1_U912       |fmul_32ns_32ns_32_4_max_dsp_1       |        0|    3|    143|     78|    0|
    |fmul_32ns_32ns_32_4_max_dsp_1_U913       |fmul_32ns_32ns_32_4_max_dsp_1       |        0|    3|    143|     78|    0|
    |fmul_32ns_32ns_32_4_max_dsp_1_U914       |fmul_32ns_32ns_32_4_max_dsp_1       |        0|    3|    143|     78|    0|
    |gmem_attn_mid_m_axi_U                    |gmem_attn_mid_m_axi                 |        0|    0|   4567|   8001|    0|
    |gmem_hidden_m_axi_U                      |gmem_hidden_m_axi                   |        0|    0|   4567|   8001|    0|
    |gmem_norm_m_axi_U                        |gmem_norm_m_axi                     |        0|    0|   4567|   8001|    0|
    |gmem_o_m_axi_U                           |gmem_o_m_axi                        |        0|    0|   4567|   8001|    0|
    |grp_initialize_projection_fu_275         |initialize_projection               |        0|    0|   1173|   1291|    0|
    |grp_load_residual_fu_267                 |load_residual                       |        0|    0|    626|    382|    0|
    |grp_read_context_group_fu_283            |read_context_group                  |        0|    0|    301|    229|    0|
    |grp_residual_norm_and_write_fu_300       |residual_norm_and_write             |       16|    9|  12217|   7343|    0|
    +-----------------------------------------+------------------------------------+---------+-----+-------+-------+-----+
    |Total                                    |                                    |       16|  393|  97187|  83541|    0|
    +-----------------------------------------+------------------------------------+---------+-----+-------+-------+-----+

    * DSP: 
    N/A

    * Memory: 
    +-----------------+--------------------------------+---------+---+-----+-----+-------+-----+------+-------------+
    |      Memory     |             Module             | BRAM_18K| FF| LUT | URAM| Words | Bits| Banks| W*Bits*Banks|
    +-----------------+--------------------------------+---------+---+-----+-----+-------+-----+------+-------------+
    |context_group_U  |context_group_RAM_2P_URAM_1R1W  |        0|  0|    0|    4|   2048|  256|     1|       524288|
    |projected_U      |projected_RAM_2P_URAM_1R1W      |        0|  2|  293|   12|  12288|  256|     1|      3145728|
    |residual_U       |residual_RAM_2P_URAM_1R1W       |        0|  1|  581|   16|   6144|  512|     1|      3145728|
    +-----------------+--------------------------------+---------+---+-----+-----+-------+-----+------+-------------+
    |Total            |                                |        0|  3|  874|   32|  20480| 1024|     3|      6815744|
    +-----------------+--------------------------------+---------+---+-----+-----+-------+-----+------+-------------+

    * FIFO: 
    N/A

    * Expression: 
    +---------------------------------------------------------------+----------+----+---+------+------------+------------+
    |                         Variable Name                         | Operation| DSP| FF|  LUT | Bitwidth P0| Bitwidth P1|
    +---------------------------------------------------------------+----------+----+---+------+------------+------------+
    |add_ln341_fu_399_p2                                            |         +|   0|  0|    71|          64|          64|
    |add_ln350_fu_461_p2                                            |         +|   0|  0|    71|          64|          64|
    |add_ln351_fu_465_p2                                            |         +|   0|  0|    71|          64|          64|
    |add_ln353_fu_469_p2                                            |         +|   0|  0|    39|          32|           1|
    |empty_52_fu_436_p2                                             |         +|   0|  0|    71|          64|          64|
    |group_2_fu_450_p2                                              |         +|   0|  0|    10|           3|           1|
    |weight_offset_fu_418_p2                                        |         +|   0|  0|    39|          32|          32|
    |bias_offset_fu_381_p2                                          |         -|   0|  0|    39|          32|          32|
    |grp_residual_norm_and_write_fu_300_attn_mid_stream_TREADY      |       and|   0|  0|     2|           1|           1|
    |grp_residual_norm_and_write_fu_300_ffn_residual_stream_TREADY  |       and|   0|  0|     2|           1|           1|
    |icmp_ln343_fu_444_p2                                           |      icmp|   0|  0|     8|           3|           3|
    |ap_block_state11_on_subcall_done                               |        or|   0|  0|     2|           1|           1|
    |ap_block_state24                                               |        or|   0|  0|     2|           1|           1|
    |shl_ln353_2_fu_503_p2                                          |       shl|   0|  0|  2171|         512|         512|
    |shl_ln353_fu_485_p2                                            |       shl|   0|  0|   182|           4|          64|
    +---------------------------------------------------------------+----------+----+---+------+------------+------------+
    |Total                                                          |          |   0|  0|  2780|         878|         905|
    +---------------------------------------------------------------+----------+----+---+------+------------+------------+

    * Multiplexer: 
    +------------------------------------+-----+-----------+-----+-----------+
    |                Name                | LUT | Input Size| Bits| Total Bits|
    +------------------------------------+-----+-----------+-----+-----------+
    |ap_NS_fsm                           |  123|         25|    1|         25|
    |context_group_address1              |   14|          3|   11|         33|
    |context_group_ce0                   |    9|          2|    1|          2|
    |context_group_ce1                   |   14|          3|    1|          3|
    |context_group_we1                   |    9|          2|    1|          2|
    |context_stream_TREADY_int_regslice  |    9|          2|    1|          2|
    |gmem_attn_mid_AWADDR                |   14|          3|   64|        192|
    |gmem_attn_mid_AWLEN                 |   14|          3|   32|         96|
    |gmem_attn_mid_AWVALID               |   14|          3|    1|          3|
    |gmem_attn_mid_BREADY                |   14|          3|    1|          3|
    |gmem_attn_mid_WDATA                 |   14|          3|  512|       1536|
    |gmem_attn_mid_WSTRB                 |   14|          3|   64|        192|
    |gmem_attn_mid_WVALID                |   14|          3|    1|          3|
    |gmem_attn_mid_blk_n_AW              |    9|          2|    1|          2|
    |gmem_attn_mid_blk_n_B               |    9|          2|    1|          2|
    |gmem_attn_mid_blk_n_W               |    9|          2|    1|          2|
    |gmem_hidden_ARADDR                  |   14|          3|   64|        192|
    |gmem_hidden_ARLEN                   |   14|          3|   32|         96|
    |gmem_hidden_ARVALID                 |   14|          3|    1|          3|
    |gmem_hidden_RREADY                  |   14|          3|    1|          3|
    |gmem_hidden_blk_n_AR                |    9|          2|    1|          2|
    |gmem_hidden_blk_n_R                 |    9|          2|    1|          2|
    |gmem_norm_ARVALID                   |    9|          2|    1|          2|
    |gmem_norm_RREADY                    |    9|          2|    1|          2|
    |gmem_o_ARADDR                       |   14|          3|   64|        192|
    |gmem_o_ARLEN                        |   14|          3|   32|         96|
    |gmem_o_ARVALID                      |   14|          3|    1|          3|
    |gmem_o_RREADY                       |   14|          3|    1|          3|
    |group_fu_166                        |    9|          2|    3|          6|
    |grp_fu_658_ce                       |   14|          3|    1|          3|
    |grp_fu_658_opcode                   |   14|          3|    2|          6|
    |grp_fu_658_p0                       |   14|          3|   32|         96|
    |grp_fu_658_p1                       |   14|          3|   32|         96|
    |grp_fu_662_ce                       |   14|          3|    1|          3|
    |grp_fu_662_p0                       |   14|          3|   32|         96|
    |grp_fu_662_p1                       |   14|          3|   32|         96|
    |grp_fu_666_ce                       |   14|          3|    1|          3|
    |grp_fu_666_p0                       |   14|          3|   32|         96|
    |grp_fu_666_p1                       |   14|          3|   32|         96|
    |grp_fu_670_ce                       |   14|          3|    1|          3|
    |grp_fu_670_p0                       |   14|          3|   32|         96|
    |grp_fu_670_p1                       |   14|          3|   32|         96|
    |grp_fu_674_ce                       |   14|          3|    1|          3|
    |grp_fu_674_p0                       |   14|          3|   32|         96|
    |grp_fu_674_p1                       |   14|          3|   32|         96|
    |grp_fu_678_ce                       |   14|          3|    1|          3|
    |grp_fu_678_p0                       |   14|          3|   32|         96|
    |grp_fu_678_p1                       |   14|          3|   32|         96|
    |grp_fu_682_ce                       |   14|          3|    1|          3|
    |grp_fu_682_p0                       |   14|          3|   32|         96|
    |grp_fu_682_p1                       |   14|          3|   32|         96|
    |grp_fu_686_ce                       |   14|          3|    1|          3|
    |grp_fu_686_p0                       |   14|          3|   32|         96|
    |grp_fu_686_p1                       |   14|          3|   32|         96|
    |grp_fu_690_ce                       |   14|          3|    1|          3|
    |grp_fu_690_p0                       |   14|          3|   32|         96|
    |grp_fu_690_p1                       |   14|          3|   32|         96|
    |grp_fu_694_ce                       |   14|          3|    1|          3|
    |grp_fu_694_p0                       |   14|          3|   32|         96|
    |grp_fu_694_p1                       |   14|          3|   32|         96|
    |grp_fu_698_ce                       |   14|          3|    1|          3|
    |grp_fu_698_p0                       |   14|          3|   32|         96|
    |grp_fu_698_p1                       |   14|          3|   32|         96|
    |grp_fu_702_ce                       |   14|          3|    1|          3|
    |grp_fu_702_p0                       |   14|          3|   32|         96|
    |grp_fu_702_p1                       |   14|          3|   32|         96|
    |grp_fu_706_ce                       |   14|          3|    1|          3|
    |grp_fu_706_p0                       |   14|          3|   32|         96|
    |grp_fu_706_p1                       |   14|          3|   32|         96|
    |grp_fu_710_ce                       |   14|          3|    1|          3|
    |grp_fu_710_p0                       |   14|          3|   32|         96|
    |grp_fu_710_p1                       |   14|          3|   32|         96|
    |grp_fu_714_ce                       |   14|          3|    1|          3|
    |grp_fu_714_p0                       |   14|          3|   32|         96|
    |grp_fu_714_p1                       |   14|          3|   32|         96|
    |grp_fu_718_ce                       |   14|          3|    1|          3|
    |grp_fu_718_p0                       |   14|          3|   32|         96|
    |grp_fu_718_p1                       |   14|          3|   32|         96|
    |grp_fu_722_ce                       |   14|          3|    1|          3|
    |grp_fu_722_opcode                   |   14|          3|    2|          6|
    |grp_fu_722_p0                       |   14|          3|   32|         96|
    |grp_fu_722_p1                       |   14|          3|   32|         96|
    |grp_fu_726_ce                       |   14|          3|    1|          3|
    |grp_fu_726_opcode                   |   14|          3|    2|          6|
    |grp_fu_726_p0                       |   14|          3|   32|         96|
    |grp_fu_726_p1                       |   14|          3|   32|         96|
    |grp_fu_730_ce                       |   14|          3|    1|          3|
    |grp_fu_730_opcode                   |   14|          3|    2|          6|
    |grp_fu_730_p0                       |   14|          3|   32|         96|
    |grp_fu_730_p1                       |   14|          3|   32|         96|
    |grp_fu_734_ce                       |   14|          3|    1|          3|
    |grp_fu_734_opcode                   |   14|          3|    2|          6|
    |grp_fu_734_p0                       |   14|          3|   32|         96|
    |grp_fu_734_p1                       |   14|          3|   32|         96|
    |grp_fu_738_ce                       |   14|          3|    1|          3|
    |grp_fu_738_opcode                   |   14|          3|    2|          6|
    |grp_fu_738_p0                       |   14|          3|   32|         96|
    |grp_fu_738_p1                       |   14|          3|   32|         96|
    |grp_fu_742_ce                       |   14|          3|    1|          3|
    |grp_fu_742_opcode                   |   14|          3|    2|          6|
    |grp_fu_742_p0                       |   14|          3|   32|         96|
    |grp_fu_742_p1                       |   14|          3|   32|         96|
    |grp_fu_746_ce                       |   14|          3|    1|          3|
    |grp_fu_746_opcode                   |   14|          3|    2|          6|
    |grp_fu_746_p0                       |   14|          3|   32|         96|
    |grp_fu_746_p1                       |   14|          3|   32|         96|
    |grp_fu_750_ce                       |   14|          3|    1|          3|
    |grp_fu_750_opcode                   |   14|          3|    2|          6|
    |grp_fu_750_p0                       |   14|          3|   32|         96|
    |grp_fu_750_p1                       |   14|          3|   32|         96|
    |grp_fu_754_ce                       |   14|          3|    1|          3|
    |grp_fu_754_opcode                   |   14|          3|    2|          6|
    |grp_fu_754_p0                       |   14|          3|   32|         96|
    |grp_fu_754_p1                       |   14|          3|   32|         96|
    |grp_fu_758_ce                       |   14|          3|    1|          3|
    |grp_fu_758_opcode                   |   14|          3|    2|          6|
    |grp_fu_758_p0                       |   14|          3|   32|         96|
    |grp_fu_758_p1                       |   14|          3|   32|         96|
    |grp_fu_762_ce                       |   14|          3|    1|          3|
    |grp_fu_762_opcode                   |   14|          3|    2|          6|
    |grp_fu_762_p0                       |   14|          3|   32|         96|
    |grp_fu_762_p1                       |   14|          3|   32|         96|
    |grp_fu_766_ce                       |   14|          3|    1|          3|
    |grp_fu_766_opcode                   |   14|          3|    2|          6|
    |grp_fu_766_p0                       |   14|          3|   32|         96|
    |grp_fu_766_p1                       |   14|          3|   32|         96|
    |grp_fu_770_ce                       |   14|          3|    1|          3|
    |grp_fu_770_opcode                   |   14|          3|    2|          6|
    |grp_fu_770_p0                       |   14|          3|   32|         96|
    |grp_fu_770_p1                       |   14|          3|   32|         96|
    |grp_fu_774_ce                       |   14|          3|    1|          3|
    |grp_fu_774_opcode                   |   14|          3|    2|          6|
    |grp_fu_774_p0                       |   14|          3|   32|         96|
    |grp_fu_774_p1                       |   14|          3|   32|         96|
    |grp_fu_778_ce                       |   14|          3|    1|          3|
    |grp_fu_778_opcode                   |   14|          3|    2|          6|
    |grp_fu_778_p0                       |   14|          3|   32|         96|
    |grp_fu_778_p1                       |   14|          3|   32|         96|
    |grp_fu_782_ce                       |   14|          3|    1|          3|
    |grp_fu_782_opcode                   |   14|          3|    2|          6|
    |grp_fu_782_p0                       |   14|          3|   32|         96|
    |grp_fu_782_p1                       |   14|          3|   32|         96|
    |grp_fu_786_ce                       |   14|          3|    1|          3|
    |grp_fu_786_p0                       |   14|          3|   32|         96|
    |grp_fu_786_p1                       |   14|          3|   32|         96|
    |grp_fu_790_ce                       |   14|          3|    1|          3|
    |grp_fu_790_p0                       |   14|          3|   32|         96|
    |grp_fu_790_p1                       |   14|          3|   32|         96|
    |grp_fu_794_ce                       |   14|          3|    1|          3|
    |grp_fu_794_p0                       |   14|          3|   32|         96|
    |grp_fu_794_p1                       |   14|          3|   32|         96|
    |grp_fu_798_ce                       |   14|          3|    1|          3|
    |grp_fu_798_p0                       |   14|          3|   32|         96|
    |grp_fu_798_p1                       |   14|          3|   32|         96|
    |grp_fu_802_ce                       |   14|          3|    1|          3|
    |grp_fu_802_p0                       |   14|          3|   32|         96|
    |grp_fu_802_p1                       |   14|          3|   32|         96|
    |grp_fu_806_ce                       |   14|          3|    1|          3|
    |grp_fu_806_p0                       |   14|          3|   32|         96|
    |grp_fu_806_p1                       |   14|          3|   32|         96|
    |grp_fu_810_ce                       |   14|          3|    1|          3|
    |grp_fu_810_p0                       |   14|          3|   32|         96|
    |grp_fu_810_p1                       |   14|          3|   32|         96|
    |grp_fu_814_ce                       |   14|          3|    1|          3|
    |grp_fu_814_p0                       |   14|          3|   32|         96|
    |grp_fu_814_p1                       |   14|          3|   32|         96|
    |grp_fu_818_ce                       |   14|          3|    1|          3|
    |grp_fu_818_p0                       |   14|          3|   32|         96|
    |grp_fu_818_p1                       |   14|          3|   32|         96|
    |grp_fu_822_ce                       |   14|          3|    1|          3|
    |grp_fu_822_p0                       |   14|          3|   32|         96|
    |grp_fu_822_p1                       |   14|          3|   32|         96|
    |grp_fu_826_ce                       |   14|          3|    1|          3|
    |grp_fu_826_p0                       |   14|          3|   32|         96|
    |grp_fu_826_p1                       |   14|          3|   32|         96|
    |grp_fu_830_ce                       |   14|          3|    1|          3|
    |grp_fu_830_p0                       |   14|          3|   32|         96|
    |grp_fu_830_p1                       |   14|          3|   32|         96|
    |grp_fu_834_ce                       |   14|          3|    1|          3|
    |grp_fu_834_p0                       |   14|          3|   32|         96|
    |grp_fu_834_p1                       |   14|          3|   32|         96|
    |grp_fu_838_ce                       |   14|          3|    1|          3|
    |grp_fu_838_p0                       |   14|          3|   32|         96|
    |grp_fu_838_p1                       |   14|          3|   32|         96|
    |grp_fu_842_ce                       |   14|          3|    1|          3|
    |grp_fu_842_p0                       |   14|          3|   32|         96|
    |grp_fu_842_p1                       |   14|          3|   32|         96|
    |grp_fu_846_ce                       |   14|          3|    1|          3|
    |grp_fu_846_p0                       |   14|          3|   32|         96|
    |grp_fu_846_p1                       |   14|          3|   32|         96|
    |grp_fu_850_ce                       |   14|          3|    1|          3|
    |grp_fu_850_p0                       |   14|          3|   32|         96|
    |grp_fu_850_p1                       |   14|          3|   32|         96|
    |grp_fu_854_ce                       |   14|          3|    1|          3|
    |grp_fu_854_p0                       |   14|          3|   32|         96|
    |grp_fu_854_p1                       |   14|          3|   32|         96|
    |grp_fu_858_ce                       |   14|          3|    1|          3|
    |grp_fu_858_p0                       |   14|          3|   32|         96|
    |grp_fu_858_p1                       |   14|          3|   32|         96|
    |grp_fu_862_ce                       |   14|          3|    1|          3|
    |grp_fu_862_p0                       |   14|          3|   32|         96|
    |grp_fu_862_p1                       |   14|          3|   32|         96|
    |grp_fu_866_ce                       |   14|          3|    1|          3|
    |grp_fu_866_p0                       |   14|          3|   32|         96|
    |grp_fu_866_p1                       |   14|          3|   32|         96|
    |grp_fu_870_ce                       |   14|          3|    1|          3|
    |grp_fu_870_p0                       |   14|          3|   32|         96|
    |grp_fu_870_p1                       |   14|          3|   32|         96|
    |grp_fu_874_ce                       |   14|          3|    1|          3|
    |grp_fu_874_p0                       |   14|          3|   32|         96|
    |grp_fu_874_p1                       |   14|          3|   32|         96|
    |grp_fu_878_ce                       |   14|          3|    1|          3|
    |grp_fu_878_p0                       |   14|          3|   32|         96|
    |grp_fu_878_p1                       |   14|          3|   32|         96|
    |grp_fu_882_ce                       |   14|          3|    1|          3|
    |grp_fu_882_p0                       |   14|          3|   32|         96|
    |grp_fu_882_p1                       |   14|          3|   32|         96|
    |grp_fu_886_ce                       |   14|          3|    1|          3|
    |grp_fu_886_p0                       |   14|          3|   32|         96|
    |grp_fu_886_p1                       |   14|          3|   32|         96|
    |grp_fu_890_ce                       |   14|          3|    1|          3|
    |grp_fu_890_p0                       |   14|          3|   32|         96|
    |grp_fu_890_p1                       |   14|          3|   32|         96|
    |grp_fu_894_ce                       |   14|          3|    1|          3|
    |grp_fu_894_p0                       |   14|          3|   32|         96|
    |grp_fu_894_p1                       |   14|          3|   32|         96|
    |grp_fu_898_ce                       |   14|          3|    1|          3|
    |grp_fu_898_p0                       |   14|          3|   32|         96|
    |grp_fu_898_p1                       |   14|          3|   32|         96|
    |grp_fu_902_ce                       |   14|          3|    1|          3|
    |grp_fu_902_p0                       |   14|          3|   32|         96|
    |grp_fu_902_p1                       |   14|          3|   32|         96|
    |grp_fu_906_ce                       |   14|          3|    1|          3|
    |grp_fu_906_p0                       |   14|          3|   32|         96|
    |grp_fu_906_p1                       |   14|          3|   32|         96|
    |grp_fu_910_ce                       |   14|          3|    1|          3|
    |grp_fu_910_p0                       |   14|          3|   32|         96|
    |grp_fu_910_p1                       |   14|          3|   32|         96|
    |grp_fu_914_ce                       |   14|          3|    1|          3|
    |grp_fu_914_p0                       |   14|          3|   32|         96|
    |grp_fu_914_p1                       |   14|          3|   32|         96|
    |grp_fu_918_ce                       |   14|          3|    1|          3|
    |grp_fu_918_p0                       |   14|          3|   32|         96|
    |grp_fu_918_p1                       |   14|          3|   32|         96|
    |grp_fu_922_ce                       |   14|          3|    1|          3|
    |grp_fu_922_p0                       |   14|          3|   32|         96|
    |grp_fu_922_p1                       |   14|          3|   32|         96|
    |grp_fu_926_ce                       |   14|          3|    1|          3|
    |grp_fu_926_p0                       |   14|          3|   32|         96|
    |grp_fu_926_p1                       |   14|          3|   32|         96|
    |grp_fu_930_ce                       |   14|          3|    1|          3|
    |grp_fu_930_p0                       |   14|          3|   32|         96|
    |grp_fu_930_p1                       |   14|          3|   32|         96|
    |grp_fu_934_ce                       |   14|          3|    1|          3|
    |grp_fu_934_p0                       |   14|          3|   32|         96|
    |grp_fu_934_p1                       |   14|          3|   32|         96|
    |grp_fu_938_ce                       |   14|          3|    1|          3|
    |grp_fu_938_p0                       |   14|          3|   32|         96|
    |grp_fu_938_p1                       |   14|          3|   32|         96|
    |grp_fu_942_ce                       |   14|          3|    1|          3|
    |grp_fu_942_p0                       |   14|          3|   32|         96|
    |grp_fu_942_p1                       |   14|          3|   32|         96|
    |grp_fu_946_ce                       |   14|          3|    1|          3|
    |grp_fu_946_p0                       |   14|          3|   32|         96|
    |grp_fu_946_p1                       |   14|          3|   32|         96|
    |grp_fu_950_ce                       |   14|          3|    1|          3|
    |grp_fu_950_p0                       |   14|          3|   32|         96|
    |grp_fu_950_p1                       |   14|          3|   32|         96|
    |grp_fu_954_ce                       |   14|          3|    1|          3|
    |grp_fu_954_p0                       |   14|          3|   32|         96|
    |grp_fu_954_p1                       |   14|          3|   32|         96|
    |grp_fu_958_ce                       |   14|          3|    1|          3|
    |grp_fu_958_p0                       |   14|          3|   32|         96|
    |grp_fu_958_p1                       |   14|          3|   32|         96|
    |grp_fu_962_ce                       |   14|          3|    1|          3|
    |grp_fu_962_p0                       |   14|          3|   32|         96|
    |grp_fu_962_p1                       |   14|          3|   32|         96|
    |grp_fu_966_ce                       |   14|          3|    1|          3|
    |grp_fu_966_p0                       |   14|          3|   32|         96|
    |grp_fu_966_p1                       |   14|          3|   32|         96|
    |grp_fu_970_ce                       |   14|          3|    1|          3|
    |grp_fu_970_p0                       |   14|          3|   32|         96|
    |grp_fu_970_p1                       |   14|          3|   32|         96|
    |grp_fu_974_ce                       |   14|          3|    1|          3|
    |grp_fu_974_p0                       |   14|          3|   32|         96|
    |grp_fu_974_p1                       |   14|          3|   32|         96|
    |projected_address0                  |   14|          3|   14|         42|
    |projected_address1                  |   20|          4|   14|         56|
    |projected_ce0                       |   14|          3|    1|          3|
    |projected_ce1                       |   20|          4|    1|          4|
    |projected_d1                        |   14|          3|  256|        768|
    |projected_we1                       |   14|          3|    1|          3|
    |residual_ce0                        |    9|          2|    1|          2|
    |residual_ce1                        |    9|          2|    1|          2|
    |residual_we1                        |    9|          2|    1|          2|
    +------------------------------------+-----+-----------+-----+-----------+
    |Total                               | 4181|        895| 6421|      19284|
    +------------------------------------+-----+-----------+-----+-----------+

    * Register: 
    +-----------------------------------------------------+-----+----+-----+-----------+
    |                         Name                        |  FF | LUT| Bits| Const Bits|
    +-----------------------------------------------------+-----+----+-----+-----------+
    |add_ln341_reg_614                                    |   64|   0|   64|          0|
    |add_ln350_reg_632                                    |   64|   0|   64|          0|
    |add_ln351_reg_637                                    |   64|   0|   64|          0|
    |ap_CS_fsm                                            |   24|   0|   24|          0|
    |attn_mid_ddr_read_reg_551                            |   64|   0|   64|          0|
    |attn_mid_done_read_reg_545                           |   64|   0|   64|          0|
    |attn_norm_beta_all_read_reg_556                      |   64|   0|   64|          0|
    |attn_norm_gamma_all_read_reg_561                     |   64|   0|   64|          0|
    |attn_o_b_all_read_reg_566                            |   64|   0|   64|          0|
    |attn_o_w_all_read_reg_571                            |   64|   0|   64|          0|
    |empty_52_reg_619                                     |   64|   0|   64|          0|
    |group_1_reg_624                                      |    3|   0|    3|          0|
    |group_fu_166                                         |    3|   0|    3|          0|
    |grp_accumulate_projection_group_fu_290_ap_start_reg  |    1|   0|    1|          0|
    |grp_initialize_projection_fu_275_ap_start_reg        |    1|   0|    1|          0|
    |grp_load_residual_fu_267_ap_start_reg                |    1|   0|    1|          0|
    |grp_read_context_group_fu_283_ap_start_reg           |    1|   0|    1|          0|
    |grp_residual_norm_and_write_fu_300_ap_start_reg      |    1|   0|    1|          0|
    |layer_id_read_reg_536                                |   32|   0|   32|          0|
    |residual_in_read_reg_576                             |   64|   0|   64|          0|
    |sext_ln341_reg_608                                   |   54|   0|   64|         10|
    |shl_ln353_2_reg_647                                  |  512|   0|  512|          0|
    |shl_ln353_reg_642                                    |   64|   0|   64|          0|
    |trunc_ln323_1_reg_587                                |   58|   0|   58|          0|
    +-----------------------------------------------------+-----+----+-----+-----------+
    |Total                                                | 1459|   0| 1469|         10|
    +-----------------------------------------------------+-----+----+-----+-----------+



================================================================
== Interface
================================================================
* Summary: 
+------------------------------+-----+-----+------------+------------------------------------+--------------+
|           RTL Ports          | Dir | Bits|  Protocol  |            Source Object           |    C Type    |
+------------------------------+-----+-----+------------+------------------------------------+--------------+
|s_axi_control_AWVALID         |   in|    1|       s_axi|                             control|        scalar|
|s_axi_control_AWREADY         |  out|    1|       s_axi|                             control|        scalar|
|s_axi_control_AWADDR          |   in|    7|       s_axi|                             control|        scalar|
|s_axi_control_WVALID          |   in|    1|       s_axi|                             control|        scalar|
|s_axi_control_WREADY          |  out|    1|       s_axi|                             control|        scalar|
|s_axi_control_WDATA           |   in|   32|       s_axi|                             control|        scalar|
|s_axi_control_WSTRB           |   in|    4|       s_axi|                             control|        scalar|
|s_axi_control_ARVALID         |   in|    1|       s_axi|                             control|        scalar|
|s_axi_control_ARREADY         |  out|    1|       s_axi|                             control|        scalar|
|s_axi_control_ARADDR          |   in|    7|       s_axi|                             control|        scalar|
|s_axi_control_RVALID          |  out|    1|       s_axi|                             control|        scalar|
|s_axi_control_RREADY          |   in|    1|       s_axi|                             control|        scalar|
|s_axi_control_RDATA           |  out|   32|       s_axi|                             control|        scalar|
|s_axi_control_RRESP           |  out|    2|       s_axi|                             control|        scalar|
|s_axi_control_BVALID          |  out|    1|       s_axi|                             control|        scalar|
|s_axi_control_BREADY          |   in|    1|       s_axi|                             control|        scalar|
|s_axi_control_BRESP           |  out|    2|       s_axi|                             control|        scalar|
|ap_clk                        |   in|    1|  ap_ctrl_hs|  bert_attn_out_norm_residual_kernel|  return value|
|ap_rst_n                      |   in|    1|  ap_ctrl_hs|  bert_attn_out_norm_residual_kernel|  return value|
|interrupt                     |  out|    1|  ap_ctrl_hs|  bert_attn_out_norm_residual_kernel|  return value|
|m_axi_gmem_hidden_AWVALID     |  out|    1|       m_axi|                         gmem_hidden|       pointer|
|m_axi_gmem_hidden_AWREADY     |   in|    1|       m_axi|                         gmem_hidden|       pointer|
|m_axi_gmem_hidden_AWADDR      |  out|   64|       m_axi|                         gmem_hidden|       pointer|
|m_axi_gmem_hidden_AWID        |  out|    1|       m_axi|                         gmem_hidden|       pointer|
|m_axi_gmem_hidden_AWLEN       |  out|    8|       m_axi|                         gmem_hidden|       pointer|
|m_axi_gmem_hidden_AWSIZE      |  out|    3|       m_axi|                         gmem_hidden|       pointer|
|m_axi_gmem_hidden_AWBURST     |  out|    2|       m_axi|                         gmem_hidden|       pointer|
|m_axi_gmem_hidden_AWLOCK      |  out|    2|       m_axi|                         gmem_hidden|       pointer|
|m_axi_gmem_hidden_AWCACHE     |  out|    4|       m_axi|                         gmem_hidden|       pointer|
|m_axi_gmem_hidden_AWPROT      |  out|    3|       m_axi|                         gmem_hidden|       pointer|
|m_axi_gmem_hidden_AWQOS       |  out|    4|       m_axi|                         gmem_hidden|       pointer|
|m_axi_gmem_hidden_AWREGION    |  out|    4|       m_axi|                         gmem_hidden|       pointer|
|m_axi_gmem_hidden_AWUSER      |  out|    1|       m_axi|                         gmem_hidden|       pointer|
|m_axi_gmem_hidden_WVALID      |  out|    1|       m_axi|                         gmem_hidden|       pointer|
|m_axi_gmem_hidden_WREADY      |   in|    1|       m_axi|                         gmem_hidden|       pointer|
|m_axi_gmem_hidden_WDATA       |  out|  512|       m_axi|                         gmem_hidden|       pointer|
|m_axi_gmem_hidden_WSTRB       |  out|   64|       m_axi|                         gmem_hidden|       pointer|
|m_axi_gmem_hidden_WLAST       |  out|    1|       m_axi|                         gmem_hidden|       pointer|
|m_axi_gmem_hidden_WID         |  out|    1|       m_axi|                         gmem_hidden|       pointer|
|m_axi_gmem_hidden_WUSER       |  out|    1|       m_axi|                         gmem_hidden|       pointer|
|m_axi_gmem_hidden_ARVALID     |  out|    1|       m_axi|                         gmem_hidden|       pointer|
|m_axi_gmem_hidden_ARREADY     |   in|    1|       m_axi|                         gmem_hidden|       pointer|
|m_axi_gmem_hidden_ARADDR      |  out|   64|       m_axi|                         gmem_hidden|       pointer|
|m_axi_gmem_hidden_ARID        |  out|    1|       m_axi|                         gmem_hidden|       pointer|
|m_axi_gmem_hidden_ARLEN       |  out|    8|       m_axi|                         gmem_hidden|       pointer|
|m_axi_gmem_hidden_ARSIZE      |  out|    3|       m_axi|                         gmem_hidden|       pointer|
|m_axi_gmem_hidden_ARBURST     |  out|    2|       m_axi|                         gmem_hidden|       pointer|
|m_axi_gmem_hidden_ARLOCK      |  out|    2|       m_axi|                         gmem_hidden|       pointer|
|m_axi_gmem_hidden_ARCACHE     |  out|    4|       m_axi|                         gmem_hidden|       pointer|
|m_axi_gmem_hidden_ARPROT      |  out|    3|       m_axi|                         gmem_hidden|       pointer|
|m_axi_gmem_hidden_ARQOS       |  out|    4|       m_axi|                         gmem_hidden|       pointer|
|m_axi_gmem_hidden_ARREGION    |  out|    4|       m_axi|                         gmem_hidden|       pointer|
|m_axi_gmem_hidden_ARUSER      |  out|    1|       m_axi|                         gmem_hidden|       pointer|
|m_axi_gmem_hidden_RVALID      |   in|    1|       m_axi|                         gmem_hidden|       pointer|
|m_axi_gmem_hidden_RREADY      |  out|    1|       m_axi|                         gmem_hidden|       pointer|
|m_axi_gmem_hidden_RDATA       |   in|  512|       m_axi|                         gmem_hidden|       pointer|
|m_axi_gmem_hidden_RLAST       |   in|    1|       m_axi|                         gmem_hidden|       pointer|
|m_axi_gmem_hidden_RID         |   in|    1|       m_axi|                         gmem_hidden|       pointer|
|m_axi_gmem_hidden_RUSER       |   in|    1|       m_axi|                         gmem_hidden|       pointer|
|m_axi_gmem_hidden_RRESP       |   in|    2|       m_axi|                         gmem_hidden|       pointer|
|m_axi_gmem_hidden_BVALID      |   in|    1|       m_axi|                         gmem_hidden|       pointer|
|m_axi_gmem_hidden_BREADY      |  out|    1|       m_axi|                         gmem_hidden|       pointer|
|m_axi_gmem_hidden_BRESP       |   in|    2|       m_axi|                         gmem_hidden|       pointer|
|m_axi_gmem_hidden_BID         |   in|    1|       m_axi|                         gmem_hidden|       pointer|
|m_axi_gmem_hidden_BUSER       |   in|    1|       m_axi|                         gmem_hidden|       pointer|
|m_axi_gmem_o_AWVALID          |  out|    1|       m_axi|                              gmem_o|       pointer|
|m_axi_gmem_o_AWREADY          |   in|    1|       m_axi|                              gmem_o|       pointer|
|m_axi_gmem_o_AWADDR           |  out|   64|       m_axi|                              gmem_o|       pointer|
|m_axi_gmem_o_AWID             |  out|    1|       m_axi|                              gmem_o|       pointer|
|m_axi_gmem_o_AWLEN            |  out|    8|       m_axi|                              gmem_o|       pointer|
|m_axi_gmem_o_AWSIZE           |  out|    3|       m_axi|                              gmem_o|       pointer|
|m_axi_gmem_o_AWBURST          |  out|    2|       m_axi|                              gmem_o|       pointer|
|m_axi_gmem_o_AWLOCK           |  out|    2|       m_axi|                              gmem_o|       pointer|
|m_axi_gmem_o_AWCACHE          |  out|    4|       m_axi|                              gmem_o|       pointer|
|m_axi_gmem_o_AWPROT           |  out|    3|       m_axi|                              gmem_o|       pointer|
|m_axi_gmem_o_AWQOS            |  out|    4|       m_axi|                              gmem_o|       pointer|
|m_axi_gmem_o_AWREGION         |  out|    4|       m_axi|                              gmem_o|       pointer|
|m_axi_gmem_o_AWUSER           |  out|    1|       m_axi|                              gmem_o|       pointer|
|m_axi_gmem_o_WVALID           |  out|    1|       m_axi|                              gmem_o|       pointer|
|m_axi_gmem_o_WREADY           |   in|    1|       m_axi|                              gmem_o|       pointer|
|m_axi_gmem_o_WDATA            |  out|  512|       m_axi|                              gmem_o|       pointer|
|m_axi_gmem_o_WSTRB            |  out|   64|       m_axi|                              gmem_o|       pointer|
|m_axi_gmem_o_WLAST            |  out|    1|       m_axi|                              gmem_o|       pointer|
|m_axi_gmem_o_WID              |  out|    1|       m_axi|                              gmem_o|       pointer|
|m_axi_gmem_o_WUSER            |  out|    1|       m_axi|                              gmem_o|       pointer|
|m_axi_gmem_o_ARVALID          |  out|    1|       m_axi|                              gmem_o|       pointer|
|m_axi_gmem_o_ARREADY          |   in|    1|       m_axi|                              gmem_o|       pointer|
|m_axi_gmem_o_ARADDR           |  out|   64|       m_axi|                              gmem_o|       pointer|
|m_axi_gmem_o_ARID             |  out|    1|       m_axi|                              gmem_o|       pointer|
|m_axi_gmem_o_ARLEN            |  out|    8|       m_axi|                              gmem_o|       pointer|
|m_axi_gmem_o_ARSIZE           |  out|    3|       m_axi|                              gmem_o|       pointer|
|m_axi_gmem_o_ARBURST          |  out|    2|       m_axi|                              gmem_o|       pointer|
|m_axi_gmem_o_ARLOCK           |  out|    2|       m_axi|                              gmem_o|       pointer|
|m_axi_gmem_o_ARCACHE          |  out|    4|       m_axi|                              gmem_o|       pointer|
|m_axi_gmem_o_ARPROT           |  out|    3|       m_axi|                              gmem_o|       pointer|
|m_axi_gmem_o_ARQOS            |  out|    4|       m_axi|                              gmem_o|       pointer|
|m_axi_gmem_o_ARREGION         |  out|    4|       m_axi|                              gmem_o|       pointer|
|m_axi_gmem_o_ARUSER           |  out|    1|       m_axi|                              gmem_o|       pointer|
|m_axi_gmem_o_RVALID           |   in|    1|       m_axi|                              gmem_o|       pointer|
|m_axi_gmem_o_RREADY           |  out|    1|       m_axi|                              gmem_o|       pointer|
|m_axi_gmem_o_RDATA            |   in|  512|       m_axi|                              gmem_o|       pointer|
|m_axi_gmem_o_RLAST            |   in|    1|       m_axi|                              gmem_o|       pointer|
|m_axi_gmem_o_RID              |   in|    1|       m_axi|                              gmem_o|       pointer|
|m_axi_gmem_o_RUSER            |   in|    1|       m_axi|                              gmem_o|       pointer|
|m_axi_gmem_o_RRESP            |   in|    2|       m_axi|                              gmem_o|       pointer|
|m_axi_gmem_o_BVALID           |   in|    1|       m_axi|                              gmem_o|       pointer|
|m_axi_gmem_o_BREADY           |  out|    1|       m_axi|                              gmem_o|       pointer|
|m_axi_gmem_o_BRESP            |   in|    2|       m_axi|                              gmem_o|       pointer|
|m_axi_gmem_o_BID              |   in|    1|       m_axi|                              gmem_o|       pointer|
|m_axi_gmem_o_BUSER            |   in|    1|       m_axi|                              gmem_o|       pointer|
|m_axi_gmem_norm_AWVALID       |  out|    1|       m_axi|                           gmem_norm|       pointer|
|m_axi_gmem_norm_AWREADY       |   in|    1|       m_axi|                           gmem_norm|       pointer|
|m_axi_gmem_norm_AWADDR        |  out|   64|       m_axi|                           gmem_norm|       pointer|
|m_axi_gmem_norm_AWID          |  out|    1|       m_axi|                           gmem_norm|       pointer|
|m_axi_gmem_norm_AWLEN         |  out|    8|       m_axi|                           gmem_norm|       pointer|
|m_axi_gmem_norm_AWSIZE        |  out|    3|       m_axi|                           gmem_norm|       pointer|
|m_axi_gmem_norm_AWBURST       |  out|    2|       m_axi|                           gmem_norm|       pointer|
|m_axi_gmem_norm_AWLOCK        |  out|    2|       m_axi|                           gmem_norm|       pointer|
|m_axi_gmem_norm_AWCACHE       |  out|    4|       m_axi|                           gmem_norm|       pointer|
|m_axi_gmem_norm_AWPROT        |  out|    3|       m_axi|                           gmem_norm|       pointer|
|m_axi_gmem_norm_AWQOS         |  out|    4|       m_axi|                           gmem_norm|       pointer|
|m_axi_gmem_norm_AWREGION      |  out|    4|       m_axi|                           gmem_norm|       pointer|
|m_axi_gmem_norm_AWUSER        |  out|    1|       m_axi|                           gmem_norm|       pointer|
|m_axi_gmem_norm_WVALID        |  out|    1|       m_axi|                           gmem_norm|       pointer|
|m_axi_gmem_norm_WREADY        |   in|    1|       m_axi|                           gmem_norm|       pointer|
|m_axi_gmem_norm_WDATA         |  out|  512|       m_axi|                           gmem_norm|       pointer|
|m_axi_gmem_norm_WSTRB         |  out|   64|       m_axi|                           gmem_norm|       pointer|
|m_axi_gmem_norm_WLAST         |  out|    1|       m_axi|                           gmem_norm|       pointer|
|m_axi_gmem_norm_WID           |  out|    1|       m_axi|                           gmem_norm|       pointer|
|m_axi_gmem_norm_WUSER         |  out|    1|       m_axi|                           gmem_norm|       pointer|
|m_axi_gmem_norm_ARVALID       |  out|    1|       m_axi|                           gmem_norm|       pointer|
|m_axi_gmem_norm_ARREADY       |   in|    1|       m_axi|                           gmem_norm|       pointer|
|m_axi_gmem_norm_ARADDR        |  out|   64|       m_axi|                           gmem_norm|       pointer|
|m_axi_gmem_norm_ARID          |  out|    1|       m_axi|                           gmem_norm|       pointer|
|m_axi_gmem_norm_ARLEN         |  out|    8|       m_axi|                           gmem_norm|       pointer|
|m_axi_gmem_norm_ARSIZE        |  out|    3|       m_axi|                           gmem_norm|       pointer|
|m_axi_gmem_norm_ARBURST       |  out|    2|       m_axi|                           gmem_norm|       pointer|
|m_axi_gmem_norm_ARLOCK        |  out|    2|       m_axi|                           gmem_norm|       pointer|
|m_axi_gmem_norm_ARCACHE       |  out|    4|       m_axi|                           gmem_norm|       pointer|
|m_axi_gmem_norm_ARPROT        |  out|    3|       m_axi|                           gmem_norm|       pointer|
|m_axi_gmem_norm_ARQOS         |  out|    4|       m_axi|                           gmem_norm|       pointer|
|m_axi_gmem_norm_ARREGION      |  out|    4|       m_axi|                           gmem_norm|       pointer|
|m_axi_gmem_norm_ARUSER        |  out|    1|       m_axi|                           gmem_norm|       pointer|
|m_axi_gmem_norm_RVALID        |   in|    1|       m_axi|                           gmem_norm|       pointer|
|m_axi_gmem_norm_RREADY        |  out|    1|       m_axi|                           gmem_norm|       pointer|
|m_axi_gmem_norm_RDATA         |   in|  512|       m_axi|                           gmem_norm|       pointer|
|m_axi_gmem_norm_RLAST         |   in|    1|       m_axi|                           gmem_norm|       pointer|
|m_axi_gmem_norm_RID           |   in|    1|       m_axi|                           gmem_norm|       pointer|
|m_axi_gmem_norm_RUSER         |   in|    1|       m_axi|                           gmem_norm|       pointer|
|m_axi_gmem_norm_RRESP         |   in|    2|       m_axi|                           gmem_norm|       pointer|
|m_axi_gmem_norm_BVALID        |   in|    1|       m_axi|                           gmem_norm|       pointer|
|m_axi_gmem_norm_BREADY        |  out|    1|       m_axi|                           gmem_norm|       pointer|
|m_axi_gmem_norm_BRESP         |   in|    2|       m_axi|                           gmem_norm|       pointer|
|m_axi_gmem_norm_BID           |   in|    1|       m_axi|                           gmem_norm|       pointer|
|m_axi_gmem_norm_BUSER         |   in|    1|       m_axi|                           gmem_norm|       pointer|
|m_axi_gmem_attn_mid_AWVALID   |  out|    1|       m_axi|                       gmem_attn_mid|       pointer|
|m_axi_gmem_attn_mid_AWREADY   |   in|    1|       m_axi|                       gmem_attn_mid|       pointer|
|m_axi_gmem_attn_mid_AWADDR    |  out|   64|       m_axi|                       gmem_attn_mid|       pointer|
|m_axi_gmem_attn_mid_AWID      |  out|    1|       m_axi|                       gmem_attn_mid|       pointer|
|m_axi_gmem_attn_mid_AWLEN     |  out|    8|       m_axi|                       gmem_attn_mid|       pointer|
|m_axi_gmem_attn_mid_AWSIZE    |  out|    3|       m_axi|                       gmem_attn_mid|       pointer|
|m_axi_gmem_attn_mid_AWBURST   |  out|    2|       m_axi|                       gmem_attn_mid|       pointer|
|m_axi_gmem_attn_mid_AWLOCK    |  out|    2|       m_axi|                       gmem_attn_mid|       pointer|
|m_axi_gmem_attn_mid_AWCACHE   |  out|    4|       m_axi|                       gmem_attn_mid|       pointer|
|m_axi_gmem_attn_mid_AWPROT    |  out|    3|       m_axi|                       gmem_attn_mid|       pointer|
|m_axi_gmem_attn_mid_AWQOS     |  out|    4|       m_axi|                       gmem_attn_mid|       pointer|
|m_axi_gmem_attn_mid_AWREGION  |  out|    4|       m_axi|                       gmem_attn_mid|       pointer|
|m_axi_gmem_attn_mid_AWUSER    |  out|    1|       m_axi|                       gmem_attn_mid|       pointer|
|m_axi_gmem_attn_mid_WVALID    |  out|    1|       m_axi|                       gmem_attn_mid|       pointer|
|m_axi_gmem_attn_mid_WREADY    |   in|    1|       m_axi|                       gmem_attn_mid|       pointer|
|m_axi_gmem_attn_mid_WDATA     |  out|  512|       m_axi|                       gmem_attn_mid|       pointer|
|m_axi_gmem_attn_mid_WSTRB     |  out|   64|       m_axi|                       gmem_attn_mid|       pointer|
|m_axi_gmem_attn_mid_WLAST     |  out|    1|       m_axi|                       gmem_attn_mid|       pointer|
|m_axi_gmem_attn_mid_WID       |  out|    1|       m_axi|                       gmem_attn_mid|       pointer|
|m_axi_gmem_attn_mid_WUSER     |  out|    1|       m_axi|                       gmem_attn_mid|       pointer|
|m_axi_gmem_attn_mid_ARVALID   |  out|    1|       m_axi|                       gmem_attn_mid|       pointer|
|m_axi_gmem_attn_mid_ARREADY   |   in|    1|       m_axi|                       gmem_attn_mid|       pointer|
|m_axi_gmem_attn_mid_ARADDR    |  out|   64|       m_axi|                       gmem_attn_mid|       pointer|
|m_axi_gmem_attn_mid_ARID      |  out|    1|       m_axi|                       gmem_attn_mid|       pointer|
|m_axi_gmem_attn_mid_ARLEN     |  out|    8|       m_axi|                       gmem_attn_mid|       pointer|
|m_axi_gmem_attn_mid_ARSIZE    |  out|    3|       m_axi|                       gmem_attn_mid|       pointer|
|m_axi_gmem_attn_mid_ARBURST   |  out|    2|       m_axi|                       gmem_attn_mid|       pointer|
|m_axi_gmem_attn_mid_ARLOCK    |  out|    2|       m_axi|                       gmem_attn_mid|       pointer|
|m_axi_gmem_attn_mid_ARCACHE   |  out|    4|       m_axi|                       gmem_attn_mid|       pointer|
|m_axi_gmem_attn_mid_ARPROT    |  out|    3|       m_axi|                       gmem_attn_mid|       pointer|
|m_axi_gmem_attn_mid_ARQOS     |  out|    4|       m_axi|                       gmem_attn_mid|       pointer|
|m_axi_gmem_attn_mid_ARREGION  |  out|    4|       m_axi|                       gmem_attn_mid|       pointer|
|m_axi_gmem_attn_mid_ARUSER    |  out|    1|       m_axi|                       gmem_attn_mid|       pointer|
|m_axi_gmem_attn_mid_RVALID    |   in|    1|       m_axi|                       gmem_attn_mid|       pointer|
|m_axi_gmem_attn_mid_RREADY    |  out|    1|       m_axi|                       gmem_attn_mid|       pointer|
|m_axi_gmem_attn_mid_RDATA     |   in|  512|       m_axi|                       gmem_attn_mid|       pointer|
|m_axi_gmem_attn_mid_RLAST     |   in|    1|       m_axi|                       gmem_attn_mid|       pointer|
|m_axi_gmem_attn_mid_RID       |   in|    1|       m_axi|                       gmem_attn_mid|       pointer|
|m_axi_gmem_attn_mid_RUSER     |   in|    1|       m_axi|                       gmem_attn_mid|       pointer|
|m_axi_gmem_attn_mid_RRESP     |   in|    2|       m_axi|                       gmem_attn_mid|       pointer|
|m_axi_gmem_attn_mid_BVALID    |   in|    1|       m_axi|                       gmem_attn_mid|       pointer|
|m_axi_gmem_attn_mid_BREADY    |  out|    1|       m_axi|                       gmem_attn_mid|       pointer|
|m_axi_gmem_attn_mid_BRESP     |   in|    2|       m_axi|                       gmem_attn_mid|       pointer|
|m_axi_gmem_attn_mid_BID       |   in|    1|       m_axi|                       gmem_attn_mid|       pointer|
|m_axi_gmem_attn_mid_BUSER     |   in|    1|       m_axi|                       gmem_attn_mid|       pointer|
|context_stream_TDATA          |   in|  512|        axis|                      context_stream|       pointer|
|context_stream_TVALID         |   in|    1|        axis|                      context_stream|       pointer|
|context_stream_TREADY         |  out|    1|        axis|                      context_stream|       pointer|
|attn_mid_stream_TDATA         |  out|  512|        axis|                     attn_mid_stream|       pointer|
|attn_mid_stream_TVALID        |  out|    1|        axis|                     attn_mid_stream|       pointer|
|attn_mid_stream_TREADY        |   in|    1|        axis|                     attn_mid_stream|       pointer|
|ffn_residual_stream_TDATA     |  out|  512|        axis|                 ffn_residual_stream|       pointer|
|ffn_residual_stream_TVALID    |  out|    1|        axis|                 ffn_residual_stream|       pointer|
|ffn_residual_stream_TREADY    |   in|    1|        axis|                 ffn_residual_stream|       pointer|
+------------------------------+-----+-----+------------+------------------------------------+--------------+

