

================================================================
== Vitis HLS Report for 'load_output_bias32'
================================================================
* Date:           Wed Jul 15 10:13:01 2026

* Version:        2022.1 (Build 3526262 on Mon Apr 18 15:47:01 MDT 2022)
* Project:        proj_bert_attn_out_norm_residual_kernel
* Solution:       solution1 (Vivado IP Flow Target)
* Product family: virtexuplus
* Target device:  xcu250-figd2104-2L-e


================================================================
== Performance Estimates
================================================================
+ Timing: 
    * Summary: 
    +--------+---------+----------+------------+
    |  Clock |  Target | Estimated| Uncertainty|
    +--------+---------+----------+------------+
    |ap_clk  |  3.33 ns|  2.433 ns|     0.90 ns|
    +--------+---------+----------+------------+

+ Latency: 
    * Summary: 
    +---------+---------+-----------+-----------+-----+-----+---------+
    |  Latency (cycles) |   Latency (absolute)  |  Interval | Pipeline|
    |   min   |   max   |    min    |    max    | min | max |   Type  |
    +---------+---------+-----------+-----------+-----+-----+---------+
    |       14|       14|  46.662 ns|  46.662 ns|   14|   14|       no|
    +---------+---------+-----------+-----------+-----+-----+---------+

    + Detail: 
        * Instance: 
        +----------------------------------------------------------+------------------------------------------------+---------+---------+-----------+-----------+-----+-----+---------+
        |                                                          |                                                |  Latency (cycles) |   Latency (absolute)  |  Interval | Pipeline|
        |                         Instance                         |                     Module                     |   min   |   max   |    min    |    max    | min | max |   Type  |
        +----------------------------------------------------------+------------------------------------------------+---------+---------+-----------+-----------+-----+-----+---------+
        |grp_load_output_bias32_Pipeline_LOAD_OUT_BIAS_PACK_fu_85  |load_output_bias32_Pipeline_LOAD_OUT_BIAS_PACK  |        5|        5|  16.665 ns|  16.665 ns|    5|    5|       no|
        +----------------------------------------------------------+------------------------------------------------+---------+---------+-----------+-----------+-----+-----+---------+

        * Loop: 
        N/A



================================================================
== Utilization Estimates
================================================================
* Summary: 
+---------------------+---------+-------+---------+---------+------+
|         Name        | BRAM_18K|  DSP  |    FF   |   LUT   | URAM |
+---------------------+---------+-------+---------+---------+------+
|DSP                  |        -|      -|        -|        -|     -|
|Expression           |        -|      -|        0|       71|     -|
|FIFO                 |        -|      -|        -|        -|     -|
|Instance             |        -|      -|      524|       70|     -|
|Memory               |        -|      -|        -|        -|     -|
|Multiplexer          |        -|      -|        -|      200|     -|
|Register             |        -|      -|       69|        -|     -|
+---------------------+---------+-------+---------+---------+------+
|Total                |        0|      0|      593|      341|     0|
+---------------------+---------+-------+---------+---------+------+
|Available SLR        |     1344|   3072|   864000|   432000|   320|
+---------------------+---------+-------+---------+---------+------+
|Utilization SLR (%)  |        0|      0|       ~0|       ~0|     0|
+---------------------+---------+-------+---------+---------+------+
|Available            |     5376|  12288|  3456000|  1728000|  1280|
+---------------------+---------+-------+---------+---------+------+
|Utilization (%)      |        0|      0|       ~0|       ~0|     0|
+---------------------+---------+-------+---------+---------+------+

+ Detail: 
    * Instance: 
    +----------------------------------------------------------+------------------------------------------------+---------+----+-----+----+-----+
    |                         Instance                         |                     Module                     | BRAM_18K| DSP|  FF | LUT| URAM|
    +----------------------------------------------------------+------------------------------------------------+---------+----+-----+----+-----+
    |grp_load_output_bias32_Pipeline_LOAD_OUT_BIAS_PACK_fu_85  |load_output_bias32_Pipeline_LOAD_OUT_BIAS_PACK  |        0|   0|  524|  70|    0|
    +----------------------------------------------------------+------------------------------------------------+---------+----+-----+----+-----+
    |Total                                                     |                                                |        0|   0|  524|  70|    0|
    +----------------------------------------------------------+------------------------------------------------+---------+----+-----+----+-----+

    * DSP: 
    N/A

    * Memory: 
    N/A

    * FIFO: 
    N/A

    * Expression: 
    +--------------------+----------+----+---+----+------------+------------+
    |    Variable Name   | Operation| DSP| FF| LUT| Bitwidth P0| Bitwidth P1|
    +--------------------+----------+----+---+----+------------+------------+
    |add_ln56_fu_130_p2  |         +|   0|  0|  71|          64|          64|
    +--------------------+----------+----+---+----+------------+------------+
    |Total               |          |   0|  0|  71|          64|          64|
    +--------------------+----------+----+---+----+------------+------------+

    * Multiplexer: 
    +-----------------------+----+-----------+-----+-----------+
    |          Name         | LUT| Input Size| Bits| Total Bits|
    +-----------------------+----+-----------+-----+-----------+
    |ap_NS_fsm              |  59|         11|    1|         11|
    |gmem_o_blk_n_AR        |   9|          2|    1|          2|
    |m_axi_gmem_o_ARADDR    |  14|          3|   64|        192|
    |m_axi_gmem_o_ARBURST   |   9|          2|    2|          4|
    |m_axi_gmem_o_ARCACHE   |   9|          2|    4|          8|
    |m_axi_gmem_o_ARID      |   9|          2|    1|          2|
    |m_axi_gmem_o_ARLEN     |  14|          3|   32|         96|
    |m_axi_gmem_o_ARLOCK    |   9|          2|    2|          4|
    |m_axi_gmem_o_ARPROT    |   9|          2|    3|          6|
    |m_axi_gmem_o_ARQOS     |   9|          2|    4|          8|
    |m_axi_gmem_o_ARREGION  |   9|          2|    4|          8|
    |m_axi_gmem_o_ARSIZE    |   9|          2|    3|          6|
    |m_axi_gmem_o_ARUSER    |   9|          2|    1|          2|
    |m_axi_gmem_o_ARVALID   |  14|          3|    1|          3|
    |m_axi_gmem_o_RREADY    |   9|          2|    1|          2|
    +-----------------------+----+-----------+-----+-----------+
    |Total                  | 200|         42|  124|        354|
    +-----------------------+----+-----------+-----+-----------+

    * Register: 
    +-----------------------------------------------------------------------+----+----+-----+-----------+
    |                                  Name                                 | FF | LUT| Bits| Const Bits|
    +-----------------------------------------------------------------------+----+----+-----+-----------+
    |ap_CS_fsm                                                              |  10|   0|   10|          0|
    |grp_load_output_bias32_Pipeline_LOAD_OUT_BIAS_PACK_fu_85_ap_start_reg  |   1|   0|    1|          0|
    |trunc_ln_reg_156                                                       |  58|   0|   58|          0|
    +-----------------------------------------------------------------------+----+----+-----+-----------+
    |Total                                                                  |  69|   0|   69|          0|
    +-----------------------------------------------------------------------+----+----+-----+-----------+



================================================================
== Interface
================================================================
* Summary: 
+-----------------------+-----+-----+------------+--------------------+--------------+
|       RTL Ports       | Dir | Bits|  Protocol  |    Source Object   |    C Type    |
+-----------------------+-----+-----+------------+--------------------+--------------+
|ap_clk                 |   in|    1|  ap_ctrl_hs|  load_output_bias32|  return value|
|ap_rst                 |   in|    1|  ap_ctrl_hs|  load_output_bias32|  return value|
|ap_start               |   in|    1|  ap_ctrl_hs|  load_output_bias32|  return value|
|ap_done                |  out|    1|  ap_ctrl_hs|  load_output_bias32|  return value|
|ap_idle                |  out|    1|  ap_ctrl_hs|  load_output_bias32|  return value|
|ap_ready               |  out|    1|  ap_ctrl_hs|  load_output_bias32|  return value|
|m_axi_gmem_o_AWVALID   |  out|    1|       m_axi|              gmem_o|       pointer|
|m_axi_gmem_o_AWREADY   |   in|    1|       m_axi|              gmem_o|       pointer|
|m_axi_gmem_o_AWADDR    |  out|   64|       m_axi|              gmem_o|       pointer|
|m_axi_gmem_o_AWID      |  out|    1|       m_axi|              gmem_o|       pointer|
|m_axi_gmem_o_AWLEN     |  out|   32|       m_axi|              gmem_o|       pointer|
|m_axi_gmem_o_AWSIZE    |  out|    3|       m_axi|              gmem_o|       pointer|
|m_axi_gmem_o_AWBURST   |  out|    2|       m_axi|              gmem_o|       pointer|
|m_axi_gmem_o_AWLOCK    |  out|    2|       m_axi|              gmem_o|       pointer|
|m_axi_gmem_o_AWCACHE   |  out|    4|       m_axi|              gmem_o|       pointer|
|m_axi_gmem_o_AWPROT    |  out|    3|       m_axi|              gmem_o|       pointer|
|m_axi_gmem_o_AWQOS     |  out|    4|       m_axi|              gmem_o|       pointer|
|m_axi_gmem_o_AWREGION  |  out|    4|       m_axi|              gmem_o|       pointer|
|m_axi_gmem_o_AWUSER    |  out|    1|       m_axi|              gmem_o|       pointer|
|m_axi_gmem_o_WVALID    |  out|    1|       m_axi|              gmem_o|       pointer|
|m_axi_gmem_o_WREADY    |   in|    1|       m_axi|              gmem_o|       pointer|
|m_axi_gmem_o_WDATA     |  out|  512|       m_axi|              gmem_o|       pointer|
|m_axi_gmem_o_WSTRB     |  out|   64|       m_axi|              gmem_o|       pointer|
|m_axi_gmem_o_WLAST     |  out|    1|       m_axi|              gmem_o|       pointer|
|m_axi_gmem_o_WID       |  out|    1|       m_axi|              gmem_o|       pointer|
|m_axi_gmem_o_WUSER     |  out|    1|       m_axi|              gmem_o|       pointer|
|m_axi_gmem_o_ARVALID   |  out|    1|       m_axi|              gmem_o|       pointer|
|m_axi_gmem_o_ARREADY   |   in|    1|       m_axi|              gmem_o|       pointer|
|m_axi_gmem_o_ARADDR    |  out|   64|       m_axi|              gmem_o|       pointer|
|m_axi_gmem_o_ARID      |  out|    1|       m_axi|              gmem_o|       pointer|
|m_axi_gmem_o_ARLEN     |  out|   32|       m_axi|              gmem_o|       pointer|
|m_axi_gmem_o_ARSIZE    |  out|    3|       m_axi|              gmem_o|       pointer|
|m_axi_gmem_o_ARBURST   |  out|    2|       m_axi|              gmem_o|       pointer|
|m_axi_gmem_o_ARLOCK    |  out|    2|       m_axi|              gmem_o|       pointer|
|m_axi_gmem_o_ARCACHE   |  out|    4|       m_axi|              gmem_o|       pointer|
|m_axi_gmem_o_ARPROT    |  out|    3|       m_axi|              gmem_o|       pointer|
|m_axi_gmem_o_ARQOS     |  out|    4|       m_axi|              gmem_o|       pointer|
|m_axi_gmem_o_ARREGION  |  out|    4|       m_axi|              gmem_o|       pointer|
|m_axi_gmem_o_ARUSER    |  out|    1|       m_axi|              gmem_o|       pointer|
|m_axi_gmem_o_RVALID    |   in|    1|       m_axi|              gmem_o|       pointer|
|m_axi_gmem_o_RREADY    |  out|    1|       m_axi|              gmem_o|       pointer|
|m_axi_gmem_o_RDATA     |   in|  512|       m_axi|              gmem_o|       pointer|
|m_axi_gmem_o_RLAST     |   in|    1|       m_axi|              gmem_o|       pointer|
|m_axi_gmem_o_RID       |   in|    1|       m_axi|              gmem_o|       pointer|
|m_axi_gmem_o_RFIFONUM  |   in|    9|       m_axi|              gmem_o|       pointer|
|m_axi_gmem_o_RUSER     |   in|    1|       m_axi|              gmem_o|       pointer|
|m_axi_gmem_o_RRESP     |   in|    2|       m_axi|              gmem_o|       pointer|
|m_axi_gmem_o_BVALID    |   in|    1|       m_axi|              gmem_o|       pointer|
|m_axi_gmem_o_BREADY    |  out|    1|       m_axi|              gmem_o|       pointer|
|m_axi_gmem_o_BRESP     |   in|    2|       m_axi|              gmem_o|       pointer|
|m_axi_gmem_o_BID       |   in|    1|       m_axi|              gmem_o|       pointer|
|m_axi_gmem_o_BUSER     |   in|    1|       m_axi|              gmem_o|       pointer|
|bias                   |   in|   64|     ap_none|                bias|        scalar|
|out_base               |   in|   10|     ap_none|            out_base|        scalar|
|bias_tile_0_address0   |  out|    2|   ap_memory|         bias_tile_0|         array|
|bias_tile_0_ce0        |  out|    1|   ap_memory|         bias_tile_0|         array|
|bias_tile_0_we0        |  out|    1|   ap_memory|         bias_tile_0|         array|
|bias_tile_0_d0         |  out|   32|   ap_memory|         bias_tile_0|         array|
|bias_tile_0_address1   |  out|    2|   ap_memory|         bias_tile_0|         array|
|bias_tile_0_ce1        |  out|    1|   ap_memory|         bias_tile_0|         array|
|bias_tile_0_we1        |  out|    1|   ap_memory|         bias_tile_0|         array|
|bias_tile_0_d1         |  out|   32|   ap_memory|         bias_tile_0|         array|
|bias_tile_1_address0   |  out|    2|   ap_memory|         bias_tile_1|         array|
|bias_tile_1_ce0        |  out|    1|   ap_memory|         bias_tile_1|         array|
|bias_tile_1_we0        |  out|    1|   ap_memory|         bias_tile_1|         array|
|bias_tile_1_d0         |  out|   32|   ap_memory|         bias_tile_1|         array|
|bias_tile_1_address1   |  out|    2|   ap_memory|         bias_tile_1|         array|
|bias_tile_1_ce1        |  out|    1|   ap_memory|         bias_tile_1|         array|
|bias_tile_1_we1        |  out|    1|   ap_memory|         bias_tile_1|         array|
|bias_tile_1_d1         |  out|   32|   ap_memory|         bias_tile_1|         array|
|bias_tile_2_address0   |  out|    2|   ap_memory|         bias_tile_2|         array|
|bias_tile_2_ce0        |  out|    1|   ap_memory|         bias_tile_2|         array|
|bias_tile_2_we0        |  out|    1|   ap_memory|         bias_tile_2|         array|
|bias_tile_2_d0         |  out|   32|   ap_memory|         bias_tile_2|         array|
|bias_tile_2_address1   |  out|    2|   ap_memory|         bias_tile_2|         array|
|bias_tile_2_ce1        |  out|    1|   ap_memory|         bias_tile_2|         array|
|bias_tile_2_we1        |  out|    1|   ap_memory|         bias_tile_2|         array|
|bias_tile_2_d1         |  out|   32|   ap_memory|         bias_tile_2|         array|
|bias_tile_3_address0   |  out|    2|   ap_memory|         bias_tile_3|         array|
|bias_tile_3_ce0        |  out|    1|   ap_memory|         bias_tile_3|         array|
|bias_tile_3_we0        |  out|    1|   ap_memory|         bias_tile_3|         array|
|bias_tile_3_d0         |  out|   32|   ap_memory|         bias_tile_3|         array|
|bias_tile_3_address1   |  out|    2|   ap_memory|         bias_tile_3|         array|
|bias_tile_3_ce1        |  out|    1|   ap_memory|         bias_tile_3|         array|
|bias_tile_3_we1        |  out|    1|   ap_memory|         bias_tile_3|         array|
|bias_tile_3_d1         |  out|   32|   ap_memory|         bias_tile_3|         array|
|bias_tile_4_address0   |  out|    2|   ap_memory|         bias_tile_4|         array|
|bias_tile_4_ce0        |  out|    1|   ap_memory|         bias_tile_4|         array|
|bias_tile_4_we0        |  out|    1|   ap_memory|         bias_tile_4|         array|
|bias_tile_4_d0         |  out|   32|   ap_memory|         bias_tile_4|         array|
|bias_tile_4_address1   |  out|    2|   ap_memory|         bias_tile_4|         array|
|bias_tile_4_ce1        |  out|    1|   ap_memory|         bias_tile_4|         array|
|bias_tile_4_we1        |  out|    1|   ap_memory|         bias_tile_4|         array|
|bias_tile_4_d1         |  out|   32|   ap_memory|         bias_tile_4|         array|
|bias_tile_5_address0   |  out|    2|   ap_memory|         bias_tile_5|         array|
|bias_tile_5_ce0        |  out|    1|   ap_memory|         bias_tile_5|         array|
|bias_tile_5_we0        |  out|    1|   ap_memory|         bias_tile_5|         array|
|bias_tile_5_d0         |  out|   32|   ap_memory|         bias_tile_5|         array|
|bias_tile_5_address1   |  out|    2|   ap_memory|         bias_tile_5|         array|
|bias_tile_5_ce1        |  out|    1|   ap_memory|         bias_tile_5|         array|
|bias_tile_5_we1        |  out|    1|   ap_memory|         bias_tile_5|         array|
|bias_tile_5_d1         |  out|   32|   ap_memory|         bias_tile_5|         array|
|bias_tile_6_address0   |  out|    2|   ap_memory|         bias_tile_6|         array|
|bias_tile_6_ce0        |  out|    1|   ap_memory|         bias_tile_6|         array|
|bias_tile_6_we0        |  out|    1|   ap_memory|         bias_tile_6|         array|
|bias_tile_6_d0         |  out|   32|   ap_memory|         bias_tile_6|         array|
|bias_tile_6_address1   |  out|    2|   ap_memory|         bias_tile_6|         array|
|bias_tile_6_ce1        |  out|    1|   ap_memory|         bias_tile_6|         array|
|bias_tile_6_we1        |  out|    1|   ap_memory|         bias_tile_6|         array|
|bias_tile_6_d1         |  out|   32|   ap_memory|         bias_tile_6|         array|
|bias_tile_7_address0   |  out|    2|   ap_memory|         bias_tile_7|         array|
|bias_tile_7_ce0        |  out|    1|   ap_memory|         bias_tile_7|         array|
|bias_tile_7_we0        |  out|    1|   ap_memory|         bias_tile_7|         array|
|bias_tile_7_d0         |  out|   32|   ap_memory|         bias_tile_7|         array|
|bias_tile_7_address1   |  out|    2|   ap_memory|         bias_tile_7|         array|
|bias_tile_7_ce1        |  out|    1|   ap_memory|         bias_tile_7|         array|
|bias_tile_7_we1        |  out|    1|   ap_memory|         bias_tile_7|         array|
|bias_tile_7_d1         |  out|   32|   ap_memory|         bias_tile_7|         array|
+-----------------------+-----+-----+------------+--------------------+--------------+

