

================================================================
== Vitis HLS Report for 'read_context_group'
================================================================
* Date:           Wed Jul 15 10:13:01 2026

* Version:        2022.1 (Build 3526262 on Mon Apr 18 15:47:01 MDT 2022)
* Project:        proj_bert_attn_out_norm_residual_kernel
* Solution:       solution1 (Vivado IP Flow Target)
* Product family: virtexuplus
* Target device:  xcu250-figd2104-2L-e


================================================================
== Performance Estimates
================================================================
+ Timing: 
    * Summary: 
    +--------+---------+----------+------------+
    |  Clock |  Target | Estimated| Uncertainty|
    +--------+---------+----------+------------+
    |ap_clk  |  3.33 ns|  1.996 ns|     0.90 ns|
    +--------+---------+----------+------------+

+ Latency: 
    * Summary: 
    +---------+---------+----------+----------+------+------+---------+
    |  Latency (cycles) |  Latency (absolute) |   Interval  | Pipeline|
    |   min   |   max   |    min   |    max   |  min |  max |   Type  |
    +---------+---------+----------+----------+------+------+---------+
    |     2050|     2050|  6.833 us|  6.833 us|  2050|  2050|       no|
    +---------+---------+----------+----------+------+------+---------+

    + Detail: 
        * Instance: 
        N/A

        * Loop: 
        +--------------------------------------------------+---------+---------+----------+-----------+-----------+------+----------+
        |                                                  |  Latency (cycles) | Iteration|  Initiation Interval  | Trip |          |
        |                     Loop Name                    |   min   |   max   |  Latency |  achieved |   target  | Count| Pipelined|
        +--------------------------------------------------+---------+---------+----------+-----------+-----------+------+----------+
        |- READ_CONTEXT_GROUP_ROW_READ_CONTEXT_GROUP_PACK  |     2048|     2048|         3|          2|          1|  1024|       yes|
        +--------------------------------------------------+---------+---------+----------+-----------+-----------+------+----------+



================================================================
== Utilization Estimates
================================================================
* Summary: 
+---------------------+---------+-------+---------+---------+------+
|         Name        | BRAM_18K|  DSP  |    FF   |   LUT   | URAM |
+---------------------+---------+-------+---------+---------+------+
|DSP                  |        -|      -|        -|        -|     -|
|Expression           |        -|      -|        0|       88|     -|
|FIFO                 |        -|      -|        -|        -|     -|
|Instance             |        -|      -|        -|        -|     -|
|Memory               |        -|      -|        -|        -|     -|
|Multiplexer          |        -|      -|        -|      141|     -|
|Register             |        -|      -|      301|        -|     -|
+---------------------+---------+-------+---------+---------+------+
|Total                |        0|      0|      301|      229|     0|
+---------------------+---------+-------+---------+---------+------+
|Available SLR        |     1344|   3072|   864000|   432000|   320|
+---------------------+---------+-------+---------+---------+------+
|Utilization SLR (%)  |        0|      0|       ~0|       ~0|     0|
+---------------------+---------+-------+---------+---------+------+
|Available            |     5376|  12288|  3456000|  1728000|  1280|
+---------------------+---------+-------+---------+---------+------+
|Utilization (%)      |        0|      0|       ~0|       ~0|     0|
+---------------------+---------+-------+---------+---------+------+

+ Detail: 
    * Instance: 
    N/A

    * DSP: 
    N/A

    * Memory: 
    N/A

    * FIFO: 
    N/A

    * Expression: 
    +----------------------------------+----------+----+---+----+------------+------------+
    |           Variable Name          | Operation| DSP| FF| LUT| Bitwidth P0| Bitwidth P1|
    +----------------------------------+----------+----+---+----+------------+------------+
    |add_ln33_1_fu_137_p2              |         +|   0|  0|  18|          11|           1|
    |add_ln33_fu_149_p2                |         +|   0|  0|  15|           8|           1|
    |add_ln35_fu_222_p2                |         +|   0|  0|  12|           4|           1|
    |ap_block_pp0_stage1_11001         |       and|   0|  0|   2|           1|           1|
    |ap_block_state2_pp0_stage1_iter0  |       and|   0|  0|   2|           1|           1|
    |icmp_ln33_fu_131_p2               |      icmp|   0|  0|  12|          11|          12|
    |icmp_ln35_fu_155_p2               |      icmp|   0|  0|   9|           4|           5|
    |or_ln43_fu_238_p2                 |        or|   0|  0|   4|           4|           1|
    |select_ln33_1_fu_161_p3           |    select|   0|  0|   8|           1|           8|
    |select_ln33_fu_183_p3             |    select|   0|  0|   4|           1|           1|
    |ap_enable_pp0                     |       xor|   0|  0|   2|           1|           2|
    +----------------------------------+----------+----+---+----+------------+------------+
    |Total                             |          |   0|  0|  88|          47|          34|
    +----------------------------------+----------+----+---+----+------------+------------+

    * Multiplexer: 
    +--------------------------------------+----+-----------+-----+-----------+
    |                 Name                 | LUT| Input Size| Bits| Total Bits|
    +--------------------------------------+----+-----------+-----+-----------+
    |ap_NS_fsm                             |  14|          3|    1|          3|
    |ap_done_int                           |   9|          2|    1|          2|
    |ap_enable_reg_pp0_iter0               |   9|          2|    1|          2|
    |ap_enable_reg_pp0_iter0_reg           |   9|          2|    1|          2|
    |ap_enable_reg_pp0_iter1               |   9|          2|    1|          2|
    |ap_sig_allocacmp_indvar_flatten_load  |   9|          2|   11|         22|
    |ap_sig_allocacmp_p_load               |   9|          2|    4|          8|
    |ap_sig_allocacmp_s_load               |   9|          2|    8|         16|
    |context_group_address1                |  14|          3|   11|         33|
    |context_group_d1                      |  14|          3|  256|        768|
    |context_stream_TDATA_blk_n            |   9|          2|    1|          2|
    |indvar_flatten_fu_78                  |   9|          2|   11|         22|
    |p_fu_70                               |   9|          2|    4|          8|
    |s_fu_74                               |   9|          2|    8|         16|
    +--------------------------------------+----+-----------+-----+-----------+
    |Total                                 | 141|         31|  319|        906|
    +--------------------------------------+----+-----------+-----+-----------+

    * Register: 
    +-----------------------------+-----+----+-----+-----------+
    |             Name            |  FF | LUT| Bits| Const Bits|
    +-----------------------------+-----+----+-----+-----------+
    |ap_CS_fsm                    |    2|   0|    2|          0|
    |ap_done_reg                  |    1|   0|    1|          0|
    |ap_enable_reg_pp0_iter0_reg  |    1|   0|    1|          0|
    |ap_enable_reg_pp0_iter1      |    1|   0|    1|          0|
    |icmp_ln33_reg_277            |    1|   0|    1|          0|
    |icmp_ln35_reg_286            |    1|   0|    1|          0|
    |indvar_flatten_fu_78         |   11|   0|   11|          0|
    |p_fu_70                      |    4|   0|    4|          0|
    |p_load_reg_281               |    4|   0|    4|          0|
    |s_fu_74                      |    8|   0|    8|          0|
    |select_ln33_reg_297          |    4|   0|    4|          0|
    |tmp_90_reg_302               |  256|   0|  256|          0|
    |trunc_ln36_reg_291           |    7|   0|    7|          0|
    +-----------------------------+-----+----+-----+-----------+
    |Total                        |  301|   0|  301|          0|
    +-----------------------------+-----+----+-----+-----------+



================================================================
== Interface
================================================================
* Summary: 
+------------------------+-----+-----+------------+--------------------+--------------+
|        RTL Ports       | Dir | Bits|  Protocol  |    Source Object   |    C Type    |
+------------------------+-----+-----+------------+--------------------+--------------+
|ap_clk                  |   in|    1|  ap_ctrl_hs|  read_context_group|  return value|
|ap_rst                  |   in|    1|  ap_ctrl_hs|  read_context_group|  return value|
|ap_start                |   in|    1|  ap_ctrl_hs|  read_context_group|  return value|
|ap_done                 |  out|    1|  ap_ctrl_hs|  read_context_group|  return value|
|ap_idle                 |  out|    1|  ap_ctrl_hs|  read_context_group|  return value|
|ap_ready                |  out|    1|  ap_ctrl_hs|  read_context_group|  return value|
|context_stream_TVALID   |   in|    1|        axis|      context_stream|       pointer|
|context_stream_TDATA    |   in|  512|        axis|      context_stream|       pointer|
|context_stream_TREADY   |  out|    1|        axis|      context_stream|       pointer|
|context_group_address1  |  out|   11|   ap_memory|       context_group|         array|
|context_group_ce1       |  out|    1|   ap_memory|       context_group|         array|
|context_group_we1       |  out|    1|   ap_memory|       context_group|         array|
|context_group_d1        |  out|  256|   ap_memory|       context_group|         array|
+------------------------+-----+-----+------------+--------------------+--------------+

