

================================================================
== Synthesis Summary Report of 'bert_attn_out_norm_kernel'
================================================================
+ General Information: 
    * Date:           Sun Jul 12 10:22:35 2026
    * Version:        2022.1 (Build 3526262 on Mon Apr 18 15:47:01 MDT 2022)
    * Project:        proj_bert_attn_out_norm_kernel
    * Solution:       solution1 (Vivado IP Flow Target)
    * Product family: virtexuplus
    * Target device:  xcu250-figd2104-2L-e
    

+ Performance & Resource Estimates: 
    
    PS: '+' for module; 'o' for loop; '*' for dataflow
    +-----------------------------------------------------------------------------+--------+-------+---------+-----------+----------+---------+------+----------+----------+----------+-------------+-------------+---------+
    |                                   Modules                                   |  Issue |       | Latency |  Latency  | Iteration|         | Trip |          |          |          |             |             |         |
    |                                   & Loops                                   |  Type  | Slack | (cycles)|    (ns)   |  Latency | Interval| Count| Pipelined|   BRAM   |    DSP   |      FF     |     LUT     |   URAM  |
    +-----------------------------------------------------------------------------+--------+-------+---------+-----------+----------+---------+------+----------+----------+----------+-------------+-------------+---------+
    |+ bert_attn_out_norm_kernel                                                  |  Timing|  -0.04|  2549842|  8.499e+06|         -|  2549843|     -|        no|  16 (~0%)|  201 (1%)|   79557 (2%)|   78764 (4%)|  32 (2%)|
    | + load_residual                                                             |  Timing|  -0.00|     6155|  2.051e+04|         -|     6155|     -|        no|         -|         -|    626 (~0%)|    382 (~0%)|        -|
    |  + load_residual_Pipeline_LOAD_RESIDUAL_ROW_LOAD_RESIDUAL_PACK              |  Timing|  -0.00|     6147|  2.049e+04|         -|     6147|     -|        no|         -|         -|    558 (~0%)|    187 (~0%)|        -|
    |   o LOAD_RESIDUAL_ROW_LOAD_RESIDUAL_PACK                                    |       -|   2.43|     6145|  2.048e+04|         3|        1|  6144|       yes|         -|         -|            -|            -|        -|
    | + initialize_projection                                                     |  Timing|  -0.00|    12793|  4.264e+04|         -|    12793|     -|        no|         -|         -|   1173 (~0%)|   1291 (~0%)|        -|
    |  o INIT_PROJECTION_TILE                                                     |       -|   2.43|    12792|  4.264e+04|       533|        -|    24|        no|         -|         -|            -|            -|        -|
    |   + load_output_bias32                                                      |  Timing|  -0.00|       14|     46.662|         -|       14|     -|        no|         -|         -|    593 (~0%)|    341 (~0%)|        -|
    |    + load_output_bias32_Pipeline_LOAD_OUT_BIAS_PACK                         |  Timing|  -0.00|        5|     16.665|         -|        5|     -|        no|         -|         -|    524 (~0%)|     70 (~0%)|        -|
    |     o LOAD_OUT_BIAS_PACK                                                    |       -|   2.43|        3|      9.999|         3|        1|     2|       yes|         -|         -|            -|            -|        -|
    |   + initialize_projection_Pipeline_INIT_PROJECTION_ROW_INIT_PROJECTION_OUT  |       -|   0.66|      515|  1.716e+03|         -|      515|     -|        no|         -|         -|    302 (~0%)|    167 (~0%)|        -|
    |    o INIT_PROJECTION_ROW_INIT_PROJECTION_OUT                                |       -|   2.43|      513|  1.710e+03|         3|        1|   512|       yes|         -|         -|            -|            -|        -|
    | + residual_norm_and_write                                                   |  Timing|  -0.04|    58225|  1.941e+05|         -|    58225|     -|        no|  16 (~0%)|   9 (~0%)|  12217 (~0%)|   7332 (~0%)|        -|
    |  + load_norm_parameters                                                     |  Timing|  -0.00|      106|    353.298|         -|      106|     -|        no|         -|         -|   1302 (~0%)|    363 (~0%)|        -|
    |   o LOAD_NORM_PACK                                                          |      II|   2.43|      104|    346.632|        11|        2|    48|       yes|         -|         -|            -|            -|        -|
    |  o NORM_ROW                                                                 |       -|   2.43|    58112|  1.937e+05|       454|        -|   128|        no|         -|         -|            -|            -|        -|
    |   + residual_norm_and_write_Pipeline_NORM_REDUCE_PACK                       |  Timing|  -0.04|      211|    703.263|         -|      211|     -|        no|         -|         -|   5143 (~0%)|   4354 (~0%)|        -|
    |    o NORM_REDUCE_PACK                                                       |      II|   2.43|      209|    696.597|        22|        4|    48|       yes|         -|         -|            -|            -|        -|
    |   + residual_norm_and_write_Pipeline_NORM_BANK_REDUCE                       |       -|   0.09|      116|    386.628|         -|      116|     -|        no|         -|         -|    176 (~0%)|    315 (~0%)|        -|
    |    o NORM_BANK_REDUCE                                                       |      II|   2.43|      114|    379.962|        10|        7|    16|       yes|         -|         -|            -|            -|        -|
    |   + residual_norm_and_write_Pipeline_NORM_WRITE_PACK                        |  Timing|  -0.00|       82|    273.306|         -|       82|     -|        no|         -|         -|   4926 (~0%)|    252 (~0%)|        -|
    |    o NORM_WRITE_PACK                                                        |       -|   2.43|       80|    266.640|        33|        1|    48|       yes|         -|         -|            -|            -|        -|
    | o PROJECT_CONTEXT_GROUP                                                     |       -|   2.43|  2478804|  8.262e+06|    413134|        -|     6|        no|         -|         -|            -|            -|        -|
    |  + read_context_group                                                       |       -|   0.43|     2050|  6.833e+03|         -|     2050|     -|        no|         -|         -|    301 (~0%)|    229 (~0%)|        -|
    |   o READ_CONTEXT_GROUP_ROW_READ_CONTEXT_GROUP_PACK                          |      II|   2.43|     2048|  6.826e+03|         3|        2|  1024|       yes|         -|         -|            -|            -|        -|
    |  + accumulate_projection_group                                              |  Timing|  -0.00|   411080|  1.370e+06|         -|   411080|     -|        no|         -|         -|  25036 (~0%)|  16565 (~0%)|        -|
    |   o ACCUMULATE_OUTPUT_TILE_ACCUMULATE_INPUT_PACK                            |       -|   2.43|   411072|  1.370e+06|      2141|        -|   192|        no|         -|         -|            -|            -|        -|
    |    + accumulate_projection_group_Pipeline_LOAD_OUT_WEIGHT                   |  Timing|  -0.00|       35|    116.655|         -|       35|     -|        no|         -|         -|    534 (~0%)|     74 (~0%)|        -|
    |     o LOAD_OUT_WEIGHT                                                       |       -|   2.43|       33|    109.989|         3|        1|    32|       yes|         -|         -|            -|            -|        -|
    |    + accumulate_projection_group_Pipeline_ACCUMULATE_ROW_BLOCK              |       -|   0.09|     2102|  7.006e+03|         -|     2102|     -|        no|         -|         -|  20305 (~0%)|   6411 (~0%)|        -|
    |     o ACCUMULATE_ROW_BLOCK                                                  |       -|   2.43|     2100|  6.999e+03|        57|        4|   512|       yes|         -|         -|            -|            -|        -|
    +-----------------------------------------------------------------------------+--------+-------+---------+-----------+----------+---------+------+----------+----------+----------+-------------+-------------+---------+


================================================================
== HW Interfaces
================================================================
* M_AXI
+---------------------+------------+---------------+---------+--------+----------+-----------+--------------+--------------+-------------+-------------+
| Interface           | Data Width | Address Width | Latency | Offset | Register | Max Widen | Max Read     | Max Write    | Num Read    | Num Write   |
|                     | (SW->HW)   |               |         |        |          | Bitwidth  | Burst Length | Burst Length | Outstanding | Outstanding |
+---------------------+------------+---------------+---------+--------+----------+-----------+--------------+--------------+-------------+-------------+
| m_axi_gmem_attn_mid | 512 -> 512 | 64            | 0       | slave  | 0        | 0         | 16           | 16           | 16          | 16          |
| m_axi_gmem_hidden   | 512 -> 512 | 64            | 0       | slave  | 0        | 0         | 16           | 16           | 16          | 16          |
| m_axi_gmem_norm     | 512 -> 512 | 64            | 0       | slave  | 0        | 0         | 16           | 16           | 16          | 16          |
| m_axi_gmem_o        | 512 -> 512 | 64            | 0       | slave  | 0        | 0         | 16           | 16           | 16          | 16          |
+---------------------+------------+---------------+---------+--------+----------+-----------+--------------+--------------+-------------+-------------+

* S_AXILITE Interfaces
+---------------+------------+---------------+--------+----------+
| Interface     | Data Width | Address Width | Offset | Register |
+---------------+------------+---------------+--------+----------+
| s_axi_control | 32         | 7             | 16     | 0        |
+---------------+------------+---------------+--------+----------+

* S_AXILITE Registers
+---------------+-----------------------+--------+-------+--------+------------------------------------+----------------------------------------------------------------------+
| Interface     | Register              | Offset | Width | Access | Description                        | Bit Fields                                                           |
+---------------+-----------------------+--------+-------+--------+------------------------------------+----------------------------------------------------------------------+
| s_axi_control | CTRL                  | 0x00   | 32    | RW     | Control signals                    | 0=AP_START 1=AP_DONE 2=AP_IDLE 3=AP_READY 7=AUTO_RESTART 9=INTERRUPT |
| s_axi_control | GIER                  | 0x04   | 32    | RW     | Global Interrupt Enable Register   | 0=Enable                                                             |
| s_axi_control | IP_IER                | 0x08   | 32    | RW     | IP Interrupt Enable Register       | 0=CHAN0_INT_EN 1=CHAN1_INT_EN                                        |
| s_axi_control | IP_ISR                | 0x0c   | 32    | RW     | IP Interrupt Status Register       | 0=CHAN0_INT_ST 1=CHAN1_INT_ST                                        |
| s_axi_control | residual_in_1         | 0x10   | 32    | W      | Data signal of residual_in         |                                                                      |
| s_axi_control | residual_in_2         | 0x14   | 32    | W      | Data signal of residual_in         |                                                                      |
| s_axi_control | residual_ready_1      | 0x1c   | 32    | W      | Data signal of residual_ready      |                                                                      |
| s_axi_control | residual_ready_2      | 0x20   | 32    | W      | Data signal of residual_ready      |                                                                      |
| s_axi_control | attn_o_w_all_1        | 0x28   | 32    | W      | Data signal of attn_o_w_all        |                                                                      |
| s_axi_control | attn_o_w_all_2        | 0x2c   | 32    | W      | Data signal of attn_o_w_all        |                                                                      |
| s_axi_control | attn_o_b_all_1        | 0x34   | 32    | W      | Data signal of attn_o_b_all        |                                                                      |
| s_axi_control | attn_o_b_all_2        | 0x38   | 32    | W      | Data signal of attn_o_b_all        |                                                                      |
| s_axi_control | attn_norm_gamma_all_1 | 0x40   | 32    | W      | Data signal of attn_norm_gamma_all |                                                                      |
| s_axi_control | attn_norm_gamma_all_2 | 0x44   | 32    | W      | Data signal of attn_norm_gamma_all |                                                                      |
| s_axi_control | attn_norm_beta_all_1  | 0x4c   | 32    | W      | Data signal of attn_norm_beta_all  |                                                                      |
| s_axi_control | attn_norm_beta_all_2  | 0x50   | 32    | W      | Data signal of attn_norm_beta_all  |                                                                      |
| s_axi_control | attn_mid_ddr_1        | 0x58   | 32    | W      | Data signal of attn_mid_ddr        |                                                                      |
| s_axi_control | attn_mid_ddr_2        | 0x5c   | 32    | W      | Data signal of attn_mid_ddr        |                                                                      |
| s_axi_control | attn_mid_done_1       | 0x64   | 32    | W      | Data signal of attn_mid_done       |                                                                      |
| s_axi_control | attn_mid_done_2       | 0x68   | 32    | W      | Data signal of attn_mid_done       |                                                                      |
| s_axi_control | layer_id              | 0x70   | 32    | W      | Data signal of layer_id            |                                                                      |
+---------------+-----------------------+--------+-------+--------+------------------------------------+----------------------------------------------------------------------+

* AXIS
+-----------------+---------------+-------+--------+--------+
| Interface       | Register Mode | TDATA | TREADY | TVALID |
+-----------------+---------------+-------+--------+--------+
| attn_mid_stream | both          | 512   | 1      | 1      |
| context_stream  | both          | 512   | 1      | 1      |
+-----------------+---------------+-------+--------+--------+

* TOP LEVEL CONTROL
+-----------+------------+-----------+
| Interface | Type       | Ports     |
+-----------+------------+-----------+
| ap_clk    | clock      | ap_clk    |
| ap_rst_n  | reset      | ap_rst_n  |
| interrupt | interrupt  | interrupt |
| ap_ctrl   | ap_ctrl_hs |           |
+-----------+------------+-----------+


================================================================
== SW I/O Information
================================================================
* Top Function Arguments
+---------------------+-----------+--------------------------+
| Argument            | Direction | Datatype                 |
+---------------------+-----------+--------------------------+
| context_stream      | in        | stream<ap_uint<512>, 0>& |
| residual_in         | in        | ap_uint<512> const *     |
| residual_ready      | in        | unsigned int const *     |
| attn_o_w_all        | in        | ap_uint<512> const *     |
| attn_o_b_all        | in        | ap_uint<512> const *     |
| attn_norm_gamma_all | in        | ap_uint<512> const *     |
| attn_norm_beta_all  | in        | ap_uint<512> const *     |
| attn_mid_ddr        | out       | ap_uint<512>*            |
| attn_mid_done       | out       | unsigned int*            |
| layer_id            | in        | int                      |
| attn_mid_stream     | out       | stream<ap_uint<512>, 0>& |
+---------------------+-----------+--------------------------+

* SW-to-HW Mapping
+---------------------+---------------------+-----------+----------+-------------------------------------------------+
| Argument            | HW Interface        | HW Type   | HW Usage | HW Info                                         |
+---------------------+---------------------+-----------+----------+-------------------------------------------------+
| context_stream      | context_stream      | interface |          |                                                 |
| residual_in         | m_axi_gmem_hidden   | interface |          |                                                 |
| residual_in         | s_axi_control       | register  | offset   | name=residual_in_1 offset=0x10 range=32         |
| residual_in         | s_axi_control       | register  | offset   | name=residual_in_2 offset=0x14 range=32         |
| residual_ready      | m_axi_gmem_hidden   | interface |          |                                                 |
| residual_ready      | s_axi_control       | register  | offset   | name=residual_ready_1 offset=0x1c range=32      |
| residual_ready      | s_axi_control       | register  | offset   | name=residual_ready_2 offset=0x20 range=32      |
| attn_o_w_all        | m_axi_gmem_o        | interface |          |                                                 |
| attn_o_w_all        | s_axi_control       | register  | offset   | name=attn_o_w_all_1 offset=0x28 range=32        |
| attn_o_w_all        | s_axi_control       | register  | offset   | name=attn_o_w_all_2 offset=0x2c range=32        |
| attn_o_b_all        | m_axi_gmem_o        | interface |          |                                                 |
| attn_o_b_all        | s_axi_control       | register  | offset   | name=attn_o_b_all_1 offset=0x34 range=32        |
| attn_o_b_all        | s_axi_control       | register  | offset   | name=attn_o_b_all_2 offset=0x38 range=32        |
| attn_norm_gamma_all | m_axi_gmem_norm     | interface |          |                                                 |
| attn_norm_gamma_all | s_axi_control       | register  | offset   | name=attn_norm_gamma_all_1 offset=0x40 range=32 |
| attn_norm_gamma_all | s_axi_control       | register  | offset   | name=attn_norm_gamma_all_2 offset=0x44 range=32 |
| attn_norm_beta_all  | m_axi_gmem_norm     | interface |          |                                                 |
| attn_norm_beta_all  | s_axi_control       | register  | offset   | name=attn_norm_beta_all_1 offset=0x4c range=32  |
| attn_norm_beta_all  | s_axi_control       | register  | offset   | name=attn_norm_beta_all_2 offset=0x50 range=32  |
| attn_mid_ddr        | m_axi_gmem_attn_mid | interface |          |                                                 |
| attn_mid_ddr        | s_axi_control       | register  | offset   | name=attn_mid_ddr_1 offset=0x58 range=32        |
| attn_mid_ddr        | s_axi_control       | register  | offset   | name=attn_mid_ddr_2 offset=0x5c range=32        |
| attn_mid_done       | m_axi_gmem_attn_mid | interface |          |                                                 |
| attn_mid_done       | s_axi_control       | register  | offset   | name=attn_mid_done_1 offset=0x64 range=32       |
| attn_mid_done       | s_axi_control       | register  | offset   | name=attn_mid_done_2 offset=0x68 range=32       |
| layer_id            | s_axi_control       | register  |          | name=layer_id offset=0x70 range=32              |
| attn_mid_stream     | attn_mid_stream     | interface |          |                                                 |
+---------------------+---------------------+-----------+----------+-------------------------------------------------+


================================================================
== M_AXI Burst Information
================================================================
 Note: All burst requests might be further partitioned into multiple requests during RTL generation based on max_read_burst_length or max_write_burst_length settings.

* Inferred Burst Summary
+---------------------+--------------------+-----------+--------+-------+----------------------------------------------------------------+
| HW Interface        | Loop               | Direction | Length | Width | Location                                                       |
+---------------------+--------------------+-----------+--------+-------+----------------------------------------------------------------+
| m_axi_gmem_hidden   | LOAD_RESIDUAL_ROW  | read      | 6144   | 512   | /home/minhphat/att/kernels/bert_attn_out_norm_kernel.cpp:11:5  |
| m_axi_gmem_o        | LOAD_OUT_BIAS_PACK | read      | 2      | 512   | /home/minhphat/att/kernels/bert_attn_out_norm_kernel.cpp:56:5  |
| m_axi_gmem_o        |                    | read      | 6144   | 512   | /home/minhphat/att/kernels/bert_attn_out_norm_kernel.cpp:110:5 |
| m_axi_gmem_attn_mid | NORM_ROW           | write     | 6144   | 512   | /home/minhphat/att/kernels/bert_attn_out_norm_kernel.cpp:229:5 |
+---------------------+--------------------+-----------+--------+-------+----------------------------------------------------------------+

* Inferred Bursts and Widening Missed
+---------------------+--------------+--------------------+--------------------------------------------------------------------------------------------------------+------------+-----------------------------------------------------------------+
| HW Interface        | Variable     | Loop               | Problem                                                                                                | Resolution | Location                                                        |
+---------------------+--------------+--------------------+--------------------------------------------------------------------------------------------------------+------------+-----------------------------------------------------------------+
| m_axi_gmem_o        | bias         | LOAD_OUT_BIAS_PACK | Could not widen since type i512 size is greater than or equal to the max_widen_bitwidth threshold of 0 | 214-353    | /home/minhphat/att/kernels/bert_attn_out_norm_kernel.cpp:56:5   |
| m_axi_gmem_norm     | gamma        | LOAD_NORM_PACK     | Could not widen since type i512 size is greater than or equal to the max_widen_bitwidth threshold of 0 | 214-353    | /home/minhphat/att/kernels/bert_attn_out_norm_kernel.cpp:194:5  |
| m_axi_gmem_norm     | beta         | LOAD_NORM_PACK     | Could not widen since type i512 size is greater than or equal to the max_widen_bitwidth threshold of 0 | 214-353    | /home/minhphat/att/kernels/bert_attn_out_norm_kernel.cpp:194:5  |
| m_axi_gmem_hidden   | residual_in  | LOAD_RESIDUAL_PACK | Could not widen since type i512 size is greater than or equal to the max_widen_bitwidth threshold of 0 | 214-353    | /home/minhphat/att/kernels/bert_attn_out_norm_kernel.cpp:13:9   |
| m_axi_gmem_o        | weight       | LOAD_OUT_WEIGHT    | Could not widen since type i512 size is greater than or equal to the max_widen_bitwidth threshold of 0 | 214-353    | /home/minhphat/att/kernels/bert_attn_out_norm_kernel.cpp:115:13 |
| m_axi_gmem_attn_mid | attn_mid_ddr | NORM_WRITE_PACK    | Could not widen since type i512 size is greater than or equal to the max_widen_bitwidth threshold of 0 | 214-353    | /home/minhphat/att/kernels/bert_attn_out_norm_kernel.cpp:264:9  |
| m_axi_gmem_norm     |              |                    | Could not burst due to multiple potential reads to the same bundle in the same region.                 | 214-224    | /home/minhphat/att/kernels/bert_attn_out_norm_kernel.cpp:194:5  |
+---------------------+--------------+--------------------+--------------------------------------------------------------------------------------------------------+------------+-----------------------------------------------------------------+

    * Resolution URL: www.xilinx.com/cgi-bin/docs/rdoc?v=2022.1;t=hls+guidance;d=XXX-YYY.html (replace XXX-YYY with column value)

================================================================
== Bind Op Report
================================================================
+----------------------------------------------------------------------------+-----+--------+----------------+--------+---------+---------+
| Name                                                                       | DSP | Pragma | Variable       | Op     | Impl    | Latency |
+----------------------------------------------------------------------------+-----+--------+----------------+--------+---------+---------+
| + bert_attn_out_norm_kernel                                                | 201 |        |                |        |         |         |
|   weight_offset_fu_414_p2                                                  | -   |        | weight_offset  | add    | fabric  | 0       |
|   fadd_32ns_32ns_32_7_full_dsp_1_U753                                      | -   |        | bias_offset    | sub    | fabric  | 0       |
|   add_ln334_fu_395_p2                                                      | -   |        | add_ln334      | add    | fabric  | 0       |
|   fadd_32ns_32ns_32_7_full_dsp_1_U785                                      | -   |        | empty_52       | add    | fabric  | 0       |
|   fmul_32ns_32ns_32_4_max_dsp_1_U802                                       | -   |        | group_2        | add    | fabric  | 0       |
|   add_ln343_fu_457_p2                                                      | -   |        | add_ln343      | add    | fabric  | 0       |
|   add_ln344_fu_461_p2                                                      | -   |        | add_ln344      | add    | fabric  | 0       |
|   faddfsub_32ns_32ns_32_7_full_dsp_1_U771                                  | -   |        | add_ln346      | add    | fabric  | 0       |
|  + load_residual                                                           | 0   |        |                |        |         |         |
|   + load_residual_Pipeline_LOAD_RESIDUAL_ROW_LOAD_RESIDUAL_PACK            | 0   |        |                |        |         |         |
|     add_ln11_1_fu_142_p2                                                   | -   |        | add_ln11_1     | add    | fabric  | 0       |
|     add_ln11_fu_165_p2                                                     | -   |        | add_ln11       | add    | fabric  | 0       |
|     add_ln13_fu_233_p2                                                     | -   |        | add_ln13       | add    | fabric  | 0       |
|  + initialize_projection                                                   | 0   |        |                |        |         |         |
|    add_ln79_fu_143_p2                                                      | -   |        | add_ln79       | add    | fabric  | 0       |
|   + load_output_bias32                                                     | 0   |        |                |        |         |         |
|     add_ln56_fu_130_p2                                                     | -   |        | add_ln56       | add    | fabric  | 0       |
|    + load_output_bias32_Pipeline_LOAD_OUT_BIAS_PACK                        | 0   |        |                |        |         |         |
|      add_ln56_fu_357_p2                                                    | -   |        | add_ln56       | add    | fabric  | 0       |
|   + initialize_projection_Pipeline_INIT_PROJECTION_ROW_INIT_PROJECTION_OUT | 0   |        |                |        |         |         |
|     add_ln83_1_fu_249_p2                                                   | -   |        | add_ln83_1     | add    | fabric  | 0       |
|     add_ln83_fu_315_p2                                                     | -   |        | add_ln83       | add    | fabric  | 0       |
|     add_ln85_fu_296_p2                                                     | -   |        | add_ln85       | add    | fabric  | 0       |
|  + read_context_group                                                      | 0   |        |                |        |         |         |
|    add_ln33_1_fu_137_p2                                                    | -   |        | add_ln33_1     | add    | fabric  | 0       |
|    add_ln33_fu_149_p2                                                      | -   |        | add_ln33       | add    | fabric  | 0       |
|    add_ln35_fu_222_p2                                                      | -   |        | add_ln35       | add    | fabric  | 0       |
|  + accumulate_projection_group                                             | 0   |        |                |        |         |         |
|    sub_ln110_fu_937_p2                                                     | -   |        | sub_ln110      | sub    | fabric  | 0       |
|    add_ln110_fu_955_p2                                                     | -   |        | add_ln110      | add    | fabric  | 0       |
|    add_ln110_2_fu_1005_p2                                                  | -   |        | add_ln110_2    | add    | fabric  | 0       |
|    add_ln110_1_fu_1022_p2                                                  | -   |        | add_ln110_1    | add    | fabric  | 0       |
|    add_ln113_fu_1071_p2                                                    | -   |        | add_ln113      | add    | fabric  | 0       |
|   + accumulate_projection_group_Pipeline_LOAD_OUT_WEIGHT                   | 0   |        |                |        |         |         |
|     add_ln115_fu_2081_p2                                                   | -   |        | add_ln115      | add    | fabric  | 0       |
|   + accumulate_projection_group_Pipeline_ACCUMULATE_ROW_BLOCK              | 0   |        |                |        |         |         |
|     rb_2_fu_2456_p2                                                        | -   |        | rb_2           | add    | fabric  | 0       |
|  + residual_norm_and_write                                                 | 9   |        |                |        |         |         |
|    add_ln229_fu_465_p2                                                     | -   |        | add_ln229      | add    | fabric  | 0       |
|    sub_ln247_fu_491_p2                                                     | -   |        | sub_ln247      | sub    | fabric  | 0       |
|    sub_ln247_1_fu_518_p2                                                   | -   |        | sub_ln247_1    | sub    | fabric  | 0       |
|    frsqrt_32ns_32ns_32_17_full_dsp_1_U663                                  | 9   |        | inv_std        | frsqrt | fulldsp | 16      |
|   + load_norm_parameters                                                   | 0   |        |                |        |         |         |
|     add_ln194_fu_184_p2                                                    | -   |        | add_ln194      | add    | fabric  | 0       |
|     add_ln713_fu_194_p2                                                    | -   |        | add_ln713      | add    | fabric  | 0       |
|     add_ln713_1_fu_200_p2                                                  | -   |        | add_ln713_1    | add    | fabric  | 0       |
|   + residual_norm_and_write_Pipeline_NORM_REDUCE_PACK                      | 0   |        |                |        |         |         |
|     add_ln241_fu_826_p2                                                    | -   |        | add_ln241      | add    | fabric  | 0       |
|     add_ln247_fu_836_p2                                                    | -   |        | add_ln247      | add    | fabric  | 0       |
|     add_ln247_1_fu_854_p2                                                  | -   |        | add_ln247_1    | add    | fabric  | 0       |
|     fadd_32ns_32ns_32_5_no_dsp_1_U482                                      | -   |        | sum_bank       | fadd   | fabric  | 4       |
|     fadd_32ns_32ns_32_5_no_dsp_1_U486                                      | -   |        | square_bank    | fadd   | fabric  | 4       |
|     fadd_32ns_32ns_32_5_no_dsp_1_U483                                      | -   |        | sum_bank_1     | fadd   | fabric  | 4       |
|     fadd_32ns_32ns_32_5_no_dsp_1_U487                                      | -   |        | square_bank_1  | fadd   | fabric  | 4       |
|     fadd_32ns_32ns_32_5_no_dsp_1_U484                                      | -   |        | sum_bank_2     | fadd   | fabric  | 4       |
|     fadd_32ns_32ns_32_5_no_dsp_1_U488                                      | -   |        | square_bank_2  | fadd   | fabric  | 4       |
|     fadd_32ns_32ns_32_5_no_dsp_1_U485                                      | -   |        | sum_bank_3     | fadd   | fabric  | 4       |
|     fadd_32ns_32ns_32_5_no_dsp_1_U489                                      | -   |        | square_bank_3  | fadd   | fabric  | 4       |
|     fadd_32ns_32ns_32_5_no_dsp_1_U482                                      | -   |        | sum_bank_4     | fadd   | fabric  | 4       |
|     fadd_32ns_32ns_32_5_no_dsp_1_U486                                      | -   |        | square_bank_4  | fadd   | fabric  | 4       |
|     fadd_32ns_32ns_32_5_no_dsp_1_U483                                      | -   |        | sum_bank_5     | fadd   | fabric  | 4       |
|     fadd_32ns_32ns_32_5_no_dsp_1_U487                                      | -   |        | square_bank_5  | fadd   | fabric  | 4       |
|     fadd_32ns_32ns_32_5_no_dsp_1_U484                                      | -   |        | sum_bank_6     | fadd   | fabric  | 4       |
|     fadd_32ns_32ns_32_5_no_dsp_1_U488                                      | -   |        | square_bank_6  | fadd   | fabric  | 4       |
|     fadd_32ns_32ns_32_5_no_dsp_1_U485                                      | -   |        | sum_bank_7     | fadd   | fabric  | 4       |
|     fadd_32ns_32ns_32_5_no_dsp_1_U489                                      | -   |        | square_bank_7  | fadd   | fabric  | 4       |
|     add_ln247_2_fu_870_p2                                                  | -   |        | add_ln247_2    | add    | fabric  | 0       |
|     fadd_32ns_32ns_32_5_no_dsp_1_U482                                      | -   |        | sum_bank_8     | fadd   | fabric  | 4       |
|     fadd_32ns_32ns_32_5_no_dsp_1_U486                                      | -   |        | square_bank_8  | fadd   | fabric  | 4       |
|     fadd_32ns_32ns_32_5_no_dsp_1_U483                                      | -   |        | sum_bank_9     | fadd   | fabric  | 4       |
|     fadd_32ns_32ns_32_5_no_dsp_1_U487                                      | -   |        | square_bank_9  | fadd   | fabric  | 4       |
|     fadd_32ns_32ns_32_5_no_dsp_1_U484                                      | -   |        | sum_bank_32    | fadd   | fabric  | 4       |
|     fadd_32ns_32ns_32_5_no_dsp_1_U488                                      | -   |        | square_bank_32 | fadd   | fabric  | 4       |
|     fadd_32ns_32ns_32_5_no_dsp_1_U485                                      | -   |        | sum_bank_33    | fadd   | fabric  | 4       |
|     fadd_32ns_32ns_32_5_no_dsp_1_U489                                      | -   |        | square_bank_33 | fadd   | fabric  | 4       |
|     fadd_32ns_32ns_32_5_no_dsp_1_U482                                      | -   |        | sum_bank_34    | fadd   | fabric  | 4       |
|     fadd_32ns_32ns_32_5_no_dsp_1_U486                                      | -   |        | square_bank_34 | fadd   | fabric  | 4       |
|     fadd_32ns_32ns_32_5_no_dsp_1_U483                                      | -   |        | sum_bank_35    | fadd   | fabric  | 4       |
|     fadd_32ns_32ns_32_5_no_dsp_1_U487                                      | -   |        | square_bank_35 | fadd   | fabric  | 4       |
|     fadd_32ns_32ns_32_5_no_dsp_1_U484                                      | -   |        | sum_bank_36    | fadd   | fabric  | 4       |
|     fadd_32ns_32ns_32_5_no_dsp_1_U488                                      | -   |        | square_bank_36 | fadd   | fabric  | 4       |
|     fadd_32ns_32ns_32_5_no_dsp_1_U485                                      | -   |        | sum_bank_37    | fadd   | fabric  | 4       |
|     fadd_32ns_32ns_32_5_no_dsp_1_U489                                      | -   |        | square_bank_37 | fadd   | fabric  | 4       |
|   + residual_norm_and_write_Pipeline_NORM_BANK_REDUCE                      | 0   |        |                |        |         |         |
|     add_ln255_fu_350_p2                                                    | -   |        | add_ln255      | add    | fabric  | 0       |
|   + residual_norm_and_write_Pipeline_NORM_WRITE_PACK                       | 0   |        |                |        |         |         |
|     add_ln264_fu_609_p2                                                    | -   |        | add_ln264      | add    | fabric  | 0       |
|     add_ln272_fu_619_p2                                                    | -   |        | add_ln272      | add    | fabric  | 0       |
|     add_ln272_1_fu_637_p2                                                  | -   |        | add_ln272_1    | add    | fabric  | 0       |
|     add_ln272_2_fu_653_p2                                                  | -   |        | add_ln272_2    | add    | fabric  | 0       |
+----------------------------------------------------------------------------+-----+--------+----------------+--------+---------+---------+


================================================================
== Bind Storage Report
================================================================
+--------------------------------------+------+------+--------+---------------+---------+------+---------+
| Name                                 | BRAM | URAM | Pragma | Variable      | Storage | Impl | Latency |
+--------------------------------------+------+------+--------+---------------+---------+------+---------+
| + bert_attn_out_norm_kernel          | 16   | 32   |        |               |         |      |         |
|   fmul_32ns_32ns_32_4_max_dsp_1_U815 | -    | 4    | yes    | context_group | ram_2p  | uram | 1       |
|   residual_U                         | -    | 16   | yes    | residual      | ram_2p  | uram | 1       |
|   projected_U                        | -    | 12   | yes    | projected     | ram_2p  | uram | 1       |
|  + initialize_projection             | 0    | 0    |        |               |         |      |         |
|    bias_tile_U                       | -    | -    |        | bias_tile     | ram_t2p | auto | 1       |
|    bias_tile_1_U                     | -    | -    |        | bias_tile_1   | ram_t2p | auto | 1       |
|    bias_tile_2_U                     | -    | -    |        | bias_tile_2   | ram_t2p | auto | 1       |
|    bias_tile_3_U                     | -    | -    |        | bias_tile_3   | ram_t2p | auto | 1       |
|    bias_tile_4_U                     | -    | -    |        | bias_tile_4   | ram_t2p | auto | 1       |
|    bias_tile_5_U                     | -    | -    |        | bias_tile_5   | ram_t2p | auto | 1       |
|    bias_tile_6_U                     | -    | -    |        | bias_tile_6   | ram_t2p | auto | 1       |
|    bias_tile_7_U                     | -    | -    |        | bias_tile_7   | ram_t2p | auto | 1       |
|  + accumulate_projection_group       | 0    | 0    |        |               |         |      |         |
|    wtile_0_U                         | -    | -    |        | wtile_0       | ram_1p  | auto | 1       |
|    wtile_1_U                         | -    | -    |        | wtile_1       | ram_1p  | auto | 1       |
|    wtile_0_1_U                       | -    | -    |        | wtile_0_1     | ram_1p  | auto | 1       |
|    wtile_1_1_U                       | -    | -    |        | wtile_1_1     | ram_1p  | auto | 1       |
|    wtile_0_2_U                       | -    | -    |        | wtile_0_2     | ram_1p  | auto | 1       |
|    wtile_1_2_U                       | -    | -    |        | wtile_1_2     | ram_1p  | auto | 1       |
|    wtile_0_3_U                       | -    | -    |        | wtile_0_3     | ram_1p  | auto | 1       |
|    wtile_1_3_U                       | -    | -    |        | wtile_1_3     | ram_1p  | auto | 1       |
|    wtile_0_4_U                       | -    | -    |        | wtile_0_4     | ram_1p  | auto | 1       |
|    wtile_1_4_U                       | -    | -    |        | wtile_1_4     | ram_1p  | auto | 1       |
|    wtile_0_5_U                       | -    | -    |        | wtile_0_5     | ram_1p  | auto | 1       |
|    wtile_1_5_U                       | -    | -    |        | wtile_1_5     | ram_1p  | auto | 1       |
|    wtile_0_6_U                       | -    | -    |        | wtile_0_6     | ram_1p  | auto | 1       |
|    wtile_1_6_U                       | -    | -    |        | wtile_1_6     | ram_1p  | auto | 1       |
|    wtile_0_7_U                       | -    | -    |        | wtile_0_7     | ram_1p  | auto | 1       |
|    wtile_1_7_U                       | -    | -    |        | wtile_1_7     | ram_1p  | auto | 1       |
|    wtile_0_8_U                       | -    | -    |        | wtile_0_8     | ram_1p  | auto | 1       |
|    wtile_1_8_U                       | -    | -    |        | wtile_1_8     | ram_1p  | auto | 1       |
|    wtile_0_9_U                       | -    | -    |        | wtile_0_9     | ram_1p  | auto | 1       |
|    wtile_1_9_U                       | -    | -    |        | wtile_1_9     | ram_1p  | auto | 1       |
|    wtile_0_10_U                      | -    | -    |        | wtile_0_10    | ram_1p  | auto | 1       |
|    wtile_1_10_U                      | -    | -    |        | wtile_1_10    | ram_1p  | auto | 1       |
|    wtile_0_11_U                      | -    | -    |        | wtile_0_11    | ram_1p  | auto | 1       |
|    wtile_1_11_U                      | -    | -    |        | wtile_1_11    | ram_1p  | auto | 1       |
|    wtile_0_12_U                      | -    | -    |        | wtile_0_12    | ram_1p  | auto | 1       |
|    wtile_1_12_U                      | -    | -    |        | wtile_1_12    | ram_1p  | auto | 1       |
|    wtile_0_13_U                      | -    | -    |        | wtile_0_13    | ram_1p  | auto | 1       |
|    wtile_1_13_U                      | -    | -    |        | wtile_1_13    | ram_1p  | auto | 1       |
|    wtile_0_14_U                      | -    | -    |        | wtile_0_14    | ram_1p  | auto | 1       |
|    wtile_1_14_U                      | -    | -    |        | wtile_1_14    | ram_1p  | auto | 1       |
|    wtile_0_15_U                      | -    | -    |        | wtile_0_15    | ram_1p  | auto | 1       |
|    wtile_1_15_U                      | -    | -    |        | wtile_1_15    | ram_1p  | auto | 1       |
|    wtile_0_16_U                      | -    | -    |        | wtile_0_16    | ram_1p  | auto | 1       |
|    wtile_1_16_U                      | -    | -    |        | wtile_1_16    | ram_1p  | auto | 1       |
|    wtile_0_17_U                      | -    | -    |        | wtile_0_17    | ram_1p  | auto | 1       |
|    wtile_1_17_U                      | -    | -    |        | wtile_1_17    | ram_1p  | auto | 1       |
|    wtile_0_18_U                      | -    | -    |        | wtile_0_18    | ram_1p  | auto | 1       |
|    wtile_1_18_U                      | -    | -    |        | wtile_1_18    | ram_1p  | auto | 1       |
|    wtile_0_19_U                      | -    | -    |        | wtile_0_19    | ram_1p  | auto | 1       |
|    wtile_1_19_U                      | -    | -    |        | wtile_1_19    | ram_1p  | auto | 1       |
|    wtile_0_20_U                      | -    | -    |        | wtile_0_20    | ram_1p  | auto | 1       |
|    wtile_1_20_U                      | -    | -    |        | wtile_1_20    | ram_1p  | auto | 1       |
|    wtile_0_21_U                      | -    | -    |        | wtile_0_21    | ram_1p  | auto | 1       |
|    wtile_1_21_U                      | -    | -    |        | wtile_1_21    | ram_1p  | auto | 1       |
|    wtile_0_22_U                      | -    | -    |        | wtile_0_22    | ram_1p  | auto | 1       |
|    wtile_1_22_U                      | -    | -    |        | wtile_1_22    | ram_1p  | auto | 1       |
|    wtile_0_23_U                      | -    | -    |        | wtile_0_23    | ram_1p  | auto | 1       |
|    wtile_1_23_U                      | -    | -    |        | wtile_1_23    | ram_1p  | auto | 1       |
|    wtile_0_24_U                      | -    | -    |        | wtile_0_24    | ram_1p  | auto | 1       |
|    wtile_1_24_U                      | -    | -    |        | wtile_1_24    | ram_1p  | auto | 1       |
|    wtile_0_25_U                      | -    | -    |        | wtile_0_25    | ram_1p  | auto | 1       |
|    wtile_1_25_U                      | -    | -    |        | wtile_1_25    | ram_1p  | auto | 1       |
|    wtile_0_26_U                      | -    | -    |        | wtile_0_26    | ram_1p  | auto | 1       |
|    wtile_1_26_U                      | -    | -    |        | wtile_1_26    | ram_1p  | auto | 1       |
|    wtile_0_27_U                      | -    | -    |        | wtile_0_27    | ram_1p  | auto | 1       |
|    wtile_1_27_U                      | -    | -    |        | wtile_1_27    | ram_1p  | auto | 1       |
|    wtile_0_28_U                      | -    | -    |        | wtile_0_28    | ram_1p  | auto | 1       |
|    wtile_1_28_U                      | -    | -    |        | wtile_1_28    | ram_1p  | auto | 1       |
|    wtile_0_29_U                      | -    | -    |        | wtile_0_29    | ram_1p  | auto | 1       |
|    wtile_1_29_U                      | -    | -    |        | wtile_1_29    | ram_1p  | auto | 1       |
|    wtile_0_30_U                      | -    | -    |        | wtile_0_30    | ram_1p  | auto | 1       |
|    wtile_1_30_U                      | -    | -    |        | wtile_1_30    | ram_1p  | auto | 1       |
|    wtile_0_31_U                      | -    | -    |        | wtile_0_31    | ram_1p  | auto | 1       |
|    wtile_1_31_U                      | -    | -    |        | wtile_1_31    | ram_1p  | auto | 1       |
|    wtile_0_32_U                      | -    | -    |        | wtile_0_32    | ram_1p  | auto | 1       |
|    wtile_1_32_U                      | -    | -    |        | wtile_1_32    | ram_1p  | auto | 1       |
|    wtile_0_33_U                      | -    | -    |        | wtile_0_33    | ram_1p  | auto | 1       |
|    wtile_1_33_U                      | -    | -    |        | wtile_1_33    | ram_1p  | auto | 1       |
|    wtile_0_34_U                      | -    | -    |        | wtile_0_34    | ram_1p  | auto | 1       |
|    wtile_1_34_U                      | -    | -    |        | wtile_1_34    | ram_1p  | auto | 1       |
|    wtile_0_35_U                      | -    | -    |        | wtile_0_35    | ram_1p  | auto | 1       |
|    wtile_1_35_U                      | -    | -    |        | wtile_1_35    | ram_1p  | auto | 1       |
|    wtile_0_36_U                      | -    | -    |        | wtile_0_36    | ram_1p  | auto | 1       |
|    wtile_1_36_U                      | -    | -    |        | wtile_1_36    | ram_1p  | auto | 1       |
|    wtile_0_37_U                      | -    | -    |        | wtile_0_37    | ram_1p  | auto | 1       |
|    wtile_1_37_U                      | -    | -    |        | wtile_1_37    | ram_1p  | auto | 1       |
|    wtile_0_38_U                      | -    | -    |        | wtile_0_38    | ram_1p  | auto | 1       |
|    wtile_1_38_U                      | -    | -    |        | wtile_1_38    | ram_1p  | auto | 1       |
|    wtile_0_39_U                      | -    | -    |        | wtile_0_39    | ram_1p  | auto | 1       |
|    wtile_1_39_U                      | -    | -    |        | wtile_1_39    | ram_1p  | auto | 1       |
|    wtile_0_40_U                      | -    | -    |        | wtile_0_40    | ram_1p  | auto | 1       |
|    wtile_1_40_U                      | -    | -    |        | wtile_1_40    | ram_1p  | auto | 1       |
|    wtile_0_41_U                      | -    | -    |        | wtile_0_41    | ram_1p  | auto | 1       |
|    wtile_1_41_U                      | -    | -    |        | wtile_1_41    | ram_1p  | auto | 1       |
|    wtile_0_42_U                      | -    | -    |        | wtile_0_42    | ram_1p  | auto | 1       |
|    wtile_1_42_U                      | -    | -    |        | wtile_1_42    | ram_1p  | auto | 1       |
|    wtile_0_43_U                      | -    | -    |        | wtile_0_43    | ram_1p  | auto | 1       |
|    wtile_1_43_U                      | -    | -    |        | wtile_1_43    | ram_1p  | auto | 1       |
|    wtile_0_44_U                      | -    | -    |        | wtile_0_44    | ram_1p  | auto | 1       |
|    wtile_1_44_U                      | -    | -    |        | wtile_1_44    | ram_1p  | auto | 1       |
|    wtile_0_45_U                      | -    | -    |        | wtile_0_45    | ram_1p  | auto | 1       |
|    wtile_1_45_U                      | -    | -    |        | wtile_1_45    | ram_1p  | auto | 1       |
|    wtile_0_46_U                      | -    | -    |        | wtile_0_46    | ram_1p  | auto | 1       |
|    wtile_1_46_U                      | -    | -    |        | wtile_1_46    | ram_1p  | auto | 1       |
|    wtile_0_47_U                      | -    | -    |        | wtile_0_47    | ram_1p  | auto | 1       |
|    wtile_1_47_U                      | -    | -    |        | wtile_1_47    | ram_1p  | auto | 1       |
|    wtile_0_48_U                      | -    | -    |        | wtile_0_48    | ram_1p  | auto | 1       |
|    wtile_1_48_U                      | -    | -    |        | wtile_1_48    | ram_1p  | auto | 1       |
|    wtile_0_49_U                      | -    | -    |        | wtile_0_49    | ram_1p  | auto | 1       |
|    wtile_1_49_U                      | -    | -    |        | wtile_1_49    | ram_1p  | auto | 1       |
|    wtile_0_50_U                      | -    | -    |        | wtile_0_50    | ram_1p  | auto | 1       |
|    wtile_1_50_U                      | -    | -    |        | wtile_1_50    | ram_1p  | auto | 1       |
|    wtile_0_51_U                      | -    | -    |        | wtile_0_51    | ram_1p  | auto | 1       |
|    wtile_1_51_U                      | -    | -    |        | wtile_1_51    | ram_1p  | auto | 1       |
|    wtile_0_52_U                      | -    | -    |        | wtile_0_52    | ram_1p  | auto | 1       |
|    wtile_1_52_U                      | -    | -    |        | wtile_1_52    | ram_1p  | auto | 1       |
|    wtile_0_53_U                      | -    | -    |        | wtile_0_53    | ram_1p  | auto | 1       |
|    wtile_1_53_U                      | -    | -    |        | wtile_1_53    | ram_1p  | auto | 1       |
|    wtile_0_54_U                      | -    | -    |        | wtile_0_54    | ram_1p  | auto | 1       |
|    wtile_1_54_U                      | -    | -    |        | wtile_1_54    | ram_1p  | auto | 1       |
|    wtile_0_55_U                      | -    | -    |        | wtile_0_55    | ram_1p  | auto | 1       |
|    wtile_1_55_U                      | -    | -    |        | wtile_1_55    | ram_1p  | auto | 1       |
|    wtile_0_56_U                      | -    | -    |        | wtile_0_56    | ram_1p  | auto | 1       |
|    wtile_1_56_U                      | -    | -    |        | wtile_1_56    | ram_1p  | auto | 1       |
|    wtile_0_57_U                      | -    | -    |        | wtile_0_57    | ram_1p  | auto | 1       |
|    wtile_1_57_U                      | -    | -    |        | wtile_1_57    | ram_1p  | auto | 1       |
|    wtile_0_58_U                      | -    | -    |        | wtile_0_58    | ram_1p  | auto | 1       |
|    wtile_1_58_U                      | -    | -    |        | wtile_1_58    | ram_1p  | auto | 1       |
|    wtile_0_59_U                      | -    | -    |        | wtile_0_59    | ram_1p  | auto | 1       |
|    wtile_1_59_U                      | -    | -    |        | wtile_1_59    | ram_1p  | auto | 1       |
|    wtile_0_60_U                      | -    | -    |        | wtile_0_60    | ram_1p  | auto | 1       |
|    wtile_1_60_U                      | -    | -    |        | wtile_1_60    | ram_1p  | auto | 1       |
|    wtile_0_61_U                      | -    | -    |        | wtile_0_61    | ram_1p  | auto | 1       |
|    wtile_1_61_U                      | -    | -    |        | wtile_1_61    | ram_1p  | auto | 1       |
|    wtile_0_62_U                      | -    | -    |        | wtile_0_62    | ram_1p  | auto | 1       |
|    wtile_1_62_U                      | -    | -    |        | wtile_1_62    | ram_1p  | auto | 1       |
|    wtile_0_63_U                      | -    | -    |        | wtile_0_63    | ram_1p  | auto | 1       |
|    wtile_1_63_U                      | -    | -    |        | wtile_1_63    | ram_1p  | auto | 1       |
|  + residual_norm_and_write           | 16   | 0    |        |               |         |      |         |
|    gamma_cache1_U                    | 8    | -    | yes    | gamma_cache1  | ram_2p  | bram | 1       |
|    beta_cache2_U                     | 8    | -    | yes    | beta_cache2   | ram_2p  | bram | 1       |
+--------------------------------------+------+------+--------+---------------+---------+------+---------+


================================================================
== Pragma Report
================================================================
* Valid Pragma Syntax
+-----------------+------------------------------------------------------------------------+------------------------------------------------------------------------------------------------+
| Type            | Options                                                                | Location                                                                                       |
+-----------------+------------------------------------------------------------------------+------------------------------------------------------------------------------------------------+
| inline          |                                                                        | ../include/bert_math.h:9 in uint32_to_float                                                    |
| inline          |                                                                        | ../include/bert_math.h:16 in float_to_uint32                                                   |
| inline          |                                                                        | ../include/bert_math.h:23 in unpack_bus16                                                      |
| array_partition | variable=lane complete dim=1                                           | ../include/bert_math.h:24 in unpack_bus16, lane                                                |
| unroll          |                                                                        | ../include/bert_math.h:26 in unpack_bus16                                                      |
| inline          |                                                                        | ../include/bert_math.h:32 in pack_bus16                                                        |
| array_partition | variable=lane complete dim=1                                           | ../include/bert_math.h:33 in pack_bus16, lane                                                  |
| unroll          |                                                                        | ../include/bert_math.h:36 in pack_bus16                                                        |
| inline          |                                                                        | ../include/bert_math.h:44 in fp32_sum8_tree                                                    |
| array_partition | variable=value complete dim=1                                          | ../include/bert_math.h:45 in fp32_sum8_tree, value                                             |
| array_partition | variable=s4 complete dim=1                                             | ../include/bert_math.h:48 in fp32_sum8_tree, s4                                                |
| array_partition | variable=s2 complete dim=1                                             | ../include/bert_math.h:49 in fp32_sum8_tree, s2                                                |
| unroll          |                                                                        | ../include/bert_math.h:52 in fp32_sum8_tree                                                    |
| unroll          |                                                                        | ../include/bert_math.h:57 in fp32_sum8_tree                                                    |
| inline          |                                                                        | ../include/bert_math.h:65 in fp32_sum4_tree                                                    |
| array_partition | variable=value complete dim=1                                          | ../include/bert_math.h:66 in fp32_sum4_tree, value                                             |
| array_partition | variable=s2 complete dim=1                                             | ../include/bert_math.h:68 in fp32_sum4_tree, s2                                                |
| unroll          |                                                                        | ../include/bert_math.h:71 in fp32_sum4_tree                                                    |
| inline          |                                                                        | ../include/bert_math.h:81 in fp32_dot8_tree                                                    |
| array_partition | variable=lhs complete dim=1                                            | ../include/bert_math.h:82 in fp32_dot8_tree, lhs                                               |
| array_partition | variable=rhs complete dim=1                                            | ../include/bert_math.h:83 in fp32_dot8_tree, rhs                                               |
| array_partition | variable=product complete dim=1                                        | ../include/bert_math.h:85 in fp32_dot8_tree, product                                           |
| bind_op         | variable=product op=fmul impl=maxdsp                                   | ../include/bert_math.h:86 in fp32_dot8_tree, product                                           |
| unroll          |                                                                        | ../include/bert_math.h:89 in fp32_dot8_tree                                                    |
| inline          |                                                                        | ../include/bert_math.h:99 in fp32_dot4_tree                                                    |
| array_partition | variable=lhs complete dim=1                                            | ../include/bert_math.h:100 in fp32_dot4_tree, lhs                                              |
| array_partition | variable=rhs complete dim=1                                            | ../include/bert_math.h:101 in fp32_dot4_tree, rhs                                              |
| array_partition | variable=product complete dim=1                                        | ../include/bert_math.h:104 in fp32_dot4_tree, product                                          |
| array_partition | variable=s2 complete dim=1                                             | ../include/bert_math.h:105 in fp32_dot4_tree, s2                                               |
| bind_op         | variable=product op=fmul impl=maxdsp                                   | ../include/bert_math.h:106 in fp32_dot4_tree, product                                          |
| unroll          |                                                                        | ../include/bert_math.h:109 in fp32_dot4_tree                                                   |
| unroll          |                                                                        | ../include/bert_math.h:114 in fp32_dot4_tree                                                   |
| inline          | off                                                                    | ../kernels/bert_attn_out_norm_kernel.cpp:9 in load_residual                                    |
| pipeline        | II=1                                                                   | ../kernels/bert_attn_out_norm_kernel.cpp:14 in load_residual                                   |
| array_partition | variable=rlane complete dim=1                                          | ../kernels/bert_attn_out_norm_kernel.cpp:16 in load_residual, rlane                            |
| unroll          |                                                                        | ../kernels/bert_attn_out_norm_kernel.cpp:20 in load_residual                                   |
| inline          | off                                                                    | ../kernels/bert_attn_out_norm_kernel.cpp:31 in read_context_group                              |
| pipeline        | II=1                                                                   | ../kernels/bert_attn_out_norm_kernel.cpp:36 in read_context_group                              |
| array_partition | variable=lane complete dim=1                                           | ../kernels/bert_attn_out_norm_kernel.cpp:38 in read_context_group, lane                        |
| unroll          |                                                                        | ../kernels/bert_attn_out_norm_kernel.cpp:42 in read_context_group                              |
| inline          | off                                                                    | ../kernels/bert_attn_out_norm_kernel.cpp:54 in load_output_bias32                              |
| pipeline        | II=1                                                                   | ../kernels/bert_attn_out_norm_kernel.cpp:57 in load_output_bias32                              |
| array_partition | variable=lane complete dim=1                                           | ../kernels/bert_attn_out_norm_kernel.cpp:59 in load_output_bias32, lane                        |
| unroll          |                                                                        | ../kernels/bert_attn_out_norm_kernel.cpp:63 in load_output_bias32                              |
| inline          | off                                                                    | ../kernels/bert_attn_out_norm_kernel.cpp:73 in initialize_projection                           |
| array_partition | variable=bias_tile cyclic factor=OUT_O_PAR dim=1                       | ../kernels/bert_attn_out_norm_kernel.cpp:76 in initialize_projection, bias_tile                |
| pipeline        | II=1                                                                   | ../kernels/bert_attn_out_norm_kernel.cpp:86 in initialize_projection                           |
| unroll          |                                                                        | ../kernels/bert_attn_out_norm_kernel.cpp:89 in initialize_projection                           |
| inline          | off                                                                    | ../kernels/bert_attn_out_norm_kernel.cpp:103 in accumulate_projection_group                    |
| array_partition | variable=wtile cyclic factor=OUT_O_PAR dim=1                           | ../kernels/bert_attn_out_norm_kernel.cpp:106 in accumulate_projection_group, wtile             |
| array_partition | variable=wtile cyclic factor=OUT_K_PAR dim=2                           | ../kernels/bert_attn_out_norm_kernel.cpp:107 in accumulate_projection_group, wtile             |
| pipeline        | II=1                                                                   | ../kernels/bert_attn_out_norm_kernel.cpp:116 in accumulate_projection_group                    |
| unroll          |                                                                        | ../kernels/bert_attn_out_norm_kernel.cpp:123 in accumulate_projection_group                    |
| pipeline        | II=4                                                                   | ../kernels/bert_attn_out_norm_kernel.cpp:130 in accumulate_projection_group                    |
| dependence      | variable=projected inter false                                         | ../kernels/bert_attn_out_norm_kernel.cpp:131 in accumulate_projection_group, projected         |
| array_partition | variable=x complete dim=1                                              | ../kernels/bert_attn_out_norm_kernel.cpp:137 in accumulate_projection_group, x                 |
| array_partition | variable=product complete dim=1                                        | ../kernels/bert_attn_out_norm_kernel.cpp:138 in accumulate_projection_group, product           |
| array_partition | variable=product complete dim=2                                        | ../kernels/bert_attn_out_norm_kernel.cpp:139 in accumulate_projection_group, product           |
| array_partition | variable=partial complete dim=1                                        | ../kernels/bert_attn_out_norm_kernel.cpp:140 in accumulate_projection_group, partial           |
| array_partition | variable=partial complete dim=2                                        | ../kernels/bert_attn_out_norm_kernel.cpp:141 in accumulate_projection_group, partial           |
| bind_op         | variable=product op=fmul impl=maxdsp                                   | ../kernels/bert_attn_out_norm_kernel.cpp:142 in accumulate_projection_group, product           |
| unroll          |                                                                        | ../kernels/bert_attn_out_norm_kernel.cpp:145 in accumulate_projection_group                    |
| unroll          |                                                                        | ../kernels/bert_attn_out_norm_kernel.cpp:150 in accumulate_projection_group                    |
| unroll          |                                                                        | ../kernels/bert_attn_out_norm_kernel.cpp:153 in accumulate_projection_group                    |
| unroll          |                                                                        | ../kernels/bert_attn_out_norm_kernel.cpp:161 in accumulate_projection_group                    |
| unroll          |                                                                        | ../kernels/bert_attn_out_norm_kernel.cpp:164 in accumulate_projection_group                    |
| unroll          |                                                                        | ../kernels/bert_attn_out_norm_kernel.cpp:173 in accumulate_projection_group                    |
| inline          | off                                                                    | ../kernels/bert_attn_out_norm_kernel.cpp:192 in load_norm_parameters                           |
| pipeline        | II=1                                                                   | ../kernels/bert_attn_out_norm_kernel.cpp:195 in load_norm_parameters                           |
| array_partition | variable=glane complete dim=1                                          | ../kernels/bert_attn_out_norm_kernel.cpp:198 in load_norm_parameters, glane                    |
| array_partition | variable=blane complete dim=1                                          | ../kernels/bert_attn_out_norm_kernel.cpp:199 in load_norm_parameters, blane                    |
| unroll          |                                                                        | ../kernels/bert_attn_out_norm_kernel.cpp:204 in load_norm_parameters                           |
| inline          | off                                                                    | ../kernels/bert_attn_out_norm_kernel.cpp:219 in residual_norm_and_write                        |
| bind_storage    | variable=gamma_cache type=RAM_2P impl=BRAM                             | ../kernels/bert_attn_out_norm_kernel.cpp:222 in residual_norm_and_write, gamma_cache           |
| bind_storage    | variable=beta_cache type=RAM_2P impl=BRAM                              | ../kernels/bert_attn_out_norm_kernel.cpp:223 in residual_norm_and_write, beta_cache            |
| array_reshape   | variable=gamma_cache cyclic factor=PACK_SIZE dim=1                     | ../kernels/bert_attn_out_norm_kernel.cpp:224 in residual_norm_and_write, gamma_cache           |
| array_reshape   | variable=beta_cache cyclic factor=PACK_SIZE dim=1                      | ../kernels/bert_attn_out_norm_kernel.cpp:225 in residual_norm_and_write, beta_cache            |
| array_partition | variable=sum_bank complete dim=1                                       | ../kernels/bert_attn_out_norm_kernel.cpp:232 in residual_norm_and_write, sum_bank              |
| array_partition | variable=square_bank complete dim=1                                    | ../kernels/bert_attn_out_norm_kernel.cpp:233 in residual_norm_and_write, square_bank           |
| unroll          |                                                                        | ../kernels/bert_attn_out_norm_kernel.cpp:236 in residual_norm_and_write                        |
| pipeline        | II=1                                                                   | ../kernels/bert_attn_out_norm_kernel.cpp:242 in residual_norm_and_write                        |
| unroll          |                                                                        | ../kernels/bert_attn_out_norm_kernel.cpp:245 in residual_norm_and_write                        |
| pipeline        | II=1                                                                   | ../kernels/bert_attn_out_norm_kernel.cpp:265 in residual_norm_and_write                        |
| array_partition | variable=lane complete dim=1                                           | ../kernels/bert_attn_out_norm_kernel.cpp:267 in residual_norm_and_write, lane                  |
| unroll          |                                                                        | ../kernels/bert_attn_out_norm_kernel.cpp:270 in residual_norm_and_write                        |
| interface       | axis port=context_stream                                               | ../kernels/bert_attn_out_norm_kernel.cpp:295 in bert_attn_out_norm_kernel, context_stream      |
| interface       | axis port=attn_mid_stream                                              | ../kernels/bert_attn_out_norm_kernel.cpp:296 in bert_attn_out_norm_kernel, attn_mid_stream     |
| interface       | m_axi port=residual_in offset=slave bundle=gmem_hidden depth=6144      | ../kernels/bert_attn_out_norm_kernel.cpp:297 in bert_attn_out_norm_kernel, residual_in         |
| interface       | m_axi port=residual_ready offset=slave bundle=gmem_hidden depth=1      | ../kernels/bert_attn_out_norm_kernel.cpp:298 in bert_attn_out_norm_kernel, residual_ready      |
| interface       | m_axi port=attn_o_w_all offset=slave bundle=gmem_o depth=442368        | ../kernels/bert_attn_out_norm_kernel.cpp:299 in bert_attn_out_norm_kernel, attn_o_w_all        |
| interface       | m_axi port=attn_o_b_all offset=slave bundle=gmem_o depth=576           | ../kernels/bert_attn_out_norm_kernel.cpp:300 in bert_attn_out_norm_kernel, attn_o_b_all        |
| interface       | m_axi port=attn_norm_gamma_all offset=slave bundle=gmem_norm depth=576 | ../kernels/bert_attn_out_norm_kernel.cpp:301 in bert_attn_out_norm_kernel, attn_norm_gamma_all |
| interface       | m_axi port=attn_norm_beta_all offset=slave bundle=gmem_norm depth=576  | ../kernels/bert_attn_out_norm_kernel.cpp:302 in bert_attn_out_norm_kernel, attn_norm_beta_all  |
| interface       | m_axi port=attn_mid_ddr offset=slave bundle=gmem_attn_mid depth=6144   | ../kernels/bert_attn_out_norm_kernel.cpp:303 in bert_attn_out_norm_kernel, attn_mid_ddr        |
| interface       | m_axi port=attn_mid_done offset=slave bundle=gmem_attn_mid depth=1     | ../kernels/bert_attn_out_norm_kernel.cpp:304 in bert_attn_out_norm_kernel, attn_mid_done       |
| interface       | s_axilite port=residual_in bundle=control                              | ../kernels/bert_attn_out_norm_kernel.cpp:305 in bert_attn_out_norm_kernel, residual_in         |
| interface       | s_axilite port=residual_ready bundle=control                           | ../kernels/bert_attn_out_norm_kernel.cpp:306 in bert_attn_out_norm_kernel, residual_ready      |
| interface       | s_axilite port=attn_o_w_all bundle=control                             | ../kernels/bert_attn_out_norm_kernel.cpp:307 in bert_attn_out_norm_kernel, attn_o_w_all        |
| interface       | s_axilite port=attn_o_b_all bundle=control                             | ../kernels/bert_attn_out_norm_kernel.cpp:308 in bert_attn_out_norm_kernel, attn_o_b_all        |
| interface       | s_axilite port=attn_norm_gamma_all bundle=control                      | ../kernels/bert_attn_out_norm_kernel.cpp:309 in bert_attn_out_norm_kernel, attn_norm_gamma_all |
| interface       | s_axilite port=attn_norm_beta_all bundle=control                       | ../kernels/bert_attn_out_norm_kernel.cpp:310 in bert_attn_out_norm_kernel, attn_norm_beta_all  |
| interface       | s_axilite port=attn_mid_ddr bundle=control                             | ../kernels/bert_attn_out_norm_kernel.cpp:311 in bert_attn_out_norm_kernel, attn_mid_ddr        |
| interface       | s_axilite port=attn_mid_done bundle=control                            | ../kernels/bert_attn_out_norm_kernel.cpp:312 in bert_attn_out_norm_kernel, attn_mid_done       |
| interface       | s_axilite port=layer_id bundle=control                                 | ../kernels/bert_attn_out_norm_kernel.cpp:313 in bert_attn_out_norm_kernel, layer_id            |
| interface       | s_axilite port=return bundle=control                                   | ../kernels/bert_attn_out_norm_kernel.cpp:314 in bert_attn_out_norm_kernel, return              |
| bind_storage    | variable=context_group type=RAM_2P impl=URAM                           | ../kernels/bert_attn_out_norm_kernel.cpp:322 in bert_attn_out_norm_kernel, context_group       |
| bind_storage    | variable=residual type=RAM_2P impl=URAM                                | ../kernels/bert_attn_out_norm_kernel.cpp:323 in bert_attn_out_norm_kernel, residual            |
| bind_storage    | variable=projected type=RAM_2P impl=URAM                               | ../kernels/bert_attn_out_norm_kernel.cpp:324 in bert_attn_out_norm_kernel, projected           |
| array_reshape   | variable=context_group cyclic factor=OUT_K_PAR dim=2                   | ../kernels/bert_attn_out_norm_kernel.cpp:325 in bert_attn_out_norm_kernel, context_group       |
| array_reshape   | variable=residual cyclic factor=PACK_SIZE dim=2                        | ../kernels/bert_attn_out_norm_kernel.cpp:326 in bert_attn_out_norm_kernel, residual            |
| array_reshape   | variable=projected cyclic factor=OUT_O_PAR dim=2                       | ../kernels/bert_attn_out_norm_kernel.cpp:327 in bert_attn_out_norm_kernel, projected           |
+-----------------+------------------------------------------------------------------------+------------------------------------------------------------------------------------------------+


