

================================================================
== Vitis HLS Report for 'attention_group_Pipeline_EXP_KEY5'
================================================================
* Date:           Mon Jul 13 10:12:02 2026

* Version:        2022.1 (Build 3526262 on Mon Apr 18 15:47:01 MDT 2022)
* Project:        proj_bert_attn_core_kernel
* Solution:       solution1 (Vivado IP Flow Target)
* Product family: virtexuplus
* Target device:  xcu250-figd2104-2L-e


================================================================
== Performance Estimates
================================================================
+ Timing: 
    * Summary: 
    +--------+---------+----------+------------+
    |  Clock |  Target | Estimated| Uncertainty|
    +--------+---------+----------+------------+
    |ap_clk  |  3.33 ns|  2.729 ns|     0.90 ns|
    +--------+---------+----------+------------+

+ Latency: 
    * Summary: 
    +---------+---------+----------+----------+-----+-----+---------+
    |  Latency (cycles) |  Latency (absolute) |  Interval | Pipeline|
    |   min   |   max   |    min   |    max   | min | max |   Type  |
    +---------+---------+----------+----------+-----+-----+---------+
    |       32|      159|  0.107 us|  0.530 us|   32|  159|       no|
    +---------+---------+----------+----------+-----+-----+---------+

    + Detail: 
        * Instance: 
        N/A

        * Loop: 
        +-----------+---------+---------+----------+-----------+-----------+---------+----------+
        |           |  Latency (cycles) | Iteration|  Initiation Interval  |   Trip  |          |
        | Loop Name |   min   |   max   |  Latency |  achieved |   target  |  Count  | Pipelined|
        +-----------+---------+---------+----------+-----------+-----------+---------+----------+
        |- EXP_KEY  |       30|      157|        30|          1|          1|  1 ~ 128|       yes|
        +-----------+---------+---------+----------+-----------+-----------+---------+----------+



================================================================
== Utilization Estimates
================================================================
* Summary: 
+---------------------+---------+-------+---------+---------+------+
|         Name        | BRAM_18K|  DSP  |    FF   |   LUT   | URAM |
+---------------------+---------+-------+---------+---------+------+
|DSP                  |        -|      -|        -|        -|     -|
|Expression           |        -|      -|        0|       37|     -|
|FIFO                 |        -|      -|        -|        -|     -|
|Instance             |        -|      -|        -|        -|     -|
|Memory               |        -|      -|        -|        -|     -|
|Multiplexer          |        -|      -|        -|      270|     -|
|Register             |        -|      -|     1459|      224|     -|
+---------------------+---------+-------+---------+---------+------+
|Total                |        0|      0|     1459|      531|     0|
+---------------------+---------+-------+---------+---------+------+
|Available SLR        |     1344|   3072|   864000|   432000|   320|
+---------------------+---------+-------+---------+---------+------+
|Utilization SLR (%)  |        0|      0|       ~0|       ~0|     0|
+---------------------+---------+-------+---------+---------+------+
|Available            |     5376|  12288|  3456000|  1728000|  1280|
+---------------------+---------+-------+---------+---------+------+
|Utilization (%)      |        0|      0|       ~0|       ~0|     0|
+---------------------+---------+-------+---------+---------+------+

+ Detail: 
    * Instance: 
    N/A

    * DSP: 
    N/A

    * Memory: 
    N/A

    * FIFO: 
    N/A

    * Expression: 
    +----------------------+----------+----+---+----+------------+------------+
    |     Variable Name    | Operation| DSP| FF| LUT| Bitwidth P0| Bitwidth P1|
    +----------------------+----------+----+---+----+------------+------------+
    |add_ln186_fu_442_p2   |         +|   0|  0|  15|           8|           1|
    |icmp_ln186_fu_436_p2  |      icmp|   0|  0|  20|          32|          32|
    |ap_enable_pp0         |       xor|   0|  0|   2|           1|           2|
    +----------------------+----------+----+---+----+------------+------------+
    |Total                 |          |   0|  0|  37|          41|          35|
    +----------------------+----------+----+---+----+------------+------------+

    * Multiplexer: 
    +-------------------------------------+----+-----------+-----+-----------+
    |                 Name                | LUT| Input Size| Bits| Total Bits|
    +-------------------------------------+----+-----------+-----+-----------+
    |ap_done_int                          |   9|          2|    1|          2|
    |ap_loop_exit_ready_pp0_iter29_reg    |   9|          2|    1|          2|
    |ap_sig_allocacmp_n_3                 |   9|          2|    8|         16|
    |ap_sig_allocacmp_sum_acc0_b0_load_1  |   9|          2|   32|         64|
    |ap_sig_allocacmp_sum_acc0_b1_2       |   9|          2|   32|         64|
    |ap_sig_allocacmp_sum_acc0_b1_load_1  |   9|          2|   32|         64|
    |ap_sig_allocacmp_sum_acc0_b3_2       |   9|          2|   32|         64|
    |ap_sig_allocacmp_sum_acc0_b3_load_1  |   9|          2|   32|         64|
    |ap_sig_allocacmp_sum_acc0_b5_load_1  |   9|          2|   32|         64|
    |ap_sig_allocacmp_sum_acc1_b0_load_1  |   9|          2|   32|         64|
    |ap_sig_allocacmp_sum_acc1_b1_load_1  |   9|          2|   32|         64|
    |ap_sig_allocacmp_sum_acc1_b3_load_1  |   9|          2|   32|         64|
    |ap_sig_allocacmp_sum_acc1_b5_load_1  |   9|          2|   32|         64|
    |n_fu_118                             |   9|          2|    8|         16|
    |sum_acc0_b0_1_fu_150                 |   9|          2|   32|         64|
    |sum_acc0_b0_fu_114                   |   9|          2|   32|         64|
    |sum_acc0_b1_fu_110                   |   9|          2|   32|         64|
    |sum_acc0_b2_fu_146                   |   9|          2|   32|         64|
    |sum_acc0_b3_fu_106                   |   9|          2|   32|         64|
    |sum_acc0_b4_fu_142                   |   9|          2|   32|         64|
    |sum_acc0_b5_fu_102                   |   9|          2|   32|         64|
    |sum_acc0_b6_fu_138                   |   9|          2|   32|         64|
    |sum_acc1_b0_1_fu_134                 |   9|          2|   32|         64|
    |sum_acc1_b0_fu_98                    |   9|          2|   32|         64|
    |sum_acc1_b1_fu_94                    |   9|          2|   32|         64|
    |sum_acc1_b2_fu_130                   |   9|          2|   32|         64|
    |sum_acc1_b3_fu_90                    |   9|          2|   32|         64|
    |sum_acc1_b4_fu_126                   |   9|          2|   32|         64|
    |sum_acc1_b5_fu_86                    |   9|          2|   32|         64|
    |sum_acc1_b6_fu_122                   |   9|          2|   32|         64|
    +-------------------------------------+----+-----------+-----+-----------+
    |Total                                | 270|         60|  850|       1700|
    +-------------------------------------+----+-----------+-----+-----------+

    * Register: 
    +--------------------------------------+----+----+-----+-----------+
    |                 Name                 | FF | LUT| Bits| Const Bits|
    +--------------------------------------+----+----+-----+-----------+
    |ap_CS_fsm                             |   1|   0|    1|          0|
    |ap_done_reg                           |   1|   0|    1|          0|
    |ap_enable_reg_pp0_iter1               |   1|   0|    1|          0|
    |ap_enable_reg_pp0_iter10              |   1|   0|    1|          0|
    |ap_enable_reg_pp0_iter11              |   1|   0|    1|          0|
    |ap_enable_reg_pp0_iter12              |   1|   0|    1|          0|
    |ap_enable_reg_pp0_iter13              |   1|   0|    1|          0|
    |ap_enable_reg_pp0_iter14              |   1|   0|    1|          0|
    |ap_enable_reg_pp0_iter15              |   1|   0|    1|          0|
    |ap_enable_reg_pp0_iter16              |   1|   0|    1|          0|
    |ap_enable_reg_pp0_iter17              |   1|   0|    1|          0|
    |ap_enable_reg_pp0_iter18              |   1|   0|    1|          0|
    |ap_enable_reg_pp0_iter19              |   1|   0|    1|          0|
    |ap_enable_reg_pp0_iter2               |   1|   0|    1|          0|
    |ap_enable_reg_pp0_iter20              |   1|   0|    1|          0|
    |ap_enable_reg_pp0_iter21              |   1|   0|    1|          0|
    |ap_enable_reg_pp0_iter22              |   1|   0|    1|          0|
    |ap_enable_reg_pp0_iter23              |   1|   0|    1|          0|
    |ap_enable_reg_pp0_iter24              |   1|   0|    1|          0|
    |ap_enable_reg_pp0_iter25              |   1|   0|    1|          0|
    |ap_enable_reg_pp0_iter26              |   1|   0|    1|          0|
    |ap_enable_reg_pp0_iter27              |   1|   0|    1|          0|
    |ap_enable_reg_pp0_iter28              |   1|   0|    1|          0|
    |ap_enable_reg_pp0_iter29              |   1|   0|    1|          0|
    |ap_enable_reg_pp0_iter3               |   1|   0|    1|          0|
    |ap_enable_reg_pp0_iter4               |   1|   0|    1|          0|
    |ap_enable_reg_pp0_iter5               |   1|   0|    1|          0|
    |ap_enable_reg_pp0_iter6               |   1|   0|    1|          0|
    |ap_enable_reg_pp0_iter7               |   1|   0|    1|          0|
    |ap_enable_reg_pp0_iter8               |   1|   0|    1|          0|
    |ap_enable_reg_pp0_iter9               |   1|   0|    1|          0|
    |ap_loop_exit_ready_pp0_iter10_reg     |   1|   0|    1|          0|
    |ap_loop_exit_ready_pp0_iter11_reg     |   1|   0|    1|          0|
    |ap_loop_exit_ready_pp0_iter12_reg     |   1|   0|    1|          0|
    |ap_loop_exit_ready_pp0_iter13_reg     |   1|   0|    1|          0|
    |ap_loop_exit_ready_pp0_iter14_reg     |   1|   0|    1|          0|
    |ap_loop_exit_ready_pp0_iter15_reg     |   1|   0|    1|          0|
    |ap_loop_exit_ready_pp0_iter16_reg     |   1|   0|    1|          0|
    |ap_loop_exit_ready_pp0_iter17_reg     |   1|   0|    1|          0|
    |ap_loop_exit_ready_pp0_iter18_reg     |   1|   0|    1|          0|
    |ap_loop_exit_ready_pp0_iter19_reg     |   1|   0|    1|          0|
    |ap_loop_exit_ready_pp0_iter1_reg      |   1|   0|    1|          0|
    |ap_loop_exit_ready_pp0_iter20_reg     |   1|   0|    1|          0|
    |ap_loop_exit_ready_pp0_iter21_reg     |   1|   0|    1|          0|
    |ap_loop_exit_ready_pp0_iter22_reg     |   1|   0|    1|          0|
    |ap_loop_exit_ready_pp0_iter23_reg     |   1|   0|    1|          0|
    |ap_loop_exit_ready_pp0_iter24_reg     |   1|   0|    1|          0|
    |ap_loop_exit_ready_pp0_iter25_reg     |   1|   0|    1|          0|
    |ap_loop_exit_ready_pp0_iter26_reg     |   1|   0|    1|          0|
    |ap_loop_exit_ready_pp0_iter27_reg     |   1|   0|    1|          0|
    |ap_loop_exit_ready_pp0_iter28_reg     |   1|   0|    1|          0|
    |ap_loop_exit_ready_pp0_iter29_reg     |   1|   0|    1|          0|
    |ap_loop_exit_ready_pp0_iter2_reg      |   1|   0|    1|          0|
    |ap_loop_exit_ready_pp0_iter3_reg      |   1|   0|    1|          0|
    |ap_loop_exit_ready_pp0_iter4_reg      |   1|   0|    1|          0|
    |ap_loop_exit_ready_pp0_iter5_reg      |   1|   0|    1|          0|
    |ap_loop_exit_ready_pp0_iter6_reg      |   1|   0|    1|          0|
    |ap_loop_exit_ready_pp0_iter7_reg      |   1|   0|    1|          0|
    |ap_loop_exit_ready_pp0_iter8_reg      |   1|   0|    1|          0|
    |ap_loop_exit_ready_pp0_iter9_reg      |   1|   0|    1|          0|
    |e0_reg_796                            |  32|   0|   32|          0|
    |e1_reg_802                            |  32|   0|   32|          0|
    |icmp_ln186_reg_760                    |   1|   0|    1|          0|
    |n_fu_118                              |   8|   0|    8|          0|
    |probability0_addr_reg_764             |   7|   0|    7|          0|
    |probability0_load_reg_776             |  32|   0|   32|          0|
    |probability1_addr_reg_770             |   7|   0|    7|          0|
    |probability1_load_reg_781             |  32|   0|   32|          0|
    |sum_acc0_b0_1_fu_150                  |  32|   0|   32|          0|
    |sum_acc0_b0_fu_114                    |  32|   0|   32|          0|
    |sum_acc0_b1_2_reg_813                 |  32|   0|   32|          0|
    |sum_acc0_b1_fu_110                    |  32|   0|   32|          0|
    |sum_acc0_b2_fu_146                    |  32|   0|   32|          0|
    |sum_acc0_b3_2_reg_828                 |  32|   0|   32|          0|
    |sum_acc0_b3_fu_106                    |  32|   0|   32|          0|
    |sum_acc0_b4_fu_142                    |  32|   0|   32|          0|
    |sum_acc0_b5_2_reg_843                 |  32|   0|   32|          0|
    |sum_acc0_b5_fu_102                    |  32|   0|   32|          0|
    |sum_acc0_b6_fu_138                    |  32|   0|   32|          0|
    |sum_acc1_b0_1_fu_134                  |  32|   0|   32|          0|
    |sum_acc1_b0_fu_98                     |  32|   0|   32|          0|
    |sum_acc1_b1_2_reg_823                 |  32|   0|   32|          0|
    |sum_acc1_b1_fu_94                     |  32|   0|   32|          0|
    |sum_acc1_b2_fu_130                    |  32|   0|   32|          0|
    |sum_acc1_b3_2_reg_833                 |  32|   0|   32|          0|
    |sum_acc1_b3_2_reg_833_pp0_iter28_reg  |  32|   0|   32|          0|
    |sum_acc1_b3_fu_90                     |  32|   0|   32|          0|
    |sum_acc1_b4_fu_126                    |  32|   0|   32|          0|
    |sum_acc1_b5_2_reg_838                 |  32|   0|   32|          0|
    |sum_acc1_b5_fu_86                     |  32|   0|   32|          0|
    |sum_acc1_b6_fu_122                    |  32|   0|   32|          0|
    |x_assign_2_reg_786                    |  32|   0|   32|          0|
    |x_assign_3_reg_791                    |  32|   0|   32|          0|
    |e1_reg_802                            |  64|  32|   32|          0|
    |icmp_ln186_reg_760                    |  64|  32|    1|          0|
    |probability0_addr_reg_764             |  64|  32|    7|          0|
    |probability1_addr_reg_770             |  64|  32|    7|          0|
    |sum_acc0_b1_2_reg_813                 |  64|  32|   32|          0|
    |sum_acc0_b3_2_reg_828                 |  64|  32|   32|          0|
    |sum_acc1_b1_2_reg_823                 |  64|  32|   32|          0|
    +--------------------------------------+----+----+-----+-----------+
    |Total                                 |1459| 224| 1154|          0|
    +--------------------------------------+----+----+-----+-----------+



================================================================
== Interface
================================================================
* Summary: 
+--------------------------+-----+-----+------------+-----------------------------------+--------------+
|         RTL Ports        | Dir | Bits|  Protocol  |           Source Object           |    C Type    |
+--------------------------+-----+-----+------------+-----------------------------------+--------------+
|ap_clk                    |   in|    1|  ap_ctrl_hs|  attention_group_Pipeline_EXP_KEY5|  return value|
|ap_rst                    |   in|    1|  ap_ctrl_hs|  attention_group_Pipeline_EXP_KEY5|  return value|
|ap_start                  |   in|    1|  ap_ctrl_hs|  attention_group_Pipeline_EXP_KEY5|  return value|
|ap_done                   |  out|    1|  ap_ctrl_hs|  attention_group_Pipeline_EXP_KEY5|  return value|
|ap_idle                   |  out|    1|  ap_ctrl_hs|  attention_group_Pipeline_EXP_KEY5|  return value|
|ap_ready                  |  out|    1|  ap_ctrl_hs|  attention_group_Pipeline_EXP_KEY5|  return value|
|grp_fu_3545_p_din0        |  out|   32|  ap_ctrl_hs|  attention_group_Pipeline_EXP_KEY5|  return value|
|grp_fu_3545_p_din1        |  out|   32|  ap_ctrl_hs|  attention_group_Pipeline_EXP_KEY5|  return value|
|grp_fu_3545_p_opcode      |  out|    1|  ap_ctrl_hs|  attention_group_Pipeline_EXP_KEY5|  return value|
|grp_fu_3545_p_dout0       |   in|   32|  ap_ctrl_hs|  attention_group_Pipeline_EXP_KEY5|  return value|
|grp_fu_3545_p_ce          |  out|    1|  ap_ctrl_hs|  attention_group_Pipeline_EXP_KEY5|  return value|
|grp_fu_3549_p_din0        |  out|   32|  ap_ctrl_hs|  attention_group_Pipeline_EXP_KEY5|  return value|
|grp_fu_3549_p_din1        |  out|   32|  ap_ctrl_hs|  attention_group_Pipeline_EXP_KEY5|  return value|
|grp_fu_3549_p_opcode      |  out|    1|  ap_ctrl_hs|  attention_group_Pipeline_EXP_KEY5|  return value|
|grp_fu_3549_p_dout0       |   in|   32|  ap_ctrl_hs|  attention_group_Pipeline_EXP_KEY5|  return value|
|grp_fu_3549_p_ce          |  out|    1|  ap_ctrl_hs|  attention_group_Pipeline_EXP_KEY5|  return value|
|grp_fu_3553_p_din0        |  out|   32|  ap_ctrl_hs|  attention_group_Pipeline_EXP_KEY5|  return value|
|grp_fu_3553_p_din1        |  out|   32|  ap_ctrl_hs|  attention_group_Pipeline_EXP_KEY5|  return value|
|grp_fu_3553_p_opcode      |  out|    2|  ap_ctrl_hs|  attention_group_Pipeline_EXP_KEY5|  return value|
|grp_fu_3553_p_dout0       |   in|   32|  ap_ctrl_hs|  attention_group_Pipeline_EXP_KEY5|  return value|
|grp_fu_3553_p_ce          |  out|    1|  ap_ctrl_hs|  attention_group_Pipeline_EXP_KEY5|  return value|
|grp_fu_9560_p_din0        |  out|   32|  ap_ctrl_hs|  attention_group_Pipeline_EXP_KEY5|  return value|
|grp_fu_9560_p_din1        |  out|   32|  ap_ctrl_hs|  attention_group_Pipeline_EXP_KEY5|  return value|
|grp_fu_9560_p_opcode      |  out|    2|  ap_ctrl_hs|  attention_group_Pipeline_EXP_KEY5|  return value|
|grp_fu_9560_p_dout0       |   in|   32|  ap_ctrl_hs|  attention_group_Pipeline_EXP_KEY5|  return value|
|grp_fu_9560_p_ce          |  out|    1|  ap_ctrl_hs|  attention_group_Pipeline_EXP_KEY5|  return value|
|grp_fu_9564_p_din0        |  out|   32|  ap_ctrl_hs|  attention_group_Pipeline_EXP_KEY5|  return value|
|grp_fu_9564_p_din1        |  out|   32|  ap_ctrl_hs|  attention_group_Pipeline_EXP_KEY5|  return value|
|grp_fu_9564_p_dout0       |   in|   32|  ap_ctrl_hs|  attention_group_Pipeline_EXP_KEY5|  return value|
|grp_fu_9564_p_ce          |  out|    1|  ap_ctrl_hs|  attention_group_Pipeline_EXP_KEY5|  return value|
|grp_fu_9568_p_din0        |  out|   32|  ap_ctrl_hs|  attention_group_Pipeline_EXP_KEY5|  return value|
|grp_fu_9568_p_din1        |  out|   32|  ap_ctrl_hs|  attention_group_Pipeline_EXP_KEY5|  return value|
|grp_fu_9568_p_dout0       |   in|   32|  ap_ctrl_hs|  attention_group_Pipeline_EXP_KEY5|  return value|
|grp_fu_9568_p_ce          |  out|    1|  ap_ctrl_hs|  attention_group_Pipeline_EXP_KEY5|  return value|
|active_count              |   in|   32|     ap_none|                       active_count|        scalar|
|probability0_address0     |  out|    7|   ap_memory|                       probability0|         array|
|probability0_ce0          |  out|    1|   ap_memory|                       probability0|         array|
|probability0_q0           |   in|   32|   ap_memory|                       probability0|         array|
|probability0_address1     |  out|    7|   ap_memory|                       probability0|         array|
|probability0_ce1          |  out|    1|   ap_memory|                       probability0|         array|
|probability0_we1          |  out|    1|   ap_memory|                       probability0|         array|
|probability0_d1           |  out|   32|   ap_memory|                       probability0|         array|
|row_max0_3_reload         |   in|   32|     ap_none|                  row_max0_3_reload|        scalar|
|probability1_address0     |  out|    7|   ap_memory|                       probability1|         array|
|probability1_ce0          |  out|    1|   ap_memory|                       probability1|         array|
|probability1_q0           |   in|   32|   ap_memory|                       probability1|         array|
|probability1_address1     |  out|    7|   ap_memory|                       probability1|         array|
|probability1_ce1          |  out|    1|   ap_memory|                       probability1|         array|
|probability1_we1          |  out|    1|   ap_memory|                       probability1|         array|
|probability1_d1           |  out|   32|   ap_memory|                       probability1|         array|
|row_max1_3_reload         |   in|   32|     ap_none|                  row_max1_3_reload|        scalar|
|sum_acc0_b0_2_out         |  out|   32|      ap_vld|                  sum_acc0_b0_2_out|       pointer|
|sum_acc0_b0_2_out_ap_vld  |  out|    1|      ap_vld|                  sum_acc0_b0_2_out|       pointer|
|sum_acc0_b1_3_out         |  out|   32|      ap_vld|                  sum_acc0_b1_3_out|       pointer|
|sum_acc0_b1_3_out_ap_vld  |  out|    1|      ap_vld|                  sum_acc0_b1_3_out|       pointer|
|sum_acc0_b2_3_out         |  out|   32|      ap_vld|                  sum_acc0_b2_3_out|       pointer|
|sum_acc0_b2_3_out_ap_vld  |  out|    1|      ap_vld|                  sum_acc0_b2_3_out|       pointer|
|sum_acc0_b3_3_out         |  out|   32|      ap_vld|                  sum_acc0_b3_3_out|       pointer|
|sum_acc0_b3_3_out_ap_vld  |  out|    1|      ap_vld|                  sum_acc0_b3_3_out|       pointer|
|sum_acc0_b4_3_out         |  out|   32|      ap_vld|                  sum_acc0_b4_3_out|       pointer|
|sum_acc0_b4_3_out_ap_vld  |  out|    1|      ap_vld|                  sum_acc0_b4_3_out|       pointer|
|sum_acc0_b5_3_out         |  out|   32|      ap_vld|                  sum_acc0_b5_3_out|       pointer|
|sum_acc0_b5_3_out_ap_vld  |  out|    1|      ap_vld|                  sum_acc0_b5_3_out|       pointer|
|sum_acc0_b6_3_out         |  out|   32|      ap_vld|                  sum_acc0_b6_3_out|       pointer|
|sum_acc0_b6_3_out_ap_vld  |  out|    1|      ap_vld|                  sum_acc0_b6_3_out|       pointer|
|sum_acc0_b7_4_out         |  out|   32|      ap_vld|                  sum_acc0_b7_4_out|       pointer|
|sum_acc0_b7_4_out_ap_vld  |  out|    1|      ap_vld|                  sum_acc0_b7_4_out|       pointer|
|sum_acc1_b0_2_out         |  out|   32|      ap_vld|                  sum_acc1_b0_2_out|       pointer|
|sum_acc1_b0_2_out_ap_vld  |  out|    1|      ap_vld|                  sum_acc1_b0_2_out|       pointer|
|sum_acc1_b1_3_out         |  out|   32|      ap_vld|                  sum_acc1_b1_3_out|       pointer|
|sum_acc1_b1_3_out_ap_vld  |  out|    1|      ap_vld|                  sum_acc1_b1_3_out|       pointer|
|sum_acc1_b2_3_out         |  out|   32|      ap_vld|                  sum_acc1_b2_3_out|       pointer|
|sum_acc1_b2_3_out_ap_vld  |  out|    1|      ap_vld|                  sum_acc1_b2_3_out|       pointer|
|sum_acc1_b3_3_out         |  out|   32|      ap_vld|                  sum_acc1_b3_3_out|       pointer|
|sum_acc1_b3_3_out_ap_vld  |  out|    1|      ap_vld|                  sum_acc1_b3_3_out|       pointer|
|sum_acc1_b4_3_out         |  out|   32|      ap_vld|                  sum_acc1_b4_3_out|       pointer|
|sum_acc1_b4_3_out_ap_vld  |  out|    1|      ap_vld|                  sum_acc1_b4_3_out|       pointer|
|sum_acc1_b5_3_out         |  out|   32|      ap_vld|                  sum_acc1_b5_3_out|       pointer|
|sum_acc1_b5_3_out_ap_vld  |  out|    1|      ap_vld|                  sum_acc1_b5_3_out|       pointer|
|sum_acc1_b6_3_out         |  out|   32|      ap_vld|                  sum_acc1_b6_3_out|       pointer|
|sum_acc1_b6_3_out_ap_vld  |  out|    1|      ap_vld|                  sum_acc1_b6_3_out|       pointer|
|sum_acc1_b7_4_out         |  out|   32|      ap_vld|                  sum_acc1_b7_4_out|       pointer|
|sum_acc1_b7_4_out_ap_vld  |  out|    1|      ap_vld|                  sum_acc1_b7_4_out|       pointer|
+--------------------------+-----+-----+------------+-----------------------------------+--------------+

