

================================================================
== Vitis HLS Report for 'bert_attn_core_kernel'
================================================================
* Date:           Mon Jul 13 10:12:14 2026

* Version:        2022.1 (Build 3526262 on Mon Apr 18 15:47:01 MDT 2022)
* Project:        proj_bert_attn_core_kernel
* Solution:       solution1 (Vivado IP Flow Target)
* Product family: virtexuplus
* Target device:  xcu250-figd2104-2L-e


================================================================
== Performance Estimates
================================================================
+ Timing: 
    * Summary: 
    +--------+---------+----------+------------+
    |  Clock |  Target | Estimated| Uncertainty|
    +--------+---------+----------+------------+
    |ap_clk  |  3.33 ns|  2.729 ns|     0.90 ns|
    +--------+---------+----------+------------+

+ Latency: 
    * Summary: 
    +---------+---------+----------+----------+--------+---------+---------+
    |  Latency (cycles) |  Latency (absolute) |     Interval     | Pipeline|
    |   min   |   max   |    min   |    max   |   min  |   max   |   Type  |
    +---------+---------+----------+----------+--------+---------+---------+
    |   290525|  1955549|  0.968 ms|  6.518 ms|  290526|  1955550|       no|
    +---------+---------+----------+----------+--------+---------+---------+

    + Detail: 
        * Instance: 
        +-----------------------------------------------------+------------------------------------------+---------+---------+----------+----------+-------+--------+---------+
        |                                                     |                                          |  Latency (cycles) |  Latency (absolute) |    Interval    | Pipeline|
        |                       Instance                      |                  Module                  |   min   |   max   |    min   |    max   |  min  |   max  |   Type  |
        +-----------------------------------------------------+------------------------------------------+---------+---------+----------+----------+-------+--------+---------+
        |grp_bert_attn_core_kernel_Pipeline_LOAD_MASK_fu_139  |bert_attn_core_kernel_Pipeline_LOAD_MASK  |      131|      131|  0.437 us|  0.437 us|    131|     131|       no|
        |grp_read_qkv_group_fu_148                            |read_qkv_group                            |     2050|     2050|  6.833 us|  6.833 us|   2050|    2050|       no|
        |grp_attention_group_fu_161                           |attention_group                           |    45314|   322818|  0.151 ms|  1.076 ms|  45314|  322818|       no|
        |grp_write_context_group_stream_fu_171                |write_context_group_stream                |     1027|     1027|  3.423 us|  3.423 us|   1027|    1027|       no|
        +-----------------------------------------------------+------------------------------------------+---------+---------+----------+----------+-------+--------+---------+

        * Loop: 
        +-------------------+---------+---------+----------------+-----------+-----------+------+----------+
        |                   |  Latency (cycles) |    Iteration   |  Initiation Interval  | Trip |          |
        |     Loop Name     |   min   |   max   |     Latency    |  achieved |   target  | Count| Pipelined|
        +-------------------+---------+---------+----------------+-----------+-----------+------+----------+
        |- ATTENTION_GROUP  |   290382|  1955406|  48397 ~ 325901|          -|          -|     6|        no|
        +-------------------+---------+---------+----------------+-----------+-----------+------+----------+



================================================================
== Utilization Estimates
================================================================
* Summary: 
+---------------------+---------+-------+---------+---------+------+
|         Name        | BRAM_18K|  DSP  |    FF   |   LUT   | URAM |
+---------------------+---------+-------+---------+---------+------+
|DSP                  |        -|      -|        -|        -|     -|
|Expression           |        -|      -|        0|       20|     -|
|FIFO                 |        -|      -|        -|        -|     -|
|Instance             |        2|    185|   180413|   139775|     0|
|Memory               |        -|      -|        8|       17|    24|
|Multiplexer          |        -|      -|        -|      360|     -|
|Register             |        -|      -|       87|        -|     -|
+---------------------+---------+-------+---------+---------+------+
|Total                |        2|    185|   180508|   140172|    24|
+---------------------+---------+-------+---------+---------+------+
|Available SLR        |     1344|   3072|   864000|   432000|   320|
+---------------------+---------+-------+---------+---------+------+
|Utilization SLR (%)  |       ~0|      6|       20|       32|     7|
+---------------------+---------+-------+---------+---------+------+
|Available            |     5376|  12288|  3456000|  1728000|  1280|
+---------------------+---------+-------+---------+---------+------+
|Utilization (%)      |       ~0|      1|        5|        8|     1|
+---------------------+---------+-------+---------+---------+------+

+ Detail: 
    * Instance: 
    +-----------------------------------------------------+------------------------------------------+---------+-----+--------+--------+-----+
    |                       Instance                      |                  Module                  | BRAM_18K| DSP |   FF   |   LUT  | URAM|
    +-----------------------------------------------------+------------------------------------------+---------+-----+--------+--------+-----+
    |grp_attention_group_fu_161                           |attention_group                           |        2|  185|  178856|  137872|    0|
    |grp_bert_attn_core_kernel_Pipeline_LOAD_MASK_fu_139  |bert_attn_core_kernel_Pipeline_LOAD_MASK  |        0|    0|      94|     145|    0|
    |control_s_axi_U                                      |control_s_axi                             |        0|    0|     106|     168|    0|
    |gmem_mask_m_axi_U                                    |gmem_mask_m_axi                           |        0|    0|     764|    1118|    0|
    |grp_read_qkv_group_fu_148                            |read_qkv_group                            |        0|    0|     555|     292|    0|
    |grp_write_context_group_stream_fu_171                |write_context_group_stream                |        0|    0|      38|     180|    0|
    +-----------------------------------------------------+------------------------------------------+---------+-----+--------+--------+-----+
    |Total                                                |                                          |        2|  185|  180413|  139775|    0|
    +-----------------------------------------------------+------------------------------------------+---------+-----+--------+--------+-----+

    * DSP: 
    N/A

    * Memory: 
    +------------------+------------------------------------+---------+---+----+-----+------+-----+------+-------------+
    |      Memory      |               Module               | BRAM_18K| FF| LUT| URAM| Words| Bits| Banks| W*Bits*Banks|
    +------------------+------------------------------------+---------+---+----+-----+------+-----+------+-------------+
    |active_indices_U  |active_indices_RAM_S2P_LUTRAM_1R1W  |        0|  8|  17|    0|   128|    7|     1|          896|
    |group_context_U   |group_context_RAM_2P_URAM_1R1W      |        0|  0|   0|    8|  1024|  512|     1|       524288|
    |q_U               |q_RAM_2P_URAM_1R1W                  |        0|  0|   0|    4|  2048|  256|     1|       524288|
    |k_U               |q_RAM_2P_URAM_1R1W                  |        0|  0|   0|    4|  2048|  256|     1|       524288|
    |v_U               |v_RAM_2P_URAM_1R1W                  |        0|  0|   0|    8|  1024|  512|     1|       524288|
    +------------------+------------------------------------+---------+---+----+-----+------+-----+------+-------------+
    |Total             |                                    |        0|  8|  17|   24|  6272| 1543|     5|      2098048|
    +------------------+------------------------------------+---------+---+----+-----+------+-----+------+-------------+

    * FIFO: 
    N/A

    * Expression: 
    +-------------------------------------------------------------+----------+----+---+----+------------+------------+
    |                        Variable Name                        | Operation| DSP| FF| LUT| Bitwidth P0| Bitwidth P1|
    +-------------------------------------------------------------+----------+----+---+----+------------+------------+
    |group_2_fu_215_p2                                            |         +|   0|  0|  10|           3|           1|
    |grp_write_context_group_stream_fu_171_context_stream_TREADY  |       and|   0|  0|   2|           1|           1|
    |icmp_ln336_fu_209_p2                                         |      icmp|   0|  0|   8|           3|           3|
    +-------------------------------------------------------------+----------+----+---+----+------------+------------+
    |Total                                                        |          |   0|  0|  20|           7|           5|
    +-------------------------------------------------------------+----------+----+---+----+------------+------------+

    * Multiplexer: 
    +------------------------------+----+-----------+-----+-----------+
    |             Name             | LUT| Input Size| Bits| Total Bits|
    +------------------------------+----+-----------+-----+-----------+
    |active_indices_ce0            |   9|          2|    1|          2|
    |active_indices_ce1            |   9|          2|    1|          2|
    |active_indices_we1            |   9|          2|    1|          2|
    |ap_NS_fsm                     |  91|         19|    1|         19|
    |gmem_mask_ARADDR              |  14|          3|   64|        192|
    |gmem_mask_ARLEN               |  14|          3|   32|         96|
    |gmem_mask_ARVALID             |  14|          3|    1|          3|
    |gmem_mask_RREADY              |   9|          2|    1|          2|
    |gmem_mask_blk_n_AR            |   9|          2|    1|          2|
    |group_context_ce0             |   9|          2|    1|          2|
    |group_context_ce1             |   9|          2|    1|          2|
    |group_context_we1             |   9|          2|   64|        128|
    |group_fu_98                   |   9|          2|    3|          6|
    |k_address1                    |  14|          3|   11|         33|
    |k_ce0                         |   9|          2|    1|          2|
    |k_ce1                         |  14|          3|    1|          3|
    |k_stream_TREADY_int_regslice  |   9|          2|    1|          2|
    |k_we1                         |   9|          2|    1|          2|
    |q_address1                    |  14|          3|   11|         33|
    |q_ce0                         |   9|          2|    1|          2|
    |q_ce1                         |  14|          3|    1|          3|
    |q_stream_TREADY_int_regslice  |   9|          2|    1|          2|
    |q_we1                         |   9|          2|    1|          2|
    |v_ce0                         |   9|          2|    1|          2|
    |v_ce1                         |   9|          2|    1|          2|
    |v_stream_TREADY_int_regslice  |   9|          2|    1|          2|
    |v_we1                         |   9|          2|    1|          2|
    +------------------------------+----+-----------+-----+-----------+
    |Total                         | 360|         78|  206|        550|
    +------------------------------+----+-----------+-----+-----------+

    * Register: 
    +------------------------------------------------------------------+----+----+-----+-----------+
    |                               Name                               | FF | LUT| Bits| Const Bits|
    +------------------------------------------------------------------+----+----+-----+-----------+
    |ap_CS_fsm                                                         |  18|   0|   18|          0|
    |group_fu_98                                                       |   3|   0|    3|          0|
    |grp_attention_group_fu_161_ap_start_reg                           |   1|   0|    1|          0|
    |grp_bert_attn_core_kernel_Pipeline_LOAD_MASK_fu_139_ap_start_reg  |   1|   0|    1|          0|
    |grp_read_qkv_group_fu_148_ap_start_reg                            |   1|   0|    1|          0|
    |grp_write_context_group_stream_fu_171_ap_start_reg                |   1|   0|    1|          0|
    |trunc_ln_reg_239                                                  |  62|   0|   62|          0|
    +------------------------------------------------------------------+----+----+-----+-----------+
    |Total                                                             |  87|   0|   87|          0|
    +------------------------------------------------------------------+----+----+-----+-----------+



================================================================
== Interface
================================================================
* Summary: 
+--------------------------+-----+-----+------------+-----------------------+--------------+
|         RTL Ports        | Dir | Bits|  Protocol  |     Source Object     |    C Type    |
+--------------------------+-----+-----+------------+-----------------------+--------------+
|s_axi_control_AWVALID     |   in|    1|       s_axi|                control|        scalar|
|s_axi_control_AWREADY     |  out|    1|       s_axi|                control|        scalar|
|s_axi_control_AWADDR      |   in|    5|       s_axi|                control|        scalar|
|s_axi_control_WVALID      |   in|    1|       s_axi|                control|        scalar|
|s_axi_control_WREADY      |  out|    1|       s_axi|                control|        scalar|
|s_axi_control_WDATA       |   in|   32|       s_axi|                control|        scalar|
|s_axi_control_WSTRB       |   in|    4|       s_axi|                control|        scalar|
|s_axi_control_ARVALID     |   in|    1|       s_axi|                control|        scalar|
|s_axi_control_ARREADY     |  out|    1|       s_axi|                control|        scalar|
|s_axi_control_ARADDR      |   in|    5|       s_axi|                control|        scalar|
|s_axi_control_RVALID      |  out|    1|       s_axi|                control|        scalar|
|s_axi_control_RREADY      |   in|    1|       s_axi|                control|        scalar|
|s_axi_control_RDATA       |  out|   32|       s_axi|                control|        scalar|
|s_axi_control_RRESP       |  out|    2|       s_axi|                control|        scalar|
|s_axi_control_BVALID      |  out|    1|       s_axi|                control|        scalar|
|s_axi_control_BREADY      |   in|    1|       s_axi|                control|        scalar|
|s_axi_control_BRESP       |  out|    2|       s_axi|                control|        scalar|
|ap_clk                    |   in|    1|  ap_ctrl_hs|  bert_attn_core_kernel|  return value|
|ap_rst_n                  |   in|    1|  ap_ctrl_hs|  bert_attn_core_kernel|  return value|
|interrupt                 |  out|    1|  ap_ctrl_hs|  bert_attn_core_kernel|  return value|
|m_axi_gmem_mask_AWVALID   |  out|    1|       m_axi|              gmem_mask|       pointer|
|m_axi_gmem_mask_AWREADY   |   in|    1|       m_axi|              gmem_mask|       pointer|
|m_axi_gmem_mask_AWADDR    |  out|   64|       m_axi|              gmem_mask|       pointer|
|m_axi_gmem_mask_AWID      |  out|    1|       m_axi|              gmem_mask|       pointer|
|m_axi_gmem_mask_AWLEN     |  out|    8|       m_axi|              gmem_mask|       pointer|
|m_axi_gmem_mask_AWSIZE    |  out|    3|       m_axi|              gmem_mask|       pointer|
|m_axi_gmem_mask_AWBURST   |  out|    2|       m_axi|              gmem_mask|       pointer|
|m_axi_gmem_mask_AWLOCK    |  out|    2|       m_axi|              gmem_mask|       pointer|
|m_axi_gmem_mask_AWCACHE   |  out|    4|       m_axi|              gmem_mask|       pointer|
|m_axi_gmem_mask_AWPROT    |  out|    3|       m_axi|              gmem_mask|       pointer|
|m_axi_gmem_mask_AWQOS     |  out|    4|       m_axi|              gmem_mask|       pointer|
|m_axi_gmem_mask_AWREGION  |  out|    4|       m_axi|              gmem_mask|       pointer|
|m_axi_gmem_mask_AWUSER    |  out|    1|       m_axi|              gmem_mask|       pointer|
|m_axi_gmem_mask_WVALID    |  out|    1|       m_axi|              gmem_mask|       pointer|
|m_axi_gmem_mask_WREADY    |   in|    1|       m_axi|              gmem_mask|       pointer|
|m_axi_gmem_mask_WDATA     |  out|   32|       m_axi|              gmem_mask|       pointer|
|m_axi_gmem_mask_WSTRB     |  out|    4|       m_axi|              gmem_mask|       pointer|
|m_axi_gmem_mask_WLAST     |  out|    1|       m_axi|              gmem_mask|       pointer|
|m_axi_gmem_mask_WID       |  out|    1|       m_axi|              gmem_mask|       pointer|
|m_axi_gmem_mask_WUSER     |  out|    1|       m_axi|              gmem_mask|       pointer|
|m_axi_gmem_mask_ARVALID   |  out|    1|       m_axi|              gmem_mask|       pointer|
|m_axi_gmem_mask_ARREADY   |   in|    1|       m_axi|              gmem_mask|       pointer|
|m_axi_gmem_mask_ARADDR    |  out|   64|       m_axi|              gmem_mask|       pointer|
|m_axi_gmem_mask_ARID      |  out|    1|       m_axi|              gmem_mask|       pointer|
|m_axi_gmem_mask_ARLEN     |  out|    8|       m_axi|              gmem_mask|       pointer|
|m_axi_gmem_mask_ARSIZE    |  out|    3|       m_axi|              gmem_mask|       pointer|
|m_axi_gmem_mask_ARBURST   |  out|    2|       m_axi|              gmem_mask|       pointer|
|m_axi_gmem_mask_ARLOCK    |  out|    2|       m_axi|              gmem_mask|       pointer|
|m_axi_gmem_mask_ARCACHE   |  out|    4|       m_axi|              gmem_mask|       pointer|
|m_axi_gmem_mask_ARPROT    |  out|    3|       m_axi|              gmem_mask|       pointer|
|m_axi_gmem_mask_ARQOS     |  out|    4|       m_axi|              gmem_mask|       pointer|
|m_axi_gmem_mask_ARREGION  |  out|    4|       m_axi|              gmem_mask|       pointer|
|m_axi_gmem_mask_ARUSER    |  out|    1|       m_axi|              gmem_mask|       pointer|
|m_axi_gmem_mask_RVALID    |   in|    1|       m_axi|              gmem_mask|       pointer|
|m_axi_gmem_mask_RREADY    |  out|    1|       m_axi|              gmem_mask|       pointer|
|m_axi_gmem_mask_RDATA     |   in|   32|       m_axi|              gmem_mask|       pointer|
|m_axi_gmem_mask_RLAST     |   in|    1|       m_axi|              gmem_mask|       pointer|
|m_axi_gmem_mask_RID       |   in|    1|       m_axi|              gmem_mask|       pointer|
|m_axi_gmem_mask_RUSER     |   in|    1|       m_axi|              gmem_mask|       pointer|
|m_axi_gmem_mask_RRESP     |   in|    2|       m_axi|              gmem_mask|       pointer|
|m_axi_gmem_mask_BVALID    |   in|    1|       m_axi|              gmem_mask|       pointer|
|m_axi_gmem_mask_BREADY    |  out|    1|       m_axi|              gmem_mask|       pointer|
|m_axi_gmem_mask_BRESP     |   in|    2|       m_axi|              gmem_mask|       pointer|
|m_axi_gmem_mask_BID       |   in|    1|       m_axi|              gmem_mask|       pointer|
|m_axi_gmem_mask_BUSER     |   in|    1|       m_axi|              gmem_mask|       pointer|
|q_stream_TDATA            |   in|  512|        axis|               q_stream|       pointer|
|q_stream_TVALID           |   in|    1|        axis|               q_stream|       pointer|
|q_stream_TREADY           |  out|    1|        axis|               q_stream|       pointer|
|k_stream_TDATA            |   in|  512|        axis|               k_stream|       pointer|
|k_stream_TVALID           |   in|    1|        axis|               k_stream|       pointer|
|k_stream_TREADY           |  out|    1|        axis|               k_stream|       pointer|
|v_stream_TDATA            |   in|  512|        axis|               v_stream|       pointer|
|v_stream_TVALID           |   in|    1|        axis|               v_stream|       pointer|
|v_stream_TREADY           |  out|    1|        axis|               v_stream|       pointer|
|context_stream_TDATA      |  out|  512|        axis|         context_stream|       pointer|
|context_stream_TVALID     |  out|    1|        axis|         context_stream|       pointer|
|context_stream_TREADY     |   in|    1|        axis|         context_stream|       pointer|
+--------------------------+-----+-----+------------+-----------------------+--------------+

