

================================================================
== Vitis HLS Report for 'load_norm_parameters'
================================================================
* Date:           Mon Jul 13 10:38:59 2026

* Version:        2022.1 (Build 3526262 on Mon Apr 18 15:47:01 MDT 2022)
* Project:        proj_bert_attn_out_norm_kernel
* Solution:       solution1 (Vivado IP Flow Target)
* Product family: virtexuplus
* Target device:  xcu250-figd2104-2L-e


================================================================
== Performance Estimates
================================================================
+ Timing: 
    * Summary: 
    +--------+---------+----------+------------+
    |  Clock |  Target | Estimated| Uncertainty|
    +--------+---------+----------+------------+
    |ap_clk  |  3.33 ns|  2.500 ns|     0.83 ns|
    +--------+---------+----------+------------+

+ Latency: 
    * Summary: 
    +---------+---------+----------+----------+-----+-----+---------+
    |  Latency (cycles) |  Latency (absolute) |  Interval | Pipeline|
    |   min   |   max   |    min   |    max   | min | max |   Type  |
    +---------+---------+----------+----------+-----+-----+---------+
    |      106|      106|  0.353 us|  0.353 us|  106|  106|       no|
    +---------+---------+----------+----------+-----+-----+---------+

    + Detail: 
        * Instance: 
        N/A

        * Loop: 
        +------------------+---------+---------+----------+-----------+-----------+------+----------+
        |                  |  Latency (cycles) | Iteration|  Initiation Interval  | Trip |          |
        |     Loop Name    |   min   |   max   |  Latency |  achieved |   target  | Count| Pipelined|
        +------------------+---------+---------+----------+-----------+-----------+------+----------+
        |- LOAD_NORM_PACK  |      104|      104|        11|          2|          1|    48|       yes|
        +------------------+---------+---------+----------+-----------+-----------+------+----------+



================================================================
== Utilization Estimates
================================================================
* Summary: 
+---------------------+---------+-------+---------+---------+------+
|         Name        | BRAM_18K|  DSP  |    FF   |   LUT   | URAM |
+---------------------+---------+-------+---------+---------+------+
|DSP                  |        -|      -|        -|        -|     -|
|Expression           |        -|      -|        0|      163|     -|
|FIFO                 |        -|      -|        -|        -|     -|
|Instance             |        -|      -|        -|        -|     -|
|Memory               |        -|      -|        -|        -|     -|
|Multiplexer          |        -|      -|        -|      136|     -|
|Register             |        -|      -|     1302|       64|     -|
+---------------------+---------+-------+---------+---------+------+
|Total                |        0|      0|     1302|      363|     0|
+---------------------+---------+-------+---------+---------+------+
|Available SLR        |     1344|   3072|   864000|   432000|   320|
+---------------------+---------+-------+---------+---------+------+
|Utilization SLR (%)  |        0|      0|       ~0|       ~0|     0|
+---------------------+---------+-------+---------+---------+------+
|Available            |     5376|  12288|  3456000|  1728000|  1280|
+---------------------+---------+-------+---------+---------+------+
|Utilization (%)      |        0|      0|       ~0|       ~0|     0|
+---------------------+---------+-------+---------+---------+------+

+ Detail: 
    * Instance: 
    N/A

    * DSP: 
    N/A

    * Memory: 
    N/A

    * FIFO: 
    N/A

    * Expression: 
    +---------------------------+----------+----+---+----+------------+------------+
    |       Variable Name       | Operation| DSP| FF| LUT| Bitwidth P0| Bitwidth P1|
    +---------------------------+----------+----+---+----+------------+------------+
    |add_ln194_fu_184_p2        |         +|   0|  0|  13|           6|           1|
    |add_ln713_1_fu_200_p2      |         +|   0|  0|  66|          59|          59|
    |add_ln713_fu_194_p2        |         +|   0|  0|  66|          59|          59|
    |ap_block_state2_io         |       and|   0|  0|   2|           1|           1|
    |icmp_ln194_fu_178_p2       |      icmp|   0|  0|  10|           6|           6|
    |ap_block_pp0_stage0_11001  |        or|   0|  0|   2|           1|           1|
    |ap_block_pp0_stage1_11001  |        or|   0|  0|   2|           1|           1|
    |ap_enable_pp0              |       xor|   0|  0|   2|           1|           2|
    +---------------------------+----------+----+---+----+------------+------------+
    |Total                      |          |   0|  0| 163|         134|         130|
    +---------------------------+----------+----+---+----+------------+------------+

    * Multiplexer: 
    +----------------------------------+----+-----------+-----+-----------+
    |               Name               | LUT| Input Size| Bits| Total Bits|
    +----------------------------------+----+-----------+-----+-----------+
    |ap_NS_fsm                         |  14|          3|    1|          3|
    |ap_done_int                       |   9|          2|    1|          2|
    |ap_enable_reg_pp0_iter0           |   9|          2|    1|          2|
    |ap_enable_reg_pp0_iter1           |   9|          2|    1|          2|
    |ap_enable_reg_pp0_iter5           |   9|          2|    1|          2|
    |ap_loop_exit_ready_pp0_iter1_reg  |   9|          2|    1|          2|
    |ap_loop_exit_ready_pp0_iter2_reg  |   9|          2|    1|          2|
    |ap_loop_exit_ready_pp0_iter3_reg  |   9|          2|    1|          2|
    |ap_loop_exit_ready_pp0_iter4_reg  |   9|          2|    1|          2|
    |ap_sig_allocacmp_p_4              |   9|          2|    6|         12|
    |gmem_norm_blk_n_AR                |   9|          2|    1|          2|
    |gmem_norm_blk_n_R                 |   9|          2|    1|          2|
    |m_axi_gmem_norm_ARADDR            |  14|          3|   64|        192|
    |p_fu_68                           |   9|          2|    6|         12|
    +----------------------------------+----+-----------+-----+-----------+
    |Total                             | 136|         30|   87|        239|
    +----------------------------------+----+-----------+-----+-----------+

    * Register: 
    +----------------------------------+-----+----+-----+-----------+
    |               Name               |  FF | LUT| Bits| Const Bits|
    +----------------------------------+-----+----+-----+-----------+
    |add_ln713_1_reg_256               |   59|   0|   59|          0|
    |add_ln713_reg_251                 |   59|   0|   59|          0|
    |ap_CS_fsm                         |    2|   0|    2|          0|
    |ap_done_reg                       |    1|   0|    1|          0|
    |ap_enable_reg_pp0_iter0_reg       |    1|   0|    1|          0|
    |ap_enable_reg_pp0_iter1           |    1|   0|    1|          0|
    |ap_enable_reg_pp0_iter2           |    1|   0|    1|          0|
    |ap_enable_reg_pp0_iter3           |    1|   0|    1|          0|
    |ap_enable_reg_pp0_iter4           |    1|   0|    1|          0|
    |ap_enable_reg_pp0_iter5           |    1|   0|    1|          0|
    |ap_loop_exit_ready_pp0_iter1_reg  |    1|   0|    1|          0|
    |ap_loop_exit_ready_pp0_iter2_reg  |    1|   0|    1|          0|
    |ap_loop_exit_ready_pp0_iter3_reg  |    1|   0|    1|          0|
    |ap_loop_exit_ready_pp0_iter4_reg  |    1|   0|    1|          0|
    |icmp_ln194_reg_247                |    1|   0|    1|          0|
    |p_4_reg_242                       |    6|   0|    6|          0|
    |p_fu_68                           |    6|   0|    6|          0|
    |t_1_reg_283                       |  512|   0|  512|          0|
    |t_reg_273                         |  512|   0|  512|          0|
    |zext_ln194_reg_278                |    6|   0|   64|         58|
    |icmp_ln194_reg_247                |   64|  32|    1|          0|
    |p_4_reg_242                       |   64|  32|    6|          0|
    +----------------------------------+-----+----+-----+-----------+
    |Total                             | 1302|  64| 1239|         58|
    +----------------------------------+-----+----+-----+-----------+



================================================================
== Interface
================================================================
* Summary: 
+--------------------------+-----+-----+------------+----------------------+--------------+
|         RTL Ports        | Dir | Bits|  Protocol  |     Source Object    |    C Type    |
+--------------------------+-----+-----+------------+----------------------+--------------+
|ap_clk                    |   in|    1|  ap_ctrl_hs|  load_norm_parameters|  return value|
|ap_rst                    |   in|    1|  ap_ctrl_hs|  load_norm_parameters|  return value|
|ap_start                  |   in|    1|  ap_ctrl_hs|  load_norm_parameters|  return value|
|ap_done                   |  out|    1|  ap_ctrl_hs|  load_norm_parameters|  return value|
|ap_idle                   |  out|    1|  ap_ctrl_hs|  load_norm_parameters|  return value|
|ap_ready                  |  out|    1|  ap_ctrl_hs|  load_norm_parameters|  return value|
|m_axi_gmem_norm_AWVALID   |  out|    1|       m_axi|             gmem_norm|       pointer|
|m_axi_gmem_norm_AWREADY   |   in|    1|       m_axi|             gmem_norm|       pointer|
|m_axi_gmem_norm_AWADDR    |  out|   64|       m_axi|             gmem_norm|       pointer|
|m_axi_gmem_norm_AWID      |  out|    1|       m_axi|             gmem_norm|       pointer|
|m_axi_gmem_norm_AWLEN     |  out|   32|       m_axi|             gmem_norm|       pointer|
|m_axi_gmem_norm_AWSIZE    |  out|    3|       m_axi|             gmem_norm|       pointer|
|m_axi_gmem_norm_AWBURST   |  out|    2|       m_axi|             gmem_norm|       pointer|
|m_axi_gmem_norm_AWLOCK    |  out|    2|       m_axi|             gmem_norm|       pointer|
|m_axi_gmem_norm_AWCACHE   |  out|    4|       m_axi|             gmem_norm|       pointer|
|m_axi_gmem_norm_AWPROT    |  out|    3|       m_axi|             gmem_norm|       pointer|
|m_axi_gmem_norm_AWQOS     |  out|    4|       m_axi|             gmem_norm|       pointer|
|m_axi_gmem_norm_AWREGION  |  out|    4|       m_axi|             gmem_norm|       pointer|
|m_axi_gmem_norm_AWUSER    |  out|    1|       m_axi|             gmem_norm|       pointer|
|m_axi_gmem_norm_WVALID    |  out|    1|       m_axi|             gmem_norm|       pointer|
|m_axi_gmem_norm_WREADY    |   in|    1|       m_axi|             gmem_norm|       pointer|
|m_axi_gmem_norm_WDATA     |  out|  512|       m_axi|             gmem_norm|       pointer|
|m_axi_gmem_norm_WSTRB     |  out|   64|       m_axi|             gmem_norm|       pointer|
|m_axi_gmem_norm_WLAST     |  out|    1|       m_axi|             gmem_norm|       pointer|
|m_axi_gmem_norm_WID       |  out|    1|       m_axi|             gmem_norm|       pointer|
|m_axi_gmem_norm_WUSER     |  out|    1|       m_axi|             gmem_norm|       pointer|
|m_axi_gmem_norm_ARVALID   |  out|    1|       m_axi|             gmem_norm|       pointer|
|m_axi_gmem_norm_ARREADY   |   in|    1|       m_axi|             gmem_norm|       pointer|
|m_axi_gmem_norm_ARADDR    |  out|   64|       m_axi|             gmem_norm|       pointer|
|m_axi_gmem_norm_ARID      |  out|    1|       m_axi|             gmem_norm|       pointer|
|m_axi_gmem_norm_ARLEN     |  out|   32|       m_axi|             gmem_norm|       pointer|
|m_axi_gmem_norm_ARSIZE    |  out|    3|       m_axi|             gmem_norm|       pointer|
|m_axi_gmem_norm_ARBURST   |  out|    2|       m_axi|             gmem_norm|       pointer|
|m_axi_gmem_norm_ARLOCK    |  out|    2|       m_axi|             gmem_norm|       pointer|
|m_axi_gmem_norm_ARCACHE   |  out|    4|       m_axi|             gmem_norm|       pointer|
|m_axi_gmem_norm_ARPROT    |  out|    3|       m_axi|             gmem_norm|       pointer|
|m_axi_gmem_norm_ARQOS     |  out|    4|       m_axi|             gmem_norm|       pointer|
|m_axi_gmem_norm_ARREGION  |  out|    4|       m_axi|             gmem_norm|       pointer|
|m_axi_gmem_norm_ARUSER    |  out|    1|       m_axi|             gmem_norm|       pointer|
|m_axi_gmem_norm_RVALID    |   in|    1|       m_axi|             gmem_norm|       pointer|
|m_axi_gmem_norm_RREADY    |  out|    1|       m_axi|             gmem_norm|       pointer|
|m_axi_gmem_norm_RDATA     |   in|  512|       m_axi|             gmem_norm|       pointer|
|m_axi_gmem_norm_RLAST     |   in|    1|       m_axi|             gmem_norm|       pointer|
|m_axi_gmem_norm_RID       |   in|    1|       m_axi|             gmem_norm|       pointer|
|m_axi_gmem_norm_RFIFONUM  |   in|    9|       m_axi|             gmem_norm|       pointer|
|m_axi_gmem_norm_RUSER     |   in|    1|       m_axi|             gmem_norm|       pointer|
|m_axi_gmem_norm_RRESP     |   in|    2|       m_axi|             gmem_norm|       pointer|
|m_axi_gmem_norm_BVALID    |   in|    1|       m_axi|             gmem_norm|       pointer|
|m_axi_gmem_norm_BREADY    |  out|    1|       m_axi|             gmem_norm|       pointer|
|m_axi_gmem_norm_BRESP     |   in|    2|       m_axi|             gmem_norm|       pointer|
|m_axi_gmem_norm_BID       |   in|    1|       m_axi|             gmem_norm|       pointer|
|m_axi_gmem_norm_BUSER     |   in|    1|       m_axi|             gmem_norm|       pointer|
|gamma                     |   in|   64|     ap_none|                 gamma|        scalar|
|beta                      |   in|   64|     ap_none|                  beta|        scalar|
|gamma_cache_address1      |  out|    6|   ap_memory|           gamma_cache|         array|
|gamma_cache_ce1           |  out|    1|   ap_memory|           gamma_cache|         array|
|gamma_cache_we1           |  out|    1|   ap_memory|           gamma_cache|         array|
|gamma_cache_d1            |  out|  512|   ap_memory|           gamma_cache|         array|
|beta_cache_address1       |  out|    6|   ap_memory|            beta_cache|         array|
|beta_cache_ce1            |  out|    1|   ap_memory|            beta_cache|         array|
|beta_cache_we1            |  out|    1|   ap_memory|            beta_cache|         array|
|beta_cache_d1             |  out|  512|   ap_memory|            beta_cache|         array|
+--------------------------+-----+-----+------------+----------------------+--------------+

