

================================================================
== Vitis HLS Report for 'load_residual'
================================================================
* Date:           Mon Jul 13 10:38:54 2026

* Version:        2022.1 (Build 3526262 on Mon Apr 18 15:47:01 MDT 2022)
* Project:        proj_bert_attn_out_norm_kernel
* Solution:       solution1 (Vivado IP Flow Target)
* Product family: virtexuplus
* Target device:  xcu250-figd2104-2L-e


================================================================
== Performance Estimates
================================================================
+ Timing: 
    * Summary: 
    +--------+---------+----------+------------+
    |  Clock |  Target | Estimated| Uncertainty|
    +--------+---------+----------+------------+
    |ap_clk  |  3.33 ns|  2.500 ns|     0.83 ns|
    +--------+---------+----------+------------+

+ Latency: 
    * Summary: 
    +---------+---------+-----------+-----------+------+------+---------+
    |  Latency (cycles) |   Latency (absolute)  |   Interval  | Pipeline|
    |   min   |   max   |    min    |    max    |  min |  max |   Type  |
    +---------+---------+-----------+-----------+------+------+---------+
    |     6155|     6155|  20.515 us|  20.515 us|  6155|  6155|       no|
    +---------+---------+-----------+-----------+------+------+---------+

    + Detail: 
        * Instance: 
        +-----------------------------------------------------------------------+-------------------------------------------------------------+---------+---------+-----------+-----------+------+------+---------+
        |                                                                       |                                                             |  Latency (cycles) |   Latency (absolute)  |   Interval  | Pipeline|
        |                                Instance                               |                            Module                           |   min   |   max   |    min    |    max    |  min |  max |   Type  |
        +-----------------------------------------------------------------------+-------------------------------------------------------------+---------+---------+-----------+-----------+------+------+---------+
        |grp_load_residual_Pipeline_LOAD_RESIDUAL_ROW_LOAD_RESIDUAL_PACK_fu_57  |load_residual_Pipeline_LOAD_RESIDUAL_ROW_LOAD_RESIDUAL_PACK  |     6147|     6147|  20.488 us|  20.488 us|  6147|  6147|       no|
        +-----------------------------------------------------------------------+-------------------------------------------------------------+---------+---------+-----------+-----------+------+------+---------+

        * Loop: 
        N/A



================================================================
== Utilization Estimates
================================================================
* Summary: 
+---------------------+---------+-------+---------+---------+------+
|         Name        | BRAM_18K|  DSP  |    FF   |   LUT   | URAM |
+---------------------+---------+-------+---------+---------+------+
|DSP                  |        -|      -|        -|        -|     -|
|Expression           |        -|      -|        -|        -|     -|
|FIFO                 |        -|      -|        -|        -|     -|
|Instance             |        -|      -|      558|      187|     -|
|Memory               |        -|      -|        -|        -|     -|
|Multiplexer          |        -|      -|        -|      195|     -|
|Register             |        -|      -|       68|        -|     -|
+---------------------+---------+-------+---------+---------+------+
|Total                |        0|      0|      626|      382|     0|
+---------------------+---------+-------+---------+---------+------+
|Available SLR        |     1344|   3072|   864000|   432000|   320|
+---------------------+---------+-------+---------+---------+------+
|Utilization SLR (%)  |        0|      0|       ~0|       ~0|     0|
+---------------------+---------+-------+---------+---------+------+
|Available            |     5376|  12288|  3456000|  1728000|  1280|
+---------------------+---------+-------+---------+---------+------+
|Utilization (%)      |        0|      0|       ~0|       ~0|     0|
+---------------------+---------+-------+---------+---------+------+

+ Detail: 
    * Instance: 
    +-----------------------------------------------------------------------+-------------------------------------------------------------+---------+----+-----+-----+-----+
    |                                Instance                               |                            Module                           | BRAM_18K| DSP|  FF | LUT | URAM|
    +-----------------------------------------------------------------------+-------------------------------------------------------------+---------+----+-----+-----+-----+
    |grp_load_residual_Pipeline_LOAD_RESIDUAL_ROW_LOAD_RESIDUAL_PACK_fu_57  |load_residual_Pipeline_LOAD_RESIDUAL_ROW_LOAD_RESIDUAL_PACK  |        0|   0|  558|  187|    0|
    +-----------------------------------------------------------------------+-------------------------------------------------------------+---------+----+-----+-----+-----+
    |Total                                                                  |                                                             |        0|   0|  558|  187|    0|
    +-----------------------------------------------------------------------+-------------------------------------------------------------+---------+----+-----+-----+-----+

    * DSP: 
    N/A

    * Memory: 
    N/A

    * FIFO: 
    N/A

    * Expression: 
    N/A

    * Multiplexer: 
    +----------------------------+----+-----------+-----+-----------+
    |            Name            | LUT| Input Size| Bits| Total Bits|
    +----------------------------+----+-----------+-----+-----------+
    |ap_NS_fsm                   |  54|         10|    1|         10|
    |gmem_hidden_blk_n_AR        |   9|          2|    1|          2|
    |m_axi_gmem_hidden_ARADDR    |  14|          3|   64|        192|
    |m_axi_gmem_hidden_ARBURST   |   9|          2|    2|          4|
    |m_axi_gmem_hidden_ARCACHE   |   9|          2|    4|          8|
    |m_axi_gmem_hidden_ARID      |   9|          2|    1|          2|
    |m_axi_gmem_hidden_ARLEN     |  14|          3|   32|         96|
    |m_axi_gmem_hidden_ARLOCK    |   9|          2|    2|          4|
    |m_axi_gmem_hidden_ARPROT    |   9|          2|    3|          6|
    |m_axi_gmem_hidden_ARQOS     |   9|          2|    4|          8|
    |m_axi_gmem_hidden_ARREGION  |   9|          2|    4|          8|
    |m_axi_gmem_hidden_ARSIZE    |   9|          2|    3|          6|
    |m_axi_gmem_hidden_ARUSER    |   9|          2|    1|          2|
    |m_axi_gmem_hidden_ARVALID   |  14|          3|    1|          3|
    |m_axi_gmem_hidden_RREADY    |   9|          2|    1|          2|
    +----------------------------+----+-----------+-----+-----------+
    |Total                       | 195|         41|  124|        353|
    +----------------------------+----+-----------+-----+-----------+

    * Register: 
    +------------------------------------------------------------------------------------+----+----+-----+-----------+
    |                                        Name                                        | FF | LUT| Bits| Const Bits|
    +------------------------------------------------------------------------------------+----+----+-----+-----------+
    |ap_CS_fsm                                                                           |   9|   0|    9|          0|
    |grp_load_residual_Pipeline_LOAD_RESIDUAL_ROW_LOAD_RESIDUAL_PACK_fu_57_ap_start_reg  |   1|   0|    1|          0|
    |trunc_ln_reg_87                                                                     |  58|   0|   58|          0|
    +------------------------------------------------------------------------------------+----+----+-----+-----------+
    |Total                                                                               |  68|   0|   68|          0|
    +------------------------------------------------------------------------------------+----+----+-----+-----------+



================================================================
== Interface
================================================================
* Summary: 
+----------------------------+-----+-----+------------+---------------+--------------+
|          RTL Ports         | Dir | Bits|  Protocol  | Source Object |    C Type    |
+----------------------------+-----+-----+------------+---------------+--------------+
|ap_clk                      |   in|    1|  ap_ctrl_hs|  load_residual|  return value|
|ap_rst                      |   in|    1|  ap_ctrl_hs|  load_residual|  return value|
|ap_start                    |   in|    1|  ap_ctrl_hs|  load_residual|  return value|
|ap_done                     |  out|    1|  ap_ctrl_hs|  load_residual|  return value|
|ap_idle                     |  out|    1|  ap_ctrl_hs|  load_residual|  return value|
|ap_ready                    |  out|    1|  ap_ctrl_hs|  load_residual|  return value|
|m_axi_gmem_hidden_AWVALID   |  out|    1|       m_axi|    gmem_hidden|       pointer|
|m_axi_gmem_hidden_AWREADY   |   in|    1|       m_axi|    gmem_hidden|       pointer|
|m_axi_gmem_hidden_AWADDR    |  out|   64|       m_axi|    gmem_hidden|       pointer|
|m_axi_gmem_hidden_AWID      |  out|    1|       m_axi|    gmem_hidden|       pointer|
|m_axi_gmem_hidden_AWLEN     |  out|   32|       m_axi|    gmem_hidden|       pointer|
|m_axi_gmem_hidden_AWSIZE    |  out|    3|       m_axi|    gmem_hidden|       pointer|
|m_axi_gmem_hidden_AWBURST   |  out|    2|       m_axi|    gmem_hidden|       pointer|
|m_axi_gmem_hidden_AWLOCK    |  out|    2|       m_axi|    gmem_hidden|       pointer|
|m_axi_gmem_hidden_AWCACHE   |  out|    4|       m_axi|    gmem_hidden|       pointer|
|m_axi_gmem_hidden_AWPROT    |  out|    3|       m_axi|    gmem_hidden|       pointer|
|m_axi_gmem_hidden_AWQOS     |  out|    4|       m_axi|    gmem_hidden|       pointer|
|m_axi_gmem_hidden_AWREGION  |  out|    4|       m_axi|    gmem_hidden|       pointer|
|m_axi_gmem_hidden_AWUSER    |  out|    1|       m_axi|    gmem_hidden|       pointer|
|m_axi_gmem_hidden_WVALID    |  out|    1|       m_axi|    gmem_hidden|       pointer|
|m_axi_gmem_hidden_WREADY    |   in|    1|       m_axi|    gmem_hidden|       pointer|
|m_axi_gmem_hidden_WDATA     |  out|  512|       m_axi|    gmem_hidden|       pointer|
|m_axi_gmem_hidden_WSTRB     |  out|   64|       m_axi|    gmem_hidden|       pointer|
|m_axi_gmem_hidden_WLAST     |  out|    1|       m_axi|    gmem_hidden|       pointer|
|m_axi_gmem_hidden_WID       |  out|    1|       m_axi|    gmem_hidden|       pointer|
|m_axi_gmem_hidden_WUSER     |  out|    1|       m_axi|    gmem_hidden|       pointer|
|m_axi_gmem_hidden_ARVALID   |  out|    1|       m_axi|    gmem_hidden|       pointer|
|m_axi_gmem_hidden_ARREADY   |   in|    1|       m_axi|    gmem_hidden|       pointer|
|m_axi_gmem_hidden_ARADDR    |  out|   64|       m_axi|    gmem_hidden|       pointer|
|m_axi_gmem_hidden_ARID      |  out|    1|       m_axi|    gmem_hidden|       pointer|
|m_axi_gmem_hidden_ARLEN     |  out|   32|       m_axi|    gmem_hidden|       pointer|
|m_axi_gmem_hidden_ARSIZE    |  out|    3|       m_axi|    gmem_hidden|       pointer|
|m_axi_gmem_hidden_ARBURST   |  out|    2|       m_axi|    gmem_hidden|       pointer|
|m_axi_gmem_hidden_ARLOCK    |  out|    2|       m_axi|    gmem_hidden|       pointer|
|m_axi_gmem_hidden_ARCACHE   |  out|    4|       m_axi|    gmem_hidden|       pointer|
|m_axi_gmem_hidden_ARPROT    |  out|    3|       m_axi|    gmem_hidden|       pointer|
|m_axi_gmem_hidden_ARQOS     |  out|    4|       m_axi|    gmem_hidden|       pointer|
|m_axi_gmem_hidden_ARREGION  |  out|    4|       m_axi|    gmem_hidden|       pointer|
|m_axi_gmem_hidden_ARUSER    |  out|    1|       m_axi|    gmem_hidden|       pointer|
|m_axi_gmem_hidden_RVALID    |   in|    1|       m_axi|    gmem_hidden|       pointer|
|m_axi_gmem_hidden_RREADY    |  out|    1|       m_axi|    gmem_hidden|       pointer|
|m_axi_gmem_hidden_RDATA     |   in|  512|       m_axi|    gmem_hidden|       pointer|
|m_axi_gmem_hidden_RLAST     |   in|    1|       m_axi|    gmem_hidden|       pointer|
|m_axi_gmem_hidden_RID       |   in|    1|       m_axi|    gmem_hidden|       pointer|
|m_axi_gmem_hidden_RFIFONUM  |   in|    9|       m_axi|    gmem_hidden|       pointer|
|m_axi_gmem_hidden_RUSER     |   in|    1|       m_axi|    gmem_hidden|       pointer|
|m_axi_gmem_hidden_RRESP     |   in|    2|       m_axi|    gmem_hidden|       pointer|
|m_axi_gmem_hidden_BVALID    |   in|    1|       m_axi|    gmem_hidden|       pointer|
|m_axi_gmem_hidden_BREADY    |  out|    1|       m_axi|    gmem_hidden|       pointer|
|m_axi_gmem_hidden_BRESP     |   in|    2|       m_axi|    gmem_hidden|       pointer|
|m_axi_gmem_hidden_BID       |   in|    1|       m_axi|    gmem_hidden|       pointer|
|m_axi_gmem_hidden_BUSER     |   in|    1|       m_axi|    gmem_hidden|       pointer|
|residual_in                 |   in|   64|     ap_none|    residual_in|        scalar|
|residual_address1           |  out|   13|   ap_memory|       residual|         array|
|residual_ce1                |  out|    1|   ap_memory|       residual|         array|
|residual_we1                |  out|    1|   ap_memory|       residual|         array|
|residual_d1                 |  out|  512|   ap_memory|       residual|         array|
+----------------------------+-----+-----+------------+---------------+--------------+

