

================================================================
== Vitis HLS Report for 'residual_norm_and_write_Pipeline_NORM_BANK_REDUCE'
================================================================
* Date:           Mon Jul 13 10:39:00 2026

* Version:        2022.1 (Build 3526262 on Mon Apr 18 15:47:01 MDT 2022)
* Project:        proj_bert_attn_out_norm_kernel
* Solution:       solution1 (Vivado IP Flow Target)
* Product family: virtexuplus
* Target device:  xcu250-figd2104-2L-e


================================================================
== Performance Estimates
================================================================
+ Timing: 
    * Summary: 
    +--------+---------+----------+------------+
    |  Clock |  Target | Estimated| Uncertainty|
    +--------+---------+----------+------------+
    |ap_clk  |  3.33 ns|  2.342 ns|     0.83 ns|
    +--------+---------+----------+------------+

+ Latency: 
    * Summary: 
    +---------+---------+----------+----------+-----+-----+---------+
    |  Latency (cycles) |  Latency (absolute) |  Interval | Pipeline|
    |   min   |   max   |    min   |    max   | min | max |   Type  |
    +---------+---------+----------+----------+-----+-----+---------+
    |      116|      116|  0.387 us|  0.387 us|  116|  116|       no|
    +---------+---------+----------+----------+-----+-----+---------+

    + Detail: 
        * Instance: 
        N/A

        * Loop: 
        +--------------------+---------+---------+----------+-----------+-----------+------+----------+
        |                    |  Latency (cycles) | Iteration|  Initiation Interval  | Trip |          |
        |      Loop Name     |   min   |   max   |  Latency |  achieved |   target  | Count| Pipelined|
        +--------------------+---------+---------+----------+-----------+-----------+------+----------+
        |- NORM_BANK_REDUCE  |      114|      114|        10|          7|          1|    16|       yes|
        +--------------------+---------+---------+----------+-----------+-----------+------+----------+



================================================================
== Utilization Estimates
================================================================
* Summary: 
+---------------------+---------+-------+---------+---------+------+
|         Name        | BRAM_18K|  DSP  |    FF   |   LUT   | URAM |
+---------------------+---------+-------+---------+---------+------+
|DSP                  |        -|      -|        -|        -|     -|
|Expression           |        -|      -|        0|       24|     -|
|FIFO                 |        -|      -|        -|        -|     -|
|Instance             |        -|      -|        0|      130|     -|
|Memory               |        -|      -|        -|        -|     -|
|Multiplexer          |        -|      -|        -|      161|     -|
|Register             |        -|      -|      176|        -|     -|
+---------------------+---------+-------+---------+---------+------+
|Total                |        0|      0|      176|      315|     0|
+---------------------+---------+-------+---------+---------+------+
|Available SLR        |     1344|   3072|   864000|   432000|   320|
+---------------------+---------+-------+---------+---------+------+
|Utilization SLR (%)  |        0|      0|       ~0|       ~0|     0|
+---------------------+---------+-------+---------+---------+------+
|Available            |     5376|  12288|  3456000|  1728000|  1280|
+---------------------+---------+-------+---------+---------+------+
|Utilization (%)      |        0|      0|       ~0|       ~0|     0|
+---------------------+---------+-------+---------+---------+------+

+ Detail: 
    * Instance: 
    +---------------------+----------------+---------+----+---+----+-----+
    |       Instance      |     Module     | BRAM_18K| DSP| FF| LUT| URAM|
    +---------------------+----------------+---------+----+---+----+-----+
    |mux_165_32_1_1_U614  |mux_165_32_1_1  |        0|   0|  0|  65|    0|
    |mux_165_32_1_1_U615  |mux_165_32_1_1  |        0|   0|  0|  65|    0|
    +---------------------+----------------+---------+----+---+----+-----+
    |Total                |                |        0|   0|  0| 130|    0|
    +---------------------+----------------+---------+----+---+----+-----+

    * DSP: 
    N/A

    * Memory: 
    N/A

    * FIFO: 
    N/A

    * Expression: 
    +----------------------+----------+----+---+----+------------+------------+
    |     Variable Name    | Operation| DSP| FF| LUT| Bitwidth P0| Bitwidth P1|
    +----------------------+----------+----+---+----+------------+------------+
    |add_ln255_fu_350_p2   |         +|   0|  0|  12|           5|           1|
    |icmp_ln255_fu_344_p2  |      icmp|   0|  0|  10|           5|           6|
    |ap_enable_pp0         |       xor|   0|  0|   2|           1|           2|
    +----------------------+----------+----+---+----+------------+------------+
    |Total                 |          |   0|  0|  24|          11|           9|
    +----------------------+----------+----+---+----+------------+------------+

    * Multiplexer: 
    +----------------------------------+----+-----------+-----+-----------+
    |               Name               | LUT| Input Size| Bits| Total Bits|
    +----------------------------------+----+-----------+-----+-----------+
    |ap_NS_fsm                         |  43|          8|    1|          8|
    |ap_done_int                       |   9|          2|    1|          2|
    |ap_enable_reg_pp0_iter0           |   9|          2|    1|          2|
    |ap_enable_reg_pp0_iter0_reg       |   9|          2|    1|          2|
    |ap_enable_reg_pp0_iter1           |   9|          2|    1|          2|
    |ap_sig_allocacmp_i_1              |   9|          2|    5|         10|
    |ap_sig_allocacmp_square_sum_load  |   9|          2|   32|         64|
    |ap_sig_allocacmp_sum_load         |   9|          2|   32|         64|
    |grp_fu_318_p0                     |  14|          3|   32|         96|
    |grp_fu_318_p1                     |  14|          3|   32|         96|
    |i_fu_108                          |   9|          2|    5|         10|
    |square_sum_fu_104                 |   9|          2|   32|         64|
    |sum_fu_100                        |   9|          2|   32|         64|
    +----------------------------------+----+-----------+-----+-----------+
    |Total                             | 161|         34|  207|        484|
    +----------------------------------+----+-----------+-----+-----------+

    * Register: 
    +-----------------------------+----+----+-----+-----------+
    |             Name            | FF | LUT| Bits| Const Bits|
    +-----------------------------+----+----+-----+-----------+
    |ap_CS_fsm                    |   7|   0|    7|          0|
    |ap_done_reg                  |   1|   0|    1|          0|
    |ap_enable_reg_pp0_iter0_reg  |   1|   0|    1|          0|
    |ap_enable_reg_pp0_iter1      |   1|   0|    1|          0|
    |i_fu_108                     |   5|   0|    5|          0|
    |icmp_ln255_reg_486           |   1|   0|    1|          0|
    |reg_322                      |  32|   0|   32|          0|
    |square_sum_fu_104            |  32|   0|   32|          0|
    |sum_fu_100                   |  32|   0|   32|          0|
    |tmp_31_reg_490               |  32|   0|   32|          0|
    |tmp_32_reg_495               |  32|   0|   32|          0|
    +-----------------------------+----+----+-----+-----------+
    |Total                        | 176|   0|  176|          0|
    +-----------------------------+----+----+-----+-----------+



================================================================
== Interface
================================================================
* Summary: 
+-----------------------+-----+-----+------------+---------------------------------------------------+--------------+
|       RTL Ports       | Dir | Bits|  Protocol  |                   Source Object                   |    C Type    |
+-----------------------+-----+-----+------------+---------------------------------------------------+--------------+
|ap_clk                 |   in|    1|  ap_ctrl_hs|  residual_norm_and_write_Pipeline_NORM_BANK_REDUCE|  return value|
|ap_rst                 |   in|    1|  ap_ctrl_hs|  residual_norm_and_write_Pipeline_NORM_BANK_REDUCE|  return value|
|ap_start               |   in|    1|  ap_ctrl_hs|  residual_norm_and_write_Pipeline_NORM_BANK_REDUCE|  return value|
|ap_done                |  out|    1|  ap_ctrl_hs|  residual_norm_and_write_Pipeline_NORM_BANK_REDUCE|  return value|
|ap_idle                |  out|    1|  ap_ctrl_hs|  residual_norm_and_write_Pipeline_NORM_BANK_REDUCE|  return value|
|ap_ready               |  out|    1|  ap_ctrl_hs|  residual_norm_and_write_Pipeline_NORM_BANK_REDUCE|  return value|
|grp_fu_401_p_din0      |  out|   32|  ap_ctrl_hs|  residual_norm_and_write_Pipeline_NORM_BANK_REDUCE|  return value|
|grp_fu_401_p_din1      |  out|   32|  ap_ctrl_hs|  residual_norm_and_write_Pipeline_NORM_BANK_REDUCE|  return value|
|grp_fu_401_p_opcode    |  out|    1|  ap_ctrl_hs|  residual_norm_and_write_Pipeline_NORM_BANK_REDUCE|  return value|
|grp_fu_401_p_dout0     |   in|   32|  ap_ctrl_hs|  residual_norm_and_write_Pipeline_NORM_BANK_REDUCE|  return value|
|grp_fu_401_p_ce        |  out|    1|  ap_ctrl_hs|  residual_norm_and_write_Pipeline_NORM_BANK_REDUCE|  return value|
|add2829_reload         |   in|   32|     ap_none|                                     add2829_reload|        scalar|
|add28_131_reload       |   in|   32|     ap_none|                                   add28_131_reload|        scalar|
|add28_233_reload       |   in|   32|     ap_none|                                   add28_233_reload|        scalar|
|add28_335_reload       |   in|   32|     ap_none|                                   add28_335_reload|        scalar|
|add28_437_reload       |   in|   32|     ap_none|                                   add28_437_reload|        scalar|
|add28_539_reload       |   in|   32|     ap_none|                                   add28_539_reload|        scalar|
|add28_641_reload       |   in|   32|     ap_none|                                   add28_641_reload|        scalar|
|add28_743_reload       |   in|   32|     ap_none|                                   add28_743_reload|        scalar|
|add28_845_reload       |   in|   32|     ap_none|                                   add28_845_reload|        scalar|
|add28_947_reload       |   in|   32|     ap_none|                                   add28_947_reload|        scalar|
|add28_1049_reload      |   in|   32|     ap_none|                                  add28_1049_reload|        scalar|
|add28_1151_reload      |   in|   32|     ap_none|                                  add28_1151_reload|        scalar|
|add28_1253_reload      |   in|   32|     ap_none|                                  add28_1253_reload|        scalar|
|add28_1355_reload      |   in|   32|     ap_none|                                  add28_1355_reload|        scalar|
|add28_1457_reload      |   in|   32|     ap_none|                                  add28_1457_reload|        scalar|
|add28_1559_reload      |   in|   32|     ap_none|                                  add28_1559_reload|        scalar|
|add3230_reload         |   in|   32|     ap_none|                                     add3230_reload|        scalar|
|add32_132_reload       |   in|   32|     ap_none|                                   add32_132_reload|        scalar|
|add32_234_reload       |   in|   32|     ap_none|                                   add32_234_reload|        scalar|
|add32_336_reload       |   in|   32|     ap_none|                                   add32_336_reload|        scalar|
|add32_438_reload       |   in|   32|     ap_none|                                   add32_438_reload|        scalar|
|add32_540_reload       |   in|   32|     ap_none|                                   add32_540_reload|        scalar|
|add32_642_reload       |   in|   32|     ap_none|                                   add32_642_reload|        scalar|
|add32_744_reload       |   in|   32|     ap_none|                                   add32_744_reload|        scalar|
|add32_846_reload       |   in|   32|     ap_none|                                   add32_846_reload|        scalar|
|add32_948_reload       |   in|   32|     ap_none|                                   add32_948_reload|        scalar|
|add32_1050_reload      |   in|   32|     ap_none|                                  add32_1050_reload|        scalar|
|add32_1152_reload      |   in|   32|     ap_none|                                  add32_1152_reload|        scalar|
|add32_1254_reload      |   in|   32|     ap_none|                                  add32_1254_reload|        scalar|
|add32_1356_reload      |   in|   32|     ap_none|                                  add32_1356_reload|        scalar|
|add32_1458_reload      |   in|   32|     ap_none|                                  add32_1458_reload|        scalar|
|add32_1560_reload      |   in|   32|     ap_none|                                  add32_1560_reload|        scalar|
|square_sum_out         |  out|   32|      ap_vld|                                     square_sum_out|       pointer|
|square_sum_out_ap_vld  |  out|    1|      ap_vld|                                     square_sum_out|       pointer|
|sum_out                |  out|   32|      ap_vld|                                            sum_out|       pointer|
|sum_out_ap_vld         |  out|    1|      ap_vld|                                            sum_out|       pointer|
+-----------------------+-----+-----+------------+---------------------------------------------------+--------------+

