

================================================================
== Vitis HLS Report for 'residual_norm_and_write_Pipeline_NORM_REDUCE_PACK'
================================================================
* Date:           Mon Jul 13 10:39:00 2026

* Version:        2022.1 (Build 3526262 on Mon Apr 18 15:47:01 MDT 2022)
* Project:        proj_bert_attn_out_norm_kernel
* Solution:       solution1 (Vivado IP Flow Target)
* Product family: virtexuplus
* Target device:  xcu250-figd2104-2L-e


================================================================
== Performance Estimates
================================================================
+ Timing: 
    * Summary: 
    +--------+---------+----------+------------+
    |  Clock |  Target | Estimated| Uncertainty|
    +--------+---------+----------+------------+
    |ap_clk  |  3.33 ns|  2.477 ns|     0.83 ns|
    +--------+---------+----------+------------+

+ Latency: 
    * Summary: 
    +---------+---------+----------+----------+-----+-----+---------+
    |  Latency (cycles) |  Latency (absolute) |  Interval | Pipeline|
    |   min   |   max   |    min   |    max   | min | max |   Type  |
    +---------+---------+----------+----------+-----+-----+---------+
    |      211|      211|  0.703 us|  0.703 us|  211|  211|       no|
    +---------+---------+----------+----------+-----+-----+---------+

    + Detail: 
        * Instance: 
        N/A

        * Loop: 
        +--------------------+---------+---------+----------+-----------+-----------+------+----------+
        |                    |  Latency (cycles) | Iteration|  Initiation Interval  | Trip |          |
        |      Loop Name     |   min   |   max   |  Latency |  achieved |   target  | Count| Pipelined|
        +--------------------+---------+---------+----------+-----------+-----------+------+----------+
        |- NORM_REDUCE_PACK  |      209|      209|        22|          4|          1|    48|       yes|
        +--------------------+---------+---------+----------+-----------+-----------+------+----------+



================================================================
== Utilization Estimates
================================================================
* Summary: 
+---------------------+---------+-------+---------+---------+------+
|         Name        | BRAM_18K|  DSP  |    FF   |   LUT   | URAM |
+---------------------+---------+-------+---------+---------+------+
|DSP                  |        -|      -|        -|        -|     -|
|Expression           |        -|      -|        0|       94|     -|
|FIFO                 |        -|      -|        -|        -|     -|
|Instance             |        -|      0|     1944|     2704|     -|
|Memory               |        -|      -|        -|        -|     -|
|Multiplexer          |        -|      -|        -|     1524|     -|
|Register             |        -|      -|     3314|       32|     -|
+---------------------+---------+-------+---------+---------+------+
|Total                |        0|      0|     5258|     4354|     0|
+---------------------+---------+-------+---------+---------+------+
|Available SLR        |     1344|   3072|   864000|   432000|   320|
+---------------------+---------+-------+---------+---------+------+
|Utilization SLR (%)  |        0|      0|       ~0|        1|     0|
+---------------------+---------+-------+---------+---------+------+
|Available            |     5376|  12288|  3456000|  1728000|  1280|
+---------------------+---------+-------+---------+---------+------+
|Utilization (%)      |        0|      0|       ~0|       ~0|     0|
+---------------------+---------+-------+---------+---------+------+

+ Detail: 
    * Instance: 
    +-----------------------------------+------------------------------+---------+----+-----+-----+-----+
    |              Instance             |            Module            | BRAM_18K| DSP|  FF | LUT | URAM|
    +-----------------------------------+------------------------------+---------+----+-----+-----+-----+
    |fadd_32ns_32ns_32_5_no_dsp_1_U564  |fadd_32ns_32ns_32_5_no_dsp_1  |        0|   0|  243|  338|    0|
    |fadd_32ns_32ns_32_5_no_dsp_1_U565  |fadd_32ns_32ns_32_5_no_dsp_1  |        0|   0|  243|  338|    0|
    |fadd_32ns_32ns_32_5_no_dsp_1_U566  |fadd_32ns_32ns_32_5_no_dsp_1  |        0|   0|  243|  338|    0|
    |fadd_32ns_32ns_32_5_no_dsp_1_U567  |fadd_32ns_32ns_32_5_no_dsp_1  |        0|   0|  243|  338|    0|
    |fadd_32ns_32ns_32_5_no_dsp_1_U568  |fadd_32ns_32ns_32_5_no_dsp_1  |        0|   0|  243|  338|    0|
    |fadd_32ns_32ns_32_5_no_dsp_1_U569  |fadd_32ns_32ns_32_5_no_dsp_1  |        0|   0|  243|  338|    0|
    |fadd_32ns_32ns_32_5_no_dsp_1_U570  |fadd_32ns_32ns_32_5_no_dsp_1  |        0|   0|  243|  338|    0|
    |fadd_32ns_32ns_32_5_no_dsp_1_U571  |fadd_32ns_32ns_32_5_no_dsp_1  |        0|   0|  243|  338|    0|
    +-----------------------------------+------------------------------+---------+----+-----+-----+-----+
    |Total                              |                              |        0|   0| 1944| 2704|    0|
    +-----------------------------------+------------------------------+---------+----+-----+-----+-----+

    * DSP: 
    N/A

    * Memory: 
    N/A

    * FIFO: 
    N/A

    * Expression: 
    +-----------------------+----------+----+---+----+------------+------------+
    |     Variable Name     | Operation| DSP| FF| LUT| Bitwidth P0| Bitwidth P1|
    +-----------------------+----------+----+---+----+------------+------------+
    |add_ln241_fu_826_p2    |         +|   0|  0|  13|           6|           1|
    |add_ln247_1_fu_859_p2  |         +|   0|  0|  21|          14|          14|
    |add_ln247_2_fu_875_p2  |         +|   0|  0|  21|          14|          14|
    |add_ln247_fu_836_p2    |         +|   0|  0|  20|          13|          13|
    |icmp_ln241_fu_820_p2   |      icmp|   0|  0|  10|           6|           6|
    |or_ln247_fu_865_p2     |        or|   0|  0|   7|           7|           1|
    |ap_enable_pp0          |       xor|   0|  0|   2|           1|           2|
    +-----------------------+----------+----+---+----+------------+------------+
    |Total                  |          |   0|  0|  94|          61|          51|
    +-----------------------+----------+----+---+----+------------+------------+

    * Multiplexer: 
    +----------------------------------------+----+-----------+-----+-----------+
    |                  Name                  | LUT| Input Size| Bits| Total Bits|
    +----------------------------------------+----+-----------+-----+-----------+
    |ap_NS_fsm                               |  26|          5|    1|          5|
    |ap_done_int                             |   9|          2|    1|          2|
    |ap_enable_reg_pp0_iter0                 |   9|          2|    1|          2|
    |ap_enable_reg_pp0_iter1                 |   9|          2|    1|          2|
    |ap_enable_reg_pp0_iter5                 |   9|          2|    1|          2|
    |ap_loop_exit_ready_pp0_iter1_reg        |   9|          2|    1|          2|
    |ap_loop_exit_ready_pp0_iter2_reg        |   9|          2|    1|          2|
    |ap_loop_exit_ready_pp0_iter3_reg        |   9|          2|    1|          2|
    |ap_loop_exit_ready_pp0_iter4_reg        |   9|          2|    1|          2|
    |ap_sig_allocacmp_p_2                    |   9|          2|    6|         12|
    |ap_sig_allocacmp_square_bank_16_load_1  |   9|          2|   32|         64|
    |ap_sig_allocacmp_square_bank_17_load_1  |   9|          2|   32|         64|
    |ap_sig_allocacmp_square_bank_18_load_1  |   9|          2|   32|         64|
    |ap_sig_allocacmp_square_bank_19_load_1  |   9|          2|   32|         64|
    |ap_sig_allocacmp_square_bank_20_load_1  |   9|          2|   32|         64|
    |ap_sig_allocacmp_square_bank_21_load_1  |   9|          2|   32|         64|
    |ap_sig_allocacmp_square_bank_22_load_1  |   9|          2|   32|         64|
    |ap_sig_allocacmp_square_bank_23_load_1  |   9|          2|   32|         64|
    |ap_sig_allocacmp_square_bank_24_load_1  |   9|          2|   32|         64|
    |ap_sig_allocacmp_square_bank_25_load_1  |   9|          2|   32|         64|
    |ap_sig_allocacmp_square_bank_26_load_1  |   9|          2|   32|         64|
    |ap_sig_allocacmp_square_bank_27_load_1  |   9|          2|   32|         64|
    |ap_sig_allocacmp_square_bank_28_load_1  |   9|          2|   32|         64|
    |ap_sig_allocacmp_square_bank_29_load_1  |   9|          2|   32|         64|
    |ap_sig_allocacmp_square_bank_30_load_1  |   9|          2|   32|         64|
    |ap_sig_allocacmp_square_bank_31_load_1  |   9|          2|   32|         64|
    |ap_sig_allocacmp_sum_bank_16_load_1     |   9|          2|   32|         64|
    |ap_sig_allocacmp_sum_bank_17_load_1     |   9|          2|   32|         64|
    |ap_sig_allocacmp_sum_bank_18_load_1     |   9|          2|   32|         64|
    |ap_sig_allocacmp_sum_bank_19_load_1     |   9|          2|   32|         64|
    |ap_sig_allocacmp_sum_bank_20_load_1     |   9|          2|   32|         64|
    |ap_sig_allocacmp_sum_bank_21_load_1     |   9|          2|   32|         64|
    |ap_sig_allocacmp_sum_bank_22_load_1     |   9|          2|   32|         64|
    |ap_sig_allocacmp_sum_bank_23_load_1     |   9|          2|   32|         64|
    |ap_sig_allocacmp_sum_bank_24_load_1     |   9|          2|   32|         64|
    |ap_sig_allocacmp_sum_bank_25_load_1     |   9|          2|   32|         64|
    |ap_sig_allocacmp_sum_bank_26_load_1     |   9|          2|   32|         64|
    |ap_sig_allocacmp_sum_bank_27_load_1     |   9|          2|   32|         64|
    |ap_sig_allocacmp_sum_bank_28_load_1     |   9|          2|   32|         64|
    |ap_sig_allocacmp_sum_bank_29_load_1     |   9|          2|   32|         64|
    |ap_sig_allocacmp_sum_bank_30_load_1     |   9|          2|   32|         64|
    |ap_sig_allocacmp_sum_bank_31_load_1     |   9|          2|   32|         64|
    |grp_fu_588_p0                           |  26|          5|   32|        160|
    |grp_fu_588_p1                           |  26|          5|   32|        160|
    |grp_fu_592_p0                           |  26|          5|   32|        160|
    |grp_fu_592_p1                           |  26|          5|   32|        160|
    |grp_fu_596_p0                           |  26|          5|   32|        160|
    |grp_fu_596_p1                           |  26|          5|   32|        160|
    |grp_fu_600_p0                           |  26|          5|   32|        160|
    |grp_fu_600_p1                           |  26|          5|   32|        160|
    |grp_fu_604_p0                           |  26|          5|   32|        160|
    |grp_fu_604_p1                           |  26|          5|   32|        160|
    |grp_fu_608_p0                           |  26|          5|   32|        160|
    |grp_fu_608_p1                           |  26|          5|   32|        160|
    |grp_fu_612_p0                           |  26|          5|   32|        160|
    |grp_fu_612_p1                           |  26|          5|   32|        160|
    |grp_fu_616_p0                           |  26|          5|   32|        160|
    |grp_fu_616_p1                           |  26|          5|   32|        160|
    |grp_fu_620_p0                           |  26|          5|   32|        160|
    |grp_fu_620_p1                           |  26|          5|   32|        160|
    |grp_fu_624_p0                           |  26|          5|   32|        160|
    |grp_fu_624_p1                           |  26|          5|   32|        160|
    |grp_fu_628_p0                           |  26|          5|   32|        160|
    |grp_fu_628_p1                           |  26|          5|   32|        160|
    |grp_fu_632_p0                           |  26|          5|   32|        160|
    |grp_fu_632_p1                           |  26|          5|   32|        160|
    |grp_fu_636_p0                           |  26|          5|   32|        160|
    |grp_fu_636_p1                           |  26|          5|   32|        160|
    |grp_fu_640_p0                           |  26|          5|   32|        160|
    |grp_fu_640_p1                           |  26|          5|   32|        160|
    |grp_fu_644_p0                           |  26|          5|   32|        160|
    |grp_fu_644_p1                           |  26|          5|   32|        160|
    |grp_fu_648_p0                           |  26|          5|   32|        160|
    |grp_fu_648_p1                           |  26|          5|   32|        160|
    |p_fu_310                                |   9|          2|    6|         12|
    |square_bank_16_fu_186                   |   9|          2|   32|         64|
    |square_bank_17_fu_194                   |   9|          2|   32|         64|
    |square_bank_18_fu_202                   |   9|          2|   32|         64|
    |square_bank_19_fu_210                   |   9|          2|   32|         64|
    |square_bank_20_fu_218                   |   9|          2|   32|         64|
    |square_bank_21_fu_226                   |   9|          2|   32|         64|
    |square_bank_22_fu_234                   |   9|          2|   32|         64|
    |square_bank_23_fu_242                   |   9|          2|   32|         64|
    |square_bank_24_fu_250                   |   9|          2|   32|         64|
    |square_bank_25_fu_258                   |   9|          2|   32|         64|
    |square_bank_26_fu_266                   |   9|          2|   32|         64|
    |square_bank_27_fu_274                   |   9|          2|   32|         64|
    |square_bank_28_fu_282                   |   9|          2|   32|         64|
    |square_bank_29_fu_290                   |   9|          2|   32|         64|
    |square_bank_30_fu_298                   |   9|          2|   32|         64|
    |square_bank_31_fu_306                   |   9|          2|   32|         64|
    |sum_bank_16_fu_182                      |   9|          2|   32|         64|
    |sum_bank_17_fu_190                      |   9|          2|   32|         64|
    |sum_bank_18_fu_198                      |   9|          2|   32|         64|
    |sum_bank_19_fu_206                      |   9|          2|   32|         64|
    |sum_bank_20_fu_214                      |   9|          2|   32|         64|
    |sum_bank_21_fu_222                      |   9|          2|   32|         64|
    |sum_bank_22_fu_230                      |   9|          2|   32|         64|
    |sum_bank_23_fu_238                      |   9|          2|   32|         64|
    |sum_bank_24_fu_246                      |   9|          2|   32|         64|
    |sum_bank_25_fu_254                      |   9|          2|   32|         64|
    |sum_bank_26_fu_262                      |   9|          2|   32|         64|
    |sum_bank_27_fu_270                      |   9|          2|   32|         64|
    |sum_bank_28_fu_278                      |   9|          2|   32|         64|
    |sum_bank_29_fu_286                      |   9|          2|   32|         64|
    |sum_bank_30_fu_294                      |   9|          2|   32|         64|
    |sum_bank_31_fu_302                      |   9|          2|   32|         64|
    +----------------------------------------+----+-----------+-----+-----------+
    |Total                                   |1524|        313| 3093|       9261|
    +----------------------------------------+----+-----------+-----+-----------+

    * Register: 
    +----------------------------------+----+----+-----+-----------+
    |               Name               | FF | LUT| Bits| Const Bits|
    +----------------------------------+----+----+-----+-----------+
    |add_ln247_1_reg_2012              |  14|   0|   14|          0|
    |add_ln247_2_reg_2017              |  14|   0|   14|          0|
    |ap_CS_fsm                         |   4|   0|    4|          0|
    |ap_done_reg                       |   1|   0|    1|          0|
    |ap_enable_reg_pp0_iter0_reg       |   1|   0|    1|          0|
    |ap_enable_reg_pp0_iter1           |   1|   0|    1|          0|
    |ap_enable_reg_pp0_iter2           |   1|   0|    1|          0|
    |ap_enable_reg_pp0_iter3           |   1|   0|    1|          0|
    |ap_enable_reg_pp0_iter4           |   1|   0|    1|          0|
    |ap_enable_reg_pp0_iter5           |   1|   0|    1|          0|
    |ap_loop_exit_ready_pp0_iter1_reg  |   1|   0|    1|          0|
    |ap_loop_exit_ready_pp0_iter2_reg  |   1|   0|    1|          0|
    |ap_loop_exit_ready_pp0_iter3_reg  |   1|   0|    1|          0|
    |ap_loop_exit_ready_pp0_iter4_reg  |   1|   0|    1|          0|
    |icmp_ln241_reg_2003               |   1|   0|    1|          0|
    |mul29_10_reg_2639                 |  32|   0|   32|          0|
    |mul29_11_reg_2664                 |  32|   0|   32|          0|
    |mul29_12_reg_2669                 |  32|   0|   32|          0|
    |mul29_13_reg_2674                 |  32|   0|   32|          0|
    |mul29_14_reg_2679                 |  32|   0|   32|          0|
    |mul29_1_reg_2549                  |  32|   0|   32|          0|
    |mul29_2_reg_2554                  |  32|   0|   32|          0|
    |mul29_3_reg_2559                  |  32|   0|   32|          0|
    |mul29_4_reg_2584                  |  32|   0|   32|          0|
    |mul29_5_reg_2589                  |  32|   0|   32|          0|
    |mul29_6_reg_2594                  |  32|   0|   32|          0|
    |mul29_7_reg_2599                  |  32|   0|   32|          0|
    |mul29_8_reg_2624                  |  32|   0|   32|          0|
    |mul29_9_reg_2629                  |  32|   0|   32|          0|
    |mul29_s_reg_2634                  |  32|   0|   32|          0|
    |mul_reg_2544                      |  32|   0|   32|          0|
    |p_fu_310                          |   6|   0|    6|          0|
    |square_bank_16_fu_186             |  32|   0|   32|          0|
    |square_bank_17_fu_194             |  32|   0|   32|          0|
    |square_bank_18_fu_202             |  32|   0|   32|          0|
    |square_bank_19_fu_210             |  32|   0|   32|          0|
    |square_bank_20_fu_218             |  32|   0|   32|          0|
    |square_bank_21_fu_226             |  32|   0|   32|          0|
    |square_bank_22_fu_234             |  32|   0|   32|          0|
    |square_bank_23_fu_242             |  32|   0|   32|          0|
    |square_bank_24_fu_250             |  32|   0|   32|          0|
    |square_bank_25_fu_258             |  32|   0|   32|          0|
    |square_bank_26_fu_266             |  32|   0|   32|          0|
    |square_bank_27_fu_274             |  32|   0|   32|          0|
    |square_bank_28_fu_282             |  32|   0|   32|          0|
    |square_bank_29_fu_290             |  32|   0|   32|          0|
    |square_bank_30_fu_298             |  32|   0|   32|          0|
    |square_bank_31_fu_306             |  32|   0|   32|          0|
    |sum_bank_16_fu_182                |  32|   0|   32|          0|
    |sum_bank_17_fu_190                |  32|   0|   32|          0|
    |sum_bank_18_fu_198                |  32|   0|   32|          0|
    |sum_bank_19_fu_206                |  32|   0|   32|          0|
    |sum_bank_20_fu_214                |  32|   0|   32|          0|
    |sum_bank_21_fu_222                |  32|   0|   32|          0|
    |sum_bank_22_fu_230                |  32|   0|   32|          0|
    |sum_bank_23_fu_238                |  32|   0|   32|          0|
    |sum_bank_24_fu_246                |  32|   0|   32|          0|
    |sum_bank_25_fu_254                |  32|   0|   32|          0|
    |sum_bank_26_fu_262                |  32|   0|   32|          0|
    |sum_bank_27_fu_270                |  32|   0|   32|          0|
    |sum_bank_28_fu_278                |  32|   0|   32|          0|
    |sum_bank_29_fu_286                |  32|   0|   32|          0|
    |sum_bank_30_fu_294                |  32|   0|   32|          0|
    |sum_bank_31_fu_302                |  32|   0|   32|          0|
    |tmp_31_reg_2052                   |  32|   0|   32|          0|
    |tmp_59_reg_2117                   |  32|   0|   32|          0|
    |tmp_60_reg_2037                   |  32|   0|   32|          0|
    |tmp_61_reg_2122                   |  32|   0|   32|          0|
    |tmp_62_reg_2042                   |  32|   0|   32|          0|
    |tmp_63_reg_2127                   |  32|   0|   32|          0|
    |tmp_64_reg_2047                   |  32|   0|   32|          0|
    |tmp_65_reg_2132                   |  32|   0|   32|          0|
    |tmp_66_reg_2137                   |  32|   0|   32|          0|
    |tmp_67_reg_2057                   |  32|   0|   32|          0|
    |tmp_68_reg_2142                   |  32|   0|   32|          0|
    |tmp_69_reg_2062                   |  32|   0|   32|          0|
    |tmp_70_reg_2147                   |  32|   0|   32|          0|
    |tmp_71_reg_2067                   |  32|   0|   32|          0|
    |tmp_72_reg_2077                   |  32|   0|   32|          0|
    |tmp_73_reg_2157                   |  32|   0|   32|          0|
    |tmp_74_reg_2082                   |  32|   0|   32|          0|
    |tmp_75_reg_2162                   |  32|   0|   32|          0|
    |tmp_76_reg_2087                   |  32|   0|   32|          0|
    |tmp_77_reg_2167                   |  32|   0|   32|          0|
    |tmp_78_reg_2092                   |  32|   0|   32|          0|
    |tmp_78_reg_2092_pp0_iter1_reg     |  32|   0|   32|          0|
    |tmp_79_reg_2172                   |  32|   0|   32|          0|
    |tmp_80_reg_2097                   |  32|   0|   32|          0|
    |tmp_80_reg_2097_pp0_iter1_reg     |  32|   0|   32|          0|
    |tmp_81_reg_2177                   |  32|   0|   32|          0|
    |tmp_82_reg_2102                   |  32|   0|   32|          0|
    |tmp_82_reg_2102_pp0_iter1_reg     |  32|   0|   32|          0|
    |tmp_83_reg_2182                   |  32|   0|   32|          0|
    |tmp_84_reg_2107                   |  32|   0|   32|          0|
    |tmp_84_reg_2107_pp0_iter1_reg     |  32|   0|   32|          0|
    |tmp_85_reg_2187                   |  32|   0|   32|          0|
    |tmp_s_reg_2032                    |  32|   0|   32|          0|
    |trunc_ln247_1_reg_2112            |  32|   0|   32|          0|
    |trunc_ln247_2_reg_2152            |  32|   0|   32|          0|
    |trunc_ln247_reg_2022              |  32|   0|   32|          0|
    |x_16_reg_2462                     |  32|   0|   32|          0|
    |x_17_reg_2469                     |  32|   0|   32|          0|
    |x_18_reg_2496                     |  32|   0|   32|          0|
    |x_19_reg_2503                     |  32|   0|   32|          0|
    |x_1_reg_2359                      |  32|   0|   32|          0|
    |x_20_reg_2510                     |  32|   0|   32|          0|
    |x_21_reg_2517                     |  32|   0|   32|          0|
    |x_2_reg_2366                      |  32|   0|   32|          0|
    |x_3_reg_2373                      |  32|   0|   32|          0|
    |x_4_reg_2400                      |  32|   0|   32|          0|
    |x_5_reg_2407                      |  32|   0|   32|          0|
    |x_6_reg_2414                      |  32|   0|   32|          0|
    |x_7_reg_2421                      |  32|   0|   32|          0|
    |x_8_reg_2448                      |  32|   0|   32|          0|
    |x_9_reg_2455                      |  32|   0|   32|          0|
    |x_reg_2352                        |  32|   0|   32|          0|
    |icmp_ln241_reg_2003               |  64|  32|    1|          0|
    +----------------------------------+----+----+-----+-----------+
    |Total                             |3314|  32| 3251|          0|
    +----------------------------------+----+----+-----+-----------+



================================================================
== Interface
================================================================
* Summary: 
+-----------------------+-----+-----+------------+---------------------------------------------------+--------------+
|       RTL Ports       | Dir | Bits|  Protocol  |                   Source Object                   |    C Type    |
+-----------------------+-----+-----+------------+---------------------------------------------------+--------------+
|ap_clk                 |   in|    1|  ap_ctrl_hs|  residual_norm_and_write_Pipeline_NORM_REDUCE_PACK|  return value|
|ap_rst                 |   in|    1|  ap_ctrl_hs|  residual_norm_and_write_Pipeline_NORM_REDUCE_PACK|  return value|
|ap_start               |   in|    1|  ap_ctrl_hs|  residual_norm_and_write_Pipeline_NORM_REDUCE_PACK|  return value|
|ap_done                |  out|    1|  ap_ctrl_hs|  residual_norm_and_write_Pipeline_NORM_REDUCE_PACK|  return value|
|ap_idle                |  out|    1|  ap_ctrl_hs|  residual_norm_and_write_Pipeline_NORM_REDUCE_PACK|  return value|
|ap_ready               |  out|    1|  ap_ctrl_hs|  residual_norm_and_write_Pipeline_NORM_REDUCE_PACK|  return value|
|grp_fu_401_p_din0      |  out|   32|  ap_ctrl_hs|  residual_norm_and_write_Pipeline_NORM_REDUCE_PACK|  return value|
|grp_fu_401_p_din1      |  out|   32|  ap_ctrl_hs|  residual_norm_and_write_Pipeline_NORM_REDUCE_PACK|  return value|
|grp_fu_401_p_opcode    |  out|    1|  ap_ctrl_hs|  residual_norm_and_write_Pipeline_NORM_REDUCE_PACK|  return value|
|grp_fu_401_p_dout0     |   in|   32|  ap_ctrl_hs|  residual_norm_and_write_Pipeline_NORM_REDUCE_PACK|  return value|
|grp_fu_401_p_ce        |  out|    1|  ap_ctrl_hs|  residual_norm_and_write_Pipeline_NORM_REDUCE_PACK|  return value|
|grp_fu_1034_p_din0     |  out|   32|  ap_ctrl_hs|  residual_norm_and_write_Pipeline_NORM_REDUCE_PACK|  return value|
|grp_fu_1034_p_din1     |  out|   32|  ap_ctrl_hs|  residual_norm_and_write_Pipeline_NORM_REDUCE_PACK|  return value|
|grp_fu_1034_p_opcode   |  out|    2|  ap_ctrl_hs|  residual_norm_and_write_Pipeline_NORM_REDUCE_PACK|  return value|
|grp_fu_1034_p_dout0    |   in|   32|  ap_ctrl_hs|  residual_norm_and_write_Pipeline_NORM_REDUCE_PACK|  return value|
|grp_fu_1034_p_ce       |  out|    1|  ap_ctrl_hs|  residual_norm_and_write_Pipeline_NORM_REDUCE_PACK|  return value|
|grp_fu_1038_p_din0     |  out|   32|  ap_ctrl_hs|  residual_norm_and_write_Pipeline_NORM_REDUCE_PACK|  return value|
|grp_fu_1038_p_din1     |  out|   32|  ap_ctrl_hs|  residual_norm_and_write_Pipeline_NORM_REDUCE_PACK|  return value|
|grp_fu_1038_p_opcode   |  out|    2|  ap_ctrl_hs|  residual_norm_and_write_Pipeline_NORM_REDUCE_PACK|  return value|
|grp_fu_1038_p_dout0    |   in|   32|  ap_ctrl_hs|  residual_norm_and_write_Pipeline_NORM_REDUCE_PACK|  return value|
|grp_fu_1038_p_ce       |  out|    1|  ap_ctrl_hs|  residual_norm_and_write_Pipeline_NORM_REDUCE_PACK|  return value|
|grp_fu_1042_p_din0     |  out|   32|  ap_ctrl_hs|  residual_norm_and_write_Pipeline_NORM_REDUCE_PACK|  return value|
|grp_fu_1042_p_din1     |  out|   32|  ap_ctrl_hs|  residual_norm_and_write_Pipeline_NORM_REDUCE_PACK|  return value|
|grp_fu_1042_p_opcode   |  out|    2|  ap_ctrl_hs|  residual_norm_and_write_Pipeline_NORM_REDUCE_PACK|  return value|
|grp_fu_1042_p_dout0    |   in|   32|  ap_ctrl_hs|  residual_norm_and_write_Pipeline_NORM_REDUCE_PACK|  return value|
|grp_fu_1042_p_ce       |  out|    1|  ap_ctrl_hs|  residual_norm_and_write_Pipeline_NORM_REDUCE_PACK|  return value|
|grp_fu_406_p_din0      |  out|   32|  ap_ctrl_hs|  residual_norm_and_write_Pipeline_NORM_REDUCE_PACK|  return value|
|grp_fu_406_p_din1      |  out|   32|  ap_ctrl_hs|  residual_norm_and_write_Pipeline_NORM_REDUCE_PACK|  return value|
|grp_fu_406_p_dout0     |   in|   32|  ap_ctrl_hs|  residual_norm_and_write_Pipeline_NORM_REDUCE_PACK|  return value|
|grp_fu_406_p_ce        |  out|    1|  ap_ctrl_hs|  residual_norm_and_write_Pipeline_NORM_REDUCE_PACK|  return value|
|grp_fu_411_p_din0      |  out|   32|  ap_ctrl_hs|  residual_norm_and_write_Pipeline_NORM_REDUCE_PACK|  return value|
|grp_fu_411_p_din1      |  out|   32|  ap_ctrl_hs|  residual_norm_and_write_Pipeline_NORM_REDUCE_PACK|  return value|
|grp_fu_411_p_dout0     |   in|   32|  ap_ctrl_hs|  residual_norm_and_write_Pipeline_NORM_REDUCE_PACK|  return value|
|grp_fu_411_p_ce        |  out|    1|  ap_ctrl_hs|  residual_norm_and_write_Pipeline_NORM_REDUCE_PACK|  return value|
|grp_fu_1046_p_din0     |  out|   32|  ap_ctrl_hs|  residual_norm_and_write_Pipeline_NORM_REDUCE_PACK|  return value|
|grp_fu_1046_p_din1     |  out|   32|  ap_ctrl_hs|  residual_norm_and_write_Pipeline_NORM_REDUCE_PACK|  return value|
|grp_fu_1046_p_dout0    |   in|   32|  ap_ctrl_hs|  residual_norm_and_write_Pipeline_NORM_REDUCE_PACK|  return value|
|grp_fu_1046_p_ce       |  out|    1|  ap_ctrl_hs|  residual_norm_and_write_Pipeline_NORM_REDUCE_PACK|  return value|
|grp_fu_1050_p_din0     |  out|   32|  ap_ctrl_hs|  residual_norm_and_write_Pipeline_NORM_REDUCE_PACK|  return value|
|grp_fu_1050_p_din1     |  out|   32|  ap_ctrl_hs|  residual_norm_and_write_Pipeline_NORM_REDUCE_PACK|  return value|
|grp_fu_1050_p_dout0    |   in|   32|  ap_ctrl_hs|  residual_norm_and_write_Pipeline_NORM_REDUCE_PACK|  return value|
|grp_fu_1050_p_ce       |  out|    1|  ap_ctrl_hs|  residual_norm_and_write_Pipeline_NORM_REDUCE_PACK|  return value|
|sub_ln247              |   in|   13|     ap_none|                                          sub_ln247|        scalar|
|residual_address0      |  out|   13|   ap_memory|                                           residual|         array|
|residual_ce0           |  out|    1|   ap_memory|                                           residual|         array|
|residual_q0            |   in|  512|   ap_memory|                                           residual|         array|
|sub_ln247_1            |   in|   14|     ap_none|                                        sub_ln247_1|        scalar|
|projected_address0     |  out|   14|   ap_memory|                                          projected|         array|
|projected_ce0          |  out|    1|   ap_memory|                                          projected|         array|
|projected_q0           |   in|  256|   ap_memory|                                          projected|         array|
|projected_address1     |  out|   14|   ap_memory|                                          projected|         array|
|projected_ce1          |  out|    1|   ap_memory|                                          projected|         array|
|projected_q1           |   in|  256|   ap_memory|                                          projected|         array|
|add32_1560_out         |  out|   32|      ap_vld|                                     add32_1560_out|       pointer|
|add32_1560_out_ap_vld  |  out|    1|      ap_vld|                                     add32_1560_out|       pointer|
|add28_1559_out         |  out|   32|      ap_vld|                                     add28_1559_out|       pointer|
|add28_1559_out_ap_vld  |  out|    1|      ap_vld|                                     add28_1559_out|       pointer|
|add32_1458_out         |  out|   32|      ap_vld|                                     add32_1458_out|       pointer|
|add32_1458_out_ap_vld  |  out|    1|      ap_vld|                                     add32_1458_out|       pointer|
|add28_1457_out         |  out|   32|      ap_vld|                                     add28_1457_out|       pointer|
|add28_1457_out_ap_vld  |  out|    1|      ap_vld|                                     add28_1457_out|       pointer|
|add32_1356_out         |  out|   32|      ap_vld|                                     add32_1356_out|       pointer|
|add32_1356_out_ap_vld  |  out|    1|      ap_vld|                                     add32_1356_out|       pointer|
|add28_1355_out         |  out|   32|      ap_vld|                                     add28_1355_out|       pointer|
|add28_1355_out_ap_vld  |  out|    1|      ap_vld|                                     add28_1355_out|       pointer|
|add32_1254_out         |  out|   32|      ap_vld|                                     add32_1254_out|       pointer|
|add32_1254_out_ap_vld  |  out|    1|      ap_vld|                                     add32_1254_out|       pointer|
|add28_1253_out         |  out|   32|      ap_vld|                                     add28_1253_out|       pointer|
|add28_1253_out_ap_vld  |  out|    1|      ap_vld|                                     add28_1253_out|       pointer|
|add32_1152_out         |  out|   32|      ap_vld|                                     add32_1152_out|       pointer|
|add32_1152_out_ap_vld  |  out|    1|      ap_vld|                                     add32_1152_out|       pointer|
|add28_1151_out         |  out|   32|      ap_vld|                                     add28_1151_out|       pointer|
|add28_1151_out_ap_vld  |  out|    1|      ap_vld|                                     add28_1151_out|       pointer|
|add32_1050_out         |  out|   32|      ap_vld|                                     add32_1050_out|       pointer|
|add32_1050_out_ap_vld  |  out|    1|      ap_vld|                                     add32_1050_out|       pointer|
|add28_1049_out         |  out|   32|      ap_vld|                                     add28_1049_out|       pointer|
|add28_1049_out_ap_vld  |  out|    1|      ap_vld|                                     add28_1049_out|       pointer|
|add32_948_out          |  out|   32|      ap_vld|                                      add32_948_out|       pointer|
|add32_948_out_ap_vld   |  out|    1|      ap_vld|                                      add32_948_out|       pointer|
|add28_947_out          |  out|   32|      ap_vld|                                      add28_947_out|       pointer|
|add28_947_out_ap_vld   |  out|    1|      ap_vld|                                      add28_947_out|       pointer|
|add32_846_out          |  out|   32|      ap_vld|                                      add32_846_out|       pointer|
|add32_846_out_ap_vld   |  out|    1|      ap_vld|                                      add32_846_out|       pointer|
|add28_845_out          |  out|   32|      ap_vld|                                      add28_845_out|       pointer|
|add28_845_out_ap_vld   |  out|    1|      ap_vld|                                      add28_845_out|       pointer|
|add32_744_out          |  out|   32|      ap_vld|                                      add32_744_out|       pointer|
|add32_744_out_ap_vld   |  out|    1|      ap_vld|                                      add32_744_out|       pointer|
|add28_743_out          |  out|   32|      ap_vld|                                      add28_743_out|       pointer|
|add28_743_out_ap_vld   |  out|    1|      ap_vld|                                      add28_743_out|       pointer|
|add32_642_out          |  out|   32|      ap_vld|                                      add32_642_out|       pointer|
|add32_642_out_ap_vld   |  out|    1|      ap_vld|                                      add32_642_out|       pointer|
|add28_641_out          |  out|   32|      ap_vld|                                      add28_641_out|       pointer|
|add28_641_out_ap_vld   |  out|    1|      ap_vld|                                      add28_641_out|       pointer|
|add32_540_out          |  out|   32|      ap_vld|                                      add32_540_out|       pointer|
|add32_540_out_ap_vld   |  out|    1|      ap_vld|                                      add32_540_out|       pointer|
|add28_539_out          |  out|   32|      ap_vld|                                      add28_539_out|       pointer|
|add28_539_out_ap_vld   |  out|    1|      ap_vld|                                      add28_539_out|       pointer|
|add32_438_out          |  out|   32|      ap_vld|                                      add32_438_out|       pointer|
|add32_438_out_ap_vld   |  out|    1|      ap_vld|                                      add32_438_out|       pointer|
|add28_437_out          |  out|   32|      ap_vld|                                      add28_437_out|       pointer|
|add28_437_out_ap_vld   |  out|    1|      ap_vld|                                      add28_437_out|       pointer|
|add32_336_out          |  out|   32|      ap_vld|                                      add32_336_out|       pointer|
|add32_336_out_ap_vld   |  out|    1|      ap_vld|                                      add32_336_out|       pointer|
|add28_335_out          |  out|   32|      ap_vld|                                      add28_335_out|       pointer|
|add28_335_out_ap_vld   |  out|    1|      ap_vld|                                      add28_335_out|       pointer|
|add32_234_out          |  out|   32|      ap_vld|                                      add32_234_out|       pointer|
|add32_234_out_ap_vld   |  out|    1|      ap_vld|                                      add32_234_out|       pointer|
|add28_233_out          |  out|   32|      ap_vld|                                      add28_233_out|       pointer|
|add28_233_out_ap_vld   |  out|    1|      ap_vld|                                      add28_233_out|       pointer|
|add32_132_out          |  out|   32|      ap_vld|                                      add32_132_out|       pointer|
|add32_132_out_ap_vld   |  out|    1|      ap_vld|                                      add32_132_out|       pointer|
|add28_131_out          |  out|   32|      ap_vld|                                      add28_131_out|       pointer|
|add28_131_out_ap_vld   |  out|    1|      ap_vld|                                      add28_131_out|       pointer|
|add3230_out            |  out|   32|      ap_vld|                                        add3230_out|       pointer|
|add3230_out_ap_vld     |  out|    1|      ap_vld|                                        add3230_out|       pointer|
|add2829_out            |  out|   32|      ap_vld|                                        add2829_out|       pointer|
|add2829_out_ap_vld     |  out|    1|      ap_vld|                                        add2829_out|       pointer|
+-----------------------+-----+-----+------------+---------------------------------------------------+--------------+

