

================================================================
== Vitis HLS Report for 'residual_norm_and_write'
================================================================
* Date:           Mon Jul 13 10:39:01 2026

* Version:        2022.1 (Build 3526262 on Mon Apr 18 15:47:01 MDT 2022)
* Project:        proj_bert_attn_out_norm_kernel
* Solution:       solution1 (Vivado IP Flow Target)
* Product family: virtexuplus
* Target device:  xcu250-figd2104-2L-e


================================================================
== Performance Estimates
================================================================
+ Timing: 
    * Summary: 
    +--------+---------+----------+------------+
    |  Clock |  Target | Estimated| Uncertainty|
    +--------+---------+----------+------------+
    |ap_clk  |  3.33 ns|  2.500 ns|     0.83 ns|
    +--------+---------+----------+------------+

+ Latency: 
    * Summary: 
    +---------+---------+----------+----------+-------+-------+---------+
    |  Latency (cycles) |  Latency (absolute) |    Interval   | Pipeline|
    |   min   |   max   |    min   |    max   |  min  |  max  |   Type  |
    +---------+---------+----------+----------+-------+-------+---------+
    |    58097|    58097|  0.194 ms|  0.194 ms|  58097|  58097|       no|
    +---------+---------+----------+----------+-------+-------+---------+

    + Detail: 
        * Instance: 
        +--------------------------------------------------------------+---------------------------------------------------+---------+---------+----------+----------+-----+-----+---------+
        |                                                              |                                                   |  Latency (cycles) |  Latency (absolute) |  Interval | Pipeline|
        |                           Instance                           |                       Module                      |   min   |   max   |    min   |    max   | min | max |   Type  |
        +--------------------------------------------------------------+---------------------------------------------------+---------+---------+----------+----------+-----+-----+---------+
        |grp_load_norm_parameters_fu_288                               |load_norm_parameters                               |      106|      106|  0.353 us|  0.353 us|  106|  106|       no|
        |grp_residual_norm_and_write_Pipeline_NORM_REDUCE_PACK_fu_302  |residual_norm_and_write_Pipeline_NORM_REDUCE_PACK  |      211|      211|  0.703 us|  0.703 us|  211|  211|       no|
        |grp_residual_norm_and_write_Pipeline_NORM_BANK_REDUCE_fu_344  |residual_norm_and_write_Pipeline_NORM_BANK_REDUCE  |      116|      116|  0.387 us|  0.387 us|  116|  116|       no|
        |grp_residual_norm_and_write_Pipeline_NORM_WRITE_PACK_fu_382   |residual_norm_and_write_Pipeline_NORM_WRITE_PACK   |       82|       82|  0.273 us|  0.273 us|   82|   82|       no|
        +--------------------------------------------------------------+---------------------------------------------------+---------+---------+----------+----------+-----+-----+---------+

        * Loop: 
        +------------+---------+---------+----------+-----------+-----------+------+----------+
        |            |  Latency (cycles) | Iteration|  Initiation Interval  | Trip |          |
        |  Loop Name |   min   |   max   |  Latency |  achieved |   target  | Count| Pipelined|
        +------------+---------+---------+----------+-----------+-----------+------+----------+
        |- NORM_ROW  |    57984|    57984|       453|          -|          -|   128|        no|
        +------------+---------+---------+----------+-----------+-----------+------+----------+



================================================================
== Utilization Estimates
================================================================
* Summary: 
+---------------------+---------+-------+---------+---------+------+
|         Name        | BRAM_18K|  DSP  |    FF   |   LUT   | URAM |
+---------------------+---------+-------+---------+---------+------+
|DSP                  |        -|      -|        -|        -|     -|
|Expression           |        -|      -|        0|       69|     -|
|FIFO                 |        -|      -|        -|        -|     -|
|Instance             |        -|      9|    11981|     5614|     -|
|Memory               |       16|      -|        0|        0|     -|
|Multiplexer          |        -|      -|        -|     1639|     -|
|Register             |        -|      -|      299|        -|     -|
+---------------------+---------+-------+---------+---------+------+
|Total                |       16|      9|    12280|     7322|     0|
+---------------------+---------+-------+---------+---------+------+
|Available SLR        |     1344|   3072|   864000|   432000|   320|
+---------------------+---------+-------+---------+---------+------+
|Utilization SLR (%)  |        1|     ~0|        1|        1|     0|
+---------------------+---------+-------+---------+---------+------+
|Available            |     5376|  12288|  3456000|  1728000|  1280|
+---------------------+---------+-------+---------+---------+------+
|Utilization (%)      |       ~0|     ~0|       ~0|       ~0|     0|
+---------------------+---------+-------+---------+---------+------+

+ Detail: 
    * Instance: 
    +--------------------------------------------------------------+---------------------------------------------------+---------+----+------+------+-----+
    |                           Instance                           |                       Module                      | BRAM_18K| DSP|  FF  |  LUT | URAM|
    +--------------------------------------------------------------+---------------------------------------------------+---------+----+------+------+-----+
    |frsqrt_32ns_32ns_32_15_full_dsp_1_U745                        |frsqrt_32ns_32ns_32_15_full_dsp_1                  |        0|   9|   332|   330|    0|
    |grp_load_norm_parameters_fu_288                               |load_norm_parameters                               |        0|   0|  1302|   363|    0|
    |grp_residual_norm_and_write_Pipeline_NORM_BANK_REDUCE_fu_344  |residual_norm_and_write_Pipeline_NORM_BANK_REDUCE  |        0|   0|   176|   315|    0|
    |grp_residual_norm_and_write_Pipeline_NORM_REDUCE_PACK_fu_302  |residual_norm_and_write_Pipeline_NORM_REDUCE_PACK  |        0|   0|  5258|  4354|    0|
    |grp_residual_norm_and_write_Pipeline_NORM_WRITE_PACK_fu_382   |residual_norm_and_write_Pipeline_NORM_WRITE_PACK   |        0|   0|  4913|   252|    0|
    +--------------------------------------------------------------+---------------------------------------------------+---------+----+------+------+-----+
    |Total                                                         |                                                   |        0|   9| 11981|  5614|    0|
    +--------------------------------------------------------------+---------------------------------------------------+---------+----+------+------+-----+

    * DSP: 
    N/A

    * Memory: 
    +----------------+-------------------------------------------------------+---------+---+----+-----+------+-----+------+-------------+
    |     Memory     |                         Module                        | BRAM_18K| FF| LUT| URAM| Words| Bits| Banks| W*Bits*Banks|
    +----------------+-------------------------------------------------------+---------+---+----+-----+------+-----+------+-------------+
    |gamma_cache1_U  |residual_norm_and_write_gamma_cache1_RAM_2P_BRAM_1R1W  |        8|  0|   0|    0|    48|  512|     1|        24576|
    |beta_cache2_U   |residual_norm_and_write_gamma_cache1_RAM_2P_BRAM_1R1W  |        8|  0|   0|    0|    48|  512|     1|        24576|
    +----------------+-------------------------------------------------------+---------+---+----+-----+------+-----+------+-------------+
    |Total           |                                                       |       16|  0|   0|    0|    96| 1024|     2|        49152|
    +----------------+-------------------------------------------------------+---------+---+----+-----+------+-----+------+-------------+

    * FIFO: 
    N/A

    * Expression: 
    +------------------------------------------------------------------------------------+----------+----+---+----+------------+------------+
    |                                    Variable Name                                   | Operation| DSP| FF| LUT| Bitwidth P0| Bitwidth P1|
    +------------------------------------------------------------------------------------+----------+----+---+----+------------+------------+
    |add_ln229_fu_465_p2                                                                 |         +|   0|  0|  15|           8|           1|
    |sub_ln247_1_fu_517_p2                                                               |         -|   0|  0|  21|          14|          14|
    |sub_ln247_fu_491_p2                                                                 |         -|   0|  0|  20|          13|          13|
    |grp_residual_norm_and_write_Pipeline_NORM_WRITE_PACK_fu_382_attn_mid_stream_TREADY  |       and|   0|  0|   2|           1|           1|
    |icmp_ln229_fu_459_p2                                                                |      icmp|   0|  0|  11|           8|           9|
    +------------------------------------------------------------------------------------+----------+----+---+----+------------+------------+
    |Total                                                                               |          |   0|  0|  69|          44|          38|
    +------------------------------------------------------------------------------------+----------+----+---+----+------------+------------+

    * Multiplexer: 
    +------------------------------+-----+-----------+-----+-----------+
    |             Name             | LUT | Input Size| Bits| Total Bits|
    +------------------------------+-----+-----------+-----+-----------+
    |ap_NS_fsm                     |  225|         52|    1|         52|
    |beta_cache2_ce0               |    9|          2|    1|          2|
    |beta_cache2_ce1               |    9|          2|    1|          2|
    |beta_cache2_we1               |    9|          2|    1|          2|
    |gamma_cache1_ce0              |    9|          2|    1|          2|
    |gamma_cache1_ce1              |    9|          2|    1|          2|
    |gamma_cache1_we1              |    9|          2|    1|          2|
    |gmem_attn_mid_blk_n_AW        |    9|          2|    1|          2|
    |gmem_attn_mid_blk_n_B         |    9|          2|    1|          2|
    |grp_fu_1034_ce                |   14|          3|    1|          3|
    |grp_fu_1034_p0                |   14|          3|   32|         96|
    |grp_fu_1034_p1                |   14|          3|   32|         96|
    |grp_fu_1038_ce                |   14|          3|    1|          3|
    |grp_fu_1038_p0                |   14|          3|   32|         96|
    |grp_fu_1038_p1                |   14|          3|   32|         96|
    |grp_fu_1042_ce                |   14|          3|    1|          3|
    |grp_fu_1042_p0                |   14|          3|   32|         96|
    |grp_fu_1042_p1                |   14|          3|   32|         96|
    |grp_fu_1046_ce                |   14|          3|    1|          3|
    |grp_fu_1046_p0                |   14|          3|   32|         96|
    |grp_fu_1046_p1                |   14|          3|   32|         96|
    |grp_fu_1050_ce                |   14|          3|    1|          3|
    |grp_fu_1050_p0                |   14|          3|   32|         96|
    |grp_fu_1050_p1                |   14|          3|   32|         96|
    |grp_fu_1054_ce                |    9|          2|    1|          2|
    |grp_fu_1058_ce                |    9|          2|    1|          2|
    |grp_fu_1062_ce                |    9|          2|    1|          2|
    |grp_fu_1066_ce                |    9|          2|    1|          2|
    |grp_fu_1070_ce                |    9|          2|    1|          2|
    |grp_fu_1074_ce                |    9|          2|    1|          2|
    |grp_fu_1078_ce                |    9|          2|    1|          2|
    |grp_fu_1082_ce                |    9|          2|    1|          2|
    |grp_fu_1086_ce                |    9|          2|    1|          2|
    |grp_fu_1090_ce                |    9|          2|    1|          2|
    |grp_fu_1094_ce                |    9|          2|    1|          2|
    |grp_fu_1098_ce                |    9|          2|    1|          2|
    |grp_fu_1102_ce                |    9|          2|    1|          2|
    |grp_fu_1106_ce                |    9|          2|    1|          2|
    |grp_fu_1110_ce                |    9|          2|    1|          2|
    |grp_fu_1114_ce                |    9|          2|    1|          2|
    |grp_fu_1118_ce                |    9|          2|    1|          2|
    |grp_fu_1122_ce                |    9|          2|    1|          2|
    |grp_fu_1126_ce                |    9|          2|    1|          2|
    |grp_fu_1130_ce                |    9|          2|    1|          2|
    |grp_fu_1134_ce                |    9|          2|    1|          2|
    |grp_fu_1138_ce                |    9|          2|    1|          2|
    |grp_fu_1142_ce                |    9|          2|    1|          2|
    |grp_fu_1146_ce                |    9|          2|    1|          2|
    |grp_fu_1150_ce                |    9|          2|    1|          2|
    |grp_fu_1154_ce                |    9|          2|    1|          2|
    |grp_fu_1158_ce                |    9|          2|    1|          2|
    |grp_fu_1162_ce                |    9|          2|    1|          2|
    |grp_fu_1166_ce                |    9|          2|    1|          2|
    |grp_fu_1170_ce                |    9|          2|    1|          2|
    |grp_fu_1174_ce                |    9|          2|    1|          2|
    |grp_fu_1178_ce                |    9|          2|    1|          2|
    |grp_fu_1182_ce                |    9|          2|    1|          2|
    |grp_fu_1186_ce                |    9|          2|    1|          2|
    |grp_fu_1190_ce                |    9|          2|    1|          2|
    |grp_fu_1194_ce                |    9|          2|    1|          2|
    |grp_fu_1198_ce                |    9|          2|    1|          2|
    |grp_fu_1202_ce                |    9|          2|    1|          2|
    |grp_fu_1206_ce                |    9|          2|    1|          2|
    |grp_fu_1210_ce                |    9|          2|    1|          2|
    |grp_fu_1214_ce                |    9|          2|    1|          2|
    |grp_fu_1218_ce                |    9|          2|    1|          2|
    |grp_fu_1222_ce                |    9|          2|    1|          2|
    |grp_fu_1226_ce                |    9|          2|    1|          2|
    |grp_fu_1230_ce                |    9|          2|    1|          2|
    |grp_fu_1234_ce                |    9|          2|    1|          2|
    |grp_fu_1238_ce                |    9|          2|    1|          2|
    |grp_fu_1242_ce                |    9|          2|    1|          2|
    |grp_fu_1246_ce                |    9|          2|    1|          2|
    |grp_fu_1250_ce                |    9|          2|    1|          2|
    |grp_fu_1254_ce                |    9|          2|    1|          2|
    |grp_fu_1258_ce                |    9|          2|    1|          2|
    |grp_fu_1262_ce                |    9|          2|    1|          2|
    |grp_fu_1266_ce                |    9|          2|    1|          2|
    |grp_fu_1270_ce                |    9|          2|    1|          2|
    |grp_fu_1274_ce                |    9|          2|    1|          2|
    |grp_fu_1278_ce                |    9|          2|    1|          2|
    |grp_fu_1282_ce                |    9|          2|    1|          2|
    |grp_fu_1286_ce                |    9|          2|    1|          2|
    |grp_fu_1290_ce                |    9|          2|    1|          2|
    |grp_fu_1294_ce                |    9|          2|    1|          2|
    |grp_fu_1298_ce                |    9|          2|    1|          2|
    |grp_fu_1302_ce                |    9|          2|    1|          2|
    |grp_fu_1306_ce                |    9|          2|    1|          2|
    |grp_fu_1310_ce                |    9|          2|    1|          2|
    |grp_fu_1314_ce                |    9|          2|    1|          2|
    |grp_fu_1318_ce                |    9|          2|    1|          2|
    |grp_fu_1322_ce                |    9|          2|    1|          2|
    |grp_fu_1326_ce                |    9|          2|    1|          2|
    |grp_fu_1330_ce                |    9|          2|    1|          2|
    |grp_fu_1334_ce                |    9|          2|    1|          2|
    |grp_fu_1338_ce                |    9|          2|    1|          2|
    |grp_fu_401_ce                 |   20|          4|    1|          4|
    |grp_fu_401_opcode             |   31|          6|    2|         12|
    |grp_fu_401_p0                 |   31|          6|   32|        192|
    |grp_fu_401_p1                 |   31|          6|   32|        192|
    |grp_fu_406_ce                 |   14|          3|    1|          3|
    |grp_fu_406_p0                 |   26|          5|   32|        160|
    |grp_fu_406_p1                 |   20|          4|   32|        128|
    |grp_fu_411_ce                 |   14|          3|    1|          3|
    |grp_fu_411_p0                 |   20|          4|   32|        128|
    |grp_fu_411_p1                 |   20|          4|   32|        128|
    |m_axi_gmem_attn_mid_AWADDR    |   14|          3|   64|        192|
    |m_axi_gmem_attn_mid_AWBURST   |    9|          2|    2|          4|
    |m_axi_gmem_attn_mid_AWCACHE   |    9|          2|    4|          8|
    |m_axi_gmem_attn_mid_AWID      |    9|          2|    1|          2|
    |m_axi_gmem_attn_mid_AWLEN     |   14|          3|   32|         96|
    |m_axi_gmem_attn_mid_AWLOCK    |    9|          2|    2|          4|
    |m_axi_gmem_attn_mid_AWPROT    |    9|          2|    3|          6|
    |m_axi_gmem_attn_mid_AWQOS     |    9|          2|    4|          8|
    |m_axi_gmem_attn_mid_AWREGION  |    9|          2|    4|          8|
    |m_axi_gmem_attn_mid_AWSIZE    |    9|          2|    3|          6|
    |m_axi_gmem_attn_mid_AWUSER    |    9|          2|    1|          2|
    |m_axi_gmem_attn_mid_AWVALID   |   14|          3|    1|          3|
    |m_axi_gmem_attn_mid_BREADY    |   14|          3|    1|          3|
    |m_axi_gmem_attn_mid_WVALID    |    9|          2|    1|          2|
    |m_axi_gmem_norm_ARVALID       |    9|          2|    1|          2|
    |m_axi_gmem_norm_RREADY        |    9|          2|    1|          2|
    |projected_address0            |   14|          3|   14|         42|
    |projected_address1            |   14|          3|   14|         42|
    |projected_ce0                 |   14|          3|    1|          3|
    |projected_ce1                 |   14|          3|    1|          3|
    |residual_address0             |   14|          3|   13|         39|
    |residual_ce0                  |   14|          3|    1|          3|
    |s_fu_114                      |    9|          2|    8|         16|
    +------------------------------+-----+-----------+-----+-----------+
    |Total                         | 1639|        358|  780|       2633|
    +------------------------------+-----+-----------+-----+-----------+

    * Register: 
    +---------------------------------------------------------------------------+----+----+-----+-----------+
    |                                    Name                                   | FF | LUT| Bits| Const Bits|
    +---------------------------------------------------------------------------+----+----+-----+-----------+
    |ap_CS_fsm                                                                  |  51|   0|   51|          0|
    |grp_load_norm_parameters_fu_288_ap_start_reg                               |   1|   0|    1|          0|
    |grp_residual_norm_and_write_Pipeline_NORM_BANK_REDUCE_fu_344_ap_start_reg  |   1|   0|    1|          0|
    |grp_residual_norm_and_write_Pipeline_NORM_REDUCE_PACK_fu_302_ap_start_reg  |   1|   0|    1|          0|
    |grp_residual_norm_and_write_Pipeline_NORM_WRITE_PACK_fu_382_ap_start_reg   |   1|   0|    1|          0|
    |inv_std_reg_1029                                                           |  32|   0|   32|          0|
    |mean_reg_1009                                                              |  32|   0|   32|          0|
    |mul2_reg_1019                                                              |  32|   0|   32|          0|
    |mul3_reg_1024                                                              |  32|   0|   32|          0|
    |reg_420                                                                    |  32|   0|   32|          0|
    |s_fu_114                                                                   |   8|   0|    8|          0|
    |sub_ln247_1_reg_904                                                        |   9|   0|   14|          5|
    |sub_ln247_reg_898                                                          |   9|   0|   13|          4|
    |trunc_ln_reg_885                                                           |  58|   0|   58|          0|
    +---------------------------------------------------------------------------+----+----+-----+-----------+
    |Total                                                                      | 299|   0|  308|          9|
    +---------------------------------------------------------------------------+----+----+-----+-----------+



================================================================
== Interface
================================================================
* Summary: 
+------------------------------+-----+-----+------------+-------------------------+--------------+
|           RTL Ports          | Dir | Bits|  Protocol  |      Source Object      |    C Type    |
+------------------------------+-----+-----+------------+-------------------------+--------------+
|ap_clk                        |   in|    1|  ap_ctrl_hs|  residual_norm_and_write|  return value|
|ap_rst                        |   in|    1|  ap_ctrl_hs|  residual_norm_and_write|  return value|
|ap_start                      |   in|    1|  ap_ctrl_hs|  residual_norm_and_write|  return value|
|ap_done                       |  out|    1|  ap_ctrl_hs|  residual_norm_and_write|  return value|
|ap_idle                       |  out|    1|  ap_ctrl_hs|  residual_norm_and_write|  return value|
|ap_ready                      |  out|    1|  ap_ctrl_hs|  residual_norm_and_write|  return value|
|grp_fu_658_p_din0             |  out|   32|  ap_ctrl_hs|  residual_norm_and_write|  return value|
|grp_fu_658_p_din1             |  out|   32|  ap_ctrl_hs|  residual_norm_and_write|  return value|
|grp_fu_658_p_opcode           |  out|    2|  ap_ctrl_hs|  residual_norm_and_write|  return value|
|grp_fu_658_p_dout0            |   in|   32|  ap_ctrl_hs|  residual_norm_and_write|  return value|
|grp_fu_658_p_ce               |  out|    1|  ap_ctrl_hs|  residual_norm_and_write|  return value|
|grp_fu_662_p_din0             |  out|   32|  ap_ctrl_hs|  residual_norm_and_write|  return value|
|grp_fu_662_p_din1             |  out|   32|  ap_ctrl_hs|  residual_norm_and_write|  return value|
|grp_fu_662_p_opcode           |  out|    2|  ap_ctrl_hs|  residual_norm_and_write|  return value|
|grp_fu_662_p_dout0            |   in|   32|  ap_ctrl_hs|  residual_norm_and_write|  return value|
|grp_fu_662_p_ce               |  out|    1|  ap_ctrl_hs|  residual_norm_and_write|  return value|
|grp_fu_666_p_din0             |  out|   32|  ap_ctrl_hs|  residual_norm_and_write|  return value|
|grp_fu_666_p_din1             |  out|   32|  ap_ctrl_hs|  residual_norm_and_write|  return value|
|grp_fu_666_p_opcode           |  out|    2|  ap_ctrl_hs|  residual_norm_and_write|  return value|
|grp_fu_666_p_dout0            |   in|   32|  ap_ctrl_hs|  residual_norm_and_write|  return value|
|grp_fu_666_p_ce               |  out|    1|  ap_ctrl_hs|  residual_norm_and_write|  return value|
|grp_fu_854_p_din0             |  out|   32|  ap_ctrl_hs|  residual_norm_and_write|  return value|
|grp_fu_854_p_din1             |  out|   32|  ap_ctrl_hs|  residual_norm_and_write|  return value|
|grp_fu_854_p_dout0            |   in|   32|  ap_ctrl_hs|  residual_norm_and_write|  return value|
|grp_fu_854_p_ce               |  out|    1|  ap_ctrl_hs|  residual_norm_and_write|  return value|
|grp_fu_858_p_din0             |  out|   32|  ap_ctrl_hs|  residual_norm_and_write|  return value|
|grp_fu_858_p_din1             |  out|   32|  ap_ctrl_hs|  residual_norm_and_write|  return value|
|grp_fu_858_p_dout0            |   in|   32|  ap_ctrl_hs|  residual_norm_and_write|  return value|
|grp_fu_858_p_ce               |  out|    1|  ap_ctrl_hs|  residual_norm_and_write|  return value|
|grp_fu_670_p_din0             |  out|   32|  ap_ctrl_hs|  residual_norm_and_write|  return value|
|grp_fu_670_p_din1             |  out|   32|  ap_ctrl_hs|  residual_norm_and_write|  return value|
|grp_fu_670_p_opcode           |  out|    2|  ap_ctrl_hs|  residual_norm_and_write|  return value|
|grp_fu_670_p_dout0            |   in|   32|  ap_ctrl_hs|  residual_norm_and_write|  return value|
|grp_fu_670_p_ce               |  out|    1|  ap_ctrl_hs|  residual_norm_and_write|  return value|
|grp_fu_674_p_din0             |  out|   32|  ap_ctrl_hs|  residual_norm_and_write|  return value|
|grp_fu_674_p_din1             |  out|   32|  ap_ctrl_hs|  residual_norm_and_write|  return value|
|grp_fu_674_p_opcode           |  out|    2|  ap_ctrl_hs|  residual_norm_and_write|  return value|
|grp_fu_674_p_dout0            |   in|   32|  ap_ctrl_hs|  residual_norm_and_write|  return value|
|grp_fu_674_p_ce               |  out|    1|  ap_ctrl_hs|  residual_norm_and_write|  return value|
|grp_fu_678_p_din0             |  out|   32|  ap_ctrl_hs|  residual_norm_and_write|  return value|
|grp_fu_678_p_din1             |  out|   32|  ap_ctrl_hs|  residual_norm_and_write|  return value|
|grp_fu_678_p_opcode           |  out|    2|  ap_ctrl_hs|  residual_norm_and_write|  return value|
|grp_fu_678_p_dout0            |   in|   32|  ap_ctrl_hs|  residual_norm_and_write|  return value|
|grp_fu_678_p_ce               |  out|    1|  ap_ctrl_hs|  residual_norm_and_write|  return value|
|grp_fu_682_p_din0             |  out|   32|  ap_ctrl_hs|  residual_norm_and_write|  return value|
|grp_fu_682_p_din1             |  out|   32|  ap_ctrl_hs|  residual_norm_and_write|  return value|
|grp_fu_682_p_opcode           |  out|    2|  ap_ctrl_hs|  residual_norm_and_write|  return value|
|grp_fu_682_p_dout0            |   in|   32|  ap_ctrl_hs|  residual_norm_and_write|  return value|
|grp_fu_682_p_ce               |  out|    1|  ap_ctrl_hs|  residual_norm_and_write|  return value|
|grp_fu_686_p_din0             |  out|   32|  ap_ctrl_hs|  residual_norm_and_write|  return value|
|grp_fu_686_p_din1             |  out|   32|  ap_ctrl_hs|  residual_norm_and_write|  return value|
|grp_fu_686_p_opcode           |  out|    2|  ap_ctrl_hs|  residual_norm_and_write|  return value|
|grp_fu_686_p_dout0            |   in|   32|  ap_ctrl_hs|  residual_norm_and_write|  return value|
|grp_fu_686_p_ce               |  out|    1|  ap_ctrl_hs|  residual_norm_and_write|  return value|
|grp_fu_690_p_din0             |  out|   32|  ap_ctrl_hs|  residual_norm_and_write|  return value|
|grp_fu_690_p_din1             |  out|   32|  ap_ctrl_hs|  residual_norm_and_write|  return value|
|grp_fu_690_p_opcode           |  out|    2|  ap_ctrl_hs|  residual_norm_and_write|  return value|
|grp_fu_690_p_dout0            |   in|   32|  ap_ctrl_hs|  residual_norm_and_write|  return value|
|grp_fu_690_p_ce               |  out|    1|  ap_ctrl_hs|  residual_norm_and_write|  return value|
|grp_fu_694_p_din0             |  out|   32|  ap_ctrl_hs|  residual_norm_and_write|  return value|
|grp_fu_694_p_din1             |  out|   32|  ap_ctrl_hs|  residual_norm_and_write|  return value|
|grp_fu_694_p_opcode           |  out|    2|  ap_ctrl_hs|  residual_norm_and_write|  return value|
|grp_fu_694_p_dout0            |   in|   32|  ap_ctrl_hs|  residual_norm_and_write|  return value|
|grp_fu_694_p_ce               |  out|    1|  ap_ctrl_hs|  residual_norm_and_write|  return value|
|grp_fu_698_p_din0             |  out|   32|  ap_ctrl_hs|  residual_norm_and_write|  return value|
|grp_fu_698_p_din1             |  out|   32|  ap_ctrl_hs|  residual_norm_and_write|  return value|
|grp_fu_698_p_opcode           |  out|    2|  ap_ctrl_hs|  residual_norm_and_write|  return value|
|grp_fu_698_p_dout0            |   in|   32|  ap_ctrl_hs|  residual_norm_and_write|  return value|
|grp_fu_698_p_ce               |  out|    1|  ap_ctrl_hs|  residual_norm_and_write|  return value|
|grp_fu_702_p_din0             |  out|   32|  ap_ctrl_hs|  residual_norm_and_write|  return value|
|grp_fu_702_p_din1             |  out|   32|  ap_ctrl_hs|  residual_norm_and_write|  return value|
|grp_fu_702_p_opcode           |  out|    2|  ap_ctrl_hs|  residual_norm_and_write|  return value|
|grp_fu_702_p_dout0            |   in|   32|  ap_ctrl_hs|  residual_norm_and_write|  return value|
|grp_fu_702_p_ce               |  out|    1|  ap_ctrl_hs|  residual_norm_and_write|  return value|
|grp_fu_706_p_din0             |  out|   32|  ap_ctrl_hs|  residual_norm_and_write|  return value|
|grp_fu_706_p_din1             |  out|   32|  ap_ctrl_hs|  residual_norm_and_write|  return value|
|grp_fu_706_p_opcode           |  out|    2|  ap_ctrl_hs|  residual_norm_and_write|  return value|
|grp_fu_706_p_dout0            |   in|   32|  ap_ctrl_hs|  residual_norm_and_write|  return value|
|grp_fu_706_p_ce               |  out|    1|  ap_ctrl_hs|  residual_norm_and_write|  return value|
|grp_fu_710_p_din0             |  out|   32|  ap_ctrl_hs|  residual_norm_and_write|  return value|
|grp_fu_710_p_din1             |  out|   32|  ap_ctrl_hs|  residual_norm_and_write|  return value|
|grp_fu_710_p_opcode           |  out|    2|  ap_ctrl_hs|  residual_norm_and_write|  return value|
|grp_fu_710_p_dout0            |   in|   32|  ap_ctrl_hs|  residual_norm_and_write|  return value|
|grp_fu_710_p_ce               |  out|    1|  ap_ctrl_hs|  residual_norm_and_write|  return value|
|grp_fu_714_p_din0             |  out|   32|  ap_ctrl_hs|  residual_norm_and_write|  return value|
|grp_fu_714_p_din1             |  out|   32|  ap_ctrl_hs|  residual_norm_and_write|  return value|
|grp_fu_714_p_opcode           |  out|    2|  ap_ctrl_hs|  residual_norm_and_write|  return value|
|grp_fu_714_p_dout0            |   in|   32|  ap_ctrl_hs|  residual_norm_and_write|  return value|
|grp_fu_714_p_ce               |  out|    1|  ap_ctrl_hs|  residual_norm_and_write|  return value|
|grp_fu_718_p_din0             |  out|   32|  ap_ctrl_hs|  residual_norm_and_write|  return value|
|grp_fu_718_p_din1             |  out|   32|  ap_ctrl_hs|  residual_norm_and_write|  return value|
|grp_fu_718_p_opcode           |  out|    1|  ap_ctrl_hs|  residual_norm_and_write|  return value|
|grp_fu_718_p_dout0            |   in|   32|  ap_ctrl_hs|  residual_norm_and_write|  return value|
|grp_fu_718_p_ce               |  out|    1|  ap_ctrl_hs|  residual_norm_and_write|  return value|
|grp_fu_722_p_din0             |  out|   32|  ap_ctrl_hs|  residual_norm_and_write|  return value|
|grp_fu_722_p_din1             |  out|   32|  ap_ctrl_hs|  residual_norm_and_write|  return value|
|grp_fu_722_p_opcode           |  out|    1|  ap_ctrl_hs|  residual_norm_and_write|  return value|
|grp_fu_722_p_dout0            |   in|   32|  ap_ctrl_hs|  residual_norm_and_write|  return value|
|grp_fu_722_p_ce               |  out|    1|  ap_ctrl_hs|  residual_norm_and_write|  return value|
|grp_fu_726_p_din0             |  out|   32|  ap_ctrl_hs|  residual_norm_and_write|  return value|
|grp_fu_726_p_din1             |  out|   32|  ap_ctrl_hs|  residual_norm_and_write|  return value|
|grp_fu_726_p_opcode           |  out|    1|  ap_ctrl_hs|  residual_norm_and_write|  return value|
|grp_fu_726_p_dout0            |   in|   32|  ap_ctrl_hs|  residual_norm_and_write|  return value|
|grp_fu_726_p_ce               |  out|    1|  ap_ctrl_hs|  residual_norm_and_write|  return value|
|grp_fu_730_p_din0             |  out|   32|  ap_ctrl_hs|  residual_norm_and_write|  return value|
|grp_fu_730_p_din1             |  out|   32|  ap_ctrl_hs|  residual_norm_and_write|  return value|
|grp_fu_730_p_opcode           |  out|    1|  ap_ctrl_hs|  residual_norm_and_write|  return value|
|grp_fu_730_p_dout0            |   in|   32|  ap_ctrl_hs|  residual_norm_and_write|  return value|
|grp_fu_730_p_ce               |  out|    1|  ap_ctrl_hs|  residual_norm_and_write|  return value|
|grp_fu_734_p_din0             |  out|   32|  ap_ctrl_hs|  residual_norm_and_write|  return value|
|grp_fu_734_p_din1             |  out|   32|  ap_ctrl_hs|  residual_norm_and_write|  return value|
|grp_fu_734_p_opcode           |  out|    1|  ap_ctrl_hs|  residual_norm_and_write|  return value|
|grp_fu_734_p_dout0            |   in|   32|  ap_ctrl_hs|  residual_norm_and_write|  return value|
|grp_fu_734_p_ce               |  out|    1|  ap_ctrl_hs|  residual_norm_and_write|  return value|
|grp_fu_738_p_din0             |  out|   32|  ap_ctrl_hs|  residual_norm_and_write|  return value|
|grp_fu_738_p_din1             |  out|   32|  ap_ctrl_hs|  residual_norm_and_write|  return value|
|grp_fu_738_p_opcode           |  out|    1|  ap_ctrl_hs|  residual_norm_and_write|  return value|
|grp_fu_738_p_dout0            |   in|   32|  ap_ctrl_hs|  residual_norm_and_write|  return value|
|grp_fu_738_p_ce               |  out|    1|  ap_ctrl_hs|  residual_norm_and_write|  return value|
|grp_fu_742_p_din0             |  out|   32|  ap_ctrl_hs|  residual_norm_and_write|  return value|
|grp_fu_742_p_din1             |  out|   32|  ap_ctrl_hs|  residual_norm_and_write|  return value|
|grp_fu_742_p_opcode           |  out|    1|  ap_ctrl_hs|  residual_norm_and_write|  return value|
|grp_fu_742_p_dout0            |   in|   32|  ap_ctrl_hs|  residual_norm_and_write|  return value|
|grp_fu_742_p_ce               |  out|    1|  ap_ctrl_hs|  residual_norm_and_write|  return value|
|grp_fu_746_p_din0             |  out|   32|  ap_ctrl_hs|  residual_norm_and_write|  return value|
|grp_fu_746_p_din1             |  out|   32|  ap_ctrl_hs|  residual_norm_and_write|  return value|
|grp_fu_746_p_opcode           |  out|    1|  ap_ctrl_hs|  residual_norm_and_write|  return value|
|grp_fu_746_p_dout0            |   in|   32|  ap_ctrl_hs|  residual_norm_and_write|  return value|
|grp_fu_746_p_ce               |  out|    1|  ap_ctrl_hs|  residual_norm_and_write|  return value|
|grp_fu_750_p_din0             |  out|   32|  ap_ctrl_hs|  residual_norm_and_write|  return value|
|grp_fu_750_p_din1             |  out|   32|  ap_ctrl_hs|  residual_norm_and_write|  return value|
|grp_fu_750_p_opcode           |  out|    1|  ap_ctrl_hs|  residual_norm_and_write|  return value|
|grp_fu_750_p_dout0            |   in|   32|  ap_ctrl_hs|  residual_norm_and_write|  return value|
|grp_fu_750_p_ce               |  out|    1|  ap_ctrl_hs|  residual_norm_and_write|  return value|
|grp_fu_754_p_din0             |  out|   32|  ap_ctrl_hs|  residual_norm_and_write|  return value|
|grp_fu_754_p_din1             |  out|   32|  ap_ctrl_hs|  residual_norm_and_write|  return value|
|grp_fu_754_p_opcode           |  out|    1|  ap_ctrl_hs|  residual_norm_and_write|  return value|
|grp_fu_754_p_dout0            |   in|   32|  ap_ctrl_hs|  residual_norm_and_write|  return value|
|grp_fu_754_p_ce               |  out|    1|  ap_ctrl_hs|  residual_norm_and_write|  return value|
|grp_fu_758_p_din0             |  out|   32|  ap_ctrl_hs|  residual_norm_and_write|  return value|
|grp_fu_758_p_din1             |  out|   32|  ap_ctrl_hs|  residual_norm_and_write|  return value|
|grp_fu_758_p_opcode           |  out|    1|  ap_ctrl_hs|  residual_norm_and_write|  return value|
|grp_fu_758_p_dout0            |   in|   32|  ap_ctrl_hs|  residual_norm_and_write|  return value|
|grp_fu_758_p_ce               |  out|    1|  ap_ctrl_hs|  residual_norm_and_write|  return value|
|grp_fu_762_p_din0             |  out|   32|  ap_ctrl_hs|  residual_norm_and_write|  return value|
|grp_fu_762_p_din1             |  out|   32|  ap_ctrl_hs|  residual_norm_and_write|  return value|
|grp_fu_762_p_opcode           |  out|    1|  ap_ctrl_hs|  residual_norm_and_write|  return value|
|grp_fu_762_p_dout0            |   in|   32|  ap_ctrl_hs|  residual_norm_and_write|  return value|
|grp_fu_762_p_ce               |  out|    1|  ap_ctrl_hs|  residual_norm_and_write|  return value|
|grp_fu_766_p_din0             |  out|   32|  ap_ctrl_hs|  residual_norm_and_write|  return value|
|grp_fu_766_p_din1             |  out|   32|  ap_ctrl_hs|  residual_norm_and_write|  return value|
|grp_fu_766_p_opcode           |  out|    1|  ap_ctrl_hs|  residual_norm_and_write|  return value|
|grp_fu_766_p_dout0            |   in|   32|  ap_ctrl_hs|  residual_norm_and_write|  return value|
|grp_fu_766_p_ce               |  out|    1|  ap_ctrl_hs|  residual_norm_and_write|  return value|
|grp_fu_770_p_din0             |  out|   32|  ap_ctrl_hs|  residual_norm_and_write|  return value|
|grp_fu_770_p_din1             |  out|   32|  ap_ctrl_hs|  residual_norm_and_write|  return value|
|grp_fu_770_p_opcode           |  out|    1|  ap_ctrl_hs|  residual_norm_and_write|  return value|
|grp_fu_770_p_dout0            |   in|   32|  ap_ctrl_hs|  residual_norm_and_write|  return value|
|grp_fu_770_p_ce               |  out|    1|  ap_ctrl_hs|  residual_norm_and_write|  return value|
|grp_fu_774_p_din0             |  out|   32|  ap_ctrl_hs|  residual_norm_and_write|  return value|
|grp_fu_774_p_din1             |  out|   32|  ap_ctrl_hs|  residual_norm_and_write|  return value|
|grp_fu_774_p_opcode           |  out|    1|  ap_ctrl_hs|  residual_norm_and_write|  return value|
|grp_fu_774_p_dout0            |   in|   32|  ap_ctrl_hs|  residual_norm_and_write|  return value|
|grp_fu_774_p_ce               |  out|    1|  ap_ctrl_hs|  residual_norm_and_write|  return value|
|grp_fu_778_p_din0             |  out|   32|  ap_ctrl_hs|  residual_norm_and_write|  return value|
|grp_fu_778_p_din1             |  out|   32|  ap_ctrl_hs|  residual_norm_and_write|  return value|
|grp_fu_778_p_opcode           |  out|    1|  ap_ctrl_hs|  residual_norm_and_write|  return value|
|grp_fu_778_p_dout0            |   in|   32|  ap_ctrl_hs|  residual_norm_and_write|  return value|
|grp_fu_778_p_ce               |  out|    1|  ap_ctrl_hs|  residual_norm_and_write|  return value|
|grp_fu_782_p_din0             |  out|   32|  ap_ctrl_hs|  residual_norm_and_write|  return value|
|grp_fu_782_p_din1             |  out|   32|  ap_ctrl_hs|  residual_norm_and_write|  return value|
|grp_fu_782_p_opcode           |  out|    2|  ap_ctrl_hs|  residual_norm_and_write|  return value|
|grp_fu_782_p_dout0            |   in|   32|  ap_ctrl_hs|  residual_norm_and_write|  return value|
|grp_fu_782_p_ce               |  out|    1|  ap_ctrl_hs|  residual_norm_and_write|  return value|
|grp_fu_786_p_din0             |  out|   32|  ap_ctrl_hs|  residual_norm_and_write|  return value|
|grp_fu_786_p_din1             |  out|   32|  ap_ctrl_hs|  residual_norm_and_write|  return value|
|grp_fu_786_p_opcode           |  out|    2|  ap_ctrl_hs|  residual_norm_and_write|  return value|
|grp_fu_786_p_dout0            |   in|   32|  ap_ctrl_hs|  residual_norm_and_write|  return value|
|grp_fu_786_p_ce               |  out|    1|  ap_ctrl_hs|  residual_norm_and_write|  return value|
|grp_fu_790_p_din0             |  out|   32|  ap_ctrl_hs|  residual_norm_and_write|  return value|
|grp_fu_790_p_din1             |  out|   32|  ap_ctrl_hs|  residual_norm_and_write|  return value|
|grp_fu_790_p_opcode           |  out|    2|  ap_ctrl_hs|  residual_norm_and_write|  return value|
|grp_fu_790_p_dout0            |   in|   32|  ap_ctrl_hs|  residual_norm_and_write|  return value|
|grp_fu_790_p_ce               |  out|    1|  ap_ctrl_hs|  residual_norm_and_write|  return value|
|grp_fu_794_p_din0             |  out|   32|  ap_ctrl_hs|  residual_norm_and_write|  return value|
|grp_fu_794_p_din1             |  out|   32|  ap_ctrl_hs|  residual_norm_and_write|  return value|
|grp_fu_794_p_opcode           |  out|    2|  ap_ctrl_hs|  residual_norm_and_write|  return value|
|grp_fu_794_p_dout0            |   in|   32|  ap_ctrl_hs|  residual_norm_and_write|  return value|
|grp_fu_794_p_ce               |  out|    1|  ap_ctrl_hs|  residual_norm_and_write|  return value|
|grp_fu_798_p_din0             |  out|   32|  ap_ctrl_hs|  residual_norm_and_write|  return value|
|grp_fu_798_p_din1             |  out|   32|  ap_ctrl_hs|  residual_norm_and_write|  return value|
|grp_fu_798_p_opcode           |  out|    2|  ap_ctrl_hs|  residual_norm_and_write|  return value|
|grp_fu_798_p_dout0            |   in|   32|  ap_ctrl_hs|  residual_norm_and_write|  return value|
|grp_fu_798_p_ce               |  out|    1|  ap_ctrl_hs|  residual_norm_and_write|  return value|
|grp_fu_802_p_din0             |  out|   32|  ap_ctrl_hs|  residual_norm_and_write|  return value|
|grp_fu_802_p_din1             |  out|   32|  ap_ctrl_hs|  residual_norm_and_write|  return value|
|grp_fu_802_p_opcode           |  out|    2|  ap_ctrl_hs|  residual_norm_and_write|  return value|
|grp_fu_802_p_dout0            |   in|   32|  ap_ctrl_hs|  residual_norm_and_write|  return value|
|grp_fu_802_p_ce               |  out|    1|  ap_ctrl_hs|  residual_norm_and_write|  return value|
|grp_fu_806_p_din0             |  out|   32|  ap_ctrl_hs|  residual_norm_and_write|  return value|
|grp_fu_806_p_din1             |  out|   32|  ap_ctrl_hs|  residual_norm_and_write|  return value|
|grp_fu_806_p_opcode           |  out|    2|  ap_ctrl_hs|  residual_norm_and_write|  return value|
|grp_fu_806_p_dout0            |   in|   32|  ap_ctrl_hs|  residual_norm_and_write|  return value|
|grp_fu_806_p_ce               |  out|    1|  ap_ctrl_hs|  residual_norm_and_write|  return value|
|grp_fu_810_p_din0             |  out|   32|  ap_ctrl_hs|  residual_norm_and_write|  return value|
|grp_fu_810_p_din1             |  out|   32|  ap_ctrl_hs|  residual_norm_and_write|  return value|
|grp_fu_810_p_opcode           |  out|    2|  ap_ctrl_hs|  residual_norm_and_write|  return value|
|grp_fu_810_p_dout0            |   in|   32|  ap_ctrl_hs|  residual_norm_and_write|  return value|
|grp_fu_810_p_ce               |  out|    1|  ap_ctrl_hs|  residual_norm_and_write|  return value|
|grp_fu_814_p_din0             |  out|   32|  ap_ctrl_hs|  residual_norm_and_write|  return value|
|grp_fu_814_p_din1             |  out|   32|  ap_ctrl_hs|  residual_norm_and_write|  return value|
|grp_fu_814_p_opcode           |  out|    2|  ap_ctrl_hs|  residual_norm_and_write|  return value|
|grp_fu_814_p_dout0            |   in|   32|  ap_ctrl_hs|  residual_norm_and_write|  return value|
|grp_fu_814_p_ce               |  out|    1|  ap_ctrl_hs|  residual_norm_and_write|  return value|
|grp_fu_818_p_din0             |  out|   32|  ap_ctrl_hs|  residual_norm_and_write|  return value|
|grp_fu_818_p_din1             |  out|   32|  ap_ctrl_hs|  residual_norm_and_write|  return value|
|grp_fu_818_p_opcode           |  out|    2|  ap_ctrl_hs|  residual_norm_and_write|  return value|
|grp_fu_818_p_dout0            |   in|   32|  ap_ctrl_hs|  residual_norm_and_write|  return value|
|grp_fu_818_p_ce               |  out|    1|  ap_ctrl_hs|  residual_norm_and_write|  return value|
|grp_fu_822_p_din0             |  out|   32|  ap_ctrl_hs|  residual_norm_and_write|  return value|
|grp_fu_822_p_din1             |  out|   32|  ap_ctrl_hs|  residual_norm_and_write|  return value|
|grp_fu_822_p_opcode           |  out|    2|  ap_ctrl_hs|  residual_norm_and_write|  return value|
|grp_fu_822_p_dout0            |   in|   32|  ap_ctrl_hs|  residual_norm_and_write|  return value|
|grp_fu_822_p_ce               |  out|    1|  ap_ctrl_hs|  residual_norm_and_write|  return value|
|grp_fu_826_p_din0             |  out|   32|  ap_ctrl_hs|  residual_norm_and_write|  return value|
|grp_fu_826_p_din1             |  out|   32|  ap_ctrl_hs|  residual_norm_and_write|  return value|
|grp_fu_826_p_opcode           |  out|    2|  ap_ctrl_hs|  residual_norm_and_write|  return value|
|grp_fu_826_p_dout0            |   in|   32|  ap_ctrl_hs|  residual_norm_and_write|  return value|
|grp_fu_826_p_ce               |  out|    1|  ap_ctrl_hs|  residual_norm_and_write|  return value|
|grp_fu_830_p_din0             |  out|   32|  ap_ctrl_hs|  residual_norm_and_write|  return value|
|grp_fu_830_p_din1             |  out|   32|  ap_ctrl_hs|  residual_norm_and_write|  return value|
|grp_fu_830_p_opcode           |  out|    2|  ap_ctrl_hs|  residual_norm_and_write|  return value|
|grp_fu_830_p_dout0            |   in|   32|  ap_ctrl_hs|  residual_norm_and_write|  return value|
|grp_fu_830_p_ce               |  out|    1|  ap_ctrl_hs|  residual_norm_and_write|  return value|
|grp_fu_834_p_din0             |  out|   32|  ap_ctrl_hs|  residual_norm_and_write|  return value|
|grp_fu_834_p_din1             |  out|   32|  ap_ctrl_hs|  residual_norm_and_write|  return value|
|grp_fu_834_p_opcode           |  out|    2|  ap_ctrl_hs|  residual_norm_and_write|  return value|
|grp_fu_834_p_dout0            |   in|   32|  ap_ctrl_hs|  residual_norm_and_write|  return value|
|grp_fu_834_p_ce               |  out|    1|  ap_ctrl_hs|  residual_norm_and_write|  return value|
|grp_fu_838_p_din0             |  out|   32|  ap_ctrl_hs|  residual_norm_and_write|  return value|
|grp_fu_838_p_din1             |  out|   32|  ap_ctrl_hs|  residual_norm_and_write|  return value|
|grp_fu_838_p_opcode           |  out|    2|  ap_ctrl_hs|  residual_norm_and_write|  return value|
|grp_fu_838_p_dout0            |   in|   32|  ap_ctrl_hs|  residual_norm_and_write|  return value|
|grp_fu_838_p_ce               |  out|    1|  ap_ctrl_hs|  residual_norm_and_write|  return value|
|grp_fu_842_p_din0             |  out|   32|  ap_ctrl_hs|  residual_norm_and_write|  return value|
|grp_fu_842_p_din1             |  out|   32|  ap_ctrl_hs|  residual_norm_and_write|  return value|
|grp_fu_842_p_opcode           |  out|    2|  ap_ctrl_hs|  residual_norm_and_write|  return value|
|grp_fu_842_p_dout0            |   in|   32|  ap_ctrl_hs|  residual_norm_and_write|  return value|
|grp_fu_842_p_ce               |  out|    1|  ap_ctrl_hs|  residual_norm_and_write|  return value|
|grp_fu_862_p_din0             |  out|   32|  ap_ctrl_hs|  residual_norm_and_write|  return value|
|grp_fu_862_p_din1             |  out|   32|  ap_ctrl_hs|  residual_norm_and_write|  return value|
|grp_fu_862_p_dout0            |   in|   32|  ap_ctrl_hs|  residual_norm_and_write|  return value|
|grp_fu_862_p_ce               |  out|    1|  ap_ctrl_hs|  residual_norm_and_write|  return value|
|grp_fu_866_p_din0             |  out|   32|  ap_ctrl_hs|  residual_norm_and_write|  return value|
|grp_fu_866_p_din1             |  out|   32|  ap_ctrl_hs|  residual_norm_and_write|  return value|
|grp_fu_866_p_dout0            |   in|   32|  ap_ctrl_hs|  residual_norm_and_write|  return value|
|grp_fu_866_p_ce               |  out|    1|  ap_ctrl_hs|  residual_norm_and_write|  return value|
|grp_fu_870_p_din0             |  out|   32|  ap_ctrl_hs|  residual_norm_and_write|  return value|
|grp_fu_870_p_din1             |  out|   32|  ap_ctrl_hs|  residual_norm_and_write|  return value|
|grp_fu_870_p_dout0            |   in|   32|  ap_ctrl_hs|  residual_norm_and_write|  return value|
|grp_fu_870_p_ce               |  out|    1|  ap_ctrl_hs|  residual_norm_and_write|  return value|
|grp_fu_874_p_din0             |  out|   32|  ap_ctrl_hs|  residual_norm_and_write|  return value|
|grp_fu_874_p_din1             |  out|   32|  ap_ctrl_hs|  residual_norm_and_write|  return value|
|grp_fu_874_p_dout0            |   in|   32|  ap_ctrl_hs|  residual_norm_and_write|  return value|
|grp_fu_874_p_ce               |  out|    1|  ap_ctrl_hs|  residual_norm_and_write|  return value|
|grp_fu_878_p_din0             |  out|   32|  ap_ctrl_hs|  residual_norm_and_write|  return value|
|grp_fu_878_p_din1             |  out|   32|  ap_ctrl_hs|  residual_norm_and_write|  return value|
|grp_fu_878_p_dout0            |   in|   32|  ap_ctrl_hs|  residual_norm_and_write|  return value|
|grp_fu_878_p_ce               |  out|    1|  ap_ctrl_hs|  residual_norm_and_write|  return value|
|grp_fu_882_p_din0             |  out|   32|  ap_ctrl_hs|  residual_norm_and_write|  return value|
|grp_fu_882_p_din1             |  out|   32|  ap_ctrl_hs|  residual_norm_and_write|  return value|
|grp_fu_882_p_dout0            |   in|   32|  ap_ctrl_hs|  residual_norm_and_write|  return value|
|grp_fu_882_p_ce               |  out|    1|  ap_ctrl_hs|  residual_norm_and_write|  return value|
|grp_fu_886_p_din0             |  out|   32|  ap_ctrl_hs|  residual_norm_and_write|  return value|
|grp_fu_886_p_din1             |  out|   32|  ap_ctrl_hs|  residual_norm_and_write|  return value|
|grp_fu_886_p_dout0            |   in|   32|  ap_ctrl_hs|  residual_norm_and_write|  return value|
|grp_fu_886_p_ce               |  out|    1|  ap_ctrl_hs|  residual_norm_and_write|  return value|
|grp_fu_890_p_din0             |  out|   32|  ap_ctrl_hs|  residual_norm_and_write|  return value|
|grp_fu_890_p_din1             |  out|   32|  ap_ctrl_hs|  residual_norm_and_write|  return value|
|grp_fu_890_p_dout0            |   in|   32|  ap_ctrl_hs|  residual_norm_and_write|  return value|
|grp_fu_890_p_ce               |  out|    1|  ap_ctrl_hs|  residual_norm_and_write|  return value|
|grp_fu_894_p_din0             |  out|   32|  ap_ctrl_hs|  residual_norm_and_write|  return value|
|grp_fu_894_p_din1             |  out|   32|  ap_ctrl_hs|  residual_norm_and_write|  return value|
|grp_fu_894_p_dout0            |   in|   32|  ap_ctrl_hs|  residual_norm_and_write|  return value|
|grp_fu_894_p_ce               |  out|    1|  ap_ctrl_hs|  residual_norm_and_write|  return value|
|grp_fu_898_p_din0             |  out|   32|  ap_ctrl_hs|  residual_norm_and_write|  return value|
|grp_fu_898_p_din1             |  out|   32|  ap_ctrl_hs|  residual_norm_and_write|  return value|
|grp_fu_898_p_dout0            |   in|   32|  ap_ctrl_hs|  residual_norm_and_write|  return value|
|grp_fu_898_p_ce               |  out|    1|  ap_ctrl_hs|  residual_norm_and_write|  return value|
|grp_fu_902_p_din0             |  out|   32|  ap_ctrl_hs|  residual_norm_and_write|  return value|
|grp_fu_902_p_din1             |  out|   32|  ap_ctrl_hs|  residual_norm_and_write|  return value|
|grp_fu_902_p_dout0            |   in|   32|  ap_ctrl_hs|  residual_norm_and_write|  return value|
|grp_fu_902_p_ce               |  out|    1|  ap_ctrl_hs|  residual_norm_and_write|  return value|
|grp_fu_906_p_din0             |  out|   32|  ap_ctrl_hs|  residual_norm_and_write|  return value|
|grp_fu_906_p_din1             |  out|   32|  ap_ctrl_hs|  residual_norm_and_write|  return value|
|grp_fu_906_p_dout0            |   in|   32|  ap_ctrl_hs|  residual_norm_and_write|  return value|
|grp_fu_906_p_ce               |  out|    1|  ap_ctrl_hs|  residual_norm_and_write|  return value|
|grp_fu_910_p_din0             |  out|   32|  ap_ctrl_hs|  residual_norm_and_write|  return value|
|grp_fu_910_p_din1             |  out|   32|  ap_ctrl_hs|  residual_norm_and_write|  return value|
|grp_fu_910_p_dout0            |   in|   32|  ap_ctrl_hs|  residual_norm_and_write|  return value|
|grp_fu_910_p_ce               |  out|    1|  ap_ctrl_hs|  residual_norm_and_write|  return value|
|grp_fu_914_p_din0             |  out|   32|  ap_ctrl_hs|  residual_norm_and_write|  return value|
|grp_fu_914_p_din1             |  out|   32|  ap_ctrl_hs|  residual_norm_and_write|  return value|
|grp_fu_914_p_dout0            |   in|   32|  ap_ctrl_hs|  residual_norm_and_write|  return value|
|grp_fu_914_p_ce               |  out|    1|  ap_ctrl_hs|  residual_norm_and_write|  return value|
|grp_fu_918_p_din0             |  out|   32|  ap_ctrl_hs|  residual_norm_and_write|  return value|
|grp_fu_918_p_din1             |  out|   32|  ap_ctrl_hs|  residual_norm_and_write|  return value|
|grp_fu_918_p_dout0            |   in|   32|  ap_ctrl_hs|  residual_norm_and_write|  return value|
|grp_fu_918_p_ce               |  out|    1|  ap_ctrl_hs|  residual_norm_and_write|  return value|
|grp_fu_922_p_din0             |  out|   32|  ap_ctrl_hs|  residual_norm_and_write|  return value|
|grp_fu_922_p_din1             |  out|   32|  ap_ctrl_hs|  residual_norm_and_write|  return value|
|grp_fu_922_p_dout0            |   in|   32|  ap_ctrl_hs|  residual_norm_and_write|  return value|
|grp_fu_922_p_ce               |  out|    1|  ap_ctrl_hs|  residual_norm_and_write|  return value|
|grp_fu_926_p_din0             |  out|   32|  ap_ctrl_hs|  residual_norm_and_write|  return value|
|grp_fu_926_p_din1             |  out|   32|  ap_ctrl_hs|  residual_norm_and_write|  return value|
|grp_fu_926_p_dout0            |   in|   32|  ap_ctrl_hs|  residual_norm_and_write|  return value|
|grp_fu_926_p_ce               |  out|    1|  ap_ctrl_hs|  residual_norm_and_write|  return value|
|grp_fu_930_p_din0             |  out|   32|  ap_ctrl_hs|  residual_norm_and_write|  return value|
|grp_fu_930_p_din1             |  out|   32|  ap_ctrl_hs|  residual_norm_and_write|  return value|
|grp_fu_930_p_dout0            |   in|   32|  ap_ctrl_hs|  residual_norm_and_write|  return value|
|grp_fu_930_p_ce               |  out|    1|  ap_ctrl_hs|  residual_norm_and_write|  return value|
|grp_fu_934_p_din0             |  out|   32|  ap_ctrl_hs|  residual_norm_and_write|  return value|
|grp_fu_934_p_din1             |  out|   32|  ap_ctrl_hs|  residual_norm_and_write|  return value|
|grp_fu_934_p_dout0            |   in|   32|  ap_ctrl_hs|  residual_norm_and_write|  return value|
|grp_fu_934_p_ce               |  out|    1|  ap_ctrl_hs|  residual_norm_and_write|  return value|
|grp_fu_938_p_din0             |  out|   32|  ap_ctrl_hs|  residual_norm_and_write|  return value|
|grp_fu_938_p_din1             |  out|   32|  ap_ctrl_hs|  residual_norm_and_write|  return value|
|grp_fu_938_p_dout0            |   in|   32|  ap_ctrl_hs|  residual_norm_and_write|  return value|
|grp_fu_938_p_ce               |  out|    1|  ap_ctrl_hs|  residual_norm_and_write|  return value|
|grp_fu_942_p_din0             |  out|   32|  ap_ctrl_hs|  residual_norm_and_write|  return value|
|grp_fu_942_p_din1             |  out|   32|  ap_ctrl_hs|  residual_norm_and_write|  return value|
|grp_fu_942_p_dout0            |   in|   32|  ap_ctrl_hs|  residual_norm_and_write|  return value|
|grp_fu_942_p_ce               |  out|    1|  ap_ctrl_hs|  residual_norm_and_write|  return value|
|grp_fu_946_p_din0             |  out|   32|  ap_ctrl_hs|  residual_norm_and_write|  return value|
|grp_fu_946_p_din1             |  out|   32|  ap_ctrl_hs|  residual_norm_and_write|  return value|
|grp_fu_946_p_dout0            |   in|   32|  ap_ctrl_hs|  residual_norm_and_write|  return value|
|grp_fu_946_p_ce               |  out|    1|  ap_ctrl_hs|  residual_norm_and_write|  return value|
|grp_fu_950_p_din0             |  out|   32|  ap_ctrl_hs|  residual_norm_and_write|  return value|
|grp_fu_950_p_din1             |  out|   32|  ap_ctrl_hs|  residual_norm_and_write|  return value|
|grp_fu_950_p_dout0            |   in|   32|  ap_ctrl_hs|  residual_norm_and_write|  return value|
|grp_fu_950_p_ce               |  out|    1|  ap_ctrl_hs|  residual_norm_and_write|  return value|
|grp_fu_954_p_din0             |  out|   32|  ap_ctrl_hs|  residual_norm_and_write|  return value|
|grp_fu_954_p_din1             |  out|   32|  ap_ctrl_hs|  residual_norm_and_write|  return value|
|grp_fu_954_p_dout0            |   in|   32|  ap_ctrl_hs|  residual_norm_and_write|  return value|
|grp_fu_954_p_ce               |  out|    1|  ap_ctrl_hs|  residual_norm_and_write|  return value|
|grp_fu_958_p_din0             |  out|   32|  ap_ctrl_hs|  residual_norm_and_write|  return value|
|grp_fu_958_p_din1             |  out|   32|  ap_ctrl_hs|  residual_norm_and_write|  return value|
|grp_fu_958_p_dout0            |   in|   32|  ap_ctrl_hs|  residual_norm_and_write|  return value|
|grp_fu_958_p_ce               |  out|    1|  ap_ctrl_hs|  residual_norm_and_write|  return value|
|grp_fu_962_p_din0             |  out|   32|  ap_ctrl_hs|  residual_norm_and_write|  return value|
|grp_fu_962_p_din1             |  out|   32|  ap_ctrl_hs|  residual_norm_and_write|  return value|
|grp_fu_962_p_dout0            |   in|   32|  ap_ctrl_hs|  residual_norm_and_write|  return value|
|grp_fu_962_p_ce               |  out|    1|  ap_ctrl_hs|  residual_norm_and_write|  return value|
|grp_fu_966_p_din0             |  out|   32|  ap_ctrl_hs|  residual_norm_and_write|  return value|
|grp_fu_966_p_din1             |  out|   32|  ap_ctrl_hs|  residual_norm_and_write|  return value|
|grp_fu_966_p_dout0            |   in|   32|  ap_ctrl_hs|  residual_norm_and_write|  return value|
|grp_fu_966_p_ce               |  out|    1|  ap_ctrl_hs|  residual_norm_and_write|  return value|
|grp_fu_970_p_din0             |  out|   32|  ap_ctrl_hs|  residual_norm_and_write|  return value|
|grp_fu_970_p_din1             |  out|   32|  ap_ctrl_hs|  residual_norm_and_write|  return value|
|grp_fu_970_p_dout0            |   in|   32|  ap_ctrl_hs|  residual_norm_and_write|  return value|
|grp_fu_970_p_ce               |  out|    1|  ap_ctrl_hs|  residual_norm_and_write|  return value|
|grp_fu_654_p_din0             |  out|   32|  ap_ctrl_hs|  residual_norm_and_write|  return value|
|grp_fu_654_p_din1             |  out|   32|  ap_ctrl_hs|  residual_norm_and_write|  return value|
|grp_fu_654_p_opcode           |  out|    2|  ap_ctrl_hs|  residual_norm_and_write|  return value|
|grp_fu_654_p_dout0            |   in|   32|  ap_ctrl_hs|  residual_norm_and_write|  return value|
|grp_fu_654_p_ce               |  out|    1|  ap_ctrl_hs|  residual_norm_and_write|  return value|
|grp_fu_846_p_din0             |  out|   32|  ap_ctrl_hs|  residual_norm_and_write|  return value|
|grp_fu_846_p_din1             |  out|   32|  ap_ctrl_hs|  residual_norm_and_write|  return value|
|grp_fu_846_p_dout0            |   in|   32|  ap_ctrl_hs|  residual_norm_and_write|  return value|
|grp_fu_846_p_ce               |  out|    1|  ap_ctrl_hs|  residual_norm_and_write|  return value|
|grp_fu_850_p_din0             |  out|   32|  ap_ctrl_hs|  residual_norm_and_write|  return value|
|grp_fu_850_p_din1             |  out|   32|  ap_ctrl_hs|  residual_norm_and_write|  return value|
|grp_fu_850_p_dout0            |   in|   32|  ap_ctrl_hs|  residual_norm_and_write|  return value|
|grp_fu_850_p_ce               |  out|    1|  ap_ctrl_hs|  residual_norm_and_write|  return value|
|residual_address0             |  out|   13|   ap_memory|                 residual|         array|
|residual_ce0                  |  out|    1|   ap_memory|                 residual|         array|
|residual_q0                   |   in|  512|   ap_memory|                 residual|         array|
|projected_address0            |  out|   14|   ap_memory|                projected|         array|
|projected_ce0                 |  out|    1|   ap_memory|                projected|         array|
|projected_q0                  |   in|  256|   ap_memory|                projected|         array|
|projected_address1            |  out|   14|   ap_memory|                projected|         array|
|projected_ce1                 |  out|    1|   ap_memory|                projected|         array|
|projected_q1                  |   in|  256|   ap_memory|                projected|         array|
|m_axi_gmem_norm_AWVALID       |  out|    1|       m_axi|                gmem_norm|       pointer|
|m_axi_gmem_norm_AWREADY       |   in|    1|       m_axi|                gmem_norm|       pointer|
|m_axi_gmem_norm_AWADDR        |  out|   64|       m_axi|                gmem_norm|       pointer|
|m_axi_gmem_norm_AWID          |  out|    1|       m_axi|                gmem_norm|       pointer|
|m_axi_gmem_norm_AWLEN         |  out|   32|       m_axi|                gmem_norm|       pointer|
|m_axi_gmem_norm_AWSIZE        |  out|    3|       m_axi|                gmem_norm|       pointer|
|m_axi_gmem_norm_AWBURST       |  out|    2|       m_axi|                gmem_norm|       pointer|
|m_axi_gmem_norm_AWLOCK        |  out|    2|       m_axi|                gmem_norm|       pointer|
|m_axi_gmem_norm_AWCACHE       |  out|    4|       m_axi|                gmem_norm|       pointer|
|m_axi_gmem_norm_AWPROT        |  out|    3|       m_axi|                gmem_norm|       pointer|
|m_axi_gmem_norm_AWQOS         |  out|    4|       m_axi|                gmem_norm|       pointer|
|m_axi_gmem_norm_AWREGION      |  out|    4|       m_axi|                gmem_norm|       pointer|
|m_axi_gmem_norm_AWUSER        |  out|    1|       m_axi|                gmem_norm|       pointer|
|m_axi_gmem_norm_WVALID        |  out|    1|       m_axi|                gmem_norm|       pointer|
|m_axi_gmem_norm_WREADY        |   in|    1|       m_axi|                gmem_norm|       pointer|
|m_axi_gmem_norm_WDATA         |  out|  512|       m_axi|                gmem_norm|       pointer|
|m_axi_gmem_norm_WSTRB         |  out|   64|       m_axi|                gmem_norm|       pointer|
|m_axi_gmem_norm_WLAST         |  out|    1|       m_axi|                gmem_norm|       pointer|
|m_axi_gmem_norm_WID           |  out|    1|       m_axi|                gmem_norm|       pointer|
|m_axi_gmem_norm_WUSER         |  out|    1|       m_axi|                gmem_norm|       pointer|
|m_axi_gmem_norm_ARVALID       |  out|    1|       m_axi|                gmem_norm|       pointer|
|m_axi_gmem_norm_ARREADY       |   in|    1|       m_axi|                gmem_norm|       pointer|
|m_axi_gmem_norm_ARADDR        |  out|   64|       m_axi|                gmem_norm|       pointer|
|m_axi_gmem_norm_ARID          |  out|    1|       m_axi|                gmem_norm|       pointer|
|m_axi_gmem_norm_ARLEN         |  out|   32|       m_axi|                gmem_norm|       pointer|
|m_axi_gmem_norm_ARSIZE        |  out|    3|       m_axi|                gmem_norm|       pointer|
|m_axi_gmem_norm_ARBURST       |  out|    2|       m_axi|                gmem_norm|       pointer|
|m_axi_gmem_norm_ARLOCK        |  out|    2|       m_axi|                gmem_norm|       pointer|
|m_axi_gmem_norm_ARCACHE       |  out|    4|       m_axi|                gmem_norm|       pointer|
|m_axi_gmem_norm_ARPROT        |  out|    3|       m_axi|                gmem_norm|       pointer|
|m_axi_gmem_norm_ARQOS         |  out|    4|       m_axi|                gmem_norm|       pointer|
|m_axi_gmem_norm_ARREGION      |  out|    4|       m_axi|                gmem_norm|       pointer|
|m_axi_gmem_norm_ARUSER        |  out|    1|       m_axi|                gmem_norm|       pointer|
|m_axi_gmem_norm_RVALID        |   in|    1|       m_axi|                gmem_norm|       pointer|
|m_axi_gmem_norm_RREADY        |  out|    1|       m_axi|                gmem_norm|       pointer|
|m_axi_gmem_norm_RDATA         |   in|  512|       m_axi|                gmem_norm|       pointer|
|m_axi_gmem_norm_RLAST         |   in|    1|       m_axi|                gmem_norm|       pointer|
|m_axi_gmem_norm_RID           |   in|    1|       m_axi|                gmem_norm|       pointer|
|m_axi_gmem_norm_RFIFONUM      |   in|    9|       m_axi|                gmem_norm|       pointer|
|m_axi_gmem_norm_RUSER         |   in|    1|       m_axi|                gmem_norm|       pointer|
|m_axi_gmem_norm_RRESP         |   in|    2|       m_axi|                gmem_norm|       pointer|
|m_axi_gmem_norm_BVALID        |   in|    1|       m_axi|                gmem_norm|       pointer|
|m_axi_gmem_norm_BREADY        |  out|    1|       m_axi|                gmem_norm|       pointer|
|m_axi_gmem_norm_BRESP         |   in|    2|       m_axi|                gmem_norm|       pointer|
|m_axi_gmem_norm_BID           |   in|    1|       m_axi|                gmem_norm|       pointer|
|m_axi_gmem_norm_BUSER         |   in|    1|       m_axi|                gmem_norm|       pointer|
|gamma                         |   in|   64|     ap_none|                    gamma|        scalar|
|beta                          |   in|   64|     ap_none|                     beta|        scalar|
|m_axi_gmem_attn_mid_AWVALID   |  out|    1|       m_axi|            gmem_attn_mid|       pointer|
|m_axi_gmem_attn_mid_AWREADY   |   in|    1|       m_axi|            gmem_attn_mid|       pointer|
|m_axi_gmem_attn_mid_AWADDR    |  out|   64|       m_axi|            gmem_attn_mid|       pointer|
|m_axi_gmem_attn_mid_AWID      |  out|    1|       m_axi|            gmem_attn_mid|       pointer|
|m_axi_gmem_attn_mid_AWLEN     |  out|   32|       m_axi|            gmem_attn_mid|       pointer|
|m_axi_gmem_attn_mid_AWSIZE    |  out|    3|       m_axi|            gmem_attn_mid|       pointer|
|m_axi_gmem_attn_mid_AWBURST   |  out|    2|       m_axi|            gmem_attn_mid|       pointer|
|m_axi_gmem_attn_mid_AWLOCK    |  out|    2|       m_axi|            gmem_attn_mid|       pointer|
|m_axi_gmem_attn_mid_AWCACHE   |  out|    4|       m_axi|            gmem_attn_mid|       pointer|
|m_axi_gmem_attn_mid_AWPROT    |  out|    3|       m_axi|            gmem_attn_mid|       pointer|
|m_axi_gmem_attn_mid_AWQOS     |  out|    4|       m_axi|            gmem_attn_mid|       pointer|
|m_axi_gmem_attn_mid_AWREGION  |  out|    4|       m_axi|            gmem_attn_mid|       pointer|
|m_axi_gmem_attn_mid_AWUSER    |  out|    1|       m_axi|            gmem_attn_mid|       pointer|
|m_axi_gmem_attn_mid_WVALID    |  out|    1|       m_axi|            gmem_attn_mid|       pointer|
|m_axi_gmem_attn_mid_WREADY    |   in|    1|       m_axi|            gmem_attn_mid|       pointer|
|m_axi_gmem_attn_mid_WDATA     |  out|  512|       m_axi|            gmem_attn_mid|       pointer|
|m_axi_gmem_attn_mid_WSTRB     |  out|   64|       m_axi|            gmem_attn_mid|       pointer|
|m_axi_gmem_attn_mid_WLAST     |  out|    1|       m_axi|            gmem_attn_mid|       pointer|
|m_axi_gmem_attn_mid_WID       |  out|    1|       m_axi|            gmem_attn_mid|       pointer|
|m_axi_gmem_attn_mid_WUSER     |  out|    1|       m_axi|            gmem_attn_mid|       pointer|
|m_axi_gmem_attn_mid_ARVALID   |  out|    1|       m_axi|            gmem_attn_mid|       pointer|
|m_axi_gmem_attn_mid_ARREADY   |   in|    1|       m_axi|            gmem_attn_mid|       pointer|
|m_axi_gmem_attn_mid_ARADDR    |  out|   64|       m_axi|            gmem_attn_mid|       pointer|
|m_axi_gmem_attn_mid_ARID      |  out|    1|       m_axi|            gmem_attn_mid|       pointer|
|m_axi_gmem_attn_mid_ARLEN     |  out|   32|       m_axi|            gmem_attn_mid|       pointer|
|m_axi_gmem_attn_mid_ARSIZE    |  out|    3|       m_axi|            gmem_attn_mid|       pointer|
|m_axi_gmem_attn_mid_ARBURST   |  out|    2|       m_axi|            gmem_attn_mid|       pointer|
|m_axi_gmem_attn_mid_ARLOCK    |  out|    2|       m_axi|            gmem_attn_mid|       pointer|
|m_axi_gmem_attn_mid_ARCACHE   |  out|    4|       m_axi|            gmem_attn_mid|       pointer|
|m_axi_gmem_attn_mid_ARPROT    |  out|    3|       m_axi|            gmem_attn_mid|       pointer|
|m_axi_gmem_attn_mid_ARQOS     |  out|    4|       m_axi|            gmem_attn_mid|       pointer|
|m_axi_gmem_attn_mid_ARREGION  |  out|    4|       m_axi|            gmem_attn_mid|       pointer|
|m_axi_gmem_attn_mid_ARUSER    |  out|    1|       m_axi|            gmem_attn_mid|       pointer|
|m_axi_gmem_attn_mid_RVALID    |   in|    1|       m_axi|            gmem_attn_mid|       pointer|
|m_axi_gmem_attn_mid_RREADY    |  out|    1|       m_axi|            gmem_attn_mid|       pointer|
|m_axi_gmem_attn_mid_RDATA     |   in|  512|       m_axi|            gmem_attn_mid|       pointer|
|m_axi_gmem_attn_mid_RLAST     |   in|    1|       m_axi|            gmem_attn_mid|       pointer|
|m_axi_gmem_attn_mid_RID       |   in|    1|       m_axi|            gmem_attn_mid|       pointer|
|m_axi_gmem_attn_mid_RFIFONUM  |   in|    9|       m_axi|            gmem_attn_mid|       pointer|
|m_axi_gmem_attn_mid_RUSER     |   in|    1|       m_axi|            gmem_attn_mid|       pointer|
|m_axi_gmem_attn_mid_RRESP     |   in|    2|       m_axi|            gmem_attn_mid|       pointer|
|m_axi_gmem_attn_mid_BVALID    |   in|    1|       m_axi|            gmem_attn_mid|       pointer|
|m_axi_gmem_attn_mid_BREADY    |  out|    1|       m_axi|            gmem_attn_mid|       pointer|
|m_axi_gmem_attn_mid_BRESP     |   in|    2|       m_axi|            gmem_attn_mid|       pointer|
|m_axi_gmem_attn_mid_BID       |   in|    1|       m_axi|            gmem_attn_mid|       pointer|
|m_axi_gmem_attn_mid_BUSER     |   in|    1|       m_axi|            gmem_attn_mid|       pointer|
|attn_mid_ddr                  |   in|   64|     ap_none|             attn_mid_ddr|        scalar|
|attn_mid_stream_TDATA         |  out|  512|        axis|          attn_mid_stream|       pointer|
|attn_mid_stream_TVALID        |  out|    1|        axis|          attn_mid_stream|       pointer|
|attn_mid_stream_TREADY        |   in|    1|        axis|          attn_mid_stream|       pointer|
+------------------------------+-----+-----+------------+-------------------------+--------------+

