

================================================================
== Vitis HLS Report for 'fp32_initialize_down_bias_residual'
================================================================
* Date:           Wed Jul 15 12:35:59 2026

* Version:        2022.1 (Build 3526262 on Mon Apr 18 15:47:01 MDT 2022)
* Project:        proj_bert_ffn_down_norm_feedback_12layer_kernel
* Solution:       solution1 (Vivado IP Flow Target)
* Product family: virtexuplus
* Target device:  xcu250-figd2104-2L-e


================================================================
== Performance Estimates
================================================================
+ Timing: 
    * Summary: 
    +--------+---------+----------+------------+
    |  Clock |  Target | Estimated| Uncertainty|
    +--------+---------+----------+------------+
    |ap_clk  |  3.33 ns|  2.433 ns|     0.90 ns|
    +--------+---------+----------+------------+

+ Latency: 
    * Summary: 
    +---------+---------+-----------+-----------+------+------+---------+
    |  Latency (cycles) |   Latency (absolute)  |   Interval  | Pipeline|
    |   min   |   max   |    min    |    max    |  min |  max |   Type  |
    +---------+---------+-----------+-----------+------+------+---------+
    |     6161|     6161|  20.535 us|  20.535 us|  6161|  6161|       no|
    +---------+---------+-----------+-----------+------+------+---------+

    + Detail: 
        * Instance: 
        N/A

        * Loop: 
        +------------------------------------------------+---------+---------+----------+-----------+-----------+------+----------+
        |                                                |  Latency (cycles) | Iteration|  Initiation Interval  | Trip |          |
        |                    Loop Name                   |   min   |   max   |  Latency |  achieved |   target  | Count| Pipelined|
        +------------------------------------------------+---------+---------+----------+-----------+-----------+------+----------+
        |- fp32_down_residual_s_fp32_down_residual_pack  |     6159|     6159|        17|          1|          1|  6144|       yes|
        +------------------------------------------------+---------+---------+----------+-----------+-----------+------+----------+



================================================================
== Utilization Estimates
================================================================
* Summary: 
+---------------------+---------+-------+---------+---------+------+
|         Name        | BRAM_18K|  DSP  |    FF   |   LUT   | URAM |
+---------------------+---------+-------+---------+---------+------+
|DSP                  |        -|      -|        -|        -|     -|
|Expression           |        -|      -|        0|      134|     -|
|FIFO                 |        -|      -|        -|        -|     -|
|Instance             |        -|      -|        -|        -|     -|
|Memory               |        -|      -|        -|        -|     -|
|Multiplexer          |        -|      -|        -|       90|     -|
|Register             |        -|      -|     2898|      608|     -|
+---------------------+---------+-------+---------+---------+------+
|Total                |        0|      0|     2898|      832|     0|
+---------------------+---------+-------+---------+---------+------+
|Available SLR        |     1344|   3072|   864000|   432000|   320|
+---------------------+---------+-------+---------+---------+------+
|Utilization SLR (%)  |        0|      0|       ~0|       ~0|     0|
+---------------------+---------+-------+---------+---------+------+
|Available            |     5376|  12288|  3456000|  1728000|  1280|
+---------------------+---------+-------+---------+---------+------+
|Utilization (%)      |        0|      0|       ~0|       ~0|     0|
+---------------------+---------+-------+---------+---------+------+

+ Detail: 
    * Instance: 
    N/A

    * DSP: 
    N/A

    * Memory: 
    N/A

    * FIFO: 
    N/A

    * Expression: 
    +----------------------------------+----------+----+---+----+------------+------------+
    |           Variable Name          | Operation| DSP| FF| LUT| Bitwidth P0| Bitwidth P1|
    +----------------------------------+----------+----+---+----+------------+------------+
    |add_ln478_1_fu_613_p2             |         +|   0|  0|  20|          13|           1|
    |add_ln478_fu_1097_p2              |         +|   0|  0|  15|           8|           1|
    |add_ln480_fu_796_p2               |         +|   0|  0|  13|           6|           1|
    |add_ln491_fu_1143_p2              |         +|   0|  0|  17|          13|          13|
    |sub_ln491_fu_1134_p2              |         -|   0|  0|  17|          13|          13|
    |ap_block_state1_pp0_stage0_iter0  |       and|   0|  0|   2|           1|           1|
    |ap_block_state2_io                |       and|   0|  0|   2|           1|           1|
    |ap_block_state9_pp0_stage0_iter8  |       and|   0|  0|   2|           1|           1|
    |ap_condition_1498                 |       and|   0|  0|   2|           1|           1|
    |icmp_ln478_fu_607_p2              |      icmp|   0|  0|  12|          13|          13|
    |icmp_ln480_fu_622_p2              |      icmp|   0|  0|  10|           6|           6|
    |ap_block_pp0_stage0_00001         |        or|   0|  0|   2|           1|           1|
    |ap_block_pp0_stage0_11001         |        or|   0|  0|   2|           1|           1|
    |or_ln478_fu_628_p2                |        or|   0|  0|   2|           1|           1|
    |select_ln478_1_fu_1103_p3         |    select|   0|  0|   8|           1|           8|
    |select_ln478_fu_634_p3            |    select|   0|  0|   6|           1|           1|
    |ap_enable_pp0                     |       xor|   0|  0|   2|           1|           2|
    +----------------------------------+----------+----+---+----+------------+------------+
    |Total                             |          |   0|  0| 134|          82|          66|
    +----------------------------------+----------+----+---+----+------------+------------+

    * Multiplexer: 
    +--------------------------------------+----+-----------+-----+-----------+
    |                 Name                 | LUT| Input Size| Bits| Total Bits|
    +--------------------------------------+----+-----------+-----+-----------+
    |ap_done_int                           |   9|          2|    1|          2|
    |ap_enable_reg_pp0_iter1               |   9|          2|    1|          2|
    |ap_sig_allocacmp_h_pack_load          |   9|          2|    6|         12|
    |ap_sig_allocacmp_indvar_flatten_load  |   9|          2|   13|         26|
    |ffn_residual_stream_TDATA_blk_n       |   9|          2|    1|          2|
    |gmem_w2_blk_n_AR                      |   9|          2|    1|          2|
    |gmem_w2_blk_n_R                       |   9|          2|    1|          2|
    |h_pack_fu_186                         |   9|          2|    6|         12|
    |indvar_flatten_fu_194                 |   9|          2|   13|         26|
    |s_fu_190                              |   9|          2|    8|         16|
    +--------------------------------------+----+-----------+-----+-----------+
    |Total                                 |  90|         20|   51|        102|
    +--------------------------------------+----+-----------+-----+-----------+

    * Register: 
    +-----------------------------------+----+----+-----+-----------+
    |                Name               | FF | LUT| Bits| Const Bits|
    +-----------------------------------+----+----+-----+-----------+
    |add_10_reg_1598                    |  32|   0|   32|          0|
    |add_11_reg_1603                    |  32|   0|   32|          0|
    |add_12_reg_1608                    |  32|   0|   32|          0|
    |add_13_reg_1613                    |  32|   0|   32|          0|
    |add_14_reg_1618                    |  32|   0|   32|          0|
    |add_1_reg_1548                     |  32|   0|   32|          0|
    |add_2_reg_1553                     |  32|   0|   32|          0|
    |add_3_reg_1558                     |  32|   0|   32|          0|
    |add_4_reg_1563                     |  32|   0|   32|          0|
    |add_5_reg_1568                     |  32|   0|   32|          0|
    |add_6_reg_1573                     |  32|   0|   32|          0|
    |add_7_reg_1578                     |  32|   0|   32|          0|
    |add_8_reg_1583                     |  32|   0|   32|          0|
    |add_9_reg_1588                     |  32|   0|   32|          0|
    |add_ln491_reg_1538                 |  13|   0|   13|          0|
    |add_reg_1543                       |  32|   0|   32|          0|
    |add_s_reg_1593                     |  32|   0|   32|          0|
    |ap_CS_fsm                          |   1|   0|    1|          0|
    |ap_done_reg                        |   1|   0|    1|          0|
    |ap_enable_reg_pp0_iter1            |   1|   0|    1|          0|
    |ap_enable_reg_pp0_iter10           |   1|   0|    1|          0|
    |ap_enable_reg_pp0_iter11           |   1|   0|    1|          0|
    |ap_enable_reg_pp0_iter12           |   1|   0|    1|          0|
    |ap_enable_reg_pp0_iter13           |   1|   0|    1|          0|
    |ap_enable_reg_pp0_iter14           |   1|   0|    1|          0|
    |ap_enable_reg_pp0_iter15           |   1|   0|    1|          0|
    |ap_enable_reg_pp0_iter16           |   1|   0|    1|          0|
    |ap_enable_reg_pp0_iter2            |   1|   0|    1|          0|
    |ap_enable_reg_pp0_iter3            |   1|   0|    1|          0|
    |ap_enable_reg_pp0_iter4            |   1|   0|    1|          0|
    |ap_enable_reg_pp0_iter5            |   1|   0|    1|          0|
    |ap_enable_reg_pp0_iter6            |   1|   0|    1|          0|
    |ap_enable_reg_pp0_iter7            |   1|   0|    1|          0|
    |ap_enable_reg_pp0_iter8            |   1|   0|    1|          0|
    |ap_enable_reg_pp0_iter9            |   1|   0|    1|          0|
    |ap_loop_exit_ready_pp0_iter10_reg  |   1|   0|    1|          0|
    |ap_loop_exit_ready_pp0_iter11_reg  |   1|   0|    1|          0|
    |ap_loop_exit_ready_pp0_iter12_reg  |   1|   0|    1|          0|
    |ap_loop_exit_ready_pp0_iter13_reg  |   1|   0|    1|          0|
    |ap_loop_exit_ready_pp0_iter14_reg  |   1|   0|    1|          0|
    |ap_loop_exit_ready_pp0_iter15_reg  |   1|   0|    1|          0|
    |ap_loop_exit_ready_pp0_iter1_reg   |   1|   0|    1|          0|
    |ap_loop_exit_ready_pp0_iter2_reg   |   1|   0|    1|          0|
    |ap_loop_exit_ready_pp0_iter3_reg   |   1|   0|    1|          0|
    |ap_loop_exit_ready_pp0_iter4_reg   |   1|   0|    1|          0|
    |ap_loop_exit_ready_pp0_iter5_reg   |   1|   0|    1|          0|
    |ap_loop_exit_ready_pp0_iter6_reg   |   1|   0|    1|          0|
    |ap_loop_exit_ready_pp0_iter7_reg   |   1|   0|    1|          0|
    |ap_loop_exit_ready_pp0_iter8_reg   |   1|   0|    1|          0|
    |ap_loop_exit_ready_pp0_iter9_reg   |   1|   0|    1|          0|
    |bits_V_21_reg_1328                 |  32|   0|   32|          0|
    |bits_V_22_reg_1333                 |  32|   0|   32|          0|
    |bits_V_23_reg_1338                 |  32|   0|   32|          0|
    |bits_V_24_reg_1343                 |  32|   0|   32|          0|
    |bits_V_25_reg_1348                 |  32|   0|   32|          0|
    |bits_V_26_reg_1353                 |  32|   0|   32|          0|
    |bits_V_27_reg_1358                 |  32|   0|   32|          0|
    |bits_V_28_reg_1363                 |  32|   0|   32|          0|
    |bits_V_29_reg_1368                 |  32|   0|   32|          0|
    |bits_V_30_reg_1373                 |  32|   0|   32|          0|
    |bits_V_31_reg_1218                 |  32|   0|   32|          0|
    |bits_V_32_reg_1223                 |  32|   0|   32|          0|
    |bits_V_33_reg_1228                 |  32|   0|   32|          0|
    |bits_V_34_reg_1233                 |  32|   0|   32|          0|
    |bits_V_35_reg_1238                 |  32|   0|   32|          0|
    |bits_V_36_reg_1243                 |  32|   0|   32|          0|
    |bits_V_37_reg_1248                 |  32|   0|   32|          0|
    |bits_V_38_reg_1253                 |  32|   0|   32|          0|
    |bits_V_39_reg_1258                 |  32|   0|   32|          0|
    |bits_V_40_reg_1263                 |  32|   0|   32|          0|
    |bits_V_41_reg_1268                 |  32|   0|   32|          0|
    |bits_V_42_reg_1273                 |  32|   0|   32|          0|
    |bits_V_43_reg_1278                 |  32|   0|   32|          0|
    |bits_V_44_reg_1283                 |  32|   0|   32|          0|
    |bits_V_45_reg_1288                 |  32|   0|   32|          0|
    |bits_V_46_reg_1293                 |  32|   0|   32|          0|
    |bits_V_reg_1323                    |  32|   0|   32|          0|
    |conv_46_reg_1303                   |  32|   0|   32|          0|
    |conv_47_reg_1308                   |  32|   0|   32|          0|
    |conv_48_reg_1313                   |  32|   0|   32|          0|
    |conv_49_reg_1318                   |  32|   0|   32|          0|
    |conv_reg_1298                      |  32|   0|   32|          0|
    |gmem_w2_addr_reg_1194              |  64|   0|   64|          0|
    |h_pack_fu_186                      |   6|   0|    6|          0|
    |icmp_ln478_reg_1200                |   1|   0|    1|          0|
    |icmp_ln480_reg_1204                |   1|   0|    1|          0|
    |indvar_flatten_fu_194              |  13|   0|   13|          0|
    |or_ln478_reg_1209                  |   1|   0|    1|          0|
    |s_fu_190                           |   8|   0|    8|          0|
    |select_ln478_reg_1213              |   6|   0|    6|          0|
    |bits_V_31_reg_1218                 |  64|  32|   32|          0|
    |bits_V_32_reg_1223                 |  64|  32|   32|          0|
    |bits_V_33_reg_1228                 |  64|  32|   32|          0|
    |bits_V_34_reg_1233                 |  64|  32|   32|          0|
    |bits_V_35_reg_1238                 |  64|  32|   32|          0|
    |bits_V_36_reg_1243                 |  64|  32|   32|          0|
    |bits_V_37_reg_1248                 |  64|  32|   32|          0|
    |bits_V_38_reg_1253                 |  64|  32|   32|          0|
    |bits_V_39_reg_1258                 |  64|  32|   32|          0|
    |bits_V_40_reg_1263                 |  64|  32|   32|          0|
    |bits_V_41_reg_1268                 |  64|  32|   32|          0|
    |bits_V_42_reg_1273                 |  64|  32|   32|          0|
    |bits_V_43_reg_1278                 |  64|  32|   32|          0|
    |bits_V_44_reg_1283                 |  64|  32|   32|          0|
    |bits_V_45_reg_1288                 |  64|  32|   32|          0|
    |bits_V_46_reg_1293                 |  64|  32|   32|          0|
    |icmp_ln478_reg_1200                |  64|  32|    1|          0|
    |icmp_ln480_reg_1204                |  64|  32|    1|          0|
    |select_ln478_reg_1213              |  64|  32|    6|          0|
    +-----------------------------------+----+----+-----+-----------+
    |Total                              |2898| 608| 2202|          0|
    +-----------------------------------+----+----+-----+-----------+



================================================================
== Interface
================================================================
* Summary: 
+---------------------------------------------------------------------------+-----+-----+------------+------------------------------------------------------------------+--------------+
|                                 RTL Ports                                 | Dir | Bits|  Protocol  |                           Source Object                          |    C Type    |
+---------------------------------------------------------------------------+-----+-----+------------+------------------------------------------------------------------+--------------+
|ap_clk                                                                     |   in|    1|  ap_ctrl_hs|                                fp32_initialize_down_bias_residual|  return value|
|ap_rst                                                                     |   in|    1|  ap_ctrl_hs|                                fp32_initialize_down_bias_residual|  return value|
|ap_start                                                                   |   in|    1|  ap_ctrl_hs|                                fp32_initialize_down_bias_residual|  return value|
|ap_done                                                                    |  out|    1|  ap_ctrl_hs|                                fp32_initialize_down_bias_residual|  return value|
|ap_idle                                                                    |  out|    1|  ap_ctrl_hs|                                fp32_initialize_down_bias_residual|  return value|
|ap_ready                                                                   |  out|    1|  ap_ctrl_hs|                                fp32_initialize_down_bias_residual|  return value|
|grp_fu_496_p_din0                                                          |  out|   32|  ap_ctrl_hs|                                fp32_initialize_down_bias_residual|  return value|
|grp_fu_496_p_din1                                                          |  out|   32|  ap_ctrl_hs|                                fp32_initialize_down_bias_residual|  return value|
|grp_fu_496_p_opcode                                                        |  out|    1|  ap_ctrl_hs|                                fp32_initialize_down_bias_residual|  return value|
|grp_fu_496_p_dout0                                                         |   in|   32|  ap_ctrl_hs|                                fp32_initialize_down_bias_residual|  return value|
|grp_fu_496_p_ce                                                            |  out|    1|  ap_ctrl_hs|                                fp32_initialize_down_bias_residual|  return value|
|grp_fu_500_p_din0                                                          |  out|   32|  ap_ctrl_hs|                                fp32_initialize_down_bias_residual|  return value|
|grp_fu_500_p_din1                                                          |  out|   32|  ap_ctrl_hs|                                fp32_initialize_down_bias_residual|  return value|
|grp_fu_500_p_opcode                                                        |  out|    1|  ap_ctrl_hs|                                fp32_initialize_down_bias_residual|  return value|
|grp_fu_500_p_dout0                                                         |   in|   32|  ap_ctrl_hs|                                fp32_initialize_down_bias_residual|  return value|
|grp_fu_500_p_ce                                                            |  out|    1|  ap_ctrl_hs|                                fp32_initialize_down_bias_residual|  return value|
|grp_fu_504_p_din0                                                          |  out|   32|  ap_ctrl_hs|                                fp32_initialize_down_bias_residual|  return value|
|grp_fu_504_p_din1                                                          |  out|   32|  ap_ctrl_hs|                                fp32_initialize_down_bias_residual|  return value|
|grp_fu_504_p_opcode                                                        |  out|    1|  ap_ctrl_hs|                                fp32_initialize_down_bias_residual|  return value|
|grp_fu_504_p_dout0                                                         |   in|   32|  ap_ctrl_hs|                                fp32_initialize_down_bias_residual|  return value|
|grp_fu_504_p_ce                                                            |  out|    1|  ap_ctrl_hs|                                fp32_initialize_down_bias_residual|  return value|
|grp_fu_508_p_din0                                                          |  out|   32|  ap_ctrl_hs|                                fp32_initialize_down_bias_residual|  return value|
|grp_fu_508_p_din1                                                          |  out|   32|  ap_ctrl_hs|                                fp32_initialize_down_bias_residual|  return value|
|grp_fu_508_p_opcode                                                        |  out|    1|  ap_ctrl_hs|                                fp32_initialize_down_bias_residual|  return value|
|grp_fu_508_p_dout0                                                         |   in|   32|  ap_ctrl_hs|                                fp32_initialize_down_bias_residual|  return value|
|grp_fu_508_p_ce                                                            |  out|    1|  ap_ctrl_hs|                                fp32_initialize_down_bias_residual|  return value|
|grp_fu_512_p_din0                                                          |  out|   32|  ap_ctrl_hs|                                fp32_initialize_down_bias_residual|  return value|
|grp_fu_512_p_din1                                                          |  out|   32|  ap_ctrl_hs|                                fp32_initialize_down_bias_residual|  return value|
|grp_fu_512_p_opcode                                                        |  out|    1|  ap_ctrl_hs|                                fp32_initialize_down_bias_residual|  return value|
|grp_fu_512_p_dout0                                                         |   in|   32|  ap_ctrl_hs|                                fp32_initialize_down_bias_residual|  return value|
|grp_fu_512_p_ce                                                            |  out|    1|  ap_ctrl_hs|                                fp32_initialize_down_bias_residual|  return value|
|grp_fu_516_p_din0                                                          |  out|   32|  ap_ctrl_hs|                                fp32_initialize_down_bias_residual|  return value|
|grp_fu_516_p_din1                                                          |  out|   32|  ap_ctrl_hs|                                fp32_initialize_down_bias_residual|  return value|
|grp_fu_516_p_opcode                                                        |  out|    1|  ap_ctrl_hs|                                fp32_initialize_down_bias_residual|  return value|
|grp_fu_516_p_dout0                                                         |   in|   32|  ap_ctrl_hs|                                fp32_initialize_down_bias_residual|  return value|
|grp_fu_516_p_ce                                                            |  out|    1|  ap_ctrl_hs|                                fp32_initialize_down_bias_residual|  return value|
|grp_fu_520_p_din0                                                          |  out|   32|  ap_ctrl_hs|                                fp32_initialize_down_bias_residual|  return value|
|grp_fu_520_p_din1                                                          |  out|   32|  ap_ctrl_hs|                                fp32_initialize_down_bias_residual|  return value|
|grp_fu_520_p_opcode                                                        |  out|    1|  ap_ctrl_hs|                                fp32_initialize_down_bias_residual|  return value|
|grp_fu_520_p_dout0                                                         |   in|   32|  ap_ctrl_hs|                                fp32_initialize_down_bias_residual|  return value|
|grp_fu_520_p_ce                                                            |  out|    1|  ap_ctrl_hs|                                fp32_initialize_down_bias_residual|  return value|
|grp_fu_524_p_din0                                                          |  out|   32|  ap_ctrl_hs|                                fp32_initialize_down_bias_residual|  return value|
|grp_fu_524_p_din1                                                          |  out|   32|  ap_ctrl_hs|                                fp32_initialize_down_bias_residual|  return value|
|grp_fu_524_p_opcode                                                        |  out|    1|  ap_ctrl_hs|                                fp32_initialize_down_bias_residual|  return value|
|grp_fu_524_p_dout0                                                         |   in|   32|  ap_ctrl_hs|                                fp32_initialize_down_bias_residual|  return value|
|grp_fu_524_p_ce                                                            |  out|    1|  ap_ctrl_hs|                                fp32_initialize_down_bias_residual|  return value|
|grp_fu_528_p_din0                                                          |  out|   32|  ap_ctrl_hs|                                fp32_initialize_down_bias_residual|  return value|
|grp_fu_528_p_din1                                                          |  out|   32|  ap_ctrl_hs|                                fp32_initialize_down_bias_residual|  return value|
|grp_fu_528_p_opcode                                                        |  out|    1|  ap_ctrl_hs|                                fp32_initialize_down_bias_residual|  return value|
|grp_fu_528_p_dout0                                                         |   in|   32|  ap_ctrl_hs|                                fp32_initialize_down_bias_residual|  return value|
|grp_fu_528_p_ce                                                            |  out|    1|  ap_ctrl_hs|                                fp32_initialize_down_bias_residual|  return value|
|grp_fu_532_p_din0                                                          |  out|   32|  ap_ctrl_hs|                                fp32_initialize_down_bias_residual|  return value|
|grp_fu_532_p_din1                                                          |  out|   32|  ap_ctrl_hs|                                fp32_initialize_down_bias_residual|  return value|
|grp_fu_532_p_opcode                                                        |  out|    1|  ap_ctrl_hs|                                fp32_initialize_down_bias_residual|  return value|
|grp_fu_532_p_dout0                                                         |   in|   32|  ap_ctrl_hs|                                fp32_initialize_down_bias_residual|  return value|
|grp_fu_532_p_ce                                                            |  out|    1|  ap_ctrl_hs|                                fp32_initialize_down_bias_residual|  return value|
|grp_fu_536_p_din0                                                          |  out|   32|  ap_ctrl_hs|                                fp32_initialize_down_bias_residual|  return value|
|grp_fu_536_p_din1                                                          |  out|   32|  ap_ctrl_hs|                                fp32_initialize_down_bias_residual|  return value|
|grp_fu_536_p_opcode                                                        |  out|    1|  ap_ctrl_hs|                                fp32_initialize_down_bias_residual|  return value|
|grp_fu_536_p_dout0                                                         |   in|   32|  ap_ctrl_hs|                                fp32_initialize_down_bias_residual|  return value|
|grp_fu_536_p_ce                                                            |  out|    1|  ap_ctrl_hs|                                fp32_initialize_down_bias_residual|  return value|
|grp_fu_540_p_din0                                                          |  out|   32|  ap_ctrl_hs|                                fp32_initialize_down_bias_residual|  return value|
|grp_fu_540_p_din1                                                          |  out|   32|  ap_ctrl_hs|                                fp32_initialize_down_bias_residual|  return value|
|grp_fu_540_p_opcode                                                        |  out|    1|  ap_ctrl_hs|                                fp32_initialize_down_bias_residual|  return value|
|grp_fu_540_p_dout0                                                         |   in|   32|  ap_ctrl_hs|                                fp32_initialize_down_bias_residual|  return value|
|grp_fu_540_p_ce                                                            |  out|    1|  ap_ctrl_hs|                                fp32_initialize_down_bias_residual|  return value|
|grp_fu_544_p_din0                                                          |  out|   32|  ap_ctrl_hs|                                fp32_initialize_down_bias_residual|  return value|
|grp_fu_544_p_din1                                                          |  out|   32|  ap_ctrl_hs|                                fp32_initialize_down_bias_residual|  return value|
|grp_fu_544_p_opcode                                                        |  out|    1|  ap_ctrl_hs|                                fp32_initialize_down_bias_residual|  return value|
|grp_fu_544_p_dout0                                                         |   in|   32|  ap_ctrl_hs|                                fp32_initialize_down_bias_residual|  return value|
|grp_fu_544_p_ce                                                            |  out|    1|  ap_ctrl_hs|                                fp32_initialize_down_bias_residual|  return value|
|grp_fu_548_p_din0                                                          |  out|   32|  ap_ctrl_hs|                                fp32_initialize_down_bias_residual|  return value|
|grp_fu_548_p_din1                                                          |  out|   32|  ap_ctrl_hs|                                fp32_initialize_down_bias_residual|  return value|
|grp_fu_548_p_opcode                                                        |  out|    1|  ap_ctrl_hs|                                fp32_initialize_down_bias_residual|  return value|
|grp_fu_548_p_dout0                                                         |   in|   32|  ap_ctrl_hs|                                fp32_initialize_down_bias_residual|  return value|
|grp_fu_548_p_ce                                                            |  out|    1|  ap_ctrl_hs|                                fp32_initialize_down_bias_residual|  return value|
|grp_fu_552_p_din0                                                          |  out|   32|  ap_ctrl_hs|                                fp32_initialize_down_bias_residual|  return value|
|grp_fu_552_p_din1                                                          |  out|   32|  ap_ctrl_hs|                                fp32_initialize_down_bias_residual|  return value|
|grp_fu_552_p_opcode                                                        |  out|    1|  ap_ctrl_hs|                                fp32_initialize_down_bias_residual|  return value|
|grp_fu_552_p_dout0                                                         |   in|   32|  ap_ctrl_hs|                                fp32_initialize_down_bias_residual|  return value|
|grp_fu_552_p_ce                                                            |  out|    1|  ap_ctrl_hs|                                fp32_initialize_down_bias_residual|  return value|
|grp_fu_556_p_din0                                                          |  out|   32|  ap_ctrl_hs|                                fp32_initialize_down_bias_residual|  return value|
|grp_fu_556_p_din1                                                          |  out|   32|  ap_ctrl_hs|                                fp32_initialize_down_bias_residual|  return value|
|grp_fu_556_p_opcode                                                        |  out|    1|  ap_ctrl_hs|                                fp32_initialize_down_bias_residual|  return value|
|grp_fu_556_p_dout0                                                         |   in|   32|  ap_ctrl_hs|                                fp32_initialize_down_bias_residual|  return value|
|grp_fu_556_p_ce                                                            |  out|    1|  ap_ctrl_hs|                                fp32_initialize_down_bias_residual|  return value|
|ffn_residual_stream_TVALID                                                 |   in|    1|        axis|                                               ffn_residual_stream|       pointer|
|ffn_residual_stream_TDATA                                                  |   in|  512|        axis|                                               ffn_residual_stream|       pointer|
|ffn_residual_stream_TREADY                                                 |  out|    1|        axis|                                               ffn_residual_stream|       pointer|
|m_axi_gmem_w2_AWVALID                                                      |  out|    1|       m_axi|                                                           gmem_w2|       pointer|
|m_axi_gmem_w2_AWREADY                                                      |   in|    1|       m_axi|                                                           gmem_w2|       pointer|
|m_axi_gmem_w2_AWADDR                                                       |  out|   64|       m_axi|                                                           gmem_w2|       pointer|
|m_axi_gmem_w2_AWID                                                         |  out|    1|       m_axi|                                                           gmem_w2|       pointer|
|m_axi_gmem_w2_AWLEN                                                        |  out|   32|       m_axi|                                                           gmem_w2|       pointer|
|m_axi_gmem_w2_AWSIZE                                                       |  out|    3|       m_axi|                                                           gmem_w2|       pointer|
|m_axi_gmem_w2_AWBURST                                                      |  out|    2|       m_axi|                                                           gmem_w2|       pointer|
|m_axi_gmem_w2_AWLOCK                                                       |  out|    2|       m_axi|                                                           gmem_w2|       pointer|
|m_axi_gmem_w2_AWCACHE                                                      |  out|    4|       m_axi|                                                           gmem_w2|       pointer|
|m_axi_gmem_w2_AWPROT                                                       |  out|    3|       m_axi|                                                           gmem_w2|       pointer|
|m_axi_gmem_w2_AWQOS                                                        |  out|    4|       m_axi|                                                           gmem_w2|       pointer|
|m_axi_gmem_w2_AWREGION                                                     |  out|    4|       m_axi|                                                           gmem_w2|       pointer|
|m_axi_gmem_w2_AWUSER                                                       |  out|    1|       m_axi|                                                           gmem_w2|       pointer|
|m_axi_gmem_w2_WVALID                                                       |  out|    1|       m_axi|                                                           gmem_w2|       pointer|
|m_axi_gmem_w2_WREADY                                                       |   in|    1|       m_axi|                                                           gmem_w2|       pointer|
|m_axi_gmem_w2_WDATA                                                        |  out|  512|       m_axi|                                                           gmem_w2|       pointer|
|m_axi_gmem_w2_WSTRB                                                        |  out|   64|       m_axi|                                                           gmem_w2|       pointer|
|m_axi_gmem_w2_WLAST                                                        |  out|    1|       m_axi|                                                           gmem_w2|       pointer|
|m_axi_gmem_w2_WID                                                          |  out|    1|       m_axi|                                                           gmem_w2|       pointer|
|m_axi_gmem_w2_WUSER                                                        |  out|    1|       m_axi|                                                           gmem_w2|       pointer|
|m_axi_gmem_w2_ARVALID                                                      |  out|    1|       m_axi|                                                           gmem_w2|       pointer|
|m_axi_gmem_w2_ARREADY                                                      |   in|    1|       m_axi|                                                           gmem_w2|       pointer|
|m_axi_gmem_w2_ARADDR                                                       |  out|   64|       m_axi|                                                           gmem_w2|       pointer|
|m_axi_gmem_w2_ARID                                                         |  out|    1|       m_axi|                                                           gmem_w2|       pointer|
|m_axi_gmem_w2_ARLEN                                                        |  out|   32|       m_axi|                                                           gmem_w2|       pointer|
|m_axi_gmem_w2_ARSIZE                                                       |  out|    3|       m_axi|                                                           gmem_w2|       pointer|
|m_axi_gmem_w2_ARBURST                                                      |  out|    2|       m_axi|                                                           gmem_w2|       pointer|
|m_axi_gmem_w2_ARLOCK                                                       |  out|    2|       m_axi|                                                           gmem_w2|       pointer|
|m_axi_gmem_w2_ARCACHE                                                      |  out|    4|       m_axi|                                                           gmem_w2|       pointer|
|m_axi_gmem_w2_ARPROT                                                       |  out|    3|       m_axi|                                                           gmem_w2|       pointer|
|m_axi_gmem_w2_ARQOS                                                        |  out|    4|       m_axi|                                                           gmem_w2|       pointer|
|m_axi_gmem_w2_ARREGION                                                     |  out|    4|       m_axi|                                                           gmem_w2|       pointer|
|m_axi_gmem_w2_ARUSER                                                       |  out|    1|       m_axi|                                                           gmem_w2|       pointer|
|m_axi_gmem_w2_RVALID                                                       |   in|    1|       m_axi|                                                           gmem_w2|       pointer|
|m_axi_gmem_w2_RREADY                                                       |  out|    1|       m_axi|                                                           gmem_w2|       pointer|
|m_axi_gmem_w2_RDATA                                                        |   in|  512|       m_axi|                                                           gmem_w2|       pointer|
|m_axi_gmem_w2_RLAST                                                        |   in|    1|       m_axi|                                                           gmem_w2|       pointer|
|m_axi_gmem_w2_RID                                                          |   in|    1|       m_axi|                                                           gmem_w2|       pointer|
|m_axi_gmem_w2_RFIFONUM                                                     |   in|    9|       m_axi|                                                           gmem_w2|       pointer|
|m_axi_gmem_w2_RUSER                                                        |   in|    1|       m_axi|                                                           gmem_w2|       pointer|
|m_axi_gmem_w2_RRESP                                                        |   in|    2|       m_axi|                                                           gmem_w2|       pointer|
|m_axi_gmem_w2_BVALID                                                       |   in|    1|       m_axi|                                                           gmem_w2|       pointer|
|m_axi_gmem_w2_BREADY                                                       |  out|    1|       m_axi|                                                           gmem_w2|       pointer|
|m_axi_gmem_w2_BRESP                                                        |   in|    2|       m_axi|                                                           gmem_w2|       pointer|
|m_axi_gmem_w2_BID                                                          |   in|    1|       m_axi|                                                           gmem_w2|       pointer|
|m_axi_gmem_w2_BUSER                                                        |   in|    1|       m_axi|                                                           gmem_w2|       pointer|
|b2                                                                         |   in|   64|     ap_none|                                                                b2|        scalar|
|output_buf_address1                                                        |  out|   13|   ap_memory|                                                        output_buf|         array|
|output_buf_ce1                                                             |  out|    1|   ap_memory|                                                        output_buf|         array|
|output_buf_we1                                                             |  out|    1|   ap_memory|                                                        output_buf|         array|
|output_buf_d1                                                              |  out|   32|   ap_memory|                                                        output_buf|         array|
|output_buf_1_address1                                                      |  out|   13|   ap_memory|                                                      output_buf_1|         array|
|output_buf_1_ce1                                                           |  out|    1|   ap_memory|                                                      output_buf_1|         array|
|output_buf_1_we1                                                           |  out|    1|   ap_memory|                                                      output_buf_1|         array|
|output_buf_1_d1                                                            |  out|   32|   ap_memory|                                                      output_buf_1|         array|
|output_buf_2_address1                                                      |  out|   13|   ap_memory|                                                      output_buf_2|         array|
|output_buf_2_ce1                                                           |  out|    1|   ap_memory|                                                      output_buf_2|         array|
|output_buf_2_we1                                                           |  out|    1|   ap_memory|                                                      output_buf_2|         array|
|output_buf_2_d1                                                            |  out|   32|   ap_memory|                                                      output_buf_2|         array|
|output_buf_3_address1                                                      |  out|   13|   ap_memory|                                                      output_buf_3|         array|
|output_buf_3_ce1                                                           |  out|    1|   ap_memory|                                                      output_buf_3|         array|
|output_buf_3_we1                                                           |  out|    1|   ap_memory|                                                      output_buf_3|         array|
|output_buf_3_d1                                                            |  out|   32|   ap_memory|                                                      output_buf_3|         array|
|output_buf_4_address1                                                      |  out|   13|   ap_memory|                                                      output_buf_4|         array|
|output_buf_4_ce1                                                           |  out|    1|   ap_memory|                                                      output_buf_4|         array|
|output_buf_4_we1                                                           |  out|    1|   ap_memory|                                                      output_buf_4|         array|
|output_buf_4_d1                                                            |  out|   32|   ap_memory|                                                      output_buf_4|         array|
|output_buf_5_address1                                                      |  out|   13|   ap_memory|                                                      output_buf_5|         array|
|output_buf_5_ce1                                                           |  out|    1|   ap_memory|                                                      output_buf_5|         array|
|output_buf_5_we1                                                           |  out|    1|   ap_memory|                                                      output_buf_5|         array|
|output_buf_5_d1                                                            |  out|   32|   ap_memory|                                                      output_buf_5|         array|
|output_buf_6_address1                                                      |  out|   13|   ap_memory|                                                      output_buf_6|         array|
|output_buf_6_ce1                                                           |  out|    1|   ap_memory|                                                      output_buf_6|         array|
|output_buf_6_we1                                                           |  out|    1|   ap_memory|                                                      output_buf_6|         array|
|output_buf_6_d1                                                            |  out|   32|   ap_memory|                                                      output_buf_6|         array|
|output_buf_7_address1                                                      |  out|   13|   ap_memory|                                                      output_buf_7|         array|
|output_buf_7_ce1                                                           |  out|    1|   ap_memory|                                                      output_buf_7|         array|
|output_buf_7_we1                                                           |  out|    1|   ap_memory|                                                      output_buf_7|         array|
|output_buf_7_d1                                                            |  out|   32|   ap_memory|                                                      output_buf_7|         array|
|output_buf_8_address1                                                      |  out|   13|   ap_memory|                                                      output_buf_8|         array|
|output_buf_8_ce1                                                           |  out|    1|   ap_memory|                                                      output_buf_8|         array|
|output_buf_8_we1                                                           |  out|    1|   ap_memory|                                                      output_buf_8|         array|
|output_buf_8_d1                                                            |  out|   32|   ap_memory|                                                      output_buf_8|         array|
|output_buf_9_address1                                                      |  out|   13|   ap_memory|                                                      output_buf_9|         array|
|output_buf_9_ce1                                                           |  out|    1|   ap_memory|                                                      output_buf_9|         array|
|output_buf_9_we1                                                           |  out|    1|   ap_memory|                                                      output_buf_9|         array|
|output_buf_9_d1                                                            |  out|   32|   ap_memory|                                                      output_buf_9|         array|
|p_ZZ42bert_ffn_down_norm_feedback_12layer_kernelE10output_buf_10_address1  |  out|   13|   ap_memory|  p_ZZ42bert_ffn_down_norm_feedback_12layer_kernelE10output_buf_10|         array|
|p_ZZ42bert_ffn_down_norm_feedback_12layer_kernelE10output_buf_10_ce1       |  out|    1|   ap_memory|  p_ZZ42bert_ffn_down_norm_feedback_12layer_kernelE10output_buf_10|         array|
|p_ZZ42bert_ffn_down_norm_feedback_12layer_kernelE10output_buf_10_we1       |  out|    1|   ap_memory|  p_ZZ42bert_ffn_down_norm_feedback_12layer_kernelE10output_buf_10|         array|
|p_ZZ42bert_ffn_down_norm_feedback_12layer_kernelE10output_buf_10_d1        |  out|   32|   ap_memory|  p_ZZ42bert_ffn_down_norm_feedback_12layer_kernelE10output_buf_10|         array|
|p_ZZ42bert_ffn_down_norm_feedback_12layer_kernelE10output_buf_11_address1  |  out|   13|   ap_memory|  p_ZZ42bert_ffn_down_norm_feedback_12layer_kernelE10output_buf_11|         array|
|p_ZZ42bert_ffn_down_norm_feedback_12layer_kernelE10output_buf_11_ce1       |  out|    1|   ap_memory|  p_ZZ42bert_ffn_down_norm_feedback_12layer_kernelE10output_buf_11|         array|
|p_ZZ42bert_ffn_down_norm_feedback_12layer_kernelE10output_buf_11_we1       |  out|    1|   ap_memory|  p_ZZ42bert_ffn_down_norm_feedback_12layer_kernelE10output_buf_11|         array|
|p_ZZ42bert_ffn_down_norm_feedback_12layer_kernelE10output_buf_11_d1        |  out|   32|   ap_memory|  p_ZZ42bert_ffn_down_norm_feedback_12layer_kernelE10output_buf_11|         array|
|p_ZZ42bert_ffn_down_norm_feedback_12layer_kernelE10output_buf_12_address1  |  out|   13|   ap_memory|  p_ZZ42bert_ffn_down_norm_feedback_12layer_kernelE10output_buf_12|         array|
|p_ZZ42bert_ffn_down_norm_feedback_12layer_kernelE10output_buf_12_ce1       |  out|    1|   ap_memory|  p_ZZ42bert_ffn_down_norm_feedback_12layer_kernelE10output_buf_12|         array|
|p_ZZ42bert_ffn_down_norm_feedback_12layer_kernelE10output_buf_12_we1       |  out|    1|   ap_memory|  p_ZZ42bert_ffn_down_norm_feedback_12layer_kernelE10output_buf_12|         array|
|p_ZZ42bert_ffn_down_norm_feedback_12layer_kernelE10output_buf_12_d1        |  out|   32|   ap_memory|  p_ZZ42bert_ffn_down_norm_feedback_12layer_kernelE10output_buf_12|         array|
|p_ZZ42bert_ffn_down_norm_feedback_12layer_kernelE10output_buf_13_address1  |  out|   13|   ap_memory|  p_ZZ42bert_ffn_down_norm_feedback_12layer_kernelE10output_buf_13|         array|
|p_ZZ42bert_ffn_down_norm_feedback_12layer_kernelE10output_buf_13_ce1       |  out|    1|   ap_memory|  p_ZZ42bert_ffn_down_norm_feedback_12layer_kernelE10output_buf_13|         array|
|p_ZZ42bert_ffn_down_norm_feedback_12layer_kernelE10output_buf_13_we1       |  out|    1|   ap_memory|  p_ZZ42bert_ffn_down_norm_feedback_12layer_kernelE10output_buf_13|         array|
|p_ZZ42bert_ffn_down_norm_feedback_12layer_kernelE10output_buf_13_d1        |  out|   32|   ap_memory|  p_ZZ42bert_ffn_down_norm_feedback_12layer_kernelE10output_buf_13|         array|
|p_ZZ42bert_ffn_down_norm_feedback_12layer_kernelE10output_buf_14_address1  |  out|   13|   ap_memory|  p_ZZ42bert_ffn_down_norm_feedback_12layer_kernelE10output_buf_14|         array|
|p_ZZ42bert_ffn_down_norm_feedback_12layer_kernelE10output_buf_14_ce1       |  out|    1|   ap_memory|  p_ZZ42bert_ffn_down_norm_feedback_12layer_kernelE10output_buf_14|         array|
|p_ZZ42bert_ffn_down_norm_feedback_12layer_kernelE10output_buf_14_we1       |  out|    1|   ap_memory|  p_ZZ42bert_ffn_down_norm_feedback_12layer_kernelE10output_buf_14|         array|
|p_ZZ42bert_ffn_down_norm_feedback_12layer_kernelE10output_buf_14_d1        |  out|   32|   ap_memory|  p_ZZ42bert_ffn_down_norm_feedback_12layer_kernelE10output_buf_14|         array|
|p_ZZ42bert_ffn_down_norm_feedback_12layer_kernelE10output_buf_15_address1  |  out|   13|   ap_memory|  p_ZZ42bert_ffn_down_norm_feedback_12layer_kernelE10output_buf_15|         array|
|p_ZZ42bert_ffn_down_norm_feedback_12layer_kernelE10output_buf_15_ce1       |  out|    1|   ap_memory|  p_ZZ42bert_ffn_down_norm_feedback_12layer_kernelE10output_buf_15|         array|
|p_ZZ42bert_ffn_down_norm_feedback_12layer_kernelE10output_buf_15_we1       |  out|    1|   ap_memory|  p_ZZ42bert_ffn_down_norm_feedback_12layer_kernelE10output_buf_15|         array|
|p_ZZ42bert_ffn_down_norm_feedback_12layer_kernelE10output_buf_15_d1        |  out|   32|   ap_memory|  p_ZZ42bert_ffn_down_norm_feedback_12layer_kernelE10output_buf_15|         array|
+---------------------------------------------------------------------------+-----+-----+------------+------------------------------------------------------------------+--------------+

