

================================================================
== Vitis HLS Report for 'fp32_layernorm_and_route_full_model_Pipeline_full_norm_reduce_pack'
================================================================
* Date:           Wed Jul 15 12:36:06 2026

* Version:        2022.1 (Build 3526262 on Mon Apr 18 15:47:01 MDT 2022)
* Project:        proj_bert_ffn_down_norm_feedback_12layer_kernel
* Solution:       solution1 (Vivado IP Flow Target)
* Product family: virtexuplus
* Target device:  xcu250-figd2104-2L-e


================================================================
== Performance Estimates
================================================================
+ Timing: 
    * Summary: 
    +--------+---------+----------+------------+
    |  Clock |  Target | Estimated| Uncertainty|
    +--------+---------+----------+------------+
    |ap_clk  |  3.33 ns|  2.470 ns|     0.90 ns|
    +--------+---------+----------+------------+

+ Latency: 
    * Summary: 
    +---------+---------+----------+----------+-----+-----+---------+
    |  Latency (cycles) |  Latency (absolute) |  Interval | Pipeline|
    |   min   |   max   |    min   |    max   | min | max |   Type  |
    +---------+---------+----------+----------+-----+-----+---------+
    |      205|      205|  0.683 us|  0.683 us|  205|  205|       no|
    +---------+---------+----------+----------+-----+-----+---------+

    + Detail: 
        * Instance: 
        N/A

        * Loop: 
        +-------------------------+---------+---------+----------+-----------+-----------+------+----------+
        |                         |  Latency (cycles) | Iteration|  Initiation Interval  | Trip |          |
        |        Loop Name        |   min   |   max   |  Latency |  achieved |   target  | Count| Pipelined|
        +-------------------------+---------+---------+----------+-----------+-----------+------+----------+
        |- full_norm_reduce_pack  |      203|      203|        16|          4|          1|    48|       yes|
        +-------------------------+---------+---------+----------+-----------+-----------+------+----------+



================================================================
== Utilization Estimates
================================================================
* Summary: 
+---------------------+---------+-------+---------+---------+------+
|         Name        | BRAM_18K|  DSP  |    FF   |   LUT   | URAM |
+---------------------+---------+-------+---------+---------+------+
|DSP                  |        -|      -|        -|        -|     -|
|Expression           |        -|      -|        0|       45|     -|
|FIFO                 |        -|      -|        -|        -|     -|
|Instance             |        -|      0|     1944|     2704|     -|
|Memory               |        -|      -|        -|        -|     -|
|Multiplexer          |        -|      -|        -|     1271|     -|
|Register             |        -|      -|     2143|       32|     -|
+---------------------+---------+-------+---------+---------+------+
|Total                |        0|      0|     4087|     4052|     0|
+---------------------+---------+-------+---------+---------+------+
|Available SLR        |     1344|   3072|   864000|   432000|   320|
+---------------------+---------+-------+---------+---------+------+
|Utilization SLR (%)  |        0|      0|       ~0|       ~0|     0|
+---------------------+---------+-------+---------+---------+------+
|Available            |     5376|  12288|  3456000|  1728000|  1280|
+---------------------+---------+-------+---------+---------+------+
|Utilization (%)      |        0|      0|       ~0|       ~0|     0|
+---------------------+---------+-------+---------+---------+------+

+ Detail: 
    * Instance: 
    +------------------------------------+------------------------------+---------+----+-----+-----+-----+
    |              Instance              |            Module            | BRAM_18K| DSP|  FF | LUT | URAM|
    +------------------------------------+------------------------------+---------+----+-----+-----+-----+
    |fadd_32ns_32ns_32_5_no_dsp_1_U1746  |fadd_32ns_32ns_32_5_no_dsp_1  |        0|   0|  243|  338|    0|
    |fadd_32ns_32ns_32_5_no_dsp_1_U1747  |fadd_32ns_32ns_32_5_no_dsp_1  |        0|   0|  243|  338|    0|
    |fadd_32ns_32ns_32_5_no_dsp_1_U1748  |fadd_32ns_32ns_32_5_no_dsp_1  |        0|   0|  243|  338|    0|
    |fadd_32ns_32ns_32_5_no_dsp_1_U1749  |fadd_32ns_32ns_32_5_no_dsp_1  |        0|   0|  243|  338|    0|
    |fadd_32ns_32ns_32_5_no_dsp_1_U1750  |fadd_32ns_32ns_32_5_no_dsp_1  |        0|   0|  243|  338|    0|
    |fadd_32ns_32ns_32_5_no_dsp_1_U1751  |fadd_32ns_32ns_32_5_no_dsp_1  |        0|   0|  243|  338|    0|
    |fadd_32ns_32ns_32_5_no_dsp_1_U1752  |fadd_32ns_32ns_32_5_no_dsp_1  |        0|   0|  243|  338|    0|
    |fadd_32ns_32ns_32_5_no_dsp_1_U1753  |fadd_32ns_32ns_32_5_no_dsp_1  |        0|   0|  243|  338|    0|
    +------------------------------------+------------------------------+---------+----+-----+-----+-----+
    |Total                               |                              |        0|   0| 1944| 2704|    0|
    +------------------------------------+------------------------------+---------+----+-----+-----+-----+

    * DSP: 
    N/A

    * Memory: 
    N/A

    * FIFO: 
    N/A

    * Expression: 
    +----------------------+----------+----+---+----+------------+------------+
    |     Variable Name    | Operation| DSP| FF| LUT| Bitwidth P0| Bitwidth P1|
    +----------------------+----------+----+---+----+------------+------------+
    |add_ln739_fu_928_p2   |         +|   0|  0|  13|           6|           1|
    |add_ln745_fu_938_p2   |         +|   0|  0|  20|          13|          13|
    |icmp_ln739_fu_922_p2  |      icmp|   0|  0|  10|           6|           6|
    |ap_enable_pp0         |       xor|   0|  0|   2|           1|           2|
    +----------------------+----------+----+---+----+------------+------------+
    |Total                 |          |   0|  0|  45|          26|          22|
    +----------------------+----------+----+---+----+------------+------------+

    * Multiplexer: 
    +----------------------------------------+----+-----------+-----+-----------+
    |                  Name                  | LUT| Input Size| Bits| Total Bits|
    +----------------------------------------+----+-----------+-----+-----------+
    |ap_NS_fsm                               |  26|          5|    1|          5|
    |ap_done_int                             |   9|          2|    1|          2|
    |ap_enable_reg_pp0_iter0                 |   9|          2|    1|          2|
    |ap_enable_reg_pp0_iter1                 |   9|          2|    1|          2|
    |ap_sig_allocacmp_h_pack                 |   9|          2|    6|         12|
    |ap_sig_allocacmp_square_bank_16_load_1  |   9|          2|   32|         64|
    |ap_sig_allocacmp_square_bank_17_load_1  |   9|          2|   32|         64|
    |ap_sig_allocacmp_square_bank_18_load_1  |   9|          2|   32|         64|
    |ap_sig_allocacmp_square_bank_19_load_1  |   9|          2|   32|         64|
    |ap_sig_allocacmp_square_bank_20_load_1  |   9|          2|   32|         64|
    |ap_sig_allocacmp_square_bank_21_load_1  |   9|          2|   32|         64|
    |ap_sig_allocacmp_square_bank_22_load_1  |   9|          2|   32|         64|
    |ap_sig_allocacmp_square_bank_23_load_1  |   9|          2|   32|         64|
    |ap_sig_allocacmp_square_bank_24_load_1  |   9|          2|   32|         64|
    |ap_sig_allocacmp_square_bank_25_load_1  |   9|          2|   32|         64|
    |ap_sig_allocacmp_square_bank_26_load_1  |   9|          2|   32|         64|
    |ap_sig_allocacmp_square_bank_27_load_1  |   9|          2|   32|         64|
    |ap_sig_allocacmp_square_bank_28_load_1  |   9|          2|   32|         64|
    |ap_sig_allocacmp_square_bank_29_load_1  |   9|          2|   32|         64|
    |ap_sig_allocacmp_square_bank_30_load_1  |   9|          2|   32|         64|
    |ap_sig_allocacmp_square_bank_31_load_1  |   9|          2|   32|         64|
    |ap_sig_allocacmp_sum_bank_16_load_1     |   9|          2|   32|         64|
    |ap_sig_allocacmp_sum_bank_17_load_1     |   9|          2|   32|         64|
    |ap_sig_allocacmp_sum_bank_18_load_1     |   9|          2|   32|         64|
    |ap_sig_allocacmp_sum_bank_19_load_1     |   9|          2|   32|         64|
    |ap_sig_allocacmp_sum_bank_20_load_1     |   9|          2|   32|         64|
    |ap_sig_allocacmp_sum_bank_21_load_1     |   9|          2|   32|         64|
    |ap_sig_allocacmp_sum_bank_22_load_1     |   9|          2|   32|         64|
    |ap_sig_allocacmp_sum_bank_23_load_1     |   9|          2|   32|         64|
    |ap_sig_allocacmp_sum_bank_24_load_1     |   9|          2|   32|         64|
    |ap_sig_allocacmp_sum_bank_25_load_1     |   9|          2|   32|         64|
    |ap_sig_allocacmp_sum_bank_26_load_1     |   9|          2|   32|         64|
    |ap_sig_allocacmp_sum_bank_27_load_1     |   9|          2|   32|         64|
    |ap_sig_allocacmp_sum_bank_28_load_1     |   9|          2|   32|         64|
    |ap_sig_allocacmp_sum_bank_29_load_1     |   9|          2|   32|         64|
    |ap_sig_allocacmp_sum_bank_30_load_1     |   9|          2|   32|         64|
    |ap_sig_allocacmp_sum_bank_31_load_1     |   9|          2|   32|         64|
    |grp_fu_706_p0                           |  26|          5|   32|        160|
    |grp_fu_706_p1                           |  26|          5|   32|        160|
    |grp_fu_710_p0                           |  26|          5|   32|        160|
    |grp_fu_710_p1                           |  26|          5|   32|        160|
    |grp_fu_714_p0                           |  26|          5|   32|        160|
    |grp_fu_714_p1                           |  26|          5|   32|        160|
    |grp_fu_718_p0                           |  26|          5|   32|        160|
    |grp_fu_718_p1                           |  26|          5|   32|        160|
    |grp_fu_722_p0                           |  26|          5|   32|        160|
    |grp_fu_722_p1                           |  26|          5|   32|        160|
    |grp_fu_726_p0                           |  26|          5|   32|        160|
    |grp_fu_726_p1                           |  26|          5|   32|        160|
    |grp_fu_730_p0                           |  26|          5|   32|        160|
    |grp_fu_730_p1                           |  26|          5|   32|        160|
    |grp_fu_734_p0                           |  26|          5|   32|        160|
    |grp_fu_734_p1                           |  26|          5|   32|        160|
    |grp_fu_738_p0                           |  26|          5|   32|        160|
    |grp_fu_738_p1                           |  26|          5|   32|        160|
    |grp_fu_742_p0                           |  26|          5|   32|        160|
    |grp_fu_742_p1                           |  26|          5|   32|        160|
    |grp_fu_746_p0                           |  26|          5|   32|        160|
    |grp_fu_746_p1                           |  26|          5|   32|        160|
    |grp_fu_750_p0                           |  26|          5|   32|        160|
    |grp_fu_750_p1                           |  26|          5|   32|        160|
    |h_pack_1_fu_264                         |   9|          2|    6|         12|
    |square_bank_16_fu_140                   |   9|          2|   32|         64|
    |square_bank_17_fu_148                   |   9|          2|   32|         64|
    |square_bank_18_fu_156                   |   9|          2|   32|         64|
    |square_bank_19_fu_164                   |   9|          2|   32|         64|
    |square_bank_20_fu_172                   |   9|          2|   32|         64|
    |square_bank_21_fu_180                   |   9|          2|   32|         64|
    |square_bank_22_fu_188                   |   9|          2|   32|         64|
    |square_bank_23_fu_196                   |   9|          2|   32|         64|
    |square_bank_24_fu_204                   |   9|          2|   32|         64|
    |square_bank_25_fu_212                   |   9|          2|   32|         64|
    |square_bank_26_fu_220                   |   9|          2|   32|         64|
    |square_bank_27_fu_228                   |   9|          2|   32|         64|
    |square_bank_28_fu_236                   |   9|          2|   32|         64|
    |square_bank_29_fu_244                   |   9|          2|   32|         64|
    |square_bank_30_fu_252                   |   9|          2|   32|         64|
    |square_bank_31_fu_260                   |   9|          2|   32|         64|
    |sum_bank_16_fu_136                      |   9|          2|   32|         64|
    |sum_bank_17_fu_144                      |   9|          2|   32|         64|
    |sum_bank_18_fu_152                      |   9|          2|   32|         64|
    |sum_bank_19_fu_160                      |   9|          2|   32|         64|
    |sum_bank_20_fu_168                      |   9|          2|   32|         64|
    |sum_bank_21_fu_176                      |   9|          2|   32|         64|
    |sum_bank_22_fu_184                      |   9|          2|   32|         64|
    |sum_bank_23_fu_192                      |   9|          2|   32|         64|
    |sum_bank_24_fu_200                      |   9|          2|   32|         64|
    |sum_bank_25_fu_208                      |   9|          2|   32|         64|
    |sum_bank_26_fu_216                      |   9|          2|   32|         64|
    |sum_bank_27_fu_224                      |   9|          2|   32|         64|
    |sum_bank_28_fu_232                      |   9|          2|   32|         64|
    |sum_bank_29_fu_240                      |   9|          2|   32|         64|
    |sum_bank_30_fu_248                      |   9|          2|   32|         64|
    |sum_bank_31_fu_256                      |   9|          2|   32|         64|
    +----------------------------------------+----+-----------+-----+-----------+
    |Total                                   |1271|        263| 2832|       7971|
    +----------------------------------------+----+-----------+-----+-----------+

    * Register: 
    +----------------------------------+----+----+-----+-----------+
    |               Name               | FF | LUT| Bits| Const Bits|
    +----------------------------------+----+----+-----+-----------+
    |add_ln745_reg_1651                |  13|   0|   13|          0|
    |ap_CS_fsm                         |   4|   0|    4|          0|
    |ap_done_reg                       |   1|   0|    1|          0|
    |ap_enable_reg_pp0_iter0_reg       |   1|   0|    1|          0|
    |ap_enable_reg_pp0_iter1           |   1|   0|    1|          0|
    |ap_enable_reg_pp0_iter2           |   1|   0|    1|          0|
    |ap_enable_reg_pp0_iter3           |   1|   0|    1|          0|
    |ap_loop_exit_ready_pp0_iter1_reg  |   1|   0|    1|          0|
    |ap_loop_exit_ready_pp0_iter2_reg  |   1|   0|    1|          0|
    |h_pack_1_fu_264                   |   6|   0|    6|          0|
    |icmp_ln739_reg_1647               |   1|   0|    1|          0|
    |mul55_10_reg_1983                 |  32|   0|   32|          0|
    |mul55_11_reg_2028                 |  32|   0|   32|          0|
    |mul55_12_reg_2033                 |  32|   0|   32|          0|
    |mul55_13_reg_2038                 |  32|   0|   32|          0|
    |mul55_14_reg_2043                 |  32|   0|   32|          0|
    |mul55_1_reg_1933                  |  32|   0|   32|          0|
    |mul55_2_reg_1938                  |  32|   0|   32|          0|
    |mul55_3_reg_1943                  |  32|   0|   32|          0|
    |mul55_4_reg_1948                  |  32|   0|   32|          0|
    |mul55_5_reg_1953                  |  32|   0|   32|          0|
    |mul55_6_reg_1958                  |  32|   0|   32|          0|
    |mul55_7_reg_1963                  |  32|   0|   32|          0|
    |mul55_8_reg_1968                  |  32|   0|   32|          0|
    |mul55_9_reg_1973                  |  32|   0|   32|          0|
    |mul55_s_reg_1978                  |  32|   0|   32|          0|
    |mul_reg_1928                      |  32|   0|   32|          0|
    |square_bank_16_fu_140             |  32|   0|   32|          0|
    |square_bank_17_fu_148             |  32|   0|   32|          0|
    |square_bank_18_fu_156             |  32|   0|   32|          0|
    |square_bank_19_fu_164             |  32|   0|   32|          0|
    |square_bank_20_fu_172             |  32|   0|   32|          0|
    |square_bank_21_fu_180             |  32|   0|   32|          0|
    |square_bank_22_fu_188             |  32|   0|   32|          0|
    |square_bank_23_fu_196             |  32|   0|   32|          0|
    |square_bank_24_fu_204             |  32|   0|   32|          0|
    |square_bank_25_fu_212             |  32|   0|   32|          0|
    |square_bank_26_fu_220             |  32|   0|   32|          0|
    |square_bank_27_fu_228             |  32|   0|   32|          0|
    |square_bank_28_fu_236             |  32|   0|   32|          0|
    |square_bank_29_fu_244             |  32|   0|   32|          0|
    |square_bank_30_fu_252             |  32|   0|   32|          0|
    |square_bank_31_fu_260             |  32|   0|   32|          0|
    |sum_bank_16_fu_136                |  32|   0|   32|          0|
    |sum_bank_17_fu_144                |  32|   0|   32|          0|
    |sum_bank_18_fu_152                |  32|   0|   32|          0|
    |sum_bank_19_fu_160                |  32|   0|   32|          0|
    |sum_bank_20_fu_168                |  32|   0|   32|          0|
    |sum_bank_21_fu_176                |  32|   0|   32|          0|
    |sum_bank_22_fu_184                |  32|   0|   32|          0|
    |sum_bank_23_fu_192                |  32|   0|   32|          0|
    |sum_bank_24_fu_200                |  32|   0|   32|          0|
    |sum_bank_25_fu_208                |  32|   0|   32|          0|
    |sum_bank_26_fu_216                |  32|   0|   32|          0|
    |sum_bank_27_fu_224                |  32|   0|   32|          0|
    |sum_bank_28_fu_232                |  32|   0|   32|          0|
    |sum_bank_29_fu_240                |  32|   0|   32|          0|
    |sum_bank_30_fu_248                |  32|   0|   32|          0|
    |sum_bank_31_fu_256                |  32|   0|   32|          0|
    |value_10_reg_1806                 |  32|   0|   32|          0|
    |value_11_reg_1813                 |  32|   0|   32|          0|
    |value_12_reg_1820                 |  32|   0|   32|          0|
    |value_13_reg_1827                 |  32|   0|   32|          0|
    |value_14_reg_1834                 |  32|   0|   32|          0|
    |value_15_reg_1841                 |  32|   0|   32|          0|
    |value_1_reg_1743                  |  32|   0|   32|          0|
    |value_2_reg_1750                  |  32|   0|   32|          0|
    |value_3_reg_1757                  |  32|   0|   32|          0|
    |value_4_reg_1764                  |  32|   0|   32|          0|
    |value_5_reg_1771                  |  32|   0|   32|          0|
    |value_6_reg_1778                  |  32|   0|   32|          0|
    |value_7_reg_1785                  |  32|   0|   32|          0|
    |value_8_reg_1792                  |  32|   0|   32|          0|
    |value_9_reg_1799                  |  32|   0|   32|          0|
    |value_reg_1736                    |  32|   0|   32|          0|
    |icmp_ln739_reg_1647               |  64|  32|    1|          0|
    +----------------------------------+----+----+-----+-----------+
    |Total                             |2143|  32| 2080|          0|
    +----------------------------------+----+----+-----+-----------+



================================================================
== Interface
================================================================
* Summary: 
+---------------------------------------------------------------------------+-----+-----+------------+--------------------------------------------------------------------+--------------+
|                                 RTL Ports                                 | Dir | Bits|  Protocol  |                            Source Object                           |    C Type    |
+---------------------------------------------------------------------------+-----+-----+------------+--------------------------------------------------------------------+--------------+
|ap_clk                                                                     |   in|    1|  ap_ctrl_hs|  fp32_layernorm_and_route_full_model_Pipeline_full_norm_reduce_pack|  return value|
|ap_rst                                                                     |   in|    1|  ap_ctrl_hs|  fp32_layernorm_and_route_full_model_Pipeline_full_norm_reduce_pack|  return value|
|ap_start                                                                   |   in|    1|  ap_ctrl_hs|  fp32_layernorm_and_route_full_model_Pipeline_full_norm_reduce_pack|  return value|
|ap_done                                                                    |  out|    1|  ap_ctrl_hs|  fp32_layernorm_and_route_full_model_Pipeline_full_norm_reduce_pack|  return value|
|ap_idle                                                                    |  out|    1|  ap_ctrl_hs|  fp32_layernorm_and_route_full_model_Pipeline_full_norm_reduce_pack|  return value|
|ap_ready                                                                   |  out|    1|  ap_ctrl_hs|  fp32_layernorm_and_route_full_model_Pipeline_full_norm_reduce_pack|  return value|
|grp_fu_480_p_din0                                                          |  out|   32|  ap_ctrl_hs|  fp32_layernorm_and_route_full_model_Pipeline_full_norm_reduce_pack|  return value|
|grp_fu_480_p_din1                                                          |  out|   32|  ap_ctrl_hs|  fp32_layernorm_and_route_full_model_Pipeline_full_norm_reduce_pack|  return value|
|grp_fu_480_p_dout0                                                         |   in|   32|  ap_ctrl_hs|  fp32_layernorm_and_route_full_model_Pipeline_full_norm_reduce_pack|  return value|
|grp_fu_480_p_ce                                                            |  out|    1|  ap_ctrl_hs|  fp32_layernorm_and_route_full_model_Pipeline_full_norm_reduce_pack|  return value|
|grp_fu_485_p_din0                                                          |  out|   32|  ap_ctrl_hs|  fp32_layernorm_and_route_full_model_Pipeline_full_norm_reduce_pack|  return value|
|grp_fu_485_p_din1                                                          |  out|   32|  ap_ctrl_hs|  fp32_layernorm_and_route_full_model_Pipeline_full_norm_reduce_pack|  return value|
|grp_fu_485_p_dout0                                                         |   in|   32|  ap_ctrl_hs|  fp32_layernorm_and_route_full_model_Pipeline_full_norm_reduce_pack|  return value|
|grp_fu_485_p_ce                                                            |  out|    1|  ap_ctrl_hs|  fp32_layernorm_and_route_full_model_Pipeline_full_norm_reduce_pack|  return value|
|grp_fu_1105_p_din0                                                         |  out|   32|  ap_ctrl_hs|  fp32_layernorm_and_route_full_model_Pipeline_full_norm_reduce_pack|  return value|
|grp_fu_1105_p_din1                                                         |  out|   32|  ap_ctrl_hs|  fp32_layernorm_and_route_full_model_Pipeline_full_norm_reduce_pack|  return value|
|grp_fu_1105_p_dout0                                                        |   in|   32|  ap_ctrl_hs|  fp32_layernorm_and_route_full_model_Pipeline_full_norm_reduce_pack|  return value|
|grp_fu_1105_p_ce                                                           |  out|    1|  ap_ctrl_hs|  fp32_layernorm_and_route_full_model_Pipeline_full_norm_reduce_pack|  return value|
|grp_fu_1109_p_din0                                                         |  out|   32|  ap_ctrl_hs|  fp32_layernorm_and_route_full_model_Pipeline_full_norm_reduce_pack|  return value|
|grp_fu_1109_p_din1                                                         |  out|   32|  ap_ctrl_hs|  fp32_layernorm_and_route_full_model_Pipeline_full_norm_reduce_pack|  return value|
|grp_fu_1109_p_dout0                                                        |   in|   32|  ap_ctrl_hs|  fp32_layernorm_and_route_full_model_Pipeline_full_norm_reduce_pack|  return value|
|grp_fu_1109_p_ce                                                           |  out|    1|  ap_ctrl_hs|  fp32_layernorm_and_route_full_model_Pipeline_full_norm_reduce_pack|  return value|
|sub_ln745                                                                  |   in|   13|     ap_none|                                                           sub_ln745|        scalar|
|add58_15985_out                                                            |  out|   32|      ap_vld|                                                     add58_15985_out|       pointer|
|add58_15985_out_ap_vld                                                     |  out|    1|      ap_vld|                                                     add58_15985_out|       pointer|
|add54_15984_out                                                            |  out|   32|      ap_vld|                                                     add54_15984_out|       pointer|
|add54_15984_out_ap_vld                                                     |  out|    1|      ap_vld|                                                     add54_15984_out|       pointer|
|add58_14983_out                                                            |  out|   32|      ap_vld|                                                     add58_14983_out|       pointer|
|add58_14983_out_ap_vld                                                     |  out|    1|      ap_vld|                                                     add58_14983_out|       pointer|
|add54_14982_out                                                            |  out|   32|      ap_vld|                                                     add54_14982_out|       pointer|
|add54_14982_out_ap_vld                                                     |  out|    1|      ap_vld|                                                     add54_14982_out|       pointer|
|add58_13981_out                                                            |  out|   32|      ap_vld|                                                     add58_13981_out|       pointer|
|add58_13981_out_ap_vld                                                     |  out|    1|      ap_vld|                                                     add58_13981_out|       pointer|
|add54_13980_out                                                            |  out|   32|      ap_vld|                                                     add54_13980_out|       pointer|
|add54_13980_out_ap_vld                                                     |  out|    1|      ap_vld|                                                     add54_13980_out|       pointer|
|add58_12979_out                                                            |  out|   32|      ap_vld|                                                     add58_12979_out|       pointer|
|add58_12979_out_ap_vld                                                     |  out|    1|      ap_vld|                                                     add58_12979_out|       pointer|
|add54_12978_out                                                            |  out|   32|      ap_vld|                                                     add54_12978_out|       pointer|
|add54_12978_out_ap_vld                                                     |  out|    1|      ap_vld|                                                     add54_12978_out|       pointer|
|add58_11977_out                                                            |  out|   32|      ap_vld|                                                     add58_11977_out|       pointer|
|add58_11977_out_ap_vld                                                     |  out|    1|      ap_vld|                                                     add58_11977_out|       pointer|
|add54_11976_out                                                            |  out|   32|      ap_vld|                                                     add54_11976_out|       pointer|
|add54_11976_out_ap_vld                                                     |  out|    1|      ap_vld|                                                     add54_11976_out|       pointer|
|add58_10975_out                                                            |  out|   32|      ap_vld|                                                     add58_10975_out|       pointer|
|add58_10975_out_ap_vld                                                     |  out|    1|      ap_vld|                                                     add58_10975_out|       pointer|
|add54_10974_out                                                            |  out|   32|      ap_vld|                                                     add54_10974_out|       pointer|
|add54_10974_out_ap_vld                                                     |  out|    1|      ap_vld|                                                     add54_10974_out|       pointer|
|add58_9973_out                                                             |  out|   32|      ap_vld|                                                      add58_9973_out|       pointer|
|add58_9973_out_ap_vld                                                      |  out|    1|      ap_vld|                                                      add58_9973_out|       pointer|
|add54_9972_out                                                             |  out|   32|      ap_vld|                                                      add54_9972_out|       pointer|
|add54_9972_out_ap_vld                                                      |  out|    1|      ap_vld|                                                      add54_9972_out|       pointer|
|add58_8971_out                                                             |  out|   32|      ap_vld|                                                      add58_8971_out|       pointer|
|add58_8971_out_ap_vld                                                      |  out|    1|      ap_vld|                                                      add58_8971_out|       pointer|
|add54_8970_out                                                             |  out|   32|      ap_vld|                                                      add54_8970_out|       pointer|
|add54_8970_out_ap_vld                                                      |  out|    1|      ap_vld|                                                      add54_8970_out|       pointer|
|add58_7969_out                                                             |  out|   32|      ap_vld|                                                      add58_7969_out|       pointer|
|add58_7969_out_ap_vld                                                      |  out|    1|      ap_vld|                                                      add58_7969_out|       pointer|
|add54_7968_out                                                             |  out|   32|      ap_vld|                                                      add54_7968_out|       pointer|
|add54_7968_out_ap_vld                                                      |  out|    1|      ap_vld|                                                      add54_7968_out|       pointer|
|add58_6967_out                                                             |  out|   32|      ap_vld|                                                      add58_6967_out|       pointer|
|add58_6967_out_ap_vld                                                      |  out|    1|      ap_vld|                                                      add58_6967_out|       pointer|
|add54_6966_out                                                             |  out|   32|      ap_vld|                                                      add54_6966_out|       pointer|
|add54_6966_out_ap_vld                                                      |  out|    1|      ap_vld|                                                      add54_6966_out|       pointer|
|add58_5965_out                                                             |  out|   32|      ap_vld|                                                      add58_5965_out|       pointer|
|add58_5965_out_ap_vld                                                      |  out|    1|      ap_vld|                                                      add58_5965_out|       pointer|
|add54_5964_out                                                             |  out|   32|      ap_vld|                                                      add54_5964_out|       pointer|
|add54_5964_out_ap_vld                                                      |  out|    1|      ap_vld|                                                      add54_5964_out|       pointer|
|add58_4963_out                                                             |  out|   32|      ap_vld|                                                      add58_4963_out|       pointer|
|add58_4963_out_ap_vld                                                      |  out|    1|      ap_vld|                                                      add58_4963_out|       pointer|
|add54_4962_out                                                             |  out|   32|      ap_vld|                                                      add54_4962_out|       pointer|
|add54_4962_out_ap_vld                                                      |  out|    1|      ap_vld|                                                      add54_4962_out|       pointer|
|add58_3961_out                                                             |  out|   32|      ap_vld|                                                      add58_3961_out|       pointer|
|add58_3961_out_ap_vld                                                      |  out|    1|      ap_vld|                                                      add58_3961_out|       pointer|
|add54_3960_out                                                             |  out|   32|      ap_vld|                                                      add54_3960_out|       pointer|
|add54_3960_out_ap_vld                                                      |  out|    1|      ap_vld|                                                      add54_3960_out|       pointer|
|add58_2959_out                                                             |  out|   32|      ap_vld|                                                      add58_2959_out|       pointer|
|add58_2959_out_ap_vld                                                      |  out|    1|      ap_vld|                                                      add58_2959_out|       pointer|
|add54_2958_out                                                             |  out|   32|      ap_vld|                                                      add54_2958_out|       pointer|
|add54_2958_out_ap_vld                                                      |  out|    1|      ap_vld|                                                      add54_2958_out|       pointer|
|add58_1957_out                                                             |  out|   32|      ap_vld|                                                      add58_1957_out|       pointer|
|add58_1957_out_ap_vld                                                      |  out|    1|      ap_vld|                                                      add58_1957_out|       pointer|
|add54_1956_out                                                             |  out|   32|      ap_vld|                                                      add54_1956_out|       pointer|
|add54_1956_out_ap_vld                                                      |  out|    1|      ap_vld|                                                      add54_1956_out|       pointer|
|add58955_out                                                               |  out|   32|      ap_vld|                                                        add58955_out|       pointer|
|add58955_out_ap_vld                                                        |  out|    1|      ap_vld|                                                        add58955_out|       pointer|
|add54954_out                                                               |  out|   32|      ap_vld|                                                        add54954_out|       pointer|
|add54954_out_ap_vld                                                        |  out|    1|      ap_vld|                                                        add54954_out|       pointer|
|output_buf_address0                                                        |  out|   13|   ap_memory|                                                          output_buf|         array|
|output_buf_ce0                                                             |  out|    1|   ap_memory|                                                          output_buf|         array|
|output_buf_q0                                                              |   in|   32|   ap_memory|                                                          output_buf|         array|
|output_buf_1_address0                                                      |  out|   13|   ap_memory|                                                        output_buf_1|         array|
|output_buf_1_ce0                                                           |  out|    1|   ap_memory|                                                        output_buf_1|         array|
|output_buf_1_q0                                                            |   in|   32|   ap_memory|                                                        output_buf_1|         array|
|output_buf_2_address0                                                      |  out|   13|   ap_memory|                                                        output_buf_2|         array|
|output_buf_2_ce0                                                           |  out|    1|   ap_memory|                                                        output_buf_2|         array|
|output_buf_2_q0                                                            |   in|   32|   ap_memory|                                                        output_buf_2|         array|
|output_buf_3_address0                                                      |  out|   13|   ap_memory|                                                        output_buf_3|         array|
|output_buf_3_ce0                                                           |  out|    1|   ap_memory|                                                        output_buf_3|         array|
|output_buf_3_q0                                                            |   in|   32|   ap_memory|                                                        output_buf_3|         array|
|output_buf_4_address0                                                      |  out|   13|   ap_memory|                                                        output_buf_4|         array|
|output_buf_4_ce0                                                           |  out|    1|   ap_memory|                                                        output_buf_4|         array|
|output_buf_4_q0                                                            |   in|   32|   ap_memory|                                                        output_buf_4|         array|
|output_buf_5_address0                                                      |  out|   13|   ap_memory|                                                        output_buf_5|         array|
|output_buf_5_ce0                                                           |  out|    1|   ap_memory|                                                        output_buf_5|         array|
|output_buf_5_q0                                                            |   in|   32|   ap_memory|                                                        output_buf_5|         array|
|output_buf_6_address0                                                      |  out|   13|   ap_memory|                                                        output_buf_6|         array|
|output_buf_6_ce0                                                           |  out|    1|   ap_memory|                                                        output_buf_6|         array|
|output_buf_6_q0                                                            |   in|   32|   ap_memory|                                                        output_buf_6|         array|
|output_buf_7_address0                                                      |  out|   13|   ap_memory|                                                        output_buf_7|         array|
|output_buf_7_ce0                                                           |  out|    1|   ap_memory|                                                        output_buf_7|         array|
|output_buf_7_q0                                                            |   in|   32|   ap_memory|                                                        output_buf_7|         array|
|output_buf_8_address0                                                      |  out|   13|   ap_memory|                                                        output_buf_8|         array|
|output_buf_8_ce0                                                           |  out|    1|   ap_memory|                                                        output_buf_8|         array|
|output_buf_8_q0                                                            |   in|   32|   ap_memory|                                                        output_buf_8|         array|
|output_buf_9_address0                                                      |  out|   13|   ap_memory|                                                        output_buf_9|         array|
|output_buf_9_ce0                                                           |  out|    1|   ap_memory|                                                        output_buf_9|         array|
|output_buf_9_q0                                                            |   in|   32|   ap_memory|                                                        output_buf_9|         array|
|p_ZZ42bert_ffn_down_norm_feedback_12layer_kernelE10output_buf_10_address0  |  out|   13|   ap_memory|    p_ZZ42bert_ffn_down_norm_feedback_12layer_kernelE10output_buf_10|         array|
|p_ZZ42bert_ffn_down_norm_feedback_12layer_kernelE10output_buf_10_ce0       |  out|    1|   ap_memory|    p_ZZ42bert_ffn_down_norm_feedback_12layer_kernelE10output_buf_10|         array|
|p_ZZ42bert_ffn_down_norm_feedback_12layer_kernelE10output_buf_10_q0        |   in|   32|   ap_memory|    p_ZZ42bert_ffn_down_norm_feedback_12layer_kernelE10output_buf_10|         array|
|p_ZZ42bert_ffn_down_norm_feedback_12layer_kernelE10output_buf_11_address0  |  out|   13|   ap_memory|    p_ZZ42bert_ffn_down_norm_feedback_12layer_kernelE10output_buf_11|         array|
|p_ZZ42bert_ffn_down_norm_feedback_12layer_kernelE10output_buf_11_ce0       |  out|    1|   ap_memory|    p_ZZ42bert_ffn_down_norm_feedback_12layer_kernelE10output_buf_11|         array|
|p_ZZ42bert_ffn_down_norm_feedback_12layer_kernelE10output_buf_11_q0        |   in|   32|   ap_memory|    p_ZZ42bert_ffn_down_norm_feedback_12layer_kernelE10output_buf_11|         array|
|p_ZZ42bert_ffn_down_norm_feedback_12layer_kernelE10output_buf_12_address0  |  out|   13|   ap_memory|    p_ZZ42bert_ffn_down_norm_feedback_12layer_kernelE10output_buf_12|         array|
|p_ZZ42bert_ffn_down_norm_feedback_12layer_kernelE10output_buf_12_ce0       |  out|    1|   ap_memory|    p_ZZ42bert_ffn_down_norm_feedback_12layer_kernelE10output_buf_12|         array|
|p_ZZ42bert_ffn_down_norm_feedback_12layer_kernelE10output_buf_12_q0        |   in|   32|   ap_memory|    p_ZZ42bert_ffn_down_norm_feedback_12layer_kernelE10output_buf_12|         array|
|p_ZZ42bert_ffn_down_norm_feedback_12layer_kernelE10output_buf_13_address0  |  out|   13|   ap_memory|    p_ZZ42bert_ffn_down_norm_feedback_12layer_kernelE10output_buf_13|         array|
|p_ZZ42bert_ffn_down_norm_feedback_12layer_kernelE10output_buf_13_ce0       |  out|    1|   ap_memory|    p_ZZ42bert_ffn_down_norm_feedback_12layer_kernelE10output_buf_13|         array|
|p_ZZ42bert_ffn_down_norm_feedback_12layer_kernelE10output_buf_13_q0        |   in|   32|   ap_memory|    p_ZZ42bert_ffn_down_norm_feedback_12layer_kernelE10output_buf_13|         array|
|p_ZZ42bert_ffn_down_norm_feedback_12layer_kernelE10output_buf_14_address0  |  out|   13|   ap_memory|    p_ZZ42bert_ffn_down_norm_feedback_12layer_kernelE10output_buf_14|         array|
|p_ZZ42bert_ffn_down_norm_feedback_12layer_kernelE10output_buf_14_ce0       |  out|    1|   ap_memory|    p_ZZ42bert_ffn_down_norm_feedback_12layer_kernelE10output_buf_14|         array|
|p_ZZ42bert_ffn_down_norm_feedback_12layer_kernelE10output_buf_14_q0        |   in|   32|   ap_memory|    p_ZZ42bert_ffn_down_norm_feedback_12layer_kernelE10output_buf_14|         array|
|p_ZZ42bert_ffn_down_norm_feedback_12layer_kernelE10output_buf_15_address0  |  out|   13|   ap_memory|    p_ZZ42bert_ffn_down_norm_feedback_12layer_kernelE10output_buf_15|         array|
|p_ZZ42bert_ffn_down_norm_feedback_12layer_kernelE10output_buf_15_ce0       |  out|    1|   ap_memory|    p_ZZ42bert_ffn_down_norm_feedback_12layer_kernelE10output_buf_15|         array|
|p_ZZ42bert_ffn_down_norm_feedback_12layer_kernelE10output_buf_15_q0        |   in|   32|   ap_memory|    p_ZZ42bert_ffn_down_norm_feedback_12layer_kernelE10output_buf_15|         array|
+---------------------------------------------------------------------------+-----+-----+------------+--------------------------------------------------------------------+--------------+

