

================================================================
== Vitis HLS Report for 'fp32_layernorm_and_route_full_model_Pipeline_full_norm_bank_reduce'
================================================================
* Date:           Wed Jul 15 12:36:06 2026

* Version:        2022.1 (Build 3526262 on Mon Apr 18 15:47:01 MDT 2022)
* Project:        proj_bert_ffn_down_norm_feedback_12layer_kernel
* Solution:       solution1 (Vivado IP Flow Target)
* Product family: virtexuplus
* Target device:  xcu250-figd2104-2L-e


================================================================
== Performance Estimates
================================================================
+ Timing: 
    * Summary: 
    +--------+---------+----------+------------+
    |  Clock |  Target | Estimated| Uncertainty|
    +--------+---------+----------+------------+
    |ap_clk  |  3.33 ns|  2.342 ns|     0.90 ns|
    +--------+---------+----------+------------+

+ Latency: 
    * Summary: 
    +---------+---------+----------+----------+-----+-----+---------+
    |  Latency (cycles) |  Latency (absolute) |  Interval | Pipeline|
    |   min   |   max   |    min   |    max   | min | max |   Type  |
    +---------+---------+----------+----------+-----+-----+---------+
    |      116|      116|  0.387 us|  0.387 us|  116|  116|       no|
    +---------+---------+----------+----------+-----+-----+---------+

    + Detail: 
        * Instance: 
        N/A

        * Loop: 
        +-------------------------+---------+---------+----------+-----------+-----------+------+----------+
        |                         |  Latency (cycles) | Iteration|  Initiation Interval  | Trip |          |
        |        Loop Name        |   min   |   max   |  Latency |  achieved |   target  | Count| Pipelined|
        +-------------------------+---------+---------+----------+-----------+-----------+------+----------+
        |- full_norm_bank_reduce  |      114|      114|        10|          7|          1|    16|       yes|
        +-------------------------+---------+---------+----------+-----------+-----------+------+----------+



================================================================
== Utilization Estimates
================================================================
* Summary: 
+---------------------+---------+-------+---------+---------+------+
|         Name        | BRAM_18K|  DSP  |    FF   |   LUT   | URAM |
+---------------------+---------+-------+---------+---------+------+
|DSP                  |        -|      -|        -|        -|     -|
|Expression           |        -|      -|        0|       24|     -|
|FIFO                 |        -|      -|        -|        -|     -|
|Instance             |        -|      -|        0|      130|     -|
|Memory               |        -|      -|        -|        -|     -|
|Multiplexer          |        -|      -|        -|      161|     -|
|Register             |        -|      -|      176|        -|     -|
+---------------------+---------+-------+---------+---------+------+
|Total                |        0|      0|      176|      315|     0|
+---------------------+---------+-------+---------+---------+------+
|Available SLR        |     1344|   3072|   864000|   432000|   320|
+---------------------+---------+-------+---------+---------+------+
|Utilization SLR (%)  |        0|      0|       ~0|       ~0|     0|
+---------------------+---------+-------+---------+---------+------+
|Available            |     5376|  12288|  3456000|  1728000|  1280|
+---------------------+---------+-------+---------+---------+------+
|Utilization (%)      |        0|      0|       ~0|       ~0|     0|
+---------------------+---------+-------+---------+---------+------+

+ Detail: 
    * Instance: 
    +----------------------+----------------+---------+----+---+----+-----+
    |       Instance       |     Module     | BRAM_18K| DSP| FF| LUT| URAM|
    +----------------------+----------------+---------+----+---+----+-----+
    |mux_165_32_1_1_U1809  |mux_165_32_1_1  |        0|   0|  0|  65|    0|
    |mux_165_32_1_1_U1810  |mux_165_32_1_1  |        0|   0|  0|  65|    0|
    +----------------------+----------------+---------+----+---+----+-----+
    |Total                 |                |        0|   0|  0| 130|    0|
    +----------------------+----------------+---------+----+---+----+-----+

    * DSP: 
    N/A

    * Memory: 
    N/A

    * FIFO: 
    N/A

    * Expression: 
    +----------------------+----------+----+---+----+------------+------------+
    |     Variable Name    | Operation| DSP| FF| LUT| Bitwidth P0| Bitwidth P1|
    +----------------------+----------+----+---+----+------------+------------+
    |add_ln754_fu_350_p2   |         +|   0|  0|  12|           5|           1|
    |icmp_ln754_fu_344_p2  |      icmp|   0|  0|  10|           5|           6|
    |ap_enable_pp0         |       xor|   0|  0|   2|           1|           2|
    +----------------------+----------+----+---+----+------------+------------+
    |Total                 |          |   0|  0|  24|          11|           9|
    +----------------------+----------+----+---+----+------------+------------+

    * Multiplexer: 
    +----------------------------------+----+-----------+-----+-----------+
    |               Name               | LUT| Input Size| Bits| Total Bits|
    +----------------------------------+----+-----------+-----+-----------+
    |ap_NS_fsm                         |  43|          8|    1|          8|
    |ap_done_int                       |   9|          2|    1|          2|
    |ap_enable_reg_pp0_iter0           |   9|          2|    1|          2|
    |ap_enable_reg_pp0_iter0_reg       |   9|          2|    1|          2|
    |ap_enable_reg_pp0_iter1           |   9|          2|    1|          2|
    |ap_sig_allocacmp_lane_1           |   9|          2|    5|         10|
    |ap_sig_allocacmp_square_sum_load  |   9|          2|   32|         64|
    |ap_sig_allocacmp_sum_load         |   9|          2|   32|         64|
    |grp_fu_318_p0                     |  14|          3|   32|         96|
    |grp_fu_318_p1                     |  14|          3|   32|         96|
    |lane_fu_108                       |   9|          2|    5|         10|
    |square_sum_fu_104                 |   9|          2|   32|         64|
    |sum_fu_100                        |   9|          2|   32|         64|
    +----------------------------------+----+-----------+-----+-----------+
    |Total                             | 161|         34|  207|        484|
    +----------------------------------+----+-----------+-----+-----------+

    * Register: 
    +-----------------------------+----+----+-----+-----------+
    |             Name            | FF | LUT| Bits| Const Bits|
    +-----------------------------+----+----+-----+-----------+
    |ap_CS_fsm                    |   7|   0|    7|          0|
    |ap_done_reg                  |   1|   0|    1|          0|
    |ap_enable_reg_pp0_iter0_reg  |   1|   0|    1|          0|
    |ap_enable_reg_pp0_iter1      |   1|   0|    1|          0|
    |icmp_ln754_reg_486           |   1|   0|    1|          0|
    |lane_fu_108                  |   5|   0|    5|          0|
    |reg_322                      |  32|   0|   32|          0|
    |square_sum_fu_104            |  32|   0|   32|          0|
    |sum_fu_100                   |  32|   0|   32|          0|
    |tmp_15_reg_495               |  32|   0|   32|          0|
    |tmp_s_reg_490                |  32|   0|   32|          0|
    +-----------------------------+----+----+-----+-----------+
    |Total                        | 176|   0|  176|          0|
    +-----------------------------+----+----+-----+-----------+



================================================================
== Interface
================================================================
* Summary: 
+-----------------------+-----+-----+------------+--------------------------------------------------------------------+--------------+
|       RTL Ports       | Dir | Bits|  Protocol  |                            Source Object                           |    C Type    |
+-----------------------+-----+-----+------------+--------------------------------------------------------------------+--------------+
|ap_clk                 |   in|    1|  ap_ctrl_hs|  fp32_layernorm_and_route_full_model_Pipeline_full_norm_bank_reduce|  return value|
|ap_rst                 |   in|    1|  ap_ctrl_hs|  fp32_layernorm_and_route_full_model_Pipeline_full_norm_bank_reduce|  return value|
|ap_start               |   in|    1|  ap_ctrl_hs|  fp32_layernorm_and_route_full_model_Pipeline_full_norm_bank_reduce|  return value|
|ap_done                |  out|    1|  ap_ctrl_hs|  fp32_layernorm_and_route_full_model_Pipeline_full_norm_bank_reduce|  return value|
|ap_idle                |  out|    1|  ap_ctrl_hs|  fp32_layernorm_and_route_full_model_Pipeline_full_norm_bank_reduce|  return value|
|ap_ready               |  out|    1|  ap_ctrl_hs|  fp32_layernorm_and_route_full_model_Pipeline_full_norm_bank_reduce|  return value|
|grp_fu_475_p_din0      |  out|   32|  ap_ctrl_hs|  fp32_layernorm_and_route_full_model_Pipeline_full_norm_bank_reduce|  return value|
|grp_fu_475_p_din1      |  out|   32|  ap_ctrl_hs|  fp32_layernorm_and_route_full_model_Pipeline_full_norm_bank_reduce|  return value|
|grp_fu_475_p_opcode    |  out|    1|  ap_ctrl_hs|  fp32_layernorm_and_route_full_model_Pipeline_full_norm_bank_reduce|  return value|
|grp_fu_475_p_dout0     |   in|   32|  ap_ctrl_hs|  fp32_layernorm_and_route_full_model_Pipeline_full_norm_bank_reduce|  return value|
|grp_fu_475_p_ce        |  out|    1|  ap_ctrl_hs|  fp32_layernorm_and_route_full_model_Pipeline_full_norm_bank_reduce|  return value|
|add54954_reload        |   in|   32|     ap_none|                                                     add54954_reload|        scalar|
|add54_1956_reload      |   in|   32|     ap_none|                                                   add54_1956_reload|        scalar|
|add54_2958_reload      |   in|   32|     ap_none|                                                   add54_2958_reload|        scalar|
|add54_3960_reload      |   in|   32|     ap_none|                                                   add54_3960_reload|        scalar|
|add54_4962_reload      |   in|   32|     ap_none|                                                   add54_4962_reload|        scalar|
|add54_5964_reload      |   in|   32|     ap_none|                                                   add54_5964_reload|        scalar|
|add54_6966_reload      |   in|   32|     ap_none|                                                   add54_6966_reload|        scalar|
|add54_7968_reload      |   in|   32|     ap_none|                                                   add54_7968_reload|        scalar|
|add54_8970_reload      |   in|   32|     ap_none|                                                   add54_8970_reload|        scalar|
|add54_9972_reload      |   in|   32|     ap_none|                                                   add54_9972_reload|        scalar|
|add54_10974_reload     |   in|   32|     ap_none|                                                  add54_10974_reload|        scalar|
|add54_11976_reload     |   in|   32|     ap_none|                                                  add54_11976_reload|        scalar|
|add54_12978_reload     |   in|   32|     ap_none|                                                  add54_12978_reload|        scalar|
|add54_13980_reload     |   in|   32|     ap_none|                                                  add54_13980_reload|        scalar|
|add54_14982_reload     |   in|   32|     ap_none|                                                  add54_14982_reload|        scalar|
|add54_15984_reload     |   in|   32|     ap_none|                                                  add54_15984_reload|        scalar|
|add58955_reload        |   in|   32|     ap_none|                                                     add58955_reload|        scalar|
|add58_1957_reload      |   in|   32|     ap_none|                                                   add58_1957_reload|        scalar|
|add58_2959_reload      |   in|   32|     ap_none|                                                   add58_2959_reload|        scalar|
|add58_3961_reload      |   in|   32|     ap_none|                                                   add58_3961_reload|        scalar|
|add58_4963_reload      |   in|   32|     ap_none|                                                   add58_4963_reload|        scalar|
|add58_5965_reload      |   in|   32|     ap_none|                                                   add58_5965_reload|        scalar|
|add58_6967_reload      |   in|   32|     ap_none|                                                   add58_6967_reload|        scalar|
|add58_7969_reload      |   in|   32|     ap_none|                                                   add58_7969_reload|        scalar|
|add58_8971_reload      |   in|   32|     ap_none|                                                   add58_8971_reload|        scalar|
|add58_9973_reload      |   in|   32|     ap_none|                                                   add58_9973_reload|        scalar|
|add58_10975_reload     |   in|   32|     ap_none|                                                  add58_10975_reload|        scalar|
|add58_11977_reload     |   in|   32|     ap_none|                                                  add58_11977_reload|        scalar|
|add58_12979_reload     |   in|   32|     ap_none|                                                  add58_12979_reload|        scalar|
|add58_13981_reload     |   in|   32|     ap_none|                                                  add58_13981_reload|        scalar|
|add58_14983_reload     |   in|   32|     ap_none|                                                  add58_14983_reload|        scalar|
|add58_15985_reload     |   in|   32|     ap_none|                                                  add58_15985_reload|        scalar|
|square_sum_out         |  out|   32|      ap_vld|                                                      square_sum_out|       pointer|
|square_sum_out_ap_vld  |  out|    1|      ap_vld|                                                      square_sum_out|       pointer|
|sum_out                |  out|   32|      ap_vld|                                                             sum_out|       pointer|
|sum_out_ap_vld         |  out|    1|      ap_vld|                                                             sum_out|       pointer|
+-----------------------+-----+-----+------------+--------------------------------------------------------------------+--------------+

