

================================================================
== Vitis HLS Report for 'v13_dot16_tree_margin'
================================================================
* Date:           Wed Jul 15 12:36:01 2026

* Version:        2022.1 (Build 3526262 on Mon Apr 18 15:47:01 MDT 2022)
* Project:        proj_bert_ffn_down_norm_feedback_12layer_kernel
* Solution:       solution1 (Vivado IP Flow Target)
* Product family: virtexuplus
* Target device:  xcu250-figd2104-2L-e


================================================================
== Performance Estimates
================================================================
+ Timing: 
    * Summary: 
    +--------+---------+----------+------------+
    |  Clock |  Target | Estimated| Uncertainty|
    +--------+---------+----------+------------+
    |ap_clk  |  3.33 ns|  2.342 ns|     0.90 ns|
    +--------+---------+----------+------------+

+ Latency: 
    * Summary: 
    +---------+---------+----------+----------+-----+-----+---------+
    |  Latency (cycles) |  Latency (absolute) |  Interval | Pipeline|
    |   min   |   max   |    min   |    max   | min | max |   Type  |
    +---------+---------+----------+----------+-----+-----+---------+
    |       35|       35|  0.117 us|  0.117 us|    1|    1|      yes|
    +---------+---------+----------+----------+-----+-----+---------+

    + Detail: 
        * Instance: 
        N/A

        * Loop: 
        N/A



================================================================
== Utilization Estimates
================================================================
* Summary: 
+---------------------+---------+-------+---------+---------+------+
|         Name        | BRAM_18K|  DSP  |    FF   |   LUT   | URAM |
+---------------------+---------+-------+---------+---------+------+
|DSP                  |        -|      -|        -|        -|     -|
|Expression           |        -|      -|        -|        -|     -|
|FIFO                 |        -|      -|        -|        -|     -|
|Instance             |        -|     62|     7746|     4186|     -|
|Memory               |        -|      -|        -|        -|     -|
|Multiplexer          |        -|      -|        -|        -|     -|
|Register             |        -|      -|     1984|        -|     -|
+---------------------+---------+-------+---------+---------+------+
|Total                |        0|     62|     9730|     4186|     0|
+---------------------+---------+-------+---------+---------+------+
|Available SLR        |     1344|   3072|   864000|   432000|   320|
+---------------------+---------+-------+---------+---------+------+
|Utilization SLR (%)  |        0|      2|        1|       ~0|     0|
+---------------------+---------+-------+---------+---------+------+
|Available            |     5376|  12288|  3456000|  1728000|  1280|
+---------------------+---------+-------+---------+---------+------+
|Utilization (%)      |        0|     ~0|       ~0|       ~0|     0|
+---------------------+---------+-------+---------+---------+------+

+ Detail: 
    * Instance: 
    +--------------------------------------+--------------------------------+---------+----+-----+-----+-----+
    |               Instance               |             Module             | BRAM_18K| DSP|  FF | LUT | URAM|
    +--------------------------------------+--------------------------------+---------+----+-----+-----+-----+
    |fadd_32ns_32ns_32_7_full_dsp_1_U1079  |fadd_32ns_32ns_32_7_full_dsp_1  |        0|   2|  318|  198|    0|
    |fadd_32ns_32ns_32_7_full_dsp_1_U1080  |fadd_32ns_32ns_32_7_full_dsp_1  |        0|   2|  318|  198|    0|
    |fadd_32ns_32ns_32_7_full_dsp_1_U1081  |fadd_32ns_32ns_32_7_full_dsp_1  |        0|   2|  318|  198|    0|
    |fadd_32ns_32ns_32_7_full_dsp_1_U1082  |fadd_32ns_32ns_32_7_full_dsp_1  |        0|   2|  318|  198|    0|
    |fadd_32ns_32ns_32_7_full_dsp_1_U1083  |fadd_32ns_32ns_32_7_full_dsp_1  |        0|   2|  318|  198|    0|
    |fadd_32ns_32ns_32_7_full_dsp_1_U1084  |fadd_32ns_32ns_32_7_full_dsp_1  |        0|   2|  318|  198|    0|
    |fadd_32ns_32ns_32_7_full_dsp_1_U1085  |fadd_32ns_32ns_32_7_full_dsp_1  |        0|   2|  318|  198|    0|
    |fadd_32ns_32ns_32_7_full_dsp_1_U1086  |fadd_32ns_32ns_32_7_full_dsp_1  |        0|   2|  318|  198|    0|
    |fadd_32ns_32ns_32_7_full_dsp_1_U1087  |fadd_32ns_32ns_32_7_full_dsp_1  |        0|   2|  318|  198|    0|
    |fadd_32ns_32ns_32_7_full_dsp_1_U1088  |fadd_32ns_32ns_32_7_full_dsp_1  |        0|   2|  318|  198|    0|
    |fadd_32ns_32ns_32_7_full_dsp_1_U1089  |fadd_32ns_32ns_32_7_full_dsp_1  |        0|   2|  318|  198|    0|
    |fadd_32ns_32ns_32_7_full_dsp_1_U1090  |fadd_32ns_32ns_32_7_full_dsp_1  |        0|   2|  318|  198|    0|
    |fadd_32ns_32ns_32_7_full_dsp_1_U1091  |fadd_32ns_32ns_32_7_full_dsp_1  |        0|   2|  318|  198|    0|
    |fadd_32ns_32ns_32_7_full_dsp_1_U1092  |fadd_32ns_32ns_32_7_full_dsp_1  |        0|   2|  318|  198|    0|
    |fadd_32ns_32ns_32_7_full_dsp_1_U1093  |fadd_32ns_32ns_32_7_full_dsp_1  |        0|   2|  318|  198|    0|
    |fmul_32ns_32ns_32_8_full_dsp_1_U1094  |fmul_32ns_32ns_32_8_full_dsp_1  |        0|   2|  186|   76|    0|
    |fmul_32ns_32ns_32_8_full_dsp_1_U1095  |fmul_32ns_32ns_32_8_full_dsp_1  |        0|   2|  186|   76|    0|
    |fmul_32ns_32ns_32_8_full_dsp_1_U1096  |fmul_32ns_32ns_32_8_full_dsp_1  |        0|   2|  186|   76|    0|
    |fmul_32ns_32ns_32_8_full_dsp_1_U1097  |fmul_32ns_32ns_32_8_full_dsp_1  |        0|   2|  186|   76|    0|
    |fmul_32ns_32ns_32_8_full_dsp_1_U1098  |fmul_32ns_32ns_32_8_full_dsp_1  |        0|   2|  186|   76|    0|
    |fmul_32ns_32ns_32_8_full_dsp_1_U1099  |fmul_32ns_32ns_32_8_full_dsp_1  |        0|   2|  186|   76|    0|
    |fmul_32ns_32ns_32_8_full_dsp_1_U1100  |fmul_32ns_32ns_32_8_full_dsp_1  |        0|   2|  186|   76|    0|
    |fmul_32ns_32ns_32_8_full_dsp_1_U1101  |fmul_32ns_32ns_32_8_full_dsp_1  |        0|   2|  186|   76|    0|
    |fmul_32ns_32ns_32_8_full_dsp_1_U1102  |fmul_32ns_32ns_32_8_full_dsp_1  |        0|   2|  186|   76|    0|
    |fmul_32ns_32ns_32_8_full_dsp_1_U1103  |fmul_32ns_32ns_32_8_full_dsp_1  |        0|   2|  186|   76|    0|
    |fmul_32ns_32ns_32_8_full_dsp_1_U1104  |fmul_32ns_32ns_32_8_full_dsp_1  |        0|   2|  186|   76|    0|
    |fmul_32ns_32ns_32_8_full_dsp_1_U1105  |fmul_32ns_32ns_32_8_full_dsp_1  |        0|   2|  186|   76|    0|
    |fmul_32ns_32ns_32_8_full_dsp_1_U1106  |fmul_32ns_32ns_32_8_full_dsp_1  |        0|   2|  186|   76|    0|
    |fmul_32ns_32ns_32_8_full_dsp_1_U1107  |fmul_32ns_32ns_32_8_full_dsp_1  |        0|   2|  186|   76|    0|
    |fmul_32ns_32ns_32_8_full_dsp_1_U1108  |fmul_32ns_32ns_32_8_full_dsp_1  |        0|   2|  186|   76|    0|
    |fmul_32ns_32ns_32_8_full_dsp_1_U1109  |fmul_32ns_32ns_32_8_full_dsp_1  |        0|   2|  186|   76|    0|
    +--------------------------------------+--------------------------------+---------+----+-----+-----+-----+
    |Total                                 |                                |        0|  62| 7746| 4186|    0|
    +--------------------------------------+--------------------------------+---------+----+-----+-----+-----+

    * DSP: 
    N/A

    * Memory: 
    N/A

    * FIFO: 
    N/A

    * Expression: 
    N/A

    * Multiplexer: 
    N/A

    * Register: 
    +------------------+----+----+-----+-----------+
    |       Name       | FF | LUT| Bits| Const Bits|
    +------------------+----+----+-----+-----------+
    |add1_reg_717      |  32|   0|   32|          0|
    |add2_reg_722      |  32|   0|   32|          0|
    |add3_reg_727      |  32|   0|   32|          0|
    |add4_reg_732      |  32|   0|   32|          0|
    |add5_reg_737      |  32|   0|   32|          0|
    |add68_1_reg_757   |  32|   0|   32|          0|
    |add68_2_reg_762   |  32|   0|   32|          0|
    |add68_3_reg_767   |  32|   0|   32|          0|
    |add6_reg_742      |  32|   0|   32|          0|
    |add7_reg_747      |  32|   0|   32|          0|
    |add83_1_reg_777   |  32|   0|   32|          0|
    |add8_reg_752      |  32|   0|   32|          0|
    |add9_reg_772      |  32|   0|   32|          0|
    |add_reg_712       |  32|   0|   32|          0|
    |p0_reg_632        |  32|   0|   32|          0|
    |p10_reg_682       |  32|   0|   32|          0|
    |p11_reg_687       |  32|   0|   32|          0|
    |p12_reg_692       |  32|   0|   32|          0|
    |p13_reg_697       |  32|   0|   32|          0|
    |p14_reg_702       |  32|   0|   32|          0|
    |p15_reg_707       |  32|   0|   32|          0|
    |p1_reg_637        |  32|   0|   32|          0|
    |p2_reg_642        |  32|   0|   32|          0|
    |p3_reg_647        |  32|   0|   32|          0|
    |p4_reg_652        |  32|   0|   32|          0|
    |p5_reg_657        |  32|   0|   32|          0|
    |p6_reg_662        |  32|   0|   32|          0|
    |p7_reg_667        |  32|   0|   32|          0|
    |p8_reg_672        |  32|   0|   32|          0|
    |p9_reg_677        |  32|   0|   32|          0|
    |p_read10_int_reg  |  32|   0|   32|          0|
    |p_read11_int_reg  |  32|   0|   32|          0|
    |p_read12_int_reg  |  32|   0|   32|          0|
    |p_read13_int_reg  |  32|   0|   32|          0|
    |p_read14_int_reg  |  32|   0|   32|          0|
    |p_read15_int_reg  |  32|   0|   32|          0|
    |p_read16_int_reg  |  32|   0|   32|          0|
    |p_read17_int_reg  |  32|   0|   32|          0|
    |p_read18_int_reg  |  32|   0|   32|          0|
    |p_read19_int_reg  |  32|   0|   32|          0|
    |p_read1_int_reg   |  32|   0|   32|          0|
    |p_read20_int_reg  |  32|   0|   32|          0|
    |p_read21_int_reg  |  32|   0|   32|          0|
    |p_read22_int_reg  |  32|   0|   32|          0|
    |p_read23_int_reg  |  32|   0|   32|          0|
    |p_read24_int_reg  |  32|   0|   32|          0|
    |p_read25_int_reg  |  32|   0|   32|          0|
    |p_read26_int_reg  |  32|   0|   32|          0|
    |p_read27_int_reg  |  32|   0|   32|          0|
    |p_read28_int_reg  |  32|   0|   32|          0|
    |p_read29_int_reg  |  32|   0|   32|          0|
    |p_read2_int_reg   |  32|   0|   32|          0|
    |p_read30_int_reg  |  32|   0|   32|          0|
    |p_read31_int_reg  |  32|   0|   32|          0|
    |p_read3_int_reg   |  32|   0|   32|          0|
    |p_read4_int_reg   |  32|   0|   32|          0|
    |p_read5_int_reg   |  32|   0|   32|          0|
    |p_read6_int_reg   |  32|   0|   32|          0|
    |p_read7_int_reg   |  32|   0|   32|          0|
    |p_read8_int_reg   |  32|   0|   32|          0|
    |p_read9_int_reg   |  32|   0|   32|          0|
    |p_read_int_reg    |  32|   0|   32|          0|
    +------------------+----+----+-----+-----------+
    |Total             |1984|   0| 1984|          0|
    +------------------+----+----+-----+-----------+



================================================================
== Interface
================================================================
* Summary: 
+-----------+-----+-----+------------+-----------------------+--------------+
| RTL Ports | Dir | Bits|  Protocol  |     Source Object     |    C Type    |
+-----------+-----+-----+------------+-----------------------+--------------+
|ap_clk     |   in|    1|  ap_ctrl_hs|  v13_dot16_tree_margin|  return value|
|ap_rst     |   in|    1|  ap_ctrl_hs|  v13_dot16_tree_margin|  return value|
|ap_return  |  out|   32|  ap_ctrl_hs|  v13_dot16_tree_margin|  return value|
|p_read     |   in|   32|     ap_none|                 p_read|        scalar|
|p_read1    |   in|   32|     ap_none|                p_read1|        scalar|
|p_read2    |   in|   32|     ap_none|                p_read2|        scalar|
|p_read3    |   in|   32|     ap_none|                p_read3|        scalar|
|p_read4    |   in|   32|     ap_none|                p_read4|        scalar|
|p_read5    |   in|   32|     ap_none|                p_read5|        scalar|
|p_read6    |   in|   32|     ap_none|                p_read6|        scalar|
|p_read7    |   in|   32|     ap_none|                p_read7|        scalar|
|p_read8    |   in|   32|     ap_none|                p_read8|        scalar|
|p_read9    |   in|   32|     ap_none|                p_read9|        scalar|
|p_read10   |   in|   32|     ap_none|               p_read10|        scalar|
|p_read11   |   in|   32|     ap_none|               p_read11|        scalar|
|p_read12   |   in|   32|     ap_none|               p_read12|        scalar|
|p_read13   |   in|   32|     ap_none|               p_read13|        scalar|
|p_read14   |   in|   32|     ap_none|               p_read14|        scalar|
|p_read15   |   in|   32|     ap_none|               p_read15|        scalar|
|p_read16   |   in|   32|     ap_none|               p_read16|        scalar|
|p_read17   |   in|   32|     ap_none|               p_read17|        scalar|
|p_read18   |   in|   32|     ap_none|               p_read18|        scalar|
|p_read19   |   in|   32|     ap_none|               p_read19|        scalar|
|p_read20   |   in|   32|     ap_none|               p_read20|        scalar|
|p_read21   |   in|   32|     ap_none|               p_read21|        scalar|
|p_read22   |   in|   32|     ap_none|               p_read22|        scalar|
|p_read23   |   in|   32|     ap_none|               p_read23|        scalar|
|p_read24   |   in|   32|     ap_none|               p_read24|        scalar|
|p_read25   |   in|   32|     ap_none|               p_read25|        scalar|
|p_read26   |   in|   32|     ap_none|               p_read26|        scalar|
|p_read27   |   in|   32|     ap_none|               p_read27|        scalar|
|p_read28   |   in|   32|     ap_none|               p_read28|        scalar|
|p_read29   |   in|   32|     ap_none|               p_read29|        scalar|
|p_read30   |   in|   32|     ap_none|               p_read30|        scalar|
|p_read31   |   in|   32|     ap_none|               p_read31|        scalar|
+-----------+-----+-----+------------+-----------------------+--------------+

