INFO: [SIM 2] *************** CSIM start ***************
INFO: [SIM 4] CSIM will launch GCC as the compiler.
   Compiling ../../../../../../validation/tb_bert_12layer_csim.cpp in release mode
   Compiling ../../../../../../kernels/bert_ffn_fp32_kernels.cpp in release mode
   Compiling ../../../../../../kernels/bert_attn_out_norm_residual_kernel.cpp in release mode
   Compiling ../../../../../../kernels/bert_attn_core_kernel.cpp in release mode
   Compiling ../../../../../../kernels/bert_qkv_kernel.cpp in release mode
   Generating csim.exe
Loading input and all 12 Attention parameter sets...
[layer 00] loading FFN parameters...
[layer 00] attention=11.1729 s, complete encoder=11.7963 s
[layer 01] loading FFN parameters...
[layer 01] attention=11.1731 s, complete encoder=11.793 s
[layer 02] loading FFN parameters...
[layer 02] attention=11.164 s, complete encoder=11.7805 s
[layer 03] loading FFN parameters...
[layer 03] attention=11.1405 s, complete encoder=11.8133 s
[layer 04] loading FFN parameters...
[layer 04] attention=11.141 s, complete encoder=11.7553 s
[layer 05] loading FFN parameters...
[layer 05] attention=11.1832 s, complete encoder=11.7983 s
[layer 06] loading FFN parameters...
[layer 06] attention=11.1829 s, complete encoder=11.7929 s
[layer 07] loading FFN parameters...
[layer 07] attention=11.1287 s, complete encoder=11.787 s
[layer 08] loading FFN parameters...
[layer 08] attention=11.1338 s, complete encoder=11.7511 s
[layer 09] loading FFN parameters...
[layer 09] attention=11.1606 s, complete encoder=11.7772 s
[layer 10] loading FFN parameters...
[layer 10] attention=11.1179 s, complete encoder=11.7323 s
[layer 11] loading FFN parameters...
[layer 11] attention=11.1388 s, complete encoder=11.7599 s
C-sim completed all 12 encoder layers successfully.
INFO: [SIM 1] CSim done with 0 errors.
INFO: [SIM 3] *************** CSIM finish ***************
