Copyright 1986-2022 Xilinx, Inc. All Rights Reserved.
----------------------------------------------------------------------------------------------------------------------------------------------------------------------------------------------------------------------------------------------------------------------------------------------------------------------------------------------------------------
| Tool Version : Vivado v.2022.1 (lin64) Build 3526262 Mon Apr 18 15:47:01 MDT 2022
| Date         : Mon Jul 13 17:37:26 2026
| Host         : minhphat running 64-bit Ubuntu 20.04.6 LTS
| Command      : report_accelerator_utilization -kernels { bert_ffn_down_v21_dotpipe_kernel:level0_i/level1/level1_i/ulp/down1/inst:down1 bert_ffn_input_v15_feeder_kernel:level0_i/level1/level1_i/ulp/in1/inst:in1 bert_ffn_up_gelu_v21_dotpipe_kernel:level0_i/level1/level1_i/ulp/up1/inst:up1} -file kernel_util_routed.rpt -name kernel_util_routed -json
| Design       : level0_wrapper
| Device       : xcu250
| Design State : Routed
----------------------------------------------------------------------------------------------------------------------------------------------------------------------------------------------------------------------------------------------------------------------------------------------------------------------------------------------------------------

Accelerator Utilization Design Information

Table of Contents
-----------------
1. System Utilization

1. System Utilization
---------------------

+-------------------------------------+-------------------+------------------+-------------------+----------------+----------------+-----------------+
| Name                                | LUT               | LUTAsMem         | REG               | BRAM           | URAM           | DSP             |
+-------------------------------------+-------------------+------------------+-------------------+----------------+----------------+-----------------+
| Platform                            |  155255 [  8.99%] |  19107 [  2.42%] |  244537 [  7.08%] |  287 [ 10.68%] |    0 [  0.00%] |    13 [  0.11%] |
| User Budget                         | 1570961 [100.00%] | 771093 [100.00%] | 3211463 [100.00%] | 2401 [100.00%] | 1280 [100.00%] | 12275 [100.00%] |
|    Used Resources                   |  155950 [  9.93%] |   6046 [  0.78%] |  338247 [ 10.53%] |  173 [  7.21%] |   64 [  5.00%] |  2144 [ 17.47%] |
|    Unused Resources                 | 1415011 [ 90.07%] | 765047 [ 99.22%] | 2873216 [ 89.47%] | 2228 [ 92.79%] | 1216 [ 95.00%] | 10131 [ 82.53%] |
| bert_ffn_down_v21_dotpipe_kernel    |   80938 [  5.15%] |   2793 [  0.36%] |  176688 [  5.50%] |   23 [  0.96%] |   32 [  2.50%] |  1024 [  8.34%] |
|    down1                            |   80938 [  5.15%] |   2793 [  0.36%] |  176688 [  5.50%] |   23 [  0.96%] |   32 [  2.50%] |  1024 [  8.34%] |
| bert_ffn_input_v15_feeder_kernel    |    1510 [  0.10%] |    181 [  0.02%] |    2929 [  0.09%] |    7 [  0.29%] |    0 [  0.00%] |     0 [  0.00%] |
|    in1                              |    1510 [  0.10%] |    181 [  0.02%] |    2929 [  0.09%] |    7 [  0.29%] |    0 [  0.00%] |     0 [  0.00%] |
| bert_ffn_up_gelu_v21_dotpipe_kernel |   73502 [  4.68%] |   3072 [  0.40%] |  158630 [  4.94%] |  143 [  5.96%] |   32 [  2.50%] |  1120 [  9.12%] |
|    up1                              |   73502 [  4.68%] |   3072 [  0.40%] |  158630 [  4.94%] |  143 [  5.96%] |   32 [  2.50%] |  1120 [  9.12%] |
+-------------------------------------+-------------------+------------------+-------------------+----------------+----------------+-----------------+


