Copyright 1986-2022 Xilinx, Inc. All Rights Reserved.
------------------------------------------------------------------------------------------------------------------------------------------------------------------------------------------------------------------------------------------------------------------------------------------------------------------------------------------------------------------
| Tool Version : Vivado v.2022.1 (lin64) Build 3526262 Mon Apr 18 15:47:01 MDT 2022
| Date         : Mon Jul 13 15:45:46 2026
| Host         : minhphat running 64-bit Ubuntu 20.04.6 LTS
| Command      : report_accelerator_utilization -kernels { bert_ffn_down_v21_dotpipe_kernel:level0_i/level1/level1_i/ulp/down1/inst:down1 bert_ffn_input_v15_feeder_kernel:level0_i/level1/level1_i/ulp/in1/inst:in1 bert_ffn_up_gelu_v21_dotpipe_kernel:level0_i/level1/level1_i/ulp/up1/inst:up1} -file kernel_util_synthed.rpt -name kernel_util_synthed -json
| Design       : level0_wrapper
| Device       : xcu250
| Design State : Synthesized
------------------------------------------------------------------------------------------------------------------------------------------------------------------------------------------------------------------------------------------------------------------------------------------------------------------------------------------------------------------

Accelerator Utilization Design Information

Table of Contents
-----------------
1. System Utilization

1. System Utilization
---------------------

+-------------------------------------+-------------------+------------------+-------------------+----------------+----------------+-----------------+
| Name                                | LUT               | LUTAsMem         | REG               | BRAM           | URAM           | DSP             |
+-------------------------------------+-------------------+------------------+-------------------+----------------+----------------+-----------------+
| Platform                            |  173131 [ 10.03%] |  20963 [  2.65%] |  256304 [  7.42%] |  287 [ 10.68%] |    0 [  0.00%] |    13 [  0.11%] |
| User Budget                         | 1553085 [100.00%] | 769237 [100.00%] | 3199696 [100.00%] | 2401 [100.00%] | 1280 [100.00%] | 12275 [100.00%] |
|    Used Resources                   |  191656 [ 12.34%] |   7328 [  0.95%] |  341435 [ 10.67%] |  173 [  7.21%] |   64 [  5.00%] |  2144 [ 17.47%] |
|    Unused Resources                 | 1361429 [ 87.66%] | 761909 [ 99.05%] | 2858261 [ 89.33%] | 2228 [ 92.79%] | 1216 [ 95.00%] | 10131 [ 82.53%] |
| bert_ffn_down_v21_dotpipe_kernel    |   98835 [  6.36%] |   3217 [  0.42%] |  177973 [  5.56%] |   23 [  0.96%] |   32 [  2.50%] |  1024 [  8.34%] |
|    down1                            |   98835 [  6.36%] |   3217 [  0.42%] |  177973 [  5.56%] |   23 [  0.96%] |   32 [  2.50%] |  1024 [  8.34%] |
| bert_ffn_input_v15_feeder_kernel    |    1553 [  0.10%] |    181 [  0.02%] |    2962 [  0.09%] |    7 [  0.29%] |    0 [  0.00%] |     0 [  0.00%] |
|    in1                              |    1553 [  0.10%] |    181 [  0.02%] |    2962 [  0.09%] |    7 [  0.29%] |    0 [  0.00%] |     0 [  0.00%] |
| bert_ffn_up_gelu_v21_dotpipe_kernel |   91268 [  5.88%] |   3930 [  0.51%] |  160500 [  5.02%] |  143 [  5.96%] |   32 [  2.50%] |  1120 [  9.12%] |
|    up1                              |   91268 [  5.88%] |   3930 [  0.51%] |  160500 [  5.02%] |  143 [  5.96%] |   32 [  2.50%] |  1120 [  9.12%] |
+-------------------------------------+-------------------+------------------+-------------------+----------------+----------------+-----------------+


