Copyright 1986-2022 Xilinx, Inc. All Rights Reserved.
------------------------------------------------------------------------------------------
| Tool Version : Vivado v.2022.1 (lin64) Build 3526262 Mon Apr 18 15:47:01 MDT 2022
| Date         : Mon Jul 13 17:37:57 2026
| Host         : minhphat running 64-bit Ubuntu 20.04.6 LTS
| Command      : report_utilization -slr -file slr_util_routed.rpt -pb slr_util_routed.pb
| Design       : level0_wrapper
| Device       : xcu250-figd2104-2L-e
| Speed File   : -2L
| Design State : Routed
------------------------------------------------------------------------------------------

Utilization Design Information

Table of Contents
-----------------
1. SLR Connectivity
2. SLR Connectivity Matrix
3. SLR CLB Logic and Dedicated Block Utilization
4. SLR IO Utilization

1. SLR Connectivity
-------------------

+----------------------------------+-------+-------+-----------+-------+
|                                  |  Used | Fixed | Available | Util% |
+----------------------------------+-------+-------+-----------+-------+
| SLR3 <-> SLR2                    |  2661 |       |     23040 | 11.55 |
|   SLR2 -> SLR3                   |  1392 |       |           |  6.04 |
|     Using TX_REG only            |     0 |     0 |           |       |
|     Using RX_REG only            |     0 |     0 |           |       |
|     Using Both TX_REG and RX_REG |     0 |     0 |           |       |
|   SLR3 -> SLR2                   |  1269 |       |           |  5.51 |
|     Using TX_REG only            |     0 |     0 |           |       |
|     Using RX_REG only            |   561 |     0 |           |       |
|     Using Both TX_REG and RX_REG |     0 |     0 |           |       |
| SLR2 <-> SLR1                    |  5231 |       |     23040 | 22.70 |
|   SLR1 -> SLR2                   |  2414 |       |           | 10.48 |
|     Using TX_REG only            |     0 |     0 |           |       |
|     Using RX_REG only            |     0 |     0 |           |       |
|     Using Both TX_REG and RX_REG |     0 |     0 |           |       |
|   SLR2 -> SLR1                   |  2817 |       |           | 12.23 |
|     Using TX_REG only            |     0 |     0 |           |       |
|     Using RX_REG only            |     0 |     0 |           |       |
|     Using Both TX_REG and RX_REG |     0 |     0 |           |       |
| SLR1 <-> SLR0                    |  2576 |       |     23040 | 11.18 |
|   SLR0 -> SLR1                   |   747 |       |           |  3.24 |
|     Using TX_REG only            |     0 |     0 |           |       |
|     Using RX_REG only            |     0 |     0 |           |       |
|     Using Both TX_REG and RX_REG |     0 |     0 |           |       |
|   SLR1 -> SLR0                   |  1829 |       |           |  7.94 |
|     Using TX_REG only            |     0 |     0 |           |       |
|     Using RX_REG only            |     0 |     0 |           |       |
|     Using Both TX_REG and RX_REG |     0 |     0 |           |       |
+----------------------------------+-------+-------+-----------+-------+
| Total SLLs Used                  | 10468 |       |           |       |
+----------------------------------+-------+-------+-----------+-------+


2. SLR Connectivity Matrix
--------------------------

+-----------+------+------+------+------+
| FROM \ TO | SLR3 | SLR2 | SLR1 | SLR0 |
+-----------+------+------+------+------+
| SLR3      |    0 | 1227 |    1 |   41 |
| SLR2      | 1376 |    0 | 2581 |  194 |
| SLR1      |    1 | 2321 |    0 | 1594 |
| SLR0      |   15 |   77 |  655 |    0 |
+-----------+------+------+------+------+


3. SLR CLB Logic and Dedicated Block Utilization
------------------------------------------------

+----------------------------+-------+-------+--------+--------+--------+--------+--------+--------+
|          Site Type         |  SLR0 |  SLR1 |  SLR2  |  SLR3  | SLR0 % | SLR1 % | SLR2 % | SLR3 % |
+----------------------------+-------+-------+--------+--------+--------+--------+--------+--------+
| CLB                        |  6835 | 17076 |  32233 |  31187 |  12.66 |  31.62 |  59.69 |  57.75 |
|   CLBL                     |  3658 |  8822 |  16690 |  16478 |  12.49 |  30.13 |  57.00 |  56.28 |
|   CLBM                     |  3177 |  8254 |  15543 |  14709 |  12.85 |  33.39 |  62.88 |  59.50 |
| CLB LUTs                   | 31048 | 60353 | 110619 | 109165 |   7.19 |  13.97 |  25.61 |  25.27 |
|   LUT as Logic             | 26443 | 56438 | 101378 | 101773 |   6.12 |  13.06 |  23.47 |  23.56 |
|     using O5 output only   |   553 |  1813 |   1076 |    866 |   0.13 |   0.42 |   0.25 |   0.20 |
|     using O6 output only   | 16454 | 38841 |  64273 |  57308 |   3.81 |   8.99 |  14.88 |  13.27 |
|     using O5 and O6        |  9436 | 15784 |  36029 |  43599 |   2.18 |   3.65 |   8.34 |  10.09 |
|   LUT as Memory            |  4605 |  3915 |   9241 |   7392 |   2.33 |   1.98 |   4.67 |   3.74 |
|     LUT as Distributed RAM |  2806 |   918 |   2872 |   2804 |   1.42 |   0.46 |   1.45 |   1.42 |
|       using O5 output only |     0 |     0 |      0 |      0 |   0.00 |   0.00 |   0.00 |   0.00 |
|       using O6 output only |     6 |    82 |      4 |      4 |  <0.01 |   0.04 |  <0.01 |  <0.01 |
|       using O5 and O6      |  2800 |   836 |   2868 |   2800 |   1.42 |   0.42 |   1.45 |   1.42 |
|     LUT as Shift Register  |  1799 |  2997 |   6369 |   4588 |   0.91 |   1.52 |   3.22 |   2.32 |
|       using O5 output only |     0 |     0 |      0 |      0 |   0.00 |   0.00 |   0.00 |   0.00 |
|       using O6 output only |  1764 |  2205 |   5566 |   4244 |   0.89 |   1.11 |   2.81 |   2.15 |
|       using O5 and O6      |    35 |   792 |    803 |    344 |   0.02 |   0.40 |   0.41 |   0.17 |
| CLB Registers              | 46661 | 98409 | 219545 | 218169 |   5.40 |  11.39 |  25.41 |  25.25 |
| CARRY8                     |   170 |   367 |   5326 |   5049 |   0.31 |   0.68 |   9.86 |   9.35 |
| F7 Muxes                   |   736 |   772 |    554 |    553 |   0.34 |   0.36 |   0.26 |   0.26 |
| F8 Muxes                   |    33 |   261 |     29 |     29 |   0.03 |   0.24 |   0.03 |   0.03 |
| F9 Muxes                   |     0 |     0 |      0 |      0 |   0.00 |   0.00 |   0.00 |   0.00 |
| Block RAM Tile             |  53.5 |   104 |    228 |   76.5 |   7.96 |  15.48 |  33.93 |  11.38 |
|   RAMB36/FIFO              |    52 |   102 |     89 |     67 |   7.74 |  15.18 |  13.24 |   9.97 |
|     RAMB36E2 only          |    52 |   102 |     89 |     67 |   7.74 |  15.18 |  13.24 |   9.97 |
|   RAMB18                   |     3 |     4 |    278 |     19 |   0.22 |   0.30 |  20.68 |   1.41 |
|     RAMB18E2 only          |     3 |     4 |    278 |     19 |   0.22 |   0.30 |  20.68 |   1.41 |
| URAM                       |     0 |     0 |     32 |     32 |   0.00 |   0.00 |  10.00 |  10.00 |
| DSPs                       |     3 |     4 |   1123 |   1027 |   0.10 |   0.13 |  36.56 |  33.43 |
| Unique Control Sets        |  1433 |  2882 |   3281 |   2910 |   1.33 |   2.67 |   3.04 |   2.69 |
+----------------------------+-------+-------+--------+--------+--------+--------+--------+--------+
* Note: Available Control Sets based on CLB Registers / 8


4. SLR IO Utilization
---------------------

+-----------+-----------+---------+------------+----------+------------+----------+-----+
| SLR Index | Used IOBs | (%)IOBs | Used IPADs | (%)IPADs | Used OPADs | (%)OPADs | GTs |
+-----------+-----------+---------+------------+----------+------------+----------+-----+
| SLR3      |       139 |   89.10 |          0 |     0.00 |          0 |     0.00 |   0 |
| SLR2      |       139 |   89.10 |          0 |     0.00 |          0 |     0.00 |   0 |
| SLR1      |        20 |    9.62 |          0 |     0.00 |          0 |     0.00 |  16 |
| SLR0      |       139 |   89.10 |          0 |     0.00 |          0 |     0.00 |   0 |
+-----------+-----------+---------+------------+----------+------------+----------+-----+
| Total     |       437 |         |          0 |          |          0 |          |  16 |
+-----------+-----------+---------+------------+----------+------------+----------+-----+


