Copyright 1986-2022 Xilinx, Inc. All Rights Reserved.
---------------------------------------------------------------------------------------
| Tool Version : Vivado v.2022.1 (lin64) Build 3526262 Mon Apr 18 15:47:01 MDT 2022
| Date         : Mon Jul 13 17:38:54 2026
| Host         : minhphat running 64-bit Ubuntu 20.04.6 LTS
| Command      : report_utilization -file full_util_routed.rpt -pb full_util_routed.pb
| Design       : level0_wrapper
| Device       : xcu250-figd2104-2L-e
| Speed File   : -2L
| Design State : Routed
---------------------------------------------------------------------------------------

Utilization Design Information

Table of Contents
-----------------
1. CLB Logic
1.1 Summary of Registers by Type
2. CLB Logic Distribution
3. BLOCKRAM
4. ARITHMETIC
5. I/O
6. CLOCK
7. ADVANCED
8. CONFIGURATION
9. Primitives
10. Black Boxes
11. Instantiated Netlists
12. SLR Connectivity
13. SLR Connectivity Matrix
14. SLR CLB Logic and Dedicated Block Utilization
15. SLR IO Utilization

1. CLB Logic
------------

+----------------------------+--------+-------+------------+-----------+-------+
|          Site Type         |  Used  | Fixed | Prohibited | Available | Util% |
+----------------------------+--------+-------+------------+-----------+-------+
| CLB LUTs                   | 311185 | 56815 |       1784 |   1726216 | 18.03 |
|   LUT as Logic             | 286032 | 53304 |       1784 |   1726216 | 16.57 |
|   LUT as Memory            |  25153 |  3511 |        840 |    790200 |  3.18 |
|     LUT as Distributed RAM |   9400 |   560 |            |           |       |
|     LUT as Shift Register  |  15753 |  2951 |            |           |       |
| CLB Registers              | 582784 | 99159 |          0 |   3456000 | 16.86 |
|   Register as Flip Flop    | 582780 | 99158 |          0 |   3456000 | 16.86 |
|   Register as Latch        |      0 |     0 |          0 |   3456000 |  0.00 |
|   Register as AND/OR       |      4 |     1 |          0 |   3456000 | <0.01 |
| CARRY8                     |  10912 |   367 |        223 |    215777 |  5.06 |
| F7 Muxes                   |   2615 |   705 |        892 |    863108 |  0.30 |
| F8 Muxes                   |    352 |   261 |        446 |    431554 |  0.08 |
| F9 Muxes                   |      0 |     0 |        223 |    215777 |  0.00 |
+----------------------------+--------+-------+------------+-----------+-------+


1.1 Summary of Registers by Type
--------------------------------

+--------+--------------+-------------+--------------+
|  Total | Clock Enable | Synchronous | Asynchronous |
+--------+--------------+-------------+--------------+
| 4      |            _ |           - |            - |
| 0      |            _ |           - |          Set |
| 0      |            _ |           - |        Reset |
| 0      |            _ |         Set |            - |
| 0      |            _ |       Reset |            - |
| 0      |          Yes |           - |            - |
| 823    |          Yes |           - |          Set |
| 2382   |          Yes |           - |        Reset |
| 4391   |          Yes |         Set |            - |
| 575184 |          Yes |       Reset |            - |
+--------+--------------+-------------+--------------+


2. CLB Logic Distribution
-------------------------

+--------------------------------------------+--------+-------+------------+-----------+-------+
|                  Site Type                 |  Used  | Fixed | Prohibited | Available | Util% |
+--------------------------------------------+--------+-------+------------+-----------+-------+
| CLB                                        |  87331 |     0 |        223 |    215777 | 40.47 |
|   CLBL                                     |  45648 |     0 |            |           |       |
|   CLBM                                     |  41683 |     0 |            |           |       |
| LUT as Logic                               | 286032 | 53304 |       1784 |   1726216 | 16.57 |
|   using O5 output only                     |   4308 |       |            |           |       |
|   using O6 output only                     | 176876 |       |            |           |       |
|   using O5 and O6                          | 104848 |       |            |           |       |
| LUT as Memory                              |  25153 |  3511 |        840 |    790200 |  3.18 |
|   LUT as Distributed RAM                   |   9400 |   560 |            |           |       |
|     using O5 output only                   |      0 |       |            |           |       |
|     using O6 output only                   |     96 |       |            |           |       |
|     using O5 and O6                        |   9304 |       |            |           |       |
|   LUT as Shift Register                    |  15753 |  2951 |            |           |       |
|     using O5 output only                   |      0 |       |            |           |       |
|     using O6 output only                   |  13779 |       |            |           |       |
|     using O5 and O6                        |   1974 |       |            |           |       |
| CLB Registers                              | 582784 |     0 |          0 |   3456000 | 16.86 |
|   Register driven from within the CLB      | 234973 |       |            |           |       |
|   Register driven from outside the CLB     | 347811 |       |            |           |       |
|     LUT in front of the register is unused | 274887 |       |            |           |       |
|     LUT in front of the register is used   |  72924 |       |            |           |       |
| Unique Control Sets                        |  10474 |       |        446 |    431554 |  2.43 |
+--------------------------------------------+--------+-------+------------+-----------+-------+
* * Note: Available Control Sets calculated as Slices * 2, Review the Control Sets Report for more information regarding control sets.


3. BLOCKRAM
-----------

+-------------------+------+-------+------------+-----------+-------+
|     Site Type     | Used | Fixed | Prohibited | Available | Util% |
+-------------------+------+-------+------------+-----------+-------+
| Block RAM Tile    |  462 |     0 |          0 |      2688 | 17.19 |
|   RAMB36/FIFO*    |  310 |   102 |          0 |      2688 | 11.53 |
|     RAMB36E2 only |  310 |       |            |           |       |
|   RAMB18          |  304 |     4 |          0 |      5376 |  5.65 |
|     RAMB18E2 only |  304 |       |            |           |       |
| URAM              |   64 |     0 |          0 |      1280 |  5.00 |
+-------------------+------+-------+------------+-----------+-------+
* Note: Each Block RAM Tile only has one FIFO logic available and therefore can accommodate only one FIFO36E2 or one FIFO18E2. However, if a FIFO18E2 occupies a Block RAM Tile, that tile can still accommodate a RAMB18E2


4. ARITHMETIC
-------------

+----------------+------+-------+------------+-----------+-------+
|    Site Type   | Used | Fixed | Prohibited | Available | Util% |
+----------------+------+-------+------------+-----------+-------+
| DSPs           | 2157 |     4 |          0 |     12288 | 17.55 |
|   DSP48E2 only | 2157 |       |            |           |       |
+----------------+------+-------+------------+-----------+-------+


5. I/O
------

+------------------+------+-------+------------+-----------+-------+
|     Site Type    | Used | Fixed | Prohibited | Available | Util% |
+------------------+------+-------+------------+-----------+-------+
| Bonded IOB       |  437 |   437 |          0 |       676 | 64.64 |
| HPIOB_M          |  216 |   216 |          0 |       312 | 69.23 |
|   INPUT          |    9 |       |            |           |       |
|   OUTPUT         |   45 |       |            |           |       |
|   BIDIR          |  162 |       |            |           |       |
| HPIOB_S          |  211 |   211 |          0 |       312 | 67.63 |
|   INPUT          |    8 |       |            |           |       |
|   OUTPUT         |   41 |       |            |           |       |
|   BIDIR          |  162 |       |            |           |       |
| HPIOB_SNGL       |   10 |    10 |          0 |        52 | 19.23 |
|   INPUT          |    1 |       |            |           |       |
|   OUTPUT         |    9 |       |            |           |       |
|   BIDIR          |    0 |       |            |           |       |
| HPIOBDIFFINBUF   |   58 |    58 |          0 |       384 | 15.10 |
|   DIFFINBUF      |   58 |    58 |            |           |       |
| HPIOBDIFFOUTBUF  |    0 |     0 |          0 |       384 |  0.00 |
| BITSLICE_CONTROL |   72 |     0 |          0 |       128 | 56.25 |
| BITSLICE_RX_TX   |  351 |   351 |          0 |      4992 |  7.03 |
|   RXTX_BITSLICE  |  351 |   351 |            |           |       |
| BITSLICE_TX      |   72 |     0 |          0 |       128 | 56.25 |
| RIU_OR           |   36 |     0 |          0 |        64 | 56.25 |
+------------------+------+-------+------------+-----------+-------+


6. CLOCK
--------

+----------------------+------+-------+------------+-----------+-------+
|       Site Type      | Used | Fixed | Prohibited | Available | Util% |
+----------------------+------+-------+------------+-----------+-------+
| GLOBAL CLOCK BUFFERs |   51 |    33 |          0 |      1344 |  3.79 |
|   BUFGCE             |   26 |     8 |          0 |       384 |  6.77 |
|   BUFGCE_DIV         |    1 |     1 |          0 |        64 |  1.56 |
|   BUFG_GT            |   22 |    22 |          0 |       768 |  2.86 |
|   BUFGCTRL*          |    1 |     1 |          0 |       128 |  0.78 |
| PLL                  |   10 |     1 |          0 |        32 | 31.25 |
| MMCM                 |    6 |     4 |          0 |        16 | 37.50 |
+----------------------+------+-------+------------+-----------+-------+
* Note: Each used BUFGCTRL counts as two GLOBAL CLOCK BUFFERs. This table does not include global clocking resources, only buffer cell usage. See the Clock Utilization Report (report_clock_utilization) for detailed accounting of global clocking resource availability.


7. ADVANCED
-----------

+-----------------+------+-------+------------+-----------+-------+
|    Site Type    | Used | Fixed | Prohibited | Available | Util% |
+-----------------+------+-------+------------+-----------+-------+
| CMACE4          |    0 |     0 |          0 |        12 |  0.00 |
| GTYE4_CHANNEL   |   16 |    16 |          0 |        24 | 66.67 |
| GTYE4_COMMON    |    4 |     4 |          0 |         6 | 66.67 |
| ILKNE4          |    0 |     0 |          0 |         8 |  0.00 |
| OBUFDS_GTE4     |    0 |     0 |          0 |        12 |  0.00 |
| OBUFDS_GTE4_ADV |    0 |     0 |          0 |        12 |  0.00 |
| PCIE40E4        |    1 |     1 |          0 |         4 | 25.00 |
| SYSMONE4        |    0 |     0 |          0 |         4 |  0.00 |
+-----------------+------+-------+------------+-----------+-------+


8. CONFIGURATION
----------------

+-------------+------+-------+------------+-----------+-------+
|  Site Type  | Used | Fixed | Prohibited | Available | Util% |
+-------------+------+-------+------------+-----------+-------+
| BSCANE2     |    1 |     1 |          0 |        16 |  6.25 |
| DNA_PORTE2  |    0 |     0 |          0 |         4 |  0.00 |
| EFUSE_USR   |    0 |     0 |          0 |         4 |  0.00 |
| FRAME_ECCE4 |    0 |     0 |          0 |         4 |  0.00 |
| ICAPE3      |    1 |     1 |          0 |         8 | 12.50 |
| MASTER_JTAG |    0 |     0 |          0 |         4 |  0.00 |
| STARTUPE3   |    1 |     1 |          0 |         4 | 25.00 |
+-------------+------+-------+------------+-----------+-------+


9. Primitives
-------------

+------------------+--------+---------------------+
|     Ref Name     |  Used  | Functional Category |
+------------------+--------+---------------------+
| FDRE             | 575745 |            Register |
| LUT3             | 144485 |                 CLB |
| LUT6             |  70292 |                 CLB |
| LUT4             |  61662 |                 CLB |
| LUT2             |  52879 |                 CLB |
| LUT5             |  51485 |                 CLB |
| RAMD32           |  15454 |                 CLB |
| SRL16E           |  11877 |                 CLB |
| CARRY8           |  10912 |                 CLB |
| LUT1             |  10077 |                 CLB |
| SRLC32E          |   5843 |                 CLB |
| FDSE             |   4391 |            Register |
| RAMS32           |   3170 |                 CLB |
| MUXF7            |   2615 |                 CLB |
| FDCE             |   2382 |            Register |
| DSP48E2          |   2157 |          Arithmetic |
| FDPE             |    823 |            Register |
| MUXF8            |    352 |                 CLB |
| RXTX_BITSLICE    |    351 |                 I/O |
| RAMB36E2         |    310 |            BLOCKRAM |
| RAMB18E2         |    304 |            BLOCKRAM |
| IBUFCTRL         |    284 |              Others |
| INBUF            |    226 |                 I/O |
| OBUFT_DCIEN      |    216 |                 I/O |
| OBUFT            |    108 |                 I/O |
| OBUF             |     95 |                 I/O |
| RAMD64E          |     80 |                 CLB |
| TX_BITSLICE_TRI  |     72 |                 I/O |
| BITSLICE_CONTROL |     72 |                 I/O |
| URAM288          |     64 |            BLOCKRAM |
| DIFFINBUF        |     58 |                 I/O |
| INV              |     57 |                 CLB |
| RIU_OR           |     36 |                 I/O |
| HPIO_VREF        |     27 |                 I/O |
| BUFGCE           |     26 |               Clock |
| BUFG_GT          |     22 |               Clock |
| BUFG_GT_SYNC     |     17 |               Clock |
| GTYE4_CHANNEL    |     16 |            Advanced |
| PLLE4_ADV        |     10 |               Clock |
| SRLC16E          |      7 |                 CLB |
| MMCME4_ADV       |      6 |               Clock |
| GTYE4_COMMON     |      4 |            Advanced |
| AND2B1L          |      4 |              Others |
| STARTUPE3        |      1 |       Configuration |
| PCIE40E4         |      1 |            Advanced |
| ICAPE3           |      1 |       Configuration |
| IBUFDS_GTE4      |      1 |                 I/O |
| BUFGCTRL         |      1 |               Clock |
| BUFGCE_DIV       |      1 |               Clock |
| BSCANE2          |      1 |       Configuration |
+------------------+--------+---------------------+


10. Black Boxes
---------------

+----------+------+
| Ref Name | Used |
+----------+------+


11. Instantiated Netlists
-------------------------

+--------------------------------------------+------+
|                  Ref Name                  | Used |
+--------------------------------------------+------+
| xsdbm                                      |    2 |
| ulp_xbar_5                                 |    1 |
| ulp_xbar_4                                 |    1 |
| ulp_xbar_3                                 |    1 |
| ulp_xbar_2                                 |    1 |
| ulp_up1_0                                  |    1 |
| ulp_ss_ucs_0                               |    1 |
| ulp_shell_cmp_subsystem_0_0                |    1 |
| ulp_s00_regslice_45                        |    1 |
| ulp_s00_regslice_43                        |    1 |
| ulp_s00_regslice_42                        |    1 |
| ulp_s00_regslice_41                        |    1 |
| ulp_s00_regslice_40                        |    1 |
| ulp_s00_regslice_39                        |    1 |
| ulp_s00_regslice_38                        |    1 |
| ulp_memory_subsystem_0                     |    1 |
| ulp_m03_regslice_0                         |    1 |
| ulp_m02_regslice_3                         |    1 |
| ulp_m02_regslice_2                         |    1 |
| ulp_m01_regslice_5                         |    1 |
| ulp_m01_regslice_4                         |    1 |
| ulp_m01_regslice_3                         |    1 |
| ulp_m00_regslice_5                         |    1 |
| ulp_m00_regslice_4                         |    1 |
| ulp_m00_regslice_3                         |    1 |
| ulp_ip_rs_axi_data_h2c_03_0                |    1 |
| ulp_ip_rs_axi_data_c2h_00_0                |    1 |
| ulp_ip_rs_axi_ctrl_user_03_0               |    1 |
| ulp_ip_psr_aresetn_pcie_slr2_0             |    1 |
| ulp_ip_psr_aresetn_kernel_00_slr3_0        |    1 |
| ulp_ip_psr_aresetn_kernel_00_slr2_0        |    1 |
| ulp_ip_psr_aresetn_kernel_00_slr0_0        |    1 |
| ulp_ip_inv_aresetn_ctrl_00_0               |    1 |
| ulp_ip_gpio_debug_axi_data_h2c_01_0        |    1 |
| ulp_ip_gpio_debug_axi_ctrl_user_03_0       |    1 |
| ulp_ip_gpio_debug_axi_ctrl_user_02_0       |    1 |
| ulp_ip_gpio_debug_axi_ctrl_user_01_0       |    1 |
| ulp_ip_gpio_debug_axi_ctrl_user_00_0       |    1 |
| ulp_ip_gpio_debug_axi_ctrl_mgmt_01_0       |    1 |
| ulp_ip_gpio_debug_axi_ctrl_mgmt_00_0       |    1 |
| ulp_ip_cc_axi_data_h2c_03_0                |    1 |
| ulp_ip_cc_axi_data_h2c_02_0                |    1 |
| ulp_ip_cc_axi_data_h2c_01_0                |    1 |
| ulp_ip_cc_axi_data_h2c_00_0                |    1 |
| ulp_in1_0                                  |    1 |
| ulp_ii_level1_wire_0                       |    1 |
| ulp_down1_0                                |    1 |
| ulp_buffer_up1_gelu_stream_0               |    1 |
| ulp_buffer_in1_attn_mid_stream_0           |    1 |
| ulp_auto_pc_0                              |    1 |
| ulp_auto_ds_0                              |    1 |
| ulp_auto_cc_2                              |    1 |
| ulp_auto_cc_1                              |    1 |
| ulp_auto_cc_0                              |    1 |
| ulp                                        |    1 |
| level1_wrapper                             |    1 |
| level0_ii_level0_pipe_0                    |    1 |
| blp_wrapper                                |    1 |
| bd_b35e_vip_ui_rst_DDR4_MEM02_0            |    1 |
| bd_b35e_vip_ui_rst_DDR4_MEM01_0            |    1 |
| bd_b35e_vip_ui_rst_DDR4_MEM00_0            |    1 |
| bd_b35e_vip_ui_clk_DDR4_MEM02_0            |    1 |
| bd_b35e_vip_ui_clk_DDR4_MEM01_0            |    1 |
| bd_b35e_vip_ui_clk_DDR4_MEM00_0            |    1 |
| bd_b35e_vip_ctrl_DDR4_MEM02_0              |    1 |
| bd_b35e_vip_ctrl_DDR4_MEM01_0              |    1 |
| bd_b35e_vip_ctrl_DDR4_MEM00_0              |    1 |
| bd_b35e_vip_S07_AXI_0                      |    1 |
| bd_b35e_vip_S06_AXI_0                      |    1 |
| bd_b35e_vip_S05_AXI_0                      |    1 |
| bd_b35e_vip_S04_AXI_0                      |    1 |
| bd_b35e_vip_S03_AXI_0                      |    1 |
| bd_b35e_vip_S02_AXI_0                      |    1 |
| bd_b35e_vip_S00_AXI_0                      |    1 |
| bd_b35e_vip_DDR4_MEM02_0                   |    1 |
| bd_b35e_vip_DDR4_MEM01_0                   |    1 |
| bd_b35e_vip_DDR4_MEM00_0                   |    1 |
| bd_b35e_psr_ddr4_mem02_0                   |    1 |
| bd_b35e_psr_ddr4_mem01_0                   |    1 |
| bd_b35e_psr_ddr4_mem00_0                   |    1 |
| bd_b35e_psr_ctrl_interconnect_0            |    1 |
| bd_b35e_psr_aclk_SLR3_0                    |    1 |
| bd_b35e_psr_aclk_SLR2_0                    |    1 |
| bd_b35e_psr_aclk_SLR0_0                    |    1 |
| bd_b35e_interconnect_ddrmem_ctrl_0         |    1 |
| bd_b35e_interconnect_DDR4_MEM02_0          |    1 |
| bd_b35e_interconnect_DDR4_MEM01_0          |    1 |
| bd_b35e_interconnect_DDR4_MEM00_0          |    1 |
| bd_b35e_ddr4_mem02_ctrl_cc_0               |    1 |
| bd_b35e_ddr4_mem02_0_phy                   |    1 |
| bd_b35e_ddr4_mem02_0                       |    1 |
| bd_b35e_ddr4_mem01_ctrl_cc_0               |    1 |
| bd_b35e_ddr4_mem01_0_phy                   |    1 |
| bd_b35e_ddr4_mem01_0                       |    1 |
| bd_b35e_ddr4_mem00_ctrl_cc_0               |    1 |
| bd_b35e_ddr4_mem00_0_phy                   |    1 |
| bd_b35e_ddr4_mem00_0                       |    1 |
| bd_b35e_calib_reduce_0                     |    1 |
| bd_7b93_lut_buffer_0                       |    1 |
| bd_53f9_bsip_0                             |    1 |
| bd_53f9_bs_switch_1_0                      |    1 |
| bd_53f9_axi_jtag_0                         |    1 |
| bd_3f43_user_debug_hub_0                   |    1 |
| bd_3f43_user_debug_bridge_0                |    1 |
| bd_3f43_build_info_0                       |    1 |
| bd_1361_xbar_1                             |    1 |
| bd_1361_xbar_0                             |    1 |
| bd_1361_psreset_kernel_01_0                |    1 |
| bd_1361_psreset_kernel_00_0                |    1 |
| bd_1361_psreset_aclk_freerun_0             |    1 |
| bd_1361_gpio_ucs_control_status_0          |    1 |
| bd_1361_gpio_gapping_demand_0              |    1 |
| bd_1361_gapping_demand_update_0            |    1 |
| bd_1361_gapping_demand_toggle_0            |    1 |
| bd_1361_frequency_counter_aclk_kernel_01_0 |    1 |
| bd_1361_frequency_counter_aclk_kernel_00_0 |    1 |
| bd_1361_frequency_counter_aclk_0           |    1 |
| bd_1361_fanout_aresetn_pcie_slr3_6_0       |    1 |
| bd_1361_fanout_aresetn_pcie_slr3_5_0       |    1 |
| bd_1361_fanout_aresetn_pcie_slr3_4_0       |    1 |
| bd_1361_fanout_aresetn_pcie_slr3_3_0       |    1 |
| bd_1361_fanout_aresetn_pcie_slr3_2_0       |    1 |
| bd_1361_fanout_aresetn_pcie_slr3_1_0       |    1 |
| bd_1361_fanout_aresetn_pcie_slr2_4_0       |    1 |
| bd_1361_fanout_aresetn_pcie_slr2_3_0       |    1 |
| bd_1361_fanout_aresetn_pcie_slr2_2_0       |    1 |
| bd_1361_fanout_aresetn_pcie_slr2_1_0       |    1 |
| bd_1361_fanout_aresetn_pcie_slr1_4_0       |    1 |
| bd_1361_fanout_aresetn_pcie_slr1_3_0       |    1 |
| bd_1361_fanout_aresetn_pcie_slr1_2_0       |    1 |
| bd_1361_fanout_aresetn_pcie_slr1_1_0       |    1 |
| bd_1361_fanout_aresetn_pcie_slr0_4_0       |    1 |
| bd_1361_fanout_aresetn_pcie_slr0_3_0       |    1 |
| bd_1361_fanout_aresetn_pcie_slr0_2_0       |    1 |
| bd_1361_fanout_aresetn_pcie_slr0_1_0       |    1 |
| bd_1361_fanout_aresetn_kernel_01_slr3_6_0  |    1 |
| bd_1361_fanout_aresetn_kernel_01_slr3_5_0  |    1 |
| bd_1361_fanout_aresetn_kernel_01_slr3_4_0  |    1 |
| bd_1361_fanout_aresetn_kernel_01_slr3_3_0  |    1 |
| bd_1361_fanout_aresetn_kernel_01_slr3_2_0  |    1 |
| bd_1361_fanout_aresetn_kernel_01_slr3_1_0  |    1 |
| bd_1361_fanout_aresetn_kernel_01_slr2_4_0  |    1 |
| bd_1361_fanout_aresetn_kernel_01_slr2_3_0  |    1 |
| bd_1361_fanout_aresetn_kernel_01_slr2_2_0  |    1 |
| bd_1361_fanout_aresetn_kernel_01_slr2_1_0  |    1 |
| bd_1361_fanout_aresetn_kernel_01_slr1_4_0  |    1 |
| bd_1361_fanout_aresetn_kernel_01_slr1_3_0  |    1 |
| bd_1361_fanout_aresetn_kernel_01_slr1_2_0  |    1 |
| bd_1361_fanout_aresetn_kernel_01_slr1_1_0  |    1 |
| bd_1361_fanout_aresetn_kernel_01_slr0_4_0  |    1 |
| bd_1361_fanout_aresetn_kernel_01_slr0_3_0  |    1 |
| bd_1361_fanout_aresetn_kernel_01_slr0_2_0  |    1 |
| bd_1361_fanout_aresetn_kernel_01_slr0_1_0  |    1 |
| bd_1361_fanout_aresetn_kernel_00_slr3_6_0  |    1 |
| bd_1361_fanout_aresetn_kernel_00_slr3_5_0  |    1 |
| bd_1361_fanout_aresetn_kernel_00_slr3_4_0  |    1 |
| bd_1361_fanout_aresetn_kernel_00_slr3_3_0  |    1 |
| bd_1361_fanout_aresetn_kernel_00_slr3_2_0  |    1 |
| bd_1361_fanout_aresetn_kernel_00_slr3_1_0  |    1 |
| bd_1361_fanout_aresetn_kernel_00_slr2_4_0  |    1 |
| bd_1361_fanout_aresetn_kernel_00_slr2_3_0  |    1 |
| bd_1361_fanout_aresetn_kernel_00_slr2_2_0  |    1 |
| bd_1361_fanout_aresetn_kernel_00_slr2_1_0  |    1 |
| bd_1361_fanout_aresetn_kernel_00_slr1_4_0  |    1 |
| bd_1361_fanout_aresetn_kernel_00_slr1_3_0  |    1 |
| bd_1361_fanout_aresetn_kernel_00_slr1_2_0  |    1 |
| bd_1361_fanout_aresetn_kernel_00_slr1_1_0  |    1 |
| bd_1361_fanout_aresetn_kernel_00_slr0_4_0  |    1 |
| bd_1361_fanout_aresetn_kernel_00_slr0_3_0  |    1 |
| bd_1361_fanout_aresetn_kernel_00_slr0_2_0  |    1 |
| bd_1361_fanout_aresetn_kernel_00_slr0_1_0  |    1 |
| bd_1361_fanout_aresetn_ctrl_slr3_6_0       |    1 |
| bd_1361_fanout_aresetn_ctrl_slr3_5_0       |    1 |
| bd_1361_fanout_aresetn_ctrl_slr3_4_0       |    1 |
| bd_1361_fanout_aresetn_ctrl_slr3_3_0       |    1 |
| bd_1361_fanout_aresetn_ctrl_slr3_2_0       |    1 |
| bd_1361_fanout_aresetn_ctrl_slr3_1_0       |    1 |
| bd_1361_fanout_aresetn_ctrl_slr2_4_0       |    1 |
| bd_1361_fanout_aresetn_ctrl_slr2_3_0       |    1 |
| bd_1361_fanout_aresetn_ctrl_slr2_2_0       |    1 |
| bd_1361_fanout_aresetn_ctrl_slr2_1_0       |    1 |
| bd_1361_fanout_aresetn_ctrl_slr1_4_0       |    1 |
| bd_1361_fanout_aresetn_ctrl_slr1_3_0       |    1 |
| bd_1361_fanout_aresetn_ctrl_slr1_2_0       |    1 |
| bd_1361_fanout_aresetn_ctrl_slr1_1_0       |    1 |
| bd_1361_fanout_aresetn_ctrl_slr0_4_0       |    1 |
| bd_1361_fanout_aresetn_ctrl_slr0_3_0       |    1 |
| bd_1361_fanout_aresetn_ctrl_slr0_2_0       |    1 |
| bd_1361_fanout_aresetn_ctrl_slr0_1_0       |    1 |
| bd_1361_clock_throttling_avg_0             |    1 |
| bd_1361_clock_throttling_aclk_kernel_01_0  |    1 |
| bd_1361_clock_throttling_aclk_kernel_00_0  |    1 |
| bd_1361_clock_shutdown_latch_0             |    1 |
| bd_1361_clkwiz_aclk_kernel_01_0            |    1 |
| bd_1361_clkwiz_aclk_kernel_00_0            |    1 |
| bd_1361_build_info_0                       |    1 |
| bd_1361_auto_cc_0                          |    1 |
| bd_1361_aclk_kernel_01_cont_adapt_0        |    1 |
| bd_1361_aclk_kernel_01_adapt_0             |    1 |
| bd_1361_aclk_kernel_00_cont_adapt_0        |    1 |
| bd_1361_aclk_kernel_00_adapt_0             |    1 |
+--------------------------------------------+------+


12. SLR Connectivity
--------------------

+----------------------------------+-------+-------+-----------+-------+
|                                  |  Used | Fixed | Available | Util% |
+----------------------------------+-------+-------+-----------+-------+
| SLR3 <-> SLR2                    |  2661 |       |     23040 | 11.55 |
|   SLR2 -> SLR3                   |  1392 |       |           |  6.04 |
|     Using TX_REG only            |     0 |     0 |           |       |
|     Using RX_REG only            |     0 |     0 |           |       |
|     Using Both TX_REG and RX_REG |     0 |     0 |           |       |
|   SLR3 -> SLR2                   |  1269 |       |           |  5.51 |
|     Using TX_REG only            |     0 |     0 |           |       |
|     Using RX_REG only            |   561 |     0 |           |       |
|     Using Both TX_REG and RX_REG |     0 |     0 |           |       |
| SLR2 <-> SLR1                    |  5231 |       |     23040 | 22.70 |
|   SLR1 -> SLR2                   |  2414 |       |           | 10.48 |
|     Using TX_REG only            |     0 |     0 |           |       |
|     Using RX_REG only            |     0 |     0 |           |       |
|     Using Both TX_REG and RX_REG |     0 |     0 |           |       |
|   SLR2 -> SLR1                   |  2817 |       |           | 12.23 |
|     Using TX_REG only            |     0 |     0 |           |       |
|     Using RX_REG only            |     0 |     0 |           |       |
|     Using Both TX_REG and RX_REG |     0 |     0 |           |       |
| SLR1 <-> SLR0                    |  2576 |       |     23040 | 11.18 |
|   SLR0 -> SLR1                   |   747 |       |           |  3.24 |
|     Using TX_REG only            |     0 |     0 |           |       |
|     Using RX_REG only            |     0 |     0 |           |       |
|     Using Both TX_REG and RX_REG |     0 |     0 |           |       |
|   SLR1 -> SLR0                   |  1829 |       |           |  7.94 |
|     Using TX_REG only            |     0 |     0 |           |       |
|     Using RX_REG only            |     0 |     0 |           |       |
|     Using Both TX_REG and RX_REG |     0 |     0 |           |       |
+----------------------------------+-------+-------+-----------+-------+
| Total SLLs Used                  | 10468 |       |           |       |
+----------------------------------+-------+-------+-----------+-------+


13. SLR Connectivity Matrix
---------------------------

+-----------+------+------+------+------+
| FROM \ TO | SLR3 | SLR2 | SLR1 | SLR0 |
+-----------+------+------+------+------+
| SLR3      |    0 | 1227 |    1 |   41 |
| SLR2      | 1376 |    0 | 2581 |  194 |
| SLR1      |    1 | 2321 |    0 | 1594 |
| SLR0      |   15 |   77 |  655 |    0 |
+-----------+------+------+------+------+


14. SLR CLB Logic and Dedicated Block Utilization
-------------------------------------------------

+----------------------------+-------+-------+--------+--------+--------+--------+--------+--------+
|          Site Type         |  SLR0 |  SLR1 |  SLR2  |  SLR3  | SLR0 % | SLR1 % | SLR2 % | SLR3 % |
+----------------------------+-------+-------+--------+--------+--------+--------+--------+--------+
| CLB                        |  6835 | 17076 |  32233 |  31187 |  12.66 |  31.62 |  59.69 |  57.75 |
|   CLBL                     |  3658 |  8822 |  16690 |  16478 |  12.49 |  30.13 |  57.00 |  56.28 |
|   CLBM                     |  3177 |  8254 |  15543 |  14709 |  12.85 |  33.39 |  62.88 |  59.50 |
| CLB LUTs                   | 31048 | 60353 | 110619 | 109165 |   7.19 |  13.97 |  25.61 |  25.27 |
|   LUT as Logic             | 26443 | 56438 | 101378 | 101773 |   6.12 |  13.06 |  23.47 |  23.56 |
|     using O5 output only   |   553 |  1813 |   1076 |    866 |   0.13 |   0.42 |   0.25 |   0.20 |
|     using O6 output only   | 16454 | 38841 |  64273 |  57308 |   3.81 |   8.99 |  14.88 |  13.27 |
|     using O5 and O6        |  9436 | 15784 |  36029 |  43599 |   2.18 |   3.65 |   8.34 |  10.09 |
|   LUT as Memory            |  4605 |  3915 |   9241 |   7392 |   2.33 |   1.98 |   4.67 |   3.74 |
|     LUT as Distributed RAM |  2806 |   918 |   2872 |   2804 |   1.42 |   0.46 |   1.45 |   1.42 |
|       using O5 output only |     0 |     0 |      0 |      0 |   0.00 |   0.00 |   0.00 |   0.00 |
|       using O6 output only |     6 |    82 |      4 |      4 |  <0.01 |   0.04 |  <0.01 |  <0.01 |
|       using O5 and O6      |  2800 |   836 |   2868 |   2800 |   1.42 |   0.42 |   1.45 |   1.42 |
|     LUT as Shift Register  |  1799 |  2997 |   6369 |   4588 |   0.91 |   1.52 |   3.22 |   2.32 |
|       using O5 output only |     0 |     0 |      0 |      0 |   0.00 |   0.00 |   0.00 |   0.00 |
|       using O6 output only |  1764 |  2205 |   5566 |   4244 |   0.89 |   1.11 |   2.81 |   2.15 |
|       using O5 and O6      |    35 |   792 |    803 |    344 |   0.02 |   0.40 |   0.41 |   0.17 |
| CLB Registers              | 46661 | 98409 | 219545 | 218169 |   5.40 |  11.39 |  25.41 |  25.25 |
| CARRY8                     |   170 |   367 |   5326 |   5049 |   0.31 |   0.68 |   9.86 |   9.35 |
| F7 Muxes                   |   736 |   772 |    554 |    553 |   0.34 |   0.36 |   0.26 |   0.26 |
| F8 Muxes                   |    33 |   261 |     29 |     29 |   0.03 |   0.24 |   0.03 |   0.03 |
| F9 Muxes                   |     0 |     0 |      0 |      0 |   0.00 |   0.00 |   0.00 |   0.00 |
| Block RAM Tile             |  53.5 |   104 |    228 |   76.5 |   7.96 |  15.48 |  33.93 |  11.38 |
|   RAMB36/FIFO              |    52 |   102 |     89 |     67 |   7.74 |  15.18 |  13.24 |   9.97 |
|     RAMB36E2 only          |    52 |   102 |     89 |     67 |   7.74 |  15.18 |  13.24 |   9.97 |
|   RAMB18                   |     3 |     4 |    278 |     19 |   0.22 |   0.30 |  20.68 |   1.41 |
|     RAMB18E2 only          |     3 |     4 |    278 |     19 |   0.22 |   0.30 |  20.68 |   1.41 |
| URAM                       |     0 |     0 |     32 |     32 |   0.00 |   0.00 |  10.00 |  10.00 |
| DSPs                       |     3 |     4 |   1123 |   1027 |   0.10 |   0.13 |  36.56 |  33.43 |
| Unique Control Sets        |  1433 |  2882 |   3281 |   2910 |   1.33 |   2.67 |   3.04 |   2.69 |
+----------------------------+-------+-------+--------+--------+--------+--------+--------+--------+
* Note: Available Control Sets based on CLB Registers / 8


15. SLR IO Utilization
----------------------

+-----------+-----------+---------+------------+----------+------------+----------+-----+
| SLR Index | Used IOBs | (%)IOBs | Used IPADs | (%)IPADs | Used OPADs | (%)OPADs | GTs |
+-----------+-----------+---------+------------+----------+------------+----------+-----+
| SLR3      |       139 |   89.10 |          0 |     0.00 |          0 |     0.00 |   0 |
| SLR2      |       139 |   89.10 |          0 |     0.00 |          0 |     0.00 |   0 |
| SLR1      |        20 |    9.62 |          0 |     0.00 |          0 |     0.00 |  16 |
| SLR0      |       139 |   89.10 |          0 |     0.00 |          0 |     0.00 |   0 |
+-----------+-----------+---------+------------+----------+------------+----------+-----+
| Total     |       437 |         |          0 |          |          0 |          |  16 |
+-----------+-----------+---------+------------+----------+------------+----------+-----+


