Copyright 1986-2022 Xilinx, Inc. All Rights Reserved.
-----------------------------------------------------------------------------------------
| Tool Version : Vivado v.2022.1 (lin64) Build 3526262 Mon Apr 18 15:47:01 MDT 2022
| Date         : Mon Jul 13 15:46:01 2026
| Host         : minhphat running 64-bit Ubuntu 20.04.6 LTS
| Command      : report_utilization -file full_util_synthed.rpt -pb full_util_synthed.pb
| Design       : level0_wrapper
| Device       : xcu250-figd2104-2L-e
| Speed File   : -2L
| Design State : Physopt postRoute
-----------------------------------------------------------------------------------------

Utilization Design Information

Table of Contents
-----------------
1. CLB Logic
1.1 Summary of Registers by Type
2. BLOCKRAM
3. ARITHMETIC
4. I/O
5. CLOCK
6. ADVANCED
7. CONFIGURATION
8. Primitives
9. Black Boxes
10. Instantiated Netlists
11. SLR Connectivity
12. SLR Connectivity Matrix
13. SLR CLB Logic and Dedicated Block Utilization
14. SLR IO Utilization

1. CLB Logic
------------

+----------------------------+--------+-------+------------+-----------+-------+
|          Site Type         |  Used  | Fixed | Prohibited | Available | Util% |
+----------------------------+--------+-------+------------+-----------+-------+
| CLB LUTs*                  | 364787 | 66104 |       1784 |   1726216 | 21.13 |
|   LUT as Logic             | 336496 | 61477 |       1784 |   1726216 | 19.49 |
|   LUT as Memory            |  28291 |  4627 |        840 |    790200 |  3.58 |
|     LUT as Distributed RAM |  10272 |   884 |            |           |       |
|     LUT as Shift Register  |  18019 |  3743 |            |           |       |
| CLB Registers              | 597739 | 99159 |          0 |   3456000 | 17.30 |
|   Register as Flip Flop    | 597735 | 99158 |          0 |   3456000 | 17.30 |
|   Register as Latch        |      0 |     0 |          0 |   3456000 |  0.00 |
|   Register as AND/OR       |      4 |     1 |          0 |   3456000 | <0.01 |
| CARRY8                     |  11030 |   367 |        223 |    215777 |  5.11 |
| F7 Muxes                   |   2681 |   705 |        892 |    863108 |  0.31 |
| F8 Muxes                   |    352 |   261 |        446 |    431554 |  0.08 |
| F9 Muxes                   |      0 |     0 |        223 |    215777 |  0.00 |
+----------------------------+--------+-------+------------+-----------+-------+
* Warning! The Final LUT count, after physical optimizations and full implementation, is typically lower. Run opt_design after synthesis, if not already completed, for a more realistic count.


1.1 Summary of Registers by Type
--------------------------------

+--------+--------------+-------------+--------------+
|  Total | Clock Enable | Synchronous | Asynchronous |
+--------+--------------+-------------+--------------+
| 4      |            _ |           - |            - |
| 0      |            _ |           - |          Set |
| 0      |            _ |           - |        Reset |
| 0      |            _ |         Set |            - |
| 0      |            _ |       Reset |            - |
| 0      |          Yes |           - |            - |
| 802    |          Yes |           - |          Set |
| 2242   |          Yes |           - |        Reset |
| 4562   |          Yes |         Set |            - |
| 590129 |          Yes |       Reset |            - |
+--------+--------------+-------------+--------------+


2. BLOCKRAM
-----------

+-------------------+------+-------+------------+-----------+-------+
|     Site Type     | Used | Fixed | Prohibited | Available | Util% |
+-------------------+------+-------+------------+-----------+-------+
| Block RAM Tile    |  462 |     0 |          0 |      2688 | 17.19 |
|   RAMB36/FIFO*    |  310 |   102 |          0 |      2688 | 11.53 |
|     RAMB36E2 only |  310 |       |            |           |       |
|   RAMB18          |  304 |     4 |          0 |      5376 |  5.65 |
|     RAMB18E2 only |  304 |       |            |           |       |
| URAM              |   64 |     0 |          0 |      1280 |  5.00 |
+-------------------+------+-------+------------+-----------+-------+
* Note: Each Block RAM Tile only has one FIFO logic available and therefore can accommodate only one FIFO36E2 or one FIFO18E2. However, if a FIFO18E2 occupies a Block RAM Tile, that tile can still accommodate a RAMB18E2


3. ARITHMETIC
-------------

+----------------+------+-------+------------+-----------+-------+
|    Site Type   | Used | Fixed | Prohibited | Available | Util% |
+----------------+------+-------+------------+-----------+-------+
| DSPs           | 2157 |     4 |          0 |     12288 | 17.55 |
|   DSP48E2 only | 2157 |       |            |           |       |
+----------------+------+-------+------------+-----------+-------+


4. I/O
------

+-----------------+------+-------+------------+-----------+-------+
|    Site Type    | Used | Fixed | Prohibited | Available | Util% |
+-----------------+------+-------+------------+-----------+-------+
| Bonded IOB      |  437 |   437 |          0 |       676 | 64.64 |
| HPIOB_M         |  216 |   216 |          0 |       312 | 69.23 |
|   INPUT         |    9 |       |            |           |       |
|   OUTPUT        |   45 |       |            |           |       |
|   BIDIR         |  162 |       |            |           |       |
| HPIOB_S         |  211 |   211 |          0 |       312 | 67.63 |
|   INPUT         |    8 |       |            |           |       |
|   OUTPUT        |   41 |       |            |           |       |
|   BIDIR         |  162 |       |            |           |       |
| HPIOB_SNGL      |   10 |    10 |          0 |        52 | 19.23 |
|   INPUT         |    1 |       |            |           |       |
|   OUTPUT        |    9 |       |            |           |       |
|   BIDIR         |    0 |       |            |           |       |
| HPIOBDIFFINBUF  |   58 |    58 |          0 |       384 | 15.10 |
|   DIFFINBUF     |   58 |    58 |            |           |       |
| BITSLICE_RX_TX  |  351 |   351 |          0 |      4992 |  7.03 |
|   RXTX_BITSLICE |  351 |   351 |            |           |       |
+-----------------+------+-------+------------+-----------+-------+


5. CLOCK
--------

+----------------------+------+-------+------------+-----------+-------+
|       Site Type      | Used | Fixed | Prohibited | Available | Util% |
+----------------------+------+-------+------------+-----------+-------+
| GLOBAL CLOCK BUFFERs |   67 |    33 |          0 |      1344 |  4.99 |
|   BUFGCE             |   42 |     8 |          0 |       384 | 10.94 |
|   BUFGCE_DIV         |    1 |     1 |          0 |        64 |  1.56 |
|   BUFG_GT            |   22 |    22 |          0 |       768 |  2.86 |
|   BUFGCTRL*          |    1 |     1 |          0 |       128 |  0.78 |
| PLL                  |   10 |     1 |          0 |        32 | 31.25 |
| MMCM                 |    6 |     1 |          0 |        16 | 37.50 |
+----------------------+------+-------+------------+-----------+-------+
* Note: Each used BUFGCTRL counts as two GLOBAL CLOCK BUFFERs. This table does not include global clocking resources, only buffer cell usage. See the Clock Utilization Report (report_clock_utilization) for detailed accounting of global clocking resource availability.


6. ADVANCED
-----------

+-----------------+------+-------+------------+-----------+-------+
|    Site Type    | Used | Fixed | Prohibited | Available | Util% |
+-----------------+------+-------+------------+-----------+-------+
| CMACE4          |    0 |     0 |          0 |        12 |  0.00 |
| GTYE4_CHANNEL   |   16 |    16 |          0 |        24 | 66.67 |
| GTYE4_COMMON    |    4 |     4 |          0 |         6 | 66.67 |
| ILKNE4          |    0 |     0 |          0 |         8 |  0.00 |
| OBUFDS_GTE4     |    0 |     0 |          0 |        12 |  0.00 |
| OBUFDS_GTE4_ADV |    0 |     0 |          0 |        12 |  0.00 |
| PCIE40E4        |    1 |     1 |          0 |         4 | 25.00 |
| SYSMONE4        |    0 |     0 |          0 |         4 |  0.00 |
+-----------------+------+-------+------------+-----------+-------+


7. CONFIGURATION
----------------

+-------------+------+-------+------------+-----------+-------+
|  Site Type  | Used | Fixed | Prohibited | Available | Util% |
+-------------+------+-------+------------+-----------+-------+
| BSCANE2     |    1 |     1 |          0 |        16 |  6.25 |
| DNA_PORTE2  |    0 |     0 |          0 |         4 |  0.00 |
| EFUSE_USR   |    0 |     0 |          0 |         4 |  0.00 |
| FRAME_ECCE4 |    0 |     0 |          0 |         4 |  0.00 |
| ICAPE3      |    1 |     1 |          0 |         8 | 12.50 |
| MASTER_JTAG |    0 |     0 |          0 |         4 |  0.00 |
| STARTUPE3   |    1 |     1 |          0 |         4 | 25.00 |
+-------------+------+-------+------------+-----------+-------+


8. Primitives
-------------

+------------------+--------+---------------------+
|     Ref Name     |  Used  | Functional Category |
+------------------+--------+---------------------+
| FDRE             | 590129 |            Register |
| LUT3             | 142392 |                 CLB |
| LUT4             |  74718 |                 CLB |
| LUT6             |  73282 |                 CLB |
| LUT5             |  66660 |                 CLB |
| LUT2             |  46642 |                 CLB |
| RAMD32           |  16384 |                 CLB |
| SRL16E           |  11948 |                 CLB |
| LUT1             |  11099 |                 CLB |
| CARRY8           |  11030 |                 CLB |
| SRLC32E          |   6064 |                 CLB |
| FDSE             |   4562 |            Register |
| RAMS32           |   3304 |                 CLB |
| MUXF7            |   2681 |                 CLB |
| FDCE             |   2242 |            Register |
| DSP48E2          |   2157 |          Arithmetic |
| FDPE             |    802 |            Register |
| MUXF8            |    352 |                 CLB |
| RXTX_BITSLICE    |    351 |                 I/O |
| RAMB36E2         |    310 |            BLOCKRAM |
| RAMB18E2         |    304 |            BLOCKRAM |
| IBUFCTRL         |    284 |              Others |
| INBUF            |    226 |                 I/O |
| OBUFT_DCIEN      |    216 |                 I/O |
| OBUFT            |    108 |                 I/O |
| OBUF             |     95 |                 I/O |
| RAMD64E          |     80 |                 CLB |
| TX_BITSLICE_TRI  |     69 |                 I/O |
| BITSLICE_CONTROL |     69 |                 I/O |
| URAM288          |     64 |            BLOCKRAM |
| DIFFINBUF        |     58 |                 I/O |
| INV              |     57 |                 CLB |
| BUFGCE           |     42 |               Clock |
| RIU_OR           |     36 |                 I/O |
| HPIO_VREF        |     27 |                 I/O |
| BUFG_GT          |     22 |               Clock |
| BUFG_GT_SYNC     |     17 |               Clock |
| GTYE4_CHANNEL    |     16 |            Advanced |
| PLLE4_ADV        |     10 |               Clock |
| SRLC16E          |      7 |                 CLB |
| MMCME4_ADV       |      6 |               Clock |
| GTYE4_COMMON     |      4 |            Advanced |
| AND2B1L          |      4 |              Others |
| STARTUPE3        |      1 |       Configuration |
| PCIE40E4         |      1 |            Advanced |
| ICAPE3           |      1 |       Configuration |
| IBUFDS_GTE4      |      1 |                 I/O |
| BUFGCTRL         |      1 |               Clock |
| BUFGCE_DIV       |      1 |               Clock |
| BSCANE2          |      1 |       Configuration |
+------------------+--------+---------------------+


9. Black Boxes
--------------

+--------------------+------+
|      Ref Name      | Used |
+--------------------+------+
| bd_7b93_xsdbm_0_bb |    1 |
+--------------------+------+


10. Instantiated Netlists
-------------------------

+--------------------------------------------+------+
|                  Ref Name                  | Used |
+--------------------------------------------+------+
| xsdbm                                      |    1 |
| ulp_xbar_5                                 |    1 |
| ulp_xbar_4                                 |    1 |
| ulp_xbar_3                                 |    1 |
| ulp_xbar_2                                 |    1 |
| ulp_up1_0                                  |    1 |
| ulp_ss_ucs_0                               |    1 |
| ulp_shell_cmp_subsystem_0_0                |    1 |
| ulp_s00_regslice_45                        |    1 |
| ulp_s00_regslice_44                        |    1 |
| ulp_s00_regslice_43                        |    1 |
| ulp_s00_regslice_42                        |    1 |
| ulp_s00_regslice_41                        |    1 |
| ulp_s00_regslice_40                        |    1 |
| ulp_s00_regslice_39                        |    1 |
| ulp_s00_regslice_38                        |    1 |
| ulp_memory_subsystem_0                     |    1 |
| ulp_m03_regslice_0                         |    1 |
| ulp_m02_regslice_3                         |    1 |
| ulp_m02_regslice_2                         |    1 |
| ulp_m01_regslice_5                         |    1 |
| ulp_m01_regslice_4                         |    1 |
| ulp_m01_regslice_3                         |    1 |
| ulp_m00_regslice_5                         |    1 |
| ulp_m00_regslice_4                         |    1 |
| ulp_m00_regslice_3                         |    1 |
| ulp_ip_rs_axi_data_h2c_03_0                |    1 |
| ulp_ip_rs_axi_data_c2h_00_0                |    1 |
| ulp_ip_rs_axi_ctrl_user_03_0               |    1 |
| ulp_ip_psr_aresetn_pcie_slr3_0             |    1 |
| ulp_ip_psr_aresetn_pcie_slr2_0             |    1 |
| ulp_ip_psr_aresetn_pcie_slr1_0             |    1 |
| ulp_ip_psr_aresetn_pcie_slr0_0             |    1 |
| ulp_ip_psr_aresetn_kernel_01_slr3_0        |    1 |
| ulp_ip_psr_aresetn_kernel_01_slr2_0        |    1 |
| ulp_ip_psr_aresetn_kernel_01_slr1_0        |    1 |
| ulp_ip_psr_aresetn_kernel_01_slr0_0        |    1 |
| ulp_ip_psr_aresetn_kernel_00_slr3_0        |    1 |
| ulp_ip_psr_aresetn_kernel_00_slr2_0        |    1 |
| ulp_ip_psr_aresetn_kernel_00_slr1_0        |    1 |
| ulp_ip_psr_aresetn_kernel_00_slr0_0        |    1 |
| ulp_ip_psr_aresetn_freerun_slr3_0          |    1 |
| ulp_ip_psr_aresetn_freerun_slr2_0          |    1 |
| ulp_ip_psr_aresetn_freerun_slr1_0          |    1 |
| ulp_ip_psr_aresetn_freerun_slr0_0          |    1 |
| ulp_ip_psr_aresetn_ctrl_slr3_0             |    1 |
| ulp_ip_psr_aresetn_ctrl_slr2_0             |    1 |
| ulp_ip_psr_aresetn_ctrl_slr1_0             |    1 |
| ulp_ip_psr_aresetn_ctrl_slr0_0             |    1 |
| ulp_ip_inv_aresetn_ctrl_00_0               |    1 |
| ulp_ip_gpio_debug_axi_data_h2c_01_0        |    1 |
| ulp_ip_gpio_debug_axi_ctrl_user_debug_00_0 |    1 |
| ulp_ip_gpio_debug_axi_ctrl_user_03_0       |    1 |
| ulp_ip_gpio_debug_axi_ctrl_user_02_0       |    1 |
| ulp_ip_gpio_debug_axi_ctrl_user_01_0       |    1 |
| ulp_ip_gpio_debug_axi_ctrl_user_00_0       |    1 |
| ulp_ip_gpio_debug_axi_ctrl_mgmt_01_0       |    1 |
| ulp_ip_gpio_debug_axi_ctrl_mgmt_00_0       |    1 |
| ulp_ip_cc_axi_data_h2c_03_0                |    1 |
| ulp_ip_cc_axi_data_h2c_02_0                |    1 |
| ulp_ip_cc_axi_data_h2c_01_0                |    1 |
| ulp_ip_cc_axi_data_h2c_00_0                |    1 |
| ulp_in1_0                                  |    1 |
| ulp_ii_level1_wire_0                       |    1 |
| ulp_down1_0                                |    1 |
| ulp_buffer_up1_gelu_stream_0               |    1 |
| ulp_buffer_in1_attn_mid_stream_0           |    1 |
| ulp_auto_pc_0                              |    1 |
| ulp_auto_ds_0                              |    1 |
| ulp_auto_cc_2                              |    1 |
| ulp_auto_cc_1                              |    1 |
| ulp_auto_cc_0                              |    1 |
| ulp                                        |    1 |
| level1_wrapper                             |    1 |
| level0_ii_level0_pipe_0                    |    1 |
| blp_wrapper                                |    1 |
| bd_b35e_vip_ui_rst_DDR4_MEM02_0            |    1 |
| bd_b35e_vip_ui_rst_DDR4_MEM01_0            |    1 |
| bd_b35e_vip_ui_rst_DDR4_MEM00_0            |    1 |
| bd_b35e_vip_ui_clk_DDR4_MEM02_0            |    1 |
| bd_b35e_vip_ui_clk_DDR4_MEM01_0            |    1 |
| bd_b35e_vip_ui_clk_DDR4_MEM00_0            |    1 |
| bd_b35e_vip_ctrl_DDR4_MEM02_0              |    1 |
| bd_b35e_vip_ctrl_DDR4_MEM01_0              |    1 |
| bd_b35e_vip_ctrl_DDR4_MEM00_0              |    1 |
| bd_b35e_vip_S07_AXI_0                      |    1 |
| bd_b35e_vip_S06_AXI_0                      |    1 |
| bd_b35e_vip_S05_AXI_0                      |    1 |
| bd_b35e_vip_S04_AXI_0                      |    1 |
| bd_b35e_vip_S03_AXI_0                      |    1 |
| bd_b35e_vip_S02_AXI_0                      |    1 |
| bd_b35e_vip_S00_AXI_0                      |    1 |
| bd_b35e_vip_DDR4_MEM02_0                   |    1 |
| bd_b35e_vip_DDR4_MEM01_0                   |    1 |
| bd_b35e_vip_DDR4_MEM00_0                   |    1 |
| bd_b35e_psr_ddr4_mem02_0                   |    1 |
| bd_b35e_psr_ddr4_mem01_0                   |    1 |
| bd_b35e_psr_ddr4_mem00_0                   |    1 |
| bd_b35e_psr_ctrl_interconnect_0            |    1 |
| bd_b35e_psr_aclk_SLR3_0                    |    1 |
| bd_b35e_psr_aclk_SLR2_0                    |    1 |
| bd_b35e_psr_aclk_SLR0_0                    |    1 |
| bd_b35e_psr_aclk1_SLR3_0                   |    1 |
| bd_b35e_psr_aclk1_SLR2_0                   |    1 |
| bd_b35e_psr_aclk1_SLR0_0                   |    1 |
| bd_b35e_interconnect_ddrmem_ctrl_0         |    1 |
| bd_b35e_interconnect_DDR4_MEM02_0          |    1 |
| bd_b35e_interconnect_DDR4_MEM01_0          |    1 |
| bd_b35e_interconnect_DDR4_MEM00_0          |    1 |
| bd_b35e_ddr4_mem02_ctrl_cc_0               |    1 |
| bd_b35e_ddr4_mem02_0                       |    1 |
| bd_b35e_ddr4_mem01_ctrl_cc_0               |    1 |
| bd_b35e_ddr4_mem01_0                       |    1 |
| bd_b35e_ddr4_mem00_ctrl_cc_0               |    1 |
| bd_b35e_ddr4_mem00_0                       |    1 |
| bd_b35e_calib_reduce_0                     |    1 |
| bd_7b93_lut_buffer_0                       |    1 |
| bd_53f9_bsip_0                             |    1 |
| bd_53f9_bs_switch_1_0                      |    1 |
| bd_53f9_axi_jtag_0                         |    1 |
| bd_3f43_user_debug_hub_0                   |    1 |
| bd_3f43_user_debug_bridge_0                |    1 |
| bd_3f43_build_info_0                       |    1 |
| bd_1361_xbar_1                             |    1 |
| bd_1361_xbar_0                             |    1 |
| bd_1361_psreset_kernel_01_0                |    1 |
| bd_1361_psreset_kernel_00_0                |    1 |
| bd_1361_psreset_aclk_freerun_0             |    1 |
| bd_1361_gpio_ucs_control_status_0          |    1 |
| bd_1361_gpio_gapping_demand_0              |    1 |
| bd_1361_gapping_demand_update_0            |    1 |
| bd_1361_gapping_demand_toggle_0            |    1 |
| bd_1361_frequency_counter_aclk_kernel_01_0 |    1 |
| bd_1361_frequency_counter_aclk_kernel_00_0 |    1 |
| bd_1361_frequency_counter_aclk_0           |    1 |
| bd_1361_fanout_aresetn_pcie_slr3_6_0       |    1 |
| bd_1361_fanout_aresetn_pcie_slr3_5_0       |    1 |
| bd_1361_fanout_aresetn_pcie_slr3_4_0       |    1 |
| bd_1361_fanout_aresetn_pcie_slr3_3_0       |    1 |
| bd_1361_fanout_aresetn_pcie_slr3_2_0       |    1 |
| bd_1361_fanout_aresetn_pcie_slr3_1_0       |    1 |
| bd_1361_fanout_aresetn_pcie_slr2_4_0       |    1 |
| bd_1361_fanout_aresetn_pcie_slr2_3_0       |    1 |
| bd_1361_fanout_aresetn_pcie_slr2_2_0       |    1 |
| bd_1361_fanout_aresetn_pcie_slr2_1_0       |    1 |
| bd_1361_fanout_aresetn_pcie_slr1_4_0       |    1 |
| bd_1361_fanout_aresetn_pcie_slr1_3_0       |    1 |
| bd_1361_fanout_aresetn_pcie_slr1_2_0       |    1 |
| bd_1361_fanout_aresetn_pcie_slr1_1_0       |    1 |
| bd_1361_fanout_aresetn_pcie_slr0_4_0       |    1 |
| bd_1361_fanout_aresetn_pcie_slr0_3_0       |    1 |
| bd_1361_fanout_aresetn_pcie_slr0_2_0       |    1 |
| bd_1361_fanout_aresetn_pcie_slr0_1_0       |    1 |
| bd_1361_fanout_aresetn_kernel_01_slr3_6_0  |    1 |
| bd_1361_fanout_aresetn_kernel_01_slr3_5_0  |    1 |
| bd_1361_fanout_aresetn_kernel_01_slr3_4_0  |    1 |
| bd_1361_fanout_aresetn_kernel_01_slr3_3_0  |    1 |
| bd_1361_fanout_aresetn_kernel_01_slr3_2_0  |    1 |
| bd_1361_fanout_aresetn_kernel_01_slr3_1_0  |    1 |
| bd_1361_fanout_aresetn_kernel_01_slr2_4_0  |    1 |
| bd_1361_fanout_aresetn_kernel_01_slr2_3_0  |    1 |
| bd_1361_fanout_aresetn_kernel_01_slr2_2_0  |    1 |
| bd_1361_fanout_aresetn_kernel_01_slr2_1_0  |    1 |
| bd_1361_fanout_aresetn_kernel_01_slr1_4_0  |    1 |
| bd_1361_fanout_aresetn_kernel_01_slr1_3_0  |    1 |
| bd_1361_fanout_aresetn_kernel_01_slr1_2_0  |    1 |
| bd_1361_fanout_aresetn_kernel_01_slr1_1_0  |    1 |
| bd_1361_fanout_aresetn_kernel_01_slr0_4_0  |    1 |
| bd_1361_fanout_aresetn_kernel_01_slr0_3_0  |    1 |
| bd_1361_fanout_aresetn_kernel_01_slr0_2_0  |    1 |
| bd_1361_fanout_aresetn_kernel_01_slr0_1_0  |    1 |
| bd_1361_fanout_aresetn_kernel_00_slr3_6_0  |    1 |
| bd_1361_fanout_aresetn_kernel_00_slr3_5_0  |    1 |
| bd_1361_fanout_aresetn_kernel_00_slr3_4_0  |    1 |
| bd_1361_fanout_aresetn_kernel_00_slr3_3_0  |    1 |
| bd_1361_fanout_aresetn_kernel_00_slr3_2_0  |    1 |
| bd_1361_fanout_aresetn_kernel_00_slr3_1_0  |    1 |
| bd_1361_fanout_aresetn_kernel_00_slr2_4_0  |    1 |
| bd_1361_fanout_aresetn_kernel_00_slr2_3_0  |    1 |
| bd_1361_fanout_aresetn_kernel_00_slr2_2_0  |    1 |
| bd_1361_fanout_aresetn_kernel_00_slr2_1_0  |    1 |
| bd_1361_fanout_aresetn_kernel_00_slr1_4_0  |    1 |
| bd_1361_fanout_aresetn_kernel_00_slr1_3_0  |    1 |
| bd_1361_fanout_aresetn_kernel_00_slr1_2_0  |    1 |
| bd_1361_fanout_aresetn_kernel_00_slr1_1_0  |    1 |
| bd_1361_fanout_aresetn_kernel_00_slr0_4_0  |    1 |
| bd_1361_fanout_aresetn_kernel_00_slr0_3_0  |    1 |
| bd_1361_fanout_aresetn_kernel_00_slr0_2_0  |    1 |
| bd_1361_fanout_aresetn_kernel_00_slr0_1_0  |    1 |
| bd_1361_fanout_aresetn_ctrl_slr3_6_0       |    1 |
| bd_1361_fanout_aresetn_ctrl_slr3_5_0       |    1 |
| bd_1361_fanout_aresetn_ctrl_slr3_4_0       |    1 |
| bd_1361_fanout_aresetn_ctrl_slr3_3_0       |    1 |
| bd_1361_fanout_aresetn_ctrl_slr3_2_0       |    1 |
| bd_1361_fanout_aresetn_ctrl_slr3_1_0       |    1 |
| bd_1361_fanout_aresetn_ctrl_slr2_4_0       |    1 |
| bd_1361_fanout_aresetn_ctrl_slr2_3_0       |    1 |
| bd_1361_fanout_aresetn_ctrl_slr2_2_0       |    1 |
| bd_1361_fanout_aresetn_ctrl_slr2_1_0       |    1 |
| bd_1361_fanout_aresetn_ctrl_slr1_4_0       |    1 |
| bd_1361_fanout_aresetn_ctrl_slr1_3_0       |    1 |
| bd_1361_fanout_aresetn_ctrl_slr1_2_0       |    1 |
| bd_1361_fanout_aresetn_ctrl_slr1_1_0       |    1 |
| bd_1361_fanout_aresetn_ctrl_slr0_4_0       |    1 |
| bd_1361_fanout_aresetn_ctrl_slr0_3_0       |    1 |
| bd_1361_fanout_aresetn_ctrl_slr0_2_0       |    1 |
| bd_1361_fanout_aresetn_ctrl_slr0_1_0       |    1 |
| bd_1361_clock_throttling_avg_0             |    1 |
| bd_1361_clock_throttling_aclk_kernel_01_0  |    1 |
| bd_1361_clock_throttling_aclk_kernel_00_0  |    1 |
| bd_1361_clock_shutdown_latch_0             |    1 |
| bd_1361_clkwiz_aclk_kernel_01_0            |    1 |
| bd_1361_clkwiz_aclk_kernel_00_0            |    1 |
| bd_1361_build_info_0                       |    1 |
| bd_1361_auto_cc_0                          |    1 |
| bd_1361_aclk_kernel_01_cont_adapt_0        |    1 |
| bd_1361_aclk_kernel_01_adapt_0             |    1 |
| bd_1361_aclk_kernel_00_cont_adapt_0        |    1 |
| bd_1361_aclk_kernel_00_adapt_0             |    1 |
+--------------------------------------------+------+


11. SLR Connectivity
--------------------

+----------------------------------+------+-------+-----------+-------+
|                                  | Used | Fixed | Available | Util% |
+----------------------------------+------+-------+-----------+-------+
| SLR3 <-> SLR2                    |    0 |       |     23040 |  0.00 |
|   SLR2 -> SLR3                   |    0 |       |           |  0.00 |
|     Using TX_REG only            |    0 |     0 |           |       |
|     Using RX_REG only            |    0 |     0 |           |       |
|     Using Both TX_REG and RX_REG |    0 |     0 |           |       |
|   SLR3 -> SLR2                   |    0 |       |           |  0.00 |
|     Using TX_REG only            |    0 |     0 |           |       |
|     Using RX_REG only            |    0 |     0 |           |       |
|     Using Both TX_REG and RX_REG |    0 |     0 |           |       |
| SLR2 <-> SLR1                    | 4118 |       |     23040 | 17.87 |
|   SLR1 -> SLR2                   | 2231 |       |           |  9.68 |
|     Using TX_REG only            |    0 |     0 |           |       |
|     Using RX_REG only            |    0 |     0 |           |       |
|     Using Both TX_REG and RX_REG |    0 |     0 |           |       |
|   SLR2 -> SLR1                   | 1887 |       |           |  8.19 |
|     Using TX_REG only            |    0 |     0 |           |       |
|     Using RX_REG only            |    0 |     0 |           |       |
|     Using Both TX_REG and RX_REG |    0 |     0 |           |       |
| SLR1 <-> SLR0                    | 1511 |       |     23040 |  6.56 |
|   SLR0 -> SLR1                   |  612 |       |           |  2.66 |
|     Using TX_REG only            |    0 |     0 |           |       |
|     Using RX_REG only            |    0 |     0 |           |       |
|     Using Both TX_REG and RX_REG |    0 |     0 |           |       |
|   SLR1 -> SLR0                   |  899 |       |           |  3.90 |
|     Using TX_REG only            |    0 |     0 |           |       |
|     Using RX_REG only            |    0 |     0 |           |       |
|     Using Both TX_REG and RX_REG |    0 |     0 |           |       |
+----------------------------------+------+-------+-----------+-------+
| Total SLLs Used                  | 5629 |       |           |       |
+----------------------------------+------+-------+-----------+-------+


12. SLR Connectivity Matrix
---------------------------

+-----------+------+------+------+------+
| FROM \ TO | SLR3 | SLR2 | SLR1 | SLR0 |
+-----------+------+------+------+------+
| SLR3      |    0 |    0 |    0 |    0 |
| SLR2      |    0 |    0 | 1887 |    0 |
| SLR1      |    0 | 2231 |    0 |  899 |
| SLR0      |    0 |    0 |  612 |    0 |
+-----------+------+------+------+------+


13. SLR CLB Logic and Dedicated Block Utilization
-------------------------------------------------

+----------------------------+------+-------+------+------+--------+--------+--------+--------+
|          Site Type         | SLR0 |  SLR1 | SLR2 | SLR3 | SLR0 % | SLR1 % | SLR2 % | SLR3 % |
+----------------------------+------+-------+------+------+--------+--------+--------+--------+
| CLB                        |    0 |     0 |    0 |    0 |   0.00 |   0.00 |   0.00 |   0.00 |
|   CLBL                     |   93 |  7335 |  258 |    0 |   0.32 |  25.05 |   0.88 |   0.00 |
|   CLBM                     |    0 |   579 |    0 |    0 |   0.00 |   2.34 |   0.00 |   0.00 |
| CLB LUTs                   |  740 | 63300 | 2064 |    0 |   0.17 |  14.65 |   0.48 |   0.00 |
|   LUT as Logic             |  740 | 58673 | 2064 |    0 |   0.17 |  13.58 |   0.48 |   0.00 |
|   LUT as Memory            |    0 |  4627 |    0 |    0 |   0.00 |   2.34 |   0.00 |   0.00 |
|     LUT as Distributed RAM |    0 |   884 |    0 |    0 |   0.00 |   0.45 |   0.00 |   0.00 |
|     LUT as Shift Register  |    0 |  3743 |    0 |    0 |   0.00 |   1.89 |   0.00 |   0.00 |
| CLB Registers              | 2878 | 88273 | 8008 |    0 |   0.33 |  10.22 |   0.93 |   0.00 |
| CARRY8                     |    0 |   367 |    0 |    0 |   0.00 |   0.68 |   0.00 |   0.00 |
| F7 Muxes                   |    0 |   705 |    0 |    0 |   0.00 |   0.33 |   0.00 |   0.00 |
| F8 Muxes                   |    0 |   261 |    0 |    0 |   0.00 |   0.24 |   0.00 |   0.00 |
| F9 Muxes                   |    0 |     0 |    0 |    0 |   0.00 |   0.00 |   0.00 |   0.00 |
| Block RAM Tile             |    0 |   104 |    0 |    0 |   0.00 |  15.48 |   0.00 |   0.00 |
|   RAMB36/FIFO              |    0 |   102 |    0 |    0 |   0.00 |  15.18 |   0.00 |   0.00 |
|   RAMB18                   |    0 |     4 |    0 |    0 |   0.00 |   0.30 |   0.00 |   0.00 |
| URAM                       |    0 |     0 |    0 |    0 |   0.00 |   0.00 |   0.00 |   0.00 |
| DSPs                       |    0 |     4 |    0 |    0 |   0.00 |   0.13 |   0.00 |   0.00 |
| Unique Control Sets        |   35 |  2556 |   79 |    0 |   0.03 |   2.37 |   0.07 |   0.00 |
+----------------------------+------+-------+------+------+--------+--------+--------+--------+
* Note: Available Control Sets based on CLB Registers / 8


14. SLR IO Utilization
----------------------

+-----------+-----------+---------+------------+----------+------------+----------+-----+
| SLR Index | Used IOBs | (%)IOBs | Used IPADs | (%)IPADs | Used OPADs | (%)OPADs | GTs |
+-----------+-----------+---------+------------+----------+------------+----------+-----+
| SLR3      |       139 |   89.10 |          0 |     0.00 |          0 |     0.00 |   0 |
| SLR2      |       139 |   89.10 |          0 |     0.00 |          0 |     0.00 |   0 |
| SLR1      |        20 |    9.62 |          0 |     0.00 |          0 |     0.00 |  16 |
| SLR0      |       139 |   89.10 |          0 |     0.00 |          0 |     0.00 |   0 |
+-----------+-----------+---------+------------+----------+------------+----------+-----+
| Total     |       437 |         |          0 |          |          0 |          |  16 |
+-----------+-----------+---------+------------+----------+------------+----------+-----+


