

================================================================
== Vitis HLS Report for 'attention_group_Pipeline_EXP_KEY'
================================================================
* Date:           Wed Jul 15 12:01:16 2026

* Version:        2022.1 (Build 3526262 on Mon Apr 18 15:47:01 MDT 2022)
* Project:        proj_bert_attn_core_12layer_kernel
* Solution:       solution1 (Vivado IP Flow Target)
* Product family: virtexuplus
* Target device:  xcu250-figd2104-2L-e


================================================================
== Performance Estimates
================================================================
+ Timing: 
    * Summary: 
    +--------+---------+----------+------------+
    |  Clock |  Target | Estimated| Uncertainty|
    +--------+---------+----------+------------+
    |ap_clk  |  3.33 ns|  2.729 ns|     0.90 ns|
    +--------+---------+----------+------------+

+ Latency: 
    * Summary: 
    +---------+---------+----------+----------+-----+-----+---------+
    |  Latency (cycles) |  Latency (absolute) |  Interval | Pipeline|
    |   min   |   max   |    min   |    max   | min | max |   Type  |
    +---------+---------+----------+----------+-----+-----+---------+
    |       33|      160|  0.110 us|  0.533 us|   33|  160|       no|
    +---------+---------+----------+----------+-----+-----+---------+

    + Detail: 
        * Instance: 
        +-------------------------------------+--------------------------+---------+---------+-----------+-----------+-----+-----+---------+
        |                                     |                          |  Latency (cycles) |   Latency (absolute)  |  Interval | Pipeline|
        |               Instance              |          Module          |   min   |   max   |    min    |    max    | min | max |   Type  |
        +-------------------------------------+--------------------------+---------+---------+-----------+-----------+-----+-----+---------+
        |grp_core_last_sum_accumulate_fu_320  |core_last_sum_accumulate  |        7|        7|  23.331 ns|  23.331 ns|    1|    1|      yes|
        +-------------------------------------+--------------------------+---------+---------+-----------+-----------+-----+-----+---------+

        * Loop: 
        +-----------+---------+---------+----------+-----------+-----------+---------+----------+
        |           |  Latency (cycles) | Iteration|  Initiation Interval  |   Trip  |          |
        | Loop Name |   min   |   max   |  Latency |  achieved |   target  |  Count  | Pipelined|
        +-----------+---------+---------+----------+-----------+-----------+---------+----------+
        |- EXP_KEY  |       31|      158|        32|          1|          1|  1 ~ 128|       yes|
        +-----------+---------+---------+----------+-----------+-----------+---------+----------+



================================================================
== Utilization Estimates
================================================================
* Summary: 
+---------------------+---------+-------+---------+---------+------+
|         Name        | BRAM_18K|  DSP  |    FF   |   LUT   | URAM |
+---------------------+---------+-------+---------+---------+------+
|DSP                  |        -|      -|        -|        -|     -|
|Expression           |        -|      -|        0|       37|     -|
|FIFO                 |        -|      -|        -|        -|     -|
|Instance             |        -|      -|        -|        -|     -|
|Memory               |        -|      -|        -|        -|     -|
|Multiplexer          |        -|      -|        -|      306|     -|
|Register             |        -|      -|     1526|      256|     -|
+---------------------+---------+-------+---------+---------+------+
|Total                |        0|      0|     1526|      599|     0|
+---------------------+---------+-------+---------+---------+------+
|Available SLR        |     1344|   3072|   864000|   432000|   320|
+---------------------+---------+-------+---------+---------+------+
|Utilization SLR (%)  |        0|      0|       ~0|       ~0|     0|
+---------------------+---------+-------+---------+---------+------+
|Available            |     5376|  12288|  3456000|  1728000|  1280|
+---------------------+---------+-------+---------+---------+------+
|Utilization (%)      |        0|      0|       ~0|       ~0|     0|
+---------------------+---------+-------+---------+---------+------+

+ Detail: 
    * Instance: 
    N/A

    * DSP: 
    N/A

    * Memory: 
    N/A

    * FIFO: 
    N/A

    * Expression: 
    +----------------------+----------+----+---+----+------------+------------+
    |     Variable Name    | Operation| DSP| FF| LUT| Bitwidth P0| Bitwidth P1|
    +----------------------+----------+----+---+----+------------+------------+
    |add_ln202_fu_446_p2   |         +|   0|  0|  15|           8|           1|
    |icmp_ln202_fu_440_p2  |      icmp|   0|  0|  20|          32|          32|
    |ap_enable_pp0         |       xor|   0|  0|   2|           1|           2|
    +----------------------+----------+----+---+----+------------+------------+
    |Total                 |          |   0|  0|  37|          41|          35|
    +----------------------+----------+----+---+----+------------+------------+

    * Multiplexer: 
    +---------------------------------------+----+-----------+-----+-----------+
    |                  Name                 | LUT| Input Size| Bits| Total Bits|
    +---------------------------------------+----+-----------+-----+-----------+
    |ap_done_int                            |   9|          2|    1|          2|
    |ap_enable_reg_pp0_iter31               |   9|          2|    1|          2|
    |ap_sig_allocacmp_n                     |   9|          2|    8|         16|
    |ap_sig_allocacmp_sum_acc0_b0_load      |   9|          2|   32|         64|
    |ap_sig_allocacmp_sum_acc0_b1           |   9|          2|   32|         64|
    |ap_sig_allocacmp_sum_acc0_b1_3_load_1  |   9|          2|   32|         64|
    |ap_sig_allocacmp_sum_acc0_b3           |   9|          2|   32|         64|
    |ap_sig_allocacmp_sum_acc0_b3_3_load_1  |   9|          2|   32|         64|
    |ap_sig_allocacmp_sum_acc0_b5_3_load_1  |   9|          2|   32|         64|
    |ap_sig_allocacmp_sum_acc1_b0_load_2    |   9|          2|   32|         64|
    |ap_sig_allocacmp_sum_acc1_b1           |   9|          2|   32|         64|
    |ap_sig_allocacmp_sum_acc1_b1_3_load_1  |   9|          2|   32|         64|
    |ap_sig_allocacmp_sum_acc1_b3           |   9|          2|   32|         64|
    |ap_sig_allocacmp_sum_acc1_b3_3_load_1  |   9|          2|   32|         64|
    |ap_sig_allocacmp_sum_acc1_b5           |   9|          2|   32|         64|
    |ap_sig_allocacmp_sum_acc1_b5_3_load_1  |   9|          2|   32|         64|
    |ap_sig_allocacmp_sum_acc1_b7_2         |   9|          2|   32|         64|
    |n_1_fu_120                             |   9|          2|    8|         16|
    |sum_acc0_b0_3_fu_152                   |   9|          2|   32|         64|
    |sum_acc0_b0_fu_116                     |   9|          2|   32|         64|
    |sum_acc0_b1_3_fu_112                   |   9|          2|   32|         64|
    |sum_acc0_b2_fu_148                     |   9|          2|   32|         64|
    |sum_acc0_b3_3_fu_108                   |   9|          2|   32|         64|
    |sum_acc0_b4_fu_144                     |   9|          2|   32|         64|
    |sum_acc0_b5_3_fu_104                   |   9|          2|   32|         64|
    |sum_acc0_b6_fu_140                     |   9|          2|   32|         64|
    |sum_acc1_b0_3_fu_136                   |   9|          2|   32|         64|
    |sum_acc1_b0_fu_100                     |   9|          2|   32|         64|
    |sum_acc1_b1_3_fu_96                    |   9|          2|   32|         64|
    |sum_acc1_b2_fu_132                     |   9|          2|   32|         64|
    |sum_acc1_b3_3_fu_92                    |   9|          2|   32|         64|
    |sum_acc1_b4_fu_128                     |   9|          2|   32|         64|
    |sum_acc1_b5_3_fu_88                    |   9|          2|   32|         64|
    |sum_acc1_b6_fu_124                     |   9|          2|   32|         64|
    +---------------------------------------+----+-----------+-----+-----------+
    |Total                                  | 306|         68|  978|       1956|
    +---------------------------------------+----+-----------+-----+-----------+

    * Register: 
    +------------------------------------+----+----+-----+-----------+
    |                Name                | FF | LUT| Bits| Const Bits|
    +------------------------------------+----+----+-----+-----------+
    |ap_CS_fsm                           |   1|   0|    1|          0|
    |ap_done_reg                         |   1|   0|    1|          0|
    |ap_enable_reg_pp0_iter1             |   1|   0|    1|          0|
    |ap_enable_reg_pp0_iter10            |   1|   0|    1|          0|
    |ap_enable_reg_pp0_iter11            |   1|   0|    1|          0|
    |ap_enable_reg_pp0_iter12            |   1|   0|    1|          0|
    |ap_enable_reg_pp0_iter13            |   1|   0|    1|          0|
    |ap_enable_reg_pp0_iter14            |   1|   0|    1|          0|
    |ap_enable_reg_pp0_iter15            |   1|   0|    1|          0|
    |ap_enable_reg_pp0_iter16            |   1|   0|    1|          0|
    |ap_enable_reg_pp0_iter17            |   1|   0|    1|          0|
    |ap_enable_reg_pp0_iter18            |   1|   0|    1|          0|
    |ap_enable_reg_pp0_iter19            |   1|   0|    1|          0|
    |ap_enable_reg_pp0_iter2             |   1|   0|    1|          0|
    |ap_enable_reg_pp0_iter20            |   1|   0|    1|          0|
    |ap_enable_reg_pp0_iter21            |   1|   0|    1|          0|
    |ap_enable_reg_pp0_iter22            |   1|   0|    1|          0|
    |ap_enable_reg_pp0_iter23            |   1|   0|    1|          0|
    |ap_enable_reg_pp0_iter24            |   1|   0|    1|          0|
    |ap_enable_reg_pp0_iter25            |   1|   0|    1|          0|
    |ap_enable_reg_pp0_iter26            |   1|   0|    1|          0|
    |ap_enable_reg_pp0_iter27            |   1|   0|    1|          0|
    |ap_enable_reg_pp0_iter28            |   1|   0|    1|          0|
    |ap_enable_reg_pp0_iter29            |   1|   0|    1|          0|
    |ap_enable_reg_pp0_iter3             |   1|   0|    1|          0|
    |ap_enable_reg_pp0_iter30            |   1|   0|    1|          0|
    |ap_enable_reg_pp0_iter31            |   1|   0|    1|          0|
    |ap_enable_reg_pp0_iter4             |   1|   0|    1|          0|
    |ap_enable_reg_pp0_iter5             |   1|   0|    1|          0|
    |ap_enable_reg_pp0_iter6             |   1|   0|    1|          0|
    |ap_enable_reg_pp0_iter7             |   1|   0|    1|          0|
    |ap_enable_reg_pp0_iter8             |   1|   0|    1|          0|
    |ap_enable_reg_pp0_iter9             |   1|   0|    1|          0|
    |ap_loop_exit_ready_pp0_iter10_reg   |   1|   0|    1|          0|
    |ap_loop_exit_ready_pp0_iter11_reg   |   1|   0|    1|          0|
    |ap_loop_exit_ready_pp0_iter12_reg   |   1|   0|    1|          0|
    |ap_loop_exit_ready_pp0_iter13_reg   |   1|   0|    1|          0|
    |ap_loop_exit_ready_pp0_iter14_reg   |   1|   0|    1|          0|
    |ap_loop_exit_ready_pp0_iter15_reg   |   1|   0|    1|          0|
    |ap_loop_exit_ready_pp0_iter16_reg   |   1|   0|    1|          0|
    |ap_loop_exit_ready_pp0_iter17_reg   |   1|   0|    1|          0|
    |ap_loop_exit_ready_pp0_iter18_reg   |   1|   0|    1|          0|
    |ap_loop_exit_ready_pp0_iter19_reg   |   1|   0|    1|          0|
    |ap_loop_exit_ready_pp0_iter1_reg    |   1|   0|    1|          0|
    |ap_loop_exit_ready_pp0_iter20_reg   |   1|   0|    1|          0|
    |ap_loop_exit_ready_pp0_iter21_reg   |   1|   0|    1|          0|
    |ap_loop_exit_ready_pp0_iter22_reg   |   1|   0|    1|          0|
    |ap_loop_exit_ready_pp0_iter23_reg   |   1|   0|    1|          0|
    |ap_loop_exit_ready_pp0_iter24_reg   |   1|   0|    1|          0|
    |ap_loop_exit_ready_pp0_iter25_reg   |   1|   0|    1|          0|
    |ap_loop_exit_ready_pp0_iter26_reg   |   1|   0|    1|          0|
    |ap_loop_exit_ready_pp0_iter27_reg   |   1|   0|    1|          0|
    |ap_loop_exit_ready_pp0_iter28_reg   |   1|   0|    1|          0|
    |ap_loop_exit_ready_pp0_iter29_reg   |   1|   0|    1|          0|
    |ap_loop_exit_ready_pp0_iter2_reg    |   1|   0|    1|          0|
    |ap_loop_exit_ready_pp0_iter30_reg   |   1|   0|    1|          0|
    |ap_loop_exit_ready_pp0_iter3_reg    |   1|   0|    1|          0|
    |ap_loop_exit_ready_pp0_iter4_reg    |   1|   0|    1|          0|
    |ap_loop_exit_ready_pp0_iter5_reg    |   1|   0|    1|          0|
    |ap_loop_exit_ready_pp0_iter6_reg    |   1|   0|    1|          0|
    |ap_loop_exit_ready_pp0_iter7_reg    |   1|   0|    1|          0|
    |ap_loop_exit_ready_pp0_iter8_reg    |   1|   0|    1|          0|
    |ap_loop_exit_ready_pp0_iter9_reg    |   1|   0|    1|          0|
    |e0_reg_800                          |  32|   0|   32|          0|
    |e1_reg_806                          |  32|   0|   32|          0|
    |icmp_ln202_reg_764                  |   1|   0|    1|          0|
    |n_1_fu_120                          |   8|   0|    8|          0|
    |probability0_addr_reg_768           |   7|   0|    7|          0|
    |probability0_load_reg_780           |  32|   0|   32|          0|
    |probability1_addr_reg_774           |   7|   0|    7|          0|
    |probability1_load_reg_785           |  32|   0|   32|          0|
    |sum_acc0_b0_3_fu_152                |  32|   0|   32|          0|
    |sum_acc0_b0_fu_116                  |  32|   0|   32|          0|
    |sum_acc0_b1_3_fu_112                |  32|   0|   32|          0|
    |sum_acc0_b1_reg_827                 |  32|   0|   32|          0|
    |sum_acc0_b2_fu_148                  |  32|   0|   32|          0|
    |sum_acc0_b3_3_fu_108                |  32|   0|   32|          0|
    |sum_acc0_b3_reg_837                 |  32|   0|   32|          0|
    |sum_acc0_b4_fu_144                  |  32|   0|   32|          0|
    |sum_acc0_b5_3_fu_104                |  32|   0|   32|          0|
    |sum_acc0_b5_reg_847                 |  32|   0|   32|          0|
    |sum_acc0_b6_fu_140                  |  32|   0|   32|          0|
    |sum_acc1_b0_3_fu_136                |  32|   0|   32|          0|
    |sum_acc1_b0_fu_100                  |  32|   0|   32|          0|
    |sum_acc1_b1_3_fu_96                 |  32|   0|   32|          0|
    |sum_acc1_b1_reg_817                 |  32|   0|   32|          0|
    |sum_acc1_b2_fu_132                  |  32|   0|   32|          0|
    |sum_acc1_b3_3_fu_92                 |  32|   0|   32|          0|
    |sum_acc1_b3_reg_832                 |  32|   0|   32|          0|
    |sum_acc1_b4_fu_128                  |  32|   0|   32|          0|
    |sum_acc1_b5_3_fu_88                 |  32|   0|   32|          0|
    |sum_acc1_b5_reg_842                 |  32|   0|   32|          0|
    |sum_acc1_b5_reg_842_pp0_iter29_reg  |  32|   0|   32|          0|
    |sum_acc1_b6_fu_124                  |  32|   0|   32|          0|
    |x_assign_1_reg_795                  |  32|   0|   32|          0|
    |x_assign_reg_790                    |  32|   0|   32|          0|
    |e0_reg_800                          |  64|  32|   32|          0|
    |icmp_ln202_reg_764                  |  64|  32|    1|          0|
    |probability0_addr_reg_768           |  64|  32|    7|          0|
    |probability1_addr_reg_774           |  64|  32|    7|          0|
    |sum_acc0_b1_reg_827                 |  64|  32|   32|          0|
    |sum_acc0_b3_reg_837                 |  64|  32|   32|          0|
    |sum_acc1_b1_reg_817                 |  64|  32|   32|          0|
    |sum_acc1_b3_reg_832                 |  64|  32|   32|          0|
    +------------------------------------+----+----+-----+-----------+
    |Total                               |1526| 256| 1189|          0|
    +------------------------------------+----+----+-----+-----------+



================================================================
== Interface
================================================================
* Summary: 
+----------------------------------------------+-----+-----+------------+----------------------------------+--------------+
|                   RTL Ports                  | Dir | Bits|  Protocol  |           Source Object          |    C Type    |
+----------------------------------------------+-----+-----+------------+----------------------------------+--------------+
|ap_clk                                        |   in|    1|  ap_ctrl_hs|  attention_group_Pipeline_EXP_KEY|  return value|
|ap_rst                                        |   in|    1|  ap_ctrl_hs|  attention_group_Pipeline_EXP_KEY|  return value|
|ap_start                                      |   in|    1|  ap_ctrl_hs|  attention_group_Pipeline_EXP_KEY|  return value|
|ap_done                                       |  out|    1|  ap_ctrl_hs|  attention_group_Pipeline_EXP_KEY|  return value|
|ap_idle                                       |  out|    1|  ap_ctrl_hs|  attention_group_Pipeline_EXP_KEY|  return value|
|ap_ready                                      |  out|    1|  ap_ctrl_hs|  attention_group_Pipeline_EXP_KEY|  return value|
|grp_core_last_sum_accumulate_fu_9560_p_din1   |  out|   32|  ap_ctrl_hs|  attention_group_Pipeline_EXP_KEY|  return value|
|grp_core_last_sum_accumulate_fu_9560_p_din2   |  out|   32|  ap_ctrl_hs|  attention_group_Pipeline_EXP_KEY|  return value|
|grp_core_last_sum_accumulate_fu_9560_p_dout0  |   in|   32|  ap_ctrl_hs|  attention_group_Pipeline_EXP_KEY|  return value|
|grp_fu_3545_p_din0                            |  out|   32|  ap_ctrl_hs|  attention_group_Pipeline_EXP_KEY|  return value|
|grp_fu_3545_p_din1                            |  out|   32|  ap_ctrl_hs|  attention_group_Pipeline_EXP_KEY|  return value|
|grp_fu_3545_p_opcode                          |  out|    1|  ap_ctrl_hs|  attention_group_Pipeline_EXP_KEY|  return value|
|grp_fu_3545_p_dout0                           |   in|   32|  ap_ctrl_hs|  attention_group_Pipeline_EXP_KEY|  return value|
|grp_fu_3545_p_ce                              |  out|    1|  ap_ctrl_hs|  attention_group_Pipeline_EXP_KEY|  return value|
|grp_fu_3549_p_din0                            |  out|   32|  ap_ctrl_hs|  attention_group_Pipeline_EXP_KEY|  return value|
|grp_fu_3549_p_din1                            |  out|   32|  ap_ctrl_hs|  attention_group_Pipeline_EXP_KEY|  return value|
|grp_fu_3549_p_opcode                          |  out|    1|  ap_ctrl_hs|  attention_group_Pipeline_EXP_KEY|  return value|
|grp_fu_3549_p_dout0                           |   in|   32|  ap_ctrl_hs|  attention_group_Pipeline_EXP_KEY|  return value|
|grp_fu_3549_p_ce                              |  out|    1|  ap_ctrl_hs|  attention_group_Pipeline_EXP_KEY|  return value|
|grp_fu_3553_p_din0                            |  out|   32|  ap_ctrl_hs|  attention_group_Pipeline_EXP_KEY|  return value|
|grp_fu_3553_p_din1                            |  out|   32|  ap_ctrl_hs|  attention_group_Pipeline_EXP_KEY|  return value|
|grp_fu_3553_p_opcode                          |  out|    2|  ap_ctrl_hs|  attention_group_Pipeline_EXP_KEY|  return value|
|grp_fu_3553_p_dout0                           |   in|   32|  ap_ctrl_hs|  attention_group_Pipeline_EXP_KEY|  return value|
|grp_fu_3553_p_ce                              |  out|    1|  ap_ctrl_hs|  attention_group_Pipeline_EXP_KEY|  return value|
|grp_fu_9565_p_din0                            |  out|   32|  ap_ctrl_hs|  attention_group_Pipeline_EXP_KEY|  return value|
|grp_fu_9565_p_din1                            |  out|   32|  ap_ctrl_hs|  attention_group_Pipeline_EXP_KEY|  return value|
|grp_fu_9565_p_dout0                           |   in|   32|  ap_ctrl_hs|  attention_group_Pipeline_EXP_KEY|  return value|
|grp_fu_9565_p_ce                              |  out|    1|  ap_ctrl_hs|  attention_group_Pipeline_EXP_KEY|  return value|
|grp_fu_9569_p_din0                            |  out|   32|  ap_ctrl_hs|  attention_group_Pipeline_EXP_KEY|  return value|
|grp_fu_9569_p_din1                            |  out|   32|  ap_ctrl_hs|  attention_group_Pipeline_EXP_KEY|  return value|
|grp_fu_9569_p_dout0                           |   in|   32|  ap_ctrl_hs|  attention_group_Pipeline_EXP_KEY|  return value|
|grp_fu_9569_p_ce                              |  out|    1|  ap_ctrl_hs|  attention_group_Pipeline_EXP_KEY|  return value|
|active_count                                  |   in|   32|     ap_none|                      active_count|        scalar|
|probability0_address0                         |  out|    7|   ap_memory|                      probability0|         array|
|probability0_ce0                              |  out|    1|   ap_memory|                      probability0|         array|
|probability0_q0                               |   in|   32|   ap_memory|                      probability0|         array|
|probability0_address1                         |  out|    7|   ap_memory|                      probability0|         array|
|probability0_ce1                              |  out|    1|   ap_memory|                      probability0|         array|
|probability0_we1                              |  out|    1|   ap_memory|                      probability0|         array|
|probability0_d1                               |  out|   32|   ap_memory|                      probability0|         array|
|row_max0_reload                               |   in|   32|     ap_none|                   row_max0_reload|        scalar|
|probability1_address0                         |  out|    7|   ap_memory|                      probability1|         array|
|probability1_ce0                              |  out|    1|   ap_memory|                      probability1|         array|
|probability1_q0                               |   in|   32|   ap_memory|                      probability1|         array|
|probability1_address1                         |  out|    7|   ap_memory|                      probability1|         array|
|probability1_ce1                              |  out|    1|   ap_memory|                      probability1|         array|
|probability1_we1                              |  out|    1|   ap_memory|                      probability1|         array|
|probability1_d1                               |  out|   32|   ap_memory|                      probability1|         array|
|row_max1_reload                               |   in|   32|     ap_none|                   row_max1_reload|        scalar|
|sum_acc0_b0_out                               |  out|   32|      ap_vld|                   sum_acc0_b0_out|       pointer|
|sum_acc0_b0_out_ap_vld                        |  out|    1|      ap_vld|                   sum_acc0_b0_out|       pointer|
|sum_acc0_b1_out                               |  out|   32|      ap_vld|                   sum_acc0_b1_out|       pointer|
|sum_acc0_b1_out_ap_vld                        |  out|    1|      ap_vld|                   sum_acc0_b1_out|       pointer|
|sum_acc0_b2_out                               |  out|   32|      ap_vld|                   sum_acc0_b2_out|       pointer|
|sum_acc0_b2_out_ap_vld                        |  out|    1|      ap_vld|                   sum_acc0_b2_out|       pointer|
|sum_acc0_b3_out                               |  out|   32|      ap_vld|                   sum_acc0_b3_out|       pointer|
|sum_acc0_b3_out_ap_vld                        |  out|    1|      ap_vld|                   sum_acc0_b3_out|       pointer|
|sum_acc0_b4_out                               |  out|   32|      ap_vld|                   sum_acc0_b4_out|       pointer|
|sum_acc0_b4_out_ap_vld                        |  out|    1|      ap_vld|                   sum_acc0_b4_out|       pointer|
|sum_acc0_b5_out                               |  out|   32|      ap_vld|                   sum_acc0_b5_out|       pointer|
|sum_acc0_b5_out_ap_vld                        |  out|    1|      ap_vld|                   sum_acc0_b5_out|       pointer|
|sum_acc0_b6_out                               |  out|   32|      ap_vld|                   sum_acc0_b6_out|       pointer|
|sum_acc0_b6_out_ap_vld                        |  out|    1|      ap_vld|                   sum_acc0_b6_out|       pointer|
|sum_acc0_b7_3_out                             |  out|   32|      ap_vld|                 sum_acc0_b7_3_out|       pointer|
|sum_acc0_b7_3_out_ap_vld                      |  out|    1|      ap_vld|                 sum_acc0_b7_3_out|       pointer|
|sum_acc1_b0_out                               |  out|   32|      ap_vld|                   sum_acc1_b0_out|       pointer|
|sum_acc1_b0_out_ap_vld                        |  out|    1|      ap_vld|                   sum_acc1_b0_out|       pointer|
|sum_acc1_b1_out                               |  out|   32|      ap_vld|                   sum_acc1_b1_out|       pointer|
|sum_acc1_b1_out_ap_vld                        |  out|    1|      ap_vld|                   sum_acc1_b1_out|       pointer|
|sum_acc1_b2_out                               |  out|   32|      ap_vld|                   sum_acc1_b2_out|       pointer|
|sum_acc1_b2_out_ap_vld                        |  out|    1|      ap_vld|                   sum_acc1_b2_out|       pointer|
|sum_acc1_b3_out                               |  out|   32|      ap_vld|                   sum_acc1_b3_out|       pointer|
|sum_acc1_b3_out_ap_vld                        |  out|    1|      ap_vld|                   sum_acc1_b3_out|       pointer|
|sum_acc1_b4_out                               |  out|   32|      ap_vld|                   sum_acc1_b4_out|       pointer|
|sum_acc1_b4_out_ap_vld                        |  out|    1|      ap_vld|                   sum_acc1_b4_out|       pointer|
|sum_acc1_b5_out                               |  out|   32|      ap_vld|                   sum_acc1_b5_out|       pointer|
|sum_acc1_b5_out_ap_vld                        |  out|    1|      ap_vld|                   sum_acc1_b5_out|       pointer|
|sum_acc1_b6_out                               |  out|   32|      ap_vld|                   sum_acc1_b6_out|       pointer|
|sum_acc1_b6_out_ap_vld                        |  out|    1|      ap_vld|                   sum_acc1_b6_out|       pointer|
|sum_acc1_b7_3_out                             |  out|   32|      ap_vld|                 sum_acc1_b7_3_out|       pointer|
|sum_acc1_b7_3_out_ap_vld                      |  out|    1|      ap_vld|                 sum_acc1_b7_3_out|       pointer|
+----------------------------------------------+-----+-----+------------+----------------------------------+--------------+

