

================================================================
== Vitis HLS Report for 'bert_attn_core_12layer_kernel_Pipeline_FULL_CORE_LOAD_MASK'
================================================================
* Date:           Wed Jul 15 12:01:14 2026

* Version:        2022.1 (Build 3526262 on Mon Apr 18 15:47:01 MDT 2022)
* Project:        proj_bert_attn_core_12layer_kernel
* Solution:       solution1 (Vivado IP Flow Target)
* Product family: virtexuplus
* Target device:  xcu250-figd2104-2L-e


================================================================
== Performance Estimates
================================================================
+ Timing: 
    * Summary: 
    +--------+---------+----------+------------+
    |  Clock |  Target | Estimated| Uncertainty|
    +--------+---------+----------+------------+
    |ap_clk  |  3.33 ns|  2.433 ns|     0.90 ns|
    +--------+---------+----------+------------+

+ Latency: 
    * Summary: 
    +---------+---------+----------+----------+-----+-----+---------+
    |  Latency (cycles) |  Latency (absolute) |  Interval | Pipeline|
    |   min   |   max   |    min   |    max   | min | max |   Type  |
    +---------+---------+----------+----------+-----+-----+---------+
    |      131|      131|  0.437 us|  0.437 us|  131|  131|       no|
    +---------+---------+----------+----------+-----+-----+---------+

    + Detail: 
        * Instance: 
        N/A

        * Loop: 
        +-----------------------+---------+---------+----------+-----------+-----------+------+----------+
        |                       |  Latency (cycles) | Iteration|  Initiation Interval  | Trip |          |
        |       Loop Name       |   min   |   max   |  Latency |  achieved |   target  | Count| Pipelined|
        +-----------------------+---------+---------+----------+-----------+-----------+------+----------+
        |- FULL_CORE_LOAD_MASK  |      129|      129|         3|          1|          1|   128|       yes|
        +-----------------------+---------+---------+----------+-----------+-----------+------+----------+



================================================================
== Utilization Estimates
================================================================
* Summary: 
+---------------------+---------+-------+---------+---------+------+
|         Name        | BRAM_18K|  DSP  |    FF   |   LUT   | URAM |
+---------------------+---------+-------+---------+---------+------+
|DSP                  |        -|      -|        -|        -|     -|
|Expression           |        -|      -|        0|       91|     -|
|FIFO                 |        -|      -|        -|        -|     -|
|Instance             |        -|      -|        -|        -|     -|
|Memory               |        -|      -|        -|        -|     -|
|Multiplexer          |        -|      -|        -|       54|     -|
|Register             |        -|      -|       94|        -|     -|
+---------------------+---------+-------+---------+---------+------+
|Total                |        0|      0|       94|      145|     0|
+---------------------+---------+-------+---------+---------+------+
|Available SLR        |     1344|   3072|   864000|   432000|   320|
+---------------------+---------+-------+---------+---------+------+
|Utilization SLR (%)  |        0|      0|       ~0|       ~0|     0|
+---------------------+---------+-------+---------+---------+------+
|Available            |     5376|  12288|  3456000|  1728000|  1280|
+---------------------+---------+-------+---------+---------+------+
|Utilization (%)      |        0|      0|       ~0|       ~0|     0|
+---------------------+---------+-------+---------+---------+------+

+ Detail: 
    * Instance: 
    N/A

    * DSP: 
    N/A

    * Memory: 
    N/A

    * FIFO: 
    N/A

    * Expression: 
    +----------------------------------+----------+----+---+----+------------+------------+
    |           Variable Name          | Operation| DSP| FF| LUT| Bitwidth P0| Bitwidth P1|
    +----------------------------------+----------+----+---+----+------------+------------+
    |active_count_1_fu_162_p2          |         +|   0|  0|  39|          32|           1|
    |add_ln400_fu_128_p2               |         +|   0|  0|  15|           8|           1|
    |ap_block_pp0_stage0_01001         |       and|   0|  0|   2|           1|           1|
    |ap_block_state2_pp0_stage0_iter1  |       and|   0|  0|   2|           1|           1|
    |icmp_ln400_fu_122_p2              |      icmp|   0|  0|  11|           8|           9|
    |icmp_ln402_fu_145_p2              |      icmp|   0|  0|  20|          32|           1|
    |ap_enable_pp0                     |       xor|   0|  0|   2|           1|           2|
    +----------------------------------+----------+----+---+----+------------+------------+
    |Total                             |          |   0|  0|  91|          83|          16|
    +----------------------------------+----------+----+---+----+------------+------------+

    * Multiplexer: 
    +-------------------------+----+-----------+-----+-----------+
    |           Name          | LUT| Input Size| Bits| Total Bits|
    +-------------------------+----+-----------+-----+-----------+
    |active_count_fu_66       |   9|          2|   32|         64|
    |ap_done_int              |   9|          2|    1|          2|
    |ap_enable_reg_pp0_iter2  |   9|          2|    1|          2|
    |ap_sig_allocacmp_i_1     |   9|          2|    8|         16|
    |gmem_mask_blk_n_R        |   9|          2|    1|          2|
    |i_fu_62                  |   9|          2|    8|         16|
    +-------------------------+----+-----------+-----+-----------+
    |Total                    |  54|         12|   51|        102|
    +-------------------------+----+-----------+-----+-----------+

    * Register: 
    +----------------------------------+----+----+-----+-----------+
    |               Name               | FF | LUT| Bits| Const Bits|
    +----------------------------------+----+----+-----+-----------+
    |active_count_fu_66                |  32|   0|   32|          0|
    |ap_CS_fsm                         |   1|   0|    1|          0|
    |ap_done_reg                       |   1|   0|    1|          0|
    |ap_enable_reg_pp0_iter1           |   1|   0|    1|          0|
    |ap_enable_reg_pp0_iter2           |   1|   0|    1|          0|
    |ap_loop_exit_ready_pp0_iter1_reg  |   1|   0|    1|          0|
    |gmem_mask_addr_read_reg_206       |  32|   0|   32|          0|
    |i_1_reg_197                       |   8|   0|    8|          0|
    |i_1_reg_197_pp0_iter1_reg         |   8|   0|    8|          0|
    |i_fu_62                           |   8|   0|    8|          0|
    |icmp_ln400_reg_202                |   1|   0|    1|          0|
    +----------------------------------+----+----+-----+-----------+
    |Total                             |  94|   0|   94|          0|
    +----------------------------------+----+----+-----+-----------+



================================================================
== Interface
================================================================
* Summary: 
+--------------------------+-----+-----+------------+------------------------------------------------------------+--------------+
|         RTL Ports        | Dir | Bits|  Protocol  |                        Source Object                       |    C Type    |
+--------------------------+-----+-----+------------+------------------------------------------------------------+--------------+
|ap_clk                    |   in|    1|  ap_ctrl_hs|  bert_attn_core_12layer_kernel_Pipeline_FULL_CORE_LOAD_MASK|  return value|
|ap_rst                    |   in|    1|  ap_ctrl_hs|  bert_attn_core_12layer_kernel_Pipeline_FULL_CORE_LOAD_MASK|  return value|
|ap_start                  |   in|    1|  ap_ctrl_hs|  bert_attn_core_12layer_kernel_Pipeline_FULL_CORE_LOAD_MASK|  return value|
|ap_done                   |  out|    1|  ap_ctrl_hs|  bert_attn_core_12layer_kernel_Pipeline_FULL_CORE_LOAD_MASK|  return value|
|ap_idle                   |  out|    1|  ap_ctrl_hs|  bert_attn_core_12layer_kernel_Pipeline_FULL_CORE_LOAD_MASK|  return value|
|ap_ready                  |  out|    1|  ap_ctrl_hs|  bert_attn_core_12layer_kernel_Pipeline_FULL_CORE_LOAD_MASK|  return value|
|m_axi_gmem_mask_AWVALID   |  out|    1|       m_axi|                                                   gmem_mask|       pointer|
|m_axi_gmem_mask_AWREADY   |   in|    1|       m_axi|                                                   gmem_mask|       pointer|
|m_axi_gmem_mask_AWADDR    |  out|   64|       m_axi|                                                   gmem_mask|       pointer|
|m_axi_gmem_mask_AWID      |  out|    1|       m_axi|                                                   gmem_mask|       pointer|
|m_axi_gmem_mask_AWLEN     |  out|   32|       m_axi|                                                   gmem_mask|       pointer|
|m_axi_gmem_mask_AWSIZE    |  out|    3|       m_axi|                                                   gmem_mask|       pointer|
|m_axi_gmem_mask_AWBURST   |  out|    2|       m_axi|                                                   gmem_mask|       pointer|
|m_axi_gmem_mask_AWLOCK    |  out|    2|       m_axi|                                                   gmem_mask|       pointer|
|m_axi_gmem_mask_AWCACHE   |  out|    4|       m_axi|                                                   gmem_mask|       pointer|
|m_axi_gmem_mask_AWPROT    |  out|    3|       m_axi|                                                   gmem_mask|       pointer|
|m_axi_gmem_mask_AWQOS     |  out|    4|       m_axi|                                                   gmem_mask|       pointer|
|m_axi_gmem_mask_AWREGION  |  out|    4|       m_axi|                                                   gmem_mask|       pointer|
|m_axi_gmem_mask_AWUSER    |  out|    1|       m_axi|                                                   gmem_mask|       pointer|
|m_axi_gmem_mask_WVALID    |  out|    1|       m_axi|                                                   gmem_mask|       pointer|
|m_axi_gmem_mask_WREADY    |   in|    1|       m_axi|                                                   gmem_mask|       pointer|
|m_axi_gmem_mask_WDATA     |  out|   32|       m_axi|                                                   gmem_mask|       pointer|
|m_axi_gmem_mask_WSTRB     |  out|    4|       m_axi|                                                   gmem_mask|       pointer|
|m_axi_gmem_mask_WLAST     |  out|    1|       m_axi|                                                   gmem_mask|       pointer|
|m_axi_gmem_mask_WID       |  out|    1|       m_axi|                                                   gmem_mask|       pointer|
|m_axi_gmem_mask_WUSER     |  out|    1|       m_axi|                                                   gmem_mask|       pointer|
|m_axi_gmem_mask_ARVALID   |  out|    1|       m_axi|                                                   gmem_mask|       pointer|
|m_axi_gmem_mask_ARREADY   |   in|    1|       m_axi|                                                   gmem_mask|       pointer|
|m_axi_gmem_mask_ARADDR    |  out|   64|       m_axi|                                                   gmem_mask|       pointer|
|m_axi_gmem_mask_ARID      |  out|    1|       m_axi|                                                   gmem_mask|       pointer|
|m_axi_gmem_mask_ARLEN     |  out|   32|       m_axi|                                                   gmem_mask|       pointer|
|m_axi_gmem_mask_ARSIZE    |  out|    3|       m_axi|                                                   gmem_mask|       pointer|
|m_axi_gmem_mask_ARBURST   |  out|    2|       m_axi|                                                   gmem_mask|       pointer|
|m_axi_gmem_mask_ARLOCK    |  out|    2|       m_axi|                                                   gmem_mask|       pointer|
|m_axi_gmem_mask_ARCACHE   |  out|    4|       m_axi|                                                   gmem_mask|       pointer|
|m_axi_gmem_mask_ARPROT    |  out|    3|       m_axi|                                                   gmem_mask|       pointer|
|m_axi_gmem_mask_ARQOS     |  out|    4|       m_axi|                                                   gmem_mask|       pointer|
|m_axi_gmem_mask_ARREGION  |  out|    4|       m_axi|                                                   gmem_mask|       pointer|
|m_axi_gmem_mask_ARUSER    |  out|    1|       m_axi|                                                   gmem_mask|       pointer|
|m_axi_gmem_mask_RVALID    |   in|    1|       m_axi|                                                   gmem_mask|       pointer|
|m_axi_gmem_mask_RREADY    |  out|    1|       m_axi|                                                   gmem_mask|       pointer|
|m_axi_gmem_mask_RDATA     |   in|   32|       m_axi|                                                   gmem_mask|       pointer|
|m_axi_gmem_mask_RLAST     |   in|    1|       m_axi|                                                   gmem_mask|       pointer|
|m_axi_gmem_mask_RID       |   in|    1|       m_axi|                                                   gmem_mask|       pointer|
|m_axi_gmem_mask_RFIFONUM  |   in|    9|       m_axi|                                                   gmem_mask|       pointer|
|m_axi_gmem_mask_RUSER     |   in|    1|       m_axi|                                                   gmem_mask|       pointer|
|m_axi_gmem_mask_RRESP     |   in|    2|       m_axi|                                                   gmem_mask|       pointer|
|m_axi_gmem_mask_BVALID    |   in|    1|       m_axi|                                                   gmem_mask|       pointer|
|m_axi_gmem_mask_BREADY    |  out|    1|       m_axi|                                                   gmem_mask|       pointer|
|m_axi_gmem_mask_BRESP     |   in|    2|       m_axi|                                                   gmem_mask|       pointer|
|m_axi_gmem_mask_BID       |   in|    1|       m_axi|                                                   gmem_mask|       pointer|
|m_axi_gmem_mask_BUSER     |   in|    1|       m_axi|                                                   gmem_mask|       pointer|
|sext_ln400                |   in|   62|     ap_none|                                                  sext_ln400|        scalar|
|active_indices_address1   |  out|    7|   ap_memory|                                              active_indices|         array|
|active_indices_ce1        |  out|    1|   ap_memory|                                              active_indices|         array|
|active_indices_we1        |  out|    1|   ap_memory|                                              active_indices|         array|
|active_indices_d1         |  out|    7|   ap_memory|                                              active_indices|         array|
|active_count_out          |  out|   32|      ap_vld|                                            active_count_out|       pointer|
|active_count_out_ap_vld   |  out|    1|      ap_vld|                                            active_count_out|       pointer|
+--------------------------+-----+-----+------------+------------------------------------------------------------+--------------+

