

================================================================
== Vitis HLS Report for 'read_qkv_group'
================================================================
* Date:           Wed Jul 15 12:01:14 2026

* Version:        2022.1 (Build 3526262 on Mon Apr 18 15:47:01 MDT 2022)
* Project:        proj_bert_attn_core_12layer_kernel
* Solution:       solution1 (Vivado IP Flow Target)
* Product family: virtexuplus
* Target device:  xcu250-figd2104-2L-e


================================================================
== Performance Estimates
================================================================
+ Timing: 
    * Summary: 
    +--------+---------+----------+------------+
    |  Clock |  Target | Estimated| Uncertainty|
    +--------+---------+----------+------------+
    |ap_clk  |  3.33 ns|  2.370 ns|     0.90 ns|
    +--------+---------+----------+------------+

+ Latency: 
    * Summary: 
    +---------+---------+----------+----------+------+------+---------+
    |  Latency (cycles) |  Latency (absolute) |   Interval  | Pipeline|
    |   min   |   max   |    min   |    max   |  min |  max |   Type  |
    +---------+---------+----------+----------+------+------+---------+
    |     2050|     2050|  6.833 us|  6.833 us|  2050|  2050|       no|
    +---------+---------+----------+----------+------+------+---------+

    + Detail: 
        * Instance: 
        N/A

        * Loop: 
        +----------------------------------+---------+---------+----------+-----------+-----------+------+----------+
        |                                  |  Latency (cycles) | Iteration|  Initiation Interval  | Trip |          |
        |             Loop Name            |   min   |   max   |  Latency |  achieved |   target  | Count| Pipelined|
        +----------------------------------+---------+---------+----------+-----------+-----------+------+----------+
        |- READ_GROUP_ROW_READ_GROUP_PACK  |     2048|     2048|         3|          2|          1|  1024|       yes|
        +----------------------------------+---------+---------+----------+-----------+-----------+------+----------+



================================================================
== Utilization Estimates
================================================================
* Summary: 
+---------------------+---------+-------+---------+---------+------+
|         Name        | BRAM_18K|  DSP  |    FF   |   LUT   | URAM |
+---------------------+---------+-------+---------+---------+------+
|DSP                  |        -|      -|        -|        -|     -|
|Expression           |        -|      -|        0|      105|     -|
|FIFO                 |        -|      -|        -|        -|     -|
|Instance             |        -|      -|        -|        -|     -|
|Memory               |        -|      -|        -|        -|     -|
|Multiplexer          |        -|      -|        -|      187|     -|
|Register             |        -|      -|      555|        -|     -|
+---------------------+---------+-------+---------+---------+------+
|Total                |        0|      0|      555|      292|     0|
+---------------------+---------+-------+---------+---------+------+
|Available SLR        |     1344|   3072|   864000|   432000|   320|
+---------------------+---------+-------+---------+---------+------+
|Utilization SLR (%)  |        0|      0|       ~0|       ~0|     0|
+---------------------+---------+-------+---------+---------+------+
|Available            |     5376|  12288|  3456000|  1728000|  1280|
+---------------------+---------+-------+---------+---------+------+
|Utilization (%)      |        0|      0|       ~0|       ~0|     0|
+---------------------+---------+-------+---------+---------+------+

+ Detail: 
    * Instance: 
    N/A

    * DSP: 
    N/A

    * Memory: 
    N/A

    * FIFO: 
    N/A

    * Expression: 
    +----------------------------------+----------+----+---+----+------------+------------+
    |           Variable Name          | Operation| DSP| FF| LUT| Bitwidth P0| Bitwidth P1|
    +----------------------------------+----------+----+---+----+------------+------------+
    |add_ln111_fu_283_p2               |         +|   0|  0|  17|          10|          10|
    |add_ln93_1_fu_204_p2              |         +|   0|  0|  18|          11|           1|
    |add_ln93_fu_216_p2                |         +|   0|  0|  15|           8|           1|
    |add_ln95_fu_252_p2                |         +|   0|  0|  12|           4|           1|
    |ap_block_pp0_stage1_11001         |       and|   0|  0|   2|           1|           1|
    |icmp_ln93_fu_198_p2               |      icmp|   0|  0|  12|          11|          12|
    |icmp_ln95_fu_222_p2               |      icmp|   0|  0|   9|           4|           5|
    |ap_block_state2_pp0_stage1_iter0  |        or|   0|  0|   2|           1|           1|
    |or_ln109_fu_343_p2                |        or|   0|  0|   4|           4|           1|
    |select_ln93_1_fu_236_p3           |    select|   0|  0|   8|           1|           8|
    |select_ln93_fu_228_p3             |    select|   0|  0|   4|           1|           1|
    |ap_enable_pp0                     |       xor|   0|  0|   2|           1|           2|
    +----------------------------------+----------+----+---+----+------------+------------+
    |Total                             |          |   0|  0| 105|          57|          44|
    +----------------------------------+----------+----+---+----+------------+------------+

    * Multiplexer: 
    +--------------------------------------+----+-----------+-----+-----------+
    |                 Name                 | LUT| Input Size| Bits| Total Bits|
    +--------------------------------------+----+-----------+-----+-----------+
    |ap_NS_fsm                             |  14|          3|    1|          3|
    |ap_done_int                           |   9|          2|    1|          2|
    |ap_enable_reg_pp0_iter0               |   9|          2|    1|          2|
    |ap_enable_reg_pp0_iter0_reg           |   9|          2|    1|          2|
    |ap_enable_reg_pp0_iter1               |   9|          2|    1|          2|
    |ap_sig_allocacmp_indvar_flatten_load  |   9|          2|   11|         22|
    |ap_sig_allocacmp_p_load               |   9|          2|    4|          8|
    |ap_sig_allocacmp_s_load               |   9|          2|    8|         16|
    |indvar_flatten_fu_90                  |   9|          2|   11|         22|
    |k_address1                            |  14|          3|   11|         33|
    |k_d1                                  |  14|          3|  256|        768|
    |k_stream_TDATA_blk_n                  |   9|          2|    1|          2|
    |p_fu_82                               |   9|          2|    4|          8|
    |q_address1                            |  14|          3|   11|         33|
    |q_d1                                  |  14|          3|  256|        768|
    |q_stream_TDATA_blk_n                  |   9|          2|    1|          2|
    |s_fu_86                               |   9|          2|    8|         16|
    |v_stream_TDATA_blk_n                  |   9|          2|    1|          2|
    +--------------------------------------+----+-----------+-----+-----------+
    |Total                                 | 187|         41|  588|       1711|
    +--------------------------------------+----+-----------+-----+-----------+

    * Register: 
    +-----------------------------+-----+----+-----+-----------+
    |             Name            |  FF | LUT| Bits| Const Bits|
    +-----------------------------+-----+----+-----+-----------+
    |ap_CS_fsm                    |    2|   0|    2|          0|
    |ap_done_reg                  |    1|   0|    1|          0|
    |ap_enable_reg_pp0_iter0_reg  |    1|   0|    1|          0|
    |ap_enable_reg_pp0_iter1      |    1|   0|    1|          0|
    |icmp_ln93_reg_383            |    1|   0|    1|          0|
    |indvar_flatten_fu_90         |   11|   0|   11|          0|
    |p_fu_82                      |    4|   0|    4|          0|
    |s_fu_86                      |    8|   0|    8|          0|
    |select_ln93_reg_387          |    4|   0|    4|          0|
    |tmp_2_reg_405                |  256|   0|  256|          0|
    |tmp_3_reg_410                |  256|   0|  256|          0|
    |trunc_ln109_reg_400          |    3|   0|    3|          0|
    |trunc_ln111_reg_393          |    7|   0|    7|          0|
    +-----------------------------+-----+----+-----+-----------+
    |Total                        |  555|   0|  555|          0|
    +-----------------------------+-----+----+-----+-----------+



================================================================
== Interface
================================================================
* Summary: 
+-----------------+-----+-----+------------+----------------+--------------+
|    RTL Ports    | Dir | Bits|  Protocol  |  Source Object |    C Type    |
+-----------------+-----+-----+------------+----------------+--------------+
|ap_clk           |   in|    1|  ap_ctrl_hs|  read_qkv_group|  return value|
|ap_rst           |   in|    1|  ap_ctrl_hs|  read_qkv_group|  return value|
|ap_start         |   in|    1|  ap_ctrl_hs|  read_qkv_group|  return value|
|ap_done          |  out|    1|  ap_ctrl_hs|  read_qkv_group|  return value|
|ap_idle          |  out|    1|  ap_ctrl_hs|  read_qkv_group|  return value|
|ap_ready         |  out|    1|  ap_ctrl_hs|  read_qkv_group|  return value|
|q_stream_TVALID  |   in|    1|        axis|        q_stream|       pointer|
|q_stream_TDATA   |   in|  512|        axis|        q_stream|       pointer|
|q_stream_TREADY  |  out|    1|        axis|        q_stream|       pointer|
|k_stream_TVALID  |   in|    1|        axis|        k_stream|       pointer|
|k_stream_TDATA   |   in|  512|        axis|        k_stream|       pointer|
|k_stream_TREADY  |  out|    1|        axis|        k_stream|       pointer|
|v_stream_TVALID  |   in|    1|        axis|        v_stream|       pointer|
|v_stream_TDATA   |   in|  512|        axis|        v_stream|       pointer|
|v_stream_TREADY  |  out|    1|        axis|        v_stream|       pointer|
|q_address1       |  out|   11|   ap_memory|               q|         array|
|q_ce1            |  out|    1|   ap_memory|               q|         array|
|q_we1            |  out|    1|   ap_memory|               q|         array|
|q_d1             |  out|  256|   ap_memory|               q|         array|
|k_address1       |  out|   11|   ap_memory|               k|         array|
|k_ce1            |  out|    1|   ap_memory|               k|         array|
|k_we1            |  out|    1|   ap_memory|               k|         array|
|k_d1             |  out|  256|   ap_memory|               k|         array|
|v_address1       |  out|   10|   ap_memory|               v|         array|
|v_ce1            |  out|    1|   ap_memory|               v|         array|
|v_we1            |  out|    1|   ap_memory|               v|         array|
|v_d1             |  out|  512|   ap_memory|               v|         array|
+-----------------+-----+-----+------------+----------------+--------------+

