

================================================================
== Vitis HLS Report for 'bert_qkv_kernel'
================================================================
* Date:           Mon Jul 13 11:08:25 2026

* Version:        2022.1 (Build 3526262 on Mon Apr 18 15:47:01 MDT 2022)
* Project:        proj_bert_qkv_kernel
* Solution:       solution1 (Vivado IP Flow Target)
* Product family: virtexuplus
* Target device:  xcu250-figd2104-2L-e


================================================================
== Performance Estimates
================================================================
+ Timing: 
    * Summary: 
    +--------+---------+----------+------------+
    |  Clock |  Target | Estimated| Uncertainty|
    +--------+---------+----------+------------+
    |ap_clk  |  3.33 ns|  2.729 ns|     0.90 ns|
    +--------+---------+----------+------------+

+ Latency: 
    * Summary: 
    +---------+---------+----------+----------+---------+---------+---------+
    |  Latency (cycles) |  Latency (absolute) |      Interval     | Pipeline|
    |   min   |   max   |    min   |    max   |   min   |   max   |   Type  |
    +---------+---------+----------+----------+---------+---------+---------+
    |  2230737|  2230737|  7.435 ms|  7.435 ms|  2230738|  2230738|       no|
    +---------+---------+----------+----------+---------+---------+---------+

    + Detail: 
        * Instance: 
        +-------------------------------+--------------------+---------+---------+-----------+-----------+--------+--------+---------+
        |                               |                    |  Latency (cycles) |   Latency (absolute)  |     Interval    | Pipeline|
        |            Instance           |       Module       |   min   |   max   |    min    |    max    |   min  |   max  |   Type  |
        +-------------------------------+--------------------+---------+---------+-----------+-----------+--------+--------+---------+
        |grp_load_hidden_matrix_fu_246  |load_hidden_matrix  |    12299|    12299|  40.993 us|  40.993 us|   12299|   12299|       no|
        |grp_project_qkv_group_fu_254   |project_qkv_group   |   368707|   368707|   1.229 ms|   1.229 ms|  368707|  368707|       no|
        |grp_write_qkv_group_fu_275     |write_qkv_group     |     1027|     1027|   3.423 us|   3.423 us|    1027|    1027|       no|
        +-------------------------------+--------------------+---------+---------+-----------+-----------+--------+--------+---------+

        * Loop: 
        +--------------+---------+---------+----------+-----------+-----------+------+----------+
        |              |  Latency (cycles) | Iteration|  Initiation Interval  | Trip |          |
        |   Loop Name  |   min   |   max   |  Latency |  achieved |   target  | Count| Pipelined|
        +--------------+---------+---------+----------+-----------+-----------+------+----------+
        |- HEAD_GROUP  |  2218428|  2218428|    369738|          -|          -|     6|        no|
        +--------------+---------+---------+----------+-----------+-----------+------+----------+



================================================================
== Utilization Estimates
================================================================
* Summary: 
+---------------------+---------+-------+---------+---------+------+
|         Name        | BRAM_18K|  DSP  |    FF   |   LUT   | URAM |
+---------------------+---------+-------+---------+---------+------+
|DSP                  |        -|      -|        -|        -|     -|
|Expression           |        -|      -|        0|      530|     -|
|FIFO                 |        -|      -|        -|        -|     -|
|Instance             |        0|    960|   282395|   176851|   192|
|Memory               |        -|      -|        2|      293|    24|
|Multiplexer          |        -|      -|        -|      386|     -|
|Register             |        -|      -|      951|        -|     -|
+---------------------+---------+-------+---------+---------+------+
|Total                |        0|    960|   283348|   178060|   216|
+---------------------+---------+-------+---------+---------+------+
|Available SLR        |     1344|   3072|   864000|   432000|   320|
+---------------------+---------+-------+---------+---------+------+
|Utilization SLR (%)  |        0|     31|       32|       41|    67|
+---------------------+---------+-------+---------+---------+------+
|Available            |     5376|  12288|  3456000|  1728000|  1280|
+---------------------+---------+-------+---------+---------+------+
|Utilization (%)      |        0|      7|        8|       10|    16|
+---------------------+---------+-------+---------+---------+------+

+ Detail: 
    * Instance: 
    +-------------------------------+-------------------------+---------+-----+--------+--------+-----+
    |            Instance           |          Module         | BRAM_18K| DSP |   FF   |   LUT  | URAM|
    +-------------------------------+-------------------------+---------+-----+--------+--------+-----+
    |control_s_axi_U                |control_s_axi            |        0|    0|     634|    1128|    0|
    |gmem_hidden_m_axi_U            |gmem_hidden_m_axi        |        0|    0|    4567|    8001|    0|
    |gmem_hidden_ready_m_axi_U      |gmem_hidden_ready_m_axi  |        0|    0|     764|    1118|    0|
    |gmem_k_m_axi_U                 |gmem_k_m_axi             |        0|    0|    4567|    8001|    0|
    |gmem_q_m_axi_U                 |gmem_q_m_axi             |        0|    0|    4567|    8001|    0|
    |gmem_v_m_axi_U                 |gmem_v_m_axi             |        0|    0|    4567|    8001|    0|
    |grp_load_hidden_matrix_fu_246  |load_hidden_matrix       |        0|    0|     654|     487|    0|
    |grp_project_qkv_group_fu_254   |project_qkv_group        |        0|  960|  262033|  141925|  192|
    |grp_write_qkv_group_fu_275     |write_qkv_group          |        0|    0|      42|     189|    0|
    +-------------------------------+-------------------------+---------+-----+--------+--------+-----+
    |Total                          |                         |        0|  960|  282395|  176851|  192|
    +-------------------------------+-------------------------+---------+-----+--------+--------+-----+

    * DSP: 
    N/A

    * Memory: 
    +-----------+--------------------------+---------+---+-----+-----+-------+-----+------+-------------+
    |   Memory  |          Module          | BRAM_18K| FF| LUT | URAM| Words | Bits| Banks| W*Bits*Banks|
    +-----------+--------------------------+---------+---+-----+-----+-------+-----+------+-------------+
    |hidden_U   |hidden_RAM_2P_URAM_1R1W   |        0|  2|  293|   12|  12288|  256|     1|      3145728|
    |q_group_U  |q_group_RAM_2P_URAM_1R1W  |        0|  0|    0|    4|   2048|  256|     1|       524288|
    |k_group_U  |q_group_RAM_2P_URAM_1R1W  |        0|  0|    0|    4|   2048|  256|     1|       524288|
    |v_group_U  |q_group_RAM_2P_URAM_1R1W  |        0|  0|    0|    4|   2048|  256|     1|       524288|
    +-----------+--------------------------+---------+---+-----+-----+-------+-----+------+-------------+
    |Total      |                          |        0|  2|  293|   24|  18432| 1024|     4|      4718592|
    +-----------+--------------------------+---------+---+-----+-----+-------+-----+------+-------------+

    * FIFO: 
    N/A

    * Expression: 
    +--------------------------------------------+----------+----+---+----+------------+------------+
    |                Variable Name               | Operation| DSP| FF| LUT| Bitwidth P0| Bitwidth P1|
    +--------------------------------------------+----------+----+---+----+------------+------------+
    |empty_245_fu_357_p2                         |         +|   0|  0|  71|          64|          64|
    |empty_246_fu_374_p2                         |         +|   0|  0|  71|          64|          64|
    |empty_247_fu_379_p2                         |         +|   0|  0|  71|          64|          64|
    |empty_248_fu_384_p2                         |         +|   0|  0|  71|          64|          64|
    |empty_249_fu_389_p2                         |         +|   0|  0|  71|          64|          64|
    |empty_250_fu_394_p2                         |         +|   0|  0|  71|          64|          64|
    |group_2_fu_417_p2                           |         +|   0|  0|  10|           3|           1|
    |weight_offset_fu_323_p2                     |         +|   0|  0|  39|          32|          32|
    |bias_offset_fu_339_p2                       |         -|   0|  0|  39|          32|          32|
    |grp_write_qkv_group_fu_275_k_stream_TREADY  |       and|   0|  0|   2|           1|           1|
    |grp_write_qkv_group_fu_275_q_stream_TREADY  |       and|   0|  0|   2|           1|           1|
    |grp_write_qkv_group_fu_275_v_stream_TREADY  |       and|   0|  0|   2|           1|           1|
    |icmp_ln379_fu_411_p2                        |      icmp|   0|  0|   8|           3|           3|
    |ap_block_state14                            |        or|   0|  0|   2|           1|           1|
    +--------------------------------------------+----------+----+---+----+------------+------------+
    |Total                                       |          |   0|  0| 530|         458|         456|
    +--------------------------------------------+----------+----+---+----+------------+------------+

    * Multiplexer: 
    +----------------------------+----+-----------+-----+-----------+
    |            Name            | LUT| Input Size| Bits| Total Bits|
    +----------------------------+----+-----------+-----+-----------+
    |ap_NS_fsm                   |  65|         15|    1|         15|
    |gmem_hidden_ARVALID         |   9|          2|    1|          2|
    |gmem_hidden_RREADY          |   9|          2|    1|          2|
    |gmem_hidden_ready_blk_n_AR  |   9|          2|    1|          2|
    |gmem_hidden_ready_blk_n_R   |   9|          2|    1|          2|
    |gmem_k_ARVALID              |   9|          2|    1|          2|
    |gmem_k_RREADY               |   9|          2|    1|          2|
    |gmem_q_ARVALID              |   9|          2|    1|          2|
    |gmem_q_RREADY               |   9|          2|    1|          2|
    |gmem_v_ARVALID              |   9|          2|    1|          2|
    |gmem_v_RREADY               |   9|          2|    1|          2|
    |group_fu_156                |   9|          2|    3|          6|
    |hidden_ce0                  |   9|          2|    1|          2|
    |hidden_ce1                  |   9|          2|    1|          2|
    |hidden_we1                  |   9|          2|    1|          2|
    |k_group_address0            |  14|          3|   11|         33|
    |k_group_address1            |  14|          3|   11|         33|
    |k_group_ce0                 |  14|          3|    1|          3|
    |k_group_ce1                 |  14|          3|    1|          3|
    |k_group_we1                 |   9|          2|    1|          2|
    |q_group_address0            |  14|          3|   11|         33|
    |q_group_address1            |  14|          3|   11|         33|
    |q_group_ce0                 |  14|          3|    1|          3|
    |q_group_ce1                 |  14|          3|    1|          3|
    |q_group_we1                 |   9|          2|    1|          2|
    |v_group_address0            |  14|          3|   11|         33|
    |v_group_address1            |  14|          3|   11|         33|
    |v_group_ce0                 |  14|          3|    1|          3|
    |v_group_ce1                 |  14|          3|    1|          3|
    |v_group_we1                 |   9|          2|    1|          2|
    +----------------------------+----+-----------+-----+-----------+
    |Total                       | 386|         85|   92|        269|
    +----------------------------+----+-----------+-----+-----------+

    * Register: 
    +--------------------------------------------+----+----+-----+-----------+
    |                    Name                    | FF | LUT| Bits| Const Bits|
    +--------------------------------------------+----+----+-----+-----------+
    |ap_CS_fsm                                   |  14|   0|   14|          0|
    |attn_k_b_all_read_reg_453                   |  64|   0|   64|          0|
    |attn_k_w_all_read_reg_458                   |  64|   0|   64|          0|
    |attn_q_b_all_read_reg_463                   |  64|   0|   64|          0|
    |attn_q_w_all_read_reg_468                   |  64|   0|   64|          0|
    |attn_v_b_all_read_reg_443                   |  64|   0|   64|          0|
    |attn_v_w_all_read_reg_448                   |  64|   0|   64|          0|
    |empty_245_reg_490                           |  64|   0|   64|          0|
    |empty_246_reg_495                           |  64|   0|   64|          0|
    |empty_247_reg_500                           |  64|   0|   64|          0|
    |empty_248_reg_505                           |  64|   0|   64|          0|
    |empty_249_reg_510                           |  64|   0|   64|          0|
    |empty_250_reg_515                           |  64|   0|   64|          0|
    |gmem_hidden_ready_addr_reg_484              |  64|   0|   64|          0|
    |group_1_reg_520                             |   3|   0|    3|          0|
    |group_fu_156                                |   3|   0|    3|          0|
    |grp_load_hidden_matrix_fu_246_ap_start_reg  |   1|   0|    1|          0|
    |grp_project_qkv_group_fu_254_ap_start_reg   |   1|   0|    1|          0|
    |grp_write_qkv_group_fu_275_ap_start_reg     |   1|   0|    1|          0|
    |hidden_in_read_reg_473                      |  64|   0|   64|          0|
    |layer_id_read_reg_435                       |  32|   0|   32|          0|
    +--------------------------------------------+----+----+-----+-----------+
    |Total                                       | 951|   0|  951|          0|
    +--------------------------------------------+----+----+-----+-----------+



================================================================
== Interface
================================================================
* Summary: 
+----------------------------------+-----+-----+------------+-------------------+--------------+
|             RTL Ports            | Dir | Bits|  Protocol  |   Source Object   |    C Type    |
+----------------------------------+-----+-----+------------+-------------------+--------------+
|s_axi_control_AWVALID             |   in|    1|       s_axi|            control|        scalar|
|s_axi_control_AWREADY             |  out|    1|       s_axi|            control|        scalar|
|s_axi_control_AWADDR              |   in|    7|       s_axi|            control|        scalar|
|s_axi_control_WVALID              |   in|    1|       s_axi|            control|        scalar|
|s_axi_control_WREADY              |  out|    1|       s_axi|            control|        scalar|
|s_axi_control_WDATA               |   in|   32|       s_axi|            control|        scalar|
|s_axi_control_WSTRB               |   in|    4|       s_axi|            control|        scalar|
|s_axi_control_ARVALID             |   in|    1|       s_axi|            control|        scalar|
|s_axi_control_ARREADY             |  out|    1|       s_axi|            control|        scalar|
|s_axi_control_ARADDR              |   in|    7|       s_axi|            control|        scalar|
|s_axi_control_RVALID              |  out|    1|       s_axi|            control|        scalar|
|s_axi_control_RREADY              |   in|    1|       s_axi|            control|        scalar|
|s_axi_control_RDATA               |  out|   32|       s_axi|            control|        scalar|
|s_axi_control_RRESP               |  out|    2|       s_axi|            control|        scalar|
|s_axi_control_BVALID              |  out|    1|       s_axi|            control|        scalar|
|s_axi_control_BREADY              |   in|    1|       s_axi|            control|        scalar|
|s_axi_control_BRESP               |  out|    2|       s_axi|            control|        scalar|
|ap_clk                            |   in|    1|  ap_ctrl_hs|    bert_qkv_kernel|  return value|
|ap_rst_n                          |   in|    1|  ap_ctrl_hs|    bert_qkv_kernel|  return value|
|interrupt                         |  out|    1|  ap_ctrl_hs|    bert_qkv_kernel|  return value|
|m_axi_gmem_hidden_AWVALID         |  out|    1|       m_axi|        gmem_hidden|       pointer|
|m_axi_gmem_hidden_AWREADY         |   in|    1|       m_axi|        gmem_hidden|       pointer|
|m_axi_gmem_hidden_AWADDR          |  out|   64|       m_axi|        gmem_hidden|       pointer|
|m_axi_gmem_hidden_AWID            |  out|    1|       m_axi|        gmem_hidden|       pointer|
|m_axi_gmem_hidden_AWLEN           |  out|    8|       m_axi|        gmem_hidden|       pointer|
|m_axi_gmem_hidden_AWSIZE          |  out|    3|       m_axi|        gmem_hidden|       pointer|
|m_axi_gmem_hidden_AWBURST         |  out|    2|       m_axi|        gmem_hidden|       pointer|
|m_axi_gmem_hidden_AWLOCK          |  out|    2|       m_axi|        gmem_hidden|       pointer|
|m_axi_gmem_hidden_AWCACHE         |  out|    4|       m_axi|        gmem_hidden|       pointer|
|m_axi_gmem_hidden_AWPROT          |  out|    3|       m_axi|        gmem_hidden|       pointer|
|m_axi_gmem_hidden_AWQOS           |  out|    4|       m_axi|        gmem_hidden|       pointer|
|m_axi_gmem_hidden_AWREGION        |  out|    4|       m_axi|        gmem_hidden|       pointer|
|m_axi_gmem_hidden_AWUSER          |  out|    1|       m_axi|        gmem_hidden|       pointer|
|m_axi_gmem_hidden_WVALID          |  out|    1|       m_axi|        gmem_hidden|       pointer|
|m_axi_gmem_hidden_WREADY          |   in|    1|       m_axi|        gmem_hidden|       pointer|
|m_axi_gmem_hidden_WDATA           |  out|  512|       m_axi|        gmem_hidden|       pointer|
|m_axi_gmem_hidden_WSTRB           |  out|   64|       m_axi|        gmem_hidden|       pointer|
|m_axi_gmem_hidden_WLAST           |  out|    1|       m_axi|        gmem_hidden|       pointer|
|m_axi_gmem_hidden_WID             |  out|    1|       m_axi|        gmem_hidden|       pointer|
|m_axi_gmem_hidden_WUSER           |  out|    1|       m_axi|        gmem_hidden|       pointer|
|m_axi_gmem_hidden_ARVALID         |  out|    1|       m_axi|        gmem_hidden|       pointer|
|m_axi_gmem_hidden_ARREADY         |   in|    1|       m_axi|        gmem_hidden|       pointer|
|m_axi_gmem_hidden_ARADDR          |  out|   64|       m_axi|        gmem_hidden|       pointer|
|m_axi_gmem_hidden_ARID            |  out|    1|       m_axi|        gmem_hidden|       pointer|
|m_axi_gmem_hidden_ARLEN           |  out|    8|       m_axi|        gmem_hidden|       pointer|
|m_axi_gmem_hidden_ARSIZE          |  out|    3|       m_axi|        gmem_hidden|       pointer|
|m_axi_gmem_hidden_ARBURST         |  out|    2|       m_axi|        gmem_hidden|       pointer|
|m_axi_gmem_hidden_ARLOCK          |  out|    2|       m_axi|        gmem_hidden|       pointer|
|m_axi_gmem_hidden_ARCACHE         |  out|    4|       m_axi|        gmem_hidden|       pointer|
|m_axi_gmem_hidden_ARPROT          |  out|    3|       m_axi|        gmem_hidden|       pointer|
|m_axi_gmem_hidden_ARQOS           |  out|    4|       m_axi|        gmem_hidden|       pointer|
|m_axi_gmem_hidden_ARREGION        |  out|    4|       m_axi|        gmem_hidden|       pointer|
|m_axi_gmem_hidden_ARUSER          |  out|    1|       m_axi|        gmem_hidden|       pointer|
|m_axi_gmem_hidden_RVALID          |   in|    1|       m_axi|        gmem_hidden|       pointer|
|m_axi_gmem_hidden_RREADY          |  out|    1|       m_axi|        gmem_hidden|       pointer|
|m_axi_gmem_hidden_RDATA           |   in|  512|       m_axi|        gmem_hidden|       pointer|
|m_axi_gmem_hidden_RLAST           |   in|    1|       m_axi|        gmem_hidden|       pointer|
|m_axi_gmem_hidden_RID             |   in|    1|       m_axi|        gmem_hidden|       pointer|
|m_axi_gmem_hidden_RUSER           |   in|    1|       m_axi|        gmem_hidden|       pointer|
|m_axi_gmem_hidden_RRESP           |   in|    2|       m_axi|        gmem_hidden|       pointer|
|m_axi_gmem_hidden_BVALID          |   in|    1|       m_axi|        gmem_hidden|       pointer|
|m_axi_gmem_hidden_BREADY          |  out|    1|       m_axi|        gmem_hidden|       pointer|
|m_axi_gmem_hidden_BRESP           |   in|    2|       m_axi|        gmem_hidden|       pointer|
|m_axi_gmem_hidden_BID             |   in|    1|       m_axi|        gmem_hidden|       pointer|
|m_axi_gmem_hidden_BUSER           |   in|    1|       m_axi|        gmem_hidden|       pointer|
|m_axi_gmem_hidden_ready_AWVALID   |  out|    1|       m_axi|  gmem_hidden_ready|       pointer|
|m_axi_gmem_hidden_ready_AWREADY   |   in|    1|       m_axi|  gmem_hidden_ready|       pointer|
|m_axi_gmem_hidden_ready_AWADDR    |  out|   64|       m_axi|  gmem_hidden_ready|       pointer|
|m_axi_gmem_hidden_ready_AWID      |  out|    1|       m_axi|  gmem_hidden_ready|       pointer|
|m_axi_gmem_hidden_ready_AWLEN     |  out|    8|       m_axi|  gmem_hidden_ready|       pointer|
|m_axi_gmem_hidden_ready_AWSIZE    |  out|    3|       m_axi|  gmem_hidden_ready|       pointer|
|m_axi_gmem_hidden_ready_AWBURST   |  out|    2|       m_axi|  gmem_hidden_ready|       pointer|
|m_axi_gmem_hidden_ready_AWLOCK    |  out|    2|       m_axi|  gmem_hidden_ready|       pointer|
|m_axi_gmem_hidden_ready_AWCACHE   |  out|    4|       m_axi|  gmem_hidden_ready|       pointer|
|m_axi_gmem_hidden_ready_AWPROT    |  out|    3|       m_axi|  gmem_hidden_ready|       pointer|
|m_axi_gmem_hidden_ready_AWQOS     |  out|    4|       m_axi|  gmem_hidden_ready|       pointer|
|m_axi_gmem_hidden_ready_AWREGION  |  out|    4|       m_axi|  gmem_hidden_ready|       pointer|
|m_axi_gmem_hidden_ready_AWUSER    |  out|    1|       m_axi|  gmem_hidden_ready|       pointer|
|m_axi_gmem_hidden_ready_WVALID    |  out|    1|       m_axi|  gmem_hidden_ready|       pointer|
|m_axi_gmem_hidden_ready_WREADY    |   in|    1|       m_axi|  gmem_hidden_ready|       pointer|
|m_axi_gmem_hidden_ready_WDATA     |  out|   32|       m_axi|  gmem_hidden_ready|       pointer|
|m_axi_gmem_hidden_ready_WSTRB     |  out|    4|       m_axi|  gmem_hidden_ready|       pointer|
|m_axi_gmem_hidden_ready_WLAST     |  out|    1|       m_axi|  gmem_hidden_ready|       pointer|
|m_axi_gmem_hidden_ready_WID       |  out|    1|       m_axi|  gmem_hidden_ready|       pointer|
|m_axi_gmem_hidden_ready_WUSER     |  out|    1|       m_axi|  gmem_hidden_ready|       pointer|
|m_axi_gmem_hidden_ready_ARVALID   |  out|    1|       m_axi|  gmem_hidden_ready|       pointer|
|m_axi_gmem_hidden_ready_ARREADY   |   in|    1|       m_axi|  gmem_hidden_ready|       pointer|
|m_axi_gmem_hidden_ready_ARADDR    |  out|   64|       m_axi|  gmem_hidden_ready|       pointer|
|m_axi_gmem_hidden_ready_ARID      |  out|    1|       m_axi|  gmem_hidden_ready|       pointer|
|m_axi_gmem_hidden_ready_ARLEN     |  out|    8|       m_axi|  gmem_hidden_ready|       pointer|
|m_axi_gmem_hidden_ready_ARSIZE    |  out|    3|       m_axi|  gmem_hidden_ready|       pointer|
|m_axi_gmem_hidden_ready_ARBURST   |  out|    2|       m_axi|  gmem_hidden_ready|       pointer|
|m_axi_gmem_hidden_ready_ARLOCK    |  out|    2|       m_axi|  gmem_hidden_ready|       pointer|
|m_axi_gmem_hidden_ready_ARCACHE   |  out|    4|       m_axi|  gmem_hidden_ready|       pointer|
|m_axi_gmem_hidden_ready_ARPROT    |  out|    3|       m_axi|  gmem_hidden_ready|       pointer|
|m_axi_gmem_hidden_ready_ARQOS     |  out|    4|       m_axi|  gmem_hidden_ready|       pointer|
|m_axi_gmem_hidden_ready_ARREGION  |  out|    4|       m_axi|  gmem_hidden_ready|       pointer|
|m_axi_gmem_hidden_ready_ARUSER    |  out|    1|       m_axi|  gmem_hidden_ready|       pointer|
|m_axi_gmem_hidden_ready_RVALID    |   in|    1|       m_axi|  gmem_hidden_ready|       pointer|
|m_axi_gmem_hidden_ready_RREADY    |  out|    1|       m_axi|  gmem_hidden_ready|       pointer|
|m_axi_gmem_hidden_ready_RDATA     |   in|   32|       m_axi|  gmem_hidden_ready|       pointer|
|m_axi_gmem_hidden_ready_RLAST     |   in|    1|       m_axi|  gmem_hidden_ready|       pointer|
|m_axi_gmem_hidden_ready_RID       |   in|    1|       m_axi|  gmem_hidden_ready|       pointer|
|m_axi_gmem_hidden_ready_RUSER     |   in|    1|       m_axi|  gmem_hidden_ready|       pointer|
|m_axi_gmem_hidden_ready_RRESP     |   in|    2|       m_axi|  gmem_hidden_ready|       pointer|
|m_axi_gmem_hidden_ready_BVALID    |   in|    1|       m_axi|  gmem_hidden_ready|       pointer|
|m_axi_gmem_hidden_ready_BREADY    |  out|    1|       m_axi|  gmem_hidden_ready|       pointer|
|m_axi_gmem_hidden_ready_BRESP     |   in|    2|       m_axi|  gmem_hidden_ready|       pointer|
|m_axi_gmem_hidden_ready_BID       |   in|    1|       m_axi|  gmem_hidden_ready|       pointer|
|m_axi_gmem_hidden_ready_BUSER     |   in|    1|       m_axi|  gmem_hidden_ready|       pointer|
|m_axi_gmem_q_AWVALID              |  out|    1|       m_axi|             gmem_q|       pointer|
|m_axi_gmem_q_AWREADY              |   in|    1|       m_axi|             gmem_q|       pointer|
|m_axi_gmem_q_AWADDR               |  out|   64|       m_axi|             gmem_q|       pointer|
|m_axi_gmem_q_AWID                 |  out|    1|       m_axi|             gmem_q|       pointer|
|m_axi_gmem_q_AWLEN                |  out|    8|       m_axi|             gmem_q|       pointer|
|m_axi_gmem_q_AWSIZE               |  out|    3|       m_axi|             gmem_q|       pointer|
|m_axi_gmem_q_AWBURST              |  out|    2|       m_axi|             gmem_q|       pointer|
|m_axi_gmem_q_AWLOCK               |  out|    2|       m_axi|             gmem_q|       pointer|
|m_axi_gmem_q_AWCACHE              |  out|    4|       m_axi|             gmem_q|       pointer|
|m_axi_gmem_q_AWPROT               |  out|    3|       m_axi|             gmem_q|       pointer|
|m_axi_gmem_q_AWQOS                |  out|    4|       m_axi|             gmem_q|       pointer|
|m_axi_gmem_q_AWREGION             |  out|    4|       m_axi|             gmem_q|       pointer|
|m_axi_gmem_q_AWUSER               |  out|    1|       m_axi|             gmem_q|       pointer|
|m_axi_gmem_q_WVALID               |  out|    1|       m_axi|             gmem_q|       pointer|
|m_axi_gmem_q_WREADY               |   in|    1|       m_axi|             gmem_q|       pointer|
|m_axi_gmem_q_WDATA                |  out|  512|       m_axi|             gmem_q|       pointer|
|m_axi_gmem_q_WSTRB                |  out|   64|       m_axi|             gmem_q|       pointer|
|m_axi_gmem_q_WLAST                |  out|    1|       m_axi|             gmem_q|       pointer|
|m_axi_gmem_q_WID                  |  out|    1|       m_axi|             gmem_q|       pointer|
|m_axi_gmem_q_WUSER                |  out|    1|       m_axi|             gmem_q|       pointer|
|m_axi_gmem_q_ARVALID              |  out|    1|       m_axi|             gmem_q|       pointer|
|m_axi_gmem_q_ARREADY              |   in|    1|       m_axi|             gmem_q|       pointer|
|m_axi_gmem_q_ARADDR               |  out|   64|       m_axi|             gmem_q|       pointer|
|m_axi_gmem_q_ARID                 |  out|    1|       m_axi|             gmem_q|       pointer|
|m_axi_gmem_q_ARLEN                |  out|    8|       m_axi|             gmem_q|       pointer|
|m_axi_gmem_q_ARSIZE               |  out|    3|       m_axi|             gmem_q|       pointer|
|m_axi_gmem_q_ARBURST              |  out|    2|       m_axi|             gmem_q|       pointer|
|m_axi_gmem_q_ARLOCK               |  out|    2|       m_axi|             gmem_q|       pointer|
|m_axi_gmem_q_ARCACHE              |  out|    4|       m_axi|             gmem_q|       pointer|
|m_axi_gmem_q_ARPROT               |  out|    3|       m_axi|             gmem_q|       pointer|
|m_axi_gmem_q_ARQOS                |  out|    4|       m_axi|             gmem_q|       pointer|
|m_axi_gmem_q_ARREGION             |  out|    4|       m_axi|             gmem_q|       pointer|
|m_axi_gmem_q_ARUSER               |  out|    1|       m_axi|             gmem_q|       pointer|
|m_axi_gmem_q_RVALID               |   in|    1|       m_axi|             gmem_q|       pointer|
|m_axi_gmem_q_RREADY               |  out|    1|       m_axi|             gmem_q|       pointer|
|m_axi_gmem_q_RDATA                |   in|  512|       m_axi|             gmem_q|       pointer|
|m_axi_gmem_q_RLAST                |   in|    1|       m_axi|             gmem_q|       pointer|
|m_axi_gmem_q_RID                  |   in|    1|       m_axi|             gmem_q|       pointer|
|m_axi_gmem_q_RUSER                |   in|    1|       m_axi|             gmem_q|       pointer|
|m_axi_gmem_q_RRESP                |   in|    2|       m_axi|             gmem_q|       pointer|
|m_axi_gmem_q_BVALID               |   in|    1|       m_axi|             gmem_q|       pointer|
|m_axi_gmem_q_BREADY               |  out|    1|       m_axi|             gmem_q|       pointer|
|m_axi_gmem_q_BRESP                |   in|    2|       m_axi|             gmem_q|       pointer|
|m_axi_gmem_q_BID                  |   in|    1|       m_axi|             gmem_q|       pointer|
|m_axi_gmem_q_BUSER                |   in|    1|       m_axi|             gmem_q|       pointer|
|m_axi_gmem_k_AWVALID              |  out|    1|       m_axi|             gmem_k|       pointer|
|m_axi_gmem_k_AWREADY              |   in|    1|       m_axi|             gmem_k|       pointer|
|m_axi_gmem_k_AWADDR               |  out|   64|       m_axi|             gmem_k|       pointer|
|m_axi_gmem_k_AWID                 |  out|    1|       m_axi|             gmem_k|       pointer|
|m_axi_gmem_k_AWLEN                |  out|    8|       m_axi|             gmem_k|       pointer|
|m_axi_gmem_k_AWSIZE               |  out|    3|       m_axi|             gmem_k|       pointer|
|m_axi_gmem_k_AWBURST              |  out|    2|       m_axi|             gmem_k|       pointer|
|m_axi_gmem_k_AWLOCK               |  out|    2|       m_axi|             gmem_k|       pointer|
|m_axi_gmem_k_AWCACHE              |  out|    4|       m_axi|             gmem_k|       pointer|
|m_axi_gmem_k_AWPROT               |  out|    3|       m_axi|             gmem_k|       pointer|
|m_axi_gmem_k_AWQOS                |  out|    4|       m_axi|             gmem_k|       pointer|
|m_axi_gmem_k_AWREGION             |  out|    4|       m_axi|             gmem_k|       pointer|
|m_axi_gmem_k_AWUSER               |  out|    1|       m_axi|             gmem_k|       pointer|
|m_axi_gmem_k_WVALID               |  out|    1|       m_axi|             gmem_k|       pointer|
|m_axi_gmem_k_WREADY               |   in|    1|       m_axi|             gmem_k|       pointer|
|m_axi_gmem_k_WDATA                |  out|  512|       m_axi|             gmem_k|       pointer|
|m_axi_gmem_k_WSTRB                |  out|   64|       m_axi|             gmem_k|       pointer|
|m_axi_gmem_k_WLAST                |  out|    1|       m_axi|             gmem_k|       pointer|
|m_axi_gmem_k_WID                  |  out|    1|       m_axi|             gmem_k|       pointer|
|m_axi_gmem_k_WUSER                |  out|    1|       m_axi|             gmem_k|       pointer|
|m_axi_gmem_k_ARVALID              |  out|    1|       m_axi|             gmem_k|       pointer|
|m_axi_gmem_k_ARREADY              |   in|    1|       m_axi|             gmem_k|       pointer|
|m_axi_gmem_k_ARADDR               |  out|   64|       m_axi|             gmem_k|       pointer|
|m_axi_gmem_k_ARID                 |  out|    1|       m_axi|             gmem_k|       pointer|
|m_axi_gmem_k_ARLEN                |  out|    8|       m_axi|             gmem_k|       pointer|
|m_axi_gmem_k_ARSIZE               |  out|    3|       m_axi|             gmem_k|       pointer|
|m_axi_gmem_k_ARBURST              |  out|    2|       m_axi|             gmem_k|       pointer|
|m_axi_gmem_k_ARLOCK               |  out|    2|       m_axi|             gmem_k|       pointer|
|m_axi_gmem_k_ARCACHE              |  out|    4|       m_axi|             gmem_k|       pointer|
|m_axi_gmem_k_ARPROT               |  out|    3|       m_axi|             gmem_k|       pointer|
|m_axi_gmem_k_ARQOS                |  out|    4|       m_axi|             gmem_k|       pointer|
|m_axi_gmem_k_ARREGION             |  out|    4|       m_axi|             gmem_k|       pointer|
|m_axi_gmem_k_ARUSER               |  out|    1|       m_axi|             gmem_k|       pointer|
|m_axi_gmem_k_RVALID               |   in|    1|       m_axi|             gmem_k|       pointer|
|m_axi_gmem_k_RREADY               |  out|    1|       m_axi|             gmem_k|       pointer|
|m_axi_gmem_k_RDATA                |   in|  512|       m_axi|             gmem_k|       pointer|
|m_axi_gmem_k_RLAST                |   in|    1|       m_axi|             gmem_k|       pointer|
|m_axi_gmem_k_RID                  |   in|    1|       m_axi|             gmem_k|       pointer|
|m_axi_gmem_k_RUSER                |   in|    1|       m_axi|             gmem_k|       pointer|
|m_axi_gmem_k_RRESP                |   in|    2|       m_axi|             gmem_k|       pointer|
|m_axi_gmem_k_BVALID               |   in|    1|       m_axi|             gmem_k|       pointer|
|m_axi_gmem_k_BREADY               |  out|    1|       m_axi|             gmem_k|       pointer|
|m_axi_gmem_k_BRESP                |   in|    2|       m_axi|             gmem_k|       pointer|
|m_axi_gmem_k_BID                  |   in|    1|       m_axi|             gmem_k|       pointer|
|m_axi_gmem_k_BUSER                |   in|    1|       m_axi|             gmem_k|       pointer|
|m_axi_gmem_v_AWVALID              |  out|    1|       m_axi|             gmem_v|       pointer|
|m_axi_gmem_v_AWREADY              |   in|    1|       m_axi|             gmem_v|       pointer|
|m_axi_gmem_v_AWADDR               |  out|   64|       m_axi|             gmem_v|       pointer|
|m_axi_gmem_v_AWID                 |  out|    1|       m_axi|             gmem_v|       pointer|
|m_axi_gmem_v_AWLEN                |  out|    8|       m_axi|             gmem_v|       pointer|
|m_axi_gmem_v_AWSIZE               |  out|    3|       m_axi|             gmem_v|       pointer|
|m_axi_gmem_v_AWBURST              |  out|    2|       m_axi|             gmem_v|       pointer|
|m_axi_gmem_v_AWLOCK               |  out|    2|       m_axi|             gmem_v|       pointer|
|m_axi_gmem_v_AWCACHE              |  out|    4|       m_axi|             gmem_v|       pointer|
|m_axi_gmem_v_AWPROT               |  out|    3|       m_axi|             gmem_v|       pointer|
|m_axi_gmem_v_AWQOS                |  out|    4|       m_axi|             gmem_v|       pointer|
|m_axi_gmem_v_AWREGION             |  out|    4|       m_axi|             gmem_v|       pointer|
|m_axi_gmem_v_AWUSER               |  out|    1|       m_axi|             gmem_v|       pointer|
|m_axi_gmem_v_WVALID               |  out|    1|       m_axi|             gmem_v|       pointer|
|m_axi_gmem_v_WREADY               |   in|    1|       m_axi|             gmem_v|       pointer|
|m_axi_gmem_v_WDATA                |  out|  512|       m_axi|             gmem_v|       pointer|
|m_axi_gmem_v_WSTRB                |  out|   64|       m_axi|             gmem_v|       pointer|
|m_axi_gmem_v_WLAST                |  out|    1|       m_axi|             gmem_v|       pointer|
|m_axi_gmem_v_WID                  |  out|    1|       m_axi|             gmem_v|       pointer|
|m_axi_gmem_v_WUSER                |  out|    1|       m_axi|             gmem_v|       pointer|
|m_axi_gmem_v_ARVALID              |  out|    1|       m_axi|             gmem_v|       pointer|
|m_axi_gmem_v_ARREADY              |   in|    1|       m_axi|             gmem_v|       pointer|
|m_axi_gmem_v_ARADDR               |  out|   64|       m_axi|             gmem_v|       pointer|
|m_axi_gmem_v_ARID                 |  out|    1|       m_axi|             gmem_v|       pointer|
|m_axi_gmem_v_ARLEN                |  out|    8|       m_axi|             gmem_v|       pointer|
|m_axi_gmem_v_ARSIZE               |  out|    3|       m_axi|             gmem_v|       pointer|
|m_axi_gmem_v_ARBURST              |  out|    2|       m_axi|             gmem_v|       pointer|
|m_axi_gmem_v_ARLOCK               |  out|    2|       m_axi|             gmem_v|       pointer|
|m_axi_gmem_v_ARCACHE              |  out|    4|       m_axi|             gmem_v|       pointer|
|m_axi_gmem_v_ARPROT               |  out|    3|       m_axi|             gmem_v|       pointer|
|m_axi_gmem_v_ARQOS                |  out|    4|       m_axi|             gmem_v|       pointer|
|m_axi_gmem_v_ARREGION             |  out|    4|       m_axi|             gmem_v|       pointer|
|m_axi_gmem_v_ARUSER               |  out|    1|       m_axi|             gmem_v|       pointer|
|m_axi_gmem_v_RVALID               |   in|    1|       m_axi|             gmem_v|       pointer|
|m_axi_gmem_v_RREADY               |  out|    1|       m_axi|             gmem_v|       pointer|
|m_axi_gmem_v_RDATA                |   in|  512|       m_axi|             gmem_v|       pointer|
|m_axi_gmem_v_RLAST                |   in|    1|       m_axi|             gmem_v|       pointer|
|m_axi_gmem_v_RID                  |   in|    1|       m_axi|             gmem_v|       pointer|
|m_axi_gmem_v_RUSER                |   in|    1|       m_axi|             gmem_v|       pointer|
|m_axi_gmem_v_RRESP                |   in|    2|       m_axi|             gmem_v|       pointer|
|m_axi_gmem_v_BVALID               |   in|    1|       m_axi|             gmem_v|       pointer|
|m_axi_gmem_v_BREADY               |  out|    1|       m_axi|             gmem_v|       pointer|
|m_axi_gmem_v_BRESP                |   in|    2|       m_axi|             gmem_v|       pointer|
|m_axi_gmem_v_BID                  |   in|    1|       m_axi|             gmem_v|       pointer|
|m_axi_gmem_v_BUSER                |   in|    1|       m_axi|             gmem_v|       pointer|
|q_stream_TDATA                    |  out|  512|        axis|           q_stream|       pointer|
|q_stream_TVALID                   |  out|    1|        axis|           q_stream|       pointer|
|q_stream_TREADY                   |   in|    1|        axis|           q_stream|       pointer|
|k_stream_TDATA                    |  out|  512|        axis|           k_stream|       pointer|
|k_stream_TVALID                   |  out|    1|        axis|           k_stream|       pointer|
|k_stream_TREADY                   |   in|    1|        axis|           k_stream|       pointer|
|v_stream_TDATA                    |  out|  512|        axis|           v_stream|       pointer|
|v_stream_TVALID                   |  out|    1|        axis|           v_stream|       pointer|
|v_stream_TREADY                   |   in|    1|        axis|           v_stream|       pointer|
+----------------------------------+-----+-----+------------+-------------------+--------------+

