

================================================================
== Vitis HLS Report for 'load_hidden_matrix_Pipeline_LOAD_HIDDEN_ROW_LOAD_HIDDEN_PACK'
================================================================
* Date:           Mon Jul 13 11:08:07 2026

* Version:        2022.1 (Build 3526262 on Mon Apr 18 15:47:01 MDT 2022)
* Project:        proj_bert_qkv_kernel
* Solution:       solution1 (Vivado IP Flow Target)
* Product family: virtexuplus
* Target device:  xcu250-figd2104-2L-e


================================================================
== Performance Estimates
================================================================
+ Timing: 
    * Summary: 
    +--------+---------+----------+------------+
    |  Clock |  Target | Estimated| Uncertainty|
    +--------+---------+----------+------------+
    |ap_clk  |  3.33 ns|  2.433 ns|     0.90 ns|
    +--------+---------+----------+------------+

+ Latency: 
    * Summary: 
    +---------+---------+-----------+-----------+-------+-------+---------+
    |  Latency (cycles) |   Latency (absolute)  |    Interval   | Pipeline|
    |   min   |   max   |    min    |    max    |  min  |  max  |   Type  |
    +---------+---------+-----------+-----------+-------+-------+---------+
    |    12291|    12291|  40.966 us|  40.966 us|  12291|  12291|       no|
    +---------+---------+-----------+-----------+-------+-------+---------+

    + Detail: 
        * Instance: 
        N/A

        * Loop: 
        +------------------------------------+---------+---------+----------+-----------+-----------+------+----------+
        |                                    |  Latency (cycles) | Iteration|  Initiation Interval  | Trip |          |
        |              Loop Name             |   min   |   max   |  Latency |  achieved |   target  | Count| Pipelined|
        +------------------------------------+---------+---------+----------+-----------+-----------+------+----------+
        |- LOAD_HIDDEN_ROW_LOAD_HIDDEN_PACK  |    12289|    12289|         4|          2|          1|  6144|       yes|
        +------------------------------------+---------+---------+----------+-----------+-----------+------+----------+



================================================================
== Utilization Estimates
================================================================
* Summary: 
+---------------------+---------+-------+---------+---------+------+
|         Name        | BRAM_18K|  DSP  |    FF   |   LUT   | URAM |
+---------------------+---------+-------+---------+---------+------+
|DSP                  |        -|      -|        -|        -|     -|
|Expression           |        -|      -|        0|      160|     -|
|FIFO                 |        -|      -|        -|        -|     -|
|Instance             |        -|      -|        -|        -|     -|
|Memory               |        -|      -|        -|        -|     -|
|Multiplexer          |        -|      -|        -|      132|     -|
|Register             |        -|      -|      586|        -|     -|
+---------------------+---------+-------+---------+---------+------+
|Total                |        0|      0|      586|      292|     0|
+---------------------+---------+-------+---------+---------+------+
|Available SLR        |     1344|   3072|   864000|   432000|   320|
+---------------------+---------+-------+---------+---------+------+
|Utilization SLR (%)  |        0|      0|       ~0|       ~0|     0|
+---------------------+---------+-------+---------+---------+------+
|Available            |     5376|  12288|  3456000|  1728000|  1280|
+---------------------+---------+-------+---------+---------+------+
|Utilization (%)      |        0|      0|       ~0|       ~0|     0|
+---------------------+---------+-------+---------+---------+------+

+ Detail: 
    * Instance: 
    N/A

    * DSP: 
    N/A

    * Memory: 
    N/A

    * FIFO: 
    N/A

    * Expression: 
    +----------------------------------+----------+----+---+----+------------+------------+
    |           Variable Name          | Operation| DSP| FF| LUT| Bitwidth P0| Bitwidth P1|
    +----------------------------------+----------+----+---+----+------------+------------+
    |add_ln65_1_fu_164_p2              |         +|   0|  0|  20|          13|           1|
    |add_ln65_fu_176_p2                |         +|   0|  0|  15|           8|           1|
    |add_ln67_fu_234_p2                |         +|   0|  0|  13|           6|           1|
    |add_ln75_1_fu_291_p2              |         +|   0|  0|  21|          14|          14|
    |add_ln75_fu_272_p2                |         +|   0|  0|  21|          14|          14|
    |sub_ln75_fu_228_p2                |         -|   0|  0|  21|          14|          14|
    |ap_block_pp0_stage1_11001         |       and|   0|  0|   2|           1|           1|
    |ap_block_state2_pp0_stage1_iter0  |       and|   0|  0|   2|           1|           1|
    |icmp_ln65_fu_158_p2               |      icmp|   0|  0|  12|          13|          13|
    |icmp_ln67_fu_182_p2               |      icmp|   0|  0|  10|           6|           6|
    |or_ln75_fu_281_p2                 |        or|   0|  0|   7|           7|           1|
    |select_ln65_1_fu_196_p3           |    select|   0|  0|   8|           1|           8|
    |select_ln65_fu_188_p3             |    select|   0|  0|   6|           1|           1|
    |ap_enable_pp0                     |       xor|   0|  0|   2|           1|           2|
    +----------------------------------+----------+----+---+----+------------+------------+
    |Total                             |          |   0|  0| 160|         100|          78|
    +----------------------------------+----------+----+---+----+------------+------------+

    * Multiplexer: 
    +--------------------------------------+----+-----------+-----+-----------+
    |                 Name                 | LUT| Input Size| Bits| Total Bits|
    +--------------------------------------+----+-----------+-----+-----------+
    |ap_NS_fsm                             |  14|          3|    1|          3|
    |ap_done_int                           |   9|          2|    1|          2|
    |ap_enable_reg_pp0_iter0               |   9|          2|    1|          2|
    |ap_enable_reg_pp0_iter1               |   9|          2|    1|          2|
    |ap_sig_allocacmp_indvar_flatten_load  |   9|          2|   13|         26|
    |ap_sig_allocacmp_p_load               |   9|          2|    6|         12|
    |ap_sig_allocacmp_s_load               |   9|          2|    8|         16|
    |gmem_hidden_blk_n_R                   |   9|          2|    1|          2|
    |hidden_address1                       |  14|          3|   14|         42|
    |hidden_d1                             |  14|          3|  256|        768|
    |indvar_flatten_fu_96                  |   9|          2|   13|         26|
    |p_fu_88                               |   9|          2|    6|         12|
    |s_fu_92                               |   9|          2|    8|         16|
    +--------------------------------------+----+-----------+-----+-----------+
    |Total                                 | 132|         29|  329|        929|
    +--------------------------------------+----+-----------+-----+-----------+

    * Register: 
    +-----------------------------+-----+----+-----+-----------+
    |             Name            |  FF | LUT| Bits| Const Bits|
    +-----------------------------+-----+----+-----+-----------+
    |add_ln75_1_reg_365           |   13|   0|   14|          1|
    |add_ln75_reg_355             |   13|   0|   14|          1|
    |ap_CS_fsm                    |    2|   0|    2|          0|
    |ap_done_reg                  |    1|   0|    1|          0|
    |ap_enable_reg_pp0_iter0_reg  |    1|   0|    1|          0|
    |ap_enable_reg_pp0_iter1      |    1|   0|    1|          0|
    |icmp_ln65_reg_340            |    1|   0|    1|          0|
    |indvar_flatten_fu_96         |   13|   0|   13|          0|
    |p_fu_88                      |    6|   0|    6|          0|
    |s_fu_92                      |    8|   0|    8|          0|
    |select_ln65_reg_344          |    6|   0|    6|          0|
    |sub_ln75_reg_349             |    9|   0|   14|          5|
    |tmp_210_reg_370              |  256|   0|  256|          0|
    |trunc_ln75_1_reg_360         |  256|   0|  256|          0|
    +-----------------------------+-----+----+-----+-----------+
    |Total                        |  586|   0|  593|          7|
    +-----------------------------+-----+----+-----+-----------+



================================================================
== Interface
================================================================
* Summary: 
+----------------------------+-----+-----+------------+--------------------------------------------------------------+--------------+
|          RTL Ports         | Dir | Bits|  Protocol  |                         Source Object                        |    C Type    |
+----------------------------+-----+-----+------------+--------------------------------------------------------------+--------------+
|ap_clk                      |   in|    1|  ap_ctrl_hs|  load_hidden_matrix_Pipeline_LOAD_HIDDEN_ROW_LOAD_HIDDEN_PACK|  return value|
|ap_rst                      |   in|    1|  ap_ctrl_hs|  load_hidden_matrix_Pipeline_LOAD_HIDDEN_ROW_LOAD_HIDDEN_PACK|  return value|
|ap_start                    |   in|    1|  ap_ctrl_hs|  load_hidden_matrix_Pipeline_LOAD_HIDDEN_ROW_LOAD_HIDDEN_PACK|  return value|
|ap_done                     |  out|    1|  ap_ctrl_hs|  load_hidden_matrix_Pipeline_LOAD_HIDDEN_ROW_LOAD_HIDDEN_PACK|  return value|
|ap_idle                     |  out|    1|  ap_ctrl_hs|  load_hidden_matrix_Pipeline_LOAD_HIDDEN_ROW_LOAD_HIDDEN_PACK|  return value|
|ap_ready                    |  out|    1|  ap_ctrl_hs|  load_hidden_matrix_Pipeline_LOAD_HIDDEN_ROW_LOAD_HIDDEN_PACK|  return value|
|m_axi_gmem_hidden_AWVALID   |  out|    1|       m_axi|                                                   gmem_hidden|       pointer|
|m_axi_gmem_hidden_AWREADY   |   in|    1|       m_axi|                                                   gmem_hidden|       pointer|
|m_axi_gmem_hidden_AWADDR    |  out|   64|       m_axi|                                                   gmem_hidden|       pointer|
|m_axi_gmem_hidden_AWID      |  out|    1|       m_axi|                                                   gmem_hidden|       pointer|
|m_axi_gmem_hidden_AWLEN     |  out|   32|       m_axi|                                                   gmem_hidden|       pointer|
|m_axi_gmem_hidden_AWSIZE    |  out|    3|       m_axi|                                                   gmem_hidden|       pointer|
|m_axi_gmem_hidden_AWBURST   |  out|    2|       m_axi|                                                   gmem_hidden|       pointer|
|m_axi_gmem_hidden_AWLOCK    |  out|    2|       m_axi|                                                   gmem_hidden|       pointer|
|m_axi_gmem_hidden_AWCACHE   |  out|    4|       m_axi|                                                   gmem_hidden|       pointer|
|m_axi_gmem_hidden_AWPROT    |  out|    3|       m_axi|                                                   gmem_hidden|       pointer|
|m_axi_gmem_hidden_AWQOS     |  out|    4|       m_axi|                                                   gmem_hidden|       pointer|
|m_axi_gmem_hidden_AWREGION  |  out|    4|       m_axi|                                                   gmem_hidden|       pointer|
|m_axi_gmem_hidden_AWUSER    |  out|    1|       m_axi|                                                   gmem_hidden|       pointer|
|m_axi_gmem_hidden_WVALID    |  out|    1|       m_axi|                                                   gmem_hidden|       pointer|
|m_axi_gmem_hidden_WREADY    |   in|    1|       m_axi|                                                   gmem_hidden|       pointer|
|m_axi_gmem_hidden_WDATA     |  out|  512|       m_axi|                                                   gmem_hidden|       pointer|
|m_axi_gmem_hidden_WSTRB     |  out|   64|       m_axi|                                                   gmem_hidden|       pointer|
|m_axi_gmem_hidden_WLAST     |  out|    1|       m_axi|                                                   gmem_hidden|       pointer|
|m_axi_gmem_hidden_WID       |  out|    1|       m_axi|                                                   gmem_hidden|       pointer|
|m_axi_gmem_hidden_WUSER     |  out|    1|       m_axi|                                                   gmem_hidden|       pointer|
|m_axi_gmem_hidden_ARVALID   |  out|    1|       m_axi|                                                   gmem_hidden|       pointer|
|m_axi_gmem_hidden_ARREADY   |   in|    1|       m_axi|                                                   gmem_hidden|       pointer|
|m_axi_gmem_hidden_ARADDR    |  out|   64|       m_axi|                                                   gmem_hidden|       pointer|
|m_axi_gmem_hidden_ARID      |  out|    1|       m_axi|                                                   gmem_hidden|       pointer|
|m_axi_gmem_hidden_ARLEN     |  out|   32|       m_axi|                                                   gmem_hidden|       pointer|
|m_axi_gmem_hidden_ARSIZE    |  out|    3|       m_axi|                                                   gmem_hidden|       pointer|
|m_axi_gmem_hidden_ARBURST   |  out|    2|       m_axi|                                                   gmem_hidden|       pointer|
|m_axi_gmem_hidden_ARLOCK    |  out|    2|       m_axi|                                                   gmem_hidden|       pointer|
|m_axi_gmem_hidden_ARCACHE   |  out|    4|       m_axi|                                                   gmem_hidden|       pointer|
|m_axi_gmem_hidden_ARPROT    |  out|    3|       m_axi|                                                   gmem_hidden|       pointer|
|m_axi_gmem_hidden_ARQOS     |  out|    4|       m_axi|                                                   gmem_hidden|       pointer|
|m_axi_gmem_hidden_ARREGION  |  out|    4|       m_axi|                                                   gmem_hidden|       pointer|
|m_axi_gmem_hidden_ARUSER    |  out|    1|       m_axi|                                                   gmem_hidden|       pointer|
|m_axi_gmem_hidden_RVALID    |   in|    1|       m_axi|                                                   gmem_hidden|       pointer|
|m_axi_gmem_hidden_RREADY    |  out|    1|       m_axi|                                                   gmem_hidden|       pointer|
|m_axi_gmem_hidden_RDATA     |   in|  512|       m_axi|                                                   gmem_hidden|       pointer|
|m_axi_gmem_hidden_RLAST     |   in|    1|       m_axi|                                                   gmem_hidden|       pointer|
|m_axi_gmem_hidden_RID       |   in|    1|       m_axi|                                                   gmem_hidden|       pointer|
|m_axi_gmem_hidden_RFIFONUM  |   in|    9|       m_axi|                                                   gmem_hidden|       pointer|
|m_axi_gmem_hidden_RUSER     |   in|    1|       m_axi|                                                   gmem_hidden|       pointer|
|m_axi_gmem_hidden_RRESP     |   in|    2|       m_axi|                                                   gmem_hidden|       pointer|
|m_axi_gmem_hidden_BVALID    |   in|    1|       m_axi|                                                   gmem_hidden|       pointer|
|m_axi_gmem_hidden_BREADY    |  out|    1|       m_axi|                                                   gmem_hidden|       pointer|
|m_axi_gmem_hidden_BRESP     |   in|    2|       m_axi|                                                   gmem_hidden|       pointer|
|m_axi_gmem_hidden_BID       |   in|    1|       m_axi|                                                   gmem_hidden|       pointer|
|m_axi_gmem_hidden_BUSER     |   in|    1|       m_axi|                                                   gmem_hidden|       pointer|
|sext_ln65                   |   in|   58|     ap_none|                                                     sext_ln65|        scalar|
|hidden_address1             |  out|   14|   ap_memory|                                                        hidden|         array|
|hidden_ce1                  |  out|    1|   ap_memory|                                                        hidden|         array|
|hidden_we1                  |  out|    1|   ap_memory|                                                        hidden|         array|
|hidden_d1                   |  out|  256|   ap_memory|                                                        hidden|         array|
+----------------------------+-----+-----+------------+--------------------------------------------------------------+--------------+

