

================================================================
== Vitis HLS Report for 'load_qkv_weight_tile'
================================================================
* Date:           Mon Jul 13 11:08:08 2026

* Version:        2022.1 (Build 3526262 on Mon Apr 18 15:47:01 MDT 2022)
* Project:        proj_bert_qkv_kernel
* Solution:       solution1 (Vivado IP Flow Target)
* Product family: virtexuplus
* Target device:  xcu250-figd2104-2L-e


================================================================
== Performance Estimates
================================================================
+ Timing: 
    * Summary: 
    +--------+---------+----------+------------+
    |  Clock |  Target | Estimated| Uncertainty|
    +--------+---------+----------+------------+
    |ap_clk  |  3.33 ns|  2.433 ns|     0.90 ns|
    +--------+---------+----------+------------+

+ Latency: 
    * Summary: 
    +---------+---------+-----------+-----------+------+------+---------+
    |  Latency (cycles) |   Latency (absolute)  |   Interval  | Pipeline|
    |   min   |   max   |    min    |    max    |  min |  max |   Type  |
    +---------+---------+-----------+-----------+------+------+---------+
    |     6156|     6156|  20.518 us|  20.518 us|  6156|  6156|       no|
    +---------+---------+-----------+-----------+------+------+---------+

    + Detail: 
        * Instance: 
        +------------------------------------------------------------------------------+-------------------------------------------------------------------+---------+---------+-----------+-----------+------+------+---------+
        |                                                                              |                                                                   |  Latency (cycles) |   Latency (absolute)  |   Interval  | Pipeline|
        |                                   Instance                                   |                               Module                              |   min   |   max   |    min    |    max    |  min |  max |   Type  |
        +------------------------------------------------------------------------------+-------------------------------------------------------------------+---------+---------+-----------+-----------+------+------+---------+
        |grp_load_qkv_weight_tile_Pipeline_LOAD_WEIGHT_PACK_LOAD_WEIGHT_OUTPUT_fu_501  |load_qkv_weight_tile_Pipeline_LOAD_WEIGHT_PACK_LOAD_WEIGHT_OUTPUT  |     6147|     6147|  20.488 us|  20.488 us|  6147|  6147|       no|
        +------------------------------------------------------------------------------+-------------------------------------------------------------------+---------+---------+-----------+-----------+------+------+---------+

        * Loop: 
        N/A



================================================================
== Utilization Estimates
================================================================
* Summary: 
+---------------------+---------+-------+---------+---------+------+
|         Name        | BRAM_18K|  DSP  |    FF   |   LUT   | URAM |
+---------------------+---------+-------+---------+---------+------+
|DSP                  |        -|      -|        -|        -|     -|
|Expression           |        -|      -|        0|      239|     -|
|FIFO                 |        -|      -|        -|        -|     -|
|Instance             |        -|      -|     1616|     5635|     -|
|Memory               |        -|      -|        -|        -|     -|
|Multiplexer          |        -|      -|        -|      482|     -|
|Register             |        -|      -|      185|        -|     -|
+---------------------+---------+-------+---------+---------+------+
|Total                |        0|      0|     1801|     6356|     0|
+---------------------+---------+-------+---------+---------+------+
|Available SLR        |     1344|   3072|   864000|   432000|   320|
+---------------------+---------+-------+---------+---------+------+
|Utilization SLR (%)  |        0|      0|       ~0|        1|     0|
+---------------------+---------+-------+---------+---------+------+
|Available            |     5376|  12288|  3456000|  1728000|  1280|
+---------------------+---------+-------+---------+---------+------+
|Utilization (%)      |        0|      0|       ~0|       ~0|     0|
+---------------------+---------+-------+---------+---------+------+

+ Detail: 
    * Instance: 
    +------------------------------------------------------------------------------+-------------------------------------------------------------------+---------+----+------+------+-----+
    |                                   Instance                                   |                               Module                              | BRAM_18K| DSP|  FF  |  LUT | URAM|
    +------------------------------------------------------------------------------+-------------------------------------------------------------------+---------+----+------+------+-----+
    |grp_load_qkv_weight_tile_Pipeline_LOAD_WEIGHT_PACK_LOAD_WEIGHT_OUTPUT_fu_501  |load_qkv_weight_tile_Pipeline_LOAD_WEIGHT_PACK_LOAD_WEIGHT_OUTPUT  |        0|   0|  1616|  5635|    0|
    +------------------------------------------------------------------------------+-------------------------------------------------------------------+---------+----+------+------+-----+
    |Total                                                                         |                                                                   |        0|   0|  1616|  5635|    0|
    +------------------------------------------------------------------------------+-------------------------------------------------------------------+---------+----+------+------+-----+

    * DSP: 
    N/A

    * Memory: 
    N/A

    * FIFO: 
    N/A

    * Expression: 
    +-----------------------+----------+----+---+----+------------+------------+
    |     Variable Name     | Operation| DSP| FF| LUT| Bitwidth P0| Bitwidth P1|
    +-----------------------+----------+----+---+----+------------+------------+
    |add_ln125_1_fu_956_p2  |         +|   0|  0|  71|          64|          64|
    |add_ln125_2_fu_972_p2  |         +|   0|  0|  71|          64|          64|
    |add_ln125_fu_940_p2    |         +|   0|  0|  71|          64|          64|
    |sub_ln125_fu_922_p2    |         -|   0|  0|  24|          17|          17|
    |ap_block_state2_io     |        or|   0|  0|   2|           1|           1|
    +-----------------------+----------+----+---+----+------------+------------+
    |Total                  |          |   0|  0| 239|         210|         210|
    +-----------------------+----------+----+---+----+------------+------------+

    * Multiplexer: 
    +-----------------------+----+-----------+-----+-----------+
    |          Name         | LUT| Input Size| Bits| Total Bits|
    +-----------------------+----+-----------+-----+-----------+
    |ap_NS_fsm              |  59|         11|    1|         11|
    |gmem_k_blk_n_AR        |   9|          2|    1|          2|
    |gmem_q_blk_n_AR        |   9|          2|    1|          2|
    |gmem_v_blk_n_AR        |   9|          2|    1|          2|
    |m_axi_gmem_k_ARADDR    |  14|          3|   64|        192|
    |m_axi_gmem_k_ARBURST   |   9|          2|    2|          4|
    |m_axi_gmem_k_ARCACHE   |   9|          2|    4|          8|
    |m_axi_gmem_k_ARID      |   9|          2|    1|          2|
    |m_axi_gmem_k_ARLEN     |  14|          3|   32|         96|
    |m_axi_gmem_k_ARLOCK    |   9|          2|    2|          4|
    |m_axi_gmem_k_ARPROT    |   9|          2|    3|          6|
    |m_axi_gmem_k_ARQOS     |   9|          2|    4|          8|
    |m_axi_gmem_k_ARREGION  |   9|          2|    4|          8|
    |m_axi_gmem_k_ARSIZE    |   9|          2|    3|          6|
    |m_axi_gmem_k_ARUSER    |   9|          2|    1|          2|
    |m_axi_gmem_k_ARVALID   |  14|          3|    1|          3|
    |m_axi_gmem_k_RREADY    |   9|          2|    1|          2|
    |m_axi_gmem_q_ARADDR    |  14|          3|   64|        192|
    |m_axi_gmem_q_ARBURST   |   9|          2|    2|          4|
    |m_axi_gmem_q_ARCACHE   |   9|          2|    4|          8|
    |m_axi_gmem_q_ARID      |   9|          2|    1|          2|
    |m_axi_gmem_q_ARLEN     |  14|          3|   32|         96|
    |m_axi_gmem_q_ARLOCK    |   9|          2|    2|          4|
    |m_axi_gmem_q_ARPROT    |   9|          2|    3|          6|
    |m_axi_gmem_q_ARQOS     |   9|          2|    4|          8|
    |m_axi_gmem_q_ARREGION  |   9|          2|    4|          8|
    |m_axi_gmem_q_ARSIZE    |   9|          2|    3|          6|
    |m_axi_gmem_q_ARUSER    |   9|          2|    1|          2|
    |m_axi_gmem_q_ARVALID   |  14|          3|    1|          3|
    |m_axi_gmem_q_RREADY    |   9|          2|    1|          2|
    |m_axi_gmem_v_ARADDR    |  14|          3|   64|        192|
    |m_axi_gmem_v_ARBURST   |   9|          2|    2|          4|
    |m_axi_gmem_v_ARCACHE   |   9|          2|    4|          8|
    |m_axi_gmem_v_ARID      |   9|          2|    1|          2|
    |m_axi_gmem_v_ARLEN     |  14|          3|   32|         96|
    |m_axi_gmem_v_ARLOCK    |   9|          2|    2|          4|
    |m_axi_gmem_v_ARPROT    |   9|          2|    3|          6|
    |m_axi_gmem_v_ARQOS     |   9|          2|    4|          8|
    |m_axi_gmem_v_ARREGION  |   9|          2|    4|          8|
    |m_axi_gmem_v_ARSIZE    |   9|          2|    3|          6|
    |m_axi_gmem_v_ARUSER    |   9|          2|    1|          2|
    |m_axi_gmem_v_ARVALID   |  14|          3|    1|          3|
    |m_axi_gmem_v_RREADY    |   9|          2|    1|          2|
    +-----------------------+----+-----------+-----+-----------+
    |Total                  | 482|        104|  370|       1040|
    +-----------------------+----+-----------+-----+-----------+

    * Register: 
    +-------------------------------------------------------------------------------------------+----+----+-----+-----------+
    |                                            Name                                           | FF | LUT| Bits| Const Bits|
    +-------------------------------------------------------------------------------------------+----+----+-----+-----------+
    |ap_CS_fsm                                                                                  |  10|   0|   10|          0|
    |grp_load_qkv_weight_tile_Pipeline_LOAD_WEIGHT_PACK_LOAD_WEIGHT_OUTPUT_fu_501_ap_start_reg  |   1|   0|    1|          0|
    |trunc_ln125_1_reg_1024                                                                     |  58|   0|   58|          0|
    |trunc_ln125_2_reg_1030                                                                     |  58|   0|   58|          0|
    |trunc_ln_reg_1018                                                                          |  58|   0|   58|          0|
    +-------------------------------------------------------------------------------------------+----+----+-----+-----------+
    |Total                                                                                      | 185|   0|  185|          0|
    +-------------------------------------------------------------------------------------------+----+----+-----+-----------+



================================================================
== Interface
================================================================
* Summary: 
+-----------------------+-----+-----+------------+----------------------+--------------+
|       RTL Ports       | Dir | Bits|  Protocol  |     Source Object    |    C Type    |
+-----------------------+-----+-----+------------+----------------------+--------------+
|ap_clk                 |   in|    1|  ap_ctrl_hs|  load_qkv_weight_tile|  return value|
|ap_rst                 |   in|    1|  ap_ctrl_hs|  load_qkv_weight_tile|  return value|
|ap_start               |   in|    1|  ap_ctrl_hs|  load_qkv_weight_tile|  return value|
|ap_done                |  out|    1|  ap_ctrl_hs|  load_qkv_weight_tile|  return value|
|ap_idle                |  out|    1|  ap_ctrl_hs|  load_qkv_weight_tile|  return value|
|ap_ready               |  out|    1|  ap_ctrl_hs|  load_qkv_weight_tile|  return value|
|m_axi_gmem_q_AWVALID   |  out|    1|       m_axi|                gmem_q|       pointer|
|m_axi_gmem_q_AWREADY   |   in|    1|       m_axi|                gmem_q|       pointer|
|m_axi_gmem_q_AWADDR    |  out|   64|       m_axi|                gmem_q|       pointer|
|m_axi_gmem_q_AWID      |  out|    1|       m_axi|                gmem_q|       pointer|
|m_axi_gmem_q_AWLEN     |  out|   32|       m_axi|                gmem_q|       pointer|
|m_axi_gmem_q_AWSIZE    |  out|    3|       m_axi|                gmem_q|       pointer|
|m_axi_gmem_q_AWBURST   |  out|    2|       m_axi|                gmem_q|       pointer|
|m_axi_gmem_q_AWLOCK    |  out|    2|       m_axi|                gmem_q|       pointer|
|m_axi_gmem_q_AWCACHE   |  out|    4|       m_axi|                gmem_q|       pointer|
|m_axi_gmem_q_AWPROT    |  out|    3|       m_axi|                gmem_q|       pointer|
|m_axi_gmem_q_AWQOS     |  out|    4|       m_axi|                gmem_q|       pointer|
|m_axi_gmem_q_AWREGION  |  out|    4|       m_axi|                gmem_q|       pointer|
|m_axi_gmem_q_AWUSER    |  out|    1|       m_axi|                gmem_q|       pointer|
|m_axi_gmem_q_WVALID    |  out|    1|       m_axi|                gmem_q|       pointer|
|m_axi_gmem_q_WREADY    |   in|    1|       m_axi|                gmem_q|       pointer|
|m_axi_gmem_q_WDATA     |  out|  512|       m_axi|                gmem_q|       pointer|
|m_axi_gmem_q_WSTRB     |  out|   64|       m_axi|                gmem_q|       pointer|
|m_axi_gmem_q_WLAST     |  out|    1|       m_axi|                gmem_q|       pointer|
|m_axi_gmem_q_WID       |  out|    1|       m_axi|                gmem_q|       pointer|
|m_axi_gmem_q_WUSER     |  out|    1|       m_axi|                gmem_q|       pointer|
|m_axi_gmem_q_ARVALID   |  out|    1|       m_axi|                gmem_q|       pointer|
|m_axi_gmem_q_ARREADY   |   in|    1|       m_axi|                gmem_q|       pointer|
|m_axi_gmem_q_ARADDR    |  out|   64|       m_axi|                gmem_q|       pointer|
|m_axi_gmem_q_ARID      |  out|    1|       m_axi|                gmem_q|       pointer|
|m_axi_gmem_q_ARLEN     |  out|   32|       m_axi|                gmem_q|       pointer|
|m_axi_gmem_q_ARSIZE    |  out|    3|       m_axi|                gmem_q|       pointer|
|m_axi_gmem_q_ARBURST   |  out|    2|       m_axi|                gmem_q|       pointer|
|m_axi_gmem_q_ARLOCK    |  out|    2|       m_axi|                gmem_q|       pointer|
|m_axi_gmem_q_ARCACHE   |  out|    4|       m_axi|                gmem_q|       pointer|
|m_axi_gmem_q_ARPROT    |  out|    3|       m_axi|                gmem_q|       pointer|
|m_axi_gmem_q_ARQOS     |  out|    4|       m_axi|                gmem_q|       pointer|
|m_axi_gmem_q_ARREGION  |  out|    4|       m_axi|                gmem_q|       pointer|
|m_axi_gmem_q_ARUSER    |  out|    1|       m_axi|                gmem_q|       pointer|
|m_axi_gmem_q_RVALID    |   in|    1|       m_axi|                gmem_q|       pointer|
|m_axi_gmem_q_RREADY    |  out|    1|       m_axi|                gmem_q|       pointer|
|m_axi_gmem_q_RDATA     |   in|  512|       m_axi|                gmem_q|       pointer|
|m_axi_gmem_q_RLAST     |   in|    1|       m_axi|                gmem_q|       pointer|
|m_axi_gmem_q_RID       |   in|    1|       m_axi|                gmem_q|       pointer|
|m_axi_gmem_q_RFIFONUM  |   in|    9|       m_axi|                gmem_q|       pointer|
|m_axi_gmem_q_RUSER     |   in|    1|       m_axi|                gmem_q|       pointer|
|m_axi_gmem_q_RRESP     |   in|    2|       m_axi|                gmem_q|       pointer|
|m_axi_gmem_q_BVALID    |   in|    1|       m_axi|                gmem_q|       pointer|
|m_axi_gmem_q_BREADY    |  out|    1|       m_axi|                gmem_q|       pointer|
|m_axi_gmem_q_BRESP     |   in|    2|       m_axi|                gmem_q|       pointer|
|m_axi_gmem_q_BID       |   in|    1|       m_axi|                gmem_q|       pointer|
|m_axi_gmem_q_BUSER     |   in|    1|       m_axi|                gmem_q|       pointer|
|q_weight               |   in|   64|     ap_none|              q_weight|        scalar|
|m_axi_gmem_k_AWVALID   |  out|    1|       m_axi|                gmem_k|       pointer|
|m_axi_gmem_k_AWREADY   |   in|    1|       m_axi|                gmem_k|       pointer|
|m_axi_gmem_k_AWADDR    |  out|   64|       m_axi|                gmem_k|       pointer|
|m_axi_gmem_k_AWID      |  out|    1|       m_axi|                gmem_k|       pointer|
|m_axi_gmem_k_AWLEN     |  out|   32|       m_axi|                gmem_k|       pointer|
|m_axi_gmem_k_AWSIZE    |  out|    3|       m_axi|                gmem_k|       pointer|
|m_axi_gmem_k_AWBURST   |  out|    2|       m_axi|                gmem_k|       pointer|
|m_axi_gmem_k_AWLOCK    |  out|    2|       m_axi|                gmem_k|       pointer|
|m_axi_gmem_k_AWCACHE   |  out|    4|       m_axi|                gmem_k|       pointer|
|m_axi_gmem_k_AWPROT    |  out|    3|       m_axi|                gmem_k|       pointer|
|m_axi_gmem_k_AWQOS     |  out|    4|       m_axi|                gmem_k|       pointer|
|m_axi_gmem_k_AWREGION  |  out|    4|       m_axi|                gmem_k|       pointer|
|m_axi_gmem_k_AWUSER    |  out|    1|       m_axi|                gmem_k|       pointer|
|m_axi_gmem_k_WVALID    |  out|    1|       m_axi|                gmem_k|       pointer|
|m_axi_gmem_k_WREADY    |   in|    1|       m_axi|                gmem_k|       pointer|
|m_axi_gmem_k_WDATA     |  out|  512|       m_axi|                gmem_k|       pointer|
|m_axi_gmem_k_WSTRB     |  out|   64|       m_axi|                gmem_k|       pointer|
|m_axi_gmem_k_WLAST     |  out|    1|       m_axi|                gmem_k|       pointer|
|m_axi_gmem_k_WID       |  out|    1|       m_axi|                gmem_k|       pointer|
|m_axi_gmem_k_WUSER     |  out|    1|       m_axi|                gmem_k|       pointer|
|m_axi_gmem_k_ARVALID   |  out|    1|       m_axi|                gmem_k|       pointer|
|m_axi_gmem_k_ARREADY   |   in|    1|       m_axi|                gmem_k|       pointer|
|m_axi_gmem_k_ARADDR    |  out|   64|       m_axi|                gmem_k|       pointer|
|m_axi_gmem_k_ARID      |  out|    1|       m_axi|                gmem_k|       pointer|
|m_axi_gmem_k_ARLEN     |  out|   32|       m_axi|                gmem_k|       pointer|
|m_axi_gmem_k_ARSIZE    |  out|    3|       m_axi|                gmem_k|       pointer|
|m_axi_gmem_k_ARBURST   |  out|    2|       m_axi|                gmem_k|       pointer|
|m_axi_gmem_k_ARLOCK    |  out|    2|       m_axi|                gmem_k|       pointer|
|m_axi_gmem_k_ARCACHE   |  out|    4|       m_axi|                gmem_k|       pointer|
|m_axi_gmem_k_ARPROT    |  out|    3|       m_axi|                gmem_k|       pointer|
|m_axi_gmem_k_ARQOS     |  out|    4|       m_axi|                gmem_k|       pointer|
|m_axi_gmem_k_ARREGION  |  out|    4|       m_axi|                gmem_k|       pointer|
|m_axi_gmem_k_ARUSER    |  out|    1|       m_axi|                gmem_k|       pointer|
|m_axi_gmem_k_RVALID    |   in|    1|       m_axi|                gmem_k|       pointer|
|m_axi_gmem_k_RREADY    |  out|    1|       m_axi|                gmem_k|       pointer|
|m_axi_gmem_k_RDATA     |   in|  512|       m_axi|                gmem_k|       pointer|
|m_axi_gmem_k_RLAST     |   in|    1|       m_axi|                gmem_k|       pointer|
|m_axi_gmem_k_RID       |   in|    1|       m_axi|                gmem_k|       pointer|
|m_axi_gmem_k_RFIFONUM  |   in|    9|       m_axi|                gmem_k|       pointer|
|m_axi_gmem_k_RUSER     |   in|    1|       m_axi|                gmem_k|       pointer|
|m_axi_gmem_k_RRESP     |   in|    2|       m_axi|                gmem_k|       pointer|
|m_axi_gmem_k_BVALID    |   in|    1|       m_axi|                gmem_k|       pointer|
|m_axi_gmem_k_BREADY    |  out|    1|       m_axi|                gmem_k|       pointer|
|m_axi_gmem_k_BRESP     |   in|    2|       m_axi|                gmem_k|       pointer|
|m_axi_gmem_k_BID       |   in|    1|       m_axi|                gmem_k|       pointer|
|m_axi_gmem_k_BUSER     |   in|    1|       m_axi|                gmem_k|       pointer|
|k_weight               |   in|   64|     ap_none|              k_weight|        scalar|
|m_axi_gmem_v_AWVALID   |  out|    1|       m_axi|                gmem_v|       pointer|
|m_axi_gmem_v_AWREADY   |   in|    1|       m_axi|                gmem_v|       pointer|
|m_axi_gmem_v_AWADDR    |  out|   64|       m_axi|                gmem_v|       pointer|
|m_axi_gmem_v_AWID      |  out|    1|       m_axi|                gmem_v|       pointer|
|m_axi_gmem_v_AWLEN     |  out|   32|       m_axi|                gmem_v|       pointer|
|m_axi_gmem_v_AWSIZE    |  out|    3|       m_axi|                gmem_v|       pointer|
|m_axi_gmem_v_AWBURST   |  out|    2|       m_axi|                gmem_v|       pointer|
|m_axi_gmem_v_AWLOCK    |  out|    2|       m_axi|                gmem_v|       pointer|
|m_axi_gmem_v_AWCACHE   |  out|    4|       m_axi|                gmem_v|       pointer|
|m_axi_gmem_v_AWPROT    |  out|    3|       m_axi|                gmem_v|       pointer|
|m_axi_gmem_v_AWQOS     |  out|    4|       m_axi|                gmem_v|       pointer|
|m_axi_gmem_v_AWREGION  |  out|    4|       m_axi|                gmem_v|       pointer|
|m_axi_gmem_v_AWUSER    |  out|    1|       m_axi|                gmem_v|       pointer|
|m_axi_gmem_v_WVALID    |  out|    1|       m_axi|                gmem_v|       pointer|
|m_axi_gmem_v_WREADY    |   in|    1|       m_axi|                gmem_v|       pointer|
|m_axi_gmem_v_WDATA     |  out|  512|       m_axi|                gmem_v|       pointer|
|m_axi_gmem_v_WSTRB     |  out|   64|       m_axi|                gmem_v|       pointer|
|m_axi_gmem_v_WLAST     |  out|    1|       m_axi|                gmem_v|       pointer|
|m_axi_gmem_v_WID       |  out|    1|       m_axi|                gmem_v|       pointer|
|m_axi_gmem_v_WUSER     |  out|    1|       m_axi|                gmem_v|       pointer|
|m_axi_gmem_v_ARVALID   |  out|    1|       m_axi|                gmem_v|       pointer|
|m_axi_gmem_v_ARREADY   |   in|    1|       m_axi|                gmem_v|       pointer|
|m_axi_gmem_v_ARADDR    |  out|   64|       m_axi|                gmem_v|       pointer|
|m_axi_gmem_v_ARID      |  out|    1|       m_axi|                gmem_v|       pointer|
|m_axi_gmem_v_ARLEN     |  out|   32|       m_axi|                gmem_v|       pointer|
|m_axi_gmem_v_ARSIZE    |  out|    3|       m_axi|                gmem_v|       pointer|
|m_axi_gmem_v_ARBURST   |  out|    2|       m_axi|                gmem_v|       pointer|
|m_axi_gmem_v_ARLOCK    |  out|    2|       m_axi|                gmem_v|       pointer|
|m_axi_gmem_v_ARCACHE   |  out|    4|       m_axi|                gmem_v|       pointer|
|m_axi_gmem_v_ARPROT    |  out|    3|       m_axi|                gmem_v|       pointer|
|m_axi_gmem_v_ARQOS     |  out|    4|       m_axi|                gmem_v|       pointer|
|m_axi_gmem_v_ARREGION  |  out|    4|       m_axi|                gmem_v|       pointer|
|m_axi_gmem_v_ARUSER    |  out|    1|       m_axi|                gmem_v|       pointer|
|m_axi_gmem_v_RVALID    |   in|    1|       m_axi|                gmem_v|       pointer|
|m_axi_gmem_v_RREADY    |  out|    1|       m_axi|                gmem_v|       pointer|
|m_axi_gmem_v_RDATA     |   in|  512|       m_axi|                gmem_v|       pointer|
|m_axi_gmem_v_RLAST     |   in|    1|       m_axi|                gmem_v|       pointer|
|m_axi_gmem_v_RID       |   in|    1|       m_axi|                gmem_v|       pointer|
|m_axi_gmem_v_RFIFONUM  |   in|    9|       m_axi|                gmem_v|       pointer|
|m_axi_gmem_v_RUSER     |   in|    1|       m_axi|                gmem_v|       pointer|
|m_axi_gmem_v_RRESP     |   in|    2|       m_axi|                gmem_v|       pointer|
|m_axi_gmem_v_BVALID    |   in|    1|       m_axi|                gmem_v|       pointer|
|m_axi_gmem_v_BREADY    |  out|    1|       m_axi|                gmem_v|       pointer|
|m_axi_gmem_v_BRESP     |   in|    2|       m_axi|                gmem_v|       pointer|
|m_axi_gmem_v_BID       |   in|    1|       m_axi|                gmem_v|       pointer|
|m_axi_gmem_v_BUSER     |   in|    1|       m_axi|                gmem_v|       pointer|
|v_weight               |   in|   64|     ap_none|              v_weight|        scalar|
|out_tile               |   in|    4|     ap_none|              out_tile|        scalar|
|wq_0_0_address1        |  out|   10|   ap_memory|                wq_0_0|         array|
|wq_0_0_ce1             |  out|    1|   ap_memory|                wq_0_0|         array|
|wq_0_0_we1             |  out|    1|   ap_memory|                wq_0_0|         array|
|wq_0_0_d1              |  out|   32|   ap_memory|                wq_0_0|         array|
|wq_0_1_address1        |  out|   10|   ap_memory|                wq_0_1|         array|
|wq_0_1_ce1             |  out|    1|   ap_memory|                wq_0_1|         array|
|wq_0_1_we1             |  out|    1|   ap_memory|                wq_0_1|         array|
|wq_0_1_d1              |  out|   32|   ap_memory|                wq_0_1|         array|
|wq_0_2_address1        |  out|   10|   ap_memory|                wq_0_2|         array|
|wq_0_2_ce1             |  out|    1|   ap_memory|                wq_0_2|         array|
|wq_0_2_we1             |  out|    1|   ap_memory|                wq_0_2|         array|
|wq_0_2_d1              |  out|   32|   ap_memory|                wq_0_2|         array|
|wq_0_3_address1        |  out|   10|   ap_memory|                wq_0_3|         array|
|wq_0_3_ce1             |  out|    1|   ap_memory|                wq_0_3|         array|
|wq_0_3_we1             |  out|    1|   ap_memory|                wq_0_3|         array|
|wq_0_3_d1              |  out|   32|   ap_memory|                wq_0_3|         array|
|wq_0_4_address1        |  out|   10|   ap_memory|                wq_0_4|         array|
|wq_0_4_ce1             |  out|    1|   ap_memory|                wq_0_4|         array|
|wq_0_4_we1             |  out|    1|   ap_memory|                wq_0_4|         array|
|wq_0_4_d1              |  out|   32|   ap_memory|                wq_0_4|         array|
|wq_0_5_address1        |  out|   10|   ap_memory|                wq_0_5|         array|
|wq_0_5_ce1             |  out|    1|   ap_memory|                wq_0_5|         array|
|wq_0_5_we1             |  out|    1|   ap_memory|                wq_0_5|         array|
|wq_0_5_d1              |  out|   32|   ap_memory|                wq_0_5|         array|
|wq_0_6_address1        |  out|   10|   ap_memory|                wq_0_6|         array|
|wq_0_6_ce1             |  out|    1|   ap_memory|                wq_0_6|         array|
|wq_0_6_we1             |  out|    1|   ap_memory|                wq_0_6|         array|
|wq_0_6_d1              |  out|   32|   ap_memory|                wq_0_6|         array|
|wq_0_7_address1        |  out|   10|   ap_memory|                wq_0_7|         array|
|wq_0_7_ce1             |  out|    1|   ap_memory|                wq_0_7|         array|
|wq_0_7_we1             |  out|    1|   ap_memory|                wq_0_7|         array|
|wq_0_7_d1              |  out|   32|   ap_memory|                wq_0_7|         array|
|wq_1_0_address1        |  out|   10|   ap_memory|                wq_1_0|         array|
|wq_1_0_ce1             |  out|    1|   ap_memory|                wq_1_0|         array|
|wq_1_0_we1             |  out|    1|   ap_memory|                wq_1_0|         array|
|wq_1_0_d1              |  out|   32|   ap_memory|                wq_1_0|         array|
|wq_1_1_address1        |  out|   10|   ap_memory|                wq_1_1|         array|
|wq_1_1_ce1             |  out|    1|   ap_memory|                wq_1_1|         array|
|wq_1_1_we1             |  out|    1|   ap_memory|                wq_1_1|         array|
|wq_1_1_d1              |  out|   32|   ap_memory|                wq_1_1|         array|
|wq_1_2_address1        |  out|   10|   ap_memory|                wq_1_2|         array|
|wq_1_2_ce1             |  out|    1|   ap_memory|                wq_1_2|         array|
|wq_1_2_we1             |  out|    1|   ap_memory|                wq_1_2|         array|
|wq_1_2_d1              |  out|   32|   ap_memory|                wq_1_2|         array|
|wq_1_3_address1        |  out|   10|   ap_memory|                wq_1_3|         array|
|wq_1_3_ce1             |  out|    1|   ap_memory|                wq_1_3|         array|
|wq_1_3_we1             |  out|    1|   ap_memory|                wq_1_3|         array|
|wq_1_3_d1              |  out|   32|   ap_memory|                wq_1_3|         array|
|wq_1_4_address1        |  out|   10|   ap_memory|                wq_1_4|         array|
|wq_1_4_ce1             |  out|    1|   ap_memory|                wq_1_4|         array|
|wq_1_4_we1             |  out|    1|   ap_memory|                wq_1_4|         array|
|wq_1_4_d1              |  out|   32|   ap_memory|                wq_1_4|         array|
|wq_1_5_address1        |  out|   10|   ap_memory|                wq_1_5|         array|
|wq_1_5_ce1             |  out|    1|   ap_memory|                wq_1_5|         array|
|wq_1_5_we1             |  out|    1|   ap_memory|                wq_1_5|         array|
|wq_1_5_d1              |  out|   32|   ap_memory|                wq_1_5|         array|
|wq_1_6_address1        |  out|   10|   ap_memory|                wq_1_6|         array|
|wq_1_6_ce1             |  out|    1|   ap_memory|                wq_1_6|         array|
|wq_1_6_we1             |  out|    1|   ap_memory|                wq_1_6|         array|
|wq_1_6_d1              |  out|   32|   ap_memory|                wq_1_6|         array|
|wq_1_7_address1        |  out|   10|   ap_memory|                wq_1_7|         array|
|wq_1_7_ce1             |  out|    1|   ap_memory|                wq_1_7|         array|
|wq_1_7_we1             |  out|    1|   ap_memory|                wq_1_7|         array|
|wq_1_7_d1              |  out|   32|   ap_memory|                wq_1_7|         array|
|wq_2_0_address1        |  out|   10|   ap_memory|                wq_2_0|         array|
|wq_2_0_ce1             |  out|    1|   ap_memory|                wq_2_0|         array|
|wq_2_0_we1             |  out|    1|   ap_memory|                wq_2_0|         array|
|wq_2_0_d1              |  out|   32|   ap_memory|                wq_2_0|         array|
|wq_2_1_address1        |  out|   10|   ap_memory|                wq_2_1|         array|
|wq_2_1_ce1             |  out|    1|   ap_memory|                wq_2_1|         array|
|wq_2_1_we1             |  out|    1|   ap_memory|                wq_2_1|         array|
|wq_2_1_d1              |  out|   32|   ap_memory|                wq_2_1|         array|
|wq_2_2_address1        |  out|   10|   ap_memory|                wq_2_2|         array|
|wq_2_2_ce1             |  out|    1|   ap_memory|                wq_2_2|         array|
|wq_2_2_we1             |  out|    1|   ap_memory|                wq_2_2|         array|
|wq_2_2_d1              |  out|   32|   ap_memory|                wq_2_2|         array|
|wq_2_3_address1        |  out|   10|   ap_memory|                wq_2_3|         array|
|wq_2_3_ce1             |  out|    1|   ap_memory|                wq_2_3|         array|
|wq_2_3_we1             |  out|    1|   ap_memory|                wq_2_3|         array|
|wq_2_3_d1              |  out|   32|   ap_memory|                wq_2_3|         array|
|wq_2_4_address1        |  out|   10|   ap_memory|                wq_2_4|         array|
|wq_2_4_ce1             |  out|    1|   ap_memory|                wq_2_4|         array|
|wq_2_4_we1             |  out|    1|   ap_memory|                wq_2_4|         array|
|wq_2_4_d1              |  out|   32|   ap_memory|                wq_2_4|         array|
|wq_2_5_address1        |  out|   10|   ap_memory|                wq_2_5|         array|
|wq_2_5_ce1             |  out|    1|   ap_memory|                wq_2_5|         array|
|wq_2_5_we1             |  out|    1|   ap_memory|                wq_2_5|         array|
|wq_2_5_d1              |  out|   32|   ap_memory|                wq_2_5|         array|
|wq_2_6_address1        |  out|   10|   ap_memory|                wq_2_6|         array|
|wq_2_6_ce1             |  out|    1|   ap_memory|                wq_2_6|         array|
|wq_2_6_we1             |  out|    1|   ap_memory|                wq_2_6|         array|
|wq_2_6_d1              |  out|   32|   ap_memory|                wq_2_6|         array|
|wq_2_7_address1        |  out|   10|   ap_memory|                wq_2_7|         array|
|wq_2_7_ce1             |  out|    1|   ap_memory|                wq_2_7|         array|
|wq_2_7_we1             |  out|    1|   ap_memory|                wq_2_7|         array|
|wq_2_7_d1              |  out|   32|   ap_memory|                wq_2_7|         array|
|wq_3_0_address1        |  out|   10|   ap_memory|                wq_3_0|         array|
|wq_3_0_ce1             |  out|    1|   ap_memory|                wq_3_0|         array|
|wq_3_0_we1             |  out|    1|   ap_memory|                wq_3_0|         array|
|wq_3_0_d1              |  out|   32|   ap_memory|                wq_3_0|         array|
|wq_3_1_address1        |  out|   10|   ap_memory|                wq_3_1|         array|
|wq_3_1_ce1             |  out|    1|   ap_memory|                wq_3_1|         array|
|wq_3_1_we1             |  out|    1|   ap_memory|                wq_3_1|         array|
|wq_3_1_d1              |  out|   32|   ap_memory|                wq_3_1|         array|
|wq_3_2_address1        |  out|   10|   ap_memory|                wq_3_2|         array|
|wq_3_2_ce1             |  out|    1|   ap_memory|                wq_3_2|         array|
|wq_3_2_we1             |  out|    1|   ap_memory|                wq_3_2|         array|
|wq_3_2_d1              |  out|   32|   ap_memory|                wq_3_2|         array|
|wq_3_3_address1        |  out|   10|   ap_memory|                wq_3_3|         array|
|wq_3_3_ce1             |  out|    1|   ap_memory|                wq_3_3|         array|
|wq_3_3_we1             |  out|    1|   ap_memory|                wq_3_3|         array|
|wq_3_3_d1              |  out|   32|   ap_memory|                wq_3_3|         array|
|wq_3_4_address1        |  out|   10|   ap_memory|                wq_3_4|         array|
|wq_3_4_ce1             |  out|    1|   ap_memory|                wq_3_4|         array|
|wq_3_4_we1             |  out|    1|   ap_memory|                wq_3_4|         array|
|wq_3_4_d1              |  out|   32|   ap_memory|                wq_3_4|         array|
|wq_3_5_address1        |  out|   10|   ap_memory|                wq_3_5|         array|
|wq_3_5_ce1             |  out|    1|   ap_memory|                wq_3_5|         array|
|wq_3_5_we1             |  out|    1|   ap_memory|                wq_3_5|         array|
|wq_3_5_d1              |  out|   32|   ap_memory|                wq_3_5|         array|
|wq_3_6_address1        |  out|   10|   ap_memory|                wq_3_6|         array|
|wq_3_6_ce1             |  out|    1|   ap_memory|                wq_3_6|         array|
|wq_3_6_we1             |  out|    1|   ap_memory|                wq_3_6|         array|
|wq_3_6_d1              |  out|   32|   ap_memory|                wq_3_6|         array|
|wq_3_7_address1        |  out|   10|   ap_memory|                wq_3_7|         array|
|wq_3_7_ce1             |  out|    1|   ap_memory|                wq_3_7|         array|
|wq_3_7_we1             |  out|    1|   ap_memory|                wq_3_7|         array|
|wq_3_7_d1              |  out|   32|   ap_memory|                wq_3_7|         array|
|wq_4_0_address1        |  out|   10|   ap_memory|                wq_4_0|         array|
|wq_4_0_ce1             |  out|    1|   ap_memory|                wq_4_0|         array|
|wq_4_0_we1             |  out|    1|   ap_memory|                wq_4_0|         array|
|wq_4_0_d1              |  out|   32|   ap_memory|                wq_4_0|         array|
|wq_4_1_address1        |  out|   10|   ap_memory|                wq_4_1|         array|
|wq_4_1_ce1             |  out|    1|   ap_memory|                wq_4_1|         array|
|wq_4_1_we1             |  out|    1|   ap_memory|                wq_4_1|         array|
|wq_4_1_d1              |  out|   32|   ap_memory|                wq_4_1|         array|
|wq_4_2_address1        |  out|   10|   ap_memory|                wq_4_2|         array|
|wq_4_2_ce1             |  out|    1|   ap_memory|                wq_4_2|         array|
|wq_4_2_we1             |  out|    1|   ap_memory|                wq_4_2|         array|
|wq_4_2_d1              |  out|   32|   ap_memory|                wq_4_2|         array|
|wq_4_3_address1        |  out|   10|   ap_memory|                wq_4_3|         array|
|wq_4_3_ce1             |  out|    1|   ap_memory|                wq_4_3|         array|
|wq_4_3_we1             |  out|    1|   ap_memory|                wq_4_3|         array|
|wq_4_3_d1              |  out|   32|   ap_memory|                wq_4_3|         array|
|wq_4_4_address1        |  out|   10|   ap_memory|                wq_4_4|         array|
|wq_4_4_ce1             |  out|    1|   ap_memory|                wq_4_4|         array|
|wq_4_4_we1             |  out|    1|   ap_memory|                wq_4_4|         array|
|wq_4_4_d1              |  out|   32|   ap_memory|                wq_4_4|         array|
|wq_4_5_address1        |  out|   10|   ap_memory|                wq_4_5|         array|
|wq_4_5_ce1             |  out|    1|   ap_memory|                wq_4_5|         array|
|wq_4_5_we1             |  out|    1|   ap_memory|                wq_4_5|         array|
|wq_4_5_d1              |  out|   32|   ap_memory|                wq_4_5|         array|
|wq_4_6_address1        |  out|   10|   ap_memory|                wq_4_6|         array|
|wq_4_6_ce1             |  out|    1|   ap_memory|                wq_4_6|         array|
|wq_4_6_we1             |  out|    1|   ap_memory|                wq_4_6|         array|
|wq_4_6_d1              |  out|   32|   ap_memory|                wq_4_6|         array|
|wq_4_7_address1        |  out|   10|   ap_memory|                wq_4_7|         array|
|wq_4_7_ce1             |  out|    1|   ap_memory|                wq_4_7|         array|
|wq_4_7_we1             |  out|    1|   ap_memory|                wq_4_7|         array|
|wq_4_7_d1              |  out|   32|   ap_memory|                wq_4_7|         array|
|wq_5_0_address1        |  out|   10|   ap_memory|                wq_5_0|         array|
|wq_5_0_ce1             |  out|    1|   ap_memory|                wq_5_0|         array|
|wq_5_0_we1             |  out|    1|   ap_memory|                wq_5_0|         array|
|wq_5_0_d1              |  out|   32|   ap_memory|                wq_5_0|         array|
|wq_5_1_address1        |  out|   10|   ap_memory|                wq_5_1|         array|
|wq_5_1_ce1             |  out|    1|   ap_memory|                wq_5_1|         array|
|wq_5_1_we1             |  out|    1|   ap_memory|                wq_5_1|         array|
|wq_5_1_d1              |  out|   32|   ap_memory|                wq_5_1|         array|
|wq_5_2_address1        |  out|   10|   ap_memory|                wq_5_2|         array|
|wq_5_2_ce1             |  out|    1|   ap_memory|                wq_5_2|         array|
|wq_5_2_we1             |  out|    1|   ap_memory|                wq_5_2|         array|
|wq_5_2_d1              |  out|   32|   ap_memory|                wq_5_2|         array|
|wq_5_3_address1        |  out|   10|   ap_memory|                wq_5_3|         array|
|wq_5_3_ce1             |  out|    1|   ap_memory|                wq_5_3|         array|
|wq_5_3_we1             |  out|    1|   ap_memory|                wq_5_3|         array|
|wq_5_3_d1              |  out|   32|   ap_memory|                wq_5_3|         array|
|wq_5_4_address1        |  out|   10|   ap_memory|                wq_5_4|         array|
|wq_5_4_ce1             |  out|    1|   ap_memory|                wq_5_4|         array|
|wq_5_4_we1             |  out|    1|   ap_memory|                wq_5_4|         array|
|wq_5_4_d1              |  out|   32|   ap_memory|                wq_5_4|         array|
|wq_5_5_address1        |  out|   10|   ap_memory|                wq_5_5|         array|
|wq_5_5_ce1             |  out|    1|   ap_memory|                wq_5_5|         array|
|wq_5_5_we1             |  out|    1|   ap_memory|                wq_5_5|         array|
|wq_5_5_d1              |  out|   32|   ap_memory|                wq_5_5|         array|
|wq_5_6_address1        |  out|   10|   ap_memory|                wq_5_6|         array|
|wq_5_6_ce1             |  out|    1|   ap_memory|                wq_5_6|         array|
|wq_5_6_we1             |  out|    1|   ap_memory|                wq_5_6|         array|
|wq_5_6_d1              |  out|   32|   ap_memory|                wq_5_6|         array|
|wq_5_7_address1        |  out|   10|   ap_memory|                wq_5_7|         array|
|wq_5_7_ce1             |  out|    1|   ap_memory|                wq_5_7|         array|
|wq_5_7_we1             |  out|    1|   ap_memory|                wq_5_7|         array|
|wq_5_7_d1              |  out|   32|   ap_memory|                wq_5_7|         array|
|wq_6_0_address1        |  out|   10|   ap_memory|                wq_6_0|         array|
|wq_6_0_ce1             |  out|    1|   ap_memory|                wq_6_0|         array|
|wq_6_0_we1             |  out|    1|   ap_memory|                wq_6_0|         array|
|wq_6_0_d1              |  out|   32|   ap_memory|                wq_6_0|         array|
|wq_6_1_address1        |  out|   10|   ap_memory|                wq_6_1|         array|
|wq_6_1_ce1             |  out|    1|   ap_memory|                wq_6_1|         array|
|wq_6_1_we1             |  out|    1|   ap_memory|                wq_6_1|         array|
|wq_6_1_d1              |  out|   32|   ap_memory|                wq_6_1|         array|
|wq_6_2_address1        |  out|   10|   ap_memory|                wq_6_2|         array|
|wq_6_2_ce1             |  out|    1|   ap_memory|                wq_6_2|         array|
|wq_6_2_we1             |  out|    1|   ap_memory|                wq_6_2|         array|
|wq_6_2_d1              |  out|   32|   ap_memory|                wq_6_2|         array|
|wq_6_3_address1        |  out|   10|   ap_memory|                wq_6_3|         array|
|wq_6_3_ce1             |  out|    1|   ap_memory|                wq_6_3|         array|
|wq_6_3_we1             |  out|    1|   ap_memory|                wq_6_3|         array|
|wq_6_3_d1              |  out|   32|   ap_memory|                wq_6_3|         array|
|wq_6_4_address1        |  out|   10|   ap_memory|                wq_6_4|         array|
|wq_6_4_ce1             |  out|    1|   ap_memory|                wq_6_4|         array|
|wq_6_4_we1             |  out|    1|   ap_memory|                wq_6_4|         array|
|wq_6_4_d1              |  out|   32|   ap_memory|                wq_6_4|         array|
|wq_6_5_address1        |  out|   10|   ap_memory|                wq_6_5|         array|
|wq_6_5_ce1             |  out|    1|   ap_memory|                wq_6_5|         array|
|wq_6_5_we1             |  out|    1|   ap_memory|                wq_6_5|         array|
|wq_6_5_d1              |  out|   32|   ap_memory|                wq_6_5|         array|
|wq_6_6_address1        |  out|   10|   ap_memory|                wq_6_6|         array|
|wq_6_6_ce1             |  out|    1|   ap_memory|                wq_6_6|         array|
|wq_6_6_we1             |  out|    1|   ap_memory|                wq_6_6|         array|
|wq_6_6_d1              |  out|   32|   ap_memory|                wq_6_6|         array|
|wq_6_7_address1        |  out|   10|   ap_memory|                wq_6_7|         array|
|wq_6_7_ce1             |  out|    1|   ap_memory|                wq_6_7|         array|
|wq_6_7_we1             |  out|    1|   ap_memory|                wq_6_7|         array|
|wq_6_7_d1              |  out|   32|   ap_memory|                wq_6_7|         array|
|wq_7_0_address1        |  out|   10|   ap_memory|                wq_7_0|         array|
|wq_7_0_ce1             |  out|    1|   ap_memory|                wq_7_0|         array|
|wq_7_0_we1             |  out|    1|   ap_memory|                wq_7_0|         array|
|wq_7_0_d1              |  out|   32|   ap_memory|                wq_7_0|         array|
|wq_7_1_address1        |  out|   10|   ap_memory|                wq_7_1|         array|
|wq_7_1_ce1             |  out|    1|   ap_memory|                wq_7_1|         array|
|wq_7_1_we1             |  out|    1|   ap_memory|                wq_7_1|         array|
|wq_7_1_d1              |  out|   32|   ap_memory|                wq_7_1|         array|
|wq_7_2_address1        |  out|   10|   ap_memory|                wq_7_2|         array|
|wq_7_2_ce1             |  out|    1|   ap_memory|                wq_7_2|         array|
|wq_7_2_we1             |  out|    1|   ap_memory|                wq_7_2|         array|
|wq_7_2_d1              |  out|   32|   ap_memory|                wq_7_2|         array|
|wq_7_3_address1        |  out|   10|   ap_memory|                wq_7_3|         array|
|wq_7_3_ce1             |  out|    1|   ap_memory|                wq_7_3|         array|
|wq_7_3_we1             |  out|    1|   ap_memory|                wq_7_3|         array|
|wq_7_3_d1              |  out|   32|   ap_memory|                wq_7_3|         array|
|wq_7_4_address1        |  out|   10|   ap_memory|                wq_7_4|         array|
|wq_7_4_ce1             |  out|    1|   ap_memory|                wq_7_4|         array|
|wq_7_4_we1             |  out|    1|   ap_memory|                wq_7_4|         array|
|wq_7_4_d1              |  out|   32|   ap_memory|                wq_7_4|         array|
|wq_7_5_address1        |  out|   10|   ap_memory|                wq_7_5|         array|
|wq_7_5_ce1             |  out|    1|   ap_memory|                wq_7_5|         array|
|wq_7_5_we1             |  out|    1|   ap_memory|                wq_7_5|         array|
|wq_7_5_d1              |  out|   32|   ap_memory|                wq_7_5|         array|
|wq_7_6_address1        |  out|   10|   ap_memory|                wq_7_6|         array|
|wq_7_6_ce1             |  out|    1|   ap_memory|                wq_7_6|         array|
|wq_7_6_we1             |  out|    1|   ap_memory|                wq_7_6|         array|
|wq_7_6_d1              |  out|   32|   ap_memory|                wq_7_6|         array|
|wq_7_7_address1        |  out|   10|   ap_memory|                wq_7_7|         array|
|wq_7_7_ce1             |  out|    1|   ap_memory|                wq_7_7|         array|
|wq_7_7_we1             |  out|    1|   ap_memory|                wq_7_7|         array|
|wq_7_7_d1              |  out|   32|   ap_memory|                wq_7_7|         array|
|wk_0_0_address1        |  out|   10|   ap_memory|                wk_0_0|         array|
|wk_0_0_ce1             |  out|    1|   ap_memory|                wk_0_0|         array|
|wk_0_0_we1             |  out|    1|   ap_memory|                wk_0_0|         array|
|wk_0_0_d1              |  out|   32|   ap_memory|                wk_0_0|         array|
|wk_0_1_address1        |  out|   10|   ap_memory|                wk_0_1|         array|
|wk_0_1_ce1             |  out|    1|   ap_memory|                wk_0_1|         array|
|wk_0_1_we1             |  out|    1|   ap_memory|                wk_0_1|         array|
|wk_0_1_d1              |  out|   32|   ap_memory|                wk_0_1|         array|
|wk_0_2_address1        |  out|   10|   ap_memory|                wk_0_2|         array|
|wk_0_2_ce1             |  out|    1|   ap_memory|                wk_0_2|         array|
|wk_0_2_we1             |  out|    1|   ap_memory|                wk_0_2|         array|
|wk_0_2_d1              |  out|   32|   ap_memory|                wk_0_2|         array|
|wk_0_3_address1        |  out|   10|   ap_memory|                wk_0_3|         array|
|wk_0_3_ce1             |  out|    1|   ap_memory|                wk_0_3|         array|
|wk_0_3_we1             |  out|    1|   ap_memory|                wk_0_3|         array|
|wk_0_3_d1              |  out|   32|   ap_memory|                wk_0_3|         array|
|wk_0_4_address1        |  out|   10|   ap_memory|                wk_0_4|         array|
|wk_0_4_ce1             |  out|    1|   ap_memory|                wk_0_4|         array|
|wk_0_4_we1             |  out|    1|   ap_memory|                wk_0_4|         array|
|wk_0_4_d1              |  out|   32|   ap_memory|                wk_0_4|         array|
|wk_0_5_address1        |  out|   10|   ap_memory|                wk_0_5|         array|
|wk_0_5_ce1             |  out|    1|   ap_memory|                wk_0_5|         array|
|wk_0_5_we1             |  out|    1|   ap_memory|                wk_0_5|         array|
|wk_0_5_d1              |  out|   32|   ap_memory|                wk_0_5|         array|
|wk_0_6_address1        |  out|   10|   ap_memory|                wk_0_6|         array|
|wk_0_6_ce1             |  out|    1|   ap_memory|                wk_0_6|         array|
|wk_0_6_we1             |  out|    1|   ap_memory|                wk_0_6|         array|
|wk_0_6_d1              |  out|   32|   ap_memory|                wk_0_6|         array|
|wk_0_7_address1        |  out|   10|   ap_memory|                wk_0_7|         array|
|wk_0_7_ce1             |  out|    1|   ap_memory|                wk_0_7|         array|
|wk_0_7_we1             |  out|    1|   ap_memory|                wk_0_7|         array|
|wk_0_7_d1              |  out|   32|   ap_memory|                wk_0_7|         array|
|wk_1_0_address1        |  out|   10|   ap_memory|                wk_1_0|         array|
|wk_1_0_ce1             |  out|    1|   ap_memory|                wk_1_0|         array|
|wk_1_0_we1             |  out|    1|   ap_memory|                wk_1_0|         array|
|wk_1_0_d1              |  out|   32|   ap_memory|                wk_1_0|         array|
|wk_1_1_address1        |  out|   10|   ap_memory|                wk_1_1|         array|
|wk_1_1_ce1             |  out|    1|   ap_memory|                wk_1_1|         array|
|wk_1_1_we1             |  out|    1|   ap_memory|                wk_1_1|         array|
|wk_1_1_d1              |  out|   32|   ap_memory|                wk_1_1|         array|
|wk_1_2_address1        |  out|   10|   ap_memory|                wk_1_2|         array|
|wk_1_2_ce1             |  out|    1|   ap_memory|                wk_1_2|         array|
|wk_1_2_we1             |  out|    1|   ap_memory|                wk_1_2|         array|
|wk_1_2_d1              |  out|   32|   ap_memory|                wk_1_2|         array|
|wk_1_3_address1        |  out|   10|   ap_memory|                wk_1_3|         array|
|wk_1_3_ce1             |  out|    1|   ap_memory|                wk_1_3|         array|
|wk_1_3_we1             |  out|    1|   ap_memory|                wk_1_3|         array|
|wk_1_3_d1              |  out|   32|   ap_memory|                wk_1_3|         array|
|wk_1_4_address1        |  out|   10|   ap_memory|                wk_1_4|         array|
|wk_1_4_ce1             |  out|    1|   ap_memory|                wk_1_4|         array|
|wk_1_4_we1             |  out|    1|   ap_memory|                wk_1_4|         array|
|wk_1_4_d1              |  out|   32|   ap_memory|                wk_1_4|         array|
|wk_1_5_address1        |  out|   10|   ap_memory|                wk_1_5|         array|
|wk_1_5_ce1             |  out|    1|   ap_memory|                wk_1_5|         array|
|wk_1_5_we1             |  out|    1|   ap_memory|                wk_1_5|         array|
|wk_1_5_d1              |  out|   32|   ap_memory|                wk_1_5|         array|
|wk_1_6_address1        |  out|   10|   ap_memory|                wk_1_6|         array|
|wk_1_6_ce1             |  out|    1|   ap_memory|                wk_1_6|         array|
|wk_1_6_we1             |  out|    1|   ap_memory|                wk_1_6|         array|
|wk_1_6_d1              |  out|   32|   ap_memory|                wk_1_6|         array|
|wk_1_7_address1        |  out|   10|   ap_memory|                wk_1_7|         array|
|wk_1_7_ce1             |  out|    1|   ap_memory|                wk_1_7|         array|
|wk_1_7_we1             |  out|    1|   ap_memory|                wk_1_7|         array|
|wk_1_7_d1              |  out|   32|   ap_memory|                wk_1_7|         array|
|wk_2_0_address1        |  out|   10|   ap_memory|                wk_2_0|         array|
|wk_2_0_ce1             |  out|    1|   ap_memory|                wk_2_0|         array|
|wk_2_0_we1             |  out|    1|   ap_memory|                wk_2_0|         array|
|wk_2_0_d1              |  out|   32|   ap_memory|                wk_2_0|         array|
|wk_2_1_address1        |  out|   10|   ap_memory|                wk_2_1|         array|
|wk_2_1_ce1             |  out|    1|   ap_memory|                wk_2_1|         array|
|wk_2_1_we1             |  out|    1|   ap_memory|                wk_2_1|         array|
|wk_2_1_d1              |  out|   32|   ap_memory|                wk_2_1|         array|
|wk_2_2_address1        |  out|   10|   ap_memory|                wk_2_2|         array|
|wk_2_2_ce1             |  out|    1|   ap_memory|                wk_2_2|         array|
|wk_2_2_we1             |  out|    1|   ap_memory|                wk_2_2|         array|
|wk_2_2_d1              |  out|   32|   ap_memory|                wk_2_2|         array|
|wk_2_3_address1        |  out|   10|   ap_memory|                wk_2_3|         array|
|wk_2_3_ce1             |  out|    1|   ap_memory|                wk_2_3|         array|
|wk_2_3_we1             |  out|    1|   ap_memory|                wk_2_3|         array|
|wk_2_3_d1              |  out|   32|   ap_memory|                wk_2_3|         array|
|wk_2_4_address1        |  out|   10|   ap_memory|                wk_2_4|         array|
|wk_2_4_ce1             |  out|    1|   ap_memory|                wk_2_4|         array|
|wk_2_4_we1             |  out|    1|   ap_memory|                wk_2_4|         array|
|wk_2_4_d1              |  out|   32|   ap_memory|                wk_2_4|         array|
|wk_2_5_address1        |  out|   10|   ap_memory|                wk_2_5|         array|
|wk_2_5_ce1             |  out|    1|   ap_memory|                wk_2_5|         array|
|wk_2_5_we1             |  out|    1|   ap_memory|                wk_2_5|         array|
|wk_2_5_d1              |  out|   32|   ap_memory|                wk_2_5|         array|
|wk_2_6_address1        |  out|   10|   ap_memory|                wk_2_6|         array|
|wk_2_6_ce1             |  out|    1|   ap_memory|                wk_2_6|         array|
|wk_2_6_we1             |  out|    1|   ap_memory|                wk_2_6|         array|
|wk_2_6_d1              |  out|   32|   ap_memory|                wk_2_6|         array|
|wk_2_7_address1        |  out|   10|   ap_memory|                wk_2_7|         array|
|wk_2_7_ce1             |  out|    1|   ap_memory|                wk_2_7|         array|
|wk_2_7_we1             |  out|    1|   ap_memory|                wk_2_7|         array|
|wk_2_7_d1              |  out|   32|   ap_memory|                wk_2_7|         array|
|wk_3_0_address1        |  out|   10|   ap_memory|                wk_3_0|         array|
|wk_3_0_ce1             |  out|    1|   ap_memory|                wk_3_0|         array|
|wk_3_0_we1             |  out|    1|   ap_memory|                wk_3_0|         array|
|wk_3_0_d1              |  out|   32|   ap_memory|                wk_3_0|         array|
|wk_3_1_address1        |  out|   10|   ap_memory|                wk_3_1|         array|
|wk_3_1_ce1             |  out|    1|   ap_memory|                wk_3_1|         array|
|wk_3_1_we1             |  out|    1|   ap_memory|                wk_3_1|         array|
|wk_3_1_d1              |  out|   32|   ap_memory|                wk_3_1|         array|
|wk_3_2_address1        |  out|   10|   ap_memory|                wk_3_2|         array|
|wk_3_2_ce1             |  out|    1|   ap_memory|                wk_3_2|         array|
|wk_3_2_we1             |  out|    1|   ap_memory|                wk_3_2|         array|
|wk_3_2_d1              |  out|   32|   ap_memory|                wk_3_2|         array|
|wk_3_3_address1        |  out|   10|   ap_memory|                wk_3_3|         array|
|wk_3_3_ce1             |  out|    1|   ap_memory|                wk_3_3|         array|
|wk_3_3_we1             |  out|    1|   ap_memory|                wk_3_3|         array|
|wk_3_3_d1              |  out|   32|   ap_memory|                wk_3_3|         array|
|wk_3_4_address1        |  out|   10|   ap_memory|                wk_3_4|         array|
|wk_3_4_ce1             |  out|    1|   ap_memory|                wk_3_4|         array|
|wk_3_4_we1             |  out|    1|   ap_memory|                wk_3_4|         array|
|wk_3_4_d1              |  out|   32|   ap_memory|                wk_3_4|         array|
|wk_3_5_address1        |  out|   10|   ap_memory|                wk_3_5|         array|
|wk_3_5_ce1             |  out|    1|   ap_memory|                wk_3_5|         array|
|wk_3_5_we1             |  out|    1|   ap_memory|                wk_3_5|         array|
|wk_3_5_d1              |  out|   32|   ap_memory|                wk_3_5|         array|
|wk_3_6_address1        |  out|   10|   ap_memory|                wk_3_6|         array|
|wk_3_6_ce1             |  out|    1|   ap_memory|                wk_3_6|         array|
|wk_3_6_we1             |  out|    1|   ap_memory|                wk_3_6|         array|
|wk_3_6_d1              |  out|   32|   ap_memory|                wk_3_6|         array|
|wk_3_7_address1        |  out|   10|   ap_memory|                wk_3_7|         array|
|wk_3_7_ce1             |  out|    1|   ap_memory|                wk_3_7|         array|
|wk_3_7_we1             |  out|    1|   ap_memory|                wk_3_7|         array|
|wk_3_7_d1              |  out|   32|   ap_memory|                wk_3_7|         array|
|wk_4_0_address1        |  out|   10|   ap_memory|                wk_4_0|         array|
|wk_4_0_ce1             |  out|    1|   ap_memory|                wk_4_0|         array|
|wk_4_0_we1             |  out|    1|   ap_memory|                wk_4_0|         array|
|wk_4_0_d1              |  out|   32|   ap_memory|                wk_4_0|         array|
|wk_4_1_address1        |  out|   10|   ap_memory|                wk_4_1|         array|
|wk_4_1_ce1             |  out|    1|   ap_memory|                wk_4_1|         array|
|wk_4_1_we1             |  out|    1|   ap_memory|                wk_4_1|         array|
|wk_4_1_d1              |  out|   32|   ap_memory|                wk_4_1|         array|
|wk_4_2_address1        |  out|   10|   ap_memory|                wk_4_2|         array|
|wk_4_2_ce1             |  out|    1|   ap_memory|                wk_4_2|         array|
|wk_4_2_we1             |  out|    1|   ap_memory|                wk_4_2|         array|
|wk_4_2_d1              |  out|   32|   ap_memory|                wk_4_2|         array|
|wk_4_3_address1        |  out|   10|   ap_memory|                wk_4_3|         array|
|wk_4_3_ce1             |  out|    1|   ap_memory|                wk_4_3|         array|
|wk_4_3_we1             |  out|    1|   ap_memory|                wk_4_3|         array|
|wk_4_3_d1              |  out|   32|   ap_memory|                wk_4_3|         array|
|wk_4_4_address1        |  out|   10|   ap_memory|                wk_4_4|         array|
|wk_4_4_ce1             |  out|    1|   ap_memory|                wk_4_4|         array|
|wk_4_4_we1             |  out|    1|   ap_memory|                wk_4_4|         array|
|wk_4_4_d1              |  out|   32|   ap_memory|                wk_4_4|         array|
|wk_4_5_address1        |  out|   10|   ap_memory|                wk_4_5|         array|
|wk_4_5_ce1             |  out|    1|   ap_memory|                wk_4_5|         array|
|wk_4_5_we1             |  out|    1|   ap_memory|                wk_4_5|         array|
|wk_4_5_d1              |  out|   32|   ap_memory|                wk_4_5|         array|
|wk_4_6_address1        |  out|   10|   ap_memory|                wk_4_6|         array|
|wk_4_6_ce1             |  out|    1|   ap_memory|                wk_4_6|         array|
|wk_4_6_we1             |  out|    1|   ap_memory|                wk_4_6|         array|
|wk_4_6_d1              |  out|   32|   ap_memory|                wk_4_6|         array|
|wk_4_7_address1        |  out|   10|   ap_memory|                wk_4_7|         array|
|wk_4_7_ce1             |  out|    1|   ap_memory|                wk_4_7|         array|
|wk_4_7_we1             |  out|    1|   ap_memory|                wk_4_7|         array|
|wk_4_7_d1              |  out|   32|   ap_memory|                wk_4_7|         array|
|wk_5_0_address1        |  out|   10|   ap_memory|                wk_5_0|         array|
|wk_5_0_ce1             |  out|    1|   ap_memory|                wk_5_0|         array|
|wk_5_0_we1             |  out|    1|   ap_memory|                wk_5_0|         array|
|wk_5_0_d1              |  out|   32|   ap_memory|                wk_5_0|         array|
|wk_5_1_address1        |  out|   10|   ap_memory|                wk_5_1|         array|
|wk_5_1_ce1             |  out|    1|   ap_memory|                wk_5_1|         array|
|wk_5_1_we1             |  out|    1|   ap_memory|                wk_5_1|         array|
|wk_5_1_d1              |  out|   32|   ap_memory|                wk_5_1|         array|
|wk_5_2_address1        |  out|   10|   ap_memory|                wk_5_2|         array|
|wk_5_2_ce1             |  out|    1|   ap_memory|                wk_5_2|         array|
|wk_5_2_we1             |  out|    1|   ap_memory|                wk_5_2|         array|
|wk_5_2_d1              |  out|   32|   ap_memory|                wk_5_2|         array|
|wk_5_3_address1        |  out|   10|   ap_memory|                wk_5_3|         array|
|wk_5_3_ce1             |  out|    1|   ap_memory|                wk_5_3|         array|
|wk_5_3_we1             |  out|    1|   ap_memory|                wk_5_3|         array|
|wk_5_3_d1              |  out|   32|   ap_memory|                wk_5_3|         array|
|wk_5_4_address1        |  out|   10|   ap_memory|                wk_5_4|         array|
|wk_5_4_ce1             |  out|    1|   ap_memory|                wk_5_4|         array|
|wk_5_4_we1             |  out|    1|   ap_memory|                wk_5_4|         array|
|wk_5_4_d1              |  out|   32|   ap_memory|                wk_5_4|         array|
|wk_5_5_address1        |  out|   10|   ap_memory|                wk_5_5|         array|
|wk_5_5_ce1             |  out|    1|   ap_memory|                wk_5_5|         array|
|wk_5_5_we1             |  out|    1|   ap_memory|                wk_5_5|         array|
|wk_5_5_d1              |  out|   32|   ap_memory|                wk_5_5|         array|
|wk_5_6_address1        |  out|   10|   ap_memory|                wk_5_6|         array|
|wk_5_6_ce1             |  out|    1|   ap_memory|                wk_5_6|         array|
|wk_5_6_we1             |  out|    1|   ap_memory|                wk_5_6|         array|
|wk_5_6_d1              |  out|   32|   ap_memory|                wk_5_6|         array|
|wk_5_7_address1        |  out|   10|   ap_memory|                wk_5_7|         array|
|wk_5_7_ce1             |  out|    1|   ap_memory|                wk_5_7|         array|
|wk_5_7_we1             |  out|    1|   ap_memory|                wk_5_7|         array|
|wk_5_7_d1              |  out|   32|   ap_memory|                wk_5_7|         array|
|wk_6_0_address1        |  out|   10|   ap_memory|                wk_6_0|         array|
|wk_6_0_ce1             |  out|    1|   ap_memory|                wk_6_0|         array|
|wk_6_0_we1             |  out|    1|   ap_memory|                wk_6_0|         array|
|wk_6_0_d1              |  out|   32|   ap_memory|                wk_6_0|         array|
|wk_6_1_address1        |  out|   10|   ap_memory|                wk_6_1|         array|
|wk_6_1_ce1             |  out|    1|   ap_memory|                wk_6_1|         array|
|wk_6_1_we1             |  out|    1|   ap_memory|                wk_6_1|         array|
|wk_6_1_d1              |  out|   32|   ap_memory|                wk_6_1|         array|
|wk_6_2_address1        |  out|   10|   ap_memory|                wk_6_2|         array|
|wk_6_2_ce1             |  out|    1|   ap_memory|                wk_6_2|         array|
|wk_6_2_we1             |  out|    1|   ap_memory|                wk_6_2|         array|
|wk_6_2_d1              |  out|   32|   ap_memory|                wk_6_2|         array|
|wk_6_3_address1        |  out|   10|   ap_memory|                wk_6_3|         array|
|wk_6_3_ce1             |  out|    1|   ap_memory|                wk_6_3|         array|
|wk_6_3_we1             |  out|    1|   ap_memory|                wk_6_3|         array|
|wk_6_3_d1              |  out|   32|   ap_memory|                wk_6_3|         array|
|wk_6_4_address1        |  out|   10|   ap_memory|                wk_6_4|         array|
|wk_6_4_ce1             |  out|    1|   ap_memory|                wk_6_4|         array|
|wk_6_4_we1             |  out|    1|   ap_memory|                wk_6_4|         array|
|wk_6_4_d1              |  out|   32|   ap_memory|                wk_6_4|         array|
|wk_6_5_address1        |  out|   10|   ap_memory|                wk_6_5|         array|
|wk_6_5_ce1             |  out|    1|   ap_memory|                wk_6_5|         array|
|wk_6_5_we1             |  out|    1|   ap_memory|                wk_6_5|         array|
|wk_6_5_d1              |  out|   32|   ap_memory|                wk_6_5|         array|
|wk_6_6_address1        |  out|   10|   ap_memory|                wk_6_6|         array|
|wk_6_6_ce1             |  out|    1|   ap_memory|                wk_6_6|         array|
|wk_6_6_we1             |  out|    1|   ap_memory|                wk_6_6|         array|
|wk_6_6_d1              |  out|   32|   ap_memory|                wk_6_6|         array|
|wk_6_7_address1        |  out|   10|   ap_memory|                wk_6_7|         array|
|wk_6_7_ce1             |  out|    1|   ap_memory|                wk_6_7|         array|
|wk_6_7_we1             |  out|    1|   ap_memory|                wk_6_7|         array|
|wk_6_7_d1              |  out|   32|   ap_memory|                wk_6_7|         array|
|wk_7_0_address1        |  out|   10|   ap_memory|                wk_7_0|         array|
|wk_7_0_ce1             |  out|    1|   ap_memory|                wk_7_0|         array|
|wk_7_0_we1             |  out|    1|   ap_memory|                wk_7_0|         array|
|wk_7_0_d1              |  out|   32|   ap_memory|                wk_7_0|         array|
|wk_7_1_address1        |  out|   10|   ap_memory|                wk_7_1|         array|
|wk_7_1_ce1             |  out|    1|   ap_memory|                wk_7_1|         array|
|wk_7_1_we1             |  out|    1|   ap_memory|                wk_7_1|         array|
|wk_7_1_d1              |  out|   32|   ap_memory|                wk_7_1|         array|
|wk_7_2_address1        |  out|   10|   ap_memory|                wk_7_2|         array|
|wk_7_2_ce1             |  out|    1|   ap_memory|                wk_7_2|         array|
|wk_7_2_we1             |  out|    1|   ap_memory|                wk_7_2|         array|
|wk_7_2_d1              |  out|   32|   ap_memory|                wk_7_2|         array|
|wk_7_3_address1        |  out|   10|   ap_memory|                wk_7_3|         array|
|wk_7_3_ce1             |  out|    1|   ap_memory|                wk_7_3|         array|
|wk_7_3_we1             |  out|    1|   ap_memory|                wk_7_3|         array|
|wk_7_3_d1              |  out|   32|   ap_memory|                wk_7_3|         array|
|wk_7_4_address1        |  out|   10|   ap_memory|                wk_7_4|         array|
|wk_7_4_ce1             |  out|    1|   ap_memory|                wk_7_4|         array|
|wk_7_4_we1             |  out|    1|   ap_memory|                wk_7_4|         array|
|wk_7_4_d1              |  out|   32|   ap_memory|                wk_7_4|         array|
|wk_7_5_address1        |  out|   10|   ap_memory|                wk_7_5|         array|
|wk_7_5_ce1             |  out|    1|   ap_memory|                wk_7_5|         array|
|wk_7_5_we1             |  out|    1|   ap_memory|                wk_7_5|         array|
|wk_7_5_d1              |  out|   32|   ap_memory|                wk_7_5|         array|
|wk_7_6_address1        |  out|   10|   ap_memory|                wk_7_6|         array|
|wk_7_6_ce1             |  out|    1|   ap_memory|                wk_7_6|         array|
|wk_7_6_we1             |  out|    1|   ap_memory|                wk_7_6|         array|
|wk_7_6_d1              |  out|   32|   ap_memory|                wk_7_6|         array|
|wk_7_7_address1        |  out|   10|   ap_memory|                wk_7_7|         array|
|wk_7_7_ce1             |  out|    1|   ap_memory|                wk_7_7|         array|
|wk_7_7_we1             |  out|    1|   ap_memory|                wk_7_7|         array|
|wk_7_7_d1              |  out|   32|   ap_memory|                wk_7_7|         array|
|wv_0_0_address1        |  out|   10|   ap_memory|                wv_0_0|         array|
|wv_0_0_ce1             |  out|    1|   ap_memory|                wv_0_0|         array|
|wv_0_0_we1             |  out|    1|   ap_memory|                wv_0_0|         array|
|wv_0_0_d1              |  out|   32|   ap_memory|                wv_0_0|         array|
|wv_0_1_address1        |  out|   10|   ap_memory|                wv_0_1|         array|
|wv_0_1_ce1             |  out|    1|   ap_memory|                wv_0_1|         array|
|wv_0_1_we1             |  out|    1|   ap_memory|                wv_0_1|         array|
|wv_0_1_d1              |  out|   32|   ap_memory|                wv_0_1|         array|
|wv_0_2_address1        |  out|   10|   ap_memory|                wv_0_2|         array|
|wv_0_2_ce1             |  out|    1|   ap_memory|                wv_0_2|         array|
|wv_0_2_we1             |  out|    1|   ap_memory|                wv_0_2|         array|
|wv_0_2_d1              |  out|   32|   ap_memory|                wv_0_2|         array|
|wv_0_3_address1        |  out|   10|   ap_memory|                wv_0_3|         array|
|wv_0_3_ce1             |  out|    1|   ap_memory|                wv_0_3|         array|
|wv_0_3_we1             |  out|    1|   ap_memory|                wv_0_3|         array|
|wv_0_3_d1              |  out|   32|   ap_memory|                wv_0_3|         array|
|wv_0_4_address1        |  out|   10|   ap_memory|                wv_0_4|         array|
|wv_0_4_ce1             |  out|    1|   ap_memory|                wv_0_4|         array|
|wv_0_4_we1             |  out|    1|   ap_memory|                wv_0_4|         array|
|wv_0_4_d1              |  out|   32|   ap_memory|                wv_0_4|         array|
|wv_0_5_address1        |  out|   10|   ap_memory|                wv_0_5|         array|
|wv_0_5_ce1             |  out|    1|   ap_memory|                wv_0_5|         array|
|wv_0_5_we1             |  out|    1|   ap_memory|                wv_0_5|         array|
|wv_0_5_d1              |  out|   32|   ap_memory|                wv_0_5|         array|
|wv_0_6_address1        |  out|   10|   ap_memory|                wv_0_6|         array|
|wv_0_6_ce1             |  out|    1|   ap_memory|                wv_0_6|         array|
|wv_0_6_we1             |  out|    1|   ap_memory|                wv_0_6|         array|
|wv_0_6_d1              |  out|   32|   ap_memory|                wv_0_6|         array|
|wv_0_7_address1        |  out|   10|   ap_memory|                wv_0_7|         array|
|wv_0_7_ce1             |  out|    1|   ap_memory|                wv_0_7|         array|
|wv_0_7_we1             |  out|    1|   ap_memory|                wv_0_7|         array|
|wv_0_7_d1              |  out|   32|   ap_memory|                wv_0_7|         array|
|wv_1_0_address1        |  out|   10|   ap_memory|                wv_1_0|         array|
|wv_1_0_ce1             |  out|    1|   ap_memory|                wv_1_0|         array|
|wv_1_0_we1             |  out|    1|   ap_memory|                wv_1_0|         array|
|wv_1_0_d1              |  out|   32|   ap_memory|                wv_1_0|         array|
|wv_1_1_address1        |  out|   10|   ap_memory|                wv_1_1|         array|
|wv_1_1_ce1             |  out|    1|   ap_memory|                wv_1_1|         array|
|wv_1_1_we1             |  out|    1|   ap_memory|                wv_1_1|         array|
|wv_1_1_d1              |  out|   32|   ap_memory|                wv_1_1|         array|
|wv_1_2_address1        |  out|   10|   ap_memory|                wv_1_2|         array|
|wv_1_2_ce1             |  out|    1|   ap_memory|                wv_1_2|         array|
|wv_1_2_we1             |  out|    1|   ap_memory|                wv_1_2|         array|
|wv_1_2_d1              |  out|   32|   ap_memory|                wv_1_2|         array|
|wv_1_3_address1        |  out|   10|   ap_memory|                wv_1_3|         array|
|wv_1_3_ce1             |  out|    1|   ap_memory|                wv_1_3|         array|
|wv_1_3_we1             |  out|    1|   ap_memory|                wv_1_3|         array|
|wv_1_3_d1              |  out|   32|   ap_memory|                wv_1_3|         array|
|wv_1_4_address1        |  out|   10|   ap_memory|                wv_1_4|         array|
|wv_1_4_ce1             |  out|    1|   ap_memory|                wv_1_4|         array|
|wv_1_4_we1             |  out|    1|   ap_memory|                wv_1_4|         array|
|wv_1_4_d1              |  out|   32|   ap_memory|                wv_1_4|         array|
|wv_1_5_address1        |  out|   10|   ap_memory|                wv_1_5|         array|
|wv_1_5_ce1             |  out|    1|   ap_memory|                wv_1_5|         array|
|wv_1_5_we1             |  out|    1|   ap_memory|                wv_1_5|         array|
|wv_1_5_d1              |  out|   32|   ap_memory|                wv_1_5|         array|
|wv_1_6_address1        |  out|   10|   ap_memory|                wv_1_6|         array|
|wv_1_6_ce1             |  out|    1|   ap_memory|                wv_1_6|         array|
|wv_1_6_we1             |  out|    1|   ap_memory|                wv_1_6|         array|
|wv_1_6_d1              |  out|   32|   ap_memory|                wv_1_6|         array|
|wv_1_7_address1        |  out|   10|   ap_memory|                wv_1_7|         array|
|wv_1_7_ce1             |  out|    1|   ap_memory|                wv_1_7|         array|
|wv_1_7_we1             |  out|    1|   ap_memory|                wv_1_7|         array|
|wv_1_7_d1              |  out|   32|   ap_memory|                wv_1_7|         array|
|wv_2_0_address1        |  out|   10|   ap_memory|                wv_2_0|         array|
|wv_2_0_ce1             |  out|    1|   ap_memory|                wv_2_0|         array|
|wv_2_0_we1             |  out|    1|   ap_memory|                wv_2_0|         array|
|wv_2_0_d1              |  out|   32|   ap_memory|                wv_2_0|         array|
|wv_2_1_address1        |  out|   10|   ap_memory|                wv_2_1|         array|
|wv_2_1_ce1             |  out|    1|   ap_memory|                wv_2_1|         array|
|wv_2_1_we1             |  out|    1|   ap_memory|                wv_2_1|         array|
|wv_2_1_d1              |  out|   32|   ap_memory|                wv_2_1|         array|
|wv_2_2_address1        |  out|   10|   ap_memory|                wv_2_2|         array|
|wv_2_2_ce1             |  out|    1|   ap_memory|                wv_2_2|         array|
|wv_2_2_we1             |  out|    1|   ap_memory|                wv_2_2|         array|
|wv_2_2_d1              |  out|   32|   ap_memory|                wv_2_2|         array|
|wv_2_3_address1        |  out|   10|   ap_memory|                wv_2_3|         array|
|wv_2_3_ce1             |  out|    1|   ap_memory|                wv_2_3|         array|
|wv_2_3_we1             |  out|    1|   ap_memory|                wv_2_3|         array|
|wv_2_3_d1              |  out|   32|   ap_memory|                wv_2_3|         array|
|wv_2_4_address1        |  out|   10|   ap_memory|                wv_2_4|         array|
|wv_2_4_ce1             |  out|    1|   ap_memory|                wv_2_4|         array|
|wv_2_4_we1             |  out|    1|   ap_memory|                wv_2_4|         array|
|wv_2_4_d1              |  out|   32|   ap_memory|                wv_2_4|         array|
|wv_2_5_address1        |  out|   10|   ap_memory|                wv_2_5|         array|
|wv_2_5_ce1             |  out|    1|   ap_memory|                wv_2_5|         array|
|wv_2_5_we1             |  out|    1|   ap_memory|                wv_2_5|         array|
|wv_2_5_d1              |  out|   32|   ap_memory|                wv_2_5|         array|
|wv_2_6_address1        |  out|   10|   ap_memory|                wv_2_6|         array|
|wv_2_6_ce1             |  out|    1|   ap_memory|                wv_2_6|         array|
|wv_2_6_we1             |  out|    1|   ap_memory|                wv_2_6|         array|
|wv_2_6_d1              |  out|   32|   ap_memory|                wv_2_6|         array|
|wv_2_7_address1        |  out|   10|   ap_memory|                wv_2_7|         array|
|wv_2_7_ce1             |  out|    1|   ap_memory|                wv_2_7|         array|
|wv_2_7_we1             |  out|    1|   ap_memory|                wv_2_7|         array|
|wv_2_7_d1              |  out|   32|   ap_memory|                wv_2_7|         array|
|wv_3_0_address1        |  out|   10|   ap_memory|                wv_3_0|         array|
|wv_3_0_ce1             |  out|    1|   ap_memory|                wv_3_0|         array|
|wv_3_0_we1             |  out|    1|   ap_memory|                wv_3_0|         array|
|wv_3_0_d1              |  out|   32|   ap_memory|                wv_3_0|         array|
|wv_3_1_address1        |  out|   10|   ap_memory|                wv_3_1|         array|
|wv_3_1_ce1             |  out|    1|   ap_memory|                wv_3_1|         array|
|wv_3_1_we1             |  out|    1|   ap_memory|                wv_3_1|         array|
|wv_3_1_d1              |  out|   32|   ap_memory|                wv_3_1|         array|
|wv_3_2_address1        |  out|   10|   ap_memory|                wv_3_2|         array|
|wv_3_2_ce1             |  out|    1|   ap_memory|                wv_3_2|         array|
|wv_3_2_we1             |  out|    1|   ap_memory|                wv_3_2|         array|
|wv_3_2_d1              |  out|   32|   ap_memory|                wv_3_2|         array|
|wv_3_3_address1        |  out|   10|   ap_memory|                wv_3_3|         array|
|wv_3_3_ce1             |  out|    1|   ap_memory|                wv_3_3|         array|
|wv_3_3_we1             |  out|    1|   ap_memory|                wv_3_3|         array|
|wv_3_3_d1              |  out|   32|   ap_memory|                wv_3_3|         array|
|wv_3_4_address1        |  out|   10|   ap_memory|                wv_3_4|         array|
|wv_3_4_ce1             |  out|    1|   ap_memory|                wv_3_4|         array|
|wv_3_4_we1             |  out|    1|   ap_memory|                wv_3_4|         array|
|wv_3_4_d1              |  out|   32|   ap_memory|                wv_3_4|         array|
|wv_3_5_address1        |  out|   10|   ap_memory|                wv_3_5|         array|
|wv_3_5_ce1             |  out|    1|   ap_memory|                wv_3_5|         array|
|wv_3_5_we1             |  out|    1|   ap_memory|                wv_3_5|         array|
|wv_3_5_d1              |  out|   32|   ap_memory|                wv_3_5|         array|
|wv_3_6_address1        |  out|   10|   ap_memory|                wv_3_6|         array|
|wv_3_6_ce1             |  out|    1|   ap_memory|                wv_3_6|         array|
|wv_3_6_we1             |  out|    1|   ap_memory|                wv_3_6|         array|
|wv_3_6_d1              |  out|   32|   ap_memory|                wv_3_6|         array|
|wv_3_7_address1        |  out|   10|   ap_memory|                wv_3_7|         array|
|wv_3_7_ce1             |  out|    1|   ap_memory|                wv_3_7|         array|
|wv_3_7_we1             |  out|    1|   ap_memory|                wv_3_7|         array|
|wv_3_7_d1              |  out|   32|   ap_memory|                wv_3_7|         array|
|wv_4_0_address1        |  out|   10|   ap_memory|                wv_4_0|         array|
|wv_4_0_ce1             |  out|    1|   ap_memory|                wv_4_0|         array|
|wv_4_0_we1             |  out|    1|   ap_memory|                wv_4_0|         array|
|wv_4_0_d1              |  out|   32|   ap_memory|                wv_4_0|         array|
|wv_4_1_address1        |  out|   10|   ap_memory|                wv_4_1|         array|
|wv_4_1_ce1             |  out|    1|   ap_memory|                wv_4_1|         array|
|wv_4_1_we1             |  out|    1|   ap_memory|                wv_4_1|         array|
|wv_4_1_d1              |  out|   32|   ap_memory|                wv_4_1|         array|
|wv_4_2_address1        |  out|   10|   ap_memory|                wv_4_2|         array|
|wv_4_2_ce1             |  out|    1|   ap_memory|                wv_4_2|         array|
|wv_4_2_we1             |  out|    1|   ap_memory|                wv_4_2|         array|
|wv_4_2_d1              |  out|   32|   ap_memory|                wv_4_2|         array|
|wv_4_3_address1        |  out|   10|   ap_memory|                wv_4_3|         array|
|wv_4_3_ce1             |  out|    1|   ap_memory|                wv_4_3|         array|
|wv_4_3_we1             |  out|    1|   ap_memory|                wv_4_3|         array|
|wv_4_3_d1              |  out|   32|   ap_memory|                wv_4_3|         array|
|wv_4_4_address1        |  out|   10|   ap_memory|                wv_4_4|         array|
|wv_4_4_ce1             |  out|    1|   ap_memory|                wv_4_4|         array|
|wv_4_4_we1             |  out|    1|   ap_memory|                wv_4_4|         array|
|wv_4_4_d1              |  out|   32|   ap_memory|                wv_4_4|         array|
|wv_4_5_address1        |  out|   10|   ap_memory|                wv_4_5|         array|
|wv_4_5_ce1             |  out|    1|   ap_memory|                wv_4_5|         array|
|wv_4_5_we1             |  out|    1|   ap_memory|                wv_4_5|         array|
|wv_4_5_d1              |  out|   32|   ap_memory|                wv_4_5|         array|
|wv_4_6_address1        |  out|   10|   ap_memory|                wv_4_6|         array|
|wv_4_6_ce1             |  out|    1|   ap_memory|                wv_4_6|         array|
|wv_4_6_we1             |  out|    1|   ap_memory|                wv_4_6|         array|
|wv_4_6_d1              |  out|   32|   ap_memory|                wv_4_6|         array|
|wv_4_7_address1        |  out|   10|   ap_memory|                wv_4_7|         array|
|wv_4_7_ce1             |  out|    1|   ap_memory|                wv_4_7|         array|
|wv_4_7_we1             |  out|    1|   ap_memory|                wv_4_7|         array|
|wv_4_7_d1              |  out|   32|   ap_memory|                wv_4_7|         array|
|wv_5_0_address1        |  out|   10|   ap_memory|                wv_5_0|         array|
|wv_5_0_ce1             |  out|    1|   ap_memory|                wv_5_0|         array|
|wv_5_0_we1             |  out|    1|   ap_memory|                wv_5_0|         array|
|wv_5_0_d1              |  out|   32|   ap_memory|                wv_5_0|         array|
|wv_5_1_address1        |  out|   10|   ap_memory|                wv_5_1|         array|
|wv_5_1_ce1             |  out|    1|   ap_memory|                wv_5_1|         array|
|wv_5_1_we1             |  out|    1|   ap_memory|                wv_5_1|         array|
|wv_5_1_d1              |  out|   32|   ap_memory|                wv_5_1|         array|
|wv_5_2_address1        |  out|   10|   ap_memory|                wv_5_2|         array|
|wv_5_2_ce1             |  out|    1|   ap_memory|                wv_5_2|         array|
|wv_5_2_we1             |  out|    1|   ap_memory|                wv_5_2|         array|
|wv_5_2_d1              |  out|   32|   ap_memory|                wv_5_2|         array|
|wv_5_3_address1        |  out|   10|   ap_memory|                wv_5_3|         array|
|wv_5_3_ce1             |  out|    1|   ap_memory|                wv_5_3|         array|
|wv_5_3_we1             |  out|    1|   ap_memory|                wv_5_3|         array|
|wv_5_3_d1              |  out|   32|   ap_memory|                wv_5_3|         array|
|wv_5_4_address1        |  out|   10|   ap_memory|                wv_5_4|         array|
|wv_5_4_ce1             |  out|    1|   ap_memory|                wv_5_4|         array|
|wv_5_4_we1             |  out|    1|   ap_memory|                wv_5_4|         array|
|wv_5_4_d1              |  out|   32|   ap_memory|                wv_5_4|         array|
|wv_5_5_address1        |  out|   10|   ap_memory|                wv_5_5|         array|
|wv_5_5_ce1             |  out|    1|   ap_memory|                wv_5_5|         array|
|wv_5_5_we1             |  out|    1|   ap_memory|                wv_5_5|         array|
|wv_5_5_d1              |  out|   32|   ap_memory|                wv_5_5|         array|
|wv_5_6_address1        |  out|   10|   ap_memory|                wv_5_6|         array|
|wv_5_6_ce1             |  out|    1|   ap_memory|                wv_5_6|         array|
|wv_5_6_we1             |  out|    1|   ap_memory|                wv_5_6|         array|
|wv_5_6_d1              |  out|   32|   ap_memory|                wv_5_6|         array|
|wv_5_7_address1        |  out|   10|   ap_memory|                wv_5_7|         array|
|wv_5_7_ce1             |  out|    1|   ap_memory|                wv_5_7|         array|
|wv_5_7_we1             |  out|    1|   ap_memory|                wv_5_7|         array|
|wv_5_7_d1              |  out|   32|   ap_memory|                wv_5_7|         array|
|wv_6_0_address1        |  out|   10|   ap_memory|                wv_6_0|         array|
|wv_6_0_ce1             |  out|    1|   ap_memory|                wv_6_0|         array|
|wv_6_0_we1             |  out|    1|   ap_memory|                wv_6_0|         array|
|wv_6_0_d1              |  out|   32|   ap_memory|                wv_6_0|         array|
|wv_6_1_address1        |  out|   10|   ap_memory|                wv_6_1|         array|
|wv_6_1_ce1             |  out|    1|   ap_memory|                wv_6_1|         array|
|wv_6_1_we1             |  out|    1|   ap_memory|                wv_6_1|         array|
|wv_6_1_d1              |  out|   32|   ap_memory|                wv_6_1|         array|
|wv_6_2_address1        |  out|   10|   ap_memory|                wv_6_2|         array|
|wv_6_2_ce1             |  out|    1|   ap_memory|                wv_6_2|         array|
|wv_6_2_we1             |  out|    1|   ap_memory|                wv_6_2|         array|
|wv_6_2_d1              |  out|   32|   ap_memory|                wv_6_2|         array|
|wv_6_3_address1        |  out|   10|   ap_memory|                wv_6_3|         array|
|wv_6_3_ce1             |  out|    1|   ap_memory|                wv_6_3|         array|
|wv_6_3_we1             |  out|    1|   ap_memory|                wv_6_3|         array|
|wv_6_3_d1              |  out|   32|   ap_memory|                wv_6_3|         array|
|wv_6_4_address1        |  out|   10|   ap_memory|                wv_6_4|         array|
|wv_6_4_ce1             |  out|    1|   ap_memory|                wv_6_4|         array|
|wv_6_4_we1             |  out|    1|   ap_memory|                wv_6_4|         array|
|wv_6_4_d1              |  out|   32|   ap_memory|                wv_6_4|         array|
|wv_6_5_address1        |  out|   10|   ap_memory|                wv_6_5|         array|
|wv_6_5_ce1             |  out|    1|   ap_memory|                wv_6_5|         array|
|wv_6_5_we1             |  out|    1|   ap_memory|                wv_6_5|         array|
|wv_6_5_d1              |  out|   32|   ap_memory|                wv_6_5|         array|
|wv_6_6_address1        |  out|   10|   ap_memory|                wv_6_6|         array|
|wv_6_6_ce1             |  out|    1|   ap_memory|                wv_6_6|         array|
|wv_6_6_we1             |  out|    1|   ap_memory|                wv_6_6|         array|
|wv_6_6_d1              |  out|   32|   ap_memory|                wv_6_6|         array|
|wv_6_7_address1        |  out|   10|   ap_memory|                wv_6_7|         array|
|wv_6_7_ce1             |  out|    1|   ap_memory|                wv_6_7|         array|
|wv_6_7_we1             |  out|    1|   ap_memory|                wv_6_7|         array|
|wv_6_7_d1              |  out|   32|   ap_memory|                wv_6_7|         array|
|wv_7_0_address1        |  out|   10|   ap_memory|                wv_7_0|         array|
|wv_7_0_ce1             |  out|    1|   ap_memory|                wv_7_0|         array|
|wv_7_0_we1             |  out|    1|   ap_memory|                wv_7_0|         array|
|wv_7_0_d1              |  out|   32|   ap_memory|                wv_7_0|         array|
|wv_7_1_address1        |  out|   10|   ap_memory|                wv_7_1|         array|
|wv_7_1_ce1             |  out|    1|   ap_memory|                wv_7_1|         array|
|wv_7_1_we1             |  out|    1|   ap_memory|                wv_7_1|         array|
|wv_7_1_d1              |  out|   32|   ap_memory|                wv_7_1|         array|
|wv_7_2_address1        |  out|   10|   ap_memory|                wv_7_2|         array|
|wv_7_2_ce1             |  out|    1|   ap_memory|                wv_7_2|         array|
|wv_7_2_we1             |  out|    1|   ap_memory|                wv_7_2|         array|
|wv_7_2_d1              |  out|   32|   ap_memory|                wv_7_2|         array|
|wv_7_3_address1        |  out|   10|   ap_memory|                wv_7_3|         array|
|wv_7_3_ce1             |  out|    1|   ap_memory|                wv_7_3|         array|
|wv_7_3_we1             |  out|    1|   ap_memory|                wv_7_3|         array|
|wv_7_3_d1              |  out|   32|   ap_memory|                wv_7_3|         array|
|wv_7_4_address1        |  out|   10|   ap_memory|                wv_7_4|         array|
|wv_7_4_ce1             |  out|    1|   ap_memory|                wv_7_4|         array|
|wv_7_4_we1             |  out|    1|   ap_memory|                wv_7_4|         array|
|wv_7_4_d1              |  out|   32|   ap_memory|                wv_7_4|         array|
|wv_7_5_address1        |  out|   10|   ap_memory|                wv_7_5|         array|
|wv_7_5_ce1             |  out|    1|   ap_memory|                wv_7_5|         array|
|wv_7_5_we1             |  out|    1|   ap_memory|                wv_7_5|         array|
|wv_7_5_d1              |  out|   32|   ap_memory|                wv_7_5|         array|
|wv_7_6_address1        |  out|   10|   ap_memory|                wv_7_6|         array|
|wv_7_6_ce1             |  out|    1|   ap_memory|                wv_7_6|         array|
|wv_7_6_we1             |  out|    1|   ap_memory|                wv_7_6|         array|
|wv_7_6_d1              |  out|   32|   ap_memory|                wv_7_6|         array|
|wv_7_7_address1        |  out|   10|   ap_memory|                wv_7_7|         array|
|wv_7_7_ce1             |  out|    1|   ap_memory|                wv_7_7|         array|
|wv_7_7_we1             |  out|    1|   ap_memory|                wv_7_7|         array|
|wv_7_7_d1              |  out|   32|   ap_memory|                wv_7_7|         array|
+-----------------------+-----+-----+------------+----------------------+--------------+

