

================================================================
== Vitis HLS Report for 'bert_ffn_kernel_v11_split_estimate'
================================================================
* Date:           Tue Jul  7 09:41:35 2026

* Version:        2021.2 (Build 3367213 on Tue Oct 19 02:47:39 MDT 2021)
* Project:        proj_bert_ffn_kernel_v11_split_estimate
* Solution:       solution1 (Vivado IP Flow Target)
* Product family: virtexuplus
* Target device:  xcu250-figd2104-2L-e


================================================================
== Performance Estimates
================================================================
+ Timing: 
    * Summary: 
    +--------+---------+----------+------------+
    |  Clock |  Target | Estimated| Uncertainty|
    +--------+---------+----------+------------+
    |ap_clk  |  5.00 ns|  3.650 ns|     1.35 ns|
    +--------+---------+----------+------------+

+ Latency: 
    * Summary: 
    +---------+---------+----------+----------+---------+---------+---------+
    |  Latency (cycles) |  Latency (absolute) |      Interval     | Pipeline|
    |   min   |   max   |    min   |    max   |   min   |   max   |   Type  |
    +---------+---------+----------+----------+---------+---------+---------+
    |  1476632|  1476632|  7.383 ms|  7.383 ms|  1476633|  1476633|       no|
    +---------+---------+----------+----------+---------+---------+---------+

    + Detail: 
        * Instance: 
        +------------------------------------+-------------------------+---------+---------+-----------+-----------+---------+---------+----------+
        |                                    |                         |  Latency (cycles) |   Latency (absolute)  |      Interval     | Pipeline |
        |              Instance              |          Module         |   min   |   max   |    min    |    max    |   min   |   max   |   Type   |
        +------------------------------------+-------------------------+---------+---------+-----------+-----------+---------+---------+----------+
        |grp_v10_load_input_matrix_fu_182    |v10_load_input_matrix    |     6155|     6155|  30.775 us|  30.775 us|     6155|     6155|        no|
        |grp_v10_projection_dataflow_fu_221  |v10_projection_dataflow  |  1464316|  1464316|   7.322 ms|   7.322 ms|  1464301|  1464301|  dataflow|
        |grp_v10_store_output_matrix_fu_297  |v10_store_output_matrix  |     6155|     6155|  30.775 us|  30.775 us|     6155|     6155|        no|
        +------------------------------------+-------------------------+---------+---------+-----------+-----------+---------+---------+----------+

        * Loop: 
        N/A



================================================================
== Utilization Estimates
================================================================
* Summary: 
+---------------------+---------+-------+---------+---------+------+
|         Name        | BRAM_18K|  DSP  |    FF   |   LUT   | URAM |
+---------------------+---------+-------+---------+---------+------+
|DSP                  |        -|      -|        -|        -|     -|
|Expression           |        -|      -|        0|        4|     -|
|FIFO                 |        -|      -|        -|        -|     -|
|Instance             |     1191|   2560|   231413|   217413|     0|
|Memory               |      512|      -|        0|        0|     -|
|Multiplexer          |        -|      -|        -|     1292|     -|
|Register             |        -|      -|      396|        -|     -|
+---------------------+---------+-------+---------+---------+------+
|Total                |     1703|   2560|   231809|   218709|     0|
+---------------------+---------+-------+---------+---------+------+
|Available SLR        |     1344|   3072|   864000|   432000|   320|
+---------------------+---------+-------+---------+---------+------+
|Utilization SLR (%)  |      126|     83|       26|       50|     0|
+---------------------+---------+-------+---------+---------+------+
|Available            |     5376|  12288|  3456000|  1728000|  1280|
+---------------------+---------+-------+---------+---------+------+
|Utilization (%)      |       31|     20|        6|       12|     0|
+---------------------+---------+-------+---------+---------+------+

+ Detail: 
    * Instance: 
    +------------------------------------+-------------------------+---------+------+--------+--------+-----+
    |              Instance              |          Module         | BRAM_18K|  DSP |   FF   |   LUT  | URAM|
    +------------------------------------+-------------------------+---------+------+--------+--------+-----+
    |control_s_axi_U                     |control_s_axi            |        0|     0|     463|     810|    0|
    |gmem_in_m_axi_U                     |gmem_in_m_axi            |       30|     0|    1415|    1585|    0|
    |gmem_out_m_axi_U                    |gmem_out_m_axi           |       30|     0|    1415|    1585|    0|
    |gmem_w1_m_axi_U                     |gmem_w1_m_axi            |       30|     0|    1415|    1585|    0|
    |gmem_w2_m_axi_U                     |gmem_w2_m_axi            |       30|     0|    1415|    1585|    0|
    |grp_v10_load_input_matrix_fu_182    |v10_load_input_matrix    |        0|     0|     613|     382|    0|
    |grp_v10_projection_dataflow_fu_221  |v10_projection_dataflow  |     1071|  2560|  224062|  209465|    0|
    |grp_v10_store_output_matrix_fu_297  |v10_store_output_matrix  |        0|     0|     615|     416|    0|
    +------------------------------------+-------------------------+---------+------+--------+--------+-----+
    |Total                               |                         |     1191|  2560|  231413|  217413|    0|
    +------------------------------------+-------------------------+---------+------+--------+--------+-----+

    * DSP: 
    N/A

    * Memory: 
    +------------------------------------------------------------+----------------------------+---------+---+----+-----+------+-----+------+-------------+
    |                           Memory                           |           Module           | BRAM_18K| FF| LUT| URAM| Words| Bits| Banks| W*Bits*Banks|
    +------------------------------------------------------------+----------------------------+---------+---+----+-----+------+-----+------+-------------+
    |input_buf_U                                                 |input_buf_RAM_2P_BRAM_2R1W  |       16|  0|   0|    0|  6144|   32|     1|       196608|
    |input_buf_1_U                                               |input_buf_RAM_2P_BRAM_2R1W  |       16|  0|   0|    0|  6144|   32|     1|       196608|
    |input_buf_2_U                                               |input_buf_RAM_2P_BRAM_2R1W  |       16|  0|   0|    0|  6144|   32|     1|       196608|
    |input_buf_3_U                                               |input_buf_RAM_2P_BRAM_2R1W  |       16|  0|   0|    0|  6144|   32|     1|       196608|
    |input_buf_4_U                                               |input_buf_RAM_2P_BRAM_2R1W  |       16|  0|   0|    0|  6144|   32|     1|       196608|
    |input_buf_5_U                                               |input_buf_RAM_2P_BRAM_2R1W  |       16|  0|   0|    0|  6144|   32|     1|       196608|
    |input_buf_6_U                                               |input_buf_RAM_2P_BRAM_2R1W  |       16|  0|   0|    0|  6144|   32|     1|       196608|
    |input_buf_7_U                                               |input_buf_RAM_2P_BRAM_2R1W  |       16|  0|   0|    0|  6144|   32|     1|       196608|
    |input_buf_8_U                                               |input_buf_RAM_2P_BRAM_2R1W  |       16|  0|   0|    0|  6144|   32|     1|       196608|
    |input_buf_9_U                                               |input_buf_RAM_2P_BRAM_2R1W  |       16|  0|   0|    0|  6144|   32|     1|       196608|
    |p_ZZ34bert_ffn_kernel_v11_split_estimateE9input_buf_10_U    |input_buf_RAM_2P_BRAM_2R1W  |       16|  0|   0|    0|  6144|   32|     1|       196608|
    |p_ZZ34bert_ffn_kernel_v11_split_estimateE9input_buf_11_U    |input_buf_RAM_2P_BRAM_2R1W  |       16|  0|   0|    0|  6144|   32|     1|       196608|
    |p_ZZ34bert_ffn_kernel_v11_split_estimateE9input_buf_12_U    |input_buf_RAM_2P_BRAM_2R1W  |       16|  0|   0|    0|  6144|   32|     1|       196608|
    |p_ZZ34bert_ffn_kernel_v11_split_estimateE9input_buf_13_U    |input_buf_RAM_2P_BRAM_2R1W  |       16|  0|   0|    0|  6144|   32|     1|       196608|
    |p_ZZ34bert_ffn_kernel_v11_split_estimateE9input_buf_14_U    |input_buf_RAM_2P_BRAM_2R1W  |       16|  0|   0|    0|  6144|   32|     1|       196608|
    |p_ZZ34bert_ffn_kernel_v11_split_estimateE9input_buf_15_U    |input_buf_RAM_2P_BRAM_2R1W  |       16|  0|   0|    0|  6144|   32|     1|       196608|
    |output_buf_U                                                |input_buf_RAM_2P_BRAM_2R1W  |       16|  0|   0|    0|  6144|   32|     1|       196608|
    |output_buf_1_U                                              |input_buf_RAM_2P_BRAM_2R1W  |       16|  0|   0|    0|  6144|   32|     1|       196608|
    |output_buf_2_U                                              |input_buf_RAM_2P_BRAM_2R1W  |       16|  0|   0|    0|  6144|   32|     1|       196608|
    |output_buf_3_U                                              |input_buf_RAM_2P_BRAM_2R1W  |       16|  0|   0|    0|  6144|   32|     1|       196608|
    |output_buf_4_U                                              |input_buf_RAM_2P_BRAM_2R1W  |       16|  0|   0|    0|  6144|   32|     1|       196608|
    |output_buf_5_U                                              |input_buf_RAM_2P_BRAM_2R1W  |       16|  0|   0|    0|  6144|   32|     1|       196608|
    |output_buf_6_U                                              |input_buf_RAM_2P_BRAM_2R1W  |       16|  0|   0|    0|  6144|   32|     1|       196608|
    |output_buf_7_U                                              |input_buf_RAM_2P_BRAM_2R1W  |       16|  0|   0|    0|  6144|   32|     1|       196608|
    |output_buf_8_U                                              |input_buf_RAM_2P_BRAM_2R1W  |       16|  0|   0|    0|  6144|   32|     1|       196608|
    |output_buf_9_U                                              |input_buf_RAM_2P_BRAM_2R1W  |       16|  0|   0|    0|  6144|   32|     1|       196608|
    |p_ZZ34bert_ffn_kernel_v11_split_estimateE10output_buf_10_U  |input_buf_RAM_2P_BRAM_2R1W  |       16|  0|   0|    0|  6144|   32|     1|       196608|
    |p_ZZ34bert_ffn_kernel_v11_split_estimateE10output_buf_11_U  |input_buf_RAM_2P_BRAM_2R1W  |       16|  0|   0|    0|  6144|   32|     1|       196608|
    |p_ZZ34bert_ffn_kernel_v11_split_estimateE10output_buf_12_U  |input_buf_RAM_2P_BRAM_2R1W  |       16|  0|   0|    0|  6144|   32|     1|       196608|
    |p_ZZ34bert_ffn_kernel_v11_split_estimateE10output_buf_13_U  |input_buf_RAM_2P_BRAM_2R1W  |       16|  0|   0|    0|  6144|   32|     1|       196608|
    |p_ZZ34bert_ffn_kernel_v11_split_estimateE10output_buf_14_U  |input_buf_RAM_2P_BRAM_2R1W  |       16|  0|   0|    0|  6144|   32|     1|       196608|
    |p_ZZ34bert_ffn_kernel_v11_split_estimateE10output_buf_15_U  |input_buf_RAM_2P_BRAM_2R1W  |       16|  0|   0|    0|  6144|   32|     1|       196608|
    +------------------------------------------------------------+----------------------------+---------+---+----+-----+------+-----+------+-------------+
    |Total                                                       |                            |      512|  0|   0|    0|196608| 1024|    32|      6291456|
    +------------------------------------------------------------+----------------------------+---------+---+----+-----+------+-----+------+-------------+

    * FIFO: 
    N/A

    * Expression: 
    +-----------------------------------------------------+----------+----+---+----+------------+------------+
    |                    Variable Name                    | Operation| DSP| FF| LUT| Bitwidth P0| Bitwidth P1|
    +-----------------------------------------------------+----------+----+---+----+------------+------------+
    |ap_sync_grp_v10_projection_dataflow_fu_221_ap_done   |        or|   0|  0|   2|           1|           1|
    |ap_sync_grp_v10_projection_dataflow_fu_221_ap_ready  |        or|   0|  0|   2|           1|           1|
    +-----------------------------------------------------+----------+----+---+----+------------+------------+
    |Total                                                |          |   0|  0|   4|           2|           2|
    +-----------------------------------------------------+----------+----+---+----+------------+------------+

    * Multiplexer: 
    +-------------------------------------------------------------------+----+-----------+-----+-----------+
    |                                Name                               | LUT| Input Size| Bits| Total Bits|
    +-------------------------------------------------------------------+----+-----------+-----+-----------+
    |ap_NS_fsm                                                          |  43|          8|    1|          8|
    |gmem_in_ARVALID                                                    |   9|          2|    1|          2|
    |gmem_in_RREADY                                                     |   9|          2|    1|          2|
    |gmem_out_AWVALID                                                   |   9|          2|    1|          2|
    |gmem_out_BREADY                                                    |   9|          2|    1|          2|
    |gmem_out_WVALID                                                    |   9|          2|    1|          2|
    |gmem_w1_ARVALID                                                    |   9|          2|    1|          2|
    |gmem_w1_RREADY                                                     |   9|          2|    1|          2|
    |gmem_w2_ARVALID                                                    |   9|          2|    1|          2|
    |gmem_w2_RREADY                                                     |   9|          2|    1|          2|
    |input_buf_1_ce0                                                    |   9|          2|    1|          2|
    |input_buf_1_ce1                                                    |   9|          2|    1|          2|
    |input_buf_1_we1                                                    |   9|          2|    1|          2|
    |input_buf_2_ce0                                                    |   9|          2|    1|          2|
    |input_buf_2_ce1                                                    |   9|          2|    1|          2|
    |input_buf_2_we1                                                    |   9|          2|    1|          2|
    |input_buf_3_ce0                                                    |   9|          2|    1|          2|
    |input_buf_3_ce1                                                    |   9|          2|    1|          2|
    |input_buf_3_we1                                                    |   9|          2|    1|          2|
    |input_buf_4_ce0                                                    |   9|          2|    1|          2|
    |input_buf_4_ce1                                                    |   9|          2|    1|          2|
    |input_buf_4_we1                                                    |   9|          2|    1|          2|
    |input_buf_5_ce0                                                    |   9|          2|    1|          2|
    |input_buf_5_ce1                                                    |   9|          2|    1|          2|
    |input_buf_5_we1                                                    |   9|          2|    1|          2|
    |input_buf_6_ce0                                                    |   9|          2|    1|          2|
    |input_buf_6_ce1                                                    |   9|          2|    1|          2|
    |input_buf_6_we1                                                    |   9|          2|    1|          2|
    |input_buf_7_ce0                                                    |   9|          2|    1|          2|
    |input_buf_7_ce1                                                    |   9|          2|    1|          2|
    |input_buf_7_we1                                                    |   9|          2|    1|          2|
    |input_buf_8_ce0                                                    |   9|          2|    1|          2|
    |input_buf_8_ce1                                                    |   9|          2|    1|          2|
    |input_buf_8_we1                                                    |   9|          2|    1|          2|
    |input_buf_9_ce0                                                    |   9|          2|    1|          2|
    |input_buf_9_ce1                                                    |   9|          2|    1|          2|
    |input_buf_9_we1                                                    |   9|          2|    1|          2|
    |input_buf_ce0                                                      |   9|          2|    1|          2|
    |input_buf_ce1                                                      |   9|          2|    1|          2|
    |input_buf_we1                                                      |   9|          2|    1|          2|
    |output_buf_1_address0                                              |  14|          3|   13|         39|
    |output_buf_1_ce0                                                   |  14|          3|    1|          3|
    |output_buf_1_ce1                                                   |   9|          2|    1|          2|
    |output_buf_1_we1                                                   |   9|          2|    1|          2|
    |output_buf_2_address0                                              |  14|          3|   13|         39|
    |output_buf_2_ce0                                                   |  14|          3|    1|          3|
    |output_buf_2_ce1                                                   |   9|          2|    1|          2|
    |output_buf_2_we1                                                   |   9|          2|    1|          2|
    |output_buf_3_address0                                              |  14|          3|   13|         39|
    |output_buf_3_ce0                                                   |  14|          3|    1|          3|
    |output_buf_3_ce1                                                   |   9|          2|    1|          2|
    |output_buf_3_we1                                                   |   9|          2|    1|          2|
    |output_buf_4_address0                                              |  14|          3|   13|         39|
    |output_buf_4_ce0                                                   |  14|          3|    1|          3|
    |output_buf_4_ce1                                                   |   9|          2|    1|          2|
    |output_buf_4_we1                                                   |   9|          2|    1|          2|
    |output_buf_5_address0                                              |  14|          3|   13|         39|
    |output_buf_5_ce0                                                   |  14|          3|    1|          3|
    |output_buf_5_ce1                                                   |   9|          2|    1|          2|
    |output_buf_5_we1                                                   |   9|          2|    1|          2|
    |output_buf_6_address0                                              |  14|          3|   13|         39|
    |output_buf_6_ce0                                                   |  14|          3|    1|          3|
    |output_buf_6_ce1                                                   |   9|          2|    1|          2|
    |output_buf_6_we1                                                   |   9|          2|    1|          2|
    |output_buf_7_address0                                              |  14|          3|   13|         39|
    |output_buf_7_ce0                                                   |  14|          3|    1|          3|
    |output_buf_7_ce1                                                   |   9|          2|    1|          2|
    |output_buf_7_we1                                                   |   9|          2|    1|          2|
    |output_buf_8_address0                                              |  14|          3|   13|         39|
    |output_buf_8_ce0                                                   |  14|          3|    1|          3|
    |output_buf_8_ce1                                                   |   9|          2|    1|          2|
    |output_buf_8_we1                                                   |   9|          2|    1|          2|
    |output_buf_9_address0                                              |  14|          3|   13|         39|
    |output_buf_9_ce0                                                   |  14|          3|    1|          3|
    |output_buf_9_ce1                                                   |   9|          2|    1|          2|
    |output_buf_9_we1                                                   |   9|          2|    1|          2|
    |output_buf_address0                                                |  14|          3|   13|         39|
    |output_buf_ce0                                                     |  14|          3|    1|          3|
    |output_buf_ce1                                                     |   9|          2|    1|          2|
    |output_buf_we1                                                     |   9|          2|    1|          2|
    |p_ZZ34bert_ffn_kernel_v11_split_estimateE10output_buf_10_address0  |  14|          3|   13|         39|
    |p_ZZ34bert_ffn_kernel_v11_split_estimateE10output_buf_10_ce0       |  14|          3|    1|          3|
    |p_ZZ34bert_ffn_kernel_v11_split_estimateE10output_buf_10_ce1       |   9|          2|    1|          2|
    |p_ZZ34bert_ffn_kernel_v11_split_estimateE10output_buf_10_we1       |   9|          2|    1|          2|
    |p_ZZ34bert_ffn_kernel_v11_split_estimateE10output_buf_11_address0  |  14|          3|   13|         39|
    |p_ZZ34bert_ffn_kernel_v11_split_estimateE10output_buf_11_ce0       |  14|          3|    1|          3|
    |p_ZZ34bert_ffn_kernel_v11_split_estimateE10output_buf_11_ce1       |   9|          2|    1|          2|
    |p_ZZ34bert_ffn_kernel_v11_split_estimateE10output_buf_11_we1       |   9|          2|    1|          2|
    |p_ZZ34bert_ffn_kernel_v11_split_estimateE10output_buf_12_address0  |  14|          3|   13|         39|
    |p_ZZ34bert_ffn_kernel_v11_split_estimateE10output_buf_12_ce0       |  14|          3|    1|          3|
    |p_ZZ34bert_ffn_kernel_v11_split_estimateE10output_buf_12_ce1       |   9|          2|    1|          2|
    |p_ZZ34bert_ffn_kernel_v11_split_estimateE10output_buf_12_we1       |   9|          2|    1|          2|
    |p_ZZ34bert_ffn_kernel_v11_split_estimateE10output_buf_13_address0  |  14|          3|   13|         39|
    |p_ZZ34bert_ffn_kernel_v11_split_estimateE10output_buf_13_ce0       |  14|          3|    1|          3|
    |p_ZZ34bert_ffn_kernel_v11_split_estimateE10output_buf_13_ce1       |   9|          2|    1|          2|
    |p_ZZ34bert_ffn_kernel_v11_split_estimateE10output_buf_13_we1       |   9|          2|    1|          2|
    |p_ZZ34bert_ffn_kernel_v11_split_estimateE10output_buf_14_address0  |  14|          3|   13|         39|
    |p_ZZ34bert_ffn_kernel_v11_split_estimateE10output_buf_14_ce0       |  14|          3|    1|          3|
    |p_ZZ34bert_ffn_kernel_v11_split_estimateE10output_buf_14_ce1       |   9|          2|    1|          2|
    |p_ZZ34bert_ffn_kernel_v11_split_estimateE10output_buf_14_we1       |   9|          2|    1|          2|
    |p_ZZ34bert_ffn_kernel_v11_split_estimateE10output_buf_15_address0  |  14|          3|   13|         39|
    |p_ZZ34bert_ffn_kernel_v11_split_estimateE10output_buf_15_ce0       |  14|          3|    1|          3|
    |p_ZZ34bert_ffn_kernel_v11_split_estimateE10output_buf_15_ce1       |   9|          2|    1|          2|
    |p_ZZ34bert_ffn_kernel_v11_split_estimateE10output_buf_15_we1       |   9|          2|    1|          2|
    |p_ZZ34bert_ffn_kernel_v11_split_estimateE9input_buf_10_ce0         |   9|          2|    1|          2|
    |p_ZZ34bert_ffn_kernel_v11_split_estimateE9input_buf_10_ce1         |   9|          2|    1|          2|
    |p_ZZ34bert_ffn_kernel_v11_split_estimateE9input_buf_10_we1         |   9|          2|    1|          2|
    |p_ZZ34bert_ffn_kernel_v11_split_estimateE9input_buf_11_ce0         |   9|          2|    1|          2|
    |p_ZZ34bert_ffn_kernel_v11_split_estimateE9input_buf_11_ce1         |   9|          2|    1|          2|
    |p_ZZ34bert_ffn_kernel_v11_split_estimateE9input_buf_11_we1         |   9|          2|    1|          2|
    |p_ZZ34bert_ffn_kernel_v11_split_estimateE9input_buf_12_ce0         |   9|          2|    1|          2|
    |p_ZZ34bert_ffn_kernel_v11_split_estimateE9input_buf_12_ce1         |   9|          2|    1|          2|
    |p_ZZ34bert_ffn_kernel_v11_split_estimateE9input_buf_12_we1         |   9|          2|    1|          2|
    |p_ZZ34bert_ffn_kernel_v11_split_estimateE9input_buf_13_ce0         |   9|          2|    1|          2|
    |p_ZZ34bert_ffn_kernel_v11_split_estimateE9input_buf_13_ce1         |   9|          2|    1|          2|
    |p_ZZ34bert_ffn_kernel_v11_split_estimateE9input_buf_13_we1         |   9|          2|    1|          2|
    |p_ZZ34bert_ffn_kernel_v11_split_estimateE9input_buf_14_ce0         |   9|          2|    1|          2|
    |p_ZZ34bert_ffn_kernel_v11_split_estimateE9input_buf_14_ce1         |   9|          2|    1|          2|
    |p_ZZ34bert_ffn_kernel_v11_split_estimateE9input_buf_14_we1         |   9|          2|    1|          2|
    |p_ZZ34bert_ffn_kernel_v11_split_estimateE9input_buf_15_ce0         |   9|          2|    1|          2|
    |p_ZZ34bert_ffn_kernel_v11_split_estimateE9input_buf_15_ce1         |   9|          2|    1|          2|
    |p_ZZ34bert_ffn_kernel_v11_split_estimateE9input_buf_15_we1         |   9|          2|    1|          2|
    +-------------------------------------------------------------------+----+-----------+-----+-----------+
    |Total                                                              |1292|        282|  314|        858|
    +-------------------------------------------------------------------+----+-----------+-----+-----------+

    * Register: 
    +---------------------------------------------------------+----+----+-----+-----------+
    |                           Name                          | FF | LUT| Bits| Const Bits|
    +---------------------------------------------------------+----+----+-----+-----------+
    |ap_CS_fsm                                                |   7|   0|    7|          0|
    |ap_sync_reg_grp_v10_projection_dataflow_fu_221_ap_done   |   1|   0|    1|          0|
    |ap_sync_reg_grp_v10_projection_dataflow_fu_221_ap_ready  |   1|   0|    1|          0|
    |b1_read_reg_351                                          |  64|   0|   64|          0|
    |b2_read_reg_341                                          |  64|   0|   64|          0|
    |grp_v10_load_input_matrix_fu_182_ap_start_reg            |   1|   0|    1|          0|
    |grp_v10_projection_dataflow_fu_221_ap_start_reg          |   1|   0|    1|          0|
    |grp_v10_store_output_matrix_fu_297_ap_start_reg          |   1|   0|    1|          0|
    |input_hidden_read_reg_361                                |  64|   0|   64|          0|
    |output_hidden_read_reg_336                               |  64|   0|   64|          0|
    |w1_read_reg_356                                          |  64|   0|   64|          0|
    |w2_read_reg_346                                          |  64|   0|   64|          0|
    +---------------------------------------------------------+----+----+-----+-----------+
    |Total                                                    | 396|   0|  396|          0|
    +---------------------------------------------------------+----+----+-----+-----------+



================================================================
== Interface
================================================================
* Summary: 
+-------------------------+-----+-----+------------+------------------------------------+--------------+
|        RTL Ports        | Dir | Bits|  Protocol  |            Source Object           |    C Type    |
+-------------------------+-----+-----+------------+------------------------------------+--------------+
|s_axi_control_AWVALID    |   in|    1|       s_axi|                             control|        scalar|
|s_axi_control_AWREADY    |  out|    1|       s_axi|                             control|        scalar|
|s_axi_control_AWADDR     |   in|    7|       s_axi|                             control|        scalar|
|s_axi_control_WVALID     |   in|    1|       s_axi|                             control|        scalar|
|s_axi_control_WREADY     |  out|    1|       s_axi|                             control|        scalar|
|s_axi_control_WDATA      |   in|   32|       s_axi|                             control|        scalar|
|s_axi_control_WSTRB      |   in|    4|       s_axi|                             control|        scalar|
|s_axi_control_ARVALID    |   in|    1|       s_axi|                             control|        scalar|
|s_axi_control_ARREADY    |  out|    1|       s_axi|                             control|        scalar|
|s_axi_control_ARADDR     |   in|    7|       s_axi|                             control|        scalar|
|s_axi_control_RVALID     |  out|    1|       s_axi|                             control|        scalar|
|s_axi_control_RREADY     |   in|    1|       s_axi|                             control|        scalar|
|s_axi_control_RDATA      |  out|   32|       s_axi|                             control|        scalar|
|s_axi_control_RRESP      |  out|    2|       s_axi|                             control|        scalar|
|s_axi_control_BVALID     |  out|    1|       s_axi|                             control|        scalar|
|s_axi_control_BREADY     |   in|    1|       s_axi|                             control|        scalar|
|s_axi_control_BRESP      |  out|    2|       s_axi|                             control|        scalar|
|ap_local_block           |  out|    1|  ap_ctrl_hs|  bert_ffn_kernel_v11_split_estimate|  return value|
|ap_clk                   |   in|    1|  ap_ctrl_hs|  bert_ffn_kernel_v11_split_estimate|  return value|
|ap_rst_n                 |   in|    1|  ap_ctrl_hs|  bert_ffn_kernel_v11_split_estimate|  return value|
|interrupt                |  out|    1|  ap_ctrl_hs|  bert_ffn_kernel_v11_split_estimate|  return value|
|m_axi_gmem_in_AWVALID    |  out|    1|       m_axi|                             gmem_in|       pointer|
|m_axi_gmem_in_AWREADY    |   in|    1|       m_axi|                             gmem_in|       pointer|
|m_axi_gmem_in_AWADDR     |  out|   64|       m_axi|                             gmem_in|       pointer|
|m_axi_gmem_in_AWID       |  out|    1|       m_axi|                             gmem_in|       pointer|
|m_axi_gmem_in_AWLEN      |  out|    8|       m_axi|                             gmem_in|       pointer|
|m_axi_gmem_in_AWSIZE     |  out|    3|       m_axi|                             gmem_in|       pointer|
|m_axi_gmem_in_AWBURST    |  out|    2|       m_axi|                             gmem_in|       pointer|
|m_axi_gmem_in_AWLOCK     |  out|    2|       m_axi|                             gmem_in|       pointer|
|m_axi_gmem_in_AWCACHE    |  out|    4|       m_axi|                             gmem_in|       pointer|
|m_axi_gmem_in_AWPROT     |  out|    3|       m_axi|                             gmem_in|       pointer|
|m_axi_gmem_in_AWQOS      |  out|    4|       m_axi|                             gmem_in|       pointer|
|m_axi_gmem_in_AWREGION   |  out|    4|       m_axi|                             gmem_in|       pointer|
|m_axi_gmem_in_AWUSER     |  out|    1|       m_axi|                             gmem_in|       pointer|
|m_axi_gmem_in_WVALID     |  out|    1|       m_axi|                             gmem_in|       pointer|
|m_axi_gmem_in_WREADY     |   in|    1|       m_axi|                             gmem_in|       pointer|
|m_axi_gmem_in_WDATA      |  out|  512|       m_axi|                             gmem_in|       pointer|
|m_axi_gmem_in_WSTRB      |  out|   64|       m_axi|                             gmem_in|       pointer|
|m_axi_gmem_in_WLAST      |  out|    1|       m_axi|                             gmem_in|       pointer|
|m_axi_gmem_in_WID        |  out|    1|       m_axi|                             gmem_in|       pointer|
|m_axi_gmem_in_WUSER      |  out|    1|       m_axi|                             gmem_in|       pointer|
|m_axi_gmem_in_ARVALID    |  out|    1|       m_axi|                             gmem_in|       pointer|
|m_axi_gmem_in_ARREADY    |   in|    1|       m_axi|                             gmem_in|       pointer|
|m_axi_gmem_in_ARADDR     |  out|   64|       m_axi|                             gmem_in|       pointer|
|m_axi_gmem_in_ARID       |  out|    1|       m_axi|                             gmem_in|       pointer|
|m_axi_gmem_in_ARLEN      |  out|    8|       m_axi|                             gmem_in|       pointer|
|m_axi_gmem_in_ARSIZE     |  out|    3|       m_axi|                             gmem_in|       pointer|
|m_axi_gmem_in_ARBURST    |  out|    2|       m_axi|                             gmem_in|       pointer|
|m_axi_gmem_in_ARLOCK     |  out|    2|       m_axi|                             gmem_in|       pointer|
|m_axi_gmem_in_ARCACHE    |  out|    4|       m_axi|                             gmem_in|       pointer|
|m_axi_gmem_in_ARPROT     |  out|    3|       m_axi|                             gmem_in|       pointer|
|m_axi_gmem_in_ARQOS      |  out|    4|       m_axi|                             gmem_in|       pointer|
|m_axi_gmem_in_ARREGION   |  out|    4|       m_axi|                             gmem_in|       pointer|
|m_axi_gmem_in_ARUSER     |  out|    1|       m_axi|                             gmem_in|       pointer|
|m_axi_gmem_in_RVALID     |   in|    1|       m_axi|                             gmem_in|       pointer|
|m_axi_gmem_in_RREADY     |  out|    1|       m_axi|                             gmem_in|       pointer|
|m_axi_gmem_in_RDATA      |   in|  512|       m_axi|                             gmem_in|       pointer|
|m_axi_gmem_in_RLAST      |   in|    1|       m_axi|                             gmem_in|       pointer|
|m_axi_gmem_in_RID        |   in|    1|       m_axi|                             gmem_in|       pointer|
|m_axi_gmem_in_RUSER      |   in|    1|       m_axi|                             gmem_in|       pointer|
|m_axi_gmem_in_RRESP      |   in|    2|       m_axi|                             gmem_in|       pointer|
|m_axi_gmem_in_BVALID     |   in|    1|       m_axi|                             gmem_in|       pointer|
|m_axi_gmem_in_BREADY     |  out|    1|       m_axi|                             gmem_in|       pointer|
|m_axi_gmem_in_BRESP      |   in|    2|       m_axi|                             gmem_in|       pointer|
|m_axi_gmem_in_BID        |   in|    1|       m_axi|                             gmem_in|       pointer|
|m_axi_gmem_in_BUSER      |   in|    1|       m_axi|                             gmem_in|       pointer|
|m_axi_gmem_w1_AWVALID    |  out|    1|       m_axi|                             gmem_w1|       pointer|
|m_axi_gmem_w1_AWREADY    |   in|    1|       m_axi|                             gmem_w1|       pointer|
|m_axi_gmem_w1_AWADDR     |  out|   64|       m_axi|                             gmem_w1|       pointer|
|m_axi_gmem_w1_AWID       |  out|    1|       m_axi|                             gmem_w1|       pointer|
|m_axi_gmem_w1_AWLEN      |  out|    8|       m_axi|                             gmem_w1|       pointer|
|m_axi_gmem_w1_AWSIZE     |  out|    3|       m_axi|                             gmem_w1|       pointer|
|m_axi_gmem_w1_AWBURST    |  out|    2|       m_axi|                             gmem_w1|       pointer|
|m_axi_gmem_w1_AWLOCK     |  out|    2|       m_axi|                             gmem_w1|       pointer|
|m_axi_gmem_w1_AWCACHE    |  out|    4|       m_axi|                             gmem_w1|       pointer|
|m_axi_gmem_w1_AWPROT     |  out|    3|       m_axi|                             gmem_w1|       pointer|
|m_axi_gmem_w1_AWQOS      |  out|    4|       m_axi|                             gmem_w1|       pointer|
|m_axi_gmem_w1_AWREGION   |  out|    4|       m_axi|                             gmem_w1|       pointer|
|m_axi_gmem_w1_AWUSER     |  out|    1|       m_axi|                             gmem_w1|       pointer|
|m_axi_gmem_w1_WVALID     |  out|    1|       m_axi|                             gmem_w1|       pointer|
|m_axi_gmem_w1_WREADY     |   in|    1|       m_axi|                             gmem_w1|       pointer|
|m_axi_gmem_w1_WDATA      |  out|  512|       m_axi|                             gmem_w1|       pointer|
|m_axi_gmem_w1_WSTRB      |  out|   64|       m_axi|                             gmem_w1|       pointer|
|m_axi_gmem_w1_WLAST      |  out|    1|       m_axi|                             gmem_w1|       pointer|
|m_axi_gmem_w1_WID        |  out|    1|       m_axi|                             gmem_w1|       pointer|
|m_axi_gmem_w1_WUSER      |  out|    1|       m_axi|                             gmem_w1|       pointer|
|m_axi_gmem_w1_ARVALID    |  out|    1|       m_axi|                             gmem_w1|       pointer|
|m_axi_gmem_w1_ARREADY    |   in|    1|       m_axi|                             gmem_w1|       pointer|
|m_axi_gmem_w1_ARADDR     |  out|   64|       m_axi|                             gmem_w1|       pointer|
|m_axi_gmem_w1_ARID       |  out|    1|       m_axi|                             gmem_w1|       pointer|
|m_axi_gmem_w1_ARLEN      |  out|    8|       m_axi|                             gmem_w1|       pointer|
|m_axi_gmem_w1_ARSIZE     |  out|    3|       m_axi|                             gmem_w1|       pointer|
|m_axi_gmem_w1_ARBURST    |  out|    2|       m_axi|                             gmem_w1|       pointer|
|m_axi_gmem_w1_ARLOCK     |  out|    2|       m_axi|                             gmem_w1|       pointer|
|m_axi_gmem_w1_ARCACHE    |  out|    4|       m_axi|                             gmem_w1|       pointer|
|m_axi_gmem_w1_ARPROT     |  out|    3|       m_axi|                             gmem_w1|       pointer|
|m_axi_gmem_w1_ARQOS      |  out|    4|       m_axi|                             gmem_w1|       pointer|
|m_axi_gmem_w1_ARREGION   |  out|    4|       m_axi|                             gmem_w1|       pointer|
|m_axi_gmem_w1_ARUSER     |  out|    1|       m_axi|                             gmem_w1|       pointer|
|m_axi_gmem_w1_RVALID     |   in|    1|       m_axi|                             gmem_w1|       pointer|
|m_axi_gmem_w1_RREADY     |  out|    1|       m_axi|                             gmem_w1|       pointer|
|m_axi_gmem_w1_RDATA      |   in|  512|       m_axi|                             gmem_w1|       pointer|
|m_axi_gmem_w1_RLAST      |   in|    1|       m_axi|                             gmem_w1|       pointer|
|m_axi_gmem_w1_RID        |   in|    1|       m_axi|                             gmem_w1|       pointer|
|m_axi_gmem_w1_RUSER      |   in|    1|       m_axi|                             gmem_w1|       pointer|
|m_axi_gmem_w1_RRESP      |   in|    2|       m_axi|                             gmem_w1|       pointer|
|m_axi_gmem_w1_BVALID     |   in|    1|       m_axi|                             gmem_w1|       pointer|
|m_axi_gmem_w1_BREADY     |  out|    1|       m_axi|                             gmem_w1|       pointer|
|m_axi_gmem_w1_BRESP      |   in|    2|       m_axi|                             gmem_w1|       pointer|
|m_axi_gmem_w1_BID        |   in|    1|       m_axi|                             gmem_w1|       pointer|
|m_axi_gmem_w1_BUSER      |   in|    1|       m_axi|                             gmem_w1|       pointer|
|m_axi_gmem_w2_AWVALID    |  out|    1|       m_axi|                             gmem_w2|       pointer|
|m_axi_gmem_w2_AWREADY    |   in|    1|       m_axi|                             gmem_w2|       pointer|
|m_axi_gmem_w2_AWADDR     |  out|   64|       m_axi|                             gmem_w2|       pointer|
|m_axi_gmem_w2_AWID       |  out|    1|       m_axi|                             gmem_w2|       pointer|
|m_axi_gmem_w2_AWLEN      |  out|    8|       m_axi|                             gmem_w2|       pointer|
|m_axi_gmem_w2_AWSIZE     |  out|    3|       m_axi|                             gmem_w2|       pointer|
|m_axi_gmem_w2_AWBURST    |  out|    2|       m_axi|                             gmem_w2|       pointer|
|m_axi_gmem_w2_AWLOCK     |  out|    2|       m_axi|                             gmem_w2|       pointer|
|m_axi_gmem_w2_AWCACHE    |  out|    4|       m_axi|                             gmem_w2|       pointer|
|m_axi_gmem_w2_AWPROT     |  out|    3|       m_axi|                             gmem_w2|       pointer|
|m_axi_gmem_w2_AWQOS      |  out|    4|       m_axi|                             gmem_w2|       pointer|
|m_axi_gmem_w2_AWREGION   |  out|    4|       m_axi|                             gmem_w2|       pointer|
|m_axi_gmem_w2_AWUSER     |  out|    1|       m_axi|                             gmem_w2|       pointer|
|m_axi_gmem_w2_WVALID     |  out|    1|       m_axi|                             gmem_w2|       pointer|
|m_axi_gmem_w2_WREADY     |   in|    1|       m_axi|                             gmem_w2|       pointer|
|m_axi_gmem_w2_WDATA      |  out|  512|       m_axi|                             gmem_w2|       pointer|
|m_axi_gmem_w2_WSTRB      |  out|   64|       m_axi|                             gmem_w2|       pointer|
|m_axi_gmem_w2_WLAST      |  out|    1|       m_axi|                             gmem_w2|       pointer|
|m_axi_gmem_w2_WID        |  out|    1|       m_axi|                             gmem_w2|       pointer|
|m_axi_gmem_w2_WUSER      |  out|    1|       m_axi|                             gmem_w2|       pointer|
|m_axi_gmem_w2_ARVALID    |  out|    1|       m_axi|                             gmem_w2|       pointer|
|m_axi_gmem_w2_ARREADY    |   in|    1|       m_axi|                             gmem_w2|       pointer|
|m_axi_gmem_w2_ARADDR     |  out|   64|       m_axi|                             gmem_w2|       pointer|
|m_axi_gmem_w2_ARID       |  out|    1|       m_axi|                             gmem_w2|       pointer|
|m_axi_gmem_w2_ARLEN      |  out|    8|       m_axi|                             gmem_w2|       pointer|
|m_axi_gmem_w2_ARSIZE     |  out|    3|       m_axi|                             gmem_w2|       pointer|
|m_axi_gmem_w2_ARBURST    |  out|    2|       m_axi|                             gmem_w2|       pointer|
|m_axi_gmem_w2_ARLOCK     |  out|    2|       m_axi|                             gmem_w2|       pointer|
|m_axi_gmem_w2_ARCACHE    |  out|    4|       m_axi|                             gmem_w2|       pointer|
|m_axi_gmem_w2_ARPROT     |  out|    3|       m_axi|                             gmem_w2|       pointer|
|m_axi_gmem_w2_ARQOS      |  out|    4|       m_axi|                             gmem_w2|       pointer|
|m_axi_gmem_w2_ARREGION   |  out|    4|       m_axi|                             gmem_w2|       pointer|
|m_axi_gmem_w2_ARUSER     |  out|    1|       m_axi|                             gmem_w2|       pointer|
|m_axi_gmem_w2_RVALID     |   in|    1|       m_axi|                             gmem_w2|       pointer|
|m_axi_gmem_w2_RREADY     |  out|    1|       m_axi|                             gmem_w2|       pointer|
|m_axi_gmem_w2_RDATA      |   in|  512|       m_axi|                             gmem_w2|       pointer|
|m_axi_gmem_w2_RLAST      |   in|    1|       m_axi|                             gmem_w2|       pointer|
|m_axi_gmem_w2_RID        |   in|    1|       m_axi|                             gmem_w2|       pointer|
|m_axi_gmem_w2_RUSER      |   in|    1|       m_axi|                             gmem_w2|       pointer|
|m_axi_gmem_w2_RRESP      |   in|    2|       m_axi|                             gmem_w2|       pointer|
|m_axi_gmem_w2_BVALID     |   in|    1|       m_axi|                             gmem_w2|       pointer|
|m_axi_gmem_w2_BREADY     |  out|    1|       m_axi|                             gmem_w2|       pointer|
|m_axi_gmem_w2_BRESP      |   in|    2|       m_axi|                             gmem_w2|       pointer|
|m_axi_gmem_w2_BID        |   in|    1|       m_axi|                             gmem_w2|       pointer|
|m_axi_gmem_w2_BUSER      |   in|    1|       m_axi|                             gmem_w2|       pointer|
|m_axi_gmem_out_AWVALID   |  out|    1|       m_axi|                            gmem_out|       pointer|
|m_axi_gmem_out_AWREADY   |   in|    1|       m_axi|                            gmem_out|       pointer|
|m_axi_gmem_out_AWADDR    |  out|   64|       m_axi|                            gmem_out|       pointer|
|m_axi_gmem_out_AWID      |  out|    1|       m_axi|                            gmem_out|       pointer|
|m_axi_gmem_out_AWLEN     |  out|    8|       m_axi|                            gmem_out|       pointer|
|m_axi_gmem_out_AWSIZE    |  out|    3|       m_axi|                            gmem_out|       pointer|
|m_axi_gmem_out_AWBURST   |  out|    2|       m_axi|                            gmem_out|       pointer|
|m_axi_gmem_out_AWLOCK    |  out|    2|       m_axi|                            gmem_out|       pointer|
|m_axi_gmem_out_AWCACHE   |  out|    4|       m_axi|                            gmem_out|       pointer|
|m_axi_gmem_out_AWPROT    |  out|    3|       m_axi|                            gmem_out|       pointer|
|m_axi_gmem_out_AWQOS     |  out|    4|       m_axi|                            gmem_out|       pointer|
|m_axi_gmem_out_AWREGION  |  out|    4|       m_axi|                            gmem_out|       pointer|
|m_axi_gmem_out_AWUSER    |  out|    1|       m_axi|                            gmem_out|       pointer|
|m_axi_gmem_out_WVALID    |  out|    1|       m_axi|                            gmem_out|       pointer|
|m_axi_gmem_out_WREADY    |   in|    1|       m_axi|                            gmem_out|       pointer|
|m_axi_gmem_out_WDATA     |  out|  512|       m_axi|                            gmem_out|       pointer|
|m_axi_gmem_out_WSTRB     |  out|   64|       m_axi|                            gmem_out|       pointer|
|m_axi_gmem_out_WLAST     |  out|    1|       m_axi|                            gmem_out|       pointer|
|m_axi_gmem_out_WID       |  out|    1|       m_axi|                            gmem_out|       pointer|
|m_axi_gmem_out_WUSER     |  out|    1|       m_axi|                            gmem_out|       pointer|
|m_axi_gmem_out_ARVALID   |  out|    1|       m_axi|                            gmem_out|       pointer|
|m_axi_gmem_out_ARREADY   |   in|    1|       m_axi|                            gmem_out|       pointer|
|m_axi_gmem_out_ARADDR    |  out|   64|       m_axi|                            gmem_out|       pointer|
|m_axi_gmem_out_ARID      |  out|    1|       m_axi|                            gmem_out|       pointer|
|m_axi_gmem_out_ARLEN     |  out|    8|       m_axi|                            gmem_out|       pointer|
|m_axi_gmem_out_ARSIZE    |  out|    3|       m_axi|                            gmem_out|       pointer|
|m_axi_gmem_out_ARBURST   |  out|    2|       m_axi|                            gmem_out|       pointer|
|m_axi_gmem_out_ARLOCK    |  out|    2|       m_axi|                            gmem_out|       pointer|
|m_axi_gmem_out_ARCACHE   |  out|    4|       m_axi|                            gmem_out|       pointer|
|m_axi_gmem_out_ARPROT    |  out|    3|       m_axi|                            gmem_out|       pointer|
|m_axi_gmem_out_ARQOS     |  out|    4|       m_axi|                            gmem_out|       pointer|
|m_axi_gmem_out_ARREGION  |  out|    4|       m_axi|                            gmem_out|       pointer|
|m_axi_gmem_out_ARUSER    |  out|    1|       m_axi|                            gmem_out|       pointer|
|m_axi_gmem_out_RVALID    |   in|    1|       m_axi|                            gmem_out|       pointer|
|m_axi_gmem_out_RREADY    |  out|    1|       m_axi|                            gmem_out|       pointer|
|m_axi_gmem_out_RDATA     |   in|  512|       m_axi|                            gmem_out|       pointer|
|m_axi_gmem_out_RLAST     |   in|    1|       m_axi|                            gmem_out|       pointer|
|m_axi_gmem_out_RID       |   in|    1|       m_axi|                            gmem_out|       pointer|
|m_axi_gmem_out_RUSER     |   in|    1|       m_axi|                            gmem_out|       pointer|
|m_axi_gmem_out_RRESP     |   in|    2|       m_axi|                            gmem_out|       pointer|
|m_axi_gmem_out_BVALID    |   in|    1|       m_axi|                            gmem_out|       pointer|
|m_axi_gmem_out_BREADY    |  out|    1|       m_axi|                            gmem_out|       pointer|
|m_axi_gmem_out_BRESP     |   in|    2|       m_axi|                            gmem_out|       pointer|
|m_axi_gmem_out_BID       |   in|    1|       m_axi|                            gmem_out|       pointer|
|m_axi_gmem_out_BUSER     |   in|    1|       m_axi|                            gmem_out|       pointer|
+-------------------------+-----+-----+------------+------------------------------------+--------------+

