
****** Vitis HLS - High-Level Synthesis from C, C++ and OpenCL v2022.1 (64-bit)
  **** SW Build 3526262 on Mon Apr 18 15:47:01 MDT 2022
  **** IP Build 3524634 on Mon Apr 18 20:55:01 MDT 2022
    ** Copyright 1986-2022 Xilinx, Inc. All Rights Reserved.

source /tools/Xilinx/Vitis_HLS/2022.1/scripts/vitis_hls/hls.tcl -notrace
INFO: [HLS 200-10] Running '/tools/Xilinx/Vitis_HLS/2022.1/bin/unwrapped/lnx64.o/vitis_hls'
INFO: [HLS 200-10] For user 'minhphat' on host 'minhphat' (Linux_x86_64 version 5.15.0-139-generic) on Wed Jul 15 10:59:56 +07 2026
INFO: [HLS 200-10] On os Ubuntu 20.04.6 LTS
INFO: [HLS 200-10] In directory '/home/minhphat/split_kernel'
Sourcing Tcl script 'scripts/run_bert_12layer_csim.tcl'
INFO: [HLS 200-1510] Running: open_project -reset proj_bert_12layer_csim 
INFO: [HLS 200-10] Opening and resetting project '/home/minhphat/split_kernel/build/hls/proj_bert_12layer_csim'.
WARNING: [HLS 200-40] No /home/minhphat/split_kernel/build/hls/proj_bert_12layer_csim/solution1/solution1.aps file found.
INFO: [HLS 200-1510] Running: add_files -cflags -std=c++14 -O2 -I/home/minhphat/split_kernel/include /home/minhphat/split_kernel/kernels/bert_qkv_kernel.cpp 
INFO: [HLS 200-10] Adding design file '/home/minhphat/split_kernel/kernels/bert_qkv_kernel.cpp' to the project
INFO: [HLS 200-1510] Running: add_files -cflags -std=c++14 -O2 -I/home/minhphat/split_kernel/include /home/minhphat/split_kernel/kernels/bert_attn_core_kernel.cpp 
INFO: [HLS 200-10] Adding design file '/home/minhphat/split_kernel/kernels/bert_attn_core_kernel.cpp' to the project
INFO: [HLS 200-1510] Running: add_files -cflags -std=c++14 -O2 -I/home/minhphat/split_kernel/include /home/minhphat/split_kernel/kernels/bert_attn_out_norm_residual_kernel.cpp 
INFO: [HLS 200-10] Adding design file '/home/minhphat/split_kernel/kernels/bert_attn_out_norm_residual_kernel.cpp' to the project
INFO: [HLS 200-1510] Running: add_files -cflags -std=c++14 -O2 -I/home/minhphat/split_kernel/include /home/minhphat/split_kernel/kernels/bert_ffn_fp32_kernels.cpp 
INFO: [HLS 200-10] Adding design file '/home/minhphat/split_kernel/kernels/bert_ffn_fp32_kernels.cpp' to the project
INFO: [HLS 200-1510] Running: add_files -tb -cflags -std=c++14 -O2 -I/home/minhphat/split_kernel/include /home/minhphat/split_kernel/validation/tb_bert_12layer_csim.cpp 
INFO: [HLS 200-10] Adding test bench file '/home/minhphat/split_kernel/validation/tb_bert_12layer_csim.cpp' to the project
INFO: [HLS 200-1510] Running: set_top bert_qkv_kernel 
INFO: [HLS 200-1510] Running: open_solution -reset solution1 -flow_target vivado 
INFO: [HLS 200-10] Creating and opening solution '/home/minhphat/split_kernel/build/hls/proj_bert_12layer_csim/solution1'.
INFO: [HLS 200-10] Cleaning up the solution database.
WARNING: [HLS 200-40] No /home/minhphat/split_kernel/build/hls/proj_bert_12layer_csim/solution1/solution1.aps file found.
INFO: [HLS 200-1505] Using flow_target 'vivado'
Resolution: For help on HLS 200-1505 see www.xilinx.com/cgi-bin/docs/rdoc?v=2022.1;t=hls+guidance;d=200-1505.html
INFO: [HLS 200-435] Setting 'open_solution -flow_target vivado' configuration: config_interface -m_axi_latency=0
INFO: [HLS 200-1510] Running: set_part xcu250-figd2104-2L-e 
INFO: [HLS 200-1611] Setting target device to 'xcu250-figd2104-2L-e'
INFO: [HLS 200-1510] Running: create_clock -period 3.333 -name default 
INFO: [SYN 201-201] Setting up clock 'default' with a period of 3.333ns.
============================================================
BERT FP32 full 12-layer C simulation
Data:    /home/minhphat/split_kernel/validation/data/bert_base_uncased_seq128
Outputs: /home/minhphat/split_kernel/validation/outputs/bert_base_uncased_seq128
Reports: /home/minhphat/split_kernel/reports/csim/bert_base_uncased_seq128
============================================================
INFO: [HLS 200-1510] Running: csim_design -O -clean -argv /home/minhphat/split_kernel/validation/data/bert_base_uncased_seq128 /home/minhphat/split_kernel/validation/outputs/bert_base_uncased_seq128 
INFO: [SIM 211-2] *************** CSIM start ***************
INFO: [SIM 211-4] CSIM will launch GCC as the compiler.
   Compiling ../../../../../../validation/tb_bert_12layer_csim.cpp in release mode
   Compiling ../../../../../../kernels/bert_ffn_fp32_kernels.cpp in release mode
   Compiling ../../../../../../kernels/bert_attn_out_norm_residual_kernel.cpp in release mode
   Compiling ../../../../../../kernels/bert_attn_core_kernel.cpp in release mode
   Compiling ../../../../../../kernels/bert_qkv_kernel.cpp in release mode
   Generating csim.exe
Loading input and all 12 Attention parameter sets...
[layer 00] loading FFN parameters...
[layer 00] attention=11.1729 s, complete encoder=11.7963 s
[layer 01] loading FFN parameters...
[layer 01] attention=11.1731 s, complete encoder=11.793 s
[layer 02] loading FFN parameters...
[layer 02] attention=11.164 s, complete encoder=11.7805 s
[layer 03] loading FFN parameters...
[layer 03] attention=11.1405 s, complete encoder=11.8133 s
[layer 04] loading FFN parameters...
[layer 04] attention=11.141 s, complete encoder=11.7553 s
[layer 05] loading FFN parameters...
[layer 05] attention=11.1832 s, complete encoder=11.7983 s
[layer 06] loading FFN parameters...
[layer 06] attention=11.1829 s, complete encoder=11.7929 s
[layer 07] loading FFN parameters...
[layer 07] attention=11.1287 s, complete encoder=11.787 s
[layer 08] loading FFN parameters...
[layer 08] attention=11.1338 s, complete encoder=11.7511 s
[layer 09] loading FFN parameters...
[layer 09] attention=11.1606 s, complete encoder=11.7772 s
[layer 10] loading FFN parameters...
[layer 10] attention=11.1179 s, complete encoder=11.7323 s
[layer 11] loading FFN parameters...
[layer 11] attention=11.1388 s, complete encoder=11.7599 s
C-sim completed all 12 encoder layers successfully.
INFO: [SIM 211-1] CSim done with 0 errors.
INFO: [SIM 211-3] *************** CSIM finish ***************
INFO: [HLS 200-111] Finished Command csim_design CPU user time: 159.57 seconds. CPU system time: 0.55 seconds. Elapsed time: 159.1 seconds; current allocated memory: -1033.656 MB.
INFO: [HLS 200-1510] Running: close_project 
Running layer-by-layer Hugging Face comparison...
Accuracy report: /home/minhphat/split_kernel/reports/csim/bert_base_uncased_seq128/accuracy_report.md
OVERALL: FAIL
child process exited abnormally
C-sim completed, but the accuracy gate failed
    while executing
"error "C-sim completed, but the accuracy gate failed""
    invoked from within
"if {$run_compare} {
    set python_bin python3
    if {[info exists ::env(PYTHON_BIN)] && $::env(PYTHON_BIN) ne ""} {
        set python_bin $::env(PY..."
    (file "scripts/run_bert_12layer_csim.tcl" line 79)
    invoked from within
"source scripts/run_bert_12layer_csim.tcl"
    ("uplevel" body line 1)
    invoked from within
"uplevel \#0 [list source $arg] "

INFO: [HLS 200-112] Total CPU user time: 161.1 seconds. Total CPU system time: 3.3 seconds. Total elapsed time: 160.08 seconds; peak allocated memory: 209.859 MB.
INFO: [Common 17-206] Exiting vitis_hls at Wed Jul 15 11:02:36 2026...
