Copyright 1986-2021 Xilinx, Inc. All Rights Reserved.
------------------------------------------------------------------------------------------
| Tool Version : Vivado v.2021.2 (lin64) Build 3367213 Tue Oct 19 02:47:39 MDT 2021
| Date         : Wed Jul  8 17:42:14 2026
| Host         : minhphat running 64-bit Ubuntu 20.04.6 LTS
| Command      : report_utilization -slr -file slr_util_routed.rpt -pb slr_util_routed.pb
| Design       : level0_wrapper
| Device       : xcu250-figd2104-2L-e
| Speed File   : -2L
| Design State : Routed
------------------------------------------------------------------------------------------

Utilization Design Information

Table of Contents
-----------------
1. SLR Connectivity
2. SLR Connectivity Matrix
3. SLR CLB Logic and Dedicated Block Utilization
4. SLR IO Utilization

1. SLR Connectivity
-------------------

+----------------------------------+-------+-------+-----------+-------+
|                                  |  Used | Fixed | Available | Util% |
+----------------------------------+-------+-------+-----------+-------+
| SLR3 <-> SLR2                    |  2789 |       |     23040 | 12.11 |
|   SLR2 -> SLR3                   |  1474 |       |           |  6.40 |
|     Using TX_REG only            |     0 |     0 |           |       |
|     Using RX_REG only            |     0 |     0 |           |       |
|     Using Both TX_REG and RX_REG |     0 |     0 |           |       |
|   SLR3 -> SLR2                   |  1315 |       |           |  5.71 |
|     Using TX_REG only            |     0 |     0 |           |       |
|     Using RX_REG only            |   561 |     0 |           |       |
|     Using Both TX_REG and RX_REG |     0 |     0 |           |       |
| SLR2 <-> SLR1                    |  5357 |       |     23040 | 23.25 |
|   SLR1 -> SLR2                   |  2484 |       |           | 10.78 |
|     Using TX_REG only            |     0 |     0 |           |       |
|     Using RX_REG only            |     0 |     0 |           |       |
|     Using Both TX_REG and RX_REG |     0 |     0 |           |       |
|   SLR2 -> SLR1                   |  2873 |       |           | 12.47 |
|     Using TX_REG only            |     0 |     0 |           |       |
|     Using RX_REG only            |     0 |     0 |           |       |
|     Using Both TX_REG and RX_REG |     0 |     0 |           |       |
| SLR1 <-> SLR0                    |  2760 |       |     23040 | 11.98 |
|   SLR0 -> SLR1                   |   836 |       |           |  3.63 |
|     Using TX_REG only            |     0 |     0 |           |       |
|     Using RX_REG only            |     0 |     0 |           |       |
|     Using Both TX_REG and RX_REG |     0 |     0 |           |       |
|   SLR1 -> SLR0                   |  1924 |       |           |  8.35 |
|     Using TX_REG only            |     0 |     0 |           |       |
|     Using RX_REG only            |     0 |     0 |           |       |
|     Using Both TX_REG and RX_REG |     0 |     0 |           |       |
+----------------------------------+-------+-------+-----------+-------+
| Total SLLs Used                  | 10906 |       |           |       |
+----------------------------------+-------+-------+-----------+-------+


2. SLR Connectivity Matrix
--------------------------

+-----------+------+------+------+------+
| FROM \ TO | SLR3 | SLR2 | SLR1 | SLR0 |
+-----------+------+------+------+------+
| SLR3      |    0 | 1218 |   19 |   78 |
| SLR2      | 1412 |    0 | 2636 |  218 |
| SLR1      |   37 | 2382 |    0 | 1628 |
| SLR0      |   25 |   65 |  746 |    0 |
+-----------+------+------+------+------+


3. SLR CLB Logic and Dedicated Block Utilization
------------------------------------------------

+----------------------------+-------+--------+--------+--------+--------+--------+--------+--------+
|          Site Type         |  SLR0 |  SLR1  |  SLR2  |  SLR3  | SLR0 % | SLR1 % | SLR2 % | SLR3 % |
+----------------------------+-------+--------+--------+--------+--------+--------+--------+--------+
| CLB                        |  7499 |  16926 |  32433 |  30087 |  13.89 |  31.34 |  60.06 |  55.72 |
|   CLBL                     |  4005 |   8644 |  16904 |  15712 |  13.68 |  29.52 |  57.73 |  53.66 |
|   CLBM                     |  3494 |   8282 |  15529 |  14375 |  14.13 |  33.50 |  62.82 |  58.15 |
| CLB LUTs                   | 32558 |  59817 | 113545 | 108725 |   7.54 |  13.85 |  26.28 |  25.17 |
|   LUT as Logic             | 27206 |  55874 | 104348 | 103312 |   6.30 |  12.93 |  24.15 |  23.91 |
|     using O5 output only   |   564 |   1756 |   1522 |   1463 |   0.13 |   0.41 |   0.35 |   0.34 |
|     using O6 output only   | 17403 |  37251 |  66320 |  56690 |   4.03 |   8.62 |  15.35 |  13.12 |
|     using O5 and O6        |  9239 |  16867 |  36506 |  45159 |   2.14 |   3.90 |   8.45 |  10.45 |
|   LUT as Memory            |  5352 |   3943 |   9197 |   5413 |   2.71 |   1.99 |   4.65 |   2.74 |
|     LUT as Distributed RAM |  2854 |    954 |   2952 |   2854 |   1.44 |   0.48 |   1.49 |   1.44 |
|       using O5 output only |     0 |      0 |      0 |      0 |   0.00 |   0.00 |   0.00 |   0.00 |
|       using O6 output only |     6 |     82 |      8 |      6 |  <0.01 |   0.04 |  <0.01 |  <0.01 |
|       using O5 and O6      |  2848 |    872 |   2944 |   2848 |   1.44 |   0.44 |   1.49 |   1.44 |
|     LUT as Shift Register  |  2498 |   2989 |   6245 |   2559 |   1.26 |   1.51 |   3.16 |   1.29 |
|       using O5 output only |     0 |      0 |      1 |      0 |   0.00 |   0.00 |  <0.01 |   0.00 |
|       using O6 output only |  2463 |   2197 |   5417 |   2215 |   1.25 |   1.11 |   2.74 |   1.12 |
|       using O5 and O6      |    35 |    792 |    827 |    344 |   0.02 |   0.40 |   0.42 |   0.17 |
| CLB Registers              | 46676 | 100478 | 194519 | 206822 |   5.40 |  11.63 |  22.51 |  23.94 |
| CARRY8                     |   174 |    429 |   3738 |   3549 |   0.32 |   0.79 |   6.92 |   6.57 |
| F7 Muxes                   |   736 |    792 |    555 |    560 |   0.34 |   0.37 |   0.26 |   0.26 |
| F8 Muxes                   |    33 |    275 |     30 |     31 |   0.03 |   0.25 |   0.03 |   0.03 |
| F9 Muxes                   |     0 |      0 |      0 |      0 |   0.00 |   0.00 |   0.00 |   0.00 |
| Block RAM Tile             |  53.5 |  104.5 |    247 |     87 |   7.96 |  15.55 |  36.76 |  12.95 |
|   RAMB36/FIFO              |    52 |    102 |    107 |     77 |   7.74 |  15.18 |  15.92 |  11.46 |
|     RAMB36E2 only          |    52 |    102 |    107 |     77 |   7.74 |  15.18 |  15.92 |  11.46 |
|   RAMB18                   |     3 |      5 |    280 |     20 |   0.22 |   0.37 |  20.83 |   1.49 |
|     RAMB18E2 only          |     3 |      5 |    280 |     20 |   0.22 |   0.37 |  20.83 |   1.49 |
| URAM                       |     0 |      0 |     32 |     32 |   0.00 |   0.00 |  10.00 |  10.00 |
| DSPs                       |     3 |      4 |   1283 |   1283 |   0.10 |   0.13 |  41.76 |  41.76 |
| Unique Control Sets        |  1501 |   2991 |   2988 |   2840 |   1.39 |   2.77 |   2.77 |   2.63 |
+----------------------------+-------+--------+--------+--------+--------+--------+--------+--------+
* Note: Available Control Sets based on CLB Registers / 8


4. SLR IO Utilization
---------------------

+-----------+-----------+---------+------------+----------+------------+----------+-----+
| SLR Index | Used IOBs | (%)IOBs | Used IPADs | (%)IPADs | Used OPADs | (%)OPADs | GTs |
+-----------+-----------+---------+------------+----------+------------+----------+-----+
| SLR3      |       139 |   89.10 |          0 |     0.00 |          0 |     0.00 |   0 |
| SLR2      |       139 |   89.10 |          0 |     0.00 |          0 |     0.00 |   0 |
| SLR1      |        20 |    9.62 |          0 |     0.00 |          0 |     0.00 |  16 |
| SLR0      |       139 |   89.10 |          0 |     0.00 |          0 |     0.00 |   0 |
+-----------+-----------+---------+------------+----------+------------+----------+-----+
| Total     |       437 |         |          0 |          |          0 |          |  16 |
+-----------+-----------+---------+------------+----------+------------+----------+-----+


