

================================================================
== Synthesis Summary Report of 'bert_attn_core_kernel'
================================================================
+ General Information: 
    * Date:           Mon Jul 13 10:12:20 2026
    * Version:        2022.1 (Build 3526262 on Mon Apr 18 15:47:01 MDT 2022)
    * Project:        proj_bert_attn_core_kernel
    * Solution:       solution1 (Vivado IP Flow Target)
    * Product family: virtexuplus
    * Target device:  xcu250-figd2104-2L-e
    

+ Performance & Resource Estimates: 
    
    PS: '+' for module; 'o' for loop; '*' for dataflow
    +---------------------------------------------------------+--------+-------+---------+-----------+----------+---------+------+----------+---------+----------+-------------+-------------+---------+
    |                         Modules                         |  Issue |       | Latency |  Latency  | Iteration|         | Trip |          |         |          |             |             |         |
    |                         & Loops                         |  Type  | Slack | (cycles)|    (ns)   |  Latency | Interval| Count| Pipelined|  BRAM   |    DSP   |      FF     |     LUT     |   URAM  |
    +---------------------------------------------------------+--------+-------+---------+-----------+----------+---------+------+----------+---------+----------+-------------+-------------+---------+
    |+ bert_attn_core_kernel                                  |  Timing|  -0.30|  1955549|  6.518e+06|         -|  1955550|     -|        no|  2 (~0%)|  185 (1%)|  180508 (5%)|  140172 (8%)|  24 (1%)|
    | + bert_attn_core_kernel_Pipeline_LOAD_MASK              |  Timing|  -0.00|      131|    436.623|         -|      131|     -|        no|        -|         -|     94 (~0%)|    145 (~0%)|        -|
    |  o LOAD_MASK                                            |       -|   2.43|      129|    429.957|         3|        1|   128|       yes|        -|         -|            -|            -|        -|
    | o ATTENTION_GROUP                                       |       -|   2.43|  1955406|  6.517e+06|    325901|        -|     6|        no|        -|         -|            -|            -|        -|
    |  + read_qkv_group                                       |       -|   0.06|     2050|  6.833e+03|         -|     2050|     -|        no|        -|         -|    555 (~0%)|    292 (~0%)|        -|
    |   o READ_GROUP_ROW_READ_GROUP_PACK                      |      II|   2.43|     2048|  6.826e+03|         3|        2|  1024|       yes|        -|         -|            -|            -|        -|
    |  + attention_group                                      |  Timing|  -0.30|   322818|  1.076e+06|         -|   322818|     -|        no|  2 (~0%)|  185 (1%)|  178856 (5%)|  137872 (7%)|        -|
    |   o QUERY_PAIR                                          |       -|   2.43|   161408|  5.380e+05|      2522|        -|    64|        no|        -|         -|            -|            -|        -|
    |    + attention_group_Pipeline_SCORE_KEY                 |       -|   0.05|      604|  2.013e+03|         -|      604|     -|        no|        -|         -|  17067 (~0%)|   7852 (~0%)|        -|
    |     o SCORE_KEY                                         |      II|   2.43|      602|  2.006e+03|        95|        4|   128|       yes|        -|         -|            -|            -|        -|
    |    + attention_group_Pipeline_CONTEXT_BANK_INIT_DIM     |       -|   1.34|        6|     19.998|         -|        6|     -|        no|        -|         -|      9 (~0%)|     41 (~0%)|        -|
    |     o CONTEXT_BANK_INIT_DIM                             |       -|   2.43|        4|     13.332|         1|        1|     4|       yes|        -|         -|            -|            -|        -|
    |    + attention_group_Pipeline_EXP_KEY                   |  Timing|  -0.30|      159|    529.947|         -|      159|     -|        no|        -|         -|   1459 (~0%)|    531 (~0%)|        -|
    |     o EXP_KEY                                           |       -|   2.43|      157|    523.281|        30|        1|   128|       yes|        -|         -|            -|            -|        -|
    |    + attention_group_Pipeline_CONTEXT_KEY_CHUNK         |       -|   0.09|     1552|  5.173e+03|         -|     1552|     -|        no|        -|         -|   48533 (1%)|   23535 (1%)|        -|
    |     o CONTEXT_KEY_CHUNK                                 |       -|   2.43|     1550|  5.166e+03|        18|        3|   512|       yes|        -|         -|            -|            -|        -|
    |    + attention_group_Pipeline_CONTEXT_BANK_REDUCE_DIM   |       -|   0.09|      156|    519.948|         -|      156|     -|        no|        -|         -|   2481 (~0%)|   6174 (~0%)|        -|
    |     o CONTEXT_BANK_REDUCE_DIM                           |      II|   2.43|      154|    513.282|        29|        2|    64|       yes|        -|         -|            -|            -|        -|
    |   o QUERY_PAIR                                          |       -|   2.43|   161408|  5.380e+05|      2522|        -|    64|        no|        -|         -|            -|            -|        -|
    |    + attention_group_Pipeline_SCORE_KEY4                |       -|   0.05|      604|  2.013e+03|         -|      604|     -|        no|        -|         -|  17067 (~0%)|   7863 (~0%)|        -|
    |     o SCORE_KEY                                         |      II|   2.43|      602|  2.006e+03|        95|        4|   128|       yes|        -|         -|            -|            -|        -|
    |    + attention_group_Pipeline_CONTEXT_BANK_INIT_DIM6    |       -|   1.34|        6|     19.998|         -|        6|     -|        no|        -|         -|      9 (~0%)|     41 (~0%)|        -|
    |     o CONTEXT_BANK_INIT_DIM                             |       -|   2.43|        4|     13.332|         1|        1|     4|       yes|        -|         -|            -|            -|        -|
    |    + attention_group_Pipeline_EXP_KEY5                  |  Timing|  -0.30|      159|    529.947|         -|      159|     -|        no|        -|         -|   1459 (~0%)|    531 (~0%)|        -|
    |     o EXP_KEY                                           |       -|   2.43|      157|    523.281|        30|        1|   128|       yes|        -|         -|            -|            -|        -|
    |    + attention_group_Pipeline_CONTEXT_KEY_CHUNK7        |       -|   0.09|     1552|  5.173e+03|         -|     1552|     -|        no|        -|         -|   48533 (1%)|   23535 (1%)|        -|
    |     o CONTEXT_KEY_CHUNK                                 |       -|   2.43|     1550|  5.166e+03|        18|        3|   512|       yes|        -|         -|            -|            -|        -|
    |    + attention_group_Pipeline_CONTEXT_BANK_REDUCE_DIM8  |       -|   0.09|      156|    519.948|         -|      156|     -|        no|        -|         -|   2481 (~0%)|   6174 (~0%)|        -|
    |     o CONTEXT_BANK_REDUCE_DIM                           |      II|   2.43|      154|    513.282|        29|        2|    64|       yes|        -|         -|            -|            -|        -|
    |  + write_context_group_stream                           |       -|   0.33|     1027|  3.423e+03|         -|     1027|     -|        no|        -|         -|     38 (~0%)|    180 (~0%)|        -|
    |   o WRITE_CONTEXT_ROW_WRITE_CONTEXT_PACK                |       -|   2.43|     1025|  3.416e+03|         3|        1|  1024|       yes|        -|         -|            -|            -|        -|
    +---------------------------------------------------------+--------+-------+---------+-----------+----------+---------+------+----------+---------+----------+-------------+-------------+---------+


================================================================
== HW Interfaces
================================================================
* M_AXI
+-----------------+------------+---------------+---------+--------+----------+-----------+--------------+--------------+-------------+-------------+
| Interface       | Data Width | Address Width | Latency | Offset | Register | Max Widen | Max Read     | Max Write    | Num Read    | Num Write   |
|                 | (SW->HW)   |               |         |        |          | Bitwidth  | Burst Length | Burst Length | Outstanding | Outstanding |
+-----------------+------------+---------------+---------+--------+----------+-----------+--------------+--------------+-------------+-------------+
| m_axi_gmem_mask | 32 -> 32   | 64            | 0       | slave  | 0        | 0         | 16           | 16           | 16          | 16          |
+-----------------+------------+---------------+---------+--------+----------+-----------+--------------+--------------+-------------+-------------+

* S_AXILITE Interfaces
+---------------+------------+---------------+--------+----------+
| Interface     | Data Width | Address Width | Offset | Register |
+---------------+------------+---------------+--------+----------+
| s_axi_control | 32         | 5             | 16     | 0        |
+---------------+------------+---------------+--------+----------+

* S_AXILITE Registers
+---------------+------------------+--------+-------+--------+----------------------------------+----------------------------------------------------------------------+
| Interface     | Register         | Offset | Width | Access | Description                      | Bit Fields                                                           |
+---------------+------------------+--------+-------+--------+----------------------------------+----------------------------------------------------------------------+
| s_axi_control | CTRL             | 0x00   | 32    | RW     | Control signals                  | 0=AP_START 1=AP_DONE 2=AP_IDLE 3=AP_READY 7=AUTO_RESTART 9=INTERRUPT |
| s_axi_control | GIER             | 0x04   | 32    | RW     | Global Interrupt Enable Register | 0=Enable                                                             |
| s_axi_control | IP_IER           | 0x08   | 32    | RW     | IP Interrupt Enable Register     | 0=CHAN0_INT_EN 1=CHAN1_INT_EN                                        |
| s_axi_control | IP_ISR           | 0x0c   | 32    | RW     | IP Interrupt Status Register     | 0=CHAN0_INT_ST 1=CHAN1_INT_ST                                        |
| s_axi_control | attention_mask_1 | 0x10   | 32    | W      | Data signal of attention_mask    |                                                                      |
| s_axi_control | attention_mask_2 | 0x14   | 32    | W      | Data signal of attention_mask    |                                                                      |
+---------------+------------------+--------+-------+--------+----------------------------------+----------------------------------------------------------------------+

* AXIS
+----------------+---------------+-------+--------+--------+
| Interface      | Register Mode | TDATA | TREADY | TVALID |
+----------------+---------------+-------+--------+--------+
| context_stream | both          | 512   | 1      | 1      |
| k_stream       | both          | 512   | 1      | 1      |
| q_stream       | both          | 512   | 1      | 1      |
| v_stream       | both          | 512   | 1      | 1      |
+----------------+---------------+-------+--------+--------+

* TOP LEVEL CONTROL
+-----------+------------+-----------+
| Interface | Type       | Ports     |
+-----------+------------+-----------+
| ap_clk    | clock      | ap_clk    |
| ap_rst_n  | reset      | ap_rst_n  |
| interrupt | interrupt  | interrupt |
| ap_ctrl   | ap_ctrl_hs |           |
+-----------+------------+-----------+


================================================================
== SW I/O Information
================================================================
* Top Function Arguments
+----------------+-----------+--------------------------+
| Argument       | Direction | Datatype                 |
+----------------+-----------+--------------------------+
| q_stream       | in        | stream<ap_uint<512>, 0>& |
| k_stream       | in        | stream<ap_uint<512>, 0>& |
| v_stream       | in        | stream<ap_uint<512>, 0>& |
| attention_mask | in        | int const *              |
| context_stream | out       | stream<ap_uint<512>, 0>& |
+----------------+-----------+--------------------------+

* SW-to-HW Mapping
+----------------+-----------------+-----------+----------+--------------------------------------------+
| Argument       | HW Interface    | HW Type   | HW Usage | HW Info                                    |
+----------------+-----------------+-----------+----------+--------------------------------------------+
| q_stream       | q_stream        | interface |          |                                            |
| k_stream       | k_stream        | interface |          |                                            |
| v_stream       | v_stream        | interface |          |                                            |
| attention_mask | m_axi_gmem_mask | interface |          |                                            |
| attention_mask | s_axi_control   | register  | offset   | name=attention_mask_1 offset=0x10 range=32 |
| attention_mask | s_axi_control   | register  | offset   | name=attention_mask_2 offset=0x14 range=32 |
| context_stream | context_stream  | interface |          |                                            |
+----------------+-----------------+-----------+----------+--------------------------------------------+


================================================================
== M_AXI Burst Information
================================================================
 Note: All burst requests might be further partitioned into multiple requests during RTL generation based on max_read_burst_length or max_write_burst_length settings.

* Inferred Burst Summary
+-----------------+-----------+-----------+--------+-------+------------------------------------------------------------+
| HW Interface    | Loop      | Direction | Length | Width | Location                                                   |
+-----------------+-----------+-----------+--------+-------+------------------------------------------------------------+
| m_axi_gmem_mask | LOAD_MASK | read      | 128    | 32    | /home/minhphat/att/kernels/bert_attn_core_kernel.cpp:327:5 |
+-----------------+-----------+-----------+--------+-------+------------------------------------------------------------+

* Inferred Bursts and Widening Missed
+-----------------+----------------+-----------+-------------------------------------------------------------------------------------------------------+------------+------------------------------------------------------------+
| HW Interface    | Variable       | Loop      | Problem                                                                                               | Resolution | Location                                                   |
+-----------------+----------------+-----------+-------------------------------------------------------------------------------------------------------+------------+------------------------------------------------------------+
| m_axi_gmem_mask | attention_mask | LOAD_MASK | Could not widen since type i32 size is greater than or equal to the max_widen_bitwidth threshold of 0 | 214-353    | /home/minhphat/att/kernels/bert_attn_core_kernel.cpp:327:5 |
+-----------------+----------------+-----------+-------------------------------------------------------------------------------------------------------+------------+------------------------------------------------------------+

    * Resolution URL: www.xilinx.com/cgi-bin/docs/rdoc?v=2022.1;t=hls+guidance;d=XXX-YYY.html (replace XXX-YYY with column value)

================================================================
== Bind Op Report
================================================================
+-------------------------------------------------------+-----+--------+----------------+--------+---------+---------+
| Name                                                  | DSP | Pragma | Variable       | Op     | Impl    | Latency |
+-------------------------------------------------------+-----+--------+----------------+--------+---------+---------+
| + bert_attn_core_kernel                               | 185 |        |                |        |         |         |
|   group_2_fu_215_p2                                   | -   |        | group_2        | add    | fabric  | 0       |
|  + bert_attn_core_kernel_Pipeline_LOAD_MASK           | 0   |        |                |        |         |         |
|    add_ln327_fu_128_p2                                | -   |        | add_ln327      | add    | fabric  | 0       |
|    active_count_1_fu_162_p2                           | -   |        | active_count_1 | add    | fabric  | 0       |
|  + read_qkv_group                                     | 0   |        |                |        |         |         |
|    add_ln77_1_fu_204_p2                               | -   |        | add_ln77_1     | add    | fabric  | 0       |
|    add_ln77_fu_216_p2                                 | -   |        | add_ln77       | add    | fabric  | 0       |
|    add_ln95_fu_283_p2                                 | -   |        | add_ln95       | add    | fabric  | 0       |
|    add_ln79_fu_252_p2                                 | -   |        | add_ln79       | add    | fabric  | 0       |
|  + attention_group                                    | 185 |        |                |        |         |         |
|    sub_i170_fu_4244_p2                                | -   |        | sub_i170       | sub    | fabric  | 0       |
|    sub_i170_1512_fu_4250_p2                           | -   |        | sub_i170_1512  | sub    | fabric  | 0       |
|    sub_i170_2_fu_4256_p2                              | -   |        | sub_i170_2     | sub    | fabric  | 0       |
|    sub_i170_3_fu_4262_p2                              | -   |        | sub_i170_3     | sub    | fabric  | 0       |
|    sub_i170_4_fu_4268_p2                              | -   |        | sub_i170_4     | sub    | fabric  | 0       |
|    sub_i170_5_fu_4274_p2                              | -   |        | sub_i170_5     | sub    | fabric  | 0       |
|    sub_i170_6_fu_4280_p2                              | -   |        | sub_i170_6     | sub    | fabric  | 0       |
|    fmul_32ns_32ns_32_4_max_dsp_1_U2366                | -   |        | q_load         | ram_2p | uram    | 1       |
|    fmul_32ns_32ns_32_4_max_dsp_1_U2367                | -   |        | q_load_1       | ram_2p | uram    | 1       |
|    fmul_32ns_32ns_32_4_max_dsp_1_U2345                | -   |        | q_load_2       | ram_2p | uram    | 1       |
|    fmul_32ns_32ns_32_4_max_dsp_1_U2346                | -   |        | q_load_3       | ram_2p | uram    | 1       |
|    fadd_32ns_32ns_32_7_full_dsp_1_U2320               | -   |        | q_load_4       | ram_2p | uram    | 1       |
|    fmul_32ns_32ns_32_4_max_dsp_1_U2357                | -   |        | q_load_5       | ram_2p | uram    | 1       |
|    fmul_32ns_32ns_32_4_max_dsp_1_U2367                | -   |        | q_load_6       | ram_2p | uram    | 1       |
|    fadd_32ns_32ns_32_7_full_dsp_1_U2280               | -   |        | q_load_7       | ram_2p | uram    | 1       |
|    fadd_32ns_32ns_32_7_full_dsp_1_U2326               | -   |        | q_load_8       | ram_2p | uram    | 1       |
|    fmul_32ns_32ns_32_4_max_dsp_1_U2347                | -   |        | q_load_9       | ram_2p | uram    | 1       |
|    fmul_32ns_32ns_32_4_max_dsp_1_U2358                | -   |        | q_load_10      | ram_2p | uram    | 1       |
|    fadd_32ns_32ns_32_7_full_dsp_1_U2278               | -   |        | q_load_11      | ram_2p | uram    | 1       |
|    fmul_32ns_32ns_32_4_max_dsp_1_U2370                | -   |        | q_load_13      | ram_2p | uram    | 1       |
|    fmul_32ns_32ns_32_4_max_dsp_1_U2348                | -   |        | q_load_14      | ram_2p | uram    | 1       |
|    fmul_32ns_32ns_32_4_max_dsp_1_U2364                | -   |        | q_load_15      | ram_2p | uram    | 1       |
|    fadd_32ns_32ns_32_7_full_dsp_1_U2338               | 2   |        | add4_i114_3    | fadd   | fulldsp | 6       |
|    fmul_32ns_32ns_32_4_max_dsp_1_U2368                | 2   |        | add4_i114_2    | fadd   | fulldsp | 6       |
|    fmul_32ns_32ns_32_4_max_dsp_1_U2375                | 2   |        | add19_i130_s   | fadd   | fulldsp | 6       |
|    fmul_32ns_32ns_32_4_max_dsp_1_U2369                | 2   |        | add4_i76_3     | fadd   | fulldsp | 6       |
|    fmul_32ns_32ns_32_4_max_dsp_1_U2371                | 2   |        | add4_i1        | fadd   | fulldsp | 6       |
|    fmul_32ns_32ns_32_4_max_dsp_1_U2371                | 2   |        | add4_i76_2     | fadd   | fulldsp | 6       |
|    fmul_32ns_32ns_32_4_max_dsp_1_U2372                | 2   |        | add19_i92_s    | fadd   | fulldsp | 6       |
|    fadd_32ns_32ns_32_7_full_dsp_1_U2278               | 2   |        | add4_i114_s    | fadd   | fulldsp | 6       |
|    fmul_32ns_32ns_32_4_max_dsp_1_U2373                | 2   |        | add19_i        | fadd   | fulldsp | 6       |
|    fmul_32ns_32ns_32_4_max_dsp_1_U2373                | 2   |        | sum0           | fadd   | fulldsp | 6       |
|    fmul_32ns_32ns_32_4_max_dsp_1_U2374                | -   |        | div            | fdiv   | fabric  | 11      |
|    fadd_32ns_32ns_32_7_full_dsp_1_U2279               | 2   |        | add4_i2        | fadd   | fulldsp | 6       |
|    fadd_32ns_32ns_32_7_full_dsp_1_U2342               | 2   |        | add4_i76_s     | fadd   | fulldsp | 6       |
|    fadd_32ns_32ns_32_7_full_dsp_1_U2343               | 2   |        | add19_i1       | fadd   | fulldsp | 6       |
|    fmul_32ns_32ns_32_4_max_dsp_1_U2350                | 2   |        | sum1           | fadd   | fulldsp | 6       |
|    fadd_32ns_32ns_32_7_full_dsp_1_U2342               | -   |        | div1           | fdiv   | fabric  | 11      |
|    add_ln152_fu_4358_p2                               | -   |        | add_ln152      | add    | fabric  | 0       |
|    fadd_32ns_32ns_32_7_full_dsp_1_U2277               | -   |        | q_load_18      | ram_2p | uram    | 1       |
|    faddfsub_32ns_32ns_32_7_full_dsp_1_U2273           | -   |        | q_load_19      | ram_2p | uram    | 1       |
|    fadd_32ns_32ns_32_7_full_dsp_1_U2275               | -   |        | q_load_20      | ram_2p | uram    | 1       |
|    fadd_32ns_32ns_32_7_full_dsp_1_U2318               | -   |        | q_load_22      | ram_2p | uram    | 1       |
|    fmul_32ns_32ns_32_4_max_dsp_1_U2361                | -   |        | q_load_24      | ram_2p | uram    | 1       |
|    fmul_32ns_32ns_32_4_max_dsp_1_U2368                | -   |        | q_load_26      | ram_2p | uram    | 1       |
|    fmul_32ns_32ns_32_4_max_dsp_1_U2350                | -   |        | q_load_31      | ram_2p | uram    | 1       |
|    faddfsub_32ns_32ns_32_7_full_dsp_1_U2273           | 2   |        | add4_i114_1_3  | fadd   | fulldsp | 6       |
|    fadd_32ns_32ns_32_7_full_dsp_1_U2325               | 2   |        | add4_i114_1_2  | fadd   | fulldsp | 6       |
|    faddfsub_32ns_32ns_32_7_full_dsp_1_U2273           | 2   |        | add19_i130_1_1 | fadd   | fulldsp | 6       |
|    fadd_32ns_32ns_32_7_full_dsp_1_U2275               | 2   |        | add4_i76_1_3   | fadd   | fulldsp | 6       |
|    fadd_32ns_32ns_32_7_full_dsp_1_U2327               | 2   |        | add4_i114_1    | fadd   | fulldsp | 6       |
|    fadd_32ns_32ns_32_7_full_dsp_1_U2277               | 2   |        | add4_i76_1_2   | fadd   | fulldsp | 6       |
|    fmul_32ns_32ns_32_4_max_dsp_1_U2364                | 2   |        | add19_i92_1_1  | fadd   | fulldsp | 6       |
|    fadd_32ns_32ns_32_7_full_dsp_1_U2278               | 2   |        | add4_i114_1_1  | fadd   | fulldsp | 6       |
|    fadd_32ns_32ns_32_7_full_dsp_1_U2275               | 2   |        | add19_i130_1   | fadd   | fulldsp | 6       |
|    faddfsub_32ns_32ns_32_7_full_dsp_1_U2273           | 2   |        | sum0_1         | fadd   | fulldsp | 6       |
|    fmul_32ns_32ns_32_4_max_dsp_1_U2365                | -   |        | div_1          | fdiv   | fabric  | 11      |
|    fadd_32ns_32ns_32_7_full_dsp_1_U2279               | 2   |        | add4_i76_1     | fadd   | fulldsp | 6       |
|    fadd_32ns_32ns_32_7_full_dsp_1_U2280               | 2   |        | add4_i76_1_1   | fadd   | fulldsp | 6       |
|    fmul_32ns_32ns_32_4_max_dsp_1_U2368                | 2   |        | add19_i92_1    | fadd   | fulldsp | 6       |
|    faddfsub_32ns_32ns_32_7_full_dsp_1_U2274           | 2   |        | sum1_1         | fadd   | fulldsp | 6       |
|    fadd_32ns_32ns_32_7_full_dsp_1_U2332               | -   |        | div46_1        | fdiv   | fabric  | 11      |
|    add_ln152_1_fu_5749_p2                             | -   |        | add_ln152_1    | add    | fabric  | 0       |
|   + attention_group_Pipeline_SCORE_KEY                | 0   |        |                |        |         |         |
|     add_ln161_fu_1819_p2                              | -   |        | add_ln161      | add    | fabric  | 0       |
|   + attention_group_Pipeline_CONTEXT_BANK_INIT_DIM    | 0   |        |                |        |         |         |
|     add_ln215_fu_4420_p2                              | -   |        | add_ln215      | add    | fabric  | 0       |
|   + attention_group_Pipeline_EXP_KEY                  | 0   |        |                |        |         |         |
|     add_ln186_fu_442_p2                               | -   |        | add_ln186      | add    | fabric  | 0       |
|   + attention_group_Pipeline_CONTEXT_KEY_CHUNK        | 0   |        |                |        |         |         |
|     nd_4_fu_6360_p2                                   | -   |        | nd_4           | add    | fabric  | 0       |
|   + attention_group_Pipeline_CONTEXT_BANK_REDUCE_DIM  | 0   |        |                |        |         |         |
|     add_ln254_fu_4011_p2                              | -   |        | add_ln254      | add    | fabric  | 0       |
|   + attention_group_Pipeline_SCORE_KEY4               | 0   |        |                |        |         |         |
|     add_ln161_fu_1821_p2                              | -   |        | add_ln161      | add    | fabric  | 0       |
|   + attention_group_Pipeline_CONTEXT_BANK_INIT_DIM6   | 0   |        |                |        |         |         |
|     add_ln215_fu_4420_p2                              | -   |        | add_ln215      | add    | fabric  | 0       |
|   + attention_group_Pipeline_EXP_KEY5                 | 0   |        |                |        |         |         |
|     add_ln186_fu_442_p2                               | -   |        | add_ln186      | add    | fabric  | 0       |
|   + attention_group_Pipeline_CONTEXT_KEY_CHUNK7       | 0   |        |                |        |         |         |
|     nd_2_fu_6360_p2                                   | -   |        | nd_2           | add    | fabric  | 0       |
|   + attention_group_Pipeline_CONTEXT_BANK_REDUCE_DIM8 | 0   |        |                |        |         |         |
|     add_ln254_fu_3987_p2                              | -   |        | add_ln254      | add    | fabric  | 0       |
|  + write_context_group_stream                         | 0   |        |                |        |         |         |
|    add_ln279_1_fu_121_p2                              | -   |        | add_ln279_1    | add    | fabric  | 0       |
|    add_ln279_fu_133_p2                                | -   |        | add_ln279      | add    | fabric  | 0       |
|    add_ln288_fu_177_p2                                | -   |        | add_ln288      | add    | fabric  | 0       |
|    add_ln281_fu_183_p2                                | -   |        | add_ln281      | add    | fabric  | 0       |
+-------------------------------------------------------+-----+--------+----------------+--------+---------+---------+


================================================================
== Bind Storage Report
================================================================
+---------------------------------------------+------+------+--------+-------------------+---------+--------+---------+
| Name                                        | BRAM | URAM | Pragma | Variable          | Storage | Impl   | Latency |
+---------------------------------------------+------+------+--------+-------------------+---------+--------+---------+
| + bert_attn_core_kernel                     | 2    | 24   |        |                   |         |        |         |
|   active_indices_U                          | -    | -    | yes    | active_indices    | ram_s2p | lutram | 1       |
|   q_U                                       | -    | 4    | yes    | q                 | ram_2p  | uram   | 1       |
|   k_U                                       | -    | 4    | yes    | k                 | ram_2p  | uram   | 1       |
|   v_U                                       | -    | 8    | yes    | v                 | ram_2p  | uram   | 1       |
|   group_context_U                           | -    | 8    | yes    | group_context     | ram_2p  | uram   | 1       |
|  + attention_group                          | 2    | 0    |        |                   |         |        |         |
|    probability0_U                           | 1    | -    | yes    | probability0      | ram_2p  | bram   | 1       |
|    probability1_U                           | 1    | -    | yes    | probability1      | ram_2p  | bram   | 1       |
|    context_bank0_U                          | -    | -    |        | context_bank0     | ram_1p  | auto   | 1       |
|    context_bank0_1_U                        | -    | -    |        | context_bank0_1   | ram_1p  | auto   | 1       |
|    context_bank0_2_U                        | -    | -    |        | context_bank0_2   | ram_1p  | auto   | 1       |
|    context_bank0_3_U                        | -    | -    |        | context_bank0_3   | ram_1p  | auto   | 1       |
|    context_bank0_4_U                        | -    | -    |        | context_bank0_4   | ram_1p  | auto   | 1       |
|    context_bank0_5_U                        | -    | -    |        | context_bank0_5   | ram_1p  | auto   | 1       |
|    context_bank0_6_U                        | -    | -    |        | context_bank0_6   | ram_1p  | auto   | 1       |
|    context_bank0_7_U                        | -    | -    |        | context_bank0_7   | ram_1p  | auto   | 1       |
|    context_bank0_8_U                        | -    | -    |        | context_bank0_8   | rom_np  | auto   | 1       |
|    context_bank0_9_U                        | -    | -    |        | context_bank0_9   | rom_np  | auto   | 1       |
|    context_bank0_10_U                       | -    | -    |        | context_bank0_10  | rom_np  | auto   | 1       |
|    context_bank0_11_U                       | -    | -    |        | context_bank0_11  | rom_np  | auto   | 1       |
|    context_bank0_12_U                       | -    | -    |        | context_bank0_12  | rom_np  | auto   | 1       |
|    context_bank0_13_U                       | -    | -    |        | context_bank0_13  | rom_np  | auto   | 1       |
|    context_bank0_14_U                       | -    | -    |        | context_bank0_14  | rom_np  | auto   | 1       |
|    context_bank0_15_U                       | -    | -    |        | context_bank0_15  | ram_1p  | auto   | 1       |
|    context_bank0_16_U                       | -    | -    |        | context_bank0_16  | rom_np  | auto   | 1       |
|    context_bank0_17_U                       | -    | -    |        | context_bank0_17  | rom_np  | auto   | 1       |
|    context_bank0_18_U                       | -    | -    |        | context_bank0_18  | rom_np  | auto   | 1       |
|    context_bank0_19_U                       | -    | -    |        | context_bank0_19  | rom_np  | auto   | 1       |
|    context_bank0_20_U                       | -    | -    |        | context_bank0_20  | rom_np  | auto   | 1       |
|    context_bank0_21_U                       | -    | -    |        | context_bank0_21  | rom_np  | auto   | 1       |
|    context_bank0_22_U                       | -    | -    |        | context_bank0_22  | rom_np  | auto   | 1       |
|    context_bank0_23_U                       | -    | -    |        | context_bank0_23  | ram_1p  | auto   | 1       |
|    context_bank0_24_U                       | -    | -    |        | context_bank0_24  | rom_np  | auto   | 1       |
|    context_bank0_25_U                       | -    | -    |        | context_bank0_25  | rom_np  | auto   | 1       |
|    context_bank0_26_U                       | -    | -    |        | context_bank0_26  | rom_np  | auto   | 1       |
|    context_bank0_27_U                       | -    | -    |        | context_bank0_27  | rom_np  | auto   | 1       |
|    context_bank0_28_U                       | -    | -    |        | context_bank0_28  | rom_np  | auto   | 1       |
|    context_bank0_29_U                       | -    | -    |        | context_bank0_29  | rom_np  | auto   | 1       |
|    context_bank0_30_U                       | -    | -    |        | context_bank0_30  | rom_np  | auto   | 1       |
|    context_bank0_31_U                       | -    | -    |        | context_bank0_31  | ram_1p  | auto   | 1       |
|    context_bank0_32_U                       | -    | -    |        | context_bank0_32  | rom_np  | auto   | 1       |
|    context_bank0_33_U                       | -    | -    |        | context_bank0_33  | rom_np  | auto   | 1       |
|    context_bank0_34_U                       | -    | -    |        | context_bank0_34  | rom_np  | auto   | 1       |
|    context_bank0_35_U                       | -    | -    |        | context_bank0_35  | rom_np  | auto   | 1       |
|    context_bank0_36_U                       | -    | -    |        | context_bank0_36  | rom_np  | auto   | 1       |
|    faddfsub_32ns_32ns_32_7_full_dsp_1_U2273 | -    | -    |        | context_bank0_37  | rom_np  | auto   | 1       |
|    fexp_32ns_32ns_32_14_full_dsp_1_U2379    | -    | -    |        | context_bank0_38  | rom_np  | auto   | 1       |
|    context_bank0_39_U                       | -    | -    |        | context_bank0_39  | ram_1p  | auto   | 1       |
|    context_bank0_40_U                       | -    | -    |        | context_bank0_40  | rom_np  | auto   | 1       |
|    faddfsub_32ns_32ns_32_7_full_dsp_1_U2274 | -    | -    |        | context_bank0_41  | rom_np  | auto   | 1       |
|    fexp_32ns_32ns_32_14_full_dsp_1_U2380    | -    | -    |        | context_bank0_42  | rom_np  | auto   | 1       |
|    context_bank0_43_U                       | -    | -    |        | context_bank0_43  | rom_np  | auto   | 1       |
|    context_bank0_44_U                       | -    | -    |        | context_bank0_44  | rom_np  | auto   | 1       |
|    fadd_32ns_32ns_32_7_full_dsp_1_U2275     | -    | -    |        | context_bank0_45  | rom_np  | auto   | 1       |
|    fadd_32ns_32ns_32_5_no_dsp_1_U2378       | -    | -    |        | context_bank0_46  | rom_np  | auto   | 1       |
|    context_bank0_47_U                       | -    | -    |        | context_bank0_47  | ram_1p  | auto   | 1       |
|    context_bank0_48_U                       | -    | -    |        | context_bank0_48  | rom_np  | auto   | 1       |
|    context_bank0_49_U                       | -    | -    |        | context_bank0_49  | rom_np  | auto   | 1       |
|    context_bank0_50_U                       | -    | -    |        | context_bank0_50  | rom_np  | auto   | 1       |
|    context_bank0_51_U                       | -    | -    |        | context_bank0_51  | rom_np  | auto   | 1       |
|    context_bank0_52_U                       | -    | -    |        | context_bank0_52  | rom_np  | auto   | 1       |
|    context_bank0_53_U                       | -    | -    |        | context_bank0_53  | rom_np  | auto   | 1       |
|    context_bank0_54_U                       | -    | -    |        | context_bank0_54  | rom_np  | auto   | 1       |
|    context_bank0_55_U                       | -    | -    |        | context_bank0_55  | ram_1p  | auto   | 1       |
|    context_bank0_56_U                       | -    | -    |        | context_bank0_56  | rom_np  | auto   | 1       |
|    context_bank0_57_U                       | -    | -    |        | context_bank0_57  | rom_np  | auto   | 1       |
|    context_bank0_58_U                       | -    | -    |        | context_bank0_58  | rom_np  | auto   | 1       |
|    context_bank0_59_U                       | -    | -    |        | context_bank0_59  | rom_np  | auto   | 1       |
|    context_bank0_60_U                       | -    | -    |        | context_bank0_60  | rom_np  | auto   | 1       |
|    context_bank0_61_U                       | -    | -    |        | context_bank0_61  | rom_np  | auto   | 1       |
|    context_bank0_62_U                       | -    | -    |        | context_bank0_62  | rom_np  | auto   | 1       |
|    context_bank0_63_U                       | -    | -    |        | context_bank0_63  | ram_1p  | auto   | 1       |
|    context_bank0_64_U                       | -    | -    |        | context_bank0_64  | rom_np  | auto   | 1       |
|    context_bank0_65_U                       | -    | -    |        | context_bank0_65  | rom_np  | auto   | 1       |
|    context_bank0_66_U                       | -    | -    |        | context_bank0_66  | rom_np  | auto   | 1       |
|    context_bank0_67_U                       | -    | -    |        | context_bank0_67  | rom_np  | auto   | 1       |
|    context_bank0_68_U                       | -    | -    |        | context_bank0_68  | rom_np  | auto   | 1       |
|    context_bank0_69_U                       | -    | -    |        | context_bank0_69  | rom_np  | auto   | 1       |
|    context_bank0_70_U                       | -    | -    |        | context_bank0_70  | rom_np  | auto   | 1       |
|    context_bank0_71_U                       | -    | -    |        | context_bank0_71  | ram_1p  | auto   | 1       |
|    context_bank0_72_U                       | -    | -    |        | context_bank0_72  | rom_np  | auto   | 1       |
|    context_bank0_73_U                       | -    | -    |        | context_bank0_73  | rom_np  | auto   | 1       |
|    context_bank0_74_U                       | -    | -    |        | context_bank0_74  | rom_np  | auto   | 1       |
|    context_bank0_75_U                       | -    | -    |        | context_bank0_75  | rom_np  | auto   | 1       |
|    context_bank0_76_U                       | -    | -    |        | context_bank0_76  | rom_np  | auto   | 1       |
|    context_bank0_77_U                       | -    | -    |        | context_bank0_77  | rom_np  | auto   | 1       |
|    context_bank0_78_U                       | -    | -    |        | context_bank0_78  | rom_np  | auto   | 1       |
|    context_bank0_79_U                       | -    | -    |        | context_bank0_79  | ram_1p  | auto   | 1       |
|    context_bank0_80_U                       | -    | -    |        | context_bank0_80  | rom_np  | auto   | 1       |
|    context_bank0_81_U                       | -    | -    |        | context_bank0_81  | rom_np  | auto   | 1       |
|    context_bank0_82_U                       | -    | -    |        | context_bank0_82  | rom_np  | auto   | 1       |
|    context_bank0_83_U                       | -    | -    |        | context_bank0_83  | rom_np  | auto   | 1       |
|    context_bank0_84_U                       | -    | -    |        | context_bank0_84  | rom_np  | auto   | 1       |
|    context_bank0_85_U                       | -    | -    |        | context_bank0_85  | rom_np  | auto   | 1       |
|    context_bank0_86_U                       | -    | -    |        | context_bank0_86  | rom_np  | auto   | 1       |
|    context_bank0_87_U                       | -    | -    |        | context_bank0_87  | ram_1p  | auto   | 1       |
|    context_bank0_88_U                       | -    | -    |        | context_bank0_88  | rom_np  | auto   | 1       |
|    context_bank0_89_U                       | -    | -    |        | context_bank0_89  | rom_np  | auto   | 1       |
|    context_bank0_90_U                       | -    | -    |        | context_bank0_90  | rom_np  | auto   | 1       |
|    context_bank0_91_U                       | -    | -    |        | context_bank0_91  | rom_np  | auto   | 1       |
|    context_bank0_92_U                       | -    | -    |        | context_bank0_92  | rom_np  | auto   | 1       |
|    context_bank0_93_U                       | -    | -    |        | context_bank0_93  | rom_np  | auto   | 1       |
|    context_bank0_94_U                       | -    | -    |        | context_bank0_94  | rom_np  | auto   | 1       |
|    context_bank0_95_U                       | -    | -    |        | context_bank0_95  | ram_1p  | auto   | 1       |
|    context_bank0_96_U                       | -    | -    |        | context_bank0_96  | rom_np  | auto   | 1       |
|    context_bank0_97_U                       | -    | -    |        | context_bank0_97  | rom_np  | auto   | 1       |
|    context_bank0_98_U                       | -    | -    |        | context_bank0_98  | rom_np  | auto   | 1       |
|    context_bank0_99_U                       | -    | -    |        | context_bank0_99  | rom_np  | auto   | 1       |
|    context_bank0_100_U                      | -    | -    |        | context_bank0_100 | rom_np  | auto   | 1       |
|    context_bank0_101_U                      | -    | -    |        | context_bank0_101 | rom_np  | auto   | 1       |
|    context_bank0_102_U                      | -    | -    |        | context_bank0_102 | rom_np  | auto   | 1       |
|    context_bank0_103_U                      | -    | -    |        | context_bank0_103 | ram_1p  | auto   | 1       |
|    context_bank0_104_U                      | -    | -    |        | context_bank0_104 | rom_np  | auto   | 1       |
|    context_bank0_105_U                      | -    | -    |        | context_bank0_105 | rom_np  | auto   | 1       |
|    context_bank0_106_U                      | -    | -    |        | context_bank0_106 | rom_np  | auto   | 1       |
|    context_bank0_107_U                      | -    | -    |        | context_bank0_107 | rom_np  | auto   | 1       |
|    context_bank0_108_U                      | -    | -    |        | context_bank0_108 | rom_np  | auto   | 1       |
|    context_bank0_109_U                      | -    | -    |        | context_bank0_109 | rom_np  | auto   | 1       |
|    context_bank0_110_U                      | -    | -    |        | context_bank0_110 | rom_np  | auto   | 1       |
|    context_bank0_111_U                      | -    | -    |        | context_bank0_111 | ram_1p  | auto   | 1       |
|    context_bank0_112_U                      | -    | -    |        | context_bank0_112 | rom_np  | auto   | 1       |
|    context_bank0_113_U                      | -    | -    |        | context_bank0_113 | rom_np  | auto   | 1       |
|    context_bank0_114_U                      | -    | -    |        | context_bank0_114 | rom_np  | auto   | 1       |
|    context_bank0_115_U                      | -    | -    |        | context_bank0_115 | rom_np  | auto   | 1       |
|    context_bank0_116_U                      | -    | -    |        | context_bank0_116 | rom_np  | auto   | 1       |
|    context_bank0_117_U                      | -    | -    |        | context_bank0_117 | rom_np  | auto   | 1       |
|    context_bank0_118_U                      | -    | -    |        | context_bank0_118 | rom_np  | auto   | 1       |
|    context_bank0_119_U                      | -    | -    |        | context_bank0_119 | ram_1p  | auto   | 1       |
|    context_bank0_120_U                      | -    | -    |        | context_bank0_120 | rom_np  | auto   | 1       |
|    context_bank0_121_U                      | -    | -    |        | context_bank0_121 | rom_np  | auto   | 1       |
|    context_bank0_122_U                      | -    | -    |        | context_bank0_122 | rom_np  | auto   | 1       |
|    context_bank0_123_U                      | -    | -    |        | context_bank0_123 | rom_np  | auto   | 1       |
|    context_bank0_124_U                      | -    | -    |        | context_bank0_124 | rom_np  | auto   | 1       |
|    context_bank0_125_U                      | -    | -    |        | context_bank0_125 | rom_np  | auto   | 1       |
|    context_bank0_126_U                      | -    | -    |        | context_bank0_126 | rom_np  | auto   | 1       |
|    context_bank0_127_U                      | -    | -    |        | context_bank0_127 | ram_1p  | auto   | 1       |
|    context_bank1_U                          | -    | -    |        | context_bank1     | rom_np  | auto   | 1       |
|    context_bank1_1_U                        | -    | -    |        | context_bank1_1   | rom_np  | auto   | 1       |
|    context_bank1_2_U                        | -    | -    |        | context_bank1_2   | rom_np  | auto   | 1       |
|    context_bank1_3_U                        | -    | -    |        | context_bank1_3   | rom_np  | auto   | 1       |
|    context_bank1_4_U                        | -    | -    |        | context_bank1_4   | rom_np  | auto   | 1       |
|    context_bank1_5_U                        | -    | -    |        | context_bank1_5   | rom_np  | auto   | 1       |
|    context_bank1_6_U                        | -    | -    |        | context_bank1_6   | rom_np  | auto   | 1       |
|    context_bank1_7_U                        | -    | -    |        | context_bank1_7   | ram_1p  | auto   | 1       |
|    context_bank1_8_U                        | -    | -    |        | context_bank1_8   | rom_np  | auto   | 1       |
|    context_bank1_9_U                        | -    | -    |        | context_bank1_9   | rom_np  | auto   | 1       |
|    context_bank1_10_U                       | -    | -    |        | context_bank1_10  | rom_np  | auto   | 1       |
|    context_bank1_11_U                       | -    | -    |        | context_bank1_11  | rom_np  | auto   | 1       |
|    context_bank1_12_U                       | -    | -    |        | context_bank1_12  | rom_np  | auto   | 1       |
|    context_bank1_13_U                       | -    | -    |        | context_bank1_13  | rom_np  | auto   | 1       |
|    context_bank1_14_U                       | -    | -    |        | context_bank1_14  | rom_np  | auto   | 1       |
|    context_bank1_15_U                       | -    | -    |        | context_bank1_15  | ram_1p  | auto   | 1       |
|    context_bank1_16_U                       | -    | -    |        | context_bank1_16  | rom_np  | auto   | 1       |
|    context_bank1_17_U                       | -    | -    |        | context_bank1_17  | rom_np  | auto   | 1       |
|    context_bank1_18_U                       | -    | -    |        | context_bank1_18  | rom_np  | auto   | 1       |
|    context_bank1_19_U                       | -    | -    |        | context_bank1_19  | rom_np  | auto   | 1       |
|    context_bank1_20_U                       | -    | -    |        | context_bank1_20  | rom_np  | auto   | 1       |
|    context_bank1_21_U                       | -    | -    |        | context_bank1_21  | rom_np  | auto   | 1       |
|    context_bank1_22_U                       | -    | -    |        | context_bank1_22  | rom_np  | auto   | 1       |
|    context_bank1_23_U                       | -    | -    |        | context_bank1_23  | ram_1p  | auto   | 1       |
|    context_bank1_24_U                       | -    | -    |        | context_bank1_24  | rom_np  | auto   | 1       |
|    context_bank1_25_U                       | -    | -    |        | context_bank1_25  | rom_np  | auto   | 1       |
|    context_bank1_26_U                       | -    | -    |        | context_bank1_26  | rom_np  | auto   | 1       |
|    context_bank1_27_U                       | -    | -    |        | context_bank1_27  | rom_np  | auto   | 1       |
|    context_bank1_28_U                       | -    | -    |        | context_bank1_28  | rom_np  | auto   | 1       |
|    context_bank1_29_U                       | -    | -    |        | context_bank1_29  | rom_np  | auto   | 1       |
|    context_bank1_30_U                       | -    | -    |        | context_bank1_30  | rom_np  | auto   | 1       |
|    context_bank1_31_U                       | -    | -    |        | context_bank1_31  | ram_1p  | auto   | 1       |
|    context_bank1_32_U                       | -    | -    |        | context_bank1_32  | rom_np  | auto   | 1       |
|    context_bank1_33_U                       | -    | -    |        | context_bank1_33  | rom_np  | auto   | 1       |
|    context_bank1_34_U                       | -    | -    |        | context_bank1_34  | rom_np  | auto   | 1       |
|    context_bank1_35_U                       | -    | -    |        | context_bank1_35  | rom_np  | auto   | 1       |
|    context_bank1_36_U                       | -    | -    |        | context_bank1_36  | rom_np  | auto   | 1       |
|    context_bank1_37_U                       | -    | -    |        | context_bank1_37  | rom_np  | auto   | 1       |
|    context_bank1_38_U                       | -    | -    |        | context_bank1_38  | rom_np  | auto   | 1       |
|    context_bank1_39_U                       | -    | -    |        | context_bank1_39  | ram_1p  | auto   | 1       |
|    context_bank1_40_U                       | -    | -    |        | context_bank1_40  | rom_np  | auto   | 1       |
|    context_bank1_41_U                       | -    | -    |        | context_bank1_41  | rom_np  | auto   | 1       |
|    context_bank1_42_U                       | -    | -    |        | context_bank1_42  | rom_np  | auto   | 1       |
|    context_bank1_43_U                       | -    | -    |        | context_bank1_43  | rom_np  | auto   | 1       |
|    context_bank1_44_U                       | -    | -    |        | context_bank1_44  | rom_np  | auto   | 1       |
|    context_bank1_45_U                       | -    | -    |        | context_bank1_45  | rom_np  | auto   | 1       |
|    context_bank1_46_U                       | -    | -    |        | context_bank1_46  | rom_np  | auto   | 1       |
|    context_bank1_47_U                       | -    | -    |        | context_bank1_47  | ram_1p  | auto   | 1       |
|    context_bank1_48_U                       | -    | -    |        | context_bank1_48  | rom_np  | auto   | 1       |
|    context_bank1_49_U                       | -    | -    |        | context_bank1_49  | rom_np  | auto   | 1       |
|    context_bank1_50_U                       | -    | -    |        | context_bank1_50  | rom_np  | auto   | 1       |
|    context_bank1_51_U                       | -    | -    |        | context_bank1_51  | rom_np  | auto   | 1       |
|    context_bank1_52_U                       | -    | -    |        | context_bank1_52  | rom_np  | auto   | 1       |
|    context_bank1_53_U                       | -    | -    |        | context_bank1_53  | rom_np  | auto   | 1       |
|    context_bank1_54_U                       | -    | -    |        | context_bank1_54  | rom_np  | auto   | 1       |
|    context_bank1_55_U                       | -    | -    |        | context_bank1_55  | ram_1p  | auto   | 1       |
|    context_bank1_56_U                       | -    | -    |        | context_bank1_56  | rom_np  | auto   | 1       |
|    context_bank1_57_U                       | -    | -    |        | context_bank1_57  | rom_np  | auto   | 1       |
|    context_bank1_58_U                       | -    | -    |        | context_bank1_58  | rom_np  | auto   | 1       |
|    context_bank1_59_U                       | -    | -    |        | context_bank1_59  | rom_np  | auto   | 1       |
|    context_bank1_60_U                       | -    | -    |        | context_bank1_60  | rom_np  | auto   | 1       |
|    context_bank1_61_U                       | -    | -    |        | context_bank1_61  | rom_np  | auto   | 1       |
|    context_bank1_62_U                       | -    | -    |        | context_bank1_62  | rom_np  | auto   | 1       |
|    context_bank1_63_U                       | -    | -    |        | context_bank1_63  | ram_1p  | auto   | 1       |
|    context_bank1_64_U                       | -    | -    |        | context_bank1_64  | rom_np  | auto   | 1       |
|    context_bank1_65_U                       | -    | -    |        | context_bank1_65  | rom_np  | auto   | 1       |
|    context_bank1_66_U                       | -    | -    |        | context_bank1_66  | rom_np  | auto   | 1       |
|    context_bank1_67_U                       | -    | -    |        | context_bank1_67  | rom_np  | auto   | 1       |
|    context_bank1_68_U                       | -    | -    |        | context_bank1_68  | rom_np  | auto   | 1       |
|    context_bank1_69_U                       | -    | -    |        | context_bank1_69  | rom_np  | auto   | 1       |
|    context_bank1_70_U                       | -    | -    |        | context_bank1_70  | rom_np  | auto   | 1       |
|    context_bank1_71_U                       | -    | -    |        | context_bank1_71  | ram_1p  | auto   | 1       |
|    context_bank1_72_U                       | -    | -    |        | context_bank1_72  | rom_np  | auto   | 1       |
|    context_bank1_73_U                       | -    | -    |        | context_bank1_73  | rom_np  | auto   | 1       |
|    context_bank1_74_U                       | -    | -    |        | context_bank1_74  | rom_np  | auto   | 1       |
|    context_bank1_75_U                       | -    | -    |        | context_bank1_75  | rom_np  | auto   | 1       |
|    context_bank1_76_U                       | -    | -    |        | context_bank1_76  | rom_np  | auto   | 1       |
|    context_bank1_77_U                       | -    | -    |        | context_bank1_77  | rom_np  | auto   | 1       |
|    context_bank1_78_U                       | -    | -    |        | context_bank1_78  | rom_np  | auto   | 1       |
|    context_bank1_79_U                       | -    | -    |        | context_bank1_79  | ram_1p  | auto   | 1       |
|    context_bank1_80_U                       | -    | -    |        | context_bank1_80  | rom_np  | auto   | 1       |
|    context_bank1_81_U                       | -    | -    |        | context_bank1_81  | rom_np  | auto   | 1       |
|    context_bank1_82_U                       | -    | -    |        | context_bank1_82  | rom_np  | auto   | 1       |
|    context_bank1_83_U                       | -    | -    |        | context_bank1_83  | rom_np  | auto   | 1       |
|    context_bank1_84_U                       | -    | -    |        | context_bank1_84  | rom_np  | auto   | 1       |
|    context_bank1_85_U                       | -    | -    |        | context_bank1_85  | rom_np  | auto   | 1       |
|    context_bank1_86_U                       | -    | -    |        | context_bank1_86  | rom_np  | auto   | 1       |
|    context_bank1_87_U                       | -    | -    |        | context_bank1_87  | ram_1p  | auto   | 1       |
|    context_bank1_88_U                       | -    | -    |        | context_bank1_88  | rom_np  | auto   | 1       |
|    context_bank1_89_U                       | -    | -    |        | context_bank1_89  | rom_np  | auto   | 1       |
|    context_bank1_90_U                       | -    | -    |        | context_bank1_90  | rom_np  | auto   | 1       |
|    context_bank1_91_U                       | -    | -    |        | context_bank1_91  | rom_np  | auto   | 1       |
|    context_bank1_92_U                       | -    | -    |        | context_bank1_92  | rom_np  | auto   | 1       |
|    context_bank1_93_U                       | -    | -    |        | context_bank1_93  | rom_np  | auto   | 1       |
|    context_bank1_94_U                       | -    | -    |        | context_bank1_94  | rom_np  | auto   | 1       |
|    context_bank1_95_U                       | -    | -    |        | context_bank1_95  | ram_1p  | auto   | 1       |
|    context_bank1_96_U                       | -    | -    |        | context_bank1_96  | rom_np  | auto   | 1       |
|    context_bank1_97_U                       | -    | -    |        | context_bank1_97  | rom_np  | auto   | 1       |
|    context_bank1_98_U                       | -    | -    |        | context_bank1_98  | rom_np  | auto   | 1       |
|    context_bank1_99_U                       | -    | -    |        | context_bank1_99  | rom_np  | auto   | 1       |
|    context_bank1_100_U                      | -    | -    |        | context_bank1_100 | rom_np  | auto   | 1       |
|    context_bank1_101_U                      | -    | -    |        | context_bank1_101 | rom_np  | auto   | 1       |
|    context_bank1_102_U                      | -    | -    |        | context_bank1_102 | rom_np  | auto   | 1       |
|    context_bank1_103_U                      | -    | -    |        | context_bank1_103 | ram_1p  | auto   | 1       |
|    context_bank1_104_U                      | -    | -    |        | context_bank1_104 | rom_np  | auto   | 1       |
|    context_bank1_105_U                      | -    | -    |        | context_bank1_105 | rom_np  | auto   | 1       |
|    context_bank1_106_U                      | -    | -    |        | context_bank1_106 | rom_np  | auto   | 1       |
|    context_bank1_107_U                      | -    | -    |        | context_bank1_107 | rom_np  | auto   | 1       |
|    context_bank1_108_U                      | -    | -    |        | context_bank1_108 | rom_np  | auto   | 1       |
|    context_bank1_109_U                      | -    | -    |        | context_bank1_109 | rom_np  | auto   | 1       |
|    fmul_32ns_32ns_32_4_max_dsp_1_U2345      | -    | -    |        | context_bank1_110 | rom_np  | auto   | 1       |
|    context_bank1_111_U                      | -    | -    |        | context_bank1_111 | ram_1p  | auto   | 1       |
|    context_bank1_112_U                      | -    | -    |        | context_bank1_112 | rom_np  | auto   | 1       |
|    fmul_32ns_32ns_32_4_max_dsp_1_U2346      | -    | -    |        | context_bank1_113 | rom_np  | auto   | 1       |
|    context_bank1_114_U                      | -    | -    |        | context_bank1_114 | rom_np  | auto   | 1       |
|    context_bank1_115_U                      | -    | -    |        | context_bank1_115 | rom_np  | auto   | 1       |
|    context_bank1_116_U                      | -    | -    |        | context_bank1_116 | rom_np  | auto   | 1       |
|    context_bank1_117_U                      | -    | -    |        | context_bank1_117 | rom_np  | auto   | 1       |
|    context_bank1_118_U                      | -    | -    |        | context_bank1_118 | rom_np  | auto   | 1       |
|    context_bank1_119_U                      | -    | -    |        | context_bank1_119 | ram_1p  | auto   | 1       |
|    fmul_32ns_32ns_32_4_max_dsp_1_U2345      | -    | -    |        | context_bank1_120 | rom_np  | auto   | 1       |
|    fmul_32ns_32ns_32_4_max_dsp_1_U2345      | -    | -    |        | context_bank1_121 | rom_np  | auto   | 1       |
|    context_bank1_122_U                      | -    | -    |        | context_bank1_122 | rom_np  | auto   | 1       |
|    context_bank1_123_U                      | -    | -    |        | context_bank1_123 | rom_np  | auto   | 1       |
|    context_bank1_124_U                      | -    | -    |        | context_bank1_124 | rom_np  | auto   | 1       |
|    context_bank1_125_U                      | -    | -    |        | context_bank1_125 | rom_np  | auto   | 1       |
|    context_bank1_126_U                      | -    | -    |        | context_bank1_126 | rom_np  | auto   | 1       |
|    context_bank1_127_U                      | -    | -    |        | context_bank1_127 | ram_1p  | auto   | 1       |
+---------------------------------------------+------+------+--------+-------------------+---------+--------+---------+


================================================================
== Pragma Report
================================================================
* Valid Pragma Syntax
+-----------------+-------------------------------------------------------------------+-----------------------------------------------------------------------------------+
| Type            | Options                                                           | Location                                                                          |
+-----------------+-------------------------------------------------------------------+-----------------------------------------------------------------------------------+
| inline          |                                                                   | ../include/bert_math.h:9 in uint32_to_float                                       |
| inline          |                                                                   | ../include/bert_math.h:16 in float_to_uint32                                      |
| inline          |                                                                   | ../include/bert_math.h:23 in unpack_bus16                                         |
| array_partition | variable=lane complete dim=1                                      | ../include/bert_math.h:24 in unpack_bus16, lane                                   |
| unroll          |                                                                   | ../include/bert_math.h:26 in unpack_bus16                                         |
| inline          |                                                                   | ../include/bert_math.h:32 in pack_bus16                                           |
| array_partition | variable=lane complete dim=1                                      | ../include/bert_math.h:33 in pack_bus16, lane                                     |
| unroll          |                                                                   | ../include/bert_math.h:36 in pack_bus16                                           |
| inline          |                                                                   | ../include/bert_math.h:44 in fp32_sum8_tree                                       |
| array_partition | variable=value complete dim=1                                     | ../include/bert_math.h:45 in fp32_sum8_tree, value                                |
| array_partition | variable=s4 complete dim=1                                        | ../include/bert_math.h:48 in fp32_sum8_tree, s4                                   |
| array_partition | variable=s2 complete dim=1                                        | ../include/bert_math.h:49 in fp32_sum8_tree, s2                                   |
| unroll          |                                                                   | ../include/bert_math.h:52 in fp32_sum8_tree                                       |
| unroll          |                                                                   | ../include/bert_math.h:57 in fp32_sum8_tree                                       |
| inline          |                                                                   | ../include/bert_math.h:65 in fp32_sum4_tree                                       |
| array_partition | variable=value complete dim=1                                     | ../include/bert_math.h:66 in fp32_sum4_tree, value                                |
| array_partition | variable=s2 complete dim=1                                        | ../include/bert_math.h:68 in fp32_sum4_tree, s2                                   |
| unroll          |                                                                   | ../include/bert_math.h:71 in fp32_sum4_tree                                       |
| inline          |                                                                   | ../include/bert_math.h:81 in fp32_dot8_tree                                       |
| array_partition | variable=lhs complete dim=1                                       | ../include/bert_math.h:82 in fp32_dot8_tree, lhs                                  |
| array_partition | variable=rhs complete dim=1                                       | ../include/bert_math.h:83 in fp32_dot8_tree, rhs                                  |
| array_partition | variable=product complete dim=1                                   | ../include/bert_math.h:85 in fp32_dot8_tree, product                              |
| bind_op         | variable=product op=fmul impl=maxdsp                              | ../include/bert_math.h:86 in fp32_dot8_tree, product                              |
| unroll          |                                                                   | ../include/bert_math.h:89 in fp32_dot8_tree                                       |
| inline          |                                                                   | ../include/bert_math.h:99 in fp32_dot4_tree                                       |
| array_partition | variable=lhs complete dim=1                                       | ../include/bert_math.h:100 in fp32_dot4_tree, lhs                                 |
| array_partition | variable=rhs complete dim=1                                       | ../include/bert_math.h:101 in fp32_dot4_tree, rhs                                 |
| array_partition | variable=product complete dim=1                                   | ../include/bert_math.h:104 in fp32_dot4_tree, product                             |
| array_partition | variable=s2 complete dim=1                                        | ../include/bert_math.h:105 in fp32_dot4_tree, s2                                  |
| bind_op         | variable=product op=fmul impl=maxdsp                              | ../include/bert_math.h:106 in fp32_dot4_tree, product                             |
| unroll          |                                                                   | ../include/bert_math.h:109 in fp32_dot4_tree                                      |
| unroll          |                                                                   | ../include/bert_math.h:114 in fp32_dot4_tree                                      |
| inline          |                                                                   | ../kernels/bert_attn_core_kernel.cpp:18 in core_acc8_clear                        |
| inline          |                                                                   | ../kernels/bert_attn_core_kernel.cpp:31 in core_acc8_rotate_add                   |
| inline          |                                                                   | ../kernels/bert_attn_core_kernel.cpp:48 in core_acc8_read_logical                 |
| array_partition | variable=lane complete dim=1                                      | ../kernels/bert_attn_core_kernel.cpp:49 in core_acc8_read_logical, lane           |
| array_partition | variable=physical complete dim=1                                  | ../kernels/bert_attn_core_kernel.cpp:51 in core_acc8_read_logical, physical       |
| unroll          |                                                                   | ../kernels/bert_attn_core_kernel.cpp:62 in core_acc8_read_logical                 |
| inline          | off                                                               | ../kernels/bert_attn_core_kernel.cpp:75 in read_qkv_group                         |
| pipeline        | II=1                                                              | ../kernels/bert_attn_core_kernel.cpp:80 in read_qkv_group                         |
| array_partition | variable=qlane complete dim=1                                     | ../kernels/bert_attn_core_kernel.cpp:84 in read_qkv_group, qlane                  |
| array_partition | variable=klane complete dim=1                                     | ../kernels/bert_attn_core_kernel.cpp:85 in read_qkv_group, klane                  |
| array_partition | variable=vlane complete dim=1                                     | ../kernels/bert_attn_core_kernel.cpp:86 in read_qkv_group, vlane                  |
| unroll          |                                                                   | ../kernels/bert_attn_core_kernel.cpp:92 in read_qkv_group                         |
| inline          |                                                                   | ../kernels/bert_attn_core_kernel.cpp:111 in attention_dot_pair                    |
| array_partition | variable=lane0 complete dim=1                                     | ../kernels/bert_attn_core_kernel.cpp:114 in attention_dot_pair, lane0             |
| array_partition | variable=lane1 complete dim=1                                     | ../kernels/bert_attn_core_kernel.cpp:115 in attention_dot_pair, lane1             |
| unroll          |                                                                   | ../kernels/bert_attn_core_kernel.cpp:118 in attention_dot_pair                    |
| unroll          |                                                                   | ../kernels/bert_attn_core_kernel.cpp:126 in attention_dot_pair                    |
| inline          | off                                                               | ../kernels/bert_attn_core_kernel.cpp:144 in attention_group                       |
| unroll          |                                                                   | ../kernels/bert_attn_core_kernel.cpp:149 in attention_group                       |
| bind_storage    | variable=probability0 type=RAM_2P impl=BRAM                       | ../kernels/bert_attn_core_kernel.cpp:155 in attention_group, probability0         |
| bind_storage    | variable=probability1 type=RAM_2P impl=BRAM                       | ../kernels/bert_attn_core_kernel.cpp:156 in attention_group, probability1         |
| loop_tripcount  | min=1 max=128                                                     | ../kernels/bert_attn_core_kernel.cpp:162 in attention_group                       |
| pipeline        | II=1                                                              | ../kernels/bert_attn_core_kernel.cpp:163 in attention_group                       |
| loop_tripcount  | min=1 max=128                                                     | ../kernels/bert_attn_core_kernel.cpp:187 in attention_group                       |
| pipeline        | II=1                                                              | ../kernels/bert_attn_core_kernel.cpp:188 in attention_group                       |
| array_partition | variable=sum_lane0 complete dim=1                                 | ../kernels/bert_attn_core_kernel.cpp:198 in attention_group, sum_lane0            |
| array_partition | variable=sum_lane1 complete dim=1                                 | ../kernels/bert_attn_core_kernel.cpp:199 in attention_group, sum_lane1            |
| array_partition | variable=context_bank0 cyclic factor=ATTN_CONTEXT_BANKS dim=1     | ../kernels/bert_attn_core_kernel.cpp:210 in attention_group, context_bank0        |
| array_partition | variable=context_bank0 complete dim=2                             | ../kernels/bert_attn_core_kernel.cpp:211 in attention_group, context_bank0        |
| array_partition | variable=context_bank1 cyclic factor=ATTN_CONTEXT_BANKS dim=1     | ../kernels/bert_attn_core_kernel.cpp:212 in attention_group, context_bank1        |
| array_partition | variable=context_bank1 complete dim=2                             | ../kernels/bert_attn_core_kernel.cpp:213 in attention_group, context_bank1        |
| pipeline        | II=1                                                              | ../kernels/bert_attn_core_kernel.cpp:216 in attention_group                       |
| unroll          |                                                                   | ../kernels/bert_attn_core_kernel.cpp:219 in attention_group                       |
| unroll          |                                                                   | ../kernels/bert_attn_core_kernel.cpp:222 in attention_group                       |
| dependence      | variable=context_bank0 inter false                                | ../kernels/bert_attn_core_kernel.cpp:233 in attention_group, context_bank0        |
| dependence      | variable=context_bank1 inter false                                | ../kernels/bert_attn_core_kernel.cpp:234 in attention_group, context_bank1        |
| loop_tripcount  | min=1 max=512                                                     | ../kernels/bert_attn_core_kernel.cpp:235 in attention_group                       |
| pipeline        | II=3                                                              | ../kernels/bert_attn_core_kernel.cpp:236 in attention_group                       |
| unroll          |                                                                   | ../kernels/bert_attn_core_kernel.cpp:246 in attention_group                       |
| pipeline        | II=1                                                              | ../kernels/bert_attn_core_kernel.cpp:255 in attention_group                       |
| array_partition | variable=lane0 complete dim=1                                     | ../kernels/bert_attn_core_kernel.cpp:258 in attention_group, lane0                |
| array_partition | variable=lane1 complete dim=1                                     | ../kernels/bert_attn_core_kernel.cpp:259 in attention_group, lane1                |
| unroll          |                                                                   | ../kernels/bert_attn_core_kernel.cpp:262 in attention_group                       |
| inline          | off                                                               | ../kernels/bert_attn_core_kernel.cpp:277 in write_context_group_stream            |
| pipeline        | II=1                                                              | ../kernels/bert_attn_core_kernel.cpp:282 in write_context_group_stream            |
| array_partition | variable=lane complete dim=1                                      | ../kernels/bert_attn_core_kernel.cpp:284 in write_context_group_stream, lane      |
| unroll          |                                                                   | ../kernels/bert_attn_core_kernel.cpp:287 in write_context_group_stream            |
| interface       | axis port=q_stream                                                | ../kernels/bert_attn_core_kernel.cpp:302 in bert_attn_core_kernel, q_stream       |
| interface       | axis port=k_stream                                                | ../kernels/bert_attn_core_kernel.cpp:303 in bert_attn_core_kernel, k_stream       |
| interface       | axis port=v_stream                                                | ../kernels/bert_attn_core_kernel.cpp:304 in bert_attn_core_kernel, v_stream       |
| interface       | axis port=context_stream                                          | ../kernels/bert_attn_core_kernel.cpp:305 in bert_attn_core_kernel, context_stream |
| interface       | m_axi port=attention_mask offset=slave bundle=gmem_mask depth=128 | ../kernels/bert_attn_core_kernel.cpp:306 in bert_attn_core_kernel, attention_mask |
| interface       | s_axilite port=attention_mask bundle=control                      | ../kernels/bert_attn_core_kernel.cpp:307 in bert_attn_core_kernel, attention_mask |
| interface       | s_axilite port=return bundle=control                              | ../kernels/bert_attn_core_kernel.cpp:308 in bert_attn_core_kernel, return         |
| bind_storage    | variable=active_indices type=RAM_S2P impl=LUTRAM                  | ../kernels/bert_attn_core_kernel.cpp:315 in bert_attn_core_kernel, active_indices |
| bind_storage    | variable=q type=RAM_2P impl=URAM                                  | ../kernels/bert_attn_core_kernel.cpp:316 in bert_attn_core_kernel, q              |
| bind_storage    | variable=k type=RAM_2P impl=URAM                                  | ../kernels/bert_attn_core_kernel.cpp:317 in bert_attn_core_kernel, k              |
| bind_storage    | variable=v type=RAM_2P impl=URAM                                  | ../kernels/bert_attn_core_kernel.cpp:318 in bert_attn_core_kernel, v              |
| bind_storage    | variable=group_context type=RAM_2P impl=URAM                      | ../kernels/bert_attn_core_kernel.cpp:319 in bert_attn_core_kernel, group_context  |
| array_reshape   | variable=q cyclic factor=ATTN_D_PAR dim=2                         | ../kernels/bert_attn_core_kernel.cpp:320 in bert_attn_core_kernel, q              |
| array_reshape   | variable=k cyclic factor=ATTN_D_PAR dim=2                         | ../kernels/bert_attn_core_kernel.cpp:321 in bert_attn_core_kernel, k              |
| array_reshape   | variable=v cyclic factor=ATTN_CONTEXT_BANKS dim=2                 | ../kernels/bert_attn_core_kernel.cpp:322 in bert_attn_core_kernel, v              |
| array_reshape   | variable=group_context cyclic factor=ATTN_CONTEXT_BANKS dim=2     | ../kernels/bert_attn_core_kernel.cpp:323 in bert_attn_core_kernel, group_context  |
| pipeline        | II=1                                                              | ../kernels/bert_attn_core_kernel.cpp:328 in bert_attn_core_kernel                 |
+-----------------+-------------------------------------------------------------------+-----------------------------------------------------------------------------------+


