

================================================================
== Synthesis Summary Report of 'bert_qkv_kernel'
================================================================
+ General Information: 
    * Date:           Mon Jul 13 11:02:28 2026
    * Version:        2022.1 (Build 3526262 on Mon Apr 18 15:47:01 MDT 2022)
    * Project:        proj_bert_qkv_kernel
    * Solution:       solution1 (Vivado IP Flow Target)
    * Product family: virtexuplus
    * Target device:  xcu250-figd2104-2L-e
    

+ Performance & Resource Estimates: 
    
    PS: '+' for module; 'o' for loop; '*' for dataflow
    +--------------------------------------------------------------------------+--------+-------+---------+-----------+----------+---------+------+----------+------+----------+-------------+--------------+-----------+
    |                                  Modules                                 |  Issue |       | Latency |  Latency  | Iteration|         | Trip |          |      |          |             |              |           |
    |                                  & Loops                                 |  Type  | Slack | (cycles)|    (ns)   |  Latency | Interval| Count| Pipelined| BRAM |    DSP   |      FF     |      LUT     |    URAM   |
    +--------------------------------------------------------------------------+--------+-------+---------+-----------+----------+---------+------+----------+------+----------+-------------+--------------+-----------+
    |+ bert_qkv_kernel                                                         |  Timing|  -0.30|  2230737|  7.435e+06|         -|  2230738|     -|        no|     -|  960 (7%)|  283348 (8%)|  178060 (10%)|  216 (16%)|
    | + load_hidden_matrix                                                     |  Timing|  -0.00|    12299|  4.099e+04|         -|    12299|     -|        no|     -|         -|    654 (~0%)|     487 (~0%)|          -|
    |  + load_hidden_matrix_Pipeline_LOAD_HIDDEN_ROW_LOAD_HIDDEN_PACK          |  Timing|  -0.00|    12291|  4.097e+04|         -|    12291|     -|        no|     -|         -|    586 (~0%)|     292 (~0%)|          -|
    |   o LOAD_HIDDEN_ROW_LOAD_HIDDEN_PACK                                     |      II|   2.43|    12289|  4.096e+04|         4|        2|  6144|       yes|     -|         -|            -|             -|          -|
    | o HEAD_GROUP                                                             |       -|   2.43|  2218428|  7.394e+06|    369738|        -|     6|        no|     -|         -|            -|             -|          -|
    |  + project_qkv_group                                                     |  Timing|  -0.30|   368707|  1.229e+06|         -|   368707|     -|        no|     -|  960 (7%)|  262033 (7%)|   141925 (8%)|  192 (15%)|
    |   o GROUP_OUTPUT_TILE                                                    |       -|   2.43|   368706|  1.229e+06|    184353|        -|     2|        no|     -|         -|            -|             -|          -|
    |    + load_qkv_bias64                                                     |  Timing|  -0.00|       16|     53.328|         -|       16|     -|        no|     -|         -|   1736 (~0%)|     788 (~0%)|          -|
    |     + load_qkv_bias64_Pipeline_LOAD_BIAS_PACK                            |  Timing|  -0.00|        7|     23.331|         -|        7|     -|        no|     -|         -|   1551 (~0%)|      91 (~0%)|          -|
    |      o LOAD_BIAS_PACK                                                    |       -|   2.43|        5|     16.665|         3|        1|     4|       yes|     -|         -|            -|             -|          -|
    |    + load_qkv_weight_tile                                                |  Timing|  -0.00|     6156|  2.052e+04|         -|     6156|     -|        no|     -|         -|   1801 (~0%)|    6356 (~0%)|          -|
    |     + load_qkv_weight_tile_Pipeline_LOAD_WEIGHT_PACK_LOAD_WEIGHT_OUTPUT  |  Timing|  -0.00|     6147|  2.049e+04|         -|     6147|     -|        no|     -|         -|   1616 (~0%)|    5635 (~0%)|          -|
    |      o LOAD_WEIGHT_PACK_LOAD_WEIGHT_OUTPUT                               |      II|   2.43|     6145|  2.048e+04|         4|        2|  3072|       yes|     -|         -|            -|             -|          -|
    |    o PROJECT_ROW_PROJECT_OUTPUT_BLOCK                                    |       -|   2.43|   178176|  5.939e+05|       174|        -|  1024|        no|     -|         -|            -|             -|          -|
    |     + project_qkv_group_Pipeline_PROJECT_INPUT_STEP                      |  Timing|  -0.30|      109|    363.297|         -|      109|     -|        no|     -|  576 (4%)|  181588 (5%)|    64100 (3%)|          -|
    |      o PROJECT_INPUT_STEP                                                |       -|   2.43|      107|    356.631|        13|        1|    96|       yes|     -|         -|            -|             -|          -|
    |     + project_qkv_group_Pipeline_REDUCE_OUTPUT                           |       -|   0.09|       59|    196.647|         -|       59|     -|        no|     -|   2 (~0%)|  13707 (~0%)|   16737 (~0%)|          -|
    |      o REDUCE_OUTPUT                                                     |       -|   2.43|       57|    189.981|        51|        1|     8|       yes|     -|         -|            -|             -|          -|
    |  + write_qkv_group                                                       |       -|   0.33|     1027|  3.423e+03|         -|     1027|     -|        no|     -|         -|     42 (~0%)|     189 (~0%)|          -|
    |   o WRITE_GROUP_ROW_WRITE_GROUP_PACK                                     |       -|   2.43|     1025|  3.416e+03|         3|        1|  1024|       yes|     -|         -|            -|             -|          -|
    +--------------------------------------------------------------------------+--------+-------+---------+-----------+----------+---------+------+----------+------+----------+-------------+--------------+-----------+


================================================================
== HW Interfaces
================================================================
* M_AXI
+-------------------------+------------+---------------+---------+--------+----------+-----------+--------------+--------------+-------------+-------------+
| Interface               | Data Width | Address Width | Latency | Offset | Register | Max Widen | Max Read     | Max Write    | Num Read    | Num Write   |
|                         | (SW->HW)   |               |         |        |          | Bitwidth  | Burst Length | Burst Length | Outstanding | Outstanding |
+-------------------------+------------+---------------+---------+--------+----------+-----------+--------------+--------------+-------------+-------------+
| m_axi_gmem_hidden       | 512 -> 512 | 64            | 0       | slave  | 0        | 0         | 16           | 16           | 16          | 16          |
| m_axi_gmem_hidden_ready | 32 -> 32   | 64            | 0       | slave  | 0        | 0         | 16           | 16           | 16          | 16          |
| m_axi_gmem_k            | 512 -> 512 | 64            | 0       | slave  | 0        | 0         | 16           | 16           | 16          | 16          |
| m_axi_gmem_q            | 512 -> 512 | 64            | 0       | slave  | 0        | 0         | 16           | 16           | 16          | 16          |
| m_axi_gmem_v            | 512 -> 512 | 64            | 0       | slave  | 0        | 0         | 16           | 16           | 16          | 16          |
+-------------------------+------------+---------------+---------+--------+----------+-----------+--------------+--------------+-------------+-------------+

* S_AXILITE Interfaces
+---------------+------------+---------------+--------+----------+
| Interface     | Data Width | Address Width | Offset | Register |
+---------------+------------+---------------+--------+----------+
| s_axi_control | 32         | 7             | 16     | 0        |
+---------------+------------+---------------+--------+----------+

* S_AXILITE Registers
+---------------+----------------+--------+-------+--------+----------------------------------+----------------------------------------------------------------------+
| Interface     | Register       | Offset | Width | Access | Description                      | Bit Fields                                                           |
+---------------+----------------+--------+-------+--------+----------------------------------+----------------------------------------------------------------------+
| s_axi_control | CTRL           | 0x00   | 32    | RW     | Control signals                  | 0=AP_START 1=AP_DONE 2=AP_IDLE 3=AP_READY 7=AUTO_RESTART 9=INTERRUPT |
| s_axi_control | GIER           | 0x04   | 32    | RW     | Global Interrupt Enable Register | 0=Enable                                                             |
| s_axi_control | IP_IER         | 0x08   | 32    | RW     | IP Interrupt Enable Register     | 0=CHAN0_INT_EN 1=CHAN1_INT_EN                                        |
| s_axi_control | IP_ISR         | 0x0c   | 32    | RW     | IP Interrupt Status Register     | 0=CHAN0_INT_ST 1=CHAN1_INT_ST                                        |
| s_axi_control | hidden_in_1    | 0x10   | 32    | W      | Data signal of hidden_in         |                                                                      |
| s_axi_control | hidden_in_2    | 0x14   | 32    | W      | Data signal of hidden_in         |                                                                      |
| s_axi_control | hidden_ready_1 | 0x1c   | 32    | W      | Data signal of hidden_ready      |                                                                      |
| s_axi_control | hidden_ready_2 | 0x20   | 32    | W      | Data signal of hidden_ready      |                                                                      |
| s_axi_control | attn_q_w_all_1 | 0x28   | 32    | W      | Data signal of attn_q_w_all      |                                                                      |
| s_axi_control | attn_q_w_all_2 | 0x2c   | 32    | W      | Data signal of attn_q_w_all      |                                                                      |
| s_axi_control | attn_q_b_all_1 | 0x34   | 32    | W      | Data signal of attn_q_b_all      |                                                                      |
| s_axi_control | attn_q_b_all_2 | 0x38   | 32    | W      | Data signal of attn_q_b_all      |                                                                      |
| s_axi_control | attn_k_w_all_1 | 0x40   | 32    | W      | Data signal of attn_k_w_all      |                                                                      |
| s_axi_control | attn_k_w_all_2 | 0x44   | 32    | W      | Data signal of attn_k_w_all      |                                                                      |
| s_axi_control | attn_k_b_all_1 | 0x4c   | 32    | W      | Data signal of attn_k_b_all      |                                                                      |
| s_axi_control | attn_k_b_all_2 | 0x50   | 32    | W      | Data signal of attn_k_b_all      |                                                                      |
| s_axi_control | attn_v_w_all_1 | 0x58   | 32    | W      | Data signal of attn_v_w_all      |                                                                      |
| s_axi_control | attn_v_w_all_2 | 0x5c   | 32    | W      | Data signal of attn_v_w_all      |                                                                      |
| s_axi_control | attn_v_b_all_1 | 0x64   | 32    | W      | Data signal of attn_v_b_all      |                                                                      |
| s_axi_control | attn_v_b_all_2 | 0x68   | 32    | W      | Data signal of attn_v_b_all      |                                                                      |
| s_axi_control | layer_id       | 0x70   | 32    | W      | Data signal of layer_id          |                                                                      |
+---------------+----------------+--------+-------+--------+----------------------------------+----------------------------------------------------------------------+

* AXIS
+-----------+---------------+-------+--------+--------+
| Interface | Register Mode | TDATA | TREADY | TVALID |
+-----------+---------------+-------+--------+--------+
| k_stream  | both          | 512   | 1      | 1      |
| q_stream  | both          | 512   | 1      | 1      |
| v_stream  | both          | 512   | 1      | 1      |
+-----------+---------------+-------+--------+--------+

* TOP LEVEL CONTROL
+-----------+------------+-----------+
| Interface | Type       | Ports     |
+-----------+------------+-----------+
| ap_clk    | clock      | ap_clk    |
| ap_rst_n  | reset      | ap_rst_n  |
| interrupt | interrupt  | interrupt |
| ap_ctrl   | ap_ctrl_hs |           |
+-----------+------------+-----------+


================================================================
== SW I/O Information
================================================================
* Top Function Arguments
+--------------+-----------+--------------------------+
| Argument     | Direction | Datatype                 |
+--------------+-----------+--------------------------+
| hidden_in    | in        | ap_uint<512> const *     |
| hidden_ready | in        | unsigned int const *     |
| attn_q_w_all | in        | ap_uint<512> const *     |
| attn_q_b_all | in        | ap_uint<512> const *     |
| attn_k_w_all | in        | ap_uint<512> const *     |
| attn_k_b_all | in        | ap_uint<512> const *     |
| attn_v_w_all | in        | ap_uint<512> const *     |
| attn_v_b_all | in        | ap_uint<512> const *     |
| layer_id     | in        | int                      |
| q_stream     | out       | stream<ap_uint<512>, 0>& |
| k_stream     | out       | stream<ap_uint<512>, 0>& |
| v_stream     | out       | stream<ap_uint<512>, 0>& |
+--------------+-----------+--------------------------+

* SW-to-HW Mapping
+--------------+-------------------------+-----------+----------+------------------------------------------+
| Argument     | HW Interface            | HW Type   | HW Usage | HW Info                                  |
+--------------+-------------------------+-----------+----------+------------------------------------------+
| hidden_in    | m_axi_gmem_hidden       | interface |          |                                          |
| hidden_in    | s_axi_control           | register  | offset   | name=hidden_in_1 offset=0x10 range=32    |
| hidden_in    | s_axi_control           | register  | offset   | name=hidden_in_2 offset=0x14 range=32    |
| hidden_ready | m_axi_gmem_hidden_ready | interface |          |                                          |
| hidden_ready | s_axi_control           | register  | offset   | name=hidden_ready_1 offset=0x1c range=32 |
| hidden_ready | s_axi_control           | register  | offset   | name=hidden_ready_2 offset=0x20 range=32 |
| attn_q_w_all | m_axi_gmem_q            | interface |          |                                          |
| attn_q_w_all | s_axi_control           | register  | offset   | name=attn_q_w_all_1 offset=0x28 range=32 |
| attn_q_w_all | s_axi_control           | register  | offset   | name=attn_q_w_all_2 offset=0x2c range=32 |
| attn_q_b_all | m_axi_gmem_q            | interface |          |                                          |
| attn_q_b_all | s_axi_control           | register  | offset   | name=attn_q_b_all_1 offset=0x34 range=32 |
| attn_q_b_all | s_axi_control           | register  | offset   | name=attn_q_b_all_2 offset=0x38 range=32 |
| attn_k_w_all | m_axi_gmem_k            | interface |          |                                          |
| attn_k_w_all | s_axi_control           | register  | offset   | name=attn_k_w_all_1 offset=0x40 range=32 |
| attn_k_w_all | s_axi_control           | register  | offset   | name=attn_k_w_all_2 offset=0x44 range=32 |
| attn_k_b_all | m_axi_gmem_k            | interface |          |                                          |
| attn_k_b_all | s_axi_control           | register  | offset   | name=attn_k_b_all_1 offset=0x4c range=32 |
| attn_k_b_all | s_axi_control           | register  | offset   | name=attn_k_b_all_2 offset=0x50 range=32 |
| attn_v_w_all | m_axi_gmem_v            | interface |          |                                          |
| attn_v_w_all | s_axi_control           | register  | offset   | name=attn_v_w_all_1 offset=0x58 range=32 |
| attn_v_w_all | s_axi_control           | register  | offset   | name=attn_v_w_all_2 offset=0x5c range=32 |
| attn_v_b_all | m_axi_gmem_v            | interface |          |                                          |
| attn_v_b_all | s_axi_control           | register  | offset   | name=attn_v_b_all_1 offset=0x64 range=32 |
| attn_v_b_all | s_axi_control           | register  | offset   | name=attn_v_b_all_2 offset=0x68 range=32 |
| layer_id     | s_axi_control           | register  |          | name=layer_id offset=0x70 range=32       |
| q_stream     | q_stream                | interface |          |                                          |
| k_stream     | k_stream                | interface |          |                                          |
| v_stream     | v_stream                | interface |          |                                          |
+--------------+-------------------------+-----------+----------+------------------------------------------+


================================================================
== M_AXI Burst Information
================================================================
 Note: All burst requests might be further partitioned into multiple requests during RTL generation based on max_read_burst_length or max_write_burst_length settings.

* Inferred Burst Summary
+-------------------+------------------+-----------+--------+-------+------------------------------------------------------+
| HW Interface      | Loop             | Direction | Length | Width | Location                                             |
+-------------------+------------------+-----------+--------+-------+------------------------------------------------------+
| m_axi_gmem_hidden | LOAD_HIDDEN_ROW  | read      | 6144   | 512   | /home/minhphat/att/kernels/bert_qkv_kernel.cpp:65:5  |
| m_axi_gmem_q      | LOAD_BIAS_PACK   | read      | 4      | 512   | /home/minhphat/att/kernels/bert_qkv_kernel.cpp:92:5  |
| m_axi_gmem_k      | LOAD_BIAS_PACK   | read      | 4      | 512   | /home/minhphat/att/kernels/bert_qkv_kernel.cpp:92:5  |
| m_axi_gmem_v      | LOAD_BIAS_PACK   | read      | 4      | 512   | /home/minhphat/att/kernels/bert_qkv_kernel.cpp:92:5  |
| m_axi_gmem_q      | LOAD_WEIGHT_PACK | read      | 3072   | 512   | /home/minhphat/att/kernels/bert_qkv_kernel.cpp:125:5 |
| m_axi_gmem_k      | LOAD_WEIGHT_PACK | read      | 3072   | 512   | /home/minhphat/att/kernels/bert_qkv_kernel.cpp:125:5 |
| m_axi_gmem_v      | LOAD_WEIGHT_PACK | read      | 3072   | 512   | /home/minhphat/att/kernels/bert_qkv_kernel.cpp:125:5 |
+-------------------+------------------+-----------+--------+-------+------------------------------------------------------+

* Inferred Bursts and Widening Missed
+-------------------+-----------+--------------------+--------------------------------------------------------------------------------------------------------+------------+------------------------------------------------------+
| HW Interface      | Variable  | Loop               | Problem                                                                                                | Resolution | Location                                             |
+-------------------+-----------+--------------------+--------------------------------------------------------------------------------------------------------+------------+------------------------------------------------------+
| m_axi_gmem_q      | q_bias    | LOAD_BIAS_PACK     | Could not widen since type i512 size is greater than or equal to the max_widen_bitwidth threshold of 0 | 214-353    | /home/minhphat/att/kernels/bert_qkv_kernel.cpp:92:5  |
| m_axi_gmem_k      | k_bias    | LOAD_BIAS_PACK     | Could not widen since type i512 size is greater than or equal to the max_widen_bitwidth threshold of 0 | 214-353    | /home/minhphat/att/kernels/bert_qkv_kernel.cpp:92:5  |
| m_axi_gmem_v      | v_bias    | LOAD_BIAS_PACK     | Could not widen since type i512 size is greater than or equal to the max_widen_bitwidth threshold of 0 | 214-353    | /home/minhphat/att/kernels/bert_qkv_kernel.cpp:92:5  |
| m_axi_gmem_q      | q_weight  | LOAD_WEIGHT_OUTPUT | Could not widen since type i512 size is greater than or equal to the max_widen_bitwidth threshold of 0 | 214-353    | /home/minhphat/att/kernels/bert_qkv_kernel.cpp:127:9 |
| m_axi_gmem_k      | k_weight  | LOAD_WEIGHT_OUTPUT | Could not widen since type i512 size is greater than or equal to the max_widen_bitwidth threshold of 0 | 214-353    | /home/minhphat/att/kernels/bert_qkv_kernel.cpp:127:9 |
| m_axi_gmem_v      | v_weight  | LOAD_WEIGHT_OUTPUT | Could not widen since type i512 size is greater than or equal to the max_widen_bitwidth threshold of 0 | 214-353    | /home/minhphat/att/kernels/bert_qkv_kernel.cpp:127:9 |
| m_axi_gmem_hidden | hidden_in | LOAD_HIDDEN_PACK   | Could not widen since type i512 size is greater than or equal to the max_widen_bitwidth threshold of 0 | 214-353    | /home/minhphat/att/kernels/bert_qkv_kernel.cpp:67:9  |
+-------------------+-----------+--------------------+--------------------------------------------------------------------------------------------------------+------------+------------------------------------------------------+

    * Resolution URL: www.xilinx.com/cgi-bin/docs/rdoc?v=2022.1;t=hls+guidance;d=XXX-YYY.html (replace XXX-YYY with column value)

================================================================
== Bind Op Report
================================================================
+------------------------------------------------------------------------+-----+--------+------------------+------+---------+---------+
| Name                                                                   | DSP | Pragma | Variable         | Op   | Impl    | Latency |
+------------------------------------------------------------------------+-----+--------+------------------+------+---------+---------+
| + bert_qkv_kernel                                                      | 960 |        |                  |      |         |         |
|   weight_offset_fu_323_p2                                              | -   |        | weight_offset    | add  | fabric  | 0       |
|   bias_offset_fu_339_p2                                                | -   |        | bias_offset      | sub  | fabric  | 0       |
|   empty_54_fu_357_p2                                                   | -   |        | empty_54         | add  | fabric  | 0       |
|   empty_55_fu_374_p2                                                   | -   |        | empty_55         | add  | fabric  | 0       |
|   empty_56_fu_379_p2                                                   | -   |        | empty_56         | add  | fabric  | 0       |
|   empty_57_fu_384_p2                                                   | -   |        | empty_57         | add  | fabric  | 0       |
|   empty_58_fu_389_p2                                                   | -   |        | empty_58         | add  | fabric  | 0       |
|   empty_59_fu_394_p2                                                   | -   |        | empty_59         | add  | fabric  | 0       |
|   group_2_fu_417_p2                                                    | -   |        | group_2          | add  | fabric  | 0       |
|  + load_hidden_matrix                                                  | 0   |        |                  |      |         |         |
|   + load_hidden_matrix_Pipeline_LOAD_HIDDEN_ROW_LOAD_HIDDEN_PACK       | 0   |        |                  |      |         |         |
|     add_ln65_1_fu_164_p2                                               | -   |        | add_ln65_1       | add  | fabric  | 0       |
|     add_ln65_fu_176_p2                                                 | -   |        | add_ln65         | add  | fabric  | 0       |
|     sub_ln75_fu_228_p2                                                 | -   |        | sub_ln75         | sub  | fabric  | 0       |
|     add_ln75_fu_272_p2                                                 | -   |        | add_ln75         | add  | fabric  | 0       |
|     add_ln75_1_fu_291_p2                                               | -   |        | add_ln75_1       | add  | fabric  | 0       |
|     add_ln67_fu_234_p2                                                 | -   |        | add_ln67         | add  | fabric  | 0       |
|  + project_qkv_group                                                   | 960 |        |                  |      |         |         |
|    add_ln189_1_fu_11213_p2                                             | -   |        | add_ln189_1      | add  | fabric  | 0       |
|    add_ln189_fu_11219_p2                                               | -   |        | add_ln189        | add  | fabric  | 0       |
|    sub_ln240_fu_11279_p2                                               | -   |        | sub_ln240        | sub  | fabric  | 0       |
|    sub_ln241_fu_11315_p2                                               | -   |        | sub_ln241        | sub  | fabric  | 0       |
|    add_ln191_fu_11321_p2                                               | -   |        | add_ln191        | add  | fabric  | 0       |
|    add_ln191_1_fu_11327_p2                                             | -   |        | add_ln191_1      | add  | fabric  | 0       |
|    add_ln182_fu_11333_p2                                               | -   |        | add_ln182        | add  | fabric  | 0       |
|   + load_qkv_bias64                                                    | 0   |        |                  |      |         |         |
|     add_ln92_fu_236_p2                                                 | -   |        | add_ln92         | add  | fabric  | 0       |
|     add_ln92_1_fu_252_p2                                               | -   |        | add_ln92_1       | add  | fabric  | 0       |
|     add_ln92_2_fu_268_p2                                               | -   |        | add_ln92_2       | add  | fabric  | 0       |
|    + load_qkv_bias64_Pipeline_LOAD_BIAS_PACK                           | 0   |        |                  |      |         |         |
|      add_ln92_fu_831_p2                                                | -   |        | add_ln92         | add  | fabric  | 0       |
|   + load_qkv_weight_tile                                               | 0   |        |                  |      |         |         |
|     sub_ln125_fu_922_p2                                                | -   |        | sub_ln125        | sub  | fabric  | 0       |
|     add_ln125_fu_940_p2                                                | -   |        | add_ln125        | add  | fabric  | 0       |
|     add_ln125_1_fu_956_p2                                              | -   |        | add_ln125_1      | add  | fabric  | 0       |
|     add_ln125_2_fu_972_p2                                              | -   |        | add_ln125_2      | add  | fabric  | 0       |
|    + load_qkv_weight_tile_Pipeline_LOAD_WEIGHT_PACK_LOAD_WEIGHT_OUTPUT | 0   |        |                  |      |         |         |
|      add_ln125_fu_5498_p2                                              | -   |        | add_ln125        | add  | fabric  | 0       |
|      add_ln125_1_fu_5506_p2                                            | -   |        | add_ln125_1      | add  | fabric  | 0       |
|      sub_ln137_fu_5541_p2                                              | -   |        | sub_ln137        | sub  | fabric  | 0       |
|      add_ln137_fu_6047_p2                                              | -   |        | add_ln137        | add  | fabric  | 0       |
|      add_ln137_1_fu_6248_p2                                            | -   |        | add_ln137_1      | add  | fabric  | 0       |
|      add_ln127_fu_5995_p2                                              | -   |        | add_ln127        | add  | fabric  | 0       |
|   + project_qkv_group_Pipeline_PROJECT_INPUT_STEP                      | 576 |        |                  |      |         |         |
|     step_2_fu_32197_p2                                                 | -   |        | step_2           | add  | fabric  | 0       |
|     add_ln240_fu_32211_p2                                              | -   |        | add_ln240        | add  | fabric  | 0       |
|     add_ln241_fu_32222_p2                                              | -   |        | add_ln241        | add  | fabric  | 0       |
|     fmul_32ns_32ns_32_4_max_dsp_1_U657                                 | 3   |        | value_assign     | fmul | maxdsp  | 3       |
|     fmul_32ns_32ns_32_4_max_dsp_1_U658                                 | 3   |        | value_assign_1   | fmul | maxdsp  | 3       |
|     fmul_32ns_32ns_32_4_max_dsp_1_U659                                 | 3   |        | vproduct_1       | fmul | maxdsp  | 3       |
|     fadd_32ns_32ns_32_5_no_dsp_1_U656                                  | -   |        | updated          | fadd | fabric  | 4       |
|     fmul_32ns_32ns_32_4_max_dsp_1_U660                                 | 3   |        | value_assign_3   | fmul | maxdsp  | 3       |
|     fmul_32ns_32ns_32_4_max_dsp_1_U661                                 | 3   |        | value_assign_4   | fmul | maxdsp  | 3       |
|     fmul_32ns_32ns_32_4_max_dsp_1_U662                                 | 3   |        | vproduct_2       | fmul | maxdsp  | 3       |
|     fmul_32ns_32ns_32_4_max_dsp_1_U663                                 | 3   |        | value_assign_6   | fmul | maxdsp  | 3       |
|     fmul_32ns_32ns_32_4_max_dsp_1_U664                                 | 3   |        | value_assign_7   | fmul | maxdsp  | 3       |
|     fmul_32ns_32ns_32_4_max_dsp_1_U665                                 | 3   |        | vproduct_3       | fmul | maxdsp  | 3       |
|     fmul_32ns_32ns_32_4_max_dsp_1_U666                                 | 3   |        | value_assign_9   | fmul | maxdsp  | 3       |
|     fmul_32ns_32ns_32_4_max_dsp_1_U667                                 | 3   |        | value_assign_s   | fmul | maxdsp  | 3       |
|     fmul_32ns_32ns_32_4_max_dsp_1_U668                                 | 3   |        | vproduct_4       | fmul | maxdsp  | 3       |
|     fmul_32ns_32ns_32_4_max_dsp_1_U669                                 | 3   |        | value_assign_2   | fmul | maxdsp  | 3       |
|     fmul_32ns_32ns_32_4_max_dsp_1_U670                                 | 3   |        | value_assign_5   | fmul | maxdsp  | 3       |
|     fmul_32ns_32ns_32_4_max_dsp_1_U671                                 | 3   |        | vproduct_5       | fmul | maxdsp  | 3       |
|     fmul_32ns_32ns_32_4_max_dsp_1_U672                                 | 3   |        | value_assign_8   | fmul | maxdsp  | 3       |
|     fmul_32ns_32ns_32_4_max_dsp_1_U673                                 | 3   |        | value_assign_10  | fmul | maxdsp  | 3       |
|     fmul_32ns_32ns_32_4_max_dsp_1_U674                                 | 3   |        | vproduct_6       | fmul | maxdsp  | 3       |
|     fmul_32ns_32ns_32_4_max_dsp_1_U675                                 | 3   |        | value_assign_11  | fmul | maxdsp  | 3       |
|     fmul_32ns_32ns_32_4_max_dsp_1_U676                                 | 3   |        | value_assign_12  | fmul | maxdsp  | 3       |
|     fmul_32ns_32ns_32_4_max_dsp_1_U677                                 | 3   |        | vproduct_7       | fmul | maxdsp  | 3       |
|     fmul_32ns_32ns_32_4_max_dsp_1_U678                                 | 3   |        | value_assign_13  | fmul | maxdsp  | 3       |
|     fmul_32ns_32ns_32_4_max_dsp_1_U679                                 | 3   |        | value_assign_14  | fmul | maxdsp  | 3       |
|     fmul_32ns_32ns_32_4_max_dsp_1_U680                                 | 3   |        | vproduct_8       | fmul | maxdsp  | 3       |
|     fmul_32ns_32ns_32_4_max_dsp_1_U681                                 | 3   |        | value_assign_15  | fmul | maxdsp  | 3       |
|     fmul_32ns_32ns_32_4_max_dsp_1_U682                                 | 3   |        | value_assign_16  | fmul | maxdsp  | 3       |
|     fmul_32ns_32ns_32_4_max_dsp_1_U683                                 | 3   |        | vproduct_9       | fmul | maxdsp  | 3       |
|     fmul_32ns_32ns_32_4_max_dsp_1_U684                                 | 3   |        | value_assign_17  | fmul | maxdsp  | 3       |
|     fmul_32ns_32ns_32_4_max_dsp_1_U685                                 | 3   |        | value_assign_18  | fmul | maxdsp  | 3       |
|     fmul_32ns_32ns_32_4_max_dsp_1_U686                                 | 3   |        | vproduct_10      | fmul | maxdsp  | 3       |
|     fmul_32ns_32ns_32_4_max_dsp_1_U687                                 | 3   |        | value_assign_19  | fmul | maxdsp  | 3       |
|     fmul_32ns_32ns_32_4_max_dsp_1_U688                                 | 3   |        | value_assign_20  | fmul | maxdsp  | 3       |
|     fmul_32ns_32ns_32_4_max_dsp_1_U689                                 | 3   |        | vproduct_11      | fmul | maxdsp  | 3       |
|     fmul_32ns_32ns_32_4_max_dsp_1_U690                                 | 3   |        | value_assign_21  | fmul | maxdsp  | 3       |
|     fmul_32ns_32ns_32_4_max_dsp_1_U691                                 | 3   |        | value_assign_22  | fmul | maxdsp  | 3       |
|     fmul_32ns_32ns_32_4_max_dsp_1_U692                                 | 3   |        | vproduct_12      | fmul | maxdsp  | 3       |
|     fmul_32ns_32ns_32_4_max_dsp_1_U693                                 | 3   |        | value_assign_23  | fmul | maxdsp  | 3       |
|     fmul_32ns_32ns_32_4_max_dsp_1_U694                                 | 3   |        | value_assign_24  | fmul | maxdsp  | 3       |
|     fmul_32ns_32ns_32_4_max_dsp_1_U695                                 | 3   |        | vproduct_13      | fmul | maxdsp  | 3       |
|     fmul_32ns_32ns_32_4_max_dsp_1_U696                                 | 3   |        | value_assign_25  | fmul | maxdsp  | 3       |
|     fmul_32ns_32ns_32_4_max_dsp_1_U697                                 | 3   |        | value_assign_26  | fmul | maxdsp  | 3       |
|     fmul_32ns_32ns_32_4_max_dsp_1_U698                                 | 3   |        | vproduct_14      | fmul | maxdsp  | 3       |
|     fmul_32ns_32ns_32_4_max_dsp_1_U699                                 | 3   |        | value_assign_27  | fmul | maxdsp  | 3       |
|     fmul_32ns_32ns_32_4_max_dsp_1_U700                                 | 3   |        | value_assign_28  | fmul | maxdsp  | 3       |
|     fmul_32ns_32ns_32_4_max_dsp_1_U701                                 | 3   |        | vproduct_15      | fmul | maxdsp  | 3       |
|     fmul_32ns_32ns_32_4_max_dsp_1_U702                                 | 3   |        | value_assign_29  | fmul | maxdsp  | 3       |
|     fmul_32ns_32ns_32_4_max_dsp_1_U703                                 | 3   |        | value_assign_30  | fmul | maxdsp  | 3       |
|     fmul_32ns_32ns_32_4_max_dsp_1_U704                                 | 3   |        | vproduct_16      | fmul | maxdsp  | 3       |
|     fmul_32ns_32ns_32_4_max_dsp_1_U705                                 | 3   |        | value_assign_31  | fmul | maxdsp  | 3       |
|     fmul_32ns_32ns_32_4_max_dsp_1_U706                                 | 3   |        | value_assign_32  | fmul | maxdsp  | 3       |
|     fmul_32ns_32ns_32_4_max_dsp_1_U707                                 | 3   |        | vproduct_17      | fmul | maxdsp  | 3       |
|     fmul_32ns_32ns_32_4_max_dsp_1_U708                                 | 3   |        | value_assign_33  | fmul | maxdsp  | 3       |
|     fmul_32ns_32ns_32_4_max_dsp_1_U709                                 | 3   |        | value_assign_34  | fmul | maxdsp  | 3       |
|     fmul_32ns_32ns_32_4_max_dsp_1_U710                                 | 3   |        | vproduct_18      | fmul | maxdsp  | 3       |
|     fmul_32ns_32ns_32_4_max_dsp_1_U711                                 | 3   |        | value_assign_35  | fmul | maxdsp  | 3       |
|     fmul_32ns_32ns_32_4_max_dsp_1_U712                                 | 3   |        | value_assign_36  | fmul | maxdsp  | 3       |
|     fmul_32ns_32ns_32_4_max_dsp_1_U713                                 | 3   |        | vproduct_19      | fmul | maxdsp  | 3       |
|     fmul_32ns_32ns_32_4_max_dsp_1_U714                                 | 3   |        | value_assign_37  | fmul | maxdsp  | 3       |
|     fmul_32ns_32ns_32_4_max_dsp_1_U715                                 | 3   |        | value_assign_38  | fmul | maxdsp  | 3       |
|     fmul_32ns_32ns_32_4_max_dsp_1_U716                                 | 3   |        | vproduct_20      | fmul | maxdsp  | 3       |
|     fmul_32ns_32ns_32_4_max_dsp_1_U717                                 | 3   |        | value_assign_39  | fmul | maxdsp  | 3       |
|     fmul_32ns_32ns_32_4_max_dsp_1_U718                                 | 3   |        | value_assign_40  | fmul | maxdsp  | 3       |
|     fmul_32ns_32ns_32_4_max_dsp_1_U719                                 | 3   |        | vproduct_21      | fmul | maxdsp  | 3       |
|     fmul_32ns_32ns_32_4_max_dsp_1_U720                                 | 3   |        | value_assign_41  | fmul | maxdsp  | 3       |
|     fmul_32ns_32ns_32_4_max_dsp_1_U721                                 | 3   |        | value_assign_42  | fmul | maxdsp  | 3       |
|     fmul_32ns_32ns_32_4_max_dsp_1_U722                                 | 3   |        | vproduct_22      | fmul | maxdsp  | 3       |
|     fmul_32ns_32ns_32_4_max_dsp_1_U723                                 | 3   |        | value_assign_43  | fmul | maxdsp  | 3       |
|     fmul_32ns_32ns_32_4_max_dsp_1_U724                                 | 3   |        | value_assign_44  | fmul | maxdsp  | 3       |
|     fmul_32ns_32ns_32_4_max_dsp_1_U725                                 | 3   |        | vproduct_23      | fmul | maxdsp  | 3       |
|     fmul_32ns_32ns_32_4_max_dsp_1_U726                                 | 3   |        | value_assign_45  | fmul | maxdsp  | 3       |
|     fmul_32ns_32ns_32_4_max_dsp_1_U727                                 | 3   |        | value_assign_46  | fmul | maxdsp  | 3       |
|     fmul_32ns_32ns_32_4_max_dsp_1_U728                                 | 3   |        | vproduct_24      | fmul | maxdsp  | 3       |
|     fmul_32ns_32ns_32_4_max_dsp_1_U729                                 | 3   |        | value_assign_47  | fmul | maxdsp  | 3       |
|     fmul_32ns_32ns_32_4_max_dsp_1_U730                                 | 3   |        | value_assign_48  | fmul | maxdsp  | 3       |
|     fmul_32ns_32ns_32_4_max_dsp_1_U731                                 | 3   |        | vproduct_25      | fmul | maxdsp  | 3       |
|     fmul_32ns_32ns_32_4_max_dsp_1_U732                                 | 3   |        | value_assign_49  | fmul | maxdsp  | 3       |
|     fmul_32ns_32ns_32_4_max_dsp_1_U733                                 | 3   |        | value_assign_50  | fmul | maxdsp  | 3       |
|     fmul_32ns_32ns_32_4_max_dsp_1_U734                                 | 3   |        | vproduct_26      | fmul | maxdsp  | 3       |
|     fmul_32ns_32ns_32_4_max_dsp_1_U735                                 | 3   |        | value_assign_51  | fmul | maxdsp  | 3       |
|     fmul_32ns_32ns_32_4_max_dsp_1_U736                                 | 3   |        | value_assign_52  | fmul | maxdsp  | 3       |
|     fmul_32ns_32ns_32_4_max_dsp_1_U737                                 | 3   |        | vproduct_27      | fmul | maxdsp  | 3       |
|     fmul_32ns_32ns_32_4_max_dsp_1_U738                                 | 3   |        | value_assign_53  | fmul | maxdsp  | 3       |
|     fmul_32ns_32ns_32_4_max_dsp_1_U739                                 | 3   |        | value_assign_54  | fmul | maxdsp  | 3       |
|     fmul_32ns_32ns_32_4_max_dsp_1_U740                                 | 3   |        | vproduct_28      | fmul | maxdsp  | 3       |
|     fmul_32ns_32ns_32_4_max_dsp_1_U741                                 | 3   |        | value_assign_55  | fmul | maxdsp  | 3       |
|     fmul_32ns_32ns_32_4_max_dsp_1_U742                                 | 3   |        | value_assign_56  | fmul | maxdsp  | 3       |
|     fmul_32ns_32ns_32_4_max_dsp_1_U743                                 | 3   |        | vproduct_29      | fmul | maxdsp  | 3       |
|     fmul_32ns_32ns_32_4_max_dsp_1_U744                                 | 3   |        | value_assign_57  | fmul | maxdsp  | 3       |
|     fmul_32ns_32ns_32_4_max_dsp_1_U745                                 | 3   |        | value_assign_58  | fmul | maxdsp  | 3       |
|     fmul_32ns_32ns_32_4_max_dsp_1_U746                                 | 3   |        | vproduct_30      | fmul | maxdsp  | 3       |
|     fmul_32ns_32ns_32_4_max_dsp_1_U747                                 | 3   |        | value_assign_59  | fmul | maxdsp  | 3       |
|     fmul_32ns_32ns_32_4_max_dsp_1_U748                                 | 3   |        | value_assign_60  | fmul | maxdsp  | 3       |
|     fmul_32ns_32ns_32_4_max_dsp_1_U749                                 | 3   |        | vproduct_31      | fmul | maxdsp  | 3       |
|     fmul_32ns_32ns_32_4_max_dsp_1_U750                                 | 3   |        | value_assign_61  | fmul | maxdsp  | 3       |
|     fmul_32ns_32ns_32_4_max_dsp_1_U751                                 | 3   |        | value_assign_62  | fmul | maxdsp  | 3       |
|     fmul_32ns_32ns_32_4_max_dsp_1_U752                                 | 3   |        | vproduct_32      | fmul | maxdsp  | 3       |
|     fmul_32ns_32ns_32_4_max_dsp_1_U753                                 | 3   |        | value_assign_63  | fmul | maxdsp  | 3       |
|     fmul_32ns_32ns_32_4_max_dsp_1_U754                                 | 3   |        | value_assign_64  | fmul | maxdsp  | 3       |
|     fmul_32ns_32ns_32_4_max_dsp_1_U755                                 | 3   |        | vproduct_33      | fmul | maxdsp  | 3       |
|     fmul_32ns_32ns_32_4_max_dsp_1_U756                                 | 3   |        | value_assign_65  | fmul | maxdsp  | 3       |
|     fmul_32ns_32ns_32_4_max_dsp_1_U757                                 | 3   |        | value_assign_66  | fmul | maxdsp  | 3       |
|     fmul_32ns_32ns_32_4_max_dsp_1_U758                                 | 3   |        | vproduct_34      | fmul | maxdsp  | 3       |
|     fmul_32ns_32ns_32_4_max_dsp_1_U759                                 | 3   |        | value_assign_67  | fmul | maxdsp  | 3       |
|     fmul_32ns_32ns_32_4_max_dsp_1_U760                                 | 3   |        | value_assign_68  | fmul | maxdsp  | 3       |
|     fmul_32ns_32ns_32_4_max_dsp_1_U761                                 | 3   |        | vproduct_35      | fmul | maxdsp  | 3       |
|     fmul_32ns_32ns_32_4_max_dsp_1_U762                                 | 3   |        | value_assign_69  | fmul | maxdsp  | 3       |
|     fmul_32ns_32ns_32_4_max_dsp_1_U763                                 | 3   |        | value_assign_70  | fmul | maxdsp  | 3       |
|     fmul_32ns_32ns_32_4_max_dsp_1_U764                                 | 3   |        | vproduct_36      | fmul | maxdsp  | 3       |
|     fmul_32ns_32ns_32_4_max_dsp_1_U765                                 | 3   |        | value_assign_71  | fmul | maxdsp  | 3       |
|     fmul_32ns_32ns_32_4_max_dsp_1_U766                                 | 3   |        | value_assign_72  | fmul | maxdsp  | 3       |
|     fmul_32ns_32ns_32_4_max_dsp_1_U767                                 | 3   |        | vproduct_37      | fmul | maxdsp  | 3       |
|     fmul_32ns_32ns_32_4_max_dsp_1_U768                                 | 3   |        | value_assign_73  | fmul | maxdsp  | 3       |
|     fmul_32ns_32ns_32_4_max_dsp_1_U769                                 | 3   |        | value_assign_74  | fmul | maxdsp  | 3       |
|     fmul_32ns_32ns_32_4_max_dsp_1_U770                                 | 3   |        | vproduct_38      | fmul | maxdsp  | 3       |
|     fmul_32ns_32ns_32_4_max_dsp_1_U771                                 | 3   |        | value_assign_75  | fmul | maxdsp  | 3       |
|     fmul_32ns_32ns_32_4_max_dsp_1_U772                                 | 3   |        | value_assign_76  | fmul | maxdsp  | 3       |
|     fmul_32ns_32ns_32_4_max_dsp_1_U773                                 | 3   |        | vproduct_39      | fmul | maxdsp  | 3       |
|     fmul_32ns_32ns_32_4_max_dsp_1_U774                                 | 3   |        | value_assign_77  | fmul | maxdsp  | 3       |
|     fmul_32ns_32ns_32_4_max_dsp_1_U775                                 | 3   |        | value_assign_78  | fmul | maxdsp  | 3       |
|     fmul_32ns_32ns_32_4_max_dsp_1_U776                                 | 3   |        | vproduct_40      | fmul | maxdsp  | 3       |
|     fmul_32ns_32ns_32_4_max_dsp_1_U777                                 | 3   |        | value_assign_79  | fmul | maxdsp  | 3       |
|     fmul_32ns_32ns_32_4_max_dsp_1_U778                                 | 3   |        | value_assign_80  | fmul | maxdsp  | 3       |
|     fmul_32ns_32ns_32_4_max_dsp_1_U779                                 | 3   |        | vproduct_41      | fmul | maxdsp  | 3       |
|     fmul_32ns_32ns_32_4_max_dsp_1_U780                                 | 3   |        | value_assign_81  | fmul | maxdsp  | 3       |
|     fmul_32ns_32ns_32_4_max_dsp_1_U781                                 | 3   |        | value_assign_82  | fmul | maxdsp  | 3       |
|     fmul_32ns_32ns_32_4_max_dsp_1_U782                                 | 3   |        | vproduct_42      | fmul | maxdsp  | 3       |
|     fmul_32ns_32ns_32_4_max_dsp_1_U783                                 | 3   |        | value_assign_83  | fmul | maxdsp  | 3       |
|     fmul_32ns_32ns_32_4_max_dsp_1_U784                                 | 3   |        | value_assign_84  | fmul | maxdsp  | 3       |
|     fmul_32ns_32ns_32_4_max_dsp_1_U785                                 | 3   |        | vproduct_43      | fmul | maxdsp  | 3       |
|     fmul_32ns_32ns_32_4_max_dsp_1_U786                                 | 3   |        | value_assign_85  | fmul | maxdsp  | 3       |
|     fmul_32ns_32ns_32_4_max_dsp_1_U787                                 | 3   |        | value_assign_86  | fmul | maxdsp  | 3       |
|     fmul_32ns_32ns_32_4_max_dsp_1_U788                                 | 3   |        | vproduct_44      | fmul | maxdsp  | 3       |
|     fmul_32ns_32ns_32_4_max_dsp_1_U789                                 | 3   |        | value_assign_87  | fmul | maxdsp  | 3       |
|     fmul_32ns_32ns_32_4_max_dsp_1_U790                                 | 3   |        | value_assign_88  | fmul | maxdsp  | 3       |
|     fmul_32ns_32ns_32_4_max_dsp_1_U791                                 | 3   |        | vproduct_45      | fmul | maxdsp  | 3       |
|     fmul_32ns_32ns_32_4_max_dsp_1_U792                                 | 3   |        | value_assign_89  | fmul | maxdsp  | 3       |
|     fmul_32ns_32ns_32_4_max_dsp_1_U793                                 | 3   |        | value_assign_90  | fmul | maxdsp  | 3       |
|     fmul_32ns_32ns_32_4_max_dsp_1_U794                                 | 3   |        | vproduct_46      | fmul | maxdsp  | 3       |
|     fmul_32ns_32ns_32_4_max_dsp_1_U795                                 | 3   |        | value_assign_91  | fmul | maxdsp  | 3       |
|     fmul_32ns_32ns_32_4_max_dsp_1_U796                                 | 3   |        | value_assign_92  | fmul | maxdsp  | 3       |
|     fmul_32ns_32ns_32_4_max_dsp_1_U797                                 | 3   |        | vproduct_47      | fmul | maxdsp  | 3       |
|     fmul_32ns_32ns_32_4_max_dsp_1_U798                                 | 3   |        | value_assign_93  | fmul | maxdsp  | 3       |
|     fmul_32ns_32ns_32_4_max_dsp_1_U799                                 | 3   |        | value_assign_94  | fmul | maxdsp  | 3       |
|     fmul_32ns_32ns_32_4_max_dsp_1_U800                                 | 3   |        | vproduct_48      | fmul | maxdsp  | 3       |
|     fmul_32ns_32ns_32_4_max_dsp_1_U801                                 | 3   |        | value_assign_95  | fmul | maxdsp  | 3       |
|     fmul_32ns_32ns_32_4_max_dsp_1_U802                                 | 3   |        | value_assign_96  | fmul | maxdsp  | 3       |
|     fmul_32ns_32ns_32_4_max_dsp_1_U803                                 | 3   |        | vproduct_49      | fmul | maxdsp  | 3       |
|     fmul_32ns_32ns_32_4_max_dsp_1_U804                                 | 3   |        | value_assign_97  | fmul | maxdsp  | 3       |
|     fmul_32ns_32ns_32_4_max_dsp_1_U805                                 | 3   |        | value_assign_98  | fmul | maxdsp  | 3       |
|     fmul_32ns_32ns_32_4_max_dsp_1_U806                                 | 3   |        | vproduct_50      | fmul | maxdsp  | 3       |
|     fmul_32ns_32ns_32_4_max_dsp_1_U807                                 | 3   |        | value_assign_99  | fmul | maxdsp  | 3       |
|     fmul_32ns_32ns_32_4_max_dsp_1_U808                                 | 3   |        | value_assign_100 | fmul | maxdsp  | 3       |
|     fmul_32ns_32ns_32_4_max_dsp_1_U809                                 | 3   |        | vproduct_51      | fmul | maxdsp  | 3       |
|     fmul_32ns_32ns_32_4_max_dsp_1_U810                                 | 3   |        | value_assign_101 | fmul | maxdsp  | 3       |
|     fmul_32ns_32ns_32_4_max_dsp_1_U811                                 | 3   |        | value_assign_102 | fmul | maxdsp  | 3       |
|     fmul_32ns_32ns_32_4_max_dsp_1_U812                                 | 3   |        | vproduct_52      | fmul | maxdsp  | 3       |
|     fmul_32ns_32ns_32_4_max_dsp_1_U813                                 | 3   |        | value_assign_103 | fmul | maxdsp  | 3       |
|     fmul_32ns_32ns_32_4_max_dsp_1_U814                                 | 3   |        | value_assign_104 | fmul | maxdsp  | 3       |
|     fmul_32ns_32ns_32_4_max_dsp_1_U815                                 | 3   |        | vproduct_53      | fmul | maxdsp  | 3       |
|     fmul_32ns_32ns_32_4_max_dsp_1_U816                                 | 3   |        | value_assign_105 | fmul | maxdsp  | 3       |
|     fmul_32ns_32ns_32_4_max_dsp_1_U817                                 | 3   |        | value_assign_106 | fmul | maxdsp  | 3       |
|     fmul_32ns_32ns_32_4_max_dsp_1_U818                                 | 3   |        | vproduct_54      | fmul | maxdsp  | 3       |
|     fmul_32ns_32ns_32_4_max_dsp_1_U819                                 | 3   |        | value_assign_107 | fmul | maxdsp  | 3       |
|     fmul_32ns_32ns_32_4_max_dsp_1_U820                                 | 3   |        | value_assign_108 | fmul | maxdsp  | 3       |
|     fmul_32ns_32ns_32_4_max_dsp_1_U821                                 | 3   |        | vproduct_55      | fmul | maxdsp  | 3       |
|     fmul_32ns_32ns_32_4_max_dsp_1_U822                                 | 3   |        | value_assign_109 | fmul | maxdsp  | 3       |
|     fmul_32ns_32ns_32_4_max_dsp_1_U823                                 | 3   |        | value_assign_110 | fmul | maxdsp  | 3       |
|     fmul_32ns_32ns_32_4_max_dsp_1_U824                                 | 3   |        | vproduct_56      | fmul | maxdsp  | 3       |
|     fmul_32ns_32ns_32_4_max_dsp_1_U825                                 | 3   |        | value_assign_111 | fmul | maxdsp  | 3       |
|     fmul_32ns_32ns_32_4_max_dsp_1_U826                                 | 3   |        | value_assign_112 | fmul | maxdsp  | 3       |
|     fmul_32ns_32ns_32_4_max_dsp_1_U827                                 | 3   |        | vproduct_57      | fmul | maxdsp  | 3       |
|     fmul_32ns_32ns_32_4_max_dsp_1_U828                                 | 3   |        | value_assign_113 | fmul | maxdsp  | 3       |
|     fmul_32ns_32ns_32_4_max_dsp_1_U829                                 | 3   |        | value_assign_114 | fmul | maxdsp  | 3       |
|     fmul_32ns_32ns_32_4_max_dsp_1_U830                                 | 3   |        | vproduct_58      | fmul | maxdsp  | 3       |
|     fmul_32ns_32ns_32_4_max_dsp_1_U831                                 | 3   |        | value_assign_115 | fmul | maxdsp  | 3       |
|     fmul_32ns_32ns_32_4_max_dsp_1_U832                                 | 3   |        | value_assign_116 | fmul | maxdsp  | 3       |
|     fmul_32ns_32ns_32_4_max_dsp_1_U833                                 | 3   |        | vproduct_59      | fmul | maxdsp  | 3       |
|     fmul_32ns_32ns_32_4_max_dsp_1_U834                                 | 3   |        | value_assign_117 | fmul | maxdsp  | 3       |
|     fmul_32ns_32ns_32_4_max_dsp_1_U835                                 | 3   |        | value_assign_118 | fmul | maxdsp  | 3       |
|     fmul_32ns_32ns_32_4_max_dsp_1_U836                                 | 3   |        | vproduct_60      | fmul | maxdsp  | 3       |
|     fmul_32ns_32ns_32_4_max_dsp_1_U837                                 | 3   |        | value_assign_119 | fmul | maxdsp  | 3       |
|     fmul_32ns_32ns_32_4_max_dsp_1_U838                                 | 3   |        | value_assign_120 | fmul | maxdsp  | 3       |
|     fmul_32ns_32ns_32_4_max_dsp_1_U839                                 | 3   |        | vproduct_61      | fmul | maxdsp  | 3       |
|     fmul_32ns_32ns_32_4_max_dsp_1_U840                                 | 3   |        | value_assign_121 | fmul | maxdsp  | 3       |
|     fmul_32ns_32ns_32_4_max_dsp_1_U841                                 | 3   |        | value_assign_122 | fmul | maxdsp  | 3       |
|     fmul_32ns_32ns_32_4_max_dsp_1_U842                                 | 3   |        | vproduct_62      | fmul | maxdsp  | 3       |
|     fmul_32ns_32ns_32_4_max_dsp_1_U843                                 | 3   |        | value_assign_123 | fmul | maxdsp  | 3       |
|     fmul_32ns_32ns_32_4_max_dsp_1_U844                                 | 3   |        | value_assign_124 | fmul | maxdsp  | 3       |
|     fmul_32ns_32ns_32_4_max_dsp_1_U845                                 | 3   |        | vproduct_63      | fmul | maxdsp  | 3       |
|     fmul_32ns_32ns_32_4_max_dsp_1_U846                                 | 3   |        | value_assign_125 | fmul | maxdsp  | 3       |
|     fmul_32ns_32ns_32_4_max_dsp_1_U847                                 | 3   |        | value_assign_126 | fmul | maxdsp  | 3       |
|     fmul_32ns_32ns_32_4_max_dsp_1_U848                                 | 3   |        | vproduct         | fmul | maxdsp  | 3       |
|   + project_qkv_group_Pipeline_REDUCE_OUTPUT                           | 2   |        |                  |      |         |         |
|     add_ln280_fu_13384_p2                                              | -   |        | add_ln280        | add  | fabric  | 0       |
|     fadd_32ns_32ns_32_7_full_dsp_1_U2773                               | 2   |        | add2             | fadd | fulldsp | 6       |
|  + write_qkv_group                                                     | 0   |        |                  |      |         |         |
|    add_ln326_1_fu_206_p2                                               | -   |        | add_ln326_1      | add  | fabric  | 0       |
|    add_ln326_fu_218_p2                                                 | -   |        | add_ln326        | add  | fabric  | 0       |
|    add_ln328_fu_254_p2                                                 | -   |        | add_ln328        | add  | fabric  | 0       |
+------------------------------------------------------------------------+-----+--------+------------------+------+---------+---------+


================================================================
== Bind Storage Report
================================================================
+----------------------+------+------+--------+----------+---------+------+---------+
| Name                 | BRAM | URAM | Pragma | Variable | Storage | Impl | Latency |
+----------------------+------+------+--------+----------+---------+------+---------+
| + bert_qkv_kernel    | 0    | 216  |        |          |         |      |         |
|   hidden_U           | -    | 12   | yes    | hidden   | ram_2p  | uram | 1       |
|   q_group_U          | -    | 4    | yes    | q_group  | ram_2p  | uram | 1       |
|   k_group_U          | -    | 4    | yes    | k_group  | ram_2p  | uram | 1       |
|   v_group_U          | -    | 4    | yes    | v_group  | ram_2p  | uram | 1       |
|  + project_qkv_group | 0    | 192  |        |          |         |      |         |
|    wq_U              | -    | 1    | yes    | wq       | ram_2p  | uram | 1       |
|    wq_1_U            | -    | 1    | yes    | wq_1     | ram_2p  | uram | 1       |
|    wq_2_U            | -    | 1    | yes    | wq_2     | ram_2p  | uram | 1       |
|    wq_3_U            | -    | 1    | yes    | wq_3     | ram_2p  | uram | 1       |
|    wq_4_U            | -    | 1    | yes    | wq_4     | ram_2p  | uram | 1       |
|    wq_5_U            | -    | 1    | yes    | wq_5     | ram_2p  | uram | 1       |
|    wq_6_U            | -    | 1    | yes    | wq_6     | ram_2p  | uram | 1       |
|    wq_7_U            | -    | 1    | yes    | wq_7     | ram_2p  | uram | 1       |
|    wq_8_U            | -    | 1    | yes    | wq_8     | ram_2p  | uram | 1       |
|    wq_9_U            | -    | 1    | yes    | wq_9     | ram_2p  | uram | 1       |
|    wq_10_U           | -    | 1    | yes    | wq_10    | ram_2p  | uram | 1       |
|    wq_11_U           | -    | 1    | yes    | wq_11    | ram_2p  | uram | 1       |
|    wq_12_U           | -    | 1    | yes    | wq_12    | ram_2p  | uram | 1       |
|    wq_13_U           | -    | 1    | yes    | wq_13    | ram_2p  | uram | 1       |
|    wq_14_U           | -    | 1    | yes    | wq_14    | ram_2p  | uram | 1       |
|    wq_15_U           | -    | 1    | yes    | wq_15    | ram_2p  | uram | 1       |
|    wq_16_U           | -    | 1    | yes    | wq_16    | ram_2p  | uram | 1       |
|    wq_17_U           | -    | 1    | yes    | wq_17    | ram_2p  | uram | 1       |
|    wq_18_U           | -    | 1    | yes    | wq_18    | ram_2p  | uram | 1       |
|    wq_19_U           | -    | 1    | yes    | wq_19    | ram_2p  | uram | 1       |
|    wq_20_U           | -    | 1    | yes    | wq_20    | ram_2p  | uram | 1       |
|    wq_21_U           | -    | 1    | yes    | wq_21    | ram_2p  | uram | 1       |
|    wq_22_U           | -    | 1    | yes    | wq_22    | ram_2p  | uram | 1       |
|    wq_23_U           | -    | 1    | yes    | wq_23    | ram_2p  | uram | 1       |
|    wq_24_U           | -    | 1    | yes    | wq_24    | ram_2p  | uram | 1       |
|    wq_25_U           | -    | 1    | yes    | wq_25    | ram_2p  | uram | 1       |
|    wq_26_U           | -    | 1    | yes    | wq_26    | ram_2p  | uram | 1       |
|    wq_27_U           | -    | 1    | yes    | wq_27    | ram_2p  | uram | 1       |
|    wq_28_U           | -    | 1    | yes    | wq_28    | ram_2p  | uram | 1       |
|    wq_29_U           | -    | 1    | yes    | wq_29    | ram_2p  | uram | 1       |
|    wq_30_U           | -    | 1    | yes    | wq_30    | ram_2p  | uram | 1       |
|    wq_31_U           | -    | 1    | yes    | wq_31    | ram_2p  | uram | 1       |
|    wq_32_U           | -    | 1    | yes    | wq_32    | ram_2p  | uram | 1       |
|    wq_33_U           | -    | 1    | yes    | wq_33    | ram_2p  | uram | 1       |
|    wq_34_U           | -    | 1    | yes    | wq_34    | ram_2p  | uram | 1       |
|    wq_35_U           | -    | 1    | yes    | wq_35    | ram_2p  | uram | 1       |
|    wq_36_U           | -    | 1    | yes    | wq_36    | ram_2p  | uram | 1       |
|    wq_37_U           | -    | 1    | yes    | wq_37    | ram_2p  | uram | 1       |
|    wq_38_U           | -    | 1    | yes    | wq_38    | ram_2p  | uram | 1       |
|    wq_39_U           | -    | 1    | yes    | wq_39    | ram_2p  | uram | 1       |
|    wq_40_U           | -    | 1    | yes    | wq_40    | ram_2p  | uram | 1       |
|    wq_41_U           | -    | 1    | yes    | wq_41    | ram_2p  | uram | 1       |
|    wq_42_U           | -    | 1    | yes    | wq_42    | ram_2p  | uram | 1       |
|    wq_43_U           | -    | 1    | yes    | wq_43    | ram_2p  | uram | 1       |
|    wq_44_U           | -    | 1    | yes    | wq_44    | ram_2p  | uram | 1       |
|    wq_45_U           | -    | 1    | yes    | wq_45    | ram_2p  | uram | 1       |
|    wq_46_U           | -    | 1    | yes    | wq_46    | ram_2p  | uram | 1       |
|    wq_47_U           | -    | 1    | yes    | wq_47    | ram_2p  | uram | 1       |
|    wq_48_U           | -    | 1    | yes    | wq_48    | ram_2p  | uram | 1       |
|    wq_49_U           | -    | 1    | yes    | wq_49    | ram_2p  | uram | 1       |
|    wq_50_U           | -    | 1    | yes    | wq_50    | ram_2p  | uram | 1       |
|    wq_51_U           | -    | 1    | yes    | wq_51    | ram_2p  | uram | 1       |
|    wq_52_U           | -    | 1    | yes    | wq_52    | ram_2p  | uram | 1       |
|    wq_53_U           | -    | 1    | yes    | wq_53    | ram_2p  | uram | 1       |
|    wq_54_U           | -    | 1    | yes    | wq_54    | ram_2p  | uram | 1       |
|    wq_55_U           | -    | 1    | yes    | wq_55    | ram_2p  | uram | 1       |
|    wq_56_U           | -    | 1    | yes    | wq_56    | ram_2p  | uram | 1       |
|    wq_57_U           | -    | 1    | yes    | wq_57    | ram_2p  | uram | 1       |
|    wq_58_U           | -    | 1    | yes    | wq_58    | ram_2p  | uram | 1       |
|    wq_59_U           | -    | 1    | yes    | wq_59    | ram_2p  | uram | 1       |
|    wq_60_U           | -    | 1    | yes    | wq_60    | ram_2p  | uram | 1       |
|    wq_61_U           | -    | 1    | yes    | wq_61    | ram_2p  | uram | 1       |
|    wq_62_U           | -    | 1    | yes    | wq_62    | ram_2p  | uram | 1       |
|    wq_63_U           | -    | 1    | yes    | wq_63    | ram_2p  | uram | 1       |
|    wk_U              | -    | 1    | yes    | wk       | ram_2p  | uram | 1       |
|    wk_1_U            | -    | 1    | yes    | wk_1     | ram_2p  | uram | 1       |
|    wk_2_U            | -    | 1    | yes    | wk_2     | ram_2p  | uram | 1       |
|    wk_3_U            | -    | 1    | yes    | wk_3     | ram_2p  | uram | 1       |
|    wk_4_U            | -    | 1    | yes    | wk_4     | ram_2p  | uram | 1       |
|    wk_5_U            | -    | 1    | yes    | wk_5     | ram_2p  | uram | 1       |
|    wk_6_U            | -    | 1    | yes    | wk_6     | ram_2p  | uram | 1       |
|    wk_7_U            | -    | 1    | yes    | wk_7     | ram_2p  | uram | 1       |
|    wk_8_U            | -    | 1    | yes    | wk_8     | ram_2p  | uram | 1       |
|    wk_9_U            | -    | 1    | yes    | wk_9     | ram_2p  | uram | 1       |
|    wk_10_U           | -    | 1    | yes    | wk_10    | ram_2p  | uram | 1       |
|    wk_11_U           | -    | 1    | yes    | wk_11    | ram_2p  | uram | 1       |
|    wk_12_U           | -    | 1    | yes    | wk_12    | ram_2p  | uram | 1       |
|    wk_13_U           | -    | 1    | yes    | wk_13    | ram_2p  | uram | 1       |
|    wk_14_U           | -    | 1    | yes    | wk_14    | ram_2p  | uram | 1       |
|    wk_15_U           | -    | 1    | yes    | wk_15    | ram_2p  | uram | 1       |
|    wk_16_U           | -    | 1    | yes    | wk_16    | ram_2p  | uram | 1       |
|    wk_17_U           | -    | 1    | yes    | wk_17    | ram_2p  | uram | 1       |
|    wk_18_U           | -    | 1    | yes    | wk_18    | ram_2p  | uram | 1       |
|    wk_19_U           | -    | 1    | yes    | wk_19    | ram_2p  | uram | 1       |
|    wk_20_U           | -    | 1    | yes    | wk_20    | ram_2p  | uram | 1       |
|    wk_21_U           | -    | 1    | yes    | wk_21    | ram_2p  | uram | 1       |
|    wk_22_U           | -    | 1    | yes    | wk_22    | ram_2p  | uram | 1       |
|    wk_23_U           | -    | 1    | yes    | wk_23    | ram_2p  | uram | 1       |
|    wk_24_U           | -    | 1    | yes    | wk_24    | ram_2p  | uram | 1       |
|    wk_25_U           | -    | 1    | yes    | wk_25    | ram_2p  | uram | 1       |
|    wk_26_U           | -    | 1    | yes    | wk_26    | ram_2p  | uram | 1       |
|    wk_27_U           | -    | 1    | yes    | wk_27    | ram_2p  | uram | 1       |
|    wk_28_U           | -    | 1    | yes    | wk_28    | ram_2p  | uram | 1       |
|    wk_29_U           | -    | 1    | yes    | wk_29    | ram_2p  | uram | 1       |
|    wk_30_U           | -    | 1    | yes    | wk_30    | ram_2p  | uram | 1       |
|    wk_31_U           | -    | 1    | yes    | wk_31    | ram_2p  | uram | 1       |
|    wk_32_U           | -    | 1    | yes    | wk_32    | ram_2p  | uram | 1       |
|    wk_33_U           | -    | 1    | yes    | wk_33    | ram_2p  | uram | 1       |
|    wk_34_U           | -    | 1    | yes    | wk_34    | ram_2p  | uram | 1       |
|    wk_35_U           | -    | 1    | yes    | wk_35    | ram_2p  | uram | 1       |
|    wk_36_U           | -    | 1    | yes    | wk_36    | ram_2p  | uram | 1       |
|    wk_37_U           | -    | 1    | yes    | wk_37    | ram_2p  | uram | 1       |
|    wk_38_U           | -    | 1    | yes    | wk_38    | ram_2p  | uram | 1       |
|    wk_39_U           | -    | 1    | yes    | wk_39    | ram_2p  | uram | 1       |
|    wk_40_U           | -    | 1    | yes    | wk_40    | ram_2p  | uram | 1       |
|    wk_41_U           | -    | 1    | yes    | wk_41    | ram_2p  | uram | 1       |
|    wk_42_U           | -    | 1    | yes    | wk_42    | ram_2p  | uram | 1       |
|    wk_43_U           | -    | 1    | yes    | wk_43    | ram_2p  | uram | 1       |
|    wk_44_U           | -    | 1    | yes    | wk_44    | ram_2p  | uram | 1       |
|    wk_45_U           | -    | 1    | yes    | wk_45    | ram_2p  | uram | 1       |
|    wk_46_U           | -    | 1    | yes    | wk_46    | ram_2p  | uram | 1       |
|    wk_47_U           | -    | 1    | yes    | wk_47    | ram_2p  | uram | 1       |
|    wk_48_U           | -    | 1    | yes    | wk_48    | ram_2p  | uram | 1       |
|    wk_49_U           | -    | 1    | yes    | wk_49    | ram_2p  | uram | 1       |
|    wk_50_U           | -    | 1    | yes    | wk_50    | ram_2p  | uram | 1       |
|    wk_51_U           | -    | 1    | yes    | wk_51    | ram_2p  | uram | 1       |
|    wk_52_U           | -    | 1    | yes    | wk_52    | ram_2p  | uram | 1       |
|    wk_53_U           | -    | 1    | yes    | wk_53    | ram_2p  | uram | 1       |
|    wk_54_U           | -    | 1    | yes    | wk_54    | ram_2p  | uram | 1       |
|    wk_55_U           | -    | 1    | yes    | wk_55    | ram_2p  | uram | 1       |
|    wk_56_U           | -    | 1    | yes    | wk_56    | ram_2p  | uram | 1       |
|    wk_57_U           | -    | 1    | yes    | wk_57    | ram_2p  | uram | 1       |
|    wk_58_U           | -    | 1    | yes    | wk_58    | ram_2p  | uram | 1       |
|    wk_59_U           | -    | 1    | yes    | wk_59    | ram_2p  | uram | 1       |
|    wk_60_U           | -    | 1    | yes    | wk_60    | ram_2p  | uram | 1       |
|    wk_61_U           | -    | 1    | yes    | wk_61    | ram_2p  | uram | 1       |
|    wk_62_U           | -    | 1    | yes    | wk_62    | ram_2p  | uram | 1       |
|    wk_63_U           | -    | 1    | yes    | wk_63    | ram_2p  | uram | 1       |
|    wv_U              | -    | 1    | yes    | wv       | ram_2p  | uram | 1       |
|    wv_1_U            | -    | 1    | yes    | wv_1     | ram_2p  | uram | 1       |
|    wv_2_U            | -    | 1    | yes    | wv_2     | ram_2p  | uram | 1       |
|    wv_3_U            | -    | 1    | yes    | wv_3     | ram_2p  | uram | 1       |
|    wv_4_U            | -    | 1    | yes    | wv_4     | ram_2p  | uram | 1       |
|    wv_5_U            | -    | 1    | yes    | wv_5     | ram_2p  | uram | 1       |
|    wv_6_U            | -    | 1    | yes    | wv_6     | ram_2p  | uram | 1       |
|    wv_7_U            | -    | 1    | yes    | wv_7     | ram_2p  | uram | 1       |
|    wv_8_U            | -    | 1    | yes    | wv_8     | ram_2p  | uram | 1       |
|    wv_9_U            | -    | 1    | yes    | wv_9     | ram_2p  | uram | 1       |
|    wv_10_U           | -    | 1    | yes    | wv_10    | ram_2p  | uram | 1       |
|    wv_11_U           | -    | 1    | yes    | wv_11    | ram_2p  | uram | 1       |
|    wv_12_U           | -    | 1    | yes    | wv_12    | ram_2p  | uram | 1       |
|    wv_13_U           | -    | 1    | yes    | wv_13    | ram_2p  | uram | 1       |
|    wv_14_U           | -    | 1    | yes    | wv_14    | ram_2p  | uram | 1       |
|    wv_15_U           | -    | 1    | yes    | wv_15    | ram_2p  | uram | 1       |
|    wv_16_U           | -    | 1    | yes    | wv_16    | ram_2p  | uram | 1       |
|    wv_17_U           | -    | 1    | yes    | wv_17    | ram_2p  | uram | 1       |
|    wv_18_U           | -    | 1    | yes    | wv_18    | ram_2p  | uram | 1       |
|    wv_19_U           | -    | 1    | yes    | wv_19    | ram_2p  | uram | 1       |
|    wv_20_U           | -    | 1    | yes    | wv_20    | ram_2p  | uram | 1       |
|    wv_21_U           | -    | 1    | yes    | wv_21    | ram_2p  | uram | 1       |
|    wv_22_U           | -    | 1    | yes    | wv_22    | ram_2p  | uram | 1       |
|    wv_23_U           | -    | 1    | yes    | wv_23    | ram_2p  | uram | 1       |
|    wv_24_U           | -    | 1    | yes    | wv_24    | ram_2p  | uram | 1       |
|    wv_25_U           | -    | 1    | yes    | wv_25    | ram_2p  | uram | 1       |
|    wv_26_U           | -    | 1    | yes    | wv_26    | ram_2p  | uram | 1       |
|    wv_27_U           | -    | 1    | yes    | wv_27    | ram_2p  | uram | 1       |
|    wv_28_U           | -    | 1    | yes    | wv_28    | ram_2p  | uram | 1       |
|    wv_29_U           | -    | 1    | yes    | wv_29    | ram_2p  | uram | 1       |
|    wv_30_U           | -    | 1    | yes    | wv_30    | ram_2p  | uram | 1       |
|    wv_31_U           | -    | 1    | yes    | wv_31    | ram_2p  | uram | 1       |
|    wv_32_U           | -    | 1    | yes    | wv_32    | ram_2p  | uram | 1       |
|    wv_33_U           | -    | 1    | yes    | wv_33    | ram_2p  | uram | 1       |
|    wv_34_U           | -    | 1    | yes    | wv_34    | ram_2p  | uram | 1       |
|    wv_35_U           | -    | 1    | yes    | wv_35    | ram_2p  | uram | 1       |
|    wv_36_U           | -    | 1    | yes    | wv_36    | ram_2p  | uram | 1       |
|    wv_37_U           | -    | 1    | yes    | wv_37    | ram_2p  | uram | 1       |
|    wv_38_U           | -    | 1    | yes    | wv_38    | ram_2p  | uram | 1       |
|    wv_39_U           | -    | 1    | yes    | wv_39    | ram_2p  | uram | 1       |
|    wv_40_U           | -    | 1    | yes    | wv_40    | ram_2p  | uram | 1       |
|    wv_41_U           | -    | 1    | yes    | wv_41    | ram_2p  | uram | 1       |
|    wv_42_U           | -    | 1    | yes    | wv_42    | ram_2p  | uram | 1       |
|    wv_43_U           | -    | 1    | yes    | wv_43    | ram_2p  | uram | 1       |
|    wv_44_U           | -    | 1    | yes    | wv_44    | ram_2p  | uram | 1       |
|    wv_45_U           | -    | 1    | yes    | wv_45    | ram_2p  | uram | 1       |
|    wv_46_U           | -    | 1    | yes    | wv_46    | ram_2p  | uram | 1       |
|    wv_47_U           | -    | 1    | yes    | wv_47    | ram_2p  | uram | 1       |
|    wv_48_U           | -    | 1    | yes    | wv_48    | ram_2p  | uram | 1       |
|    wv_49_U           | -    | 1    | yes    | wv_49    | ram_2p  | uram | 1       |
|    wv_50_U           | -    | 1    | yes    | wv_50    | ram_2p  | uram | 1       |
|    wv_51_U           | -    | 1    | yes    | wv_51    | ram_2p  | uram | 1       |
|    wv_52_U           | -    | 1    | yes    | wv_52    | ram_2p  | uram | 1       |
|    wv_53_U           | -    | 1    | yes    | wv_53    | ram_2p  | uram | 1       |
|    wv_54_U           | -    | 1    | yes    | wv_54    | ram_2p  | uram | 1       |
|    wv_55_U           | -    | 1    | yes    | wv_55    | ram_2p  | uram | 1       |
|    wv_56_U           | -    | 1    | yes    | wv_56    | ram_2p  | uram | 1       |
|    wv_57_U           | -    | 1    | yes    | wv_57    | ram_2p  | uram | 1       |
|    wv_58_U           | -    | 1    | yes    | wv_58    | ram_2p  | uram | 1       |
|    wv_59_U           | -    | 1    | yes    | wv_59    | ram_2p  | uram | 1       |
|    wv_60_U           | -    | 1    | yes    | wv_60    | ram_2p  | uram | 1       |
|    wv_61_U           | -    | 1    | yes    | wv_61    | ram_2p  | uram | 1       |
|    wv_62_U           | -    | 1    | yes    | wv_62    | ram_2p  | uram | 1       |
|    wv_63_U           | -    | 1    | yes    | wv_63    | ram_2p  | uram | 1       |
|    qb_0_U            | -    | -    |        | qb_0     | ram_t2p | auto | 1       |
|    qb_1_U            | -    | -    |        | qb_1     | ram_t2p | auto | 1       |
|    qb_2_U            | -    | -    |        | qb_2     | ram_t2p | auto | 1       |
|    qb_3_U            | -    | -    |        | qb_3     | ram_t2p | auto | 1       |
|    qb_4_U            | -    | -    |        | qb_4     | ram_t2p | auto | 1       |
|    qb_5_U            | -    | -    |        | qb_5     | ram_t2p | auto | 1       |
|    qb_6_U            | -    | -    |        | qb_6     | ram_t2p | auto | 1       |
|    qb_7_U            | -    | -    |        | qb_7     | ram_t2p | auto | 1       |
|    kb_0_U            | -    | -    |        | kb_0     | ram_t2p | auto | 1       |
|    kb_1_U            | -    | -    |        | kb_1     | ram_t2p | auto | 1       |
|    kb_2_U            | -    | -    |        | kb_2     | ram_t2p | auto | 1       |
|    kb_3_U            | -    | -    |        | kb_3     | ram_t2p | auto | 1       |
|    kb_4_U            | -    | -    |        | kb_4     | ram_t2p | auto | 1       |
|    kb_5_U            | -    | -    |        | kb_5     | ram_t2p | auto | 1       |
|    kb_6_U            | -    | -    |        | kb_6     | ram_t2p | auto | 1       |
|    kb_7_U            | -    | -    |        | kb_7     | ram_t2p | auto | 1       |
|    vb_0_U            | -    | -    |        | vb_0     | ram_t2p | auto | 1       |
|    vb_1_U            | -    | -    |        | vb_1     | ram_t2p | auto | 1       |
|    vb_2_U            | -    | -    |        | vb_2     | ram_t2p | auto | 1       |
|    vb_3_U            | -    | -    |        | vb_3     | ram_t2p | auto | 1       |
|    vb_4_U            | -    | -    |        | vb_4     | ram_t2p | auto | 1       |
|    vb_5_U            | -    | -    |        | vb_5     | ram_t2p | auto | 1       |
|    vb_6_U            | -    | -    |        | vb_6     | ram_t2p | auto | 1       |
|    vb_7_U            | -    | -    |        | vb_7     | ram_t2p | auto | 1       |
+----------------------+------+------+--------+----------+---------+------+---------+


================================================================
== Pragma Report
================================================================
* Valid Pragma Syntax
+-----------------+-----------------------------------------------------------------------+-------------------------------------------------------------------------+
| Type            | Options                                                               | Location                                                                |
+-----------------+-----------------------------------------------------------------------+-------------------------------------------------------------------------+
| inline          |                                                                       | ../include/bert_math.h:9 in uint32_to_float                             |
| inline          |                                                                       | ../include/bert_math.h:16 in float_to_uint32                            |
| inline          |                                                                       | ../include/bert_math.h:23 in unpack_bus16                               |
| array_partition | variable=lane complete dim=1                                          | ../include/bert_math.h:24 in unpack_bus16, lane                         |
| unroll          |                                                                       | ../include/bert_math.h:26 in unpack_bus16                               |
| inline          |                                                                       | ../include/bert_math.h:32 in pack_bus16                                 |
| array_partition | variable=lane complete dim=1                                          | ../include/bert_math.h:33 in pack_bus16, lane                           |
| unroll          |                                                                       | ../include/bert_math.h:36 in pack_bus16                                 |
| inline          |                                                                       | ../include/bert_math.h:44 in fp32_sum8_tree                             |
| array_partition | variable=value complete dim=1                                         | ../include/bert_math.h:45 in fp32_sum8_tree, value                      |
| array_partition | variable=s4 complete dim=1                                            | ../include/bert_math.h:48 in fp32_sum8_tree, s4                         |
| array_partition | variable=s2 complete dim=1                                            | ../include/bert_math.h:49 in fp32_sum8_tree, s2                         |
| unroll          |                                                                       | ../include/bert_math.h:52 in fp32_sum8_tree                             |
| unroll          |                                                                       | ../include/bert_math.h:57 in fp32_sum8_tree                             |
| inline          |                                                                       | ../include/bert_math.h:65 in fp32_sum4_tree                             |
| array_partition | variable=value complete dim=1                                         | ../include/bert_math.h:66 in fp32_sum4_tree, value                      |
| array_partition | variable=s2 complete dim=1                                            | ../include/bert_math.h:68 in fp32_sum4_tree, s2                         |
| unroll          |                                                                       | ../include/bert_math.h:71 in fp32_sum4_tree                             |
| inline          |                                                                       | ../include/bert_math.h:81 in fp32_dot8_tree                             |
| array_partition | variable=lhs complete dim=1                                           | ../include/bert_math.h:82 in fp32_dot8_tree, lhs                        |
| array_partition | variable=rhs complete dim=1                                           | ../include/bert_math.h:83 in fp32_dot8_tree, rhs                        |
| array_partition | variable=product complete dim=1                                       | ../include/bert_math.h:85 in fp32_dot8_tree, product                    |
| bind_op         | variable=product op=fmul impl=maxdsp                                  | ../include/bert_math.h:86 in fp32_dot8_tree, product                    |
| unroll          |                                                                       | ../include/bert_math.h:89 in fp32_dot8_tree                             |
| inline          |                                                                       | ../include/bert_math.h:99 in fp32_dot4_tree                             |
| array_partition | variable=lhs complete dim=1                                           | ../include/bert_math.h:100 in fp32_dot4_tree, lhs                       |
| array_partition | variable=rhs complete dim=1                                           | ../include/bert_math.h:101 in fp32_dot4_tree, rhs                       |
| array_partition | variable=product complete dim=1                                       | ../include/bert_math.h:104 in fp32_dot4_tree, product                   |
| array_partition | variable=s2 complete dim=1                                            | ../include/bert_math.h:105 in fp32_dot4_tree, s2                        |
| bind_op         | variable=product op=fmul impl=maxdsp                                  | ../include/bert_math.h:106 in fp32_dot4_tree, product                   |
| unroll          |                                                                       | ../include/bert_math.h:109 in fp32_dot4_tree                            |
| unroll          |                                                                       | ../include/bert_math.h:114 in fp32_dot4_tree                            |
| inline          |                                                                       | ../kernels/bert_qkv_kernel.cpp:20 in qkv_acc8_clear                     |
| inline          |                                                                       | ../kernels/bert_qkv_kernel.cpp:33 in qkv_acc8_rotate_add                |
| inline          |                                                                       | ../kernels/bert_qkv_kernel.cpp:47 in qkv_acc8_read                      |
| array_partition | variable=lane complete dim=1                                          | ../kernels/bert_qkv_kernel.cpp:48 in qkv_acc8_read, lane                |
| inline          | off                                                                   | ../kernels/bert_qkv_kernel.cpp:63 in load_hidden_matrix                 |
| pipeline        | II=1                                                                  | ../kernels/bert_qkv_kernel.cpp:68 in load_hidden_matrix                 |
| array_partition | variable=lane complete dim=1                                          | ../kernels/bert_qkv_kernel.cpp:70 in load_hidden_matrix, lane           |
| unroll          |                                                                       | ../kernels/bert_qkv_kernel.cpp:74 in load_hidden_matrix                 |
| inline          | off                                                                   | ../kernels/bert_qkv_kernel.cpp:90 in load_qkv_bias64                    |
| pipeline        | II=1                                                                  | ../kernels/bert_qkv_kernel.cpp:93 in load_qkv_bias64                    |
| array_partition | variable=qlane complete dim=1                                         | ../kernels/bert_qkv_kernel.cpp:97 in load_qkv_bias64, qlane             |
| array_partition | variable=klane complete dim=1                                         | ../kernels/bert_qkv_kernel.cpp:98 in load_qkv_bias64, klane             |
| array_partition | variable=vlane complete dim=1                                         | ../kernels/bert_qkv_kernel.cpp:99 in load_qkv_bias64, vlane             |
| unroll          |                                                                       | ../kernels/bert_qkv_kernel.cpp:106 in load_qkv_bias64                   |
| inline          | off                                                                   | ../kernels/bert_qkv_kernel.cpp:123 in load_qkv_weight_tile              |
| pipeline        | II=1                                                                  | ../kernels/bert_qkv_kernel.cpp:128 in load_qkv_weight_tile              |
| unroll          |                                                                       | ../kernels/bert_qkv_kernel.cpp:135 in load_qkv_weight_tile              |
| inline          | off                                                                   | ../kernels/bert_qkv_kernel.cpp:161 in project_qkv_group                 |
| bind_storage    | variable=wq type=RAM_2P impl=URAM                                     | ../kernels/bert_qkv_kernel.cpp:168 in project_qkv_group, wq             |
| bind_storage    | variable=wk type=RAM_2P impl=URAM                                     | ../kernels/bert_qkv_kernel.cpp:169 in project_qkv_group, wk             |
| bind_storage    | variable=wv type=RAM_2P impl=URAM                                     | ../kernels/bert_qkv_kernel.cpp:170 in project_qkv_group, wv             |
| array_partition | variable=wq cyclic factor=QKV_O_PAR dim=1                             | ../kernels/bert_qkv_kernel.cpp:171 in project_qkv_group, wq             |
| array_partition | variable=wk cyclic factor=QKV_O_PAR dim=1                             | ../kernels/bert_qkv_kernel.cpp:172 in project_qkv_group, wk             |
| array_partition | variable=wv cyclic factor=QKV_O_PAR dim=1                             | ../kernels/bert_qkv_kernel.cpp:173 in project_qkv_group, wv             |
| array_partition | variable=wq cyclic factor=QKV_K_PAR dim=2                             | ../kernels/bert_qkv_kernel.cpp:174 in project_qkv_group, wq             |
| array_partition | variable=wk cyclic factor=QKV_K_PAR dim=2                             | ../kernels/bert_qkv_kernel.cpp:175 in project_qkv_group, wk             |
| array_partition | variable=wv cyclic factor=QKV_K_PAR dim=2                             | ../kernels/bert_qkv_kernel.cpp:176 in project_qkv_group, wv             |
| array_partition | variable=qb cyclic factor=QKV_O_PAR dim=1                             | ../kernels/bert_qkv_kernel.cpp:177 in project_qkv_group, qb             |
| array_partition | variable=kb cyclic factor=QKV_O_PAR dim=1                             | ../kernels/bert_qkv_kernel.cpp:178 in project_qkv_group, kb             |
| array_partition | variable=vb cyclic factor=QKV_O_PAR dim=1                             | ../kernels/bert_qkv_kernel.cpp:179 in project_qkv_group, vb             |
| array_partition | variable=qpartial complete dim=1                                      | ../kernels/bert_qkv_kernel.cpp:198 in project_qkv_group, qpartial       |
| array_partition | variable=qpartial complete dim=2                                      | ../kernels/bert_qkv_kernel.cpp:199 in project_qkv_group, qpartial       |
| array_partition | variable=kpartial complete dim=1                                      | ../kernels/bert_qkv_kernel.cpp:200 in project_qkv_group, kpartial       |
| array_partition | variable=kpartial complete dim=2                                      | ../kernels/bert_qkv_kernel.cpp:201 in project_qkv_group, kpartial       |
| array_partition | variable=vpartial complete dim=1                                      | ../kernels/bert_qkv_kernel.cpp:202 in project_qkv_group, vpartial       |
| array_partition | variable=vpartial complete dim=2                                      | ../kernels/bert_qkv_kernel.cpp:203 in project_qkv_group, vpartial       |
| array_partition | variable=qproduct complete dim=1                                      | ../kernels/bert_qkv_kernel.cpp:204 in project_qkv_group, qproduct       |
| array_partition | variable=qproduct complete dim=2                                      | ../kernels/bert_qkv_kernel.cpp:205 in project_qkv_group, qproduct       |
| array_partition | variable=kproduct complete dim=1                                      | ../kernels/bert_qkv_kernel.cpp:206 in project_qkv_group, kproduct       |
| array_partition | variable=kproduct complete dim=2                                      | ../kernels/bert_qkv_kernel.cpp:207 in project_qkv_group, kproduct       |
| array_partition | variable=vproduct complete dim=1                                      | ../kernels/bert_qkv_kernel.cpp:208 in project_qkv_group, vproduct       |
| array_partition | variable=vproduct complete dim=2                                      | ../kernels/bert_qkv_kernel.cpp:209 in project_qkv_group, vproduct       |
| bind_op         | variable=qproduct op=fmul impl=maxdsp                                 | ../kernels/bert_qkv_kernel.cpp:210 in project_qkv_group, qproduct       |
| bind_op         | variable=kproduct op=fmul impl=maxdsp                                 | ../kernels/bert_qkv_kernel.cpp:211 in project_qkv_group, kproduct       |
| bind_op         | variable=vproduct op=fmul impl=maxdsp                                 | ../kernels/bert_qkv_kernel.cpp:212 in project_qkv_group, vproduct       |
| unroll          |                                                                       | ../kernels/bert_qkv_kernel.cpp:216 in project_qkv_group                 |
| unroll          |                                                                       | ../kernels/bert_qkv_kernel.cpp:219 in project_qkv_group                 |
| pipeline        | II=1                                                                  | ../kernels/bert_qkv_kernel.cpp:230 in project_qkv_group                 |
| unroll          |                                                                       | ../kernels/bert_qkv_kernel.cpp:236 in project_qkv_group                 |
| unroll          |                                                                       | ../kernels/bert_qkv_kernel.cpp:239 in project_qkv_group                 |
| bind_op         | variable=updated_last_v op=fadd impl=fulldsp latency=6                | ../kernels/bert_qkv_kernel.cpp:257 in project_qkv_group, updated_last_v |
| pipeline        | II=1                                                                  | ../kernels/bert_qkv_kernel.cpp:281 in project_qkv_group                 |
| array_partition | variable=qlane complete dim=1                                         | ../kernels/bert_qkv_kernel.cpp:285 in project_qkv_group, qlane          |
| array_partition | variable=klane complete dim=1                                         | ../kernels/bert_qkv_kernel.cpp:286 in project_qkv_group, klane          |
| array_partition | variable=vlane complete dim=1                                         | ../kernels/bert_qkv_kernel.cpp:287 in project_qkv_group, vlane          |
| unroll          |                                                                       | ../kernels/bert_qkv_kernel.cpp:290 in project_qkv_group                 |
| array_partition | variable=qbank complete dim=1                                         | ../kernels/bert_qkv_kernel.cpp:294 in project_qkv_group, qbank          |
| array_partition | variable=kbank complete dim=1                                         | ../kernels/bert_qkv_kernel.cpp:295 in project_qkv_group, kbank          |
| array_partition | variable=vbank complete dim=1                                         | ../kernels/bert_qkv_kernel.cpp:296 in project_qkv_group, vbank          |
| inline          | off                                                                   | ../kernels/bert_qkv_kernel.cpp:324 in write_qkv_group                   |
| pipeline        | II=1                                                                  | ../kernels/bert_qkv_kernel.cpp:329 in write_qkv_group                   |
| array_partition | variable=qlane complete dim=1                                         | ../kernels/bert_qkv_kernel.cpp:333 in write_qkv_group, qlane            |
| array_partition | variable=klane complete dim=1                                         | ../kernels/bert_qkv_kernel.cpp:334 in write_qkv_group, klane            |
| array_partition | variable=vlane complete dim=1                                         | ../kernels/bert_qkv_kernel.cpp:335 in write_qkv_group, vlane            |
| unroll          |                                                                       | ../kernels/bert_qkv_kernel.cpp:338 in write_qkv_group                   |
| interface       | m_axi port=hidden_in offset=slave bundle=gmem_hidden depth=6144       | ../kernels/bert_qkv_kernel.cpp:364 in bert_qkv_kernel, hidden_in        |
| interface       | m_axi port=hidden_ready offset=slave bundle=gmem_hidden_ready depth=1 | ../kernels/bert_qkv_kernel.cpp:365 in bert_qkv_kernel, hidden_ready     |
| interface       | m_axi port=attn_q_w_all offset=slave bundle=gmem_q depth=442368       | ../kernels/bert_qkv_kernel.cpp:366 in bert_qkv_kernel, attn_q_w_all     |
| interface       | m_axi port=attn_q_b_all offset=slave bundle=gmem_q depth=576          | ../kernels/bert_qkv_kernel.cpp:367 in bert_qkv_kernel, attn_q_b_all     |
| interface       | m_axi port=attn_k_w_all offset=slave bundle=gmem_k depth=442368       | ../kernels/bert_qkv_kernel.cpp:368 in bert_qkv_kernel, attn_k_w_all     |
| interface       | m_axi port=attn_k_b_all offset=slave bundle=gmem_k depth=576          | ../kernels/bert_qkv_kernel.cpp:369 in bert_qkv_kernel, attn_k_b_all     |
| interface       | m_axi port=attn_v_w_all offset=slave bundle=gmem_v depth=442368       | ../kernels/bert_qkv_kernel.cpp:370 in bert_qkv_kernel, attn_v_w_all     |
| interface       | m_axi port=attn_v_b_all offset=slave bundle=gmem_v depth=576          | ../kernels/bert_qkv_kernel.cpp:371 in bert_qkv_kernel, attn_v_b_all     |
| interface       | axis port=q_stream                                                    | ../kernels/bert_qkv_kernel.cpp:372 in bert_qkv_kernel, q_stream         |
| interface       | axis port=k_stream                                                    | ../kernels/bert_qkv_kernel.cpp:373 in bert_qkv_kernel, k_stream         |
| interface       | axis port=v_stream                                                    | ../kernels/bert_qkv_kernel.cpp:374 in bert_qkv_kernel, v_stream         |
| interface       | s_axilite port=hidden_in bundle=control                               | ../kernels/bert_qkv_kernel.cpp:375 in bert_qkv_kernel, hidden_in        |
| interface       | s_axilite port=hidden_ready bundle=control                            | ../kernels/bert_qkv_kernel.cpp:376 in bert_qkv_kernel, hidden_ready     |
| interface       | s_axilite port=attn_q_w_all bundle=control                            | ../kernels/bert_qkv_kernel.cpp:377 in bert_qkv_kernel, attn_q_w_all     |
| interface       | s_axilite port=attn_q_b_all bundle=control                            | ../kernels/bert_qkv_kernel.cpp:378 in bert_qkv_kernel, attn_q_b_all     |
| interface       | s_axilite port=attn_k_w_all bundle=control                            | ../kernels/bert_qkv_kernel.cpp:379 in bert_qkv_kernel, attn_k_w_all     |
| interface       | s_axilite port=attn_k_b_all bundle=control                            | ../kernels/bert_qkv_kernel.cpp:380 in bert_qkv_kernel, attn_k_b_all     |
| interface       | s_axilite port=attn_v_w_all bundle=control                            | ../kernels/bert_qkv_kernel.cpp:381 in bert_qkv_kernel, attn_v_w_all     |
| interface       | s_axilite port=attn_v_b_all bundle=control                            | ../kernels/bert_qkv_kernel.cpp:382 in bert_qkv_kernel, attn_v_b_all     |
| interface       | s_axilite port=layer_id bundle=control                                | ../kernels/bert_qkv_kernel.cpp:383 in bert_qkv_kernel, layer_id         |
| interface       | s_axilite port=return bundle=control                                  | ../kernels/bert_qkv_kernel.cpp:384 in bert_qkv_kernel, return           |
| bind_storage    | variable=hidden type=RAM_2P impl=URAM                                 | ../kernels/bert_qkv_kernel.cpp:393 in bert_qkv_kernel, hidden           |
| bind_storage    | variable=q_group type=RAM_2P impl=URAM                                | ../kernels/bert_qkv_kernel.cpp:394 in bert_qkv_kernel, q_group          |
| bind_storage    | variable=k_group type=RAM_2P impl=URAM                                | ../kernels/bert_qkv_kernel.cpp:395 in bert_qkv_kernel, k_group          |
| bind_storage    | variable=v_group type=RAM_2P impl=URAM                                | ../kernels/bert_qkv_kernel.cpp:396 in bert_qkv_kernel, v_group          |
| array_reshape   | variable=hidden cyclic factor=QKV_K_PAR dim=2                         | ../kernels/bert_qkv_kernel.cpp:397 in bert_qkv_kernel, hidden           |
| array_reshape   | variable=q_group cyclic factor=QKV_O_PAR dim=2                        | ../kernels/bert_qkv_kernel.cpp:398 in bert_qkv_kernel, q_group          |
| array_reshape   | variable=k_group cyclic factor=QKV_O_PAR dim=2                        | ../kernels/bert_qkv_kernel.cpp:399 in bert_qkv_kernel, k_group          |
| array_reshape   | variable=v_group cyclic factor=QKV_O_PAR dim=2                        | ../kernels/bert_qkv_kernel.cpp:400 in bert_qkv_kernel, v_group          |
+-----------------+-----------------------------------------------------------------------+-------------------------------------------------------------------------+


