

================================================================
== Vitis HLS Report for 'bert_attn_out_norm_12layer_kernel'
================================================================
* Date:           Wed Jul 15 12:16:21 2026

* Version:        2022.1 (Build 3526262 on Mon Apr 18 15:47:01 MDT 2022)
* Project:        proj_bert_attn_out_norm_12layer_kernel
* Solution:       solution1 (Vivado IP Flow Target)
* Product family: virtexuplus
* Target device:  xcu250-figd2104-2L-e


================================================================
== Performance Estimates
================================================================
+ Timing: 
    * Summary: 
    +--------+---------+----------+------------+
    |  Clock |  Target | Estimated| Uncertainty|
    +--------+---------+----------+------------+
    |ap_clk  |  3.33 ns|  2.470 ns|     0.90 ns|
    +--------+---------+----------+------------+

+ Latency: 
    * Summary: 
    +----------+----------+-----------+-----------+----------+----------+---------+
    |   Latency (cycles)  |   Latency (absolute)  |       Interval      | Pipeline|
    |    min   |    max   |    min    |    max    |    min   |    max   |   Type  |
    +----------+----------+-----------+-----------+----------+----------+---------+
    |  16383710|  16383710|  54.607 ms|  54.607 ms|  16383711|  16383711|       no|
    +----------+----------+-----------+-----------+----------+----------+---------+

    + Detail: 
        * Instance: 
        +------------------------------------------------+-------------------------------------+---------+---------+-----------+-----------+--------+--------+---------+
        |                                                |                                     |  Latency (cycles) |   Latency (absolute)  |     Interval    | Pipeline|
        |                    Instance                    |                Module               |   min   |   max   |    min    |    max    |   min  |   max  |   Type  |
        +------------------------------------------------+-------------------------------------+---------+---------+-----------+-----------+--------+--------+---------+
        |grp_load_attention_residual_stream_fu_184       |load_attention_residual_stream       |     6146|     6146|  20.485 us|  20.485 us|    6146|    6146|       no|
        |grp_initialize_projection_fu_191                |initialize_projection                |    12793|    12793|  42.639 us|  42.639 us|   12793|   12793|       no|
        |grp_read_context_group_fu_199                   |read_context_group                   |     2050|     2050|   6.833 us|   6.833 us|    2050|    2050|       no|
        |grp_residual_norm_to_full_model_streams_fu_206  |residual_norm_to_full_model_streams  |    57964|    57964|   0.193 ms|   0.193 ms|   57964|   57964|       no|
        |grp_accumulate_projection_group_fu_220          |accumulate_projection_group          |   213704|   213704|   0.712 ms|   0.712 ms|  213704|  213704|       no|
        +------------------------------------------------+-------------------------------------+---------+---------+-----------+-----------+--------+--------+---------+

        * Loop: 
        +---------------------------+----------+----------+----------+-----------+-----------+------+----------+
        |                           |   Latency (cycles)  | Iteration|  Initiation Interval  | Trip |          |
        |         Loop Name         |    min   |    max   |  Latency |  achieved |   target  | Count| Pipelined|
        +---------------------------+----------+----------+----------+-----------+-----------+------+----------+
        |- FULL_OUT_LAYER           |  16383708|  16383708|   1365309|          -|          -|    12|        no|
        | + FULL_OUT_CONTEXT_GROUP  |   1294548|   1294548|    215758|          -|          -|     6|        no|
        +---------------------------+----------+----------+----------+-----------+-----------+------+----------+



================================================================
== Utilization Estimates
================================================================
* Summary: 
+---------------------+---------+-------+---------+---------+------+
|         Name        | BRAM_18K|  DSP  |    FF   |   LUT   | URAM |
+---------------------+---------+-------+---------+---------+------+
|DSP                  |        -|      -|        -|        -|     -|
|Expression           |        -|      -|        0|      412|     -|
|FIFO                 |        -|      -|        -|        -|     -|
|Instance             |       16|    393|    87021|    66559|     0|
|Memory               |        -|      -|        3|      874|    32|
|Multiplexer          |        -|      -|        -|     3931|     -|
|Register             |        -|      -|      594|        -|     -|
+---------------------+---------+-------+---------+---------+------+
|Total                |       16|    393|    87618|    71776|    32|
+---------------------+---------+-------+---------+---------+------+
|Available SLR        |     1344|   3072|   864000|   432000|   320|
+---------------------+---------+-------+---------+---------+------+
|Utilization SLR (%)  |        1|     12|       10|       16|    10|
+---------------------+---------+-------+---------+---------+------+
|Available            |     5376|  12288|  3456000|  1728000|  1280|
+---------------------+---------+-------+---------+---------+------+
|Utilization (%)      |       ~0|      3|        2|        4|     2|
+---------------------+---------+-------+---------+---------+------+

+ Detail: 
    * Instance: 
    +------------------------------------------------+-------------------------------------+---------+-----+-------+-------+-----+
    |                    Instance                    |                Module               | BRAM_18K| DSP |   FF  |  LUT  | URAM|
    +------------------------------------------------+-------------------------------------+---------+-----+-------+-------+-----+
    |grp_accumulate_projection_group_fu_220          |accumulate_projection_group          |        0|  192|  44128|  29164|    0|
    |control_s_axi_U                                 |control_s_axi                        |        0|    0|    316|    552|    0|
    |fadd_32ns_32ns_32_7_full_dsp_1_U828             |fadd_32ns_32ns_32_7_full_dsp_1       |        0|    2|    318|    198|    0|
    |fadd_32ns_32ns_32_7_full_dsp_1_U829             |fadd_32ns_32ns_32_7_full_dsp_1       |        0|    2|    318|    198|    0|
    |fadd_32ns_32ns_32_7_full_dsp_1_U830             |fadd_32ns_32ns_32_7_full_dsp_1       |        0|    2|    318|    198|    0|
    |fadd_32ns_32ns_32_7_full_dsp_1_U831             |fadd_32ns_32ns_32_7_full_dsp_1       |        0|    2|    318|    198|    0|
    |fadd_32ns_32ns_32_7_full_dsp_1_U832             |fadd_32ns_32ns_32_7_full_dsp_1       |        0|    2|    318|    198|    0|
    |fadd_32ns_32ns_32_7_full_dsp_1_U833             |fadd_32ns_32ns_32_7_full_dsp_1       |        0|    2|    318|    198|    0|
    |fadd_32ns_32ns_32_7_full_dsp_1_U834             |fadd_32ns_32ns_32_7_full_dsp_1       |        0|    2|    318|    198|    0|
    |fadd_32ns_32ns_32_7_full_dsp_1_U835             |fadd_32ns_32ns_32_7_full_dsp_1       |        0|    2|    318|    198|    0|
    |fadd_32ns_32ns_32_7_full_dsp_1_U836             |fadd_32ns_32ns_32_7_full_dsp_1       |        0|    2|    318|    198|    0|
    |fadd_32ns_32ns_32_7_full_dsp_1_U837             |fadd_32ns_32ns_32_7_full_dsp_1       |        0|    2|    318|    198|    0|
    |fadd_32ns_32ns_32_7_full_dsp_1_U838             |fadd_32ns_32ns_32_7_full_dsp_1       |        0|    2|    318|    198|    0|
    |fadd_32ns_32ns_32_7_full_dsp_1_U839             |fadd_32ns_32ns_32_7_full_dsp_1       |        0|    2|    318|    198|    0|
    |fadd_32ns_32ns_32_7_full_dsp_1_U840             |fadd_32ns_32ns_32_7_full_dsp_1       |        0|    2|    318|    198|    0|
    |fadd_32ns_32ns_32_7_full_dsp_1_U841             |fadd_32ns_32ns_32_7_full_dsp_1       |        0|    2|    318|    198|    0|
    |fadd_32ns_32ns_32_7_full_dsp_1_U842             |fadd_32ns_32ns_32_7_full_dsp_1       |        0|    2|    318|    198|    0|
    |fadd_32ns_32ns_32_7_full_dsp_1_U859             |fadd_32ns_32ns_32_7_full_dsp_1       |        0|    2|    318|    198|    0|
    |fadd_32ns_32ns_32_7_full_dsp_1_U860             |fadd_32ns_32ns_32_7_full_dsp_1       |        0|    2|    318|    198|    0|
    |fadd_32ns_32ns_32_7_full_dsp_1_U861             |fadd_32ns_32ns_32_7_full_dsp_1       |        0|    2|    318|    198|    0|
    |fadd_32ns_32ns_32_7_full_dsp_1_U862             |fadd_32ns_32ns_32_7_full_dsp_1       |        0|    2|    318|    198|    0|
    |fadd_32ns_32ns_32_7_full_dsp_1_U863             |fadd_32ns_32ns_32_7_full_dsp_1       |        0|    2|    318|    198|    0|
    |fadd_32ns_32ns_32_7_full_dsp_1_U864             |fadd_32ns_32ns_32_7_full_dsp_1       |        0|    2|    318|    198|    0|
    |fadd_32ns_32ns_32_7_full_dsp_1_U865             |fadd_32ns_32ns_32_7_full_dsp_1       |        0|    2|    318|    198|    0|
    |fadd_32ns_32ns_32_7_full_dsp_1_U866             |fadd_32ns_32ns_32_7_full_dsp_1       |        0|    2|    318|    198|    0|
    |fadd_32ns_32ns_32_7_full_dsp_1_U867             |fadd_32ns_32ns_32_7_full_dsp_1       |        0|    2|    318|    198|    0|
    |fadd_32ns_32ns_32_7_full_dsp_1_U868             |fadd_32ns_32ns_32_7_full_dsp_1       |        0|    2|    318|    198|    0|
    |fadd_32ns_32ns_32_7_full_dsp_1_U869             |fadd_32ns_32ns_32_7_full_dsp_1       |        0|    2|    318|    198|    0|
    |fadd_32ns_32ns_32_7_full_dsp_1_U870             |fadd_32ns_32ns_32_7_full_dsp_1       |        0|    2|    318|    198|    0|
    |fadd_32ns_32ns_32_7_full_dsp_1_U871             |fadd_32ns_32ns_32_7_full_dsp_1       |        0|    2|    318|    198|    0|
    |fadd_32ns_32ns_32_7_full_dsp_1_U872             |fadd_32ns_32ns_32_7_full_dsp_1       |        0|    2|    318|    198|    0|
    |fadd_32ns_32ns_32_7_full_dsp_1_U873             |fadd_32ns_32ns_32_7_full_dsp_1       |        0|    2|    318|    198|    0|
    |fadd_32ns_32ns_32_7_full_dsp_1_U874             |fadd_32ns_32ns_32_7_full_dsp_1       |        0|    2|    318|    198|    0|
    |faddfsub_32ns_32ns_32_7_full_dsp_1_U827         |faddfsub_32ns_32ns_32_7_full_dsp_1   |        0|    2|    318|    198|    0|
    |faddfsub_32ns_32ns_32_7_full_dsp_1_U843         |faddfsub_32ns_32ns_32_7_full_dsp_1   |        0|    2|    318|    198|    0|
    |faddfsub_32ns_32ns_32_7_full_dsp_1_U844         |faddfsub_32ns_32ns_32_7_full_dsp_1   |        0|    2|    318|    198|    0|
    |faddfsub_32ns_32ns_32_7_full_dsp_1_U845         |faddfsub_32ns_32ns_32_7_full_dsp_1   |        0|    2|    318|    198|    0|
    |faddfsub_32ns_32ns_32_7_full_dsp_1_U846         |faddfsub_32ns_32ns_32_7_full_dsp_1   |        0|    2|    318|    198|    0|
    |faddfsub_32ns_32ns_32_7_full_dsp_1_U847         |faddfsub_32ns_32ns_32_7_full_dsp_1   |        0|    2|    318|    198|    0|
    |faddfsub_32ns_32ns_32_7_full_dsp_1_U848         |faddfsub_32ns_32ns_32_7_full_dsp_1   |        0|    2|    318|    198|    0|
    |faddfsub_32ns_32ns_32_7_full_dsp_1_U849         |faddfsub_32ns_32ns_32_7_full_dsp_1   |        0|    2|    318|    198|    0|
    |faddfsub_32ns_32ns_32_7_full_dsp_1_U850         |faddfsub_32ns_32ns_32_7_full_dsp_1   |        0|    2|    318|    198|    0|
    |faddfsub_32ns_32ns_32_7_full_dsp_1_U851         |faddfsub_32ns_32ns_32_7_full_dsp_1   |        0|    2|    318|    198|    0|
    |faddfsub_32ns_32ns_32_7_full_dsp_1_U852         |faddfsub_32ns_32ns_32_7_full_dsp_1   |        0|    2|    318|    198|    0|
    |faddfsub_32ns_32ns_32_7_full_dsp_1_U853         |faddfsub_32ns_32ns_32_7_full_dsp_1   |        0|    2|    318|    198|    0|
    |faddfsub_32ns_32ns_32_7_full_dsp_1_U854         |faddfsub_32ns_32ns_32_7_full_dsp_1   |        0|    2|    318|    198|    0|
    |faddfsub_32ns_32ns_32_7_full_dsp_1_U855         |faddfsub_32ns_32ns_32_7_full_dsp_1   |        0|    2|    318|    198|    0|
    |faddfsub_32ns_32ns_32_7_full_dsp_1_U856         |faddfsub_32ns_32ns_32_7_full_dsp_1   |        0|    2|    318|    198|    0|
    |faddfsub_32ns_32ns_32_7_full_dsp_1_U857         |faddfsub_32ns_32ns_32_7_full_dsp_1   |        0|    2|    318|    198|    0|
    |faddfsub_32ns_32ns_32_7_full_dsp_1_U858         |faddfsub_32ns_32ns_32_7_full_dsp_1   |        0|    2|    318|    198|    0|
    |fmul_32ns_32ns_32_4_max_dsp_1_U875              |fmul_32ns_32ns_32_4_max_dsp_1        |        0|    3|    143|     78|    0|
    |fmul_32ns_32ns_32_4_max_dsp_1_U876              |fmul_32ns_32ns_32_4_max_dsp_1        |        0|    3|    143|     78|    0|
    |fmul_32ns_32ns_32_4_max_dsp_1_U877              |fmul_32ns_32ns_32_4_max_dsp_1        |        0|    3|    143|     78|    0|
    |fmul_32ns_32ns_32_4_max_dsp_1_U878              |fmul_32ns_32ns_32_4_max_dsp_1        |        0|    3|    143|     78|    0|
    |fmul_32ns_32ns_32_4_max_dsp_1_U879              |fmul_32ns_32ns_32_4_max_dsp_1        |        0|    3|    143|     78|    0|
    |fmul_32ns_32ns_32_4_max_dsp_1_U880              |fmul_32ns_32ns_32_4_max_dsp_1        |        0|    3|    143|     78|    0|
    |fmul_32ns_32ns_32_4_max_dsp_1_U881              |fmul_32ns_32ns_32_4_max_dsp_1        |        0|    3|    143|     78|    0|
    |fmul_32ns_32ns_32_4_max_dsp_1_U882              |fmul_32ns_32ns_32_4_max_dsp_1        |        0|    3|    143|     78|    0|
    |fmul_32ns_32ns_32_4_max_dsp_1_U883              |fmul_32ns_32ns_32_4_max_dsp_1        |        0|    3|    143|     78|    0|
    |fmul_32ns_32ns_32_4_max_dsp_1_U884              |fmul_32ns_32ns_32_4_max_dsp_1        |        0|    3|    143|     78|    0|
    |fmul_32ns_32ns_32_4_max_dsp_1_U885              |fmul_32ns_32ns_32_4_max_dsp_1        |        0|    3|    143|     78|    0|
    |fmul_32ns_32ns_32_4_max_dsp_1_U886              |fmul_32ns_32ns_32_4_max_dsp_1        |        0|    3|    143|     78|    0|
    |fmul_32ns_32ns_32_4_max_dsp_1_U887              |fmul_32ns_32ns_32_4_max_dsp_1        |        0|    3|    143|     78|    0|
    |fmul_32ns_32ns_32_4_max_dsp_1_U888              |fmul_32ns_32ns_32_4_max_dsp_1        |        0|    3|    143|     78|    0|
    |fmul_32ns_32ns_32_4_max_dsp_1_U889              |fmul_32ns_32ns_32_4_max_dsp_1        |        0|    3|    143|     78|    0|
    |fmul_32ns_32ns_32_4_max_dsp_1_U890              |fmul_32ns_32ns_32_4_max_dsp_1        |        0|    3|    143|     78|    0|
    |fmul_32ns_32ns_32_4_max_dsp_1_U891              |fmul_32ns_32ns_32_4_max_dsp_1        |        0|    3|    143|     78|    0|
    |fmul_32ns_32ns_32_4_max_dsp_1_U892              |fmul_32ns_32ns_32_4_max_dsp_1        |        0|    3|    143|     78|    0|
    |fmul_32ns_32ns_32_4_max_dsp_1_U893              |fmul_32ns_32ns_32_4_max_dsp_1        |        0|    3|    143|     78|    0|
    |fmul_32ns_32ns_32_4_max_dsp_1_U894              |fmul_32ns_32ns_32_4_max_dsp_1        |        0|    3|    143|     78|    0|
    |fmul_32ns_32ns_32_4_max_dsp_1_U895              |fmul_32ns_32ns_32_4_max_dsp_1        |        0|    3|    143|     78|    0|
    |fmul_32ns_32ns_32_4_max_dsp_1_U896              |fmul_32ns_32ns_32_4_max_dsp_1        |        0|    3|    143|     78|    0|
    |fmul_32ns_32ns_32_4_max_dsp_1_U897              |fmul_32ns_32ns_32_4_max_dsp_1        |        0|    3|    143|     78|    0|
    |fmul_32ns_32ns_32_4_max_dsp_1_U898              |fmul_32ns_32ns_32_4_max_dsp_1        |        0|    3|    143|     78|    0|
    |fmul_32ns_32ns_32_4_max_dsp_1_U899              |fmul_32ns_32ns_32_4_max_dsp_1        |        0|    3|    143|     78|    0|
    |fmul_32ns_32ns_32_4_max_dsp_1_U900              |fmul_32ns_32ns_32_4_max_dsp_1        |        0|    3|    143|     78|    0|
    |fmul_32ns_32ns_32_4_max_dsp_1_U901              |fmul_32ns_32ns_32_4_max_dsp_1        |        0|    3|    143|     78|    0|
    |fmul_32ns_32ns_32_4_max_dsp_1_U902              |fmul_32ns_32ns_32_4_max_dsp_1        |        0|    3|    143|     78|    0|
    |fmul_32ns_32ns_32_4_max_dsp_1_U903              |fmul_32ns_32ns_32_4_max_dsp_1        |        0|    3|    143|     78|    0|
    |fmul_32ns_32ns_32_4_max_dsp_1_U904              |fmul_32ns_32ns_32_4_max_dsp_1        |        0|    3|    143|     78|    0|
    |fmul_32ns_32ns_32_4_max_dsp_1_U905              |fmul_32ns_32ns_32_4_max_dsp_1        |        0|    3|    143|     78|    0|
    |fmul_32ns_32ns_32_4_max_dsp_1_U906              |fmul_32ns_32ns_32_4_max_dsp_1        |        0|    3|    143|     78|    0|
    |gmem_norm_m_axi_U                               |gmem_norm_m_axi                      |        0|    0|   4567|   8001|    0|
    |gmem_o_m_axi_U                                  |gmem_o_m_axi                         |        0|    0|   4567|   8001|    0|
    |grp_initialize_projection_fu_191                |initialize_projection                |        0|    0|   1173|   1291|    0|
    |grp_load_attention_residual_stream_fu_184       |load_attention_residual_stream       |        0|    0|    555|    205|    0|
    |grp_read_context_group_fu_199                   |read_context_group                   |        0|    0|    301|    229|    0|
    |grp_residual_norm_to_full_model_streams_fu_206  |residual_norm_to_full_model_streams  |       16|    9|  11574|   7116|    0|
    +------------------------------------------------+-------------------------------------+---------+-----+-------+-------+-----+
    |Total                                           |                                     |       16|  393|  87021|  66559|    0|
    +------------------------------------------------+-------------------------------------+---------+-----+-------+-------+-----+

    * DSP: 
    N/A

    * Memory: 
    +-----------------+--------------------------------+---------+---+-----+-----+-------+-----+------+-------------+
    |      Memory     |             Module             | BRAM_18K| FF| LUT | URAM| Words | Bits| Banks| W*Bits*Banks|
    +-----------------+--------------------------------+---------+---+-----+-----+-------+-----+------+-------------+
    |context_group_U  |context_group_RAM_2P_URAM_1R1W  |        0|  0|    0|    4|   2048|  256|     1|       524288|
    |projected_U      |projected_RAM_2P_URAM_1R1W      |        0|  2|  293|   12|  12288|  256|     1|      3145728|
    |residual_U       |residual_RAM_2P_URAM_1R1W       |        0|  1|  581|   16|   6144|  512|     1|      3145728|
    +-----------------+--------------------------------+---------+---+-----+-----+-------+-----+------+-------------+
    |Total            |                                |        0|  3|  874|   32|  20480| 1024|     3|      6815744|
    +-----------------+--------------------------------+---------+---+-----+-----+-------+-----+------+-------------+

    * FIFO: 
    N/A

    * Expression: 
    +---------------------------------------------------------------------------+----------+----+---+----+------------+------------+
    |                               Variable Name                               | Operation| DSP| FF| LUT| Bitwidth P0| Bitwidth P1|
    +---------------------------------------------------------------------------+----------+----+---+----+------------+------------+
    |add_ln487_fu_245_p2                                                        |         +|   0|  0|  12|           4|           1|
    |add_ln494_fu_285_p2                                                        |         +|   0|  0|  71|          64|          64|
    |add_ln504_fu_338_p2                                                        |         +|   0|  0|  71|          64|          64|
    |add_ln505_fu_343_p2                                                        |         +|   0|  0|  71|          64|          64|
    |empty_44_fu_320_p2                                                         |         +|   0|  0|  64|          64|          64|
    |group_1_fu_332_p2                                                          |         +|   0|  0|  10|           3|           1|
    |tmp_fu_315_p2                                                              |         +|   0|  0|  64|          64|          64|
    |sub_ln494_fu_275_p2                                                        |         -|   0|  0|  24|          17|          17|
    |grp_residual_norm_to_full_model_streams_fu_206_attn_mid_stream_TREADY      |       and|   0|  0|   2|           1|           1|
    |grp_residual_norm_to_full_model_streams_fu_206_ffn_residual_stream_TREADY  |       and|   0|  0|   2|           1|           1|
    |icmp_ln487_fu_239_p2                                                       |      icmp|   0|  0|   9|           4|           4|
    |icmp_ln496_fu_326_p2                                                       |      icmp|   0|  0|   8|           3|           3|
    |ap_block_state3_on_subcall_done                                            |        or|   0|  0|   2|           1|           1|
    |ap_block_state9                                                            |        or|   0|  0|   2|           1|           1|
    +---------------------------------------------------------------------------+----------+----+---+----+------------+------------+
    |Total                                                                      |          |   0|  0| 412|         355|         350|
    +---------------------------------------------------------------------------+----------+----+---+----+------------+------------+

    * Multiplexer: 
    +-----------------------------------------------+----+-----------+-----+-----------+
    |                      Name                     | LUT| Input Size| Bits| Total Bits|
    +-----------------------------------------------+----+-----------+-----+-----------+
    |ap_NS_fsm                                      |  54|         10|    1|         10|
    |attention_residual_stream_TREADY_int_regslice  |   9|          2|    1|          2|
    |context_group_address1                         |  14|          3|   11|         33|
    |context_group_ce0                              |   9|          2|    1|          2|
    |context_group_ce1                              |  14|          3|    1|          3|
    |context_group_we1                              |   9|          2|    1|          2|
    |context_stream_TREADY_int_regslice             |   9|          2|    1|          2|
    |gmem_norm_ARVALID                              |   9|          2|    1|          2|
    |gmem_norm_RREADY                               |   9|          2|    1|          2|
    |gmem_o_ARADDR                                  |  14|          3|   64|        192|
    |gmem_o_ARLEN                                   |  14|          3|   32|         96|
    |gmem_o_ARVALID                                 |  14|          3|    1|          3|
    |gmem_o_RREADY                                  |  14|          3|    1|          3|
    |group_reg_172                                  |   9|          2|    3|          6|
    |grp_fu_421_ce                                  |  14|          3|    1|          3|
    |grp_fu_421_opcode                              |  14|          3|    2|          6|
    |grp_fu_421_p0                                  |  14|          3|   32|         96|
    |grp_fu_421_p1                                  |  14|          3|   32|         96|
    |grp_fu_425_ce                                  |  14|          3|    1|          3|
    |grp_fu_425_p0                                  |  14|          3|   32|         96|
    |grp_fu_425_p1                                  |  14|          3|   32|         96|
    |grp_fu_429_ce                                  |  14|          3|    1|          3|
    |grp_fu_429_p0                                  |  14|          3|   32|         96|
    |grp_fu_429_p1                                  |  14|          3|   32|         96|
    |grp_fu_433_ce                                  |  14|          3|    1|          3|
    |grp_fu_433_p0                                  |  14|          3|   32|         96|
    |grp_fu_433_p1                                  |  14|          3|   32|         96|
    |grp_fu_437_ce                                  |  14|          3|    1|          3|
    |grp_fu_437_p0                                  |  14|          3|   32|         96|
    |grp_fu_437_p1                                  |  14|          3|   32|         96|
    |grp_fu_441_ce                                  |  14|          3|    1|          3|
    |grp_fu_441_p0                                  |  14|          3|   32|         96|
    |grp_fu_441_p1                                  |  14|          3|   32|         96|
    |grp_fu_445_ce                                  |  14|          3|    1|          3|
    |grp_fu_445_p0                                  |  14|          3|   32|         96|
    |grp_fu_445_p1                                  |  14|          3|   32|         96|
    |grp_fu_449_ce                                  |  14|          3|    1|          3|
    |grp_fu_449_p0                                  |  14|          3|   32|         96|
    |grp_fu_449_p1                                  |  14|          3|   32|         96|
    |grp_fu_453_ce                                  |  14|          3|    1|          3|
    |grp_fu_453_p0                                  |  14|          3|   32|         96|
    |grp_fu_453_p1                                  |  14|          3|   32|         96|
    |grp_fu_457_ce                                  |  14|          3|    1|          3|
    |grp_fu_457_p0                                  |  14|          3|   32|         96|
    |grp_fu_457_p1                                  |  14|          3|   32|         96|
    |grp_fu_461_ce                                  |  14|          3|    1|          3|
    |grp_fu_461_p0                                  |  14|          3|   32|         96|
    |grp_fu_461_p1                                  |  14|          3|   32|         96|
    |grp_fu_465_ce                                  |  14|          3|    1|          3|
    |grp_fu_465_p0                                  |  14|          3|   32|         96|
    |grp_fu_465_p1                                  |  14|          3|   32|         96|
    |grp_fu_469_ce                                  |  14|          3|    1|          3|
    |grp_fu_469_p0                                  |  14|          3|   32|         96|
    |grp_fu_469_p1                                  |  14|          3|   32|         96|
    |grp_fu_473_ce                                  |  14|          3|    1|          3|
    |grp_fu_473_p0                                  |  14|          3|   32|         96|
    |grp_fu_473_p1                                  |  14|          3|   32|         96|
    |grp_fu_477_ce                                  |  14|          3|    1|          3|
    |grp_fu_477_p0                                  |  14|          3|   32|         96|
    |grp_fu_477_p1                                  |  14|          3|   32|         96|
    |grp_fu_481_ce                                  |  14|          3|    1|          3|
    |grp_fu_481_p0                                  |  14|          3|   32|         96|
    |grp_fu_481_p1                                  |  14|          3|   32|         96|
    |grp_fu_485_ce                                  |  14|          3|    1|          3|
    |grp_fu_485_opcode                              |  14|          3|    2|          6|
    |grp_fu_485_p0                                  |  14|          3|   32|         96|
    |grp_fu_485_p1                                  |  14|          3|   32|         96|
    |grp_fu_489_ce                                  |  14|          3|    1|          3|
    |grp_fu_489_opcode                              |  14|          3|    2|          6|
    |grp_fu_489_p0                                  |  14|          3|   32|         96|
    |grp_fu_489_p1                                  |  14|          3|   32|         96|
    |grp_fu_493_ce                                  |  14|          3|    1|          3|
    |grp_fu_493_opcode                              |  14|          3|    2|          6|
    |grp_fu_493_p0                                  |  14|          3|   32|         96|
    |grp_fu_493_p1                                  |  14|          3|   32|         96|
    |grp_fu_497_ce                                  |  14|          3|    1|          3|
    |grp_fu_497_opcode                              |  14|          3|    2|          6|
    |grp_fu_497_p0                                  |  14|          3|   32|         96|
    |grp_fu_497_p1                                  |  14|          3|   32|         96|
    |grp_fu_501_ce                                  |  14|          3|    1|          3|
    |grp_fu_501_opcode                              |  14|          3|    2|          6|
    |grp_fu_501_p0                                  |  14|          3|   32|         96|
    |grp_fu_501_p1                                  |  14|          3|   32|         96|
    |grp_fu_505_ce                                  |  14|          3|    1|          3|
    |grp_fu_505_opcode                              |  14|          3|    2|          6|
    |grp_fu_505_p0                                  |  14|          3|   32|         96|
    |grp_fu_505_p1                                  |  14|          3|   32|         96|
    |grp_fu_509_ce                                  |  14|          3|    1|          3|
    |grp_fu_509_opcode                              |  14|          3|    2|          6|
    |grp_fu_509_p0                                  |  14|          3|   32|         96|
    |grp_fu_509_p1                                  |  14|          3|   32|         96|
    |grp_fu_513_ce                                  |  14|          3|    1|          3|
    |grp_fu_513_opcode                              |  14|          3|    2|          6|
    |grp_fu_513_p0                                  |  14|          3|   32|         96|
    |grp_fu_513_p1                                  |  14|          3|   32|         96|
    |grp_fu_517_ce                                  |  14|          3|    1|          3|
    |grp_fu_517_opcode                              |  14|          3|    2|          6|
    |grp_fu_517_p0                                  |  14|          3|   32|         96|
    |grp_fu_517_p1                                  |  14|          3|   32|         96|
    |grp_fu_521_ce                                  |  14|          3|    1|          3|
    |grp_fu_521_opcode                              |  14|          3|    2|          6|
    |grp_fu_521_p0                                  |  14|          3|   32|         96|
    |grp_fu_521_p1                                  |  14|          3|   32|         96|
    |grp_fu_525_ce                                  |  14|          3|    1|          3|
    |grp_fu_525_opcode                              |  14|          3|    2|          6|
    |grp_fu_525_p0                                  |  14|          3|   32|         96|
    |grp_fu_525_p1                                  |  14|          3|   32|         96|
    |grp_fu_529_ce                                  |  14|          3|    1|          3|
    |grp_fu_529_opcode                              |  14|          3|    2|          6|
    |grp_fu_529_p0                                  |  14|          3|   32|         96|
    |grp_fu_529_p1                                  |  14|          3|   32|         96|
    |grp_fu_533_ce                                  |  14|          3|    1|          3|
    |grp_fu_533_opcode                              |  14|          3|    2|          6|
    |grp_fu_533_p0                                  |  14|          3|   32|         96|
    |grp_fu_533_p1                                  |  14|          3|   32|         96|
    |grp_fu_537_ce                                  |  14|          3|    1|          3|
    |grp_fu_537_opcode                              |  14|          3|    2|          6|
    |grp_fu_537_p0                                  |  14|          3|   32|         96|
    |grp_fu_537_p1                                  |  14|          3|   32|         96|
    |grp_fu_541_ce                                  |  14|          3|    1|          3|
    |grp_fu_541_opcode                              |  14|          3|    2|          6|
    |grp_fu_541_p0                                  |  14|          3|   32|         96|
    |grp_fu_541_p1                                  |  14|          3|   32|         96|
    |grp_fu_545_ce                                  |  14|          3|    1|          3|
    |grp_fu_545_opcode                              |  14|          3|    2|          6|
    |grp_fu_545_p0                                  |  14|          3|   32|         96|
    |grp_fu_545_p1                                  |  14|          3|   32|         96|
    |grp_fu_549_ce                                  |  14|          3|    1|          3|
    |grp_fu_549_p0                                  |  14|          3|   32|         96|
    |grp_fu_549_p1                                  |  14|          3|   32|         96|
    |grp_fu_553_ce                                  |  14|          3|    1|          3|
    |grp_fu_553_p0                                  |  14|          3|   32|         96|
    |grp_fu_553_p1                                  |  14|          3|   32|         96|
    |grp_fu_557_ce                                  |  14|          3|    1|          3|
    |grp_fu_557_p0                                  |  14|          3|   32|         96|
    |grp_fu_557_p1                                  |  14|          3|   32|         96|
    |grp_fu_561_ce                                  |  14|          3|    1|          3|
    |grp_fu_561_p0                                  |  14|          3|   32|         96|
    |grp_fu_561_p1                                  |  14|          3|   32|         96|
    |grp_fu_565_ce                                  |  14|          3|    1|          3|
    |grp_fu_565_p0                                  |  14|          3|   32|         96|
    |grp_fu_565_p1                                  |  14|          3|   32|         96|
    |grp_fu_569_ce                                  |  14|          3|    1|          3|
    |grp_fu_569_p0                                  |  14|          3|   32|         96|
    |grp_fu_569_p1                                  |  14|          3|   32|         96|
    |grp_fu_573_ce                                  |  14|          3|    1|          3|
    |grp_fu_573_p0                                  |  14|          3|   32|         96|
    |grp_fu_573_p1                                  |  14|          3|   32|         96|
    |grp_fu_577_ce                                  |  14|          3|    1|          3|
    |grp_fu_577_p0                                  |  14|          3|   32|         96|
    |grp_fu_577_p1                                  |  14|          3|   32|         96|
    |grp_fu_581_ce                                  |  14|          3|    1|          3|
    |grp_fu_581_p0                                  |  14|          3|   32|         96|
    |grp_fu_581_p1                                  |  14|          3|   32|         96|
    |grp_fu_585_ce                                  |  14|          3|    1|          3|
    |grp_fu_585_p0                                  |  14|          3|   32|         96|
    |grp_fu_585_p1                                  |  14|          3|   32|         96|
    |grp_fu_589_ce                                  |  14|          3|    1|          3|
    |grp_fu_589_p0                                  |  14|          3|   32|         96|
    |grp_fu_589_p1                                  |  14|          3|   32|         96|
    |grp_fu_593_ce                                  |  14|          3|    1|          3|
    |grp_fu_593_p0                                  |  14|          3|   32|         96|
    |grp_fu_593_p1                                  |  14|          3|   32|         96|
    |grp_fu_597_ce                                  |  14|          3|    1|          3|
    |grp_fu_597_p0                                  |  14|          3|   32|         96|
    |grp_fu_597_p1                                  |  14|          3|   32|         96|
    |grp_fu_601_ce                                  |  14|          3|    1|          3|
    |grp_fu_601_p0                                  |  14|          3|   32|         96|
    |grp_fu_601_p1                                  |  14|          3|   32|         96|
    |grp_fu_605_ce                                  |  14|          3|    1|          3|
    |grp_fu_605_p0                                  |  14|          3|   32|         96|
    |grp_fu_605_p1                                  |  14|          3|   32|         96|
    |grp_fu_609_ce                                  |  14|          3|    1|          3|
    |grp_fu_609_p0                                  |  14|          3|   32|         96|
    |grp_fu_609_p1                                  |  14|          3|   32|         96|
    |grp_fu_613_ce                                  |  14|          3|    1|          3|
    |grp_fu_613_p0                                  |  14|          3|   32|         96|
    |grp_fu_613_p1                                  |  14|          3|   32|         96|
    |grp_fu_617_ce                                  |  14|          3|    1|          3|
    |grp_fu_617_p0                                  |  14|          3|   32|         96|
    |grp_fu_617_p1                                  |  14|          3|   32|         96|
    |grp_fu_621_ce                                  |  14|          3|    1|          3|
    |grp_fu_621_p0                                  |  14|          3|   32|         96|
    |grp_fu_621_p1                                  |  14|          3|   32|         96|
    |grp_fu_625_ce                                  |  14|          3|    1|          3|
    |grp_fu_625_p0                                  |  14|          3|   32|         96|
    |grp_fu_625_p1                                  |  14|          3|   32|         96|
    |grp_fu_629_ce                                  |  14|          3|    1|          3|
    |grp_fu_629_p0                                  |  14|          3|   32|         96|
    |grp_fu_629_p1                                  |  14|          3|   32|         96|
    |grp_fu_633_ce                                  |  14|          3|    1|          3|
    |grp_fu_633_p0                                  |  14|          3|   32|         96|
    |grp_fu_633_p1                                  |  14|          3|   32|         96|
    |grp_fu_637_ce                                  |  14|          3|    1|          3|
    |grp_fu_637_p0                                  |  14|          3|   32|         96|
    |grp_fu_637_p1                                  |  14|          3|   32|         96|
    |grp_fu_641_ce                                  |  14|          3|    1|          3|
    |grp_fu_641_p0                                  |  14|          3|   32|         96|
    |grp_fu_641_p1                                  |  14|          3|   32|         96|
    |grp_fu_645_ce                                  |  14|          3|    1|          3|
    |grp_fu_645_p0                                  |  14|          3|   32|         96|
    |grp_fu_645_p1                                  |  14|          3|   32|         96|
    |grp_fu_649_ce                                  |  14|          3|    1|          3|
    |grp_fu_649_p0                                  |  14|          3|   32|         96|
    |grp_fu_649_p1                                  |  14|          3|   32|         96|
    |grp_fu_653_ce                                  |  14|          3|    1|          3|
    |grp_fu_653_p0                                  |  14|          3|   32|         96|
    |grp_fu_653_p1                                  |  14|          3|   32|         96|
    |grp_fu_657_ce                                  |  14|          3|    1|          3|
    |grp_fu_657_p0                                  |  14|          3|   32|         96|
    |grp_fu_657_p1                                  |  14|          3|   32|         96|
    |grp_fu_661_ce                                  |  14|          3|    1|          3|
    |grp_fu_661_p0                                  |  14|          3|   32|         96|
    |grp_fu_661_p1                                  |  14|          3|   32|         96|
    |grp_fu_665_ce                                  |  14|          3|    1|          3|
    |grp_fu_665_p0                                  |  14|          3|   32|         96|
    |grp_fu_665_p1                                  |  14|          3|   32|         96|
    |grp_fu_669_ce                                  |  14|          3|    1|          3|
    |grp_fu_669_p0                                  |  14|          3|   32|         96|
    |grp_fu_669_p1                                  |  14|          3|   32|         96|
    |grp_fu_673_ce                                  |  14|          3|    1|          3|
    |grp_fu_673_p0                                  |  14|          3|   32|         96|
    |grp_fu_673_p1                                  |  14|          3|   32|         96|
    |grp_fu_677_ce                                  |  14|          3|    1|          3|
    |grp_fu_677_p0                                  |  14|          3|   32|         96|
    |grp_fu_677_p1                                  |  14|          3|   32|         96|
    |grp_fu_681_ce                                  |  14|          3|    1|          3|
    |grp_fu_681_p0                                  |  14|          3|   32|         96|
    |grp_fu_681_p1                                  |  14|          3|   32|         96|
    |grp_fu_685_ce                                  |  14|          3|    1|          3|
    |grp_fu_685_p0                                  |  14|          3|   32|         96|
    |grp_fu_685_p1                                  |  14|          3|   32|         96|
    |grp_fu_689_ce                                  |  14|          3|    1|          3|
    |grp_fu_689_p0                                  |  14|          3|   32|         96|
    |grp_fu_689_p1                                  |  14|          3|   32|         96|
    |grp_fu_693_ce                                  |  14|          3|    1|          3|
    |grp_fu_693_p0                                  |  14|          3|   32|         96|
    |grp_fu_693_p1                                  |  14|          3|   32|         96|
    |grp_fu_697_ce                                  |  14|          3|    1|          3|
    |grp_fu_697_p0                                  |  14|          3|   32|         96|
    |grp_fu_697_p1                                  |  14|          3|   32|         96|
    |grp_fu_701_ce                                  |  14|          3|    1|          3|
    |grp_fu_701_p0                                  |  14|          3|   32|         96|
    |grp_fu_701_p1                                  |  14|          3|   32|         96|
    |grp_fu_705_ce                                  |  14|          3|    1|          3|
    |grp_fu_705_p0                                  |  14|          3|   32|         96|
    |grp_fu_705_p1                                  |  14|          3|   32|         96|
    |grp_fu_709_ce                                  |  14|          3|    1|          3|
    |grp_fu_709_p0                                  |  14|          3|   32|         96|
    |grp_fu_709_p1                                  |  14|          3|   32|         96|
    |grp_fu_713_ce                                  |  14|          3|    1|          3|
    |grp_fu_713_p0                                  |  14|          3|   32|         96|
    |grp_fu_713_p1                                  |  14|          3|   32|         96|
    |grp_fu_717_ce                                  |  14|          3|    1|          3|
    |grp_fu_717_p0                                  |  14|          3|   32|         96|
    |grp_fu_717_p1                                  |  14|          3|   32|         96|
    |grp_fu_721_ce                                  |  14|          3|    1|          3|
    |grp_fu_721_p0                                  |  14|          3|   32|         96|
    |grp_fu_721_p1                                  |  14|          3|   32|         96|
    |grp_fu_725_ce                                  |  14|          3|    1|          3|
    |grp_fu_725_p0                                  |  14|          3|   32|         96|
    |grp_fu_725_p1                                  |  14|          3|   32|         96|
    |grp_fu_729_ce                                  |  14|          3|    1|          3|
    |grp_fu_729_p0                                  |  14|          3|   32|         96|
    |grp_fu_729_p1                                  |  14|          3|   32|         96|
    |grp_fu_733_ce                                  |  14|          3|    1|          3|
    |grp_fu_733_p0                                  |  14|          3|   32|         96|
    |grp_fu_733_p1                                  |  14|          3|   32|         96|
    |grp_fu_737_ce                                  |  14|          3|    1|          3|
    |grp_fu_737_p0                                  |  14|          3|   32|         96|
    |grp_fu_737_p1                                  |  14|          3|   32|         96|
    |layer_fu_132                                   |   9|          2|    4|          8|
    |projected_address0                             |  14|          3|   14|         42|
    |projected_address1                             |  20|          4|   14|         56|
    |projected_ce0                                  |  14|          3|    1|          3|
    |projected_ce1                                  |  20|          4|    1|          4|
    |projected_d1                                   |  14|          3|  256|        768|
    |projected_we1                                  |  14|          3|    1|          3|
    |residual_ce0                                   |   9|          2|    1|          2|
    |residual_ce1                                   |   9|          2|    1|          2|
    |residual_we1                                   |   9|          2|    1|          2|
    +-----------------------------------------------+----+-----------+-----+-----------+
    |Total                                          |3931|        841| 5648|      16950|
    +-----------------------------------------------+----+-----------+-----+-----------+

    * Register: 
    +-------------------------------------------------------------+----+----+-----+-----------+
    |                             Name                            | FF | LUT| Bits| Const Bits|
    +-------------------------------------------------------------+----+----+-----+-----------+
    |add_ln487_reg_382                                            |   4|   0|    4|          0|
    |add_ln494_reg_393                                            |  64|   0|   64|          0|
    |add_ln504_reg_411                                            |  64|   0|   64|          0|
    |add_ln505_reg_416                                            |  64|   0|   64|          0|
    |ap_CS_fsm                                                    |   9|   0|    9|          0|
    |attn_norm_beta_all_read_reg_359                              |  64|   0|   64|          0|
    |attn_norm_gamma_all_read_reg_364                             |  64|   0|   64|          0|
    |attn_o_b_all_read_reg_369                                    |  64|   0|   64|          0|
    |attn_o_w_all_read_reg_374                                    |  64|   0|   64|          0|
    |empty_44_reg_398                                             |  64|   0|   64|          0|
    |group_1_reg_406                                              |   3|   0|    3|          0|
    |group_reg_172                                                |   3|   0|    3|          0|
    |grp_accumulate_projection_group_fu_220_ap_start_reg          |   1|   0|    1|          0|
    |grp_initialize_projection_fu_191_ap_start_reg                |   1|   0|    1|          0|
    |grp_load_attention_residual_stream_fu_184_ap_start_reg       |   1|   0|    1|          0|
    |grp_read_context_group_fu_199_ap_start_reg                   |   1|   0|    1|          0|
    |grp_residual_norm_to_full_model_streams_fu_206_ap_start_reg  |   1|   0|    1|          0|
    |layer_fu_132                                                 |   4|   0|    4|          0|
    |sext_ln494_reg_387                                           |  54|   0|   64|         10|
    +-------------------------------------------------------------+----+----+-----+-----------+
    |Total                                                        | 594|   0|  604|         10|
    +-------------------------------------------------------------+----+----+-----+-----------+



================================================================
== Interface
================================================================
* Summary: 
+----------------------------------+-----+-----+------------+-----------------------------------+--------------+
|             RTL Ports            | Dir | Bits|  Protocol  |           Source Object           |    C Type    |
+----------------------------------+-----+-----+------------+-----------------------------------+--------------+
|s_axi_control_AWVALID             |   in|    1|       s_axi|                            control|        scalar|
|s_axi_control_AWREADY             |  out|    1|       s_axi|                            control|        scalar|
|s_axi_control_AWADDR              |   in|    6|       s_axi|                            control|        scalar|
|s_axi_control_WVALID              |   in|    1|       s_axi|                            control|        scalar|
|s_axi_control_WREADY              |  out|    1|       s_axi|                            control|        scalar|
|s_axi_control_WDATA               |   in|   32|       s_axi|                            control|        scalar|
|s_axi_control_WSTRB               |   in|    4|       s_axi|                            control|        scalar|
|s_axi_control_ARVALID             |   in|    1|       s_axi|                            control|        scalar|
|s_axi_control_ARREADY             |  out|    1|       s_axi|                            control|        scalar|
|s_axi_control_ARADDR              |   in|    6|       s_axi|                            control|        scalar|
|s_axi_control_RVALID              |  out|    1|       s_axi|                            control|        scalar|
|s_axi_control_RREADY              |   in|    1|       s_axi|                            control|        scalar|
|s_axi_control_RDATA               |  out|   32|       s_axi|                            control|        scalar|
|s_axi_control_RRESP               |  out|    2|       s_axi|                            control|        scalar|
|s_axi_control_BVALID              |  out|    1|       s_axi|                            control|        scalar|
|s_axi_control_BREADY              |   in|    1|       s_axi|                            control|        scalar|
|s_axi_control_BRESP               |  out|    2|       s_axi|                            control|        scalar|
|ap_clk                            |   in|    1|  ap_ctrl_hs|  bert_attn_out_norm_12layer_kernel|  return value|
|ap_rst_n                          |   in|    1|  ap_ctrl_hs|  bert_attn_out_norm_12layer_kernel|  return value|
|interrupt                         |  out|    1|  ap_ctrl_hs|  bert_attn_out_norm_12layer_kernel|  return value|
|m_axi_gmem_o_AWVALID              |  out|    1|       m_axi|                             gmem_o|       pointer|
|m_axi_gmem_o_AWREADY              |   in|    1|       m_axi|                             gmem_o|       pointer|
|m_axi_gmem_o_AWADDR               |  out|   64|       m_axi|                             gmem_o|       pointer|
|m_axi_gmem_o_AWID                 |  out|    1|       m_axi|                             gmem_o|       pointer|
|m_axi_gmem_o_AWLEN                |  out|    8|       m_axi|                             gmem_o|       pointer|
|m_axi_gmem_o_AWSIZE               |  out|    3|       m_axi|                             gmem_o|       pointer|
|m_axi_gmem_o_AWBURST              |  out|    2|       m_axi|                             gmem_o|       pointer|
|m_axi_gmem_o_AWLOCK               |  out|    2|       m_axi|                             gmem_o|       pointer|
|m_axi_gmem_o_AWCACHE              |  out|    4|       m_axi|                             gmem_o|       pointer|
|m_axi_gmem_o_AWPROT               |  out|    3|       m_axi|                             gmem_o|       pointer|
|m_axi_gmem_o_AWQOS                |  out|    4|       m_axi|                             gmem_o|       pointer|
|m_axi_gmem_o_AWREGION             |  out|    4|       m_axi|                             gmem_o|       pointer|
|m_axi_gmem_o_AWUSER               |  out|    1|       m_axi|                             gmem_o|       pointer|
|m_axi_gmem_o_WVALID               |  out|    1|       m_axi|                             gmem_o|       pointer|
|m_axi_gmem_o_WREADY               |   in|    1|       m_axi|                             gmem_o|       pointer|
|m_axi_gmem_o_WDATA                |  out|  512|       m_axi|                             gmem_o|       pointer|
|m_axi_gmem_o_WSTRB                |  out|   64|       m_axi|                             gmem_o|       pointer|
|m_axi_gmem_o_WLAST                |  out|    1|       m_axi|                             gmem_o|       pointer|
|m_axi_gmem_o_WID                  |  out|    1|       m_axi|                             gmem_o|       pointer|
|m_axi_gmem_o_WUSER                |  out|    1|       m_axi|                             gmem_o|       pointer|
|m_axi_gmem_o_ARVALID              |  out|    1|       m_axi|                             gmem_o|       pointer|
|m_axi_gmem_o_ARREADY              |   in|    1|       m_axi|                             gmem_o|       pointer|
|m_axi_gmem_o_ARADDR               |  out|   64|       m_axi|                             gmem_o|       pointer|
|m_axi_gmem_o_ARID                 |  out|    1|       m_axi|                             gmem_o|       pointer|
|m_axi_gmem_o_ARLEN                |  out|    8|       m_axi|                             gmem_o|       pointer|
|m_axi_gmem_o_ARSIZE               |  out|    3|       m_axi|                             gmem_o|       pointer|
|m_axi_gmem_o_ARBURST              |  out|    2|       m_axi|                             gmem_o|       pointer|
|m_axi_gmem_o_ARLOCK               |  out|    2|       m_axi|                             gmem_o|       pointer|
|m_axi_gmem_o_ARCACHE              |  out|    4|       m_axi|                             gmem_o|       pointer|
|m_axi_gmem_o_ARPROT               |  out|    3|       m_axi|                             gmem_o|       pointer|
|m_axi_gmem_o_ARQOS                |  out|    4|       m_axi|                             gmem_o|       pointer|
|m_axi_gmem_o_ARREGION             |  out|    4|       m_axi|                             gmem_o|       pointer|
|m_axi_gmem_o_ARUSER               |  out|    1|       m_axi|                             gmem_o|       pointer|
|m_axi_gmem_o_RVALID               |   in|    1|       m_axi|                             gmem_o|       pointer|
|m_axi_gmem_o_RREADY               |  out|    1|       m_axi|                             gmem_o|       pointer|
|m_axi_gmem_o_RDATA                |   in|  512|       m_axi|                             gmem_o|       pointer|
|m_axi_gmem_o_RLAST                |   in|    1|       m_axi|                             gmem_o|       pointer|
|m_axi_gmem_o_RID                  |   in|    1|       m_axi|                             gmem_o|       pointer|
|m_axi_gmem_o_RUSER                |   in|    1|       m_axi|                             gmem_o|       pointer|
|m_axi_gmem_o_RRESP                |   in|    2|       m_axi|                             gmem_o|       pointer|
|m_axi_gmem_o_BVALID               |   in|    1|       m_axi|                             gmem_o|       pointer|
|m_axi_gmem_o_BREADY               |  out|    1|       m_axi|                             gmem_o|       pointer|
|m_axi_gmem_o_BRESP                |   in|    2|       m_axi|                             gmem_o|       pointer|
|m_axi_gmem_o_BID                  |   in|    1|       m_axi|                             gmem_o|       pointer|
|m_axi_gmem_o_BUSER                |   in|    1|       m_axi|                             gmem_o|       pointer|
|m_axi_gmem_norm_AWVALID           |  out|    1|       m_axi|                          gmem_norm|       pointer|
|m_axi_gmem_norm_AWREADY           |   in|    1|       m_axi|                          gmem_norm|       pointer|
|m_axi_gmem_norm_AWADDR            |  out|   64|       m_axi|                          gmem_norm|       pointer|
|m_axi_gmem_norm_AWID              |  out|    1|       m_axi|                          gmem_norm|       pointer|
|m_axi_gmem_norm_AWLEN             |  out|    8|       m_axi|                          gmem_norm|       pointer|
|m_axi_gmem_norm_AWSIZE            |  out|    3|       m_axi|                          gmem_norm|       pointer|
|m_axi_gmem_norm_AWBURST           |  out|    2|       m_axi|                          gmem_norm|       pointer|
|m_axi_gmem_norm_AWLOCK            |  out|    2|       m_axi|                          gmem_norm|       pointer|
|m_axi_gmem_norm_AWCACHE           |  out|    4|       m_axi|                          gmem_norm|       pointer|
|m_axi_gmem_norm_AWPROT            |  out|    3|       m_axi|                          gmem_norm|       pointer|
|m_axi_gmem_norm_AWQOS             |  out|    4|       m_axi|                          gmem_norm|       pointer|
|m_axi_gmem_norm_AWREGION          |  out|    4|       m_axi|                          gmem_norm|       pointer|
|m_axi_gmem_norm_AWUSER            |  out|    1|       m_axi|                          gmem_norm|       pointer|
|m_axi_gmem_norm_WVALID            |  out|    1|       m_axi|                          gmem_norm|       pointer|
|m_axi_gmem_norm_WREADY            |   in|    1|       m_axi|                          gmem_norm|       pointer|
|m_axi_gmem_norm_WDATA             |  out|  512|       m_axi|                          gmem_norm|       pointer|
|m_axi_gmem_norm_WSTRB             |  out|   64|       m_axi|                          gmem_norm|       pointer|
|m_axi_gmem_norm_WLAST             |  out|    1|       m_axi|                          gmem_norm|       pointer|
|m_axi_gmem_norm_WID               |  out|    1|       m_axi|                          gmem_norm|       pointer|
|m_axi_gmem_norm_WUSER             |  out|    1|       m_axi|                          gmem_norm|       pointer|
|m_axi_gmem_norm_ARVALID           |  out|    1|       m_axi|                          gmem_norm|       pointer|
|m_axi_gmem_norm_ARREADY           |   in|    1|       m_axi|                          gmem_norm|       pointer|
|m_axi_gmem_norm_ARADDR            |  out|   64|       m_axi|                          gmem_norm|       pointer|
|m_axi_gmem_norm_ARID              |  out|    1|       m_axi|                          gmem_norm|       pointer|
|m_axi_gmem_norm_ARLEN             |  out|    8|       m_axi|                          gmem_norm|       pointer|
|m_axi_gmem_norm_ARSIZE            |  out|    3|       m_axi|                          gmem_norm|       pointer|
|m_axi_gmem_norm_ARBURST           |  out|    2|       m_axi|                          gmem_norm|       pointer|
|m_axi_gmem_norm_ARLOCK            |  out|    2|       m_axi|                          gmem_norm|       pointer|
|m_axi_gmem_norm_ARCACHE           |  out|    4|       m_axi|                          gmem_norm|       pointer|
|m_axi_gmem_norm_ARPROT            |  out|    3|       m_axi|                          gmem_norm|       pointer|
|m_axi_gmem_norm_ARQOS             |  out|    4|       m_axi|                          gmem_norm|       pointer|
|m_axi_gmem_norm_ARREGION          |  out|    4|       m_axi|                          gmem_norm|       pointer|
|m_axi_gmem_norm_ARUSER            |  out|    1|       m_axi|                          gmem_norm|       pointer|
|m_axi_gmem_norm_RVALID            |   in|    1|       m_axi|                          gmem_norm|       pointer|
|m_axi_gmem_norm_RREADY            |  out|    1|       m_axi|                          gmem_norm|       pointer|
|m_axi_gmem_norm_RDATA             |   in|  512|       m_axi|                          gmem_norm|       pointer|
|m_axi_gmem_norm_RLAST             |   in|    1|       m_axi|                          gmem_norm|       pointer|
|m_axi_gmem_norm_RID               |   in|    1|       m_axi|                          gmem_norm|       pointer|
|m_axi_gmem_norm_RUSER             |   in|    1|       m_axi|                          gmem_norm|       pointer|
|m_axi_gmem_norm_RRESP             |   in|    2|       m_axi|                          gmem_norm|       pointer|
|m_axi_gmem_norm_BVALID            |   in|    1|       m_axi|                          gmem_norm|       pointer|
|m_axi_gmem_norm_BREADY            |  out|    1|       m_axi|                          gmem_norm|       pointer|
|m_axi_gmem_norm_BRESP             |   in|    2|       m_axi|                          gmem_norm|       pointer|
|m_axi_gmem_norm_BID               |   in|    1|       m_axi|                          gmem_norm|       pointer|
|m_axi_gmem_norm_BUSER             |   in|    1|       m_axi|                          gmem_norm|       pointer|
|context_stream_TDATA              |   in|  512|        axis|                     context_stream|       pointer|
|context_stream_TVALID             |   in|    1|        axis|                     context_stream|       pointer|
|context_stream_TREADY             |  out|    1|        axis|                     context_stream|       pointer|
|attention_residual_stream_TDATA   |   in|  512|        axis|          attention_residual_stream|       pointer|
|attention_residual_stream_TVALID  |   in|    1|        axis|          attention_residual_stream|       pointer|
|attention_residual_stream_TREADY  |  out|    1|        axis|          attention_residual_stream|       pointer|
|attn_mid_stream_TDATA             |  out|  512|        axis|                    attn_mid_stream|       pointer|
|attn_mid_stream_TVALID            |  out|    1|        axis|                    attn_mid_stream|       pointer|
|attn_mid_stream_TREADY            |   in|    1|        axis|                    attn_mid_stream|       pointer|
|ffn_residual_stream_TDATA         |  out|  512|        axis|                ffn_residual_stream|       pointer|
|ffn_residual_stream_TVALID        |  out|    1|        axis|                ffn_residual_stream|       pointer|
|ffn_residual_stream_TREADY        |   in|    1|        axis|                ffn_residual_stream|       pointer|
+----------------------------------+-----+-----+------------+-----------------------------------+--------------+

