

================================================================
== Vitis HLS Report for 'initialize_projection_Pipeline_INIT_PROJECTION_ROW_INIT_PROJECTION_OUT'
================================================================
* Date:           Wed Jul 15 12:16:14 2026

* Version:        2022.1 (Build 3526262 on Mon Apr 18 15:47:01 MDT 2022)
* Project:        proj_bert_attn_out_norm_12layer_kernel
* Solution:       solution1 (Vivado IP Flow Target)
* Product family: virtexuplus
* Target device:  xcu250-figd2104-2L-e


================================================================
== Performance Estimates
================================================================
+ Timing: 
    * Summary: 
    +--------+---------+----------+------------+
    |  Clock |  Target | Estimated| Uncertainty|
    +--------+---------+----------+------------+
    |ap_clk  |  3.33 ns|  1.767 ns|     0.90 ns|
    +--------+---------+----------+------------+

+ Latency: 
    * Summary: 
    +---------+---------+----------+----------+-----+-----+---------+
    |  Latency (cycles) |  Latency (absolute) |  Interval | Pipeline|
    |   min   |   max   |    min   |    max   | min | max |   Type  |
    +---------+---------+----------+----------+-----+-----+---------+
    |      515|      515|  1.716 us|  1.716 us|  515|  515|       no|
    +---------+---------+----------+----------+-----+-----+---------+

    + Detail: 
        * Instance: 
        N/A

        * Loop: 
        +-------------------------------------------+---------+---------+----------+-----------+-----------+------+----------+
        |                                           |  Latency (cycles) | Iteration|  Initiation Interval  | Trip |          |
        |                 Loop Name                 |   min   |   max   |  Latency |  achieved |   target  | Count| Pipelined|
        +-------------------------------------------+---------+---------+----------+-----------+-----------+------+----------+
        |- INIT_PROJECTION_ROW_INIT_PROJECTION_OUT  |      513|      513|         3|          1|          1|   512|       yes|
        +-------------------------------------------+---------+---------+----------+-----------+-----------+------+----------+



================================================================
== Utilization Estimates
================================================================
* Summary: 
+---------------------+---------+-------+---------+---------+------+
|         Name        | BRAM_18K|  DSP  |    FF   |   LUT   | URAM |
+---------------------+---------+-------+---------+---------+------+
|DSP                  |        -|      -|        -|        -|     -|
|Expression           |        -|      -|        0|      104|     -|
|FIFO                 |        -|      -|        -|        -|     -|
|Instance             |        -|      -|        -|        -|     -|
|Memory               |        -|      -|        -|        -|     -|
|Multiplexer          |        -|      -|        -|       63|     -|
|Register             |        -|      -|      302|        -|     -|
+---------------------+---------+-------+---------+---------+------+
|Total                |        0|      0|      302|      167|     0|
+---------------------+---------+-------+---------+---------+------+
|Available SLR        |     1344|   3072|   864000|   432000|   320|
+---------------------+---------+-------+---------+---------+------+
|Utilization SLR (%)  |        0|      0|       ~0|       ~0|     0|
+---------------------+---------+-------+---------+---------+------+
|Available            |     5376|  12288|  3456000|  1728000|  1280|
+---------------------+---------+-------+---------+---------+------+
|Utilization (%)      |        0|      0|       ~0|       ~0|     0|
+---------------------+---------+-------+---------+---------+------+

+ Detail: 
    * Instance: 
    N/A

    * DSP: 
    N/A

    * Memory: 
    N/A

    * FIFO: 
    N/A

    * Expression: 
    +-------------------------+----------+----+---+----+------------+------------+
    |      Variable Name      | Operation| DSP| FF| LUT| Bitwidth P0| Bitwidth P1|
    +-------------------------+----------+----+---+----+------------+------------+
    |add_ln84_1_fu_249_p2     |         +|   0|  0|  17|          10|           1|
    |add_ln84_fu_315_p2       |         +|   0|  0|  15|           8|           1|
    |add_ln86_fu_296_p2       |         +|   0|  0|  13|           6|           4|
    |add_ln91_fu_368_p2       |         +|   0|  0|  16|          14|          14|
    |sub_ln91_fu_352_p2       |         -|   0|  0|  16|          14|          14|
    |icmp_ln84_fu_243_p2      |      icmp|   0|  0|  11|          10|          11|
    |select_ln84_1_fu_321_p3  |    select|   0|  0|   8|           1|           8|
    |select_ln84_fu_266_p3    |    select|   0|  0|   6|           1|           1|
    |ap_enable_pp0            |       xor|   0|  0|   2|           1|           2|
    +-------------------------+----------+----+---+----+------------+------------+
    |Total                    |          |   0|  0| 104|          65|          56|
    +-------------------------+----------+----+---+----+------------+------------+

    * Multiplexer: 
    +--------------------------------------+----+-----------+-----+-----------+
    |                 Name                 | LUT| Input Size| Bits| Total Bits|
    +--------------------------------------+----+-----------+-----+-----------+
    |ap_done_int                           |   9|          2|    1|          2|
    |ap_enable_reg_pp0_iter1               |   9|          2|    1|          2|
    |ap_sig_allocacmp_indvar_flatten_load  |   9|          2|   10|         20|
    |ap_sig_allocacmp_o_load               |   9|          2|    6|         12|
    |indvar_flatten_fu_94                  |   9|          2|   10|         20|
    |o_fu_86                               |   9|          2|    6|         12|
    |s_fu_90                               |   9|          2|    8|         16|
    +--------------------------------------+----+-----------+-----+-----------+
    |Total                                 |  63|         14|   42|         84|
    +--------------------------------------+----+-----------+-----+-----------+

    * Register: 
    +----------------------------------+----+----+-----+-----------+
    |               Name               | FF | LUT| Bits| Const Bits|
    +----------------------------------+----+----+-----+-----------+
    |add_ln91_reg_513                  |  14|   0|   14|          0|
    |ap_CS_fsm                         |   1|   0|    1|          0|
    |ap_done_reg                       |   1|   0|    1|          0|
    |ap_enable_reg_pp0_iter1           |   1|   0|    1|          0|
    |ap_enable_reg_pp0_iter2           |   1|   0|    1|          0|
    |ap_loop_exit_ready_pp0_iter1_reg  |   1|   0|    1|          0|
    |bias_tile_1_load_reg_518          |  32|   0|   32|          0|
    |bias_tile_2_load_reg_523          |  32|   0|   32|          0|
    |bias_tile_3_load_reg_528          |  32|   0|   32|          0|
    |bias_tile_4_load_reg_533          |  32|   0|   32|          0|
    |bias_tile_5_load_reg_538          |  32|   0|   32|          0|
    |bias_tile_6_load_reg_543          |  32|   0|   32|          0|
    |bias_tile_7_load_reg_548          |  32|   0|   32|          0|
    |bias_tile_load_reg_508            |  32|   0|   32|          0|
    |indvar_flatten_fu_94              |  10|   0|   10|          0|
    |lshr_ln_reg_463                   |   2|   0|    2|          0|
    |o_fu_86                           |   6|   0|    6|          0|
    |s_fu_90                           |   8|   0|    8|          0|
    |tmp_1_reg_458                     |   1|   0|    1|          0|
    +----------------------------------+----+----+-----+-----------+
    |Total                             | 302|   0|  302|          0|
    +----------------------------------+----+----+-----+-----------+



================================================================
== Interface
================================================================
* Summary: 
+----------------------+-----+-----+------------+------------------------------------------------------------------------+--------------+
|       RTL Ports      | Dir | Bits|  Protocol  |                              Source Object                             |    C Type    |
+----------------------+-----+-----+------------+------------------------------------------------------------------------+--------------+
|ap_clk                |   in|    1|  ap_ctrl_hs|  initialize_projection_Pipeline_INIT_PROJECTION_ROW_INIT_PROJECTION_OUT|  return value|
|ap_rst                |   in|    1|  ap_ctrl_hs|  initialize_projection_Pipeline_INIT_PROJECTION_ROW_INIT_PROJECTION_OUT|  return value|
|ap_start              |   in|    1|  ap_ctrl_hs|  initialize_projection_Pipeline_INIT_PROJECTION_ROW_INIT_PROJECTION_OUT|  return value|
|ap_done               |  out|    1|  ap_ctrl_hs|  initialize_projection_Pipeline_INIT_PROJECTION_ROW_INIT_PROJECTION_OUT|  return value|
|ap_idle               |  out|    1|  ap_ctrl_hs|  initialize_projection_Pipeline_INIT_PROJECTION_ROW_INIT_PROJECTION_OUT|  return value|
|ap_ready              |  out|    1|  ap_ctrl_hs|  initialize_projection_Pipeline_INIT_PROJECTION_ROW_INIT_PROJECTION_OUT|  return value|
|bias_tile_address0    |  out|    2|   ap_memory|                                                               bias_tile|         array|
|bias_tile_ce0         |  out|    1|   ap_memory|                                                               bias_tile|         array|
|bias_tile_q0          |   in|   32|   ap_memory|                                                               bias_tile|         array|
|tile                  |   in|    5|     ap_none|                                                                    tile|        scalar|
|projected_address1    |  out|   14|   ap_memory|                                                               projected|         array|
|projected_ce1         |  out|    1|   ap_memory|                                                               projected|         array|
|projected_we1         |  out|    1|   ap_memory|                                                               projected|         array|
|projected_d1          |  out|  256|   ap_memory|                                                               projected|         array|
|bias_tile_1_address0  |  out|    2|   ap_memory|                                                             bias_tile_1|         array|
|bias_tile_1_ce0       |  out|    1|   ap_memory|                                                             bias_tile_1|         array|
|bias_tile_1_q0        |   in|   32|   ap_memory|                                                             bias_tile_1|         array|
|bias_tile_2_address0  |  out|    2|   ap_memory|                                                             bias_tile_2|         array|
|bias_tile_2_ce0       |  out|    1|   ap_memory|                                                             bias_tile_2|         array|
|bias_tile_2_q0        |   in|   32|   ap_memory|                                                             bias_tile_2|         array|
|bias_tile_3_address0  |  out|    2|   ap_memory|                                                             bias_tile_3|         array|
|bias_tile_3_ce0       |  out|    1|   ap_memory|                                                             bias_tile_3|         array|
|bias_tile_3_q0        |   in|   32|   ap_memory|                                                             bias_tile_3|         array|
|bias_tile_4_address0  |  out|    2|   ap_memory|                                                             bias_tile_4|         array|
|bias_tile_4_ce0       |  out|    1|   ap_memory|                                                             bias_tile_4|         array|
|bias_tile_4_q0        |   in|   32|   ap_memory|                                                             bias_tile_4|         array|
|bias_tile_5_address0  |  out|    2|   ap_memory|                                                             bias_tile_5|         array|
|bias_tile_5_ce0       |  out|    1|   ap_memory|                                                             bias_tile_5|         array|
|bias_tile_5_q0        |   in|   32|   ap_memory|                                                             bias_tile_5|         array|
|bias_tile_6_address0  |  out|    2|   ap_memory|                                                             bias_tile_6|         array|
|bias_tile_6_ce0       |  out|    1|   ap_memory|                                                             bias_tile_6|         array|
|bias_tile_6_q0        |   in|   32|   ap_memory|                                                             bias_tile_6|         array|
|bias_tile_7_address0  |  out|    2|   ap_memory|                                                             bias_tile_7|         array|
|bias_tile_7_ce0       |  out|    1|   ap_memory|                                                             bias_tile_7|         array|
|bias_tile_7_q0        |   in|   32|   ap_memory|                                                             bias_tile_7|         array|
+----------------------+-----+-----+------------+------------------------------------------------------------------------+--------------+

