

================================================================
== Vitis HLS Report for 'load_attention_residual_stream'
================================================================
* Date:           Wed Jul 15 12:16:13 2026

* Version:        2022.1 (Build 3526262 on Mon Apr 18 15:47:01 MDT 2022)
* Project:        proj_bert_attn_out_norm_12layer_kernel
* Solution:       solution1 (Vivado IP Flow Target)
* Product family: virtexuplus
* Target device:  xcu250-figd2104-2L-e


================================================================
== Performance Estimates
================================================================
+ Timing: 
    * Summary: 
    +--------+---------+----------+------------+
    |  Clock |  Target | Estimated| Uncertainty|
    +--------+---------+----------+------------+
    |ap_clk  |  3.33 ns|  2.005 ns|     0.90 ns|
    +--------+---------+----------+------------+

+ Latency: 
    * Summary: 
    +---------+---------+-----------+-----------+------+------+---------+
    |  Latency (cycles) |   Latency (absolute)  |   Interval  | Pipeline|
    |   min   |   max   |    min    |    max    |  min |  max |   Type  |
    +---------+---------+-----------+-----------+------+------+---------+
    |     6146|     6146|  20.485 us|  20.485 us|  6146|  6146|       no|
    +---------+---------+-----------+-----------+------+------+---------+

    + Detail: 
        * Instance: 
        N/A

        * Loop: 
        +----------------------------------------------------------+---------+---------+----------+-----------+-----------+------+----------+
        |                                                          |  Latency (cycles) | Iteration|  Initiation Interval  | Trip |          |
        |                         Loop Name                        |   min   |   max   |  Latency |  achieved |   target  | Count| Pipelined|
        +----------------------------------------------------------+---------+---------+----------+-----------+-----------+------+----------+
        |- FULL_OUT_LOAD_RESIDUAL_ROW_FULL_OUT_LOAD_RESIDUAL_PACK  |     6144|     6144|         2|          1|          1|  6144|       yes|
        +----------------------------------------------------------+---------+---------+----------+-----------+-----------+------+----------+



================================================================
== Utilization Estimates
================================================================
* Summary: 
+---------------------+---------+-------+---------+---------+------+
|         Name        | BRAM_18K|  DSP  |    FF   |   LUT   | URAM |
+---------------------+---------+-------+---------+---------+------+
|DSP                  |        -|      -|        -|        -|     -|
|Expression           |        -|      -|        0|      124|     -|
|FIFO                 |        -|      -|        -|        -|     -|
|Instance             |        -|      -|        -|        -|     -|
|Memory               |        -|      -|        -|        -|     -|
|Multiplexer          |        -|      -|        -|       81|     -|
|Register             |        -|      -|      555|        -|     -|
+---------------------+---------+-------+---------+---------+------+
|Total                |        0|      0|      555|      205|     0|
+---------------------+---------+-------+---------+---------+------+
|Available SLR        |     1344|   3072|   864000|   432000|   320|
+---------------------+---------+-------+---------+---------+------+
|Utilization SLR (%)  |        0|      0|       ~0|       ~0|     0|
+---------------------+---------+-------+---------+---------+------+
|Available            |     5376|  12288|  3456000|  1728000|  1280|
+---------------------+---------+-------+---------+---------+------+
|Utilization (%)      |        0|      0|       ~0|       ~0|     0|
+---------------------+---------+-------+---------+---------+------+

+ Detail: 
    * Instance: 
    N/A

    * DSP: 
    N/A

    * Memory: 
    N/A

    * FIFO: 
    N/A

    * Expression: 
    +----------------------------------+----------+----+---+----+------------+------------+
    |           Variable Name          | Operation| DSP| FF| LUT| Bitwidth P0| Bitwidth P1|
    +----------------------------------+----------+----+---+----+------------+------------+
    |add_ln363_1_fu_123_p2             |         +|   0|  0|  20|          13|           1|
    |add_ln363_fu_135_p2               |         +|   0|  0|  15|           8|           1|
    |add_ln365_fu_203_p2               |         +|   0|  0|  13|           6|           1|
    |add_ln373_fu_197_p2               |         +|   0|  0|  17|          13|          13|
    |sub_ln373_fu_187_p2               |         -|   0|  0|  17|          13|          13|
    |ap_block_pp0_stage0_11001         |       and|   0|  0|   2|           1|           1|
    |ap_block_state1_pp0_stage0_iter0  |       and|   0|  0|   2|           1|           1|
    |icmp_ln363_fu_117_p2              |      icmp|   0|  0|  12|          13|          13|
    |icmp_ln365_fu_141_p2              |      icmp|   0|  0|  10|           6|           6|
    |select_ln363_1_fu_155_p3          |    select|   0|  0|   8|           1|           8|
    |select_ln363_fu_147_p3            |    select|   0|  0|   6|           1|           1|
    |ap_enable_pp0                     |       xor|   0|  0|   2|           1|           2|
    +----------------------------------+----------+----+---+----+------------+------------+
    |Total                             |          |   0|  0| 124|          77|          61|
    +----------------------------------+----------+----+---+----+------------+------------+

    * Multiplexer: 
    +---------------------------------------+----+-----------+-----+-----------+
    |                  Name                 | LUT| Input Size| Bits| Total Bits|
    +---------------------------------------+----+-----------+-----+-----------+
    |ap_done_int                            |   9|          2|    1|          2|
    |ap_enable_reg_pp0_iter1                |   9|          2|    1|          2|
    |ap_sig_allocacmp_indvar_flatten_load   |   9|          2|   13|         26|
    |ap_sig_allocacmp_p_load                |   9|          2|    6|         12|
    |ap_sig_allocacmp_s_load                |   9|          2|    8|         16|
    |attention_residual_stream_TDATA_blk_n  |   9|          2|    1|          2|
    |indvar_flatten_fu_72                   |   9|          2|   13|         26|
    |p_fu_64                                |   9|          2|    6|         12|
    |s_fu_68                                |   9|          2|    8|         16|
    +---------------------------------------+----+-----------+-----+-----------+
    |Total                                  |  81|         18|   57|        114|
    +---------------------------------------+----+-----------+-----+-----------+

    * Register: 
    +-------------------------+-----+----+-----+-----------+
    |           Name          |  FF | LUT| Bits| Const Bits|
    +-------------------------+-----+----+-----+-----------+
    |add_ln373_reg_252        |   13|   0|   13|          0|
    |ap_CS_fsm                |    1|   0|    1|          0|
    |ap_done_reg              |    1|   0|    1|          0|
    |ap_enable_reg_pp0_iter1  |    1|   0|    1|          0|
    |indvar_flatten_fu_72     |   13|   0|   13|          0|
    |p_fu_64                  |    6|   0|    6|          0|
    |s_fu_68                  |    8|   0|    8|          0|
    |tmp_V_reg_257            |  512|   0|  512|          0|
    +-------------------------+-----+----+-----+-----------+
    |Total                    |  555|   0|  555|          0|
    +-------------------------+-----+----+-----+-----------+



================================================================
== Interface
================================================================
* Summary: 
+----------------------------------+-----+-----+------------+--------------------------------+--------------+
|             RTL Ports            | Dir | Bits|  Protocol  |          Source Object         |    C Type    |
+----------------------------------+-----+-----+------------+--------------------------------+--------------+
|ap_clk                            |   in|    1|  ap_ctrl_hs|  load_attention_residual_stream|  return value|
|ap_rst                            |   in|    1|  ap_ctrl_hs|  load_attention_residual_stream|  return value|
|ap_start                          |   in|    1|  ap_ctrl_hs|  load_attention_residual_stream|  return value|
|ap_done                           |  out|    1|  ap_ctrl_hs|  load_attention_residual_stream|  return value|
|ap_idle                           |  out|    1|  ap_ctrl_hs|  load_attention_residual_stream|  return value|
|ap_ready                          |  out|    1|  ap_ctrl_hs|  load_attention_residual_stream|  return value|
|attention_residual_stream_TVALID  |   in|    1|        axis|       attention_residual_stream|       pointer|
|attention_residual_stream_TDATA   |   in|  512|        axis|       attention_residual_stream|       pointer|
|attention_residual_stream_TREADY  |  out|    1|        axis|       attention_residual_stream|       pointer|
|residual_address1                 |  out|   13|   ap_memory|                        residual|         array|
|residual_ce1                      |  out|    1|   ap_memory|                        residual|         array|
|residual_we1                      |  out|    1|   ap_memory|                        residual|         array|
|residual_d1                       |  out|  512|   ap_memory|                        residual|         array|
+----------------------------------+-----+-----+------------+--------------------------------+--------------+

