

================================================================
== Vitis HLS Report for 'bert_qkv_12layer_kernel'
================================================================
* Date:           Wed Jul 15 11:46:07 2026

* Version:        2022.1 (Build 3526262 on Mon Apr 18 15:47:01 MDT 2022)
* Project:        proj_bert_qkv_12layer_kernel
* Solution:       solution1 (Vivado IP Flow Target)
* Product family: virtexuplus
* Target device:  xcu250-figd2104-2L-e


================================================================
== Performance Estimates
================================================================
+ Timing: 
    * Summary: 
    +--------+---------+----------+------------+
    |  Clock |  Target | Estimated| Uncertainty|
    +--------+---------+----------+------------+
    |ap_clk  |  3.33 ns|  2.729 ns|     0.90 ns|
    +--------+---------+----------+------------+

+ Latency: 
    * Summary: 
    +----------+----------+-----------+-----------+----------+----------+---------+
    |   Latency (cycles)  |   Latency (absolute)  |       Interval      | Pipeline|
    |    min   |    max   |    min    |    max    |    min   |    max   |   Type  |
    +----------+----------+-----------+-----------+----------+----------+---------+
    |  27137398|  27137494|  90.449 ms|  90.449 ms|  27137399|  27137495|       no|
    +----------+----------+-----------+-----------+----------+----------+---------+

    + Detail: 
        * Instance: 
        +--------------------------------------------+---------------------------------+---------+---------+-----------+-----------+--------+--------+---------+
        |                                            |                                 |  Latency (cycles) |   Latency (absolute)  |     Interval    | Pipeline|
        |                  Instance                  |              Module             |   min   |   max   |    min    |    max    |   min  |   max  |   Type  |
        +--------------------------------------------+---------------------------------+---------+---------+-----------+-----------+--------+--------+---------+
        |grp_load_hidden_feedback_stream_fu_268      |load_hidden_feedback_stream      |    12291|    12291|  40.966 us|  40.966 us|   12291|   12291|       no|
        |grp_load_hidden_matrix_fu_275               |load_hidden_matrix               |    12299|    12299|  40.993 us|  40.993 us|   12299|   12299|       no|
        |grp_write_attention_residual_stream_fu_283  |write_attention_residual_stream  |     6148|     6148|  20.491 us|  20.491 us|    6148|    6148|       no|
        |grp_project_qkv_group_fu_290                |project_qkv_group                |   372803|   372803|   1.243 ms|   1.243 ms|  372803|  372803|       no|
        |grp_write_qkv_group_fu_312                  |write_qkv_group                  |     1027|     1027|   3.423 us|   3.423 us|    1027|    1027|       no|
        +--------------------------------------------+---------------------------------+---------+---------+-----------+-----------+--------+--------+---------+

        * Loop: 
        +------------------------+----------+----------+-------------------+-----------+-----------+------+----------+
        |                        |   Latency (cycles)  |     Iteration     |  Initiation Interval  | Trip |          |
        |        Loop Name       |    min   |    max   |      Latency      |  achieved |   target  | Count| Pipelined|
        +------------------------+----------+----------+-------------------+-----------+-----------+------+----------+
        |- FULL_QKV_LAYER        |  27137388|  27137484|  2261449 ~ 2261457|          -|          -|    12|        no|
        | + FULL_QKV_HEAD_GROUP  |   2243004|   2243004|             373834|          -|          -|     6|        no|
        +------------------------+----------+----------+-------------------+-----------+-----------+------+----------+



================================================================
== Utilization Estimates
================================================================
* Summary: 
+---------------------+---------+-------+---------+---------+------+
|         Name        | BRAM_18K|  DSP  |    FF   |   LUT   | URAM |
+---------------------+---------+-------+---------+---------+------+
|DSP                  |        -|      -|        -|        -|     -|
|Expression           |        -|      -|        0|      542|     -|
|FIFO                 |        -|      -|        -|        -|     -|
|Instance             |        0|    962|   295564|   183572|   192|
|Memory               |        -|      -|        2|      293|    24|
|Multiplexer          |        -|      -|        -|      510|     -|
|Register             |        -|      -|      936|        -|     -|
+---------------------+---------+-------+---------+---------+------+
|Total                |        0|    962|   296502|   184917|   216|
+---------------------+---------+-------+---------+---------+------+
|Available SLR        |     1344|   3072|   864000|   432000|   320|
+---------------------+---------+-------+---------+---------+------+
|Utilization SLR (%)  |        0|     31|       34|       42|    67|
+---------------------+---------+-------+---------+---------+------+
|Available            |     5376|  12288|  3456000|  1728000|  1280|
+---------------------+---------+-------+---------+---------+------+
|Utilization (%)      |        0|      7|        8|       10|    16|
+---------------------+---------+-------+---------+---------+------+

+ Detail: 
    * Instance: 
    +--------------------------------------------+---------------------------------+---------+-----+--------+--------+-----+
    |                  Instance                  |              Module             | BRAM_18K| DSP |   FF   |   LUT  | URAM|
    +--------------------------------------------+---------------------------------+---------+-----+--------+--------+-----+
    |control_s_axi_U                             |control_s_axi                    |        0|    0|     596|    1064|    0|
    |gmem_hidden_m_axi_U                         |gmem_hidden_m_axi                |        0|    0|    4567|    8001|    0|
    |gmem_hidden_ready_m_axi_U                   |gmem_hidden_ready_m_axi          |        0|    0|     764|    1118|    0|
    |gmem_k_m_axi_U                              |gmem_k_m_axi                     |        0|    0|    4567|    8001|    0|
    |gmem_q_m_axi_U                              |gmem_q_m_axi                     |        0|    0|    4567|    8001|    0|
    |gmem_v_m_axi_U                              |gmem_v_m_axi                     |        0|    0|    4567|    8001|    0|
    |grp_load_hidden_feedback_stream_fu_268      |load_hidden_feedback_stream      |        0|    0|     586|     292|    0|
    |grp_load_hidden_matrix_fu_275               |load_hidden_matrix               |        0|    0|     654|     487|    0|
    |grp_project_qkv_group_fu_290                |project_qkv_group                |        0|  962|  274579|  148179|  192|
    |grp_write_attention_residual_stream_fu_283  |write_attention_residual_stream  |        0|    0|      75|     239|    0|
    |grp_write_qkv_group_fu_312                  |write_qkv_group                  |        0|    0|      42|     189|    0|
    +--------------------------------------------+---------------------------------+---------+-----+--------+--------+-----+
    |Total                                       |                                 |        0|  962|  295564|  183572|  192|
    +--------------------------------------------+---------------------------------+---------+-----+--------+--------+-----+

    * DSP: 
    N/A

    * Memory: 
    +-----------+--------------------------+---------+---+-----+-----+-------+-----+------+-------------+
    |   Memory  |          Module          | BRAM_18K| FF| LUT | URAM| Words | Bits| Banks| W*Bits*Banks|
    +-----------+--------------------------+---------+---+-----+-----+-------+-----+------+-------------+
    |hidden_U   |hidden_RAM_2P_URAM_1R1W   |        0|  2|  293|   12|  12288|  256|     1|      3145728|
    |q_group_U  |q_group_RAM_2P_URAM_1R1W  |        0|  0|    0|    4|   2048|  256|     1|       524288|
    |k_group_U  |q_group_RAM_2P_URAM_1R1W  |        0|  0|    0|    4|   2048|  256|     1|       524288|
    |v_group_U  |q_group_RAM_2P_URAM_1R1W  |        0|  0|    0|    4|   2048|  256|     1|       524288|
    +-----------+--------------------------+---------+---+-----+-----+-------+-----+------+-------------+
    |Total      |                          |        0|  2|  293|   24|  18432| 1024|     4|      4718592|
    +-----------+--------------------------+---------+---+-----+-----+-------+-----+------+-------------+

    * FIFO: 
    N/A

    * Expression: 
    +-----------------------------------------------------------------------------+----------+----+---+----+------------+------------+
    |                                Variable Name                                | Operation| DSP| FF| LUT| Bitwidth P0| Bitwidth P1|
    +-----------------------------------------------------------------------------+----------+----+---+----+------------+------------+
    |add_ln528_fu_367_p2                                                          |         +|   0|  0|  12|           4|           1|
    |empty_57_fu_397_p2                                                           |         +|   0|  0|  32|          25|          25|
    |empty_58_fu_407_p2                                                           |         +|   0|  0|  71|          64|          64|
    |empty_60_fu_444_p2                                                           |         +|   0|  0|  71|          64|          64|
    |empty_61_fu_449_p2                                                           |         +|   0|  0|  71|          64|          64|
    |empty_62_fu_454_p2                                                           |         +|   0|  0|  71|          64|          64|
    |empty_63_fu_459_p2                                                           |         +|   0|  0|  71|          64|          64|
    |empty_64_fu_464_p2                                                           |         +|   0|  0|  71|          64|          64|
    |group_1_fu_475_p2                                                            |         +|   0|  0|  10|           3|           1|
    |empty_59_fu_434_p2                                                           |         -|   0|  0|  24|          17|          17|
    |ap_block_state13_on_subcall_done                                             |       and|   0|  0|   2|           1|           1|
    |grp_write_attention_residual_stream_fu_283_attention_residual_stream_TREADY  |       and|   0|  0|   2|           1|           1|
    |grp_write_qkv_group_fu_312_k_stream_TREADY                                   |       and|   0|  0|   2|           1|           1|
    |grp_write_qkv_group_fu_312_q_stream_TREADY                                   |       and|   0|  0|   2|           1|           1|
    |grp_write_qkv_group_fu_312_v_stream_TREADY                                   |       and|   0|  0|   2|           1|           1|
    |icmp_ln528_fu_361_p2                                                         |      icmp|   0|  0|   9|           4|           4|
    |icmp_ln529_fu_373_p2                                                         |      icmp|   0|  0|   9|           4|           1|
    |icmp_ln542_fu_469_p2                                                         |      icmp|   0|  0|   8|           3|           3|
    |ap_block_state20                                                             |        or|   0|  0|   2|           1|           1|
    +-----------------------------------------------------------------------------+----------+----+---+----+------------+------------+
    |Total                                                                        |          |   0|  0| 542|         450|         442|
    +-----------------------------------------------------------------------------+----------+----+---+----+------------+------------+

    * Multiplexer: 
    +----------------------------------------+-----+-----------+-----+-----------+
    |                  Name                  | LUT | Input Size| Bits| Total Bits|
    +----------------------------------------+-----+-----------+-----+-----------+
    |ap_NS_fsm                               |  102|         21|    1|         21|
    |gmem_hidden_ARVALID                     |    9|          2|    1|          2|
    |gmem_hidden_RREADY                      |    9|          2|    1|          2|
    |gmem_hidden_ready_blk_n_AR              |    9|          2|    1|          2|
    |gmem_hidden_ready_blk_n_R               |    9|          2|    1|          2|
    |gmem_k_ARVALID                          |    9|          2|    1|          2|
    |gmem_k_RREADY                           |    9|          2|    1|          2|
    |gmem_q_ARVALID                          |    9|          2|    1|          2|
    |gmem_q_RREADY                           |    9|          2|    1|          2|
    |gmem_v_ARVALID                          |    9|          2|    1|          2|
    |gmem_v_RREADY                           |    9|          2|    1|          2|
    |group_reg_256                           |    9|          2|    3|          6|
    |hidden_address0                         |   14|          3|   14|         42|
    |hidden_address1                         |   20|          4|   14|         56|
    |hidden_ce0                              |   14|          3|    1|          3|
    |hidden_ce1                              |   20|          4|    1|          4|
    |hidden_d1                               |   14|          3|  256|        768|
    |hidden_we1                              |   14|          3|    1|          3|
    |k_group_address0                        |   14|          3|   11|         33|
    |k_group_address1                        |   14|          3|   11|         33|
    |k_group_ce0                             |   14|          3|    1|          3|
    |k_group_ce1                             |   14|          3|    1|          3|
    |k_group_we1                             |    9|          2|    1|          2|
    |layer_fu_172                            |    9|          2|    4|          8|
    |next_hidden_stream_TREADY_int_regslice  |    9|          2|    1|          2|
    |q_group_address0                        |   14|          3|   11|         33|
    |q_group_address1                        |   14|          3|   11|         33|
    |q_group_ce0                             |   14|          3|    1|          3|
    |q_group_ce1                             |   14|          3|    1|          3|
    |q_group_we1                             |    9|          2|    1|          2|
    |v_group_address0                        |   14|          3|   11|         33|
    |v_group_address1                        |   14|          3|   11|         33|
    |v_group_ce0                             |   14|          3|    1|          3|
    |v_group_ce1                             |   14|          3|    1|          3|
    |v_group_we1                             |    9|          2|    1|          2|
    +----------------------------------------+-----+-----------+-----+-----------+
    |Total                                   |  510|        109|  381|       1155|
    +----------------------------------------+-----+-----------+-----+-----------+

    * Register: 
    +---------------------------------------------------------+----+----+-----+-----------+
    |                           Name                          | FF | LUT| Bits| Const Bits|
    +---------------------------------------------------------+----+----+-----+-----------+
    |add_ln528_reg_545                                        |   4|   0|    4|          0|
    |ap_CS_fsm                                                |  20|   0|   20|          0|
    |attn_k_b_all_read_reg_502                                |  64|   0|   64|          0|
    |attn_k_w_all_read_reg_507                                |  64|   0|   64|          0|
    |attn_q_b_all_read_reg_512                                |  64|   0|   64|          0|
    |attn_q_w_all_read_reg_517                                |  64|   0|   64|          0|
    |attn_v_b_all_read_reg_492                                |  64|   0|   64|          0|
    |attn_v_w_all_read_reg_497                                |  64|   0|   64|          0|
    |empty_58_reg_554                                         |  64|   0|   64|          0|
    |empty_60_reg_559                                         |  64|   0|   64|          0|
    |empty_61_reg_564                                         |  64|   0|   64|          0|
    |empty_62_reg_569                                         |  64|   0|   64|          0|
    |empty_63_reg_574                                         |  64|   0|   64|          0|
    |empty_64_reg_579                                         |  64|   0|   64|          0|
    |gmem_hidden_ready_addr_reg_533                           |  64|   0|   64|          0|
    |group_1_reg_587                                          |   3|   0|    3|          0|
    |group_reg_256                                            |   3|   0|    3|          0|
    |grp_load_hidden_feedback_stream_fu_268_ap_start_reg      |   1|   0|    1|          0|
    |grp_load_hidden_matrix_fu_275_ap_start_reg               |   1|   0|    1|          0|
    |grp_project_qkv_group_fu_290_ap_start_reg                |   1|   0|    1|          0|
    |grp_write_attention_residual_stream_fu_283_ap_start_reg  |   1|   0|    1|          0|
    |grp_write_qkv_group_fu_312_ap_start_reg                  |   1|   0|    1|          0|
    |icmp_ln529_reg_550                                       |   1|   0|    1|          0|
    |initial_hidden_read_reg_522                              |  64|   0|   64|          0|
    |layer_fu_172                                             |   4|   0|    4|          0|
    +---------------------------------------------------------+----+----+-----+-----------+
    |Total                                                    | 936|   0|  936|          0|
    +---------------------------------------------------------+----+----+-----+-----------+



================================================================
== Interface
================================================================
* Summary: 
+----------------------------------+-----+-----+------------+---------------------------+--------------+
|             RTL Ports            | Dir | Bits|  Protocol  |       Source Object       |    C Type    |
+----------------------------------+-----+-----+------------+---------------------------+--------------+
|s_axi_control_AWVALID             |   in|    1|       s_axi|                    control|        scalar|
|s_axi_control_AWREADY             |  out|    1|       s_axi|                    control|        scalar|
|s_axi_control_AWADDR              |   in|    7|       s_axi|                    control|        scalar|
|s_axi_control_WVALID              |   in|    1|       s_axi|                    control|        scalar|
|s_axi_control_WREADY              |  out|    1|       s_axi|                    control|        scalar|
|s_axi_control_WDATA               |   in|   32|       s_axi|                    control|        scalar|
|s_axi_control_WSTRB               |   in|    4|       s_axi|                    control|        scalar|
|s_axi_control_ARVALID             |   in|    1|       s_axi|                    control|        scalar|
|s_axi_control_ARREADY             |  out|    1|       s_axi|                    control|        scalar|
|s_axi_control_ARADDR              |   in|    7|       s_axi|                    control|        scalar|
|s_axi_control_RVALID              |  out|    1|       s_axi|                    control|        scalar|
|s_axi_control_RREADY              |   in|    1|       s_axi|                    control|        scalar|
|s_axi_control_RDATA               |  out|   32|       s_axi|                    control|        scalar|
|s_axi_control_RRESP               |  out|    2|       s_axi|                    control|        scalar|
|s_axi_control_BVALID              |  out|    1|       s_axi|                    control|        scalar|
|s_axi_control_BREADY              |   in|    1|       s_axi|                    control|        scalar|
|s_axi_control_BRESP               |  out|    2|       s_axi|                    control|        scalar|
|ap_clk                            |   in|    1|  ap_ctrl_hs|    bert_qkv_12layer_kernel|  return value|
|ap_rst_n                          |   in|    1|  ap_ctrl_hs|    bert_qkv_12layer_kernel|  return value|
|interrupt                         |  out|    1|  ap_ctrl_hs|    bert_qkv_12layer_kernel|  return value|
|m_axi_gmem_hidden_AWVALID         |  out|    1|       m_axi|                gmem_hidden|       pointer|
|m_axi_gmem_hidden_AWREADY         |   in|    1|       m_axi|                gmem_hidden|       pointer|
|m_axi_gmem_hidden_AWADDR          |  out|   64|       m_axi|                gmem_hidden|       pointer|
|m_axi_gmem_hidden_AWID            |  out|    1|       m_axi|                gmem_hidden|       pointer|
|m_axi_gmem_hidden_AWLEN           |  out|    8|       m_axi|                gmem_hidden|       pointer|
|m_axi_gmem_hidden_AWSIZE          |  out|    3|       m_axi|                gmem_hidden|       pointer|
|m_axi_gmem_hidden_AWBURST         |  out|    2|       m_axi|                gmem_hidden|       pointer|
|m_axi_gmem_hidden_AWLOCK          |  out|    2|       m_axi|                gmem_hidden|       pointer|
|m_axi_gmem_hidden_AWCACHE         |  out|    4|       m_axi|                gmem_hidden|       pointer|
|m_axi_gmem_hidden_AWPROT          |  out|    3|       m_axi|                gmem_hidden|       pointer|
|m_axi_gmem_hidden_AWQOS           |  out|    4|       m_axi|                gmem_hidden|       pointer|
|m_axi_gmem_hidden_AWREGION        |  out|    4|       m_axi|                gmem_hidden|       pointer|
|m_axi_gmem_hidden_AWUSER          |  out|    1|       m_axi|                gmem_hidden|       pointer|
|m_axi_gmem_hidden_WVALID          |  out|    1|       m_axi|                gmem_hidden|       pointer|
|m_axi_gmem_hidden_WREADY          |   in|    1|       m_axi|                gmem_hidden|       pointer|
|m_axi_gmem_hidden_WDATA           |  out|  512|       m_axi|                gmem_hidden|       pointer|
|m_axi_gmem_hidden_WSTRB           |  out|   64|       m_axi|                gmem_hidden|       pointer|
|m_axi_gmem_hidden_WLAST           |  out|    1|       m_axi|                gmem_hidden|       pointer|
|m_axi_gmem_hidden_WID             |  out|    1|       m_axi|                gmem_hidden|       pointer|
|m_axi_gmem_hidden_WUSER           |  out|    1|       m_axi|                gmem_hidden|       pointer|
|m_axi_gmem_hidden_ARVALID         |  out|    1|       m_axi|                gmem_hidden|       pointer|
|m_axi_gmem_hidden_ARREADY         |   in|    1|       m_axi|                gmem_hidden|       pointer|
|m_axi_gmem_hidden_ARADDR          |  out|   64|       m_axi|                gmem_hidden|       pointer|
|m_axi_gmem_hidden_ARID            |  out|    1|       m_axi|                gmem_hidden|       pointer|
|m_axi_gmem_hidden_ARLEN           |  out|    8|       m_axi|                gmem_hidden|       pointer|
|m_axi_gmem_hidden_ARSIZE          |  out|    3|       m_axi|                gmem_hidden|       pointer|
|m_axi_gmem_hidden_ARBURST         |  out|    2|       m_axi|                gmem_hidden|       pointer|
|m_axi_gmem_hidden_ARLOCK          |  out|    2|       m_axi|                gmem_hidden|       pointer|
|m_axi_gmem_hidden_ARCACHE         |  out|    4|       m_axi|                gmem_hidden|       pointer|
|m_axi_gmem_hidden_ARPROT          |  out|    3|       m_axi|                gmem_hidden|       pointer|
|m_axi_gmem_hidden_ARQOS           |  out|    4|       m_axi|                gmem_hidden|       pointer|
|m_axi_gmem_hidden_ARREGION        |  out|    4|       m_axi|                gmem_hidden|       pointer|
|m_axi_gmem_hidden_ARUSER          |  out|    1|       m_axi|                gmem_hidden|       pointer|
|m_axi_gmem_hidden_RVALID          |   in|    1|       m_axi|                gmem_hidden|       pointer|
|m_axi_gmem_hidden_RREADY          |  out|    1|       m_axi|                gmem_hidden|       pointer|
|m_axi_gmem_hidden_RDATA           |   in|  512|       m_axi|                gmem_hidden|       pointer|
|m_axi_gmem_hidden_RLAST           |   in|    1|       m_axi|                gmem_hidden|       pointer|
|m_axi_gmem_hidden_RID             |   in|    1|       m_axi|                gmem_hidden|       pointer|
|m_axi_gmem_hidden_RUSER           |   in|    1|       m_axi|                gmem_hidden|       pointer|
|m_axi_gmem_hidden_RRESP           |   in|    2|       m_axi|                gmem_hidden|       pointer|
|m_axi_gmem_hidden_BVALID          |   in|    1|       m_axi|                gmem_hidden|       pointer|
|m_axi_gmem_hidden_BREADY          |  out|    1|       m_axi|                gmem_hidden|       pointer|
|m_axi_gmem_hidden_BRESP           |   in|    2|       m_axi|                gmem_hidden|       pointer|
|m_axi_gmem_hidden_BID             |   in|    1|       m_axi|                gmem_hidden|       pointer|
|m_axi_gmem_hidden_BUSER           |   in|    1|       m_axi|                gmem_hidden|       pointer|
|m_axi_gmem_hidden_ready_AWVALID   |  out|    1|       m_axi|          gmem_hidden_ready|       pointer|
|m_axi_gmem_hidden_ready_AWREADY   |   in|    1|       m_axi|          gmem_hidden_ready|       pointer|
|m_axi_gmem_hidden_ready_AWADDR    |  out|   64|       m_axi|          gmem_hidden_ready|       pointer|
|m_axi_gmem_hidden_ready_AWID      |  out|    1|       m_axi|          gmem_hidden_ready|       pointer|
|m_axi_gmem_hidden_ready_AWLEN     |  out|    8|       m_axi|          gmem_hidden_ready|       pointer|
|m_axi_gmem_hidden_ready_AWSIZE    |  out|    3|       m_axi|          gmem_hidden_ready|       pointer|
|m_axi_gmem_hidden_ready_AWBURST   |  out|    2|       m_axi|          gmem_hidden_ready|       pointer|
|m_axi_gmem_hidden_ready_AWLOCK    |  out|    2|       m_axi|          gmem_hidden_ready|       pointer|
|m_axi_gmem_hidden_ready_AWCACHE   |  out|    4|       m_axi|          gmem_hidden_ready|       pointer|
|m_axi_gmem_hidden_ready_AWPROT    |  out|    3|       m_axi|          gmem_hidden_ready|       pointer|
|m_axi_gmem_hidden_ready_AWQOS     |  out|    4|       m_axi|          gmem_hidden_ready|       pointer|
|m_axi_gmem_hidden_ready_AWREGION  |  out|    4|       m_axi|          gmem_hidden_ready|       pointer|
|m_axi_gmem_hidden_ready_AWUSER    |  out|    1|       m_axi|          gmem_hidden_ready|       pointer|
|m_axi_gmem_hidden_ready_WVALID    |  out|    1|       m_axi|          gmem_hidden_ready|       pointer|
|m_axi_gmem_hidden_ready_WREADY    |   in|    1|       m_axi|          gmem_hidden_ready|       pointer|
|m_axi_gmem_hidden_ready_WDATA     |  out|   32|       m_axi|          gmem_hidden_ready|       pointer|
|m_axi_gmem_hidden_ready_WSTRB     |  out|    4|       m_axi|          gmem_hidden_ready|       pointer|
|m_axi_gmem_hidden_ready_WLAST     |  out|    1|       m_axi|          gmem_hidden_ready|       pointer|
|m_axi_gmem_hidden_ready_WID       |  out|    1|       m_axi|          gmem_hidden_ready|       pointer|
|m_axi_gmem_hidden_ready_WUSER     |  out|    1|       m_axi|          gmem_hidden_ready|       pointer|
|m_axi_gmem_hidden_ready_ARVALID   |  out|    1|       m_axi|          gmem_hidden_ready|       pointer|
|m_axi_gmem_hidden_ready_ARREADY   |   in|    1|       m_axi|          gmem_hidden_ready|       pointer|
|m_axi_gmem_hidden_ready_ARADDR    |  out|   64|       m_axi|          gmem_hidden_ready|       pointer|
|m_axi_gmem_hidden_ready_ARID      |  out|    1|       m_axi|          gmem_hidden_ready|       pointer|
|m_axi_gmem_hidden_ready_ARLEN     |  out|    8|       m_axi|          gmem_hidden_ready|       pointer|
|m_axi_gmem_hidden_ready_ARSIZE    |  out|    3|       m_axi|          gmem_hidden_ready|       pointer|
|m_axi_gmem_hidden_ready_ARBURST   |  out|    2|       m_axi|          gmem_hidden_ready|       pointer|
|m_axi_gmem_hidden_ready_ARLOCK    |  out|    2|       m_axi|          gmem_hidden_ready|       pointer|
|m_axi_gmem_hidden_ready_ARCACHE   |  out|    4|       m_axi|          gmem_hidden_ready|       pointer|
|m_axi_gmem_hidden_ready_ARPROT    |  out|    3|       m_axi|          gmem_hidden_ready|       pointer|
|m_axi_gmem_hidden_ready_ARQOS     |  out|    4|       m_axi|          gmem_hidden_ready|       pointer|
|m_axi_gmem_hidden_ready_ARREGION  |  out|    4|       m_axi|          gmem_hidden_ready|       pointer|
|m_axi_gmem_hidden_ready_ARUSER    |  out|    1|       m_axi|          gmem_hidden_ready|       pointer|
|m_axi_gmem_hidden_ready_RVALID    |   in|    1|       m_axi|          gmem_hidden_ready|       pointer|
|m_axi_gmem_hidden_ready_RREADY    |  out|    1|       m_axi|          gmem_hidden_ready|       pointer|
|m_axi_gmem_hidden_ready_RDATA     |   in|   32|       m_axi|          gmem_hidden_ready|       pointer|
|m_axi_gmem_hidden_ready_RLAST     |   in|    1|       m_axi|          gmem_hidden_ready|       pointer|
|m_axi_gmem_hidden_ready_RID       |   in|    1|       m_axi|          gmem_hidden_ready|       pointer|
|m_axi_gmem_hidden_ready_RUSER     |   in|    1|       m_axi|          gmem_hidden_ready|       pointer|
|m_axi_gmem_hidden_ready_RRESP     |   in|    2|       m_axi|          gmem_hidden_ready|       pointer|
|m_axi_gmem_hidden_ready_BVALID    |   in|    1|       m_axi|          gmem_hidden_ready|       pointer|
|m_axi_gmem_hidden_ready_BREADY    |  out|    1|       m_axi|          gmem_hidden_ready|       pointer|
|m_axi_gmem_hidden_ready_BRESP     |   in|    2|       m_axi|          gmem_hidden_ready|       pointer|
|m_axi_gmem_hidden_ready_BID       |   in|    1|       m_axi|          gmem_hidden_ready|       pointer|
|m_axi_gmem_hidden_ready_BUSER     |   in|    1|       m_axi|          gmem_hidden_ready|       pointer|
|m_axi_gmem_q_AWVALID              |  out|    1|       m_axi|                     gmem_q|       pointer|
|m_axi_gmem_q_AWREADY              |   in|    1|       m_axi|                     gmem_q|       pointer|
|m_axi_gmem_q_AWADDR               |  out|   64|       m_axi|                     gmem_q|       pointer|
|m_axi_gmem_q_AWID                 |  out|    1|       m_axi|                     gmem_q|       pointer|
|m_axi_gmem_q_AWLEN                |  out|    8|       m_axi|                     gmem_q|       pointer|
|m_axi_gmem_q_AWSIZE               |  out|    3|       m_axi|                     gmem_q|       pointer|
|m_axi_gmem_q_AWBURST              |  out|    2|       m_axi|                     gmem_q|       pointer|
|m_axi_gmem_q_AWLOCK               |  out|    2|       m_axi|                     gmem_q|       pointer|
|m_axi_gmem_q_AWCACHE              |  out|    4|       m_axi|                     gmem_q|       pointer|
|m_axi_gmem_q_AWPROT               |  out|    3|       m_axi|                     gmem_q|       pointer|
|m_axi_gmem_q_AWQOS                |  out|    4|       m_axi|                     gmem_q|       pointer|
|m_axi_gmem_q_AWREGION             |  out|    4|       m_axi|                     gmem_q|       pointer|
|m_axi_gmem_q_AWUSER               |  out|    1|       m_axi|                     gmem_q|       pointer|
|m_axi_gmem_q_WVALID               |  out|    1|       m_axi|                     gmem_q|       pointer|
|m_axi_gmem_q_WREADY               |   in|    1|       m_axi|                     gmem_q|       pointer|
|m_axi_gmem_q_WDATA                |  out|  512|       m_axi|                     gmem_q|       pointer|
|m_axi_gmem_q_WSTRB                |  out|   64|       m_axi|                     gmem_q|       pointer|
|m_axi_gmem_q_WLAST                |  out|    1|       m_axi|                     gmem_q|       pointer|
|m_axi_gmem_q_WID                  |  out|    1|       m_axi|                     gmem_q|       pointer|
|m_axi_gmem_q_WUSER                |  out|    1|       m_axi|                     gmem_q|       pointer|
|m_axi_gmem_q_ARVALID              |  out|    1|       m_axi|                     gmem_q|       pointer|
|m_axi_gmem_q_ARREADY              |   in|    1|       m_axi|                     gmem_q|       pointer|
|m_axi_gmem_q_ARADDR               |  out|   64|       m_axi|                     gmem_q|       pointer|
|m_axi_gmem_q_ARID                 |  out|    1|       m_axi|                     gmem_q|       pointer|
|m_axi_gmem_q_ARLEN                |  out|    8|       m_axi|                     gmem_q|       pointer|
|m_axi_gmem_q_ARSIZE               |  out|    3|       m_axi|                     gmem_q|       pointer|
|m_axi_gmem_q_ARBURST              |  out|    2|       m_axi|                     gmem_q|       pointer|
|m_axi_gmem_q_ARLOCK               |  out|    2|       m_axi|                     gmem_q|       pointer|
|m_axi_gmem_q_ARCACHE              |  out|    4|       m_axi|                     gmem_q|       pointer|
|m_axi_gmem_q_ARPROT               |  out|    3|       m_axi|                     gmem_q|       pointer|
|m_axi_gmem_q_ARQOS                |  out|    4|       m_axi|                     gmem_q|       pointer|
|m_axi_gmem_q_ARREGION             |  out|    4|       m_axi|                     gmem_q|       pointer|
|m_axi_gmem_q_ARUSER               |  out|    1|       m_axi|                     gmem_q|       pointer|
|m_axi_gmem_q_RVALID               |   in|    1|       m_axi|                     gmem_q|       pointer|
|m_axi_gmem_q_RREADY               |  out|    1|       m_axi|                     gmem_q|       pointer|
|m_axi_gmem_q_RDATA                |   in|  512|       m_axi|                     gmem_q|       pointer|
|m_axi_gmem_q_RLAST                |   in|    1|       m_axi|                     gmem_q|       pointer|
|m_axi_gmem_q_RID                  |   in|    1|       m_axi|                     gmem_q|       pointer|
|m_axi_gmem_q_RUSER                |   in|    1|       m_axi|                     gmem_q|       pointer|
|m_axi_gmem_q_RRESP                |   in|    2|       m_axi|                     gmem_q|       pointer|
|m_axi_gmem_q_BVALID               |   in|    1|       m_axi|                     gmem_q|       pointer|
|m_axi_gmem_q_BREADY               |  out|    1|       m_axi|                     gmem_q|       pointer|
|m_axi_gmem_q_BRESP                |   in|    2|       m_axi|                     gmem_q|       pointer|
|m_axi_gmem_q_BID                  |   in|    1|       m_axi|                     gmem_q|       pointer|
|m_axi_gmem_q_BUSER                |   in|    1|       m_axi|                     gmem_q|       pointer|
|m_axi_gmem_k_AWVALID              |  out|    1|       m_axi|                     gmem_k|       pointer|
|m_axi_gmem_k_AWREADY              |   in|    1|       m_axi|                     gmem_k|       pointer|
|m_axi_gmem_k_AWADDR               |  out|   64|       m_axi|                     gmem_k|       pointer|
|m_axi_gmem_k_AWID                 |  out|    1|       m_axi|                     gmem_k|       pointer|
|m_axi_gmem_k_AWLEN                |  out|    8|       m_axi|                     gmem_k|       pointer|
|m_axi_gmem_k_AWSIZE               |  out|    3|       m_axi|                     gmem_k|       pointer|
|m_axi_gmem_k_AWBURST              |  out|    2|       m_axi|                     gmem_k|       pointer|
|m_axi_gmem_k_AWLOCK               |  out|    2|       m_axi|                     gmem_k|       pointer|
|m_axi_gmem_k_AWCACHE              |  out|    4|       m_axi|                     gmem_k|       pointer|
|m_axi_gmem_k_AWPROT               |  out|    3|       m_axi|                     gmem_k|       pointer|
|m_axi_gmem_k_AWQOS                |  out|    4|       m_axi|                     gmem_k|       pointer|
|m_axi_gmem_k_AWREGION             |  out|    4|       m_axi|                     gmem_k|       pointer|
|m_axi_gmem_k_AWUSER               |  out|    1|       m_axi|                     gmem_k|       pointer|
|m_axi_gmem_k_WVALID               |  out|    1|       m_axi|                     gmem_k|       pointer|
|m_axi_gmem_k_WREADY               |   in|    1|       m_axi|                     gmem_k|       pointer|
|m_axi_gmem_k_WDATA                |  out|  512|       m_axi|                     gmem_k|       pointer|
|m_axi_gmem_k_WSTRB                |  out|   64|       m_axi|                     gmem_k|       pointer|
|m_axi_gmem_k_WLAST                |  out|    1|       m_axi|                     gmem_k|       pointer|
|m_axi_gmem_k_WID                  |  out|    1|       m_axi|                     gmem_k|       pointer|
|m_axi_gmem_k_WUSER                |  out|    1|       m_axi|                     gmem_k|       pointer|
|m_axi_gmem_k_ARVALID              |  out|    1|       m_axi|                     gmem_k|       pointer|
|m_axi_gmem_k_ARREADY              |   in|    1|       m_axi|                     gmem_k|       pointer|
|m_axi_gmem_k_ARADDR               |  out|   64|       m_axi|                     gmem_k|       pointer|
|m_axi_gmem_k_ARID                 |  out|    1|       m_axi|                     gmem_k|       pointer|
|m_axi_gmem_k_ARLEN                |  out|    8|       m_axi|                     gmem_k|       pointer|
|m_axi_gmem_k_ARSIZE               |  out|    3|       m_axi|                     gmem_k|       pointer|
|m_axi_gmem_k_ARBURST              |  out|    2|       m_axi|                     gmem_k|       pointer|
|m_axi_gmem_k_ARLOCK               |  out|    2|       m_axi|                     gmem_k|       pointer|
|m_axi_gmem_k_ARCACHE              |  out|    4|       m_axi|                     gmem_k|       pointer|
|m_axi_gmem_k_ARPROT               |  out|    3|       m_axi|                     gmem_k|       pointer|
|m_axi_gmem_k_ARQOS                |  out|    4|       m_axi|                     gmem_k|       pointer|
|m_axi_gmem_k_ARREGION             |  out|    4|       m_axi|                     gmem_k|       pointer|
|m_axi_gmem_k_ARUSER               |  out|    1|       m_axi|                     gmem_k|       pointer|
|m_axi_gmem_k_RVALID               |   in|    1|       m_axi|                     gmem_k|       pointer|
|m_axi_gmem_k_RREADY               |  out|    1|       m_axi|                     gmem_k|       pointer|
|m_axi_gmem_k_RDATA                |   in|  512|       m_axi|                     gmem_k|       pointer|
|m_axi_gmem_k_RLAST                |   in|    1|       m_axi|                     gmem_k|       pointer|
|m_axi_gmem_k_RID                  |   in|    1|       m_axi|                     gmem_k|       pointer|
|m_axi_gmem_k_RUSER                |   in|    1|       m_axi|                     gmem_k|       pointer|
|m_axi_gmem_k_RRESP                |   in|    2|       m_axi|                     gmem_k|       pointer|
|m_axi_gmem_k_BVALID               |   in|    1|       m_axi|                     gmem_k|       pointer|
|m_axi_gmem_k_BREADY               |  out|    1|       m_axi|                     gmem_k|       pointer|
|m_axi_gmem_k_BRESP                |   in|    2|       m_axi|                     gmem_k|       pointer|
|m_axi_gmem_k_BID                  |   in|    1|       m_axi|                     gmem_k|       pointer|
|m_axi_gmem_k_BUSER                |   in|    1|       m_axi|                     gmem_k|       pointer|
|m_axi_gmem_v_AWVALID              |  out|    1|       m_axi|                     gmem_v|       pointer|
|m_axi_gmem_v_AWREADY              |   in|    1|       m_axi|                     gmem_v|       pointer|
|m_axi_gmem_v_AWADDR               |  out|   64|       m_axi|                     gmem_v|       pointer|
|m_axi_gmem_v_AWID                 |  out|    1|       m_axi|                     gmem_v|       pointer|
|m_axi_gmem_v_AWLEN                |  out|    8|       m_axi|                     gmem_v|       pointer|
|m_axi_gmem_v_AWSIZE               |  out|    3|       m_axi|                     gmem_v|       pointer|
|m_axi_gmem_v_AWBURST              |  out|    2|       m_axi|                     gmem_v|       pointer|
|m_axi_gmem_v_AWLOCK               |  out|    2|       m_axi|                     gmem_v|       pointer|
|m_axi_gmem_v_AWCACHE              |  out|    4|       m_axi|                     gmem_v|       pointer|
|m_axi_gmem_v_AWPROT               |  out|    3|       m_axi|                     gmem_v|       pointer|
|m_axi_gmem_v_AWQOS                |  out|    4|       m_axi|                     gmem_v|       pointer|
|m_axi_gmem_v_AWREGION             |  out|    4|       m_axi|                     gmem_v|       pointer|
|m_axi_gmem_v_AWUSER               |  out|    1|       m_axi|                     gmem_v|       pointer|
|m_axi_gmem_v_WVALID               |  out|    1|       m_axi|                     gmem_v|       pointer|
|m_axi_gmem_v_WREADY               |   in|    1|       m_axi|                     gmem_v|       pointer|
|m_axi_gmem_v_WDATA                |  out|  512|       m_axi|                     gmem_v|       pointer|
|m_axi_gmem_v_WSTRB                |  out|   64|       m_axi|                     gmem_v|       pointer|
|m_axi_gmem_v_WLAST                |  out|    1|       m_axi|                     gmem_v|       pointer|
|m_axi_gmem_v_WID                  |  out|    1|       m_axi|                     gmem_v|       pointer|
|m_axi_gmem_v_WUSER                |  out|    1|       m_axi|                     gmem_v|       pointer|
|m_axi_gmem_v_ARVALID              |  out|    1|       m_axi|                     gmem_v|       pointer|
|m_axi_gmem_v_ARREADY              |   in|    1|       m_axi|                     gmem_v|       pointer|
|m_axi_gmem_v_ARADDR               |  out|   64|       m_axi|                     gmem_v|       pointer|
|m_axi_gmem_v_ARID                 |  out|    1|       m_axi|                     gmem_v|       pointer|
|m_axi_gmem_v_ARLEN                |  out|    8|       m_axi|                     gmem_v|       pointer|
|m_axi_gmem_v_ARSIZE               |  out|    3|       m_axi|                     gmem_v|       pointer|
|m_axi_gmem_v_ARBURST              |  out|    2|       m_axi|                     gmem_v|       pointer|
|m_axi_gmem_v_ARLOCK               |  out|    2|       m_axi|                     gmem_v|       pointer|
|m_axi_gmem_v_ARCACHE              |  out|    4|       m_axi|                     gmem_v|       pointer|
|m_axi_gmem_v_ARPROT               |  out|    3|       m_axi|                     gmem_v|       pointer|
|m_axi_gmem_v_ARQOS                |  out|    4|       m_axi|                     gmem_v|       pointer|
|m_axi_gmem_v_ARREGION             |  out|    4|       m_axi|                     gmem_v|       pointer|
|m_axi_gmem_v_ARUSER               |  out|    1|       m_axi|                     gmem_v|       pointer|
|m_axi_gmem_v_RVALID               |   in|    1|       m_axi|                     gmem_v|       pointer|
|m_axi_gmem_v_RREADY               |  out|    1|       m_axi|                     gmem_v|       pointer|
|m_axi_gmem_v_RDATA                |   in|  512|       m_axi|                     gmem_v|       pointer|
|m_axi_gmem_v_RLAST                |   in|    1|       m_axi|                     gmem_v|       pointer|
|m_axi_gmem_v_RID                  |   in|    1|       m_axi|                     gmem_v|       pointer|
|m_axi_gmem_v_RUSER                |   in|    1|       m_axi|                     gmem_v|       pointer|
|m_axi_gmem_v_RRESP                |   in|    2|       m_axi|                     gmem_v|       pointer|
|m_axi_gmem_v_BVALID               |   in|    1|       m_axi|                     gmem_v|       pointer|
|m_axi_gmem_v_BREADY               |  out|    1|       m_axi|                     gmem_v|       pointer|
|m_axi_gmem_v_BRESP                |   in|    2|       m_axi|                     gmem_v|       pointer|
|m_axi_gmem_v_BID                  |   in|    1|       m_axi|                     gmem_v|       pointer|
|m_axi_gmem_v_BUSER                |   in|    1|       m_axi|                     gmem_v|       pointer|
|next_hidden_stream_TDATA          |   in|  512|        axis|         next_hidden_stream|       pointer|
|next_hidden_stream_TVALID         |   in|    1|        axis|         next_hidden_stream|       pointer|
|next_hidden_stream_TREADY         |  out|    1|        axis|         next_hidden_stream|       pointer|
|attention_residual_stream_TDATA   |  out|  512|        axis|  attention_residual_stream|       pointer|
|attention_residual_stream_TVALID  |  out|    1|        axis|  attention_residual_stream|       pointer|
|attention_residual_stream_TREADY  |   in|    1|        axis|  attention_residual_stream|       pointer|
|q_stream_TDATA                    |  out|  512|        axis|                   q_stream|       pointer|
|q_stream_TVALID                   |  out|    1|        axis|                   q_stream|       pointer|
|q_stream_TREADY                   |   in|    1|        axis|                   q_stream|       pointer|
|k_stream_TDATA                    |  out|  512|        axis|                   k_stream|       pointer|
|k_stream_TVALID                   |  out|    1|        axis|                   k_stream|       pointer|
|k_stream_TREADY                   |   in|    1|        axis|                   k_stream|       pointer|
|v_stream_TDATA                    |  out|  512|        axis|                   v_stream|       pointer|
|v_stream_TVALID                   |  out|    1|        axis|                   v_stream|       pointer|
|v_stream_TREADY                   |   in|    1|        axis|                   v_stream|       pointer|
+----------------------------------+-----+-----+------------+---------------------------+--------------+

