

================================================================
== Vitis HLS Report for 'load_hidden_feedback_stream'
================================================================
* Date:           Wed Jul 15 11:45:49 2026

* Version:        2022.1 (Build 3526262 on Mon Apr 18 15:47:01 MDT 2022)
* Project:        proj_bert_qkv_12layer_kernel
* Solution:       solution1 (Vivado IP Flow Target)
* Product family: virtexuplus
* Target device:  xcu250-figd2104-2L-e


================================================================
== Performance Estimates
================================================================
+ Timing: 
    * Summary: 
    +--------+---------+----------+------------+
    |  Clock |  Target | Estimated| Uncertainty|
    +--------+---------+----------+------------+
    |ap_clk  |  3.33 ns|  2.005 ns|     0.90 ns|
    +--------+---------+----------+------------+

+ Latency: 
    * Summary: 
    +---------+---------+-----------+-----------+-------+-------+---------+
    |  Latency (cycles) |   Latency (absolute)  |    Interval   | Pipeline|
    |   min   |   max   |    min    |    max    |  min  |  max  |   Type  |
    +---------+---------+-----------+-----------+-------+-------+---------+
    |    12291|    12291|  40.966 us|  40.966 us|  12291|  12291|       no|
    +---------+---------+-----------+-----------+-------+-------+---------+

    + Detail: 
        * Instance: 
        N/A

        * Loop: 
        +--------------------------------------------------+---------+---------+----------+-----------+-----------+------+----------+
        |                                                  |  Latency (cycles) | Iteration|  Initiation Interval  | Trip |          |
        |                     Loop Name                    |   min   |   max   |  Latency |  achieved |   target  | Count| Pipelined|
        +--------------------------------------------------+---------+---------+----------+-----------+-----------+------+----------+
        |- FULL_LOAD_FEEDBACK_ROW_FULL_LOAD_FEEDBACK_PACK  |    12289|    12289|         4|          2|          1|  6144|       yes|
        +--------------------------------------------------+---------+---------+----------+-----------+-----------+------+----------+



================================================================
== Utilization Estimates
================================================================
* Summary: 
+---------------------+---------+-------+---------+---------+------+
|         Name        | BRAM_18K|  DSP  |    FF   |   LUT   | URAM |
+---------------------+---------+-------+---------+---------+------+
|DSP                  |        -|      -|        -|        -|     -|
|Expression           |        -|      -|        0|      160|     -|
|FIFO                 |        -|      -|        -|        -|     -|
|Instance             |        -|      -|        -|        -|     -|
|Memory               |        -|      -|        -|        -|     -|
|Multiplexer          |        -|      -|        -|      132|     -|
|Register             |        -|      -|      586|        -|     -|
+---------------------+---------+-------+---------+---------+------+
|Total                |        0|      0|      586|      292|     0|
+---------------------+---------+-------+---------+---------+------+
|Available SLR        |     1344|   3072|   864000|   432000|   320|
+---------------------+---------+-------+---------+---------+------+
|Utilization SLR (%)  |        0|      0|       ~0|       ~0|     0|
+---------------------+---------+-------+---------+---------+------+
|Available            |     5376|  12288|  3456000|  1728000|  1280|
+---------------------+---------+-------+---------+---------+------+
|Utilization (%)      |        0|      0|       ~0|       ~0|     0|
+---------------------+---------+-------+---------+---------+------+

+ Detail: 
    * Instance: 
    N/A

    * DSP: 
    N/A

    * Memory: 
    N/A

    * FIFO: 
    N/A

    * Expression: 
    +----------------------------------+----------+----+---+----+------------+------------+
    |           Variable Name          | Operation| DSP| FF| LUT| Bitwidth P0| Bitwidth P1|
    +----------------------------------+----------+----+---+----+------------+------------+
    |add_ln435_1_fu_145_p2             |         +|   0|  0|  20|          13|           1|
    |add_ln435_fu_157_p2               |         +|   0|  0|  15|           8|           1|
    |add_ln437_fu_215_p2               |         +|   0|  0|  13|           6|           1|
    |add_ln445_1_fu_266_p2             |         +|   0|  0|  21|          14|          14|
    |add_ln445_fu_247_p2               |         +|   0|  0|  21|          14|          14|
    |sub_ln445_fu_209_p2               |         -|   0|  0|  21|          14|          14|
    |ap_block_pp0_stage1_11001         |       and|   0|  0|   2|           1|           1|
    |ap_block_state2_pp0_stage1_iter0  |       and|   0|  0|   2|           1|           1|
    |icmp_ln435_fu_139_p2              |      icmp|   0|  0|  12|          13|          13|
    |icmp_ln437_fu_163_p2              |      icmp|   0|  0|  10|           6|           6|
    |or_ln445_fu_256_p2                |        or|   0|  0|   7|           7|           1|
    |select_ln435_1_fu_177_p3          |    select|   0|  0|   8|           1|           8|
    |select_ln435_fu_169_p3            |    select|   0|  0|   6|           1|           1|
    |ap_enable_pp0                     |       xor|   0|  0|   2|           1|           2|
    +----------------------------------+----------+----+---+----+------------+------------+
    |Total                             |          |   0|  0| 160|         100|          78|
    +----------------------------------+----------+----+---+----+------------+------------+

    * Multiplexer: 
    +--------------------------------------+----+-----------+-----+-----------+
    |                 Name                 | LUT| Input Size| Bits| Total Bits|
    +--------------------------------------+----+-----------+-----+-----------+
    |ap_NS_fsm                             |  14|          3|    1|          3|
    |ap_done_int                           |   9|          2|    1|          2|
    |ap_enable_reg_pp0_iter0               |   9|          2|    1|          2|
    |ap_enable_reg_pp0_iter1               |   9|          2|    1|          2|
    |ap_sig_allocacmp_indvar_flatten_load  |   9|          2|   13|         26|
    |ap_sig_allocacmp_p_load               |   9|          2|    6|         12|
    |ap_sig_allocacmp_s_load               |   9|          2|    8|         16|
    |hidden_address1                       |  14|          3|   14|         42|
    |hidden_d1                             |  14|          3|  256|        768|
    |indvar_flatten_fu_86                  |   9|          2|   13|         26|
    |next_hidden_stream_TDATA_blk_n        |   9|          2|    1|          2|
    |p_fu_78                               |   9|          2|    6|         12|
    |s_fu_82                               |   9|          2|    8|         16|
    +--------------------------------------+----+-----------+-----+-----------+
    |Total                                 | 132|         29|  329|        929|
    +--------------------------------------+----+-----------+-----+-----------+

    * Register: 
    +-----------------------------+-----+----+-----+-----------+
    |             Name            |  FF | LUT| Bits| Const Bits|
    +-----------------------------+-----+----+-----+-----------+
    |add_ln445_1_reg_335          |   13|   0|   14|          1|
    |add_ln445_reg_325            |   13|   0|   14|          1|
    |ap_CS_fsm                    |    2|   0|    2|          0|
    |ap_done_reg                  |    1|   0|    1|          0|
    |ap_enable_reg_pp0_iter0_reg  |    1|   0|    1|          0|
    |ap_enable_reg_pp0_iter1      |    1|   0|    1|          0|
    |icmp_ln435_reg_310           |    1|   0|    1|          0|
    |indvar_flatten_fu_86         |   13|   0|   13|          0|
    |p_fu_78                      |    6|   0|    6|          0|
    |s_fu_82                      |    8|   0|    8|          0|
    |select_ln435_reg_314         |    6|   0|    6|          0|
    |sub_ln445_reg_319            |    9|   0|   14|          5|
    |tmp_211_reg_340              |  256|   0|  256|          0|
    |trunc_ln445_1_reg_330        |  256|   0|  256|          0|
    +-----------------------------+-----+----+-----+-----------+
    |Total                        |  586|   0|  593|          7|
    +-----------------------------+-----+----+-----+-----------+



================================================================
== Interface
================================================================
* Summary: 
+---------------------------+-----+-----+------------+-----------------------------+--------------+
|         RTL Ports         | Dir | Bits|  Protocol  |        Source Object        |    C Type    |
+---------------------------+-----+-----+------------+-----------------------------+--------------+
|ap_clk                     |   in|    1|  ap_ctrl_hs|  load_hidden_feedback_stream|  return value|
|ap_rst                     |   in|    1|  ap_ctrl_hs|  load_hidden_feedback_stream|  return value|
|ap_start                   |   in|    1|  ap_ctrl_hs|  load_hidden_feedback_stream|  return value|
|ap_done                    |  out|    1|  ap_ctrl_hs|  load_hidden_feedback_stream|  return value|
|ap_idle                    |  out|    1|  ap_ctrl_hs|  load_hidden_feedback_stream|  return value|
|ap_ready                   |  out|    1|  ap_ctrl_hs|  load_hidden_feedback_stream|  return value|
|next_hidden_stream_TVALID  |   in|    1|        axis|           next_hidden_stream|       pointer|
|next_hidden_stream_TDATA   |   in|  512|        axis|           next_hidden_stream|       pointer|
|next_hidden_stream_TREADY  |  out|    1|        axis|           next_hidden_stream|       pointer|
|hidden_address1            |  out|   14|   ap_memory|                       hidden|         array|
|hidden_ce1                 |  out|    1|   ap_memory|                       hidden|         array|
|hidden_we1                 |  out|    1|   ap_memory|                       hidden|         array|
|hidden_d1                  |  out|  256|   ap_memory|                       hidden|         array|
+---------------------------+-----+-----+------------+-----------------------------+--------------+

