

================================================================
== Vitis HLS Report for 'write_attention_residual_stream'
================================================================
* Date:           Wed Jul 15 11:45:49 2026

* Version:        2022.1 (Build 3526262 on Mon Apr 18 15:47:01 MDT 2022)
* Project:        proj_bert_qkv_12layer_kernel
* Solution:       solution1 (Vivado IP Flow Target)
* Product family: virtexuplus
* Target device:  xcu250-figd2104-2L-e


================================================================
== Performance Estimates
================================================================
+ Timing: 
    * Summary: 
    +--------+---------+----------+------------+
    |  Clock |  Target | Estimated| Uncertainty|
    +--------+---------+----------+------------+
    |ap_clk  |  3.33 ns|  2.005 ns|     0.90 ns|
    +--------+---------+----------+------------+

+ Latency: 
    * Summary: 
    +---------+---------+-----------+-----------+------+------+---------+
    |  Latency (cycles) |   Latency (absolute)  |   Interval  | Pipeline|
    |   min   |   max   |    min    |    max    |  min |  max |   Type  |
    +---------+---------+-----------+-----------+------+------+---------+
    |     6148|     6148|  20.491 us|  20.491 us|  6148|  6148|       no|
    +---------+---------+-----------+-----------+------+------+---------+

    + Detail: 
        * Instance: 
        N/A

        * Loop: 
        +----------------------------------------------------+---------+---------+----------+-----------+-----------+------+----------+
        |                                                    |  Latency (cycles) | Iteration|  Initiation Interval  | Trip |          |
        |                      Loop Name                     |   min   |   max   |  Latency |  achieved |   target  | Count| Pipelined|
        +----------------------------------------------------+---------+---------+----------+-----------+-----------+------+----------+
        |- FULL_WRITE_RESIDUAL_ROW_FULL_WRITE_RESIDUAL_PACK  |     6146|     6146|         4|          1|          1|  6144|       yes|
        +----------------------------------------------------+---------+---------+----------+-----------+-----------+------+----------+



================================================================
== Utilization Estimates
================================================================
* Summary: 
+---------------------+---------+-------+---------+---------+------+
|         Name        | BRAM_18K|  DSP  |    FF   |   LUT   | URAM |
+---------------------+---------+-------+---------+---------+------+
|DSP                  |        -|      -|        -|        -|     -|
|Expression           |        -|      -|        0|      158|     -|
|FIFO                 |        -|      -|        -|        -|     -|
|Instance             |        -|      -|        -|        -|     -|
|Memory               |        -|      -|        -|        -|     -|
|Multiplexer          |        -|      -|        -|       81|     -|
|Register             |        -|      -|       75|        -|     -|
+---------------------+---------+-------+---------+---------+------+
|Total                |        0|      0|       75|      239|     0|
+---------------------+---------+-------+---------+---------+------+
|Available SLR        |     1344|   3072|   864000|   432000|   320|
+---------------------+---------+-------+---------+---------+------+
|Utilization SLR (%)  |        0|      0|       ~0|       ~0|     0|
+---------------------+---------+-------+---------+---------+------+
|Available            |     5376|  12288|  3456000|  1728000|  1280|
+---------------------+---------+-------+---------+---------+------+
|Utilization (%)      |        0|      0|       ~0|       ~0|     0|
+---------------------+---------+-------+---------+---------+------+

+ Detail: 
    * Instance: 
    N/A

    * DSP: 
    N/A

    * Memory: 
    N/A

    * FIFO: 
    N/A

    * Expression: 
    +---------------------------+----------+----+---+----+------------+------------+
    |       Variable Name       | Operation| DSP| FF| LUT| Bitwidth P0| Bitwidth P1|
    +---------------------------+----------+----+---+----+------------+------------+
    |add_ln457_1_fu_142_p2      |         +|   0|  0|  20|          13|           1|
    |add_ln457_fu_154_p2        |         +|   0|  0|  15|           8|           1|
    |add_ln459_fu_212_p2        |         +|   0|  0|  13|           6|           1|
    |add_ln466_1_fu_259_p2      |         +|   0|  0|  21|          14|          14|
    |add_ln466_fu_244_p2        |         +|   0|  0|  21|          14|          14|
    |sub_ln466_fu_206_p2        |         -|   0|  0|  21|          14|          14|
    |ap_block_pp0_stage0_01001  |       and|   0|  0|   2|           1|           1|
    |icmp_ln457_fu_136_p2       |      icmp|   0|  0|  12|          13|          13|
    |icmp_ln459_fu_160_p2       |      icmp|   0|  0|  10|           6|           6|
    |or_ln466_fu_249_p2         |        or|   0|  0|   7|           7|           1|
    |select_ln457_1_fu_174_p3   |    select|   0|  0|   8|           1|           8|
    |select_ln457_fu_166_p3     |    select|   0|  0|   6|           1|           1|
    |ap_enable_pp0              |       xor|   0|  0|   2|           1|           2|
    +---------------------------+----------+----+---+----+------------+------------+
    |Total                      |          |   0|  0| 158|          99|          77|
    +---------------------------+----------+----+---+----+------------+------------+

    * Multiplexer: 
    +---------------------------------------+----+-----------+-----+-----------+
    |                  Name                 | LUT| Input Size| Bits| Total Bits|
    +---------------------------------------+----+-----------+-----+-----------+
    |ap_done_int                            |   9|          2|    1|          2|
    |ap_enable_reg_pp0_iter1                |   9|          2|    1|          2|
    |ap_sig_allocacmp_indvar_flatten_load   |   9|          2|   13|         26|
    |ap_sig_allocacmp_p_load                |   9|          2|    6|         12|
    |ap_sig_allocacmp_s_load                |   9|          2|    8|         16|
    |attention_residual_stream_TDATA_blk_n  |   9|          2|    1|          2|
    |indvar_flatten_fu_82                   |   9|          2|   13|         26|
    |p_fu_74                                |   9|          2|    6|         12|
    |s_fu_78                                |   9|          2|    8|         16|
    +---------------------------------------+----+-----------+-----+-----------+
    |Total                                  |  81|         18|   57|        114|
    +---------------------------------------+----+-----------+-----+-----------+

    * Register: 
    +----------------------------------+----+----+-----+-----------+
    |               Name               | FF | LUT| Bits| Const Bits|
    +----------------------------------+----+----+-----+-----------+
    |add_ln466_1_reg_322               |  13|   0|   14|          1|
    |add_ln466_reg_317                 |  13|   0|   14|          1|
    |ap_CS_fsm                         |   1|   0|    1|          0|
    |ap_done_reg                       |   1|   0|    1|          0|
    |ap_enable_reg_pp0_iter1           |   1|   0|    1|          0|
    |ap_enable_reg_pp0_iter2           |   1|   0|    1|          0|
    |ap_enable_reg_pp0_iter3           |   1|   0|    1|          0|
    |ap_loop_exit_ready_pp0_iter1_reg  |   1|   0|    1|          0|
    |ap_loop_exit_ready_pp0_iter2_reg  |   1|   0|    1|          0|
    |indvar_flatten_fu_82              |  13|   0|   13|          0|
    |p_fu_74                           |   6|   0|    6|          0|
    |s_fu_78                           |   8|   0|    8|          0|
    |select_ln457_reg_306              |   6|   0|    6|          0|
    |sub_ln466_reg_311                 |   9|   0|   14|          5|
    +----------------------------------+----+----+-----+-----------+
    |Total                             |  75|   0|   82|          7|
    +----------------------------------+----+----+-----+-----------+



================================================================
== Interface
================================================================
* Summary: 
+----------------------------------+-----+-----+------------+---------------------------------+--------------+
|             RTL Ports            | Dir | Bits|  Protocol  |          Source Object          |    C Type    |
+----------------------------------+-----+-----+------------+---------------------------------+--------------+
|ap_clk                            |   in|    1|  ap_ctrl_hs|  write_attention_residual_stream|  return value|
|ap_rst                            |   in|    1|  ap_ctrl_hs|  write_attention_residual_stream|  return value|
|ap_start                          |   in|    1|  ap_ctrl_hs|  write_attention_residual_stream|  return value|
|ap_done                           |  out|    1|  ap_ctrl_hs|  write_attention_residual_stream|  return value|
|ap_idle                           |  out|    1|  ap_ctrl_hs|  write_attention_residual_stream|  return value|
|ap_ready                          |  out|    1|  ap_ctrl_hs|  write_attention_residual_stream|  return value|
|attention_residual_stream_TREADY  |   in|    1|        axis|        attention_residual_stream|       pointer|
|attention_residual_stream_TDATA   |  out|  512|        axis|        attention_residual_stream|       pointer|
|attention_residual_stream_TVALID  |  out|    1|        axis|        attention_residual_stream|       pointer|
|hidden_address0                   |  out|   14|   ap_memory|                           hidden|         array|
|hidden_ce0                        |  out|    1|   ap_memory|                           hidden|         array|
|hidden_q0                         |   in|  256|   ap_memory|                           hidden|         array|
|hidden_address1                   |  out|   14|   ap_memory|                           hidden|         array|
|hidden_ce1                        |  out|    1|   ap_memory|                           hidden|         array|
|hidden_q1                         |   in|  256|   ap_memory|                           hidden|         array|
+----------------------------------+-----+-----+------------+---------------------------------+--------------+

